[0.407s] Invoking command in '/home/brown/Projects/MiningRobot/ros2_workspace/build/aurora_core': CMAKE_PREFIX_PATH=/home/brown/Projects/MiningRobot/ros2_workspace/install/ros2_ouster:/home/brown/Projects/MiningRobot/ros2_workspace/install/pcl_conversions:/home/brown/Projects/MiningRobot/ros2_workspace/install/pcl_msgs:/home/brown/Projects/MiningRobot/ros2_workspace/install/ouster_msgs:/home/brown/Projects/MiningRobot/ros2_workspace/install/aurora_core:/home/brown/Projects/MiningRobot/ros2_workspace/install/perception_pcl:/home/brown/Projects/MiningRobot/ros2_workspace/install/pcl_ros:/opt/ros/humble LD_LIBRARY_PATH=/home/brown/Projects/MiningRobot/ros2_workspace/install/ros2_ouster/lib:/home/brown/Projects/MiningRobot/ros2_workspace/install/pcl_msgs/lib:/home/brown/Projects/MiningRobot/ros2_workspace/install/ouster_msgs/lib:/home/brown/Projects/MiningRobot/ros2_workspace/install/pcl_ros/lib:/opt/ros/humble/opt/yaml_cpp_vendor/lib:/opt/ros/humble/opt/rviz_ogre_vendor/lib:/opt/ros/humble/lib _=/usr/bin/env /usr/bin/cmake --build /home/brown/Projects/MiningRobot/ros2_workspace/build/aurora_core -- -j4 -l4
[0.645s] [ 50%] [32mBuilding CXX object CMakeFiles/aurora_node_core.dir/src/aurora_node_core.cpp.o[0m
[7.209s] [100%] [32m[1mLinking CXX executable aurora_node_core[0m
[9.476s] [100%] Built target aurora_node_core
[9.491s] Invoked command in '/home/brown/Projects/MiningRobot/ros2_workspace/build/aurora_core' returned '0': CMAKE_PREFIX_PATH=/home/brown/Projects/MiningRobot/ros2_workspace/install/ros2_ouster:/home/brown/Projects/MiningRobot/ros2_workspace/install/pcl_conversions:/home/brown/Projects/MiningRobot/ros2_workspace/install/pcl_msgs:/home/brown/Projects/MiningRobot/ros2_workspace/install/ouster_msgs:/home/brown/Projects/MiningRobot/ros2_workspace/install/aurora_core:/home/brown/Projects/MiningRobot/ros2_workspace/install/perception_pcl:/home/brown/Projects/MiningRobot/ros2_workspace/install/pcl_ros:/opt/ros/humble LD_LIBRARY_PATH=/home/brown/Projects/MiningRobot/ros2_workspace/install/ros2_ouster/lib:/home/brown/Projects/MiningRobot/ros2_workspace/install/pcl_msgs/lib:/home/brown/Projects/MiningRobot/ros2_workspace/install/ouster_msgs/lib:/home/brown/Projects/MiningRobot/ros2_workspace/install/pcl_ros/lib:/opt/ros/humble/opt/yaml_cpp_vendor/lib:/opt/ros/humble/opt/rviz_ogre_vendor/lib:/opt/ros/humble/lib _=/usr/bin/env /usr/bin/cmake --build /home/brown/Projects/MiningRobot/ros2_workspace/build/aurora_core -- -j4 -l4
[9.595s] Invoking command in '/home/brown/Projects/MiningRobot/ros2_workspace/build/aurora_core': CMAKE_PREFIX_PATH=/home/brown/Projects/MiningRobot/ros2_workspace/install/ros2_ouster:/home/brown/Projects/MiningRobot/ros2_workspace/install/pcl_conversions:/home/brown/Projects/MiningRobot/ros2_workspace/install/pcl_msgs:/home/brown/Projects/MiningRobot/ros2_workspace/install/ouster_msgs:/home/brown/Projects/MiningRobot/ros2_workspace/install/aurora_core:/home/brown/Projects/MiningRobot/ros2_workspace/install/perception_pcl:/home/brown/Projects/MiningRobot/ros2_workspace/install/pcl_ros:/opt/ros/humble LD_LIBRARY_PATH=/home/brown/Projects/MiningRobot/ros2_workspace/install/ros2_ouster/lib:/home/brown/Projects/MiningRobot/ros2_workspace/install/pcl_msgs/lib:/home/brown/Projects/MiningRobot/ros2_workspace/install/ouster_msgs/lib:/home/brown/Projects/MiningRobot/ros2_workspace/install/pcl_ros/lib:/opt/ros/humble/opt/yaml_cpp_vendor/lib:/opt/ros/humble/opt/rviz_ogre_vendor/lib:/opt/ros/humble/lib _=/usr/bin/env /usr/bin/cmake --install /home/brown/Projects/MiningRobot/ros2_workspace/build/aurora_core
[9.604s] -- Install configuration: ""
[9.605s] -- Installing: /home/brown/Projects/MiningRobot/ros2_workspace/install/aurora_core/lib/aurora_core/aurora_node_core
[9.607s] -- Set runtime path of "/home/brown/Projects/MiningRobot/ros2_workspace/install/aurora_core/lib/aurora_core/aurora_node_core" to ""
[9.607s] -- Up-to-date: /home/brown/Projects/MiningRobot/ros2_workspace/install/aurora_core/share/ament_index/resource_index/package_run_dependencies/aurora_core
[9.608s] -- Up-to-date: /home/brown/Projects/MiningRobot/ros2_workspace/install/aurora_core/share/ament_index/resource_index/parent_prefix_path/aurora_core
[9.608s] -- Up-to-date: /home/brown/Projects/MiningRobot/ros2_workspace/install/aurora_core/share/aurora_core/environment/ament_prefix_path.sh
[9.608s] -- Up-to-date: /home/brown/Projects/MiningRobot/ros2_workspace/install/aurora_core/share/aurora_core/environment/ament_prefix_path.dsv
[9.608s] -- Up-to-date: /home/brown/Projects/MiningRobot/ros2_workspace/install/aurora_core/share/aurora_core/environment/path.sh
[9.609s] -- Up-to-date: /home/brown/Projects/MiningRobot/ros2_workspace/install/aurora_core/share/aurora_core/environment/path.dsv
[9.609s] -- Up-to-date: /home/brown/Projects/MiningRobot/ros2_workspace/install/aurora_core/share/aurora_core/local_setup.bash
[9.609s] -- Up-to-date: /home/brown/Projects/MiningRobot/ros2_workspace/install/aurora_core/share/aurora_core/local_setup.sh
[9.609s] -- Up-to-date: /home/brown/Projects/MiningRobot/ros2_workspace/install/aurora_core/share/aurora_core/local_setup.zsh
[9.609s] -- Up-to-date: /home/brown/Projects/MiningRobot/ros2_workspace/install/aurora_core/share/aurora_core/local_setup.dsv
[9.609s] -- Installing: /home/brown/Projects/MiningRobot/ros2_workspace/install/aurora_core/share/aurora_core/package.dsv
[9.609s] -- Up-to-date: /home/brown/Projects/MiningRobot/ros2_workspace/install/aurora_core/share/ament_index/resource_index/packages/aurora_core
[9.609s] -- Up-to-date: /home/brown/Projects/MiningRobot/ros2_workspace/install/aurora_core/share/aurora_core/cmake/aurora_coreConfig.cmake
[9.610s] -- Up-to-date: /home/brown/Projects/MiningRobot/ros2_workspace/install/aurora_core/share/aurora_core/cmake/aurora_coreConfig-version.cmake
[9.610s] -- Up-to-date: /home/brown/Projects/MiningRobot/ros2_workspace/install/aurora_core/share/aurora_core/package.xml
[9.612s] Invoked command in '/home/brown/Projects/MiningRobot/ros2_workspace/build/aurora_core' returned '0': CMAKE_PREFIX_PATH=/home/brown/Projects/MiningRobot/ros2_workspace/install/ros2_ouster:/home/brown/Projects/MiningRobot/ros2_workspace/install/pcl_conversions:/home/brown/Projects/MiningRobot/ros2_workspace/install/pcl_msgs:/home/brown/Projects/MiningRobot/ros2_workspace/install/ouster_msgs:/home/brown/Projects/MiningRobot/ros2_workspace/install/aurora_core:/home/brown/Projects/MiningRobot/ros2_workspace/install/perception_pcl:/home/brown/Projects/MiningRobot/ros2_workspace/install/pcl_ros:/opt/ros/humble LD_LIBRARY_PATH=/home/brown/Projects/MiningRobot/ros2_workspace/install/ros2_ouster/lib:/home/brown/Projects/MiningRobot/ros2_workspace/install/pcl_msgs/lib:/home/brown/Projects/MiningRobot/ros2_workspace/install/ouster_msgs/lib:/home/brown/Projects/MiningRobot/ros2_workspace/install/pcl_ros/lib:/opt/ros/humble/opt/yaml_cpp_vendor/lib:/opt/ros/humble/opt/rviz_ogre_vendor/lib:/opt/ros/humble/lib _=/usr/bin/env /usr/bin/cmake --install /home/brown/Projects/MiningRobot/ros2_workspace/build/aurora_core
