[0.215s] Invoking command in '/home/brown/Projects/MiningRobot/ros2_workspace/build/pcl_ros': AMENT_PREFIX_PATH=/home/brown/Projects/MiningRobot/ros2_workspace/install/pcl_conversions:/home/brown/Projects/MiningRobot/ros2_workspace/install/pcl_msgs:${AMENT_PREFIX_PATH} CMAKE_PREFIX_PATH=/home/brown/Projects/MiningRobot/ros2_workspace/install/pcl_conversions:/home/brown/Projects/MiningRobot/ros2_workspace/install/pcl_msgs:${CMAKE_PREFIX_PATH} LD_LIBRARY_PATH=/home/brown/Projects/MiningRobot/ros2_workspace/install/pcl_msgs/lib:${LD_LIBRARY_PATH} PYTHONPATH=/home/brown/Projects/MiningRobot/ros2_workspace/install/pcl_msgs/lib/python3.11/site-packages:${PYTHONPATH} _=/usr/bin/env /usr/bin/cmake /home/brown/Projects/MiningRobot/ros2_workspace/src/perception_pcl/pcl_ros -DCMAKE_INSTALL_PREFIX=/home/brown/Projects/MiningRobot/ros2_workspace/install/pcl_ros
[0.318s] -- The C compiler identification is GNU 13.2.1
[0.469s] -- The CXX compiler identification is GNU 13.2.1
[0.505s] -- Detecting C compiler ABI info
[0.618s] -- Detecting C compiler ABI info - done
[0.634s] -- Check for working C compiler: /usr/bin/cc - skipped
[0.636s] -- Detecting C compile features
[0.637s] -- Detecting C compile features - done
[0.655s] -- Detecting CXX compiler ABI info
[0.846s] -- Detecting CXX compiler ABI info - done
[0.864s] -- Check for working CXX compiler: /usr/bin/c++ - skipped
[0.864s] -- Detecting CXX compile features
[0.866s] -- Detecting CXX compile features - done
[0.924s] [33mCMake Warning (dev) at /usr/share/pcl-1.13/PCLConfig.cmake:143 (find_package):
[0.924s]   Policy CMP0144 is not set: find_package uses upper-case <PACKAGENAME>_ROOT
[0.924s]   variables.  Run "cmake --help-policy CMP0144" for policy details.  Use the
[0.924s]   cmake_policy command to set the policy and suppress this warning.
[0.924s] 
[0.924s]   CMake variable EIGEN_ROOT is set to:
[0.925s] 
[0.925s]     /usr/include/eigen3
[0.925s] 
[0.925s]   For compatibility, find_package is ignoring the variable, but code in a
[0.925s]   .cmake module might still use it.
[0.925s] Call Stack (most recent call first):
[0.925s]   /usr/share/pcl-1.13/PCLConfig.cmake:296 (find_eigen)
[0.926s]   /usr/share/pcl-1.13/PCLConfig.cmake:549 (find_external_library)
[0.926s]   CMakeLists.txt:13 (find_package)
[0.926s] This warning is for project developers.  Use -Wno-dev to suppress it.
[0.926s] [0m
[0.930s] -- Checking for module 'eigen3'
[0.945s] --   Found eigen3, version 3.4.0
[0.979s] -- Found Eigen: /usr/include/eigen3 (Required is at least version "3.3") 
[0.979s] -- Eigen found (include: /usr/include/eigen3, version: 3.4.0)
[1.031s] [33mCMake Warning (dev) at /usr/share/pcl-1.13/Modules/FindFLANN.cmake:45 (find_package):
[1.031s]   Policy CMP0144 is not set: find_package uses upper-case <PACKAGENAME>_ROOT
[1.032s]   variables.  Run "cmake --help-policy CMP0144" for policy details.  Use the
[1.032s]   cmake_policy command to set the policy and suppress this warning.
[1.032s] 
[1.032s]   CMake variable FLANN_ROOT is set to:
[1.032s] 
[1.032s]     /usr
[1.033s] 
[1.033s]   For compatibility, find_package is ignoring the variable, but code in a
[1.033s]   .cmake module might still use it.
[1.033s] Call Stack (most recent call first):
[1.033s]   /usr/share/pcl-1.13/PCLConfig.cmake:253 (find_package)
[1.033s]   /usr/share/pcl-1.13/PCLConfig.cmake:298 (find_flann)
[1.034s]   /usr/share/pcl-1.13/PCLConfig.cmake:549 (find_external_library)
[1.034s]   CMakeLists.txt:13 (find_package)
[1.034s] This warning is for project developers.  Use -Wno-dev to suppress it.
[1.034s] [0m
[1.036s] -- Found flann version 1.9.2
[1.660s] -- Performing Test CMAKE_HAVE_LIBC_PTHREAD
[1.804s] -- Performing Test CMAKE_HAVE_LIBC_PTHREAD - Success
[1.806s] -- Found Threads: TRUE  
[2.196s] -- Found MPI_C: /usr/lib/libmpi.so (found version "3.1") 
[5.904s] -- Found MPI_CXX: /usr/lib/libmpi_cxx.so (found version "3.1") 
[5.905s] -- Found MPI: TRUE (found version "3.1")  
[8.550s] -- Found Pcap: /usr/lib/libpcap.so  
[8.585s] -- Found ZLIB: /usr/lib/libz.so (found version "1.3")  
[8.624s] -- Found PNG: /usr/lib/libpng.so (found version "1.6.40") 
[9.220s] -- Checking for module 'libusb-1.0'
[9.240s] --   Found libusb-1.0, version 1.0.26
[9.295s] -- Found libusb: /usr/lib/libusb-1.0.so  
[9.327s] -- Eigen found (include: /usr/include/eigen3, version: 3.4.0)
[9.338s] -- Found Qhull version 8.0.2
[10.043s] -- Found PCL_COMMON: /usr/lib/libpcl_common.so  
[10.047s] -- Found PCL_KDTREE: /usr/lib/libpcl_kdtree.so  
[10.050s] -- Found PCL_OCTREE: /usr/lib/libpcl_octree.so  
[10.053s] -- Found PCL_SEARCH: /usr/lib/libpcl_search.so  
[10.055s] -- Found PCL_2D: /usr/include/pcl-1.13  
[10.059s] -- Found PCL_FEATURES: /usr/lib/libpcl_features.so  
[10.062s] -- Found PCL_SAMPLE_CONSENSUS: /usr/lib/libpcl_sample_consensus.so  
[10.066s] -- Found PCL_FILTERS: /usr/lib/libpcl_filters.so  
[10.069s] -- Found PCL_IO: /usr/lib/libpcl_io.so  
[10.069s] -- Found PCL_GEOMETRY: /usr/include/pcl-1.13  
[10.073s] -- Found PCL_ML: /usr/lib/libpcl_ml.so  
[10.076s] -- Found PCL_SEGMENTATION: /usr/lib/libpcl_segmentation.so  
[10.080s] -- Found PCL_SURFACE: /usr/lib/libpcl_surface.so  
[10.083s] -- Found ament_cmake: 1.3.5 (/opt/ros/humble/share/ament_cmake/cmake)
[11.139s] -- Found Python3: /usr/bin/python3.11 (found version "3.11.5") found components: Interpreter 
[11.285s] -- Found pcl_conversions: 2.4.1 (/home/brown/Projects/MiningRobot/ros2_workspace/install/pcl_conversions/share/pcl_conversions/cmake)
[11.393s] -- Found rosidl_generator_c: 3.1.5 (/opt/ros/humble/share/rosidl_generator_c/cmake)
[11.406s] -- Found rosidl_adapter: 3.1.5 (/opt/ros/humble/share/rosidl_adapter/cmake)
[11.427s] -- Found rosidl_generator_cpp: 3.1.5 (/opt/ros/humble/share/rosidl_generator_cpp/cmake)
[11.464s] -- Using all available rosidl_typesupport_c: rosidl_typesupport_fastrtps_c;rosidl_typesupport_introspection_c
[11.517s] -- Using all available rosidl_typesupport_cpp: rosidl_typesupport_fastrtps_cpp;rosidl_typesupport_introspection_cpp
[11.671s] -- Found rmw_implementation_cmake: 6.1.1 (/opt/ros/humble/share/rmw_implementation_cmake/cmake)
[11.675s] -- Found rmw_fastrtps_cpp: 6.2.4 (/opt/ros/humble/share/rmw_fastrtps_cpp/cmake)
[11.838s] -- Found OpenSSL: /usr/lib/libcrypto.so (found version "3.1.3")  
[11.876s] -- Found FastRTPS: /opt/ros/humble/include  
[11.932s] -- Using RMW implementation 'rmw_fastrtps_cpp' as default
[12.953s] -- Found rclcpp_components: 16.0.6 (/opt/ros/humble/share/rclcpp_components/cmake)
[13.071s] -- Found tf2: 0.25.4 (/opt/ros/humble/share/tf2/cmake)
[13.086s] -- Found tf2_geometry_msgs: 0.25.4 (/opt/ros/humble/share/tf2_geometry_msgs/cmake)
[13.101s] -- Found eigen3_cmake_module: 0.1.1 (/opt/ros/humble/share/eigen3_cmake_module/cmake)
[13.104s] -- Found Eigen3: TRUE (found version "3.4.0") 
[13.105s] -- Ensuring Eigen3 include directory is part of orocos-kdl CMake target
[14.195s] -- Checking to see if CXX compiler accepts flag -Wl,--version-script,"/home/brown/Projects/MiningRobot/ros2_workspace/build/pcl_ros/class_loader_hide_library_symbols__pcl_ros_filters.script"
[14.435s] -- Checking to see if CXX compiler accepts flag -Wl,--version-script,"/home/brown/Projects/MiningRobot/ros2_workspace/build/pcl_ros/class_loader_hide_library_symbols__pcl_ros_filters.script" - yes
[14.705s] -- Found ament_lint_auto: 0.12.8 (/opt/ros/humble/share/ament_lint_auto/cmake)
[38.769s] -- Added test 'cppcheck' to perform static code analysis on C / C++ code
[38.772s] -- Configured cppcheck include dirs: $<BUILD_INTERFACE:/home/brown/Projects/MiningRobot/ros2_workspace/src/perception_pcl/pcl_ros/include>
[38.772s] -- Configured cppcheck exclude dirs and/or files: 
[38.807s] -- Added test 'cpplint' to check C / C++ code against the Google style
[38.807s] -- Configured cpplint exclude dirs and/or files: 
[38.810s] -- Added test 'flake8' to check Python code syntax and style conventions
[38.824s] -- Added test 'lint_cmake' to check CMake code style
[38.827s] -- Added test 'pep257' to check Python code against some of the docstring style conventions in PEP 257
[38.854s] -- Added test 'uncrustify' to check C / C++ code style
[38.854s] -- Configured uncrustify additional arguments: 
[38.859s] -- Added test 'xmllint' to check XML markup files
[38.886s] -- Configuring done (38.7s)
[39.572s] -- Generating done (0.5s)
[39.582s] -- Build files have been written to: /home/brown/Projects/MiningRobot/ros2_workspace/build/pcl_ros
[39.677s] Invoked command in '/home/brown/Projects/MiningRobot/ros2_workspace/build/pcl_ros' returned '0': AMENT_PREFIX_PATH=/home/brown/Projects/MiningRobot/ros2_workspace/install/pcl_conversions:/home/brown/Projects/MiningRobot/ros2_workspace/install/pcl_msgs:${AMENT_PREFIX_PATH} CMAKE_PREFIX_PATH=/home/brown/Projects/MiningRobot/ros2_workspace/install/pcl_conversions:/home/brown/Projects/MiningRobot/ros2_workspace/install/pcl_msgs:${CMAKE_PREFIX_PATH} LD_LIBRARY_PATH=/home/brown/Projects/MiningRobot/ros2_workspace/install/pcl_msgs/lib:${LD_LIBRARY_PATH} PYTHONPATH=/home/brown/Projects/MiningRobot/ros2_workspace/install/pcl_msgs/lib/python3.11/site-packages:${PYTHONPATH} _=/usr/bin/env /usr/bin/cmake /home/brown/Projects/MiningRobot/ros2_workspace/src/perception_pcl/pcl_ros -DCMAKE_INSTALL_PREFIX=/home/brown/Projects/MiningRobot/ros2_workspace/install/pcl_ros
[39.679s] Invoking command in '/home/brown/Projects/MiningRobot/ros2_workspace/build/pcl_ros': AMENT_PREFIX_PATH=/home/brown/Projects/MiningRobot/ros2_workspace/install/pcl_conversions:/home/brown/Projects/MiningRobot/ros2_workspace/install/pcl_msgs:${AMENT_PREFIX_PATH} CMAKE_PREFIX_PATH=/home/brown/Projects/MiningRobot/ros2_workspace/install/pcl_conversions:/home/brown/Projects/MiningRobot/ros2_workspace/install/pcl_msgs:${CMAKE_PREFIX_PATH} LD_LIBRARY_PATH=/home/brown/Projects/MiningRobot/ros2_workspace/install/pcl_msgs/lib:${LD_LIBRARY_PATH} PYTHONPATH=/home/brown/Projects/MiningRobot/ros2_workspace/install/pcl_msgs/lib/python3.11/site-packages:${PYTHONPATH} _=/usr/bin/env /usr/bin/cmake --build /home/brown/Projects/MiningRobot/ros2_workspace/build/pcl_ros -- -j4 -l4
[39.983s] [  3%] [32mBuilding CXX object CMakeFiles/pcl_ros_tf.dir/src/transforms.cpp.o[0m
[80.622s] [  6%] [32m[1mLinking CXX static library libpcl_ros_tf.a[0m
[80.821s] [  6%] Built target pcl_ros_tf
[80.881s] [  9%] [32mBuilding CXX object CMakeFiles/filter_project_inliers_node.dir/rclcpp_components/node_main_filter_project_inliers_node.cpp.o[0m
[89.934s] [ 12%] [32m[1mLinking CXX executable filter_project_inliers_node[0m
[90.239s] [ 12%] Built target filter_project_inliers_node
[90.270s] [ 16%] [32mBuilding CXX object CMakeFiles/filter_radius_outlier_removal_node.dir/rclcpp_components/node_main_filter_radius_outlier_removal_node.cpp.o[0m
[90.306s] [ 19%] [32mBuilding CXX object CMakeFiles/filter_statistical_outlier_removal_node.dir/rclcpp_components/node_main_filter_statistical_outlier_removal_node.cpp.o[0m
[99.763s] [ 22%] [32m[1mLinking CXX executable filter_radius_outlier_removal_node[0m
[99.987s] [ 25%] [32m[1mLinking CXX executable filter_statistical_outlier_removal_node[0m
[100.081s] [ 25%] Built target filter_radius_outlier_removal_node
[100.177s] [ 29%] [32mBuilding CXX object CMakeFiles/filter_passthrough_node.dir/rclcpp_components/node_main_filter_passthrough_node.cpp.o[0m
[100.251s] [ 29%] Built target filter_statistical_outlier_removal_node
[100.277s] [ 32%] [32mBuilding CXX object CMakeFiles/filter_crop_box_node.dir/rclcpp_components/node_main_filter_crop_box_node.cpp.o[0m
[102.329s] [ 35%] [32mBuilding CXX object CMakeFiles/filter_voxel_grid_node.dir/rclcpp_components/node_main_filter_voxel_grid_node.cpp.o[0m
[109.446s] [ 38%] [32m[1mLinking CXX executable filter_passthrough_node[0m
[109.706s] [ 38%] Built target filter_passthrough_node
[109.732s] [ 41%] [32m[1mLinking CXX executable filter_crop_box_node[0m
[109.752s] [ 45%] [32mBuilding CXX object CMakeFiles/filter_extract_indices_node.dir/rclcpp_components/node_main_filter_extract_indices_node.cpp.o[0m
[109.789s] [ 48%] [32mBuilding CXX object CMakeFiles/pcd_to_pointcloud_lib.dir/tools/pcd_to_pointcloud.cpp.o[0m
[110.086s] [ 48%] Built target filter_crop_box_node
[112.815s] [ 51%] [32m[1mLinking CXX executable filter_voxel_grid_node[0m
[113.119s] [ 51%] Built target filter_voxel_grid_node
[113.176s] [ 54%] [32mBuilding CXX object CMakeFiles/pcd_to_pointcloud.dir/rclcpp_components/node_main_pcd_to_pointcloud.cpp.o[0m
[119.710s] [ 58%] [32m[1mLinking CXX executable filter_extract_indices_node[0m
[120.023s] [ 58%] Built target filter_extract_indices_node
[122.236s] [ 61%] [32m[1mLinking CXX executable pcd_to_pointcloud[0m
[122.419s] [ 61%] Built target pcd_to_pointcloud
[122.476s] [ 67%] [32mBuilding CXX object CMakeFiles/pcl_ros_filters.dir/src/pcl_ros/filters/extract_indices.cpp.o[0m
[122.476s] [ 67%] [32mBuilding CXX object tests/filters/CMakeFiles/dummy_topics.dir/dummy_topics.cpp.o[0m
[132.534s] [ 70%] [32m[1mLinking CXX shared library libpcd_to_pointcloud_lib.so[0m
[135.035s] [ 70%] Built target pcd_to_pointcloud_lib
[135.055s] [ 74%] [32mBuilding CXX object CMakeFiles/pcl_ros_filters.dir/src/pcl_ros/filters/passthrough.cpp.o[0m
[149.414s] [ 77%] [32m[1mLinking CXX shared library libdummy_topics.so[0m
[151.722s] [ 77%] Built target dummy_topics
[153.750s] [ 80%] [32mBuilding CXX object CMakeFiles/pcl_ros_filters.dir/src/pcl_ros/filters/project_inliers.cpp.o[0m
[169.063s] [ 83%] [32mBuilding CXX object CMakeFiles/pcl_ros_filters.dir/src/pcl_ros/filters/filter.cpp.o[0m
[169.086s] [ 87%] [32mBuilding CXX object CMakeFiles/pcl_ros_filters.dir/src/pcl_ros/filters/radius_outlier_removal.cpp.o[0m
[322.339s] [ 90%] [32mBuilding CXX object CMakeFiles/pcl_ros_filters.dir/src/pcl_ros/filters/crop_box.cpp.o[0m
[323.907s] [ 93%] [32mBuilding CXX object CMakeFiles/pcl_ros_filters.dir/src/pcl_ros/filters/voxel_grid.cpp.o[0m
[410.088s] [ 96%] [32mBuilding CXX object CMakeFiles/pcl_ros_filters.dir/src/pcl_ros/filters/statistical_outlier_removal.cpp.o[0m
[475.281s] [100%] [32m[1mLinking CXX shared library libpcl_ros_filters.so[0m
[485.262s] [100%] Built target pcl_ros_filters
[485.330s] Invoked command in '/home/brown/Projects/MiningRobot/ros2_workspace/build/pcl_ros' returned '0': AMENT_PREFIX_PATH=/home/brown/Projects/MiningRobot/ros2_workspace/install/pcl_conversions:/home/brown/Projects/MiningRobot/ros2_workspace/install/pcl_msgs:${AMENT_PREFIX_PATH} CMAKE_PREFIX_PATH=/home/brown/Projects/MiningRobot/ros2_workspace/install/pcl_conversions:/home/brown/Projects/MiningRobot/ros2_workspace/install/pcl_msgs:${CMAKE_PREFIX_PATH} LD_LIBRARY_PATH=/home/brown/Projects/MiningRobot/ros2_workspace/install/pcl_msgs/lib:${LD_LIBRARY_PATH} PYTHONPATH=/home/brown/Projects/MiningRobot/ros2_workspace/install/pcl_msgs/lib/python3.11/site-packages:${PYTHONPATH} _=/usr/bin/env /usr/bin/cmake --build /home/brown/Projects/MiningRobot/ros2_workspace/build/pcl_ros -- -j4 -l4
[486.034s] Invoking command in '/home/brown/Projects/MiningRobot/ros2_workspace/build/pcl_ros': AMENT_PREFIX_PATH=/home/brown/Projects/MiningRobot/ros2_workspace/install/pcl_conversions:/home/brown/Projects/MiningRobot/ros2_workspace/install/pcl_msgs:${AMENT_PREFIX_PATH} CMAKE_PREFIX_PATH=/home/brown/Projects/MiningRobot/ros2_workspace/install/pcl_conversions:/home/brown/Projects/MiningRobot/ros2_workspace/install/pcl_msgs:${CMAKE_PREFIX_PATH} LD_LIBRARY_PATH=/home/brown/Projects/MiningRobot/ros2_workspace/install/pcl_msgs/lib:${LD_LIBRARY_PATH} PYTHONPATH=/home/brown/Projects/MiningRobot/ros2_workspace/install/pcl_msgs/lib/python3.11/site-packages:${PYTHONPATH} _=/usr/bin/env /usr/bin/cmake --install /home/brown/Projects/MiningRobot/ros2_workspace/build/pcl_ros
[486.056s] -- Install configuration: ""
[486.059s] -- Installing: /home/brown/Projects/MiningRobot/ros2_workspace/install/pcl_ros/lib/pcl_ros/filter_extract_indices_node
[486.062s] -- Set runtime path of "/home/brown/Projects/MiningRobot/ros2_workspace/install/pcl_ros/lib/pcl_ros/filter_extract_indices_node" to ""
[486.063s] -- Installing: /home/brown/Projects/MiningRobot/ros2_workspace/install/pcl_ros/lib/pcl_ros/filter_passthrough_node
[486.066s] -- Set runtime path of "/home/brown/Projects/MiningRobot/ros2_workspace/install/pcl_ros/lib/pcl_ros/filter_passthrough_node" to ""
[486.066s] -- Installing: /home/brown/Projects/MiningRobot/ros2_workspace/install/pcl_ros/lib/pcl_ros/filter_project_inliers_node
[486.069s] -- Set runtime path of "/home/brown/Projects/MiningRobot/ros2_workspace/install/pcl_ros/lib/pcl_ros/filter_project_inliers_node" to ""
[486.069s] -- Installing: /home/brown/Projects/MiningRobot/ros2_workspace/install/pcl_ros/lib/pcl_ros/filter_radius_outlier_removal_node
[486.073s] -- Set runtime path of "/home/brown/Projects/MiningRobot/ros2_workspace/install/pcl_ros/lib/pcl_ros/filter_radius_outlier_removal_node" to ""
[486.073s] -- Installing: /home/brown/Projects/MiningRobot/ros2_workspace/install/pcl_ros/lib/pcl_ros/filter_statistical_outlier_removal_node
[486.077s] -- Set runtime path of "/home/brown/Projects/MiningRobot/ros2_workspace/install/pcl_ros/lib/pcl_ros/filter_statistical_outlier_removal_node" to ""
[486.077s] -- Installing: /home/brown/Projects/MiningRobot/ros2_workspace/install/pcl_ros/lib/pcl_ros/filter_crop_box_node
[486.081s] -- Set runtime path of "/home/brown/Projects/MiningRobot/ros2_workspace/install/pcl_ros/lib/pcl_ros/filter_crop_box_node" to ""
[486.081s] -- Installing: /home/brown/Projects/MiningRobot/ros2_workspace/install/pcl_ros/lib/pcl_ros/filter_voxel_grid_node
[486.091s] -- Set runtime path of "/home/brown/Projects/MiningRobot/ros2_workspace/install/pcl_ros/lib/pcl_ros/filter_voxel_grid_node" to ""
[486.092s] -- Installing: /home/brown/Projects/MiningRobot/ros2_workspace/install/pcl_ros/lib/pcl_ros/pcd_to_pointcloud
[486.096s] -- Set runtime path of "/home/brown/Projects/MiningRobot/ros2_workspace/install/pcl_ros/lib/pcl_ros/pcd_to_pointcloud" to ""
[486.096s] -- Installing: /home/brown/Projects/MiningRobot/ros2_workspace/install/pcl_ros/include/pcl_ros
[486.097s] -- Installing: /home/brown/Projects/MiningRobot/ros2_workspace/install/pcl_ros/include/pcl_ros/pcl_ros
[486.097s] -- Installing: /home/brown/Projects/MiningRobot/ros2_workspace/install/pcl_ros/include/pcl_ros/pcl_ros/segmentation
[486.098s] -- Installing: /home/brown/Projects/MiningRobot/ros2_workspace/install/pcl_ros/include/pcl_ros/pcl_ros/segmentation/segment_differences.hpp
[486.100s] -- Installing: /home/brown/Projects/MiningRobot/ros2_workspace/install/pcl_ros/include/pcl_ros/pcl_ros/segmentation/extract_clusters.hpp
[486.102s] -- Installing: /home/brown/Projects/MiningRobot/ros2_workspace/install/pcl_ros/include/pcl_ros/pcl_ros/segmentation/extract_polygonal_prism_data.hpp
[486.106s] -- Installing: /home/brown/Projects/MiningRobot/ros2_workspace/install/pcl_ros/include/pcl_ros/pcl_ros/segmentation/sac_segmentation.hpp
[486.109s] -- Installing: /home/brown/Projects/MiningRobot/ros2_workspace/install/pcl_ros/include/pcl_ros/pcl_ros/point_cloud.hpp
[486.111s] -- Installing: /home/brown/Projects/MiningRobot/ros2_workspace/install/pcl_ros/include/pcl_ros/pcl_ros/impl
[486.113s] -- Installing: /home/brown/Projects/MiningRobot/ros2_workspace/install/pcl_ros/include/pcl_ros/pcl_ros/impl/transforms.hpp
[486.113s] -- Installing: /home/brown/Projects/MiningRobot/ros2_workspace/install/pcl_ros/include/pcl_ros/pcl_ros/io
[486.114s] -- Installing: /home/brown/Projects/MiningRobot/ros2_workspace/install/pcl_ros/include/pcl_ros/pcl_ros/io/concatenate_data.hpp
[486.115s] -- Installing: /home/brown/Projects/MiningRobot/ros2_workspace/install/pcl_ros/include/pcl_ros/pcl_ros/io/bag_io.hpp
[486.118s] -- Installing: /home/brown/Projects/MiningRobot/ros2_workspace/install/pcl_ros/include/pcl_ros/pcl_ros/io/concatenate_fields.hpp
[486.121s] -- Installing: /home/brown/Projects/MiningRobot/ros2_workspace/install/pcl_ros/include/pcl_ros/pcl_ros/io/pcd_io.hpp
[486.122s] -- Installing: /home/brown/Projects/MiningRobot/ros2_workspace/install/pcl_ros/include/pcl_ros/pcl_ros/transforms.hpp
[486.123s] -- Installing: /home/brown/Projects/MiningRobot/ros2_workspace/install/pcl_ros/include/pcl_ros/pcl_ros/publisher.hpp
[486.123s] -- Installing: /home/brown/Projects/MiningRobot/ros2_workspace/install/pcl_ros/include/pcl_ros/pcl_ros/filters
[486.124s] -- Installing: /home/brown/Projects/MiningRobot/ros2_workspace/install/pcl_ros/include/pcl_ros/pcl_ros/filters/voxel_grid.hpp
[486.125s] -- Installing: /home/brown/Projects/MiningRobot/ros2_workspace/install/pcl_ros/include/pcl_ros/pcl_ros/filters/statistical_outlier_removal.hpp
[486.125s] -- Installing: /home/brown/Projects/MiningRobot/ros2_workspace/install/pcl_ros/include/pcl_ros/pcl_ros/filters/radius_outlier_removal.hpp
[486.126s] -- Installing: /home/brown/Projects/MiningRobot/ros2_workspace/install/pcl_ros/include/pcl_ros/pcl_ros/filters/filter.hpp
[486.127s] -- Installing: /home/brown/Projects/MiningRobot/ros2_workspace/install/pcl_ros/include/pcl_ros/pcl_ros/filters/project_inliers.hpp
[486.128s] -- Installing: /home/brown/Projects/MiningRobot/ros2_workspace/install/pcl_ros/include/pcl_ros/pcl_ros/filters/extract_indices.hpp
[486.129s] -- Installing: /home/brown/Projects/MiningRobot/ros2_workspace/install/pcl_ros/include/pcl_ros/pcl_ros/filters/passthrough.hpp
[486.130s] -- Installing: /home/brown/Projects/MiningRobot/ros2_workspace/install/pcl_ros/include/pcl_ros/pcl_ros/filters/crop_box.hpp
[486.131s] -- Installing: /home/brown/Projects/MiningRobot/ros2_workspace/install/pcl_ros/include/pcl_ros/pcl_ros/surface
[486.133s] -- Installing: /home/brown/Projects/MiningRobot/ros2_workspace/install/pcl_ros/include/pcl_ros/pcl_ros/surface/convex_hull.hpp
[486.134s] -- Installing: /home/brown/Projects/MiningRobot/ros2_workspace/install/pcl_ros/include/pcl_ros/pcl_ros/surface/moving_least_squares.hpp
[486.135s] -- Installing: /home/brown/Projects/MiningRobot/ros2_workspace/install/pcl_ros/include/pcl_ros/pcl_ros/pcl_node.hpp
[486.136s] -- Installing: /home/brown/Projects/MiningRobot/ros2_workspace/install/pcl_ros/include/pcl_ros/pcl_ros/features
[486.138s] -- Installing: /home/brown/Projects/MiningRobot/ros2_workspace/install/pcl_ros/include/pcl_ros/pcl_ros/features/shot.hpp
[486.139s] -- Installing: /home/brown/Projects/MiningRobot/ros2_workspace/install/pcl_ros/include/pcl_ros/pcl_ros/features/fpfh.hpp
[486.141s] -- Installing: /home/brown/Projects/MiningRobot/ros2_workspace/install/pcl_ros/include/pcl_ros/pcl_ros/features/fpfh_omp.hpp
[486.144s] -- Installing: /home/brown/Projects/MiningRobot/ros2_workspace/install/pcl_ros/include/pcl_ros/pcl_ros/features/shot_omp.hpp
[486.144s] -- Installing: /home/brown/Projects/MiningRobot/ros2_workspace/install/pcl_ros/include/pcl_ros/pcl_ros/features/feature.hpp
[486.145s] -- Installing: /home/brown/Projects/MiningRobot/ros2_workspace/install/pcl_ros/include/pcl_ros/pcl_ros/features/boundary.hpp
[486.146s] -- Installing: /home/brown/Projects/MiningRobot/ros2_workspace/install/pcl_ros/include/pcl_ros/pcl_ros/features/pfh.hpp
[486.147s] -- Installing: /home/brown/Projects/MiningRobot/ros2_workspace/install/pcl_ros/include/pcl_ros/pcl_ros/features/normal_3d_omp.hpp
[486.148s] -- Installing: /home/brown/Projects/MiningRobot/ros2_workspace/install/pcl_ros/include/pcl_ros/pcl_ros/features/moment_invariants.hpp
[486.148s] -- Installing: /home/brown/Projects/MiningRobot/ros2_workspace/install/pcl_ros/include/pcl_ros/pcl_ros/features/normal_3d_tbb.hpp
[486.149s] -- Installing: /home/brown/Projects/MiningRobot/ros2_workspace/install/pcl_ros/include/pcl_ros/pcl_ros/features/principal_curvatures.hpp
[486.150s] -- Installing: /home/brown/Projects/MiningRobot/ros2_workspace/install/pcl_ros/include/pcl_ros/pcl_ros/features/vfh.hpp
[486.150s] -- Installing: /home/brown/Projects/MiningRobot/ros2_workspace/install/pcl_ros/include/pcl_ros/pcl_ros/features/normal_3d.hpp
[486.152s] -- Installing: /home/brown/Projects/MiningRobot/ros2_workspace/install/pcl_ros/lib/libpcl_ros_tf.a
[486.162s] -- Installing: /home/brown/Projects/MiningRobot/ros2_workspace/install/pcl_ros/lib/libpcd_to_pointcloud_lib.so
[486.182s] -- Set runtime path of "/home/brown/Projects/MiningRobot/ros2_workspace/install/pcl_ros/lib/libpcd_to_pointcloud_lib.so" to ""
[486.182s] -- Installing: /home/brown/Projects/MiningRobot/ros2_workspace/install/pcl_ros/lib/libpcl_ros_filters.so
[486.226s] -- Set runtime path of "/home/brown/Projects/MiningRobot/ros2_workspace/install/pcl_ros/lib/libpcl_ros_filters.so" to ""
[486.227s] -- Installing: /home/brown/Projects/MiningRobot/ros2_workspace/install/pcl_ros/share/pcl_ros/plugins
[486.228s] -- Installing: /home/brown/Projects/MiningRobot/ros2_workspace/install/pcl_ros/share/pcl_ros/plugins/nodelet
[486.228s] -- Installing: /home/brown/Projects/MiningRobot/ros2_workspace/install/pcl_ros/share/pcl_ros/plugins/nodelet/libpcl_ros_features.xml
[486.229s] -- Installing: /home/brown/Projects/MiningRobot/ros2_workspace/install/pcl_ros/share/pcl_ros/plugins/nodelet/libpcl_ros_filters.xml
[486.230s] -- Installing: /home/brown/Projects/MiningRobot/ros2_workspace/install/pcl_ros/share/pcl_ros/plugins/nodelet/libpcl_ros_surface.xml
[486.231s] -- Installing: /home/brown/Projects/MiningRobot/ros2_workspace/install/pcl_ros/share/pcl_ros/plugins/nodelet/libpcl_ros_io.xml
[486.231s] -- Installing: /home/brown/Projects/MiningRobot/ros2_workspace/install/pcl_ros/share/pcl_ros/plugins/nodelet/libpcl_ros_segmentation.xml
[486.232s] -- Installing: /home/brown/Projects/MiningRobot/ros2_workspace/install/pcl_ros/share/pcl_ros/samples
[486.232s] -- Installing: /home/brown/Projects/MiningRobot/ros2_workspace/install/pcl_ros/share/pcl_ros/samples/pcl_ros
[486.233s] -- Installing: /home/brown/Projects/MiningRobot/ros2_workspace/install/pcl_ros/share/pcl_ros/samples/pcl_ros/segmentation
[486.233s] -- Installing: /home/brown/Projects/MiningRobot/ros2_workspace/install/pcl_ros/share/pcl_ros/samples/pcl_ros/segmentation/sample_extract_clusters.launch
[486.234s] -- Installing: /home/brown/Projects/MiningRobot/ros2_workspace/install/pcl_ros/share/pcl_ros/samples/pcl_ros/io
[486.234s] -- Installing: /home/brown/Projects/MiningRobot/ros2_workspace/install/pcl_ros/share/pcl_ros/samples/pcl_ros/io/sample_concatenate_data.launch
[486.234s] -- Installing: /home/brown/Projects/MiningRobot/ros2_workspace/install/pcl_ros/share/pcl_ros/samples/pcl_ros/filters
[486.235s] -- Installing: /home/brown/Projects/MiningRobot/ros2_workspace/install/pcl_ros/share/pcl_ros/samples/pcl_ros/filters/config
[486.235s] -- Installing: /home/brown/Projects/MiningRobot/ros2_workspace/install/pcl_ros/share/pcl_ros/samples/pcl_ros/filters/config/voxel_grid.rviz
[486.238s] -- Installing: /home/brown/Projects/MiningRobot/ros2_workspace/install/pcl_ros/share/pcl_ros/samples/pcl_ros/filters/config/statistical_outlier_removal.rviz
[486.238s] -- Installing: /home/brown/Projects/MiningRobot/ros2_workspace/install/pcl_ros/share/pcl_ros/samples/pcl_ros/filters/sample_voxel_grid.launch
[486.241s] -- Installing: /home/brown/Projects/MiningRobot/ros2_workspace/install/pcl_ros/share/pcl_ros/samples/pcl_ros/filters/sample_statistical_outlier_removal.launch
[486.242s] -- Installing: /home/brown/Projects/MiningRobot/ros2_workspace/install/pcl_ros/share/pcl_ros/samples/pcl_ros/surface
[486.243s] -- Installing: /home/brown/Projects/MiningRobot/ros2_workspace/install/pcl_ros/share/pcl_ros/samples/pcl_ros/surface/sample_convex_hull.launch
[486.244s] -- Installing: /home/brown/Projects/MiningRobot/ros2_workspace/install/pcl_ros/share/pcl_ros/samples/pcl_ros/features
[486.246s] -- Installing: /home/brown/Projects/MiningRobot/ros2_workspace/install/pcl_ros/share/pcl_ros/samples/pcl_ros/features/sample_normal_3d.launch
[486.246s] -- Installing: /home/brown/Projects/MiningRobot/ros2_workspace/install/pcl_ros/share/pcl_ros/samples/data
[486.247s] -- Installing: /home/brown/Projects/MiningRobot/ros2_workspace/install/pcl_ros/share/pcl_ros/samples/data/.gitignore
[486.249s] -- Installing: /home/brown/Projects/MiningRobot/ros2_workspace/install/pcl_ros/share/pcl_ros/environment/library_path.sh
[486.250s] -- Installing: /home/brown/Projects/MiningRobot/ros2_workspace/install/pcl_ros/share/pcl_ros/environment/library_path.dsv
[486.252s] -- Installing: /home/brown/Projects/MiningRobot/ros2_workspace/install/pcl_ros/share/ament_index/resource_index/package_run_dependencies/pcl_ros
[486.253s] -- Installing: /home/brown/Projects/MiningRobot/ros2_workspace/install/pcl_ros/share/ament_index/resource_index/parent_prefix_path/pcl_ros
[486.262s] -- Installing: /home/brown/Projects/MiningRobot/ros2_workspace/install/pcl_ros/share/pcl_ros/environment/ament_prefix_path.sh
[486.267s] -- Installing: /home/brown/Projects/MiningRobot/ros2_workspace/install/pcl_ros/share/pcl_ros/environment/ament_prefix_path.dsv
[486.271s] -- Installing: /home/brown/Projects/MiningRobot/ros2_workspace/install/pcl_ros/share/pcl_ros/environment/path.sh
[486.273s] -- Installing: /home/brown/Projects/MiningRobot/ros2_workspace/install/pcl_ros/share/pcl_ros/environment/path.dsv
[486.276s] -- Installing: /home/brown/Projects/MiningRobot/ros2_workspace/install/pcl_ros/share/pcl_ros/local_setup.bash
[486.277s] -- Installing: /home/brown/Projects/MiningRobot/ros2_workspace/install/pcl_ros/share/pcl_ros/local_setup.sh
[486.278s] -- Installing: /home/brown/Projects/MiningRobot/ros2_workspace/install/pcl_ros/share/pcl_ros/local_setup.zsh
[486.279s] -- Installing: /home/brown/Projects/MiningRobot/ros2_workspace/install/pcl_ros/share/pcl_ros/local_setup.dsv
[486.281s] -- Installing: /home/brown/Projects/MiningRobot/ros2_workspace/install/pcl_ros/share/pcl_ros/package.dsv
[486.286s] -- Installing: /home/brown/Projects/MiningRobot/ros2_workspace/install/pcl_ros/share/ament_index/resource_index/packages/pcl_ros
[486.291s] -- Installing: /home/brown/Projects/MiningRobot/ros2_workspace/install/pcl_ros/share/ament_index/resource_index/rclcpp_components/pcl_ros
[486.293s] -- Installing: /home/brown/Projects/MiningRobot/ros2_workspace/install/pcl_ros/share/pcl_ros/cmake/export_pcl_rosExport.cmake
[486.295s] -- Installing: /home/brown/Projects/MiningRobot/ros2_workspace/install/pcl_ros/share/pcl_ros/cmake/export_pcl_rosExport-noconfig.cmake
[486.297s] -- Installing: /home/brown/Projects/MiningRobot/ros2_workspace/install/pcl_ros/share/pcl_ros/cmake/ament_cmake_export_include_directories-extras.cmake
[486.299s] -- Installing: /home/brown/Projects/MiningRobot/ros2_workspace/install/pcl_ros/share/pcl_ros/cmake/ament_cmake_export_libraries-extras.cmake
[486.304s] -- Installing: /home/brown/Projects/MiningRobot/ros2_workspace/install/pcl_ros/share/pcl_ros/cmake/ament_cmake_export_targets-extras.cmake
[486.309s] -- Installing: /home/brown/Projects/MiningRobot/ros2_workspace/install/pcl_ros/share/pcl_ros/cmake/ament_cmake_export_dependencies-extras.cmake
[486.311s] -- Installing: /home/brown/Projects/MiningRobot/ros2_workspace/install/pcl_ros/share/pcl_ros/cmake/pcl_rosConfig.cmake
[486.312s] -- Installing: /home/brown/Projects/MiningRobot/ros2_workspace/install/pcl_ros/share/pcl_ros/cmake/pcl_rosConfig-version.cmake
[486.313s] -- Installing: /home/brown/Projects/MiningRobot/ros2_workspace/install/pcl_ros/share/pcl_ros/package.xml
[486.334s] Invoked command in '/home/brown/Projects/MiningRobot/ros2_workspace/build/pcl_ros' returned '0': AMENT_PREFIX_PATH=/home/brown/Projects/MiningRobot/ros2_workspace/install/pcl_conversions:/home/brown/Projects/MiningRobot/ros2_workspace/install/pcl_msgs:${AMENT_PREFIX_PATH} CMAKE_PREFIX_PATH=/home/brown/Projects/MiningRobot/ros2_workspace/install/pcl_conversions:/home/brown/Projects/MiningRobot/ros2_workspace/install/pcl_msgs:${CMAKE_PREFIX_PATH} LD_LIBRARY_PATH=/home/brown/Projects/MiningRobot/ros2_workspace/install/pcl_msgs/lib:${LD_LIBRARY_PATH} PYTHONPATH=/home/brown/Projects/MiningRobot/ros2_workspace/install/pcl_msgs/lib/python3.11/site-packages:${PYTHONPATH} _=/usr/bin/env /usr/bin/cmake --install /home/brown/Projects/MiningRobot/ros2_workspace/build/pcl_ros
