[0.000000] (-) TimerEvent: {}
[0.003014] (-) JobUnselected: {'identifier': 'ouster_msgs'}
[0.003342] (-) JobUnselected: {'identifier': 'pcl_conversions'}
[0.003532] (-) JobUnselected: {'identifier': 'pcl_msgs'}
[0.003625] (-) JobUnselected: {'identifier': 'pcl_ros'}
[0.003701] (-) JobUnselected: {'identifier': 'perception_pcl'}
[0.006767] (-) JobUnselected: {'identifier': 'ros2_ouster'}
[0.007121] (aurora_core) JobQueued: {'identifier': 'aurora_core', 'dependencies': OrderedDict([('ouster_msgs', '/home/brown/Projects/MiningRobot/ros2_workspace/install/ouster_msgs'), ('pcl_msgs', '/home/brown/Projects/MiningRobot/ros2_workspace/install/pcl_msgs'), ('pcl_conversions', '/home/brown/Projects/MiningRobot/ros2_workspace/install/pcl_conversions'), ('ros2_ouster', '/home/brown/Projects/MiningRobot/ros2_workspace/install/ros2_ouster')])}
[0.007398] (aurora_core) JobStarted: {'identifier': 'aurora_core'}
[0.099051] (-) TimerEvent: {}
[0.202954] (-) TimerEvent: {}
[0.304330] (-) TimerEvent: {}
[0.405377] (-) TimerEvent: {}
[0.506490] (-) TimerEvent: {}
[0.607796] (-) TimerEvent: {}
[0.616124] (aurora_core) JobProgress: {'identifier': 'aurora_core', 'progress': 'cmake'}
[0.623465] (aurora_core) JobProgress: {'identifier': 'aurora_core', 'progress': 'build'}
[0.630736] (aurora_core) Command: {'cmd': ['/usr/bin/cmake', '--build', '/home/brown/Projects/MiningRobot/ros2_workspace/build/aurora_core', '--', '-j4', '-l4'], 'cwd': '/home/brown/Projects/MiningRobot/ros2_workspace/build/aurora_core', 'env': OrderedDict([('SHELL', '/bin/bash'), ('ROS_VERSION', '2'), ('WINDOWID', '1'), ('COLORTERM', 'truecolor'), ('XDG_CONFIG_DIRS', '/home/brown/.config/kdedefaults:/etc/xdg'), ('KGLOBALACCELD_PLATFORM', 'org.kde.kwin'), ('TERM_PROGRAM_VERSION', '3.3a'), ('TMUX', '/tmp/tmux-1000/default,1806,0'), ('PKG_CONFIG_PATH', '/opt/ros/humble/lib/pkgconfig'), ('ROS_PYTHON_VERSION', '3'), ('LANGUAGE', ''), ('SHELL_SESSION_ID', 'adab33755f16428db603933a933b68e7'), ('MEMORY_PRESSURE_WRITE', 'c29tZSAyMDAwMDAgMjAwMDAwMAA='), ('XCURSOR_SIZE', '24'), ('EDITOR', '/usr/bin/nvim'), ('XDG_SEAT', 'seat0'), ('PWD', '/home/brown/Projects/MiningRobot/ros2_workspace/build/aurora_core'), ('LOGNAME', 'brown'), ('XDG_SESSION_TYPE', 'wayland'), ('SYSTEMD_EXEC_PID', '506'), ('XAUTHORITY', '/run/user/1000/xauth_qwjjoz'), ('MOTD_SHOWN', 'pam'), ('HOME', '/home/brown'), ('LANG', 'C.UTF-8'), ('XDG_CURRENT_DESKTOP', 'KDE'), ('KONSOLE_DBUS_SERVICE', ':1.86'), ('MEMORY_PRESSURE_WATCH', '/sys/fs/cgroup/user.slice/user-1000.slice/user@1000.service/session.slice/plasma-kwin_wayland.service/memory.pressure'), ('WAYLAND_DISPLAY', 'wayland-0'), ('KONSOLE_DBUS_SESSION', '/Sessions/2'), ('PROFILEHOME', ''), ('AMENT_PREFIX_PATH', '/home/brown/Projects/MiningRobot/ros2_workspace/install/aurora_core:/home/brown/Projects/MiningRobot/ros2_workspace/install/ros2_ouster:/home/brown/Projects/MiningRobot/ros2_workspace/install/perception_pcl:/home/brown/Projects/MiningRobot/ros2_workspace/install/pcl_ros:/home/brown/Projects/MiningRobot/ros2_workspace/install/pcl_conversions:/home/brown/Projects/MiningRobot/ros2_workspace/install/pcl_msgs:/home/brown/Projects/MiningRobot/ros2_workspace/install/ouster_msgs:/opt/ros/humble'), ('CMAKE_PREFIX_PATH', '/home/brown/Projects/MiningRobot/ros2_workspace/install/ros2_ouster:/home/brown/Projects/MiningRobot/ros2_workspace/install/pcl_conversions:/home/brown/Projects/MiningRobot/ros2_workspace/install/pcl_msgs:/home/brown/Projects/MiningRobot/ros2_workspace/install/ouster_msgs:/home/brown/Projects/MiningRobot/ros2_workspace/install/aurora_core:/home/brown/Projects/MiningRobot/ros2_workspace/install/perception_pcl:/home/brown/Projects/MiningRobot/ros2_workspace/install/pcl_ros:/opt/ros/humble'), ('COLCON_PREFIX_PATH', '/home/brown/Projects/MiningRobot/ros2_workspace/install:/opt/ros/humble'), ('INVOCATION_ID', '0451ff8a5b7f45339296dc187b8cbfb5'), ('KONSOLE_VERSION', '230801'), ('MANAGERPID', '465'), ('KDE_SESSION_UID', '1000'), ('XDG_ACTIVATION_TOKEN', 'kwin-2'), ('XDG_SESSION_CLASS', 'user'), ('PYTHONPATH', '/home/brown/Projects/MiningRobot/ros2_workspace/install/pcl_msgs/lib/python3.11/site-packages:/home/brown/Projects/MiningRobot/ros2_workspace/install/ouster_msgs/lib/python3.11/site-packages:/home/brown/.cache/yay/ros2-humble/src/install/lib/python3.11/dist-packages:/opt/ros/humble/lib/python3.11/site-packages'), ('COLCON', '1'), ('TERM', 'xterm-256color'), ('USER', 'brown'), ('TMUX_PANE', '%6'), ('CUDA_PATH', '/opt/cuda'), ('COLORFGBG', '15;0'), ('PLASMA_USE_QT_SCALING', '1'), ('KDE_SESSION_VERSION', '5'), ('QT_WAYLAND_FORCE_DPI', '96'), ('DISPLAY', ':0'), ('SHLVL', '3'), ('XDG_VTNR', '1'), ('XDG_SESSION_ID', '1'), ('LD_LIBRARY_PATH', '/home/brown/Projects/MiningRobot/ros2_workspace/install/ros2_ouster/lib:/home/brown/Projects/MiningRobot/ros2_workspace/install/pcl_msgs/lib:/home/brown/Projects/MiningRobot/ros2_workspace/install/ouster_msgs/lib:/home/brown/Projects/MiningRobot/ros2_workspace/install/pcl_ros/lib:/opt/ros/humble/opt/yaml_cpp_vendor/lib:/opt/ros/humble/opt/rviz_ogre_vendor/lib:/opt/ros/humble/lib'), ('XDG_RUNTIME_DIR', '/run/user/1000'), ('ROS_LOCALHOST_ONLY', '0'), ('DEBUGINFOD_URLS', 'https://debuginfod.archlinux.org'), ('QT_AUTO_SCREEN_SCALE_FACTOR', '0'), ('JOURNAL_STREAM', '8:14885'), ('XCURSOR_THEME', 'breeze_cursors'), ('XDG_DATA_DIRS', '/home/brown/.local/share/flatpak/exports/share:/var/lib/flatpak/exports/share:/usr/local/share/:/usr/share/'), ('KDE_FULL_SESSION', 'true'), ('QSG_RENDER_LOOP', 'basic'), ('PATH', '/opt/ros/humble/bin:/home/brown/.local/bin:/home/brown/.local/bin:/home/brown/.local/bin:/usr/local/sbin:/usr/local/bin:/usr/bin:/opt/cuda/bin:/opt/cuda/nsight_compute:/opt/cuda/nsight_systems/bin:/var/lib/flatpak/exports/bin:/usr/lib/jvm/default/bin:/usr/bin/site_perl:/usr/bin/vendor_perl:/usr/bin/core_perl:/opt/cuda/bin:/opt/cuda/nsight_compute:/opt/cuda/nsight_systems/bin'), ('DBUS_SESSION_BUS_ADDRESS', 'unix:path=/run/user/1000/bus'), ('KDE_APPLICATIONS_AS_SCOPE', '1'), ('MAIL', '/var/spool/mail/brown'), ('ROS_DISTRO', 'humble'), ('OLDPWD', '/home/brown/Projects/MiningRobot/ros2_workspace/aurora_core_sl'), ('TERM_PROGRAM', 'tmux'), ('KONSOLE_DBUS_WINDOW', '/Windows/1'), ('_', '/usr/bin/env')]), 'shell': False}
[0.708127] (-) TimerEvent: {}
[0.810275] (-) TimerEvent: {}
[0.913202] (-) TimerEvent: {}
[0.979353] (aurora_core) StdoutLine: {'line': b'[ 50%] \x1b[32mBuilding CXX object CMakeFiles/aurora_node_core.dir/src/aurora_node_core.cpp.o\x1b[0m\n'}
[1.013454] (-) TimerEvent: {}
[1.114554] (-) TimerEvent: {}
[1.216775] (-) TimerEvent: {}
[1.317541] (-) TimerEvent: {}
[1.418302] (-) TimerEvent: {}
[1.519903] (-) TimerEvent: {}
[1.620615] (-) TimerEvent: {}
[1.730101] (-) TimerEvent: {}
[1.830701] (-) TimerEvent: {}
[1.931425] (-) TimerEvent: {}
[2.032091] (-) TimerEvent: {}
[2.133075] (-) TimerEvent: {}
[2.235920] (-) TimerEvent: {}
[2.338174] (-) TimerEvent: {}
[2.439851] (-) TimerEvent: {}
[2.543172] (-) TimerEvent: {}
[2.644000] (-) TimerEvent: {}
[2.748251] (-) TimerEvent: {}
[2.850461] (-) TimerEvent: {}
[2.952591] (-) TimerEvent: {}
[3.053999] (-) TimerEvent: {}
[3.155084] (-) TimerEvent: {}
[3.257074] (-) TimerEvent: {}
[3.357614] (-) TimerEvent: {}
[3.460260] (-) TimerEvent: {}
[3.561865] (-) TimerEvent: {}
[3.663046] (-) TimerEvent: {}
[3.763815] (-) TimerEvent: {}
[3.865683] (-) TimerEvent: {}
[3.966810] (-) TimerEvent: {}
[4.067752] (-) TimerEvent: {}
[4.168876] (-) TimerEvent: {}
[4.269655] (-) TimerEvent: {}
[4.371004] (-) TimerEvent: {}
[4.471796] (-) TimerEvent: {}
[4.572596] (-) TimerEvent: {}
[4.673337] (-) TimerEvent: {}
[4.774016] (-) TimerEvent: {}
[4.874435] (-) TimerEvent: {}
[4.975613] (-) TimerEvent: {}
[5.076761] (-) TimerEvent: {}
[5.177262] (-) TimerEvent: {}
[5.278515] (-) TimerEvent: {}
[5.380417] (-) TimerEvent: {}
[5.481461] (-) TimerEvent: {}
[5.587237] (-) TimerEvent: {}
[5.688082] (-) TimerEvent: {}
[5.789383] (-) TimerEvent: {}
[5.890426] (-) TimerEvent: {}
[5.991781] (-) TimerEvent: {}
[6.092578] (-) TimerEvent: {}
[6.199526] (-) TimerEvent: {}
[6.301504] (-) TimerEvent: {}
[6.402627] (-) TimerEvent: {}
[6.503515] (-) TimerEvent: {}
[6.604497] (-) TimerEvent: {}
[6.705299] (-) TimerEvent: {}
[6.807301] (-) TimerEvent: {}
[6.908643] (-) TimerEvent: {}
[7.009546] (-) TimerEvent: {}
[7.110589] (-) TimerEvent: {}
[7.211333] (-) TimerEvent: {}
[7.312635] (-) TimerEvent: {}
[7.413341] (-) TimerEvent: {}
[7.514747] (-) TimerEvent: {}
[7.616966] (-) TimerEvent: {}
[7.717914] (-) TimerEvent: {}
[7.819127] (-) TimerEvent: {}
[7.919770] (-) TimerEvent: {}
[8.021964] (-) TimerEvent: {}
[8.123569] (-) TimerEvent: {}
[8.224303] (-) TimerEvent: {}
[8.324862] (-) TimerEvent: {}
[8.425881] (-) TimerEvent: {}
[8.527241] (-) TimerEvent: {}
[8.628542] (-) TimerEvent: {}
[8.729646] (-) TimerEvent: {}
[8.831176] (-) TimerEvent: {}
[8.933116] (-) TimerEvent: {}
[9.034081] (-) TimerEvent: {}
[9.135268] (-) TimerEvent: {}
[9.236531] (-) TimerEvent: {}
[9.337593] (-) TimerEvent: {}
[9.438388] (-) TimerEvent: {}
[9.539428] (-) TimerEvent: {}
[9.641225] (-) TimerEvent: {}
[9.742028] (-) TimerEvent: {}
[9.843925] (-) TimerEvent: {}
[9.944325] (-) TimerEvent: {}
[10.044764] (-) TimerEvent: {}
[10.145283] (-) TimerEvent: {}
[10.245693] (-) TimerEvent: {}
[10.346264] (-) TimerEvent: {}
[10.446985] (-) TimerEvent: {}
[10.548157] (-) TimerEvent: {}
[10.649376] (-) TimerEvent: {}
[10.750157] (-) TimerEvent: {}
[10.855072] (-) TimerEvent: {}
[10.956133] (-) TimerEvent: {}
[11.057241] (-) TimerEvent: {}
[11.158354] (-) TimerEvent: {}
[11.259657] (-) TimerEvent: {}
[11.360390] (-) TimerEvent: {}
[11.461655] (-) TimerEvent: {}
[11.562324] (-) TimerEvent: {}
[11.663151] (-) TimerEvent: {}
[11.764073] (-) TimerEvent: {}
[11.866050] (-) TimerEvent: {}
[11.966965] (-) TimerEvent: {}
[12.068081] (-) TimerEvent: {}
[12.168621] (-) TimerEvent: {}
[12.269604] (-) TimerEvent: {}
[12.370953] (-) TimerEvent: {}
[12.471690] (-) TimerEvent: {}
[12.573011] (-) TimerEvent: {}
[12.674777] (-) TimerEvent: {}
[12.775498] (-) TimerEvent: {}
[12.876409] (-) TimerEvent: {}
[12.977439] (-) TimerEvent: {}
[13.080741] (-) TimerEvent: {}
[13.181592] (-) TimerEvent: {}
[13.282418] (-) TimerEvent: {}
[13.383376] (-) TimerEvent: {}
[13.484637] (-) TimerEvent: {}
[13.585906] (-) TimerEvent: {}
[13.686821] (-) TimerEvent: {}
[13.787807] (-) TimerEvent: {}
[13.888704] (-) TimerEvent: {}
[13.993676] (-) TimerEvent: {}
[14.094583] (-) TimerEvent: {}
[14.195351] (-) TimerEvent: {}
[14.296597] (-) TimerEvent: {}
[14.397788] (-) TimerEvent: {}
[14.498532] (-) TimerEvent: {}
[14.599486] (-) TimerEvent: {}
[14.700651] (-) TimerEvent: {}
[14.801884] (-) TimerEvent: {}
[14.902896] (-) TimerEvent: {}
[15.003816] (-) TimerEvent: {}
[15.104747] (-) TimerEvent: {}
[15.205867] (-) TimerEvent: {}
[15.306519] (-) TimerEvent: {}
[15.407150] (-) TimerEvent: {}
[15.507935] (-) TimerEvent: {}
[15.608429] (-) TimerEvent: {}
[15.709022] (-) TimerEvent: {}
[15.809773] (-) TimerEvent: {}
[15.911815] (-) TimerEvent: {}
[16.014027] (-) TimerEvent: {}
[16.115656] (-) TimerEvent: {}
[16.216360] (-) TimerEvent: {}
[16.274941] (aurora_core) StdoutLine: {'line': b'[100%] \x1b[32m\x1b[1mLinking CXX executable aurora_node_core\x1b[0m\n'}
[16.316439] (-) TimerEvent: {}
[16.416975] (-) TimerEvent: {}
[16.520005] (-) TimerEvent: {}
[16.621256] (-) TimerEvent: {}
[16.722175] (-) TimerEvent: {}
[16.823285] (-) TimerEvent: {}
[16.923948] (-) TimerEvent: {}
[17.025474] (-) TimerEvent: {}
[17.126170] (-) TimerEvent: {}
[17.226889] (-) TimerEvent: {}
[17.327642] (-) TimerEvent: {}
[17.428151] (-) TimerEvent: {}
[17.529255] (-) TimerEvent: {}
[17.629868] (-) TimerEvent: {}
[17.730617] (-) TimerEvent: {}
[17.831509] (-) TimerEvent: {}
[17.933468] (-) TimerEvent: {}
[18.035368] (-) TimerEvent: {}
[18.139184] (-) TimerEvent: {}
[18.240250] (-) TimerEvent: {}
[18.342199] (-) TimerEvent: {}
[18.444435] (-) TimerEvent: {}
[18.545440] (-) TimerEvent: {}
[18.646474] (-) TimerEvent: {}
[18.747341] (-) TimerEvent: {}
[18.848952] (-) TimerEvent: {}
[18.950639] (-) TimerEvent: {}
[19.051509] (-) TimerEvent: {}
[19.152686] (-) TimerEvent: {}
[19.253415] (-) TimerEvent: {}
[19.354433] (-) TimerEvent: {}
[19.455089] (-) TimerEvent: {}
[19.555838] (-) TimerEvent: {}
[19.656416] (-) TimerEvent: {}
[19.757661] (-) TimerEvent: {}
[19.859101] (-) TimerEvent: {}
[19.960050] (-) TimerEvent: {}
[20.060954] (-) TimerEvent: {}
[20.161938] (-) TimerEvent: {}
[20.262493] (-) TimerEvent: {}
[20.363213] (-) TimerEvent: {}
[20.464654] (-) TimerEvent: {}
[20.565757] (-) TimerEvent: {}
[20.666563] (-) TimerEvent: {}
[20.767311] (-) TimerEvent: {}
[20.867896] (-) TimerEvent: {}
[20.972178] (-) TimerEvent: {}
[21.074677] (-) TimerEvent: {}
[21.175873] (-) TimerEvent: {}
[21.276435] (-) TimerEvent: {}
[21.377400] (-) TimerEvent: {}
[21.478386] (-) TimerEvent: {}
[21.579006] (-) TimerEvent: {}
[21.679900] (-) TimerEvent: {}
[21.780670] (-) TimerEvent: {}
[21.883030] (-) TimerEvent: {}
[21.984720] (-) TimerEvent: {}
[22.085665] (-) TimerEvent: {}
[22.186896] (-) TimerEvent: {}
[22.287453] (-) TimerEvent: {}
[22.388306] (-) TimerEvent: {}
[22.489319] (-) TimerEvent: {}
[22.590622] (-) TimerEvent: {}
[22.693001] (-) TimerEvent: {}
[22.793873] (-) TimerEvent: {}
[22.897420] (-) TimerEvent: {}
[22.901242] (aurora_core) StdoutLine: {'line': b'[100%] Built target aurora_node_core\n'}
[22.943484] (aurora_core) CommandEnded: {'returncode': 0}
[22.997644] (-) TimerEvent: {}
[23.098639] (-) TimerEvent: {}
[23.145006] (aurora_core) JobProgress: {'identifier': 'aurora_core', 'progress': 'install'}
[23.170095] (aurora_core) Command: {'cmd': ['/usr/bin/cmake', '--install', '/home/brown/Projects/MiningRobot/ros2_workspace/build/aurora_core'], 'cwd': '/home/brown/Projects/MiningRobot/ros2_workspace/build/aurora_core', 'env': OrderedDict([('SHELL', '/bin/bash'), ('ROS_VERSION', '2'), ('WINDOWID', '1'), ('COLORTERM', 'truecolor'), ('XDG_CONFIG_DIRS', '/home/brown/.config/kdedefaults:/etc/xdg'), ('KGLOBALACCELD_PLATFORM', 'org.kde.kwin'), ('TERM_PROGRAM_VERSION', '3.3a'), ('TMUX', '/tmp/tmux-1000/default,1806,0'), ('PKG_CONFIG_PATH', '/opt/ros/humble/lib/pkgconfig'), ('ROS_PYTHON_VERSION', '3'), ('LANGUAGE', ''), ('SHELL_SESSION_ID', 'adab33755f16428db603933a933b68e7'), ('MEMORY_PRESSURE_WRITE', 'c29tZSAyMDAwMDAgMjAwMDAwMAA='), ('XCURSOR_SIZE', '24'), ('EDITOR', '/usr/bin/nvim'), ('XDG_SEAT', 'seat0'), ('PWD', '/home/brown/Projects/MiningRobot/ros2_workspace/build/aurora_core'), ('LOGNAME', 'brown'), ('XDG_SESSION_TYPE', 'wayland'), ('SYSTEMD_EXEC_PID', '506'), ('XAUTHORITY', '/run/user/1000/xauth_qwjjoz'), ('MOTD_SHOWN', 'pam'), ('HOME', '/home/brown'), ('LANG', 'C.UTF-8'), ('XDG_CURRENT_DESKTOP', 'KDE'), ('KONSOLE_DBUS_SERVICE', ':1.86'), ('MEMORY_PRESSURE_WATCH', '/sys/fs/cgroup/user.slice/user-1000.slice/user@1000.service/session.slice/plasma-kwin_wayland.service/memory.pressure'), ('WAYLAND_DISPLAY', 'wayland-0'), ('KONSOLE_DBUS_SESSION', '/Sessions/2'), ('PROFILEHOME', ''), ('AMENT_PREFIX_PATH', '/home/brown/Projects/MiningRobot/ros2_workspace/install/aurora_core:/home/brown/Projects/MiningRobot/ros2_workspace/install/ros2_ouster:/home/brown/Projects/MiningRobot/ros2_workspace/install/perception_pcl:/home/brown/Projects/MiningRobot/ros2_workspace/install/pcl_ros:/home/brown/Projects/MiningRobot/ros2_workspace/install/pcl_conversions:/home/brown/Projects/MiningRobot/ros2_workspace/install/pcl_msgs:/home/brown/Projects/MiningRobot/ros2_workspace/install/ouster_msgs:/opt/ros/humble'), ('CMAKE_PREFIX_PATH', '/home/brown/Projects/MiningRobot/ros2_workspace/install/ros2_ouster:/home/brown/Projects/MiningRobot/ros2_workspace/install/pcl_conversions:/home/brown/Projects/MiningRobot/ros2_workspace/install/pcl_msgs:/home/brown/Projects/MiningRobot/ros2_workspace/install/ouster_msgs:/home/brown/Projects/MiningRobot/ros2_workspace/install/aurora_core:/home/brown/Projects/MiningRobot/ros2_workspace/install/perception_pcl:/home/brown/Projects/MiningRobot/ros2_workspace/install/pcl_ros:/opt/ros/humble'), ('COLCON_PREFIX_PATH', '/home/brown/Projects/MiningRobot/ros2_workspace/install:/opt/ros/humble'), ('INVOCATION_ID', '0451ff8a5b7f45339296dc187b8cbfb5'), ('KONSOLE_VERSION', '230801'), ('MANAGERPID', '465'), ('KDE_SESSION_UID', '1000'), ('XDG_ACTIVATION_TOKEN', 'kwin-2'), ('XDG_SESSION_CLASS', 'user'), ('PYTHONPATH', '/home/brown/Projects/MiningRobot/ros2_workspace/install/pcl_msgs/lib/python3.11/site-packages:/home/brown/Projects/MiningRobot/ros2_workspace/install/ouster_msgs/lib/python3.11/site-packages:/home/brown/.cache/yay/ros2-humble/src/install/lib/python3.11/dist-packages:/opt/ros/humble/lib/python3.11/site-packages'), ('COLCON', '1'), ('TERM', 'xterm-256color'), ('USER', 'brown'), ('TMUX_PANE', '%6'), ('CUDA_PATH', '/opt/cuda'), ('COLORFGBG', '15;0'), ('PLASMA_USE_QT_SCALING', '1'), ('KDE_SESSION_VERSION', '5'), ('QT_WAYLAND_FORCE_DPI', '96'), ('DISPLAY', ':0'), ('SHLVL', '3'), ('XDG_VTNR', '1'), ('XDG_SESSION_ID', '1'), ('LD_LIBRARY_PATH', '/home/brown/Projects/MiningRobot/ros2_workspace/install/ros2_ouster/lib:/home/brown/Projects/MiningRobot/ros2_workspace/install/pcl_msgs/lib:/home/brown/Projects/MiningRobot/ros2_workspace/install/ouster_msgs/lib:/home/brown/Projects/MiningRobot/ros2_workspace/install/pcl_ros/lib:/opt/ros/humble/opt/yaml_cpp_vendor/lib:/opt/ros/humble/opt/rviz_ogre_vendor/lib:/opt/ros/humble/lib'), ('XDG_RUNTIME_DIR', '/run/user/1000'), ('ROS_LOCALHOST_ONLY', '0'), ('DEBUGINFOD_URLS', 'https://debuginfod.archlinux.org'), ('QT_AUTO_SCREEN_SCALE_FACTOR', '0'), ('JOURNAL_STREAM', '8:14885'), ('XCURSOR_THEME', 'breeze_cursors'), ('XDG_DATA_DIRS', '/home/brown/.local/share/flatpak/exports/share:/var/lib/flatpak/exports/share:/usr/local/share/:/usr/share/'), ('KDE_FULL_SESSION', 'true'), ('QSG_RENDER_LOOP', 'basic'), ('PATH', '/opt/ros/humble/bin:/home/brown/.local/bin:/home/brown/.local/bin:/home/brown/.local/bin:/usr/local/sbin:/usr/local/bin:/usr/bin:/opt/cuda/bin:/opt/cuda/nsight_compute:/opt/cuda/nsight_systems/bin:/var/lib/flatpak/exports/bin:/usr/lib/jvm/default/bin:/usr/bin/site_perl:/usr/bin/vendor_perl:/usr/bin/core_perl:/opt/cuda/bin:/opt/cuda/nsight_compute:/opt/cuda/nsight_systems/bin'), ('DBUS_SESSION_BUS_ADDRESS', 'unix:path=/run/user/1000/bus'), ('KDE_APPLICATIONS_AS_SCOPE', '1'), ('MAIL', '/var/spool/mail/brown'), ('ROS_DISTRO', 'humble'), ('OLDPWD', '/home/brown/Projects/MiningRobot/ros2_workspace/aurora_core_sl'), ('TERM_PROGRAM', 'tmux'), ('KONSOLE_DBUS_WINDOW', '/Windows/1'), ('_', '/usr/bin/env')]), 'shell': False}
[23.198926] (-) TimerEvent: {}
[23.221407] (aurora_core) StdoutLine: {'line': b'-- Install configuration: ""\n'}
[23.224002] (aurora_core) StdoutLine: {'line': b'-- Installing: /home/brown/Projects/MiningRobot/ros2_workspace/install/aurora_core/lib/aurora_core/aurora_node_core\n'}
[23.231133] (aurora_core) StdoutLine: {'line': b'-- Set runtime path of "/home/brown/Projects/MiningRobot/ros2_workspace/install/aurora_core/lib/aurora_core/aurora_node_core" to ""\n'}
[23.232303] (aurora_core) StdoutLine: {'line': b'-- Up-to-date: /home/brown/Projects/MiningRobot/ros2_workspace/install/aurora_core/share/ament_index/resource_index/package_run_dependencies/aurora_core\n'}
[23.232945] (aurora_core) StdoutLine: {'line': b'-- Up-to-date: /home/brown/Projects/MiningRobot/ros2_workspace/install/aurora_core/share/ament_index/resource_index/parent_prefix_path/aurora_core\n'}
[23.233371] (aurora_core) StdoutLine: {'line': b'-- Up-to-date: /home/brown/Projects/MiningRobot/ros2_workspace/install/aurora_core/share/aurora_core/environment/ament_prefix_path.sh\n'}
[23.233803] (aurora_core) StdoutLine: {'line': b'-- Up-to-date: /home/brown/Projects/MiningRobot/ros2_workspace/install/aurora_core/share/aurora_core/environment/ament_prefix_path.dsv\n'}
[23.234197] (aurora_core) StdoutLine: {'line': b'-- Up-to-date: /home/brown/Projects/MiningRobot/ros2_workspace/install/aurora_core/share/aurora_core/environment/path.sh\n'}
[23.234595] (aurora_core) StdoutLine: {'line': b'-- Up-to-date: /home/brown/Projects/MiningRobot/ros2_workspace/install/aurora_core/share/aurora_core/environment/path.dsv\n'}
[23.235704] (aurora_core) StdoutLine: {'line': b'-- Up-to-date: /home/brown/Projects/MiningRobot/ros2_workspace/install/aurora_core/share/aurora_core/local_setup.bash\n'}
[23.236133] (aurora_core) StdoutLine: {'line': b'-- Up-to-date: /home/brown/Projects/MiningRobot/ros2_workspace/install/aurora_core/share/aurora_core/local_setup.sh\n'}
[23.236426] (aurora_core) StdoutLine: {'line': b'-- Up-to-date: /home/brown/Projects/MiningRobot/ros2_workspace/install/aurora_core/share/aurora_core/local_setup.zsh\n'}
[23.236783] (aurora_core) StdoutLine: {'line': b'-- Up-to-date: /home/brown/Projects/MiningRobot/ros2_workspace/install/aurora_core/share/aurora_core/local_setup.dsv\n'}
[23.237097] (aurora_core) StdoutLine: {'line': b'-- Installing: /home/brown/Projects/MiningRobot/ros2_workspace/install/aurora_core/share/aurora_core/package.dsv\n'}
[23.237430] (aurora_core) StdoutLine: {'line': b'-- Up-to-date: /home/brown/Projects/MiningRobot/ros2_workspace/install/aurora_core/share/ament_index/resource_index/packages/aurora_core\n'}
[23.237813] (aurora_core) StdoutLine: {'line': b'-- Up-to-date: /home/brown/Projects/MiningRobot/ros2_workspace/install/aurora_core/share/aurora_core/cmake/aurora_coreConfig.cmake\n'}
[23.239978] (aurora_core) StdoutLine: {'line': b'-- Up-to-date: /home/brown/Projects/MiningRobot/ros2_workspace/install/aurora_core/share/aurora_core/cmake/aurora_coreConfig-version.cmake\n'}
[23.242481] (aurora_core) StdoutLine: {'line': b'-- Up-to-date: /home/brown/Projects/MiningRobot/ros2_workspace/install/aurora_core/share/aurora_core/package.xml\n'}
[23.247795] (aurora_core) CommandEnded: {'returncode': 0}
[23.299146] (-) TimerEvent: {}
[23.399878] (-) TimerEvent: {}
[23.508973] (-) TimerEvent: {}
[23.618988] (-) TimerEvent: {}
[23.722605] (-) TimerEvent: {}
[23.824071] (-) TimerEvent: {}
[23.931503] (-) TimerEvent: {}
[24.032500] (-) TimerEvent: {}
[24.133476] (-) TimerEvent: {}
[24.215546] (aurora_core) JobEnded: {'identifier': 'aurora_core', 'rc': 0}
[24.220575] (-) EventReactorShutdown: {}
