[0.000000] (-) TimerEvent: {}
[0.001209] (ouster_msgs) JobQueued: {'identifier': 'ouster_msgs', 'dependencies': OrderedDict()}
[0.001487] (pcl_msgs) JobQueued: {'identifier': 'pcl_msgs', 'dependencies': OrderedDict()}
[0.001529] (pcl_conversions) JobQueued: {'identifier': 'pcl_conversions', 'dependencies': OrderedDict([('pcl_msgs', '/home/brown/Projects/MiningRobot/autonomy/ros2_workspace/install/pcl_msgs')])}
[0.001568] (pcl_ros) JobQueued: {'identifier': 'pcl_ros', 'dependencies': OrderedDict([('pcl_msgs', '/home/brown/Projects/MiningRobot/autonomy/ros2_workspace/install/pcl_msgs'), ('pcl_conversions', '/home/brown/Projects/MiningRobot/autonomy/ros2_workspace/install/pcl_conversions')])}
[0.001608] (ros2_ouster) JobQueued: {'identifier': 'ros2_ouster', 'dependencies': OrderedDict([('ouster_msgs', '/home/brown/Projects/MiningRobot/autonomy/ros2_workspace/install/ouster_msgs'), ('pcl_msgs', '/home/brown/Projects/MiningRobot/autonomy/ros2_workspace/install/pcl_msgs'), ('pcl_conversions', '/home/brown/Projects/MiningRobot/autonomy/ros2_workspace/install/pcl_conversions')])}
[0.001649] (aurora_core) JobQueued: {'identifier': 'aurora_core', 'dependencies': OrderedDict([('ouster_msgs', '/home/brown/Projects/MiningRobot/autonomy/ros2_workspace/install/ouster_msgs'), ('pcl_msgs', '/home/brown/Projects/MiningRobot/autonomy/ros2_workspace/install/pcl_msgs'), ('pcl_conversions', '/home/brown/Projects/MiningRobot/autonomy/ros2_workspace/install/pcl_conversions'), ('ros2_ouster', '/home/brown/Projects/MiningRobot/autonomy/ros2_workspace/install/ros2_ouster')])}
[0.001705] (perception_pcl) JobQueued: {'identifier': 'perception_pcl', 'dependencies': OrderedDict([('pcl_msgs', '/home/brown/Projects/MiningRobot/autonomy/ros2_workspace/install/pcl_msgs'), ('pcl_conversions', '/home/brown/Projects/MiningRobot/autonomy/ros2_workspace/install/pcl_conversions'), ('pcl_ros', '/home/brown/Projects/MiningRobot/autonomy/ros2_workspace/install/pcl_ros')])}
[0.001770] (pcl_msgs) JobStarted: {'identifier': 'pcl_msgs'}
[0.034148] (ouster_msgs) JobStarted: {'identifier': 'ouster_msgs'}
[0.069439] (pcl_msgs) JobProgress: {'identifier': 'pcl_msgs', 'progress': 'cmake'}
[0.070093] (pcl_msgs) Command: {'cmd': ['/usr/bin/cmake', '/home/brown/Projects/MiningRobot/autonomy/ros2_workspace/src/pcl_msgs', '-DCMAKE_INSTALL_PREFIX=/home/brown/Projects/MiningRobot/autonomy/ros2_workspace/install/pcl_msgs'], 'cwd': '/home/brown/Projects/MiningRobot/autonomy/ros2_workspace/build/pcl_msgs', 'env': OrderedDict([('SHELL', '/bin/bash'), ('WINDOWID', '1'), ('COLORTERM', 'truecolor'), ('XDG_CONFIG_DIRS', '/home/brown/.config/kdedefaults:/etc/xdg'), ('KGLOBALACCELD_PLATFORM', 'org.kde.kwin'), ('TERM_PROGRAM_VERSION', '3.3a'), ('TMUX', '/tmp/tmux-1000/default,1806,0'), ('LANGUAGE', ''), ('SHELL_SESSION_ID', 'adab33755f16428db603933a933b68e7'), ('MEMORY_PRESSURE_WRITE', 'c29tZSAyMDAwMDAgMjAwMDAwMAA='), ('XCURSOR_SIZE', '24'), ('EDITOR', '/usr/bin/nvim'), ('XDG_SEAT', 'seat0'), ('PWD', '/home/brown/Projects/MiningRobot/autonomy/ros2_workspace/build/pcl_msgs'), ('LOGNAME', 'brown'), ('XDG_SESSION_TYPE', 'wayland'), ('SYSTEMD_EXEC_PID', '506'), ('XAUTHORITY', '/run/user/1000/xauth_qwjjoz'), ('MOTD_SHOWN', 'pam'), ('HOME', '/home/brown'), ('LANG', 'C.UTF-8'), ('XDG_CURRENT_DESKTOP', 'KDE'), ('KONSOLE_DBUS_SERVICE', ':1.86'), ('MEMORY_PRESSURE_WATCH', '/sys/fs/cgroup/user.slice/user-1000.slice/user@1000.service/session.slice/plasma-kwin_wayland.service/memory.pressure'), ('WAYLAND_DISPLAY', 'wayland-0'), ('KONSOLE_DBUS_SESSION', '/Sessions/2'), ('PROFILEHOME', ''), ('INVOCATION_ID', '0451ff8a5b7f45339296dc187b8cbfb5'), ('KONSOLE_VERSION', '230801'), ('MANAGERPID', '465'), ('KDE_SESSION_UID', '1000'), ('XDG_ACTIVATION_TOKEN', 'kwin-2'), ('XDG_SESSION_CLASS', 'user'), ('COLCON', '1'), ('TERM', 'xterm-256color'), ('USER', 'brown'), ('TMUX_PANE', '%9'), ('CUDA_PATH', '/opt/cuda'), ('COLORFGBG', '15;0'), ('PLASMA_USE_QT_SCALING', '1'), ('KDE_SESSION_VERSION', '5'), ('QT_WAYLAND_FORCE_DPI', '96'), ('DISPLAY', ':0'), ('SHLVL', '2'), ('XDG_VTNR', '1'), ('XDG_SESSION_ID', '1'), ('XDG_RUNTIME_DIR', '/run/user/1000'), ('DEBUGINFOD_URLS', 'https://debuginfod.archlinux.org'), ('QT_AUTO_SCREEN_SCALE_FACTOR', '0'), ('JOURNAL_STREAM', '8:14885'), ('XCURSOR_THEME', 'breeze_cursors'), ('XDG_DATA_DIRS', '/home/brown/.local/share/flatpak/exports/share:/var/lib/flatpak/exports/share:/usr/local/share/:/usr/share/'), ('KDE_FULL_SESSION', 'true'), ('QSG_RENDER_LOOP', 'basic'), ('PATH', '/home/brown/.local/bin:/home/brown/.local/bin:/home/brown/.local/bin:/usr/local/sbin:/usr/local/bin:/usr/bin:/opt/cuda/bin:/opt/cuda/nsight_compute:/opt/cuda/nsight_systems/bin:/var/lib/flatpak/exports/bin:/usr/lib/jvm/default/bin:/usr/bin/site_perl:/usr/bin/vendor_perl:/usr/bin/core_perl:/opt/cuda/bin:/opt/cuda/nsight_compute:/opt/cuda/nsight_systems/bin'), ('DBUS_SESSION_BUS_ADDRESS', 'unix:path=/run/user/1000/bus'), ('KDE_APPLICATIONS_AS_SCOPE', '1'), ('MAIL', '/var/spool/mail/brown'), ('OLDPWD', '/home/brown'), ('TERM_PROGRAM', 'tmux'), ('KONSOLE_DBUS_WINDOW', '/Windows/1'), ('_', '/usr/bin/env')]), 'shell': False}
[0.076510] (ouster_msgs) JobProgress: {'identifier': 'ouster_msgs', 'progress': 'cmake'}
[0.077039] (ouster_msgs) Command: {'cmd': ['/usr/bin/cmake', '/home/brown/Projects/MiningRobot/autonomy/ros2_workspace/src/ros2_ouster_drivers/ouster_msgs', '-DCMAKE_INSTALL_PREFIX=/home/brown/Projects/MiningRobot/autonomy/ros2_workspace/install/ouster_msgs'], 'cwd': '/home/brown/Projects/MiningRobot/autonomy/ros2_workspace/build/ouster_msgs', 'env': OrderedDict([('SHELL', '/bin/bash'), ('WINDOWID', '1'), ('COLORTERM', 'truecolor'), ('XDG_CONFIG_DIRS', '/home/brown/.config/kdedefaults:/etc/xdg'), ('KGLOBALACCELD_PLATFORM', 'org.kde.kwin'), ('TERM_PROGRAM_VERSION', '3.3a'), ('TMUX', '/tmp/tmux-1000/default,1806,0'), ('LANGUAGE', ''), ('SHELL_SESSION_ID', 'adab33755f16428db603933a933b68e7'), ('MEMORY_PRESSURE_WRITE', 'c29tZSAyMDAwMDAgMjAwMDAwMAA='), ('XCURSOR_SIZE', '24'), ('EDITOR', '/usr/bin/nvim'), ('XDG_SEAT', 'seat0'), ('PWD', '/home/brown/Projects/MiningRobot/autonomy/ros2_workspace/build/ouster_msgs'), ('LOGNAME', 'brown'), ('XDG_SESSION_TYPE', 'wayland'), ('SYSTEMD_EXEC_PID', '506'), ('XAUTHORITY', '/run/user/1000/xauth_qwjjoz'), ('MOTD_SHOWN', 'pam'), ('HOME', '/home/brown'), ('LANG', 'C.UTF-8'), ('XDG_CURRENT_DESKTOP', 'KDE'), ('KONSOLE_DBUS_SERVICE', ':1.86'), ('MEMORY_PRESSURE_WATCH', '/sys/fs/cgroup/user.slice/user-1000.slice/user@1000.service/session.slice/plasma-kwin_wayland.service/memory.pressure'), ('WAYLAND_DISPLAY', 'wayland-0'), ('KONSOLE_DBUS_SESSION', '/Sessions/2'), ('PROFILEHOME', ''), ('INVOCATION_ID', '0451ff8a5b7f45339296dc187b8cbfb5'), ('KONSOLE_VERSION', '230801'), ('MANAGERPID', '465'), ('KDE_SESSION_UID', '1000'), ('XDG_ACTIVATION_TOKEN', 'kwin-2'), ('XDG_SESSION_CLASS', 'user'), ('COLCON', '1'), ('TERM', 'xterm-256color'), ('USER', 'brown'), ('TMUX_PANE', '%9'), ('CUDA_PATH', '/opt/cuda'), ('COLORFGBG', '15;0'), ('PLASMA_USE_QT_SCALING', '1'), ('KDE_SESSION_VERSION', '5'), ('QT_WAYLAND_FORCE_DPI', '96'), ('DISPLAY', ':0'), ('SHLVL', '2'), ('XDG_VTNR', '1'), ('XDG_SESSION_ID', '1'), ('XDG_RUNTIME_DIR', '/run/user/1000'), ('DEBUGINFOD_URLS', 'https://debuginfod.archlinux.org'), ('QT_AUTO_SCREEN_SCALE_FACTOR', '0'), ('JOURNAL_STREAM', '8:14885'), ('XCURSOR_THEME', 'breeze_cursors'), ('XDG_DATA_DIRS', '/home/brown/.local/share/flatpak/exports/share:/var/lib/flatpak/exports/share:/usr/local/share/:/usr/share/'), ('KDE_FULL_SESSION', 'true'), ('QSG_RENDER_LOOP', 'basic'), ('PATH', '/home/brown/.local/bin:/home/brown/.local/bin:/home/brown/.local/bin:/usr/local/sbin:/usr/local/bin:/usr/bin:/opt/cuda/bin:/opt/cuda/nsight_compute:/opt/cuda/nsight_systems/bin:/var/lib/flatpak/exports/bin:/usr/lib/jvm/default/bin:/usr/bin/site_perl:/usr/bin/vendor_perl:/usr/bin/core_perl:/opt/cuda/bin:/opt/cuda/nsight_compute:/opt/cuda/nsight_systems/bin'), ('DBUS_SESSION_BUS_ADDRESS', 'unix:path=/run/user/1000/bus'), ('KDE_APPLICATIONS_AS_SCOPE', '1'), ('MAIL', '/var/spool/mail/brown'), ('OLDPWD', '/home/brown'), ('TERM_PROGRAM', 'tmux'), ('KONSOLE_DBUS_WINDOW', '/Windows/1'), ('_', '/usr/bin/env')]), 'shell': False}
[0.099689] (-) TimerEvent: {}
[0.174067] (pcl_msgs) StdoutLine: {'line': b'-- The C compiler identification is GNU 13.2.1\n'}
[0.188321] (ouster_msgs) StdoutLine: {'line': b'-- The C compiler identification is GNU 13.2.1\n'}
[0.199818] (-) TimerEvent: {}
[0.300801] (-) TimerEvent: {}
[0.322713] (pcl_msgs) StdoutLine: {'line': b'-- The CXX compiler identification is GNU 13.2.1\n'}
[0.340635] (ouster_msgs) StdoutLine: {'line': b'-- The CXX compiler identification is GNU 13.2.1\n'}
[0.352774] (pcl_msgs) StdoutLine: {'line': b'-- Detecting C compiler ABI info\n'}
[0.367944] (ouster_msgs) StdoutLine: {'line': b'-- Detecting C compiler ABI info\n'}
[0.400918] (-) TimerEvent: {}
[0.465462] (pcl_msgs) StdoutLine: {'line': b'-- Detecting C compiler ABI info - done\n'}
[0.478725] (pcl_msgs) StdoutLine: {'line': b'-- Check for working C compiler: /usr/bin/cc - skipped\n'}
[0.479162] (pcl_msgs) StdoutLine: {'line': b'-- Detecting C compile features\n'}
[0.480010] (pcl_msgs) StdoutLine: {'line': b'-- Detecting C compile features - done\n'}
[0.482516] (ouster_msgs) StdoutLine: {'line': b'-- Detecting C compiler ABI info - done\n'}
[0.499332] (ouster_msgs) StdoutLine: {'line': b'-- Check for working C compiler: /usr/bin/cc - skipped\n'}
[0.499892] (ouster_msgs) StdoutLine: {'line': b'-- Detecting C compile features\n'}
[0.500873] (ouster_msgs) StdoutLine: {'line': b'-- Detecting C compile features - done\n'}
[0.501095] (-) TimerEvent: {}
[0.502679] (pcl_msgs) StdoutLine: {'line': b'-- Detecting CXX compiler ABI info\n'}
[0.520539] (ouster_msgs) StdoutLine: {'line': b'-- Detecting CXX compiler ABI info\n'}
[0.601244] (-) TimerEvent: {}
[0.698176] (pcl_msgs) StdoutLine: {'line': b'-- Detecting CXX compiler ABI info - done\n'}
[0.701346] (-) TimerEvent: {}
[0.717140] (ouster_msgs) StdoutLine: {'line': b'-- Detecting CXX compiler ABI info - done\n'}
[0.719900] (pcl_msgs) StdoutLine: {'line': b'-- Check for working CXX compiler: /usr/bin/c++ - skipped\n'}
[0.720383] (pcl_msgs) StdoutLine: {'line': b'-- Detecting CXX compile features\n'}
[0.721208] (pcl_msgs) StdoutLine: {'line': b'-- Detecting CXX compile features - done\n'}
[0.739932] (ouster_msgs) StdoutLine: {'line': b'-- Check for working CXX compiler: /usr/bin/c++ - skipped\n'}
[0.740282] (ouster_msgs) StdoutLine: {'line': b'-- Detecting CXX compile features\n'}
[0.741495] (ouster_msgs) StdoutLine: {'line': b'-- Detecting CXX compile features - done\n'}
[0.747619] (pcl_msgs) StderrLine: {'line': b'\x1b[31mCMake Error at CMakeLists.txt:13 (find_package):\n'}
[0.747894] (pcl_msgs) StderrLine: {'line': b'  By not providing "Findament_cmake.cmake" in CMAKE_MODULE_PATH this project\n'}
[0.748074] (pcl_msgs) StderrLine: {'line': b'  has asked CMake to find a package configuration file provided by\n'}
[0.748250] (pcl_msgs) StderrLine: {'line': b'  "ament_cmake", but CMake did not find one.\n'}
[0.748399] (pcl_msgs) StderrLine: {'line': b'\n'}
[0.748541] (pcl_msgs) StderrLine: {'line': b'  Could not find a package configuration file provided by "ament_cmake" with\n'}
[0.748675] (pcl_msgs) StderrLine: {'line': b'  any of the following names:\n'}
[0.748885] (pcl_msgs) StderrLine: {'line': b'\n'}
[0.749026] (pcl_msgs) StderrLine: {'line': b'    ament_cmakeConfig.cmake\n'}
[0.749158] (pcl_msgs) StderrLine: {'line': b'    ament_cmake-config.cmake\n'}
[0.749293] (pcl_msgs) StderrLine: {'line': b'\n'}
[0.749435] (pcl_msgs) StderrLine: {'line': b'  Add the installation prefix of "ament_cmake" to CMAKE_PREFIX_PATH or set\n'}
[0.749584] (pcl_msgs) StderrLine: {'line': b'  "ament_cmake_DIR" to a directory containing one of the above files.  If\n'}
[0.749726] (pcl_msgs) StderrLine: {'line': b'  "ament_cmake" provides a separate development package or SDK, be sure it\n'}
[0.749865] (pcl_msgs) StderrLine: {'line': b'  has been installed.\n'}
[0.750010] (pcl_msgs) StderrLine: {'line': b'\n'}
[0.750144] (pcl_msgs) StderrLine: {'line': b'\x1b[0m\n'}
[0.750284] (pcl_msgs) StdoutLine: {'line': b'-- Configuring incomplete, errors occurred!\n'}
[0.756170] (pcl_msgs) CommandEnded: {'returncode': 1}
[0.769976] (ouster_msgs) StderrLine: {'line': b'\x1b[31mCMake Error at CMakeLists.txt:4 (find_package):\n'}
[0.770271] (ouster_msgs) StderrLine: {'line': b'  By not providing "Findament_cmake.cmake" in CMAKE_MODULE_PATH this project\n'}
[0.771818] (ouster_msgs) StderrLine: {'line': b'  has asked CMake to find a package configuration file provided by\n'}
[0.772108] (ouster_msgs) StderrLine: {'line': b'  "ament_cmake", but CMake did not find one.\n'}
[0.772281] (ouster_msgs) StderrLine: {'line': b'\n'}
[0.772463] (ouster_msgs) StderrLine: {'line': b'  Could not find a package configuration file provided by "ament_cmake" with\n'}
[0.772630] (ouster_msgs) StderrLine: {'line': b'  any of the following names:\n'}
[0.772787] (ouster_msgs) StderrLine: {'line': b'\n'}
[0.772952] (ouster_msgs) StderrLine: {'line': b'    ament_cmakeConfig.cmake\n'}
[0.773118] (ouster_msgs) StderrLine: {'line': b'    ament_cmake-config.cmake\n'}
[0.773477] (ouster_msgs) StderrLine: {'line': b'\n'}
[0.773769] (ouster_msgs) StderrLine: {'line': b'  Add the installation prefix of "ament_cmake" to CMAKE_PREFIX_PATH or set\n'}
[0.774029] (ouster_msgs) StderrLine: {'line': b'  "ament_cmake_DIR" to a directory containing one of the above files.  If\n'}
[0.774246] (ouster_msgs) StderrLine: {'line': b'  "ament_cmake" provides a separate development package or SDK, be sure it\n'}
[0.774409] (ouster_msgs) StderrLine: {'line': b'  has been installed.\n'}
[0.774564] (ouster_msgs) StderrLine: {'line': b'\n'}
[0.774895] (ouster_msgs) StderrLine: {'line': b'\x1b[0m\n'}
[0.775165] (ouster_msgs) StdoutLine: {'line': b'-- Configuring incomplete, errors occurred!\n'}
[0.777827] (ouster_msgs) CommandEnded: {'returncode': 1}
[0.801499] (-) TimerEvent: {}
[0.862926] (pcl_msgs) JobEnded: {'identifier': 'pcl_msgs', 'rc': 1}
[0.866106] (ouster_msgs) JobEnded: {'identifier': 'ouster_msgs', 'rc': 'SIGINT'}
[0.870657] (pcl_conversions) JobSkipped: {'identifier': 'pcl_conversions'}
[0.870765] (pcl_ros) JobSkipped: {'identifier': 'pcl_ros'}
[0.870825] (ros2_ouster) JobSkipped: {'identifier': 'ros2_ouster'}
[0.870884] (aurora_core) JobSkipped: {'identifier': 'aurora_core'}
[0.870945] (perception_pcl) JobSkipped: {'identifier': 'perception_pcl'}
[0.871008] (-) EventReactorShutdown: {}
