[0.936s] DEBUG:colcon:Command line arguments: ['/usr/bin/colcon', 'build']
[0.936s] DEBUG:colcon:Parsed command line arguments: Namespace(log_base=None, log_level=None, verb_name='build', build_base='build', install_base='install', merge_install=False, symlink_install=False, test_result_base=None, continue_on_error=False, executor='parallel', parallel_workers=4, event_handlers=None, ignore_user_meta=False, metas=['./colcon.meta'], base_paths=['.'], packages_ignore=None, packages_ignore_regex=None, paths=None, packages_up_to=None, packages_up_to_regex=None, packages_above=None, packages_above_and_dependencies=None, packages_above_depth=None, packages_select_by_dep=None, packages_skip_by_dep=None, packages_skip_up_to=None, packages_select_build_failed=False, packages_skip_build_finished=False, packages_select_test_failures=False, packages_skip_test_passed=False, packages_select=None, packages_skip=None, packages_select_regex=None, packages_skip_regex=None, packages_start=None, packages_end=None, cmake_args=None, cmake_target=None, cmake_target_skip_unavailable=False, cmake_clean_cache=False, cmake_clean_first=False, cmake_force_configure=False, ament_cmake_args=None, catkin_cmake_args=None, catkin_skip_building_tests=False, verb_parser=<colcon_defaults.argument_parser.defaults.DefaultArgumentsDecorator object at 0x7f42ed839710>, verb_extension=<colcon_core.verb.build.BuildVerb object at 0x7f42ed7d6c10>, main=<bound method BuildVerb.main of <colcon_core.verb.build.BuildVerb object at 0x7f42ed7d6c10>>)
[1.008s] Level 1:colcon.colcon_core.package_discovery:discover_packages(colcon_meta) check parameters
[1.008s] Level 1:colcon.colcon_core.package_discovery:discover_packages(recursive) check parameters
[1.009s] Level 1:colcon.colcon_core.package_discovery:discover_packages(ignore) check parameters
[1.009s] Level 1:colcon.colcon_core.package_discovery:discover_packages(path) check parameters
[1.009s] Level 1:colcon.colcon_core.package_discovery:discover_packages(colcon_meta) discover
[1.010s] Level 1:colcon.colcon_core.package_discovery:discover_packages(recursive) discover
[1.010s] INFO:colcon.colcon_core.package_discovery:Crawling recursively for packages in '/home/brown/Projects/MiningRobot/autonomy/ros2_workspace'
[1.010s] Level 1:colcon.colcon_core.package_identification:_identify(.) by extensions ['ignore', 'ignore_ament_install']
[1.011s] Level 1:colcon.colcon_core.package_identification:_identify(.) by extension 'ignore'
[1.011s] Level 1:colcon.colcon_core.package_identification:_identify(.) by extension 'ignore_ament_install'
[1.012s] Level 1:colcon.colcon_core.package_identification:_identify(.) by extensions ['colcon_pkg']
[1.012s] Level 1:colcon.colcon_core.package_identification:_identify(.) by extension 'colcon_pkg'
[1.012s] Level 1:colcon.colcon_core.package_identification:_identify(.) by extensions ['colcon_meta']
[1.012s] Level 1:colcon.colcon_core.package_identification:_identify(.) by extension 'colcon_meta'
[1.013s] Level 1:colcon.colcon_core.package_identification:_identify(.) by extensions ['ros']
[1.013s] Level 1:colcon.colcon_core.package_identification:_identify(.) by extension 'ros'
[1.085s] Level 1:colcon.colcon_core.package_identification:_identify(.) by extensions ['cmake', 'python']
[1.085s] Level 1:colcon.colcon_core.package_identification:_identify(.) by extension 'cmake'
[1.085s] Level 1:colcon.colcon_core.package_identification:_identify(.) by extension 'python'
[1.086s] Level 1:colcon.colcon_core.package_identification:_identify(.) by extensions ['python_setup_py']
[1.086s] Level 1:colcon.colcon_core.package_identification:_identify(.) by extension 'python_setup_py'
[1.086s] Level 1:colcon.colcon_core.package_identification:_identify(__pycache__) by extensions ['ignore', 'ignore_ament_install']
[1.086s] Level 1:colcon.colcon_core.package_identification:_identify(__pycache__) by extension 'ignore'
[1.086s] Level 1:colcon.colcon_core.package_identification:_identify(__pycache__) by extension 'ignore_ament_install'
[1.087s] Level 1:colcon.colcon_core.package_identification:_identify(__pycache__) by extensions ['colcon_pkg']
[1.087s] Level 1:colcon.colcon_core.package_identification:_identify(__pycache__) by extension 'colcon_pkg'
[1.087s] Level 1:colcon.colcon_core.package_identification:_identify(__pycache__) by extensions ['colcon_meta']
[1.087s] Level 1:colcon.colcon_core.package_identification:_identify(__pycache__) by extension 'colcon_meta'
[1.087s] Level 1:colcon.colcon_core.package_identification:_identify(__pycache__) by extensions ['ros']
[1.087s] Level 1:colcon.colcon_core.package_identification:_identify(__pycache__) by extension 'ros'
[1.088s] Level 1:colcon.colcon_core.package_identification:_identify(__pycache__) by extensions ['cmake', 'python']
[1.088s] Level 1:colcon.colcon_core.package_identification:_identify(__pycache__) by extension 'cmake'
[1.088s] Level 1:colcon.colcon_core.package_identification:_identify(__pycache__) by extension 'python'
[1.088s] Level 1:colcon.colcon_core.package_identification:_identify(__pycache__) by extensions ['python_setup_py']
[1.088s] Level 1:colcon.colcon_core.package_identification:_identify(__pycache__) by extension 'python_setup_py'
[1.088s] Level 1:colcon.colcon_core.package_identification:_identify(aurora_core_sl) by extensions ['ignore', 'ignore_ament_install']
[1.088s] Level 1:colcon.colcon_core.package_identification:_identify(aurora_core_sl) by extension 'ignore'
[1.089s] Level 1:colcon.colcon_core.package_identification:_identify(aurora_core_sl) by extension 'ignore_ament_install'
[1.089s] Level 1:colcon.colcon_core.package_identification:_identify(aurora_core_sl) by extensions ['colcon_pkg']
[1.089s] Level 1:colcon.colcon_core.package_identification:_identify(aurora_core_sl) by extension 'colcon_pkg'
[1.089s] Level 1:colcon.colcon_core.package_identification:_identify(aurora_core_sl) by extensions ['colcon_meta']
[1.089s] Level 1:colcon.colcon_core.package_identification:_identify(aurora_core_sl) by extension 'colcon_meta'
[1.089s] Level 1:colcon.colcon_core.package_identification:_identify(aurora_core_sl) by extensions ['ros']
[1.089s] Level 1:colcon.colcon_core.package_identification:_identify(aurora_core_sl) by extension 'ros'
[1.098s] DEBUG:colcon.colcon_core.package_identification:Package 'aurora_core_sl' with type 'ros.ament_cmake' and name 'aurora_core'
[1.098s] Level 1:colcon.colcon_core.package_identification:_identify(build) by extensions ['ignore', 'ignore_ament_install']
[1.099s] Level 1:colcon.colcon_core.package_identification:_identify(build) by extension 'ignore'
[1.099s] Level 1:colcon.colcon_core.package_identification:_identify(build) ignored
[1.099s] Level 1:colcon.colcon_core.package_identification:_identify(install) by extensions ['ignore', 'ignore_ament_install']
[1.099s] Level 1:colcon.colcon_core.package_identification:_identify(install) by extension 'ignore'
[1.100s] Level 1:colcon.colcon_core.package_identification:_identify(install) ignored
[1.100s] Level 1:colcon.colcon_core.package_identification:_identify(log) by extensions ['ignore', 'ignore_ament_install']
[1.100s] Level 1:colcon.colcon_core.package_identification:_identify(log) by extension 'ignore'
[1.101s] Level 1:colcon.colcon_core.package_identification:_identify(log) ignored
[1.101s] Level 1:colcon.colcon_core.package_identification:_identify(old-build) by extensions ['ignore', 'ignore_ament_install']
[1.101s] Level 1:colcon.colcon_core.package_identification:_identify(old-build) by extension 'ignore'
[1.101s] Level 1:colcon.colcon_core.package_identification:_identify(old-build) ignored
[1.102s] Level 1:colcon.colcon_core.package_identification:_identify(old-install) by extensions ['ignore', 'ignore_ament_install']
[1.102s] Level 1:colcon.colcon_core.package_identification:_identify(old-install) by extension 'ignore'
[1.102s] Level 1:colcon.colcon_core.package_identification:_identify(old-install) ignored
[1.102s] Level 1:colcon.colcon_core.package_identification:_identify(old-old-build) by extensions ['ignore', 'ignore_ament_install']
[1.103s] Level 1:colcon.colcon_core.package_identification:_identify(old-old-build) by extension 'ignore'
[1.103s] Level 1:colcon.colcon_core.package_identification:_identify(old-old-build) ignored
[1.103s] Level 1:colcon.colcon_core.package_identification:_identify(src) by extensions ['ignore', 'ignore_ament_install']
[1.103s] Level 1:colcon.colcon_core.package_identification:_identify(src) by extension 'ignore'
[1.103s] Level 1:colcon.colcon_core.package_identification:_identify(src) by extension 'ignore_ament_install'
[1.103s] Level 1:colcon.colcon_core.package_identification:_identify(src) by extensions ['colcon_pkg']
[1.103s] Level 1:colcon.colcon_core.package_identification:_identify(src) by extension 'colcon_pkg'
[1.103s] Level 1:colcon.colcon_core.package_identification:_identify(src) by extensions ['colcon_meta']
[1.104s] Level 1:colcon.colcon_core.package_identification:_identify(src) by extension 'colcon_meta'
[1.104s] Level 1:colcon.colcon_core.package_identification:_identify(src) by extensions ['ros']
[1.104s] Level 1:colcon.colcon_core.package_identification:_identify(src) by extension 'ros'
[1.104s] Level 1:colcon.colcon_core.package_identification:_identify(src) by extensions ['cmake', 'python']
[1.104s] Level 1:colcon.colcon_core.package_identification:_identify(src) by extension 'cmake'
[1.104s] Level 1:colcon.colcon_core.package_identification:_identify(src) by extension 'python'
[1.104s] Level 1:colcon.colcon_core.package_identification:_identify(src) by extensions ['python_setup_py']
[1.104s] Level 1:colcon.colcon_core.package_identification:_identify(src) by extension 'python_setup_py'
[1.105s] Level 1:colcon.colcon_core.package_identification:_identify(src/pcl_msgs) by extensions ['ignore', 'ignore_ament_install']
[1.105s] Level 1:colcon.colcon_core.package_identification:_identify(src/pcl_msgs) by extension 'ignore'
[1.105s] Level 1:colcon.colcon_core.package_identification:_identify(src/pcl_msgs) by extension 'ignore_ament_install'
[1.105s] Level 1:colcon.colcon_core.package_identification:_identify(src/pcl_msgs) by extensions ['colcon_pkg']
[1.105s] Level 1:colcon.colcon_core.package_identification:_identify(src/pcl_msgs) by extension 'colcon_pkg'
[1.105s] Level 1:colcon.colcon_core.package_identification:_identify(src/pcl_msgs) by extensions ['colcon_meta']
[1.105s] Level 1:colcon.colcon_core.package_identification:_identify(src/pcl_msgs) by extension 'colcon_meta'
[1.105s] Level 1:colcon.colcon_core.package_identification:_identify(src/pcl_msgs) by extensions ['ros']
[1.106s] Level 1:colcon.colcon_core.package_identification:_identify(src/pcl_msgs) by extension 'ros'
[1.107s] DEBUG:colcon.colcon_core.package_identification:Package 'src/pcl_msgs' with type 'ros.ament_cmake' and name 'pcl_msgs'
[1.108s] Level 1:colcon.colcon_core.package_identification:_identify(src/perception_pcl) by extensions ['ignore', 'ignore_ament_install']
[1.108s] Level 1:colcon.colcon_core.package_identification:_identify(src/perception_pcl) by extension 'ignore'
[1.108s] Level 1:colcon.colcon_core.package_identification:_identify(src/perception_pcl) by extension 'ignore_ament_install'
[1.108s] Level 1:colcon.colcon_core.package_identification:_identify(src/perception_pcl) by extensions ['colcon_pkg']
[1.108s] Level 1:colcon.colcon_core.package_identification:_identify(src/perception_pcl) by extension 'colcon_pkg'
[1.108s] Level 1:colcon.colcon_core.package_identification:_identify(src/perception_pcl) by extensions ['colcon_meta']
[1.108s] Level 1:colcon.colcon_core.package_identification:_identify(src/perception_pcl) by extension 'colcon_meta'
[1.108s] Level 1:colcon.colcon_core.package_identification:_identify(src/perception_pcl) by extensions ['ros']
[1.108s] Level 1:colcon.colcon_core.package_identification:_identify(src/perception_pcl) by extension 'ros'
[1.109s] Level 1:colcon.colcon_core.package_identification:_identify(src/perception_pcl) by extensions ['cmake', 'python']
[1.109s] Level 1:colcon.colcon_core.package_identification:_identify(src/perception_pcl) by extension 'cmake'
[1.109s] Level 1:colcon.colcon_core.package_identification:_identify(src/perception_pcl) by extension 'python'
[1.109s] Level 1:colcon.colcon_core.package_identification:_identify(src/perception_pcl) by extensions ['python_setup_py']
[1.109s] Level 1:colcon.colcon_core.package_identification:_identify(src/perception_pcl) by extension 'python_setup_py'
[1.109s] Level 1:colcon.colcon_core.package_identification:_identify(src/perception_pcl/pcl_conversions) by extensions ['ignore', 'ignore_ament_install']
[1.110s] Level 1:colcon.colcon_core.package_identification:_identify(src/perception_pcl/pcl_conversions) by extension 'ignore'
[1.110s] Level 1:colcon.colcon_core.package_identification:_identify(src/perception_pcl/pcl_conversions) by extension 'ignore_ament_install'
[1.110s] Level 1:colcon.colcon_core.package_identification:_identify(src/perception_pcl/pcl_conversions) by extensions ['colcon_pkg']
[1.110s] Level 1:colcon.colcon_core.package_identification:_identify(src/perception_pcl/pcl_conversions) by extension 'colcon_pkg'
[1.110s] Level 1:colcon.colcon_core.package_identification:_identify(src/perception_pcl/pcl_conversions) by extensions ['colcon_meta']
[1.110s] Level 1:colcon.colcon_core.package_identification:_identify(src/perception_pcl/pcl_conversions) by extension 'colcon_meta'
[1.110s] Level 1:colcon.colcon_core.package_identification:_identify(src/perception_pcl/pcl_conversions) by extensions ['ros']
[1.110s] Level 1:colcon.colcon_core.package_identification:_identify(src/perception_pcl/pcl_conversions) by extension 'ros'
[1.112s] DEBUG:colcon.colcon_core.package_identification:Package 'src/perception_pcl/pcl_conversions' with type 'ros.ament_cmake' and name 'pcl_conversions'
[1.112s] Level 1:colcon.colcon_core.package_identification:_identify(src/perception_pcl/pcl_ros) by extensions ['ignore', 'ignore_ament_install']
[1.112s] Level 1:colcon.colcon_core.package_identification:_identify(src/perception_pcl/pcl_ros) by extension 'ignore'
[1.113s] Level 1:colcon.colcon_core.package_identification:_identify(src/perception_pcl/pcl_ros) by extension 'ignore_ament_install'
[1.113s] Level 1:colcon.colcon_core.package_identification:_identify(src/perception_pcl/pcl_ros) by extensions ['colcon_pkg']
[1.113s] Level 1:colcon.colcon_core.package_identification:_identify(src/perception_pcl/pcl_ros) by extension 'colcon_pkg'
[1.113s] Level 1:colcon.colcon_core.package_identification:_identify(src/perception_pcl/pcl_ros) by extensions ['colcon_meta']
[1.113s] Level 1:colcon.colcon_core.package_identification:_identify(src/perception_pcl/pcl_ros) by extension 'colcon_meta'
[1.113s] Level 1:colcon.colcon_core.package_identification:_identify(src/perception_pcl/pcl_ros) by extensions ['ros']
[1.113s] Level 1:colcon.colcon_core.package_identification:_identify(src/perception_pcl/pcl_ros) by extension 'ros'
[1.117s] DEBUG:colcon.colcon_core.package_identification:Package 'src/perception_pcl/pcl_ros' with type 'ros.ament_cmake' and name 'pcl_ros'
[1.117s] Level 1:colcon.colcon_core.package_identification:_identify(src/perception_pcl/perception_pcl) by extensions ['ignore', 'ignore_ament_install']
[1.117s] Level 1:colcon.colcon_core.package_identification:_identify(src/perception_pcl/perception_pcl) by extension 'ignore'
[1.117s] Level 1:colcon.colcon_core.package_identification:_identify(src/perception_pcl/perception_pcl) by extension 'ignore_ament_install'
[1.117s] Level 1:colcon.colcon_core.package_identification:_identify(src/perception_pcl/perception_pcl) by extensions ['colcon_pkg']
[1.118s] Level 1:colcon.colcon_core.package_identification:_identify(src/perception_pcl/perception_pcl) by extension 'colcon_pkg'
[1.118s] Level 1:colcon.colcon_core.package_identification:_identify(src/perception_pcl/perception_pcl) by extensions ['colcon_meta']
[1.118s] Level 1:colcon.colcon_core.package_identification:_identify(src/perception_pcl/perception_pcl) by extension 'colcon_meta'
[1.118s] Level 1:colcon.colcon_core.package_identification:_identify(src/perception_pcl/perception_pcl) by extensions ['ros']
[1.118s] Level 1:colcon.colcon_core.package_identification:_identify(src/perception_pcl/perception_pcl) by extension 'ros'
[1.119s] DEBUG:colcon.colcon_core.package_identification:Package 'src/perception_pcl/perception_pcl' with type 'ros.ament_cmake' and name 'perception_pcl'
[1.120s] Level 1:colcon.colcon_core.package_identification:_identify(src/ros2_ouster_drivers) by extensions ['ignore', 'ignore_ament_install']
[1.120s] Level 1:colcon.colcon_core.package_identification:_identify(src/ros2_ouster_drivers) by extension 'ignore'
[1.120s] Level 1:colcon.colcon_core.package_identification:_identify(src/ros2_ouster_drivers) by extension 'ignore_ament_install'
[1.120s] Level 1:colcon.colcon_core.package_identification:_identify(src/ros2_ouster_drivers) by extensions ['colcon_pkg']
[1.120s] Level 1:colcon.colcon_core.package_identification:_identify(src/ros2_ouster_drivers) by extension 'colcon_pkg'
[1.120s] Level 1:colcon.colcon_core.package_identification:_identify(src/ros2_ouster_drivers) by extensions ['colcon_meta']
[1.120s] Level 1:colcon.colcon_core.package_identification:_identify(src/ros2_ouster_drivers) by extension 'colcon_meta'
[1.120s] Level 1:colcon.colcon_core.package_identification:_identify(src/ros2_ouster_drivers) by extensions ['ros']
[1.120s] Level 1:colcon.colcon_core.package_identification:_identify(src/ros2_ouster_drivers) by extension 'ros'
[1.121s] Level 1:colcon.colcon_core.package_identification:_identify(src/ros2_ouster_drivers) by extensions ['cmake', 'python']
[1.121s] Level 1:colcon.colcon_core.package_identification:_identify(src/ros2_ouster_drivers) by extension 'cmake'
[1.121s] Level 1:colcon.colcon_core.package_identification:_identify(src/ros2_ouster_drivers) by extension 'python'
[1.121s] Level 1:colcon.colcon_core.package_identification:_identify(src/ros2_ouster_drivers) by extensions ['python_setup_py']
[1.121s] Level 1:colcon.colcon_core.package_identification:_identify(src/ros2_ouster_drivers) by extension 'python_setup_py'
[1.121s] Level 1:colcon.colcon_core.package_identification:_identify(src/ros2_ouster_drivers/build) by extensions ['ignore', 'ignore_ament_install']
[1.122s] Level 1:colcon.colcon_core.package_identification:_identify(src/ros2_ouster_drivers/build) by extension 'ignore'
[1.122s] Level 1:colcon.colcon_core.package_identification:_identify(src/ros2_ouster_drivers/build) by extension 'ignore_ament_install'
[1.122s] Level 1:colcon.colcon_core.package_identification:_identify(src/ros2_ouster_drivers/build) by extensions ['colcon_pkg']
[1.122s] Level 1:colcon.colcon_core.package_identification:_identify(src/ros2_ouster_drivers/build) by extension 'colcon_pkg'
[1.122s] Level 1:colcon.colcon_core.package_identification:_identify(src/ros2_ouster_drivers/build) by extensions ['colcon_meta']
[1.122s] Level 1:colcon.colcon_core.package_identification:_identify(src/ros2_ouster_drivers/build) by extension 'colcon_meta'
[1.122s] Level 1:colcon.colcon_core.package_identification:_identify(src/ros2_ouster_drivers/build) by extensions ['ros']
[1.122s] Level 1:colcon.colcon_core.package_identification:_identify(src/ros2_ouster_drivers/build) by extension 'ros'
[1.123s] Level 1:colcon.colcon_core.package_identification:_identify(src/ros2_ouster_drivers/build) by extensions ['cmake', 'python']
[1.123s] Level 1:colcon.colcon_core.package_identification:_identify(src/ros2_ouster_drivers/build) by extension 'cmake'
[1.123s] Level 1:colcon.colcon_core.package_identification:_identify(src/ros2_ouster_drivers/build) by extension 'python'
[1.123s] Level 1:colcon.colcon_core.package_identification:_identify(src/ros2_ouster_drivers/build) by extensions ['python_setup_py']
[1.123s] Level 1:colcon.colcon_core.package_identification:_identify(src/ros2_ouster_drivers/build) by extension 'python_setup_py'
[1.123s] Level 1:colcon.colcon_core.package_identification:_identify(src/ros2_ouster_drivers/build/CMakeFiles) by extensions ['ignore', 'ignore_ament_install']
[1.123s] Level 1:colcon.colcon_core.package_identification:_identify(src/ros2_ouster_drivers/build/CMakeFiles) by extension 'ignore'
[1.123s] Level 1:colcon.colcon_core.package_identification:_identify(src/ros2_ouster_drivers/build/CMakeFiles) by extension 'ignore_ament_install'
[1.124s] Level 1:colcon.colcon_core.package_identification:_identify(src/ros2_ouster_drivers/build/CMakeFiles) by extensions ['colcon_pkg']
[1.124s] Level 1:colcon.colcon_core.package_identification:_identify(src/ros2_ouster_drivers/build/CMakeFiles) by extension 'colcon_pkg'
[1.124s] Level 1:colcon.colcon_core.package_identification:_identify(src/ros2_ouster_drivers/build/CMakeFiles) by extensions ['colcon_meta']
[1.124s] Level 1:colcon.colcon_core.package_identification:_identify(src/ros2_ouster_drivers/build/CMakeFiles) by extension 'colcon_meta'
[1.124s] Level 1:colcon.colcon_core.package_identification:_identify(src/ros2_ouster_drivers/build/CMakeFiles) by extensions ['ros']
[1.124s] Level 1:colcon.colcon_core.package_identification:_identify(src/ros2_ouster_drivers/build/CMakeFiles) by extension 'ros'
[1.124s] Level 1:colcon.colcon_core.package_identification:_identify(src/ros2_ouster_drivers/build/CMakeFiles) by extensions ['cmake', 'python']
[1.124s] Level 1:colcon.colcon_core.package_identification:_identify(src/ros2_ouster_drivers/build/CMakeFiles) by extension 'cmake'
[1.124s] Level 1:colcon.colcon_core.package_identification:_identify(src/ros2_ouster_drivers/build/CMakeFiles) by extension 'python'
[1.124s] Level 1:colcon.colcon_core.package_identification:_identify(src/ros2_ouster_drivers/build/CMakeFiles) by extensions ['python_setup_py']
[1.125s] Level 1:colcon.colcon_core.package_identification:_identify(src/ros2_ouster_drivers/build/CMakeFiles) by extension 'python_setup_py'
[1.125s] Level 1:colcon.colcon_core.package_identification:_identify(src/ros2_ouster_drivers/build/CMakeFiles/3.27.6) by extensions ['ignore', 'ignore_ament_install']
[1.125s] Level 1:colcon.colcon_core.package_identification:_identify(src/ros2_ouster_drivers/build/CMakeFiles/3.27.6) by extension 'ignore'
[1.125s] Level 1:colcon.colcon_core.package_identification:_identify(src/ros2_ouster_drivers/build/CMakeFiles/3.27.6) by extension 'ignore_ament_install'
[1.125s] Level 1:colcon.colcon_core.package_identification:_identify(src/ros2_ouster_drivers/build/CMakeFiles/3.27.6) by extensions ['colcon_pkg']
[1.125s] Level 1:colcon.colcon_core.package_identification:_identify(src/ros2_ouster_drivers/build/CMakeFiles/3.27.6) by extension 'colcon_pkg'
[1.125s] Level 1:colcon.colcon_core.package_identification:_identify(src/ros2_ouster_drivers/build/CMakeFiles/3.27.6) by extensions ['colcon_meta']
[1.126s] Level 1:colcon.colcon_core.package_identification:_identify(src/ros2_ouster_drivers/build/CMakeFiles/3.27.6) by extension 'colcon_meta'
[1.126s] Level 1:colcon.colcon_core.package_identification:_identify(src/ros2_ouster_drivers/build/CMakeFiles/3.27.6) by extensions ['ros']
[1.126s] Level 1:colcon.colcon_core.package_identification:_identify(src/ros2_ouster_drivers/build/CMakeFiles/3.27.6) by extension 'ros'
[1.126s] Level 1:colcon.colcon_core.package_identification:_identify(src/ros2_ouster_drivers/build/CMakeFiles/3.27.6) by extensions ['cmake', 'python']
[1.126s] Level 1:colcon.colcon_core.package_identification:_identify(src/ros2_ouster_drivers/build/CMakeFiles/3.27.6) by extension 'cmake'
[1.126s] Level 1:colcon.colcon_core.package_identification:_identify(src/ros2_ouster_drivers/build/CMakeFiles/3.27.6) by extension 'python'
[1.127s] Level 1:colcon.colcon_core.package_identification:_identify(src/ros2_ouster_drivers/build/CMakeFiles/3.27.6) by extensions ['python_setup_py']
[1.127s] Level 1:colcon.colcon_core.package_identification:_identify(src/ros2_ouster_drivers/build/CMakeFiles/3.27.6) by extension 'python_setup_py'
[1.127s] Level 1:colcon.colcon_core.package_identification:_identify(src/ros2_ouster_drivers/build/CMakeFiles/3.27.6/CompilerIdC) by extensions ['ignore', 'ignore_ament_install']
[1.127s] Level 1:colcon.colcon_core.package_identification:_identify(src/ros2_ouster_drivers/build/CMakeFiles/3.27.6/CompilerIdC) by extension 'ignore'
[1.127s] Level 1:colcon.colcon_core.package_identification:_identify(src/ros2_ouster_drivers/build/CMakeFiles/3.27.6/CompilerIdC) by extension 'ignore_ament_install'
[1.128s] Level 1:colcon.colcon_core.package_identification:_identify(src/ros2_ouster_drivers/build/CMakeFiles/3.27.6/CompilerIdC) by extensions ['colcon_pkg']
[1.128s] Level 1:colcon.colcon_core.package_identification:_identify(src/ros2_ouster_drivers/build/CMakeFiles/3.27.6/CompilerIdC) by extension 'colcon_pkg'
[1.128s] Level 1:colcon.colcon_core.package_identification:_identify(src/ros2_ouster_drivers/build/CMakeFiles/3.27.6/CompilerIdC) by extensions ['colcon_meta']
[1.128s] Level 1:colcon.colcon_core.package_identification:_identify(src/ros2_ouster_drivers/build/CMakeFiles/3.27.6/CompilerIdC) by extension 'colcon_meta'
[1.128s] Level 1:colcon.colcon_core.package_identification:_identify(src/ros2_ouster_drivers/build/CMakeFiles/3.27.6/CompilerIdC) by extensions ['ros']
[1.128s] Level 1:colcon.colcon_core.package_identification:_identify(src/ros2_ouster_drivers/build/CMakeFiles/3.27.6/CompilerIdC) by extension 'ros'
[1.128s] Level 1:colcon.colcon_core.package_identification:_identify(src/ros2_ouster_drivers/build/CMakeFiles/3.27.6/CompilerIdC) by extensions ['cmake', 'python']
[1.128s] Level 1:colcon.colcon_core.package_identification:_identify(src/ros2_ouster_drivers/build/CMakeFiles/3.27.6/CompilerIdC) by extension 'cmake'
[1.128s] Level 1:colcon.colcon_core.package_identification:_identify(src/ros2_ouster_drivers/build/CMakeFiles/3.27.6/CompilerIdC) by extension 'python'
[1.129s] Level 1:colcon.colcon_core.package_identification:_identify(src/ros2_ouster_drivers/build/CMakeFiles/3.27.6/CompilerIdC) by extensions ['python_setup_py']
[1.129s] Level 1:colcon.colcon_core.package_identification:_identify(src/ros2_ouster_drivers/build/CMakeFiles/3.27.6/CompilerIdC) by extension 'python_setup_py'
[1.129s] Level 1:colcon.colcon_core.package_identification:_identify(src/ros2_ouster_drivers/build/CMakeFiles/3.27.6/CompilerIdC/tmp) by extensions ['ignore', 'ignore_ament_install']
[1.129s] Level 1:colcon.colcon_core.package_identification:_identify(src/ros2_ouster_drivers/build/CMakeFiles/3.27.6/CompilerIdC/tmp) by extension 'ignore'
[1.129s] Level 1:colcon.colcon_core.package_identification:_identify(src/ros2_ouster_drivers/build/CMakeFiles/3.27.6/CompilerIdC/tmp) by extension 'ignore_ament_install'
[1.129s] Level 1:colcon.colcon_core.package_identification:_identify(src/ros2_ouster_drivers/build/CMakeFiles/3.27.6/CompilerIdC/tmp) by extensions ['colcon_pkg']
[1.129s] Level 1:colcon.colcon_core.package_identification:_identify(src/ros2_ouster_drivers/build/CMakeFiles/3.27.6/CompilerIdC/tmp) by extension 'colcon_pkg'
[1.129s] Level 1:colcon.colcon_core.package_identification:_identify(src/ros2_ouster_drivers/build/CMakeFiles/3.27.6/CompilerIdC/tmp) by extensions ['colcon_meta']
[1.130s] Level 1:colcon.colcon_core.package_identification:_identify(src/ros2_ouster_drivers/build/CMakeFiles/3.27.6/CompilerIdC/tmp) by extension 'colcon_meta'
[1.130s] Level 1:colcon.colcon_core.package_identification:_identify(src/ros2_ouster_drivers/build/CMakeFiles/3.27.6/CompilerIdC/tmp) by extensions ['ros']
[1.130s] Level 1:colcon.colcon_core.package_identification:_identify(src/ros2_ouster_drivers/build/CMakeFiles/3.27.6/CompilerIdC/tmp) by extension 'ros'
[1.130s] Level 1:colcon.colcon_core.package_identification:_identify(src/ros2_ouster_drivers/build/CMakeFiles/3.27.6/CompilerIdC/tmp) by extensions ['cmake', 'python']
[1.130s] Level 1:colcon.colcon_core.package_identification:_identify(src/ros2_ouster_drivers/build/CMakeFiles/3.27.6/CompilerIdC/tmp) by extension 'cmake'
[1.130s] Level 1:colcon.colcon_core.package_identification:_identify(src/ros2_ouster_drivers/build/CMakeFiles/3.27.6/CompilerIdC/tmp) by extension 'python'
[1.130s] Level 1:colcon.colcon_core.package_identification:_identify(src/ros2_ouster_drivers/build/CMakeFiles/3.27.6/CompilerIdC/tmp) by extensions ['python_setup_py']
[1.130s] Level 1:colcon.colcon_core.package_identification:_identify(src/ros2_ouster_drivers/build/CMakeFiles/3.27.6/CompilerIdC/tmp) by extension 'python_setup_py'
[1.131s] Level 1:colcon.colcon_core.package_identification:_identify(src/ros2_ouster_drivers/build/CMakeFiles/3.27.6/CompilerIdCXX) by extensions ['ignore', 'ignore_ament_install']
[1.131s] Level 1:colcon.colcon_core.package_identification:_identify(src/ros2_ouster_drivers/build/CMakeFiles/3.27.6/CompilerIdCXX) by extension 'ignore'
[1.131s] Level 1:colcon.colcon_core.package_identification:_identify(src/ros2_ouster_drivers/build/CMakeFiles/3.27.6/CompilerIdCXX) by extension 'ignore_ament_install'
[1.131s] Level 1:colcon.colcon_core.package_identification:_identify(src/ros2_ouster_drivers/build/CMakeFiles/3.27.6/CompilerIdCXX) by extensions ['colcon_pkg']
[1.131s] Level 1:colcon.colcon_core.package_identification:_identify(src/ros2_ouster_drivers/build/CMakeFiles/3.27.6/CompilerIdCXX) by extension 'colcon_pkg'
[1.131s] Level 1:colcon.colcon_core.package_identification:_identify(src/ros2_ouster_drivers/build/CMakeFiles/3.27.6/CompilerIdCXX) by extensions ['colcon_meta']
[1.131s] Level 1:colcon.colcon_core.package_identification:_identify(src/ros2_ouster_drivers/build/CMakeFiles/3.27.6/CompilerIdCXX) by extension 'colcon_meta'
[1.131s] Level 1:colcon.colcon_core.package_identification:_identify(src/ros2_ouster_drivers/build/CMakeFiles/3.27.6/CompilerIdCXX) by extensions ['ros']
[1.131s] Level 1:colcon.colcon_core.package_identification:_identify(src/ros2_ouster_drivers/build/CMakeFiles/3.27.6/CompilerIdCXX) by extension 'ros'
[1.132s] Level 1:colcon.colcon_core.package_identification:_identify(src/ros2_ouster_drivers/build/CMakeFiles/3.27.6/CompilerIdCXX) by extensions ['cmake', 'python']
[1.132s] Level 1:colcon.colcon_core.package_identification:_identify(src/ros2_ouster_drivers/build/CMakeFiles/3.27.6/CompilerIdCXX) by extension 'cmake'
[1.132s] Level 1:colcon.colcon_core.package_identification:_identify(src/ros2_ouster_drivers/build/CMakeFiles/3.27.6/CompilerIdCXX) by extension 'python'
[1.132s] Level 1:colcon.colcon_core.package_identification:_identify(src/ros2_ouster_drivers/build/CMakeFiles/3.27.6/CompilerIdCXX) by extensions ['python_setup_py']
[1.132s] Level 1:colcon.colcon_core.package_identification:_identify(src/ros2_ouster_drivers/build/CMakeFiles/3.27.6/CompilerIdCXX) by extension 'python_setup_py'
[1.133s] Level 1:colcon.colcon_core.package_identification:_identify(src/ros2_ouster_drivers/build/CMakeFiles/3.27.6/CompilerIdCXX/tmp) by extensions ['ignore', 'ignore_ament_install']
[1.133s] Level 1:colcon.colcon_core.package_identification:_identify(src/ros2_ouster_drivers/build/CMakeFiles/3.27.6/CompilerIdCXX/tmp) by extension 'ignore'
[1.133s] Level 1:colcon.colcon_core.package_identification:_identify(src/ros2_ouster_drivers/build/CMakeFiles/3.27.6/CompilerIdCXX/tmp) by extension 'ignore_ament_install'
[1.133s] Level 1:colcon.colcon_core.package_identification:_identify(src/ros2_ouster_drivers/build/CMakeFiles/3.27.6/CompilerIdCXX/tmp) by extensions ['colcon_pkg']
[1.133s] Level 1:colcon.colcon_core.package_identification:_identify(src/ros2_ouster_drivers/build/CMakeFiles/3.27.6/CompilerIdCXX/tmp) by extension 'colcon_pkg'
[1.133s] Level 1:colcon.colcon_core.package_identification:_identify(src/ros2_ouster_drivers/build/CMakeFiles/3.27.6/CompilerIdCXX/tmp) by extensions ['colcon_meta']
[1.133s] Level 1:colcon.colcon_core.package_identification:_identify(src/ros2_ouster_drivers/build/CMakeFiles/3.27.6/CompilerIdCXX/tmp) by extension 'colcon_meta'
[1.134s] Level 1:colcon.colcon_core.package_identification:_identify(src/ros2_ouster_drivers/build/CMakeFiles/3.27.6/CompilerIdCXX/tmp) by extensions ['ros']
[1.134s] Level 1:colcon.colcon_core.package_identification:_identify(src/ros2_ouster_drivers/build/CMakeFiles/3.27.6/CompilerIdCXX/tmp) by extension 'ros'
[1.134s] Level 1:colcon.colcon_core.package_identification:_identify(src/ros2_ouster_drivers/build/CMakeFiles/3.27.6/CompilerIdCXX/tmp) by extensions ['cmake', 'python']
[1.134s] Level 1:colcon.colcon_core.package_identification:_identify(src/ros2_ouster_drivers/build/CMakeFiles/3.27.6/CompilerIdCXX/tmp) by extension 'cmake'
[1.134s] Level 1:colcon.colcon_core.package_identification:_identify(src/ros2_ouster_drivers/build/CMakeFiles/3.27.6/CompilerIdCXX/tmp) by extension 'python'
[1.134s] Level 1:colcon.colcon_core.package_identification:_identify(src/ros2_ouster_drivers/build/CMakeFiles/3.27.6/CompilerIdCXX/tmp) by extensions ['python_setup_py']
[1.134s] Level 1:colcon.colcon_core.package_identification:_identify(src/ros2_ouster_drivers/build/CMakeFiles/3.27.6/CompilerIdCXX/tmp) by extension 'python_setup_py'
[1.135s] Level 1:colcon.colcon_core.package_identification:_identify(src/ros2_ouster_drivers/build/CMakeFiles/pkgRedirects) by extensions ['ignore', 'ignore_ament_install']
[1.135s] Level 1:colcon.colcon_core.package_identification:_identify(src/ros2_ouster_drivers/build/CMakeFiles/pkgRedirects) by extension 'ignore'
[1.135s] Level 1:colcon.colcon_core.package_identification:_identify(src/ros2_ouster_drivers/build/CMakeFiles/pkgRedirects) by extension 'ignore_ament_install'
[1.135s] Level 1:colcon.colcon_core.package_identification:_identify(src/ros2_ouster_drivers/build/CMakeFiles/pkgRedirects) by extensions ['colcon_pkg']
[1.135s] Level 1:colcon.colcon_core.package_identification:_identify(src/ros2_ouster_drivers/build/CMakeFiles/pkgRedirects) by extension 'colcon_pkg'
[1.135s] Level 1:colcon.colcon_core.package_identification:_identify(src/ros2_ouster_drivers/build/CMakeFiles/pkgRedirects) by extensions ['colcon_meta']
[1.135s] Level 1:colcon.colcon_core.package_identification:_identify(src/ros2_ouster_drivers/build/CMakeFiles/pkgRedirects) by extension 'colcon_meta'
[1.135s] Level 1:colcon.colcon_core.package_identification:_identify(src/ros2_ouster_drivers/build/CMakeFiles/pkgRedirects) by extensions ['ros']
[1.135s] Level 1:colcon.colcon_core.package_identification:_identify(src/ros2_ouster_drivers/build/CMakeFiles/pkgRedirects) by extension 'ros'
[1.135s] Level 1:colcon.colcon_core.package_identification:_identify(src/ros2_ouster_drivers/build/CMakeFiles/pkgRedirects) by extensions ['cmake', 'python']
[1.135s] Level 1:colcon.colcon_core.package_identification:_identify(src/ros2_ouster_drivers/build/CMakeFiles/pkgRedirects) by extension 'cmake'
[1.136s] Level 1:colcon.colcon_core.package_identification:_identify(src/ros2_ouster_drivers/build/CMakeFiles/pkgRedirects) by extension 'python'
[1.136s] Level 1:colcon.colcon_core.package_identification:_identify(src/ros2_ouster_drivers/build/CMakeFiles/pkgRedirects) by extensions ['python_setup_py']
[1.136s] Level 1:colcon.colcon_core.package_identification:_identify(src/ros2_ouster_drivers/build/CMakeFiles/pkgRedirects) by extension 'python_setup_py'
[1.136s] Level 1:colcon.colcon_core.package_identification:_identify(src/ros2_ouster_drivers/build/ament_cmake_core) by extensions ['ignore', 'ignore_ament_install']
[1.136s] Level 1:colcon.colcon_core.package_identification:_identify(src/ros2_ouster_drivers/build/ament_cmake_core) by extension 'ignore'
[1.136s] Level 1:colcon.colcon_core.package_identification:_identify(src/ros2_ouster_drivers/build/ament_cmake_core) by extension 'ignore_ament_install'
[1.136s] Level 1:colcon.colcon_core.package_identification:_identify(src/ros2_ouster_drivers/build/ament_cmake_core) by extensions ['colcon_pkg']
[1.136s] Level 1:colcon.colcon_core.package_identification:_identify(src/ros2_ouster_drivers/build/ament_cmake_core) by extension 'colcon_pkg'
[1.136s] Level 1:colcon.colcon_core.package_identification:_identify(src/ros2_ouster_drivers/build/ament_cmake_core) by extensions ['colcon_meta']
[1.136s] Level 1:colcon.colcon_core.package_identification:_identify(src/ros2_ouster_drivers/build/ament_cmake_core) by extension 'colcon_meta'
[1.136s] Level 1:colcon.colcon_core.package_identification:_identify(src/ros2_ouster_drivers/build/ament_cmake_core) by extensions ['ros']
[1.136s] Level 1:colcon.colcon_core.package_identification:_identify(src/ros2_ouster_drivers/build/ament_cmake_core) by extension 'ros'
[1.136s] Level 1:colcon.colcon_core.package_identification:_identify(src/ros2_ouster_drivers/build/ament_cmake_core) by extensions ['cmake', 'python']
[1.137s] Level 1:colcon.colcon_core.package_identification:_identify(src/ros2_ouster_drivers/build/ament_cmake_core) by extension 'cmake'
[1.137s] Level 1:colcon.colcon_core.package_identification:_identify(src/ros2_ouster_drivers/build/ament_cmake_core) by extension 'python'
[1.137s] Level 1:colcon.colcon_core.package_identification:_identify(src/ros2_ouster_drivers/build/ament_cmake_core) by extensions ['python_setup_py']
[1.137s] Level 1:colcon.colcon_core.package_identification:_identify(src/ros2_ouster_drivers/build/ament_cmake_core) by extension 'python_setup_py'
[1.137s] Level 1:colcon.colcon_core.package_identification:_identify(src/ros2_ouster_drivers/build/ament_cmake_core/stamps) by extensions ['ignore', 'ignore_ament_install']
[1.137s] Level 1:colcon.colcon_core.package_identification:_identify(src/ros2_ouster_drivers/build/ament_cmake_core/stamps) by extension 'ignore'
[1.137s] Level 1:colcon.colcon_core.package_identification:_identify(src/ros2_ouster_drivers/build/ament_cmake_core/stamps) by extension 'ignore_ament_install'
[1.137s] Level 1:colcon.colcon_core.package_identification:_identify(src/ros2_ouster_drivers/build/ament_cmake_core/stamps) by extensions ['colcon_pkg']
[1.137s] Level 1:colcon.colcon_core.package_identification:_identify(src/ros2_ouster_drivers/build/ament_cmake_core/stamps) by extension 'colcon_pkg'
[1.137s] Level 1:colcon.colcon_core.package_identification:_identify(src/ros2_ouster_drivers/build/ament_cmake_core/stamps) by extensions ['colcon_meta']
[1.138s] Level 1:colcon.colcon_core.package_identification:_identify(src/ros2_ouster_drivers/build/ament_cmake_core/stamps) by extension 'colcon_meta'
[1.138s] Level 1:colcon.colcon_core.package_identification:_identify(src/ros2_ouster_drivers/build/ament_cmake_core/stamps) by extensions ['ros']
[1.138s] Level 1:colcon.colcon_core.package_identification:_identify(src/ros2_ouster_drivers/build/ament_cmake_core/stamps) by extension 'ros'
[1.138s] Level 1:colcon.colcon_core.package_identification:_identify(src/ros2_ouster_drivers/build/ament_cmake_core/stamps) by extensions ['cmake', 'python']
[1.138s] Level 1:colcon.colcon_core.package_identification:_identify(src/ros2_ouster_drivers/build/ament_cmake_core/stamps) by extension 'cmake'
[1.138s] Level 1:colcon.colcon_core.package_identification:_identify(src/ros2_ouster_drivers/build/ament_cmake_core/stamps) by extension 'python'
[1.138s] Level 1:colcon.colcon_core.package_identification:_identify(src/ros2_ouster_drivers/build/ament_cmake_core/stamps) by extensions ['python_setup_py']
[1.138s] Level 1:colcon.colcon_core.package_identification:_identify(src/ros2_ouster_drivers/build/ament_cmake_core/stamps) by extension 'python_setup_py'
[1.138s] Level 1:colcon.colcon_core.package_identification:_identify(src/ros2_ouster_drivers/build/ament_cmake_package_templates) by extensions ['ignore', 'ignore_ament_install']
[1.138s] Level 1:colcon.colcon_core.package_identification:_identify(src/ros2_ouster_drivers/build/ament_cmake_package_templates) by extension 'ignore'
[1.138s] Level 1:colcon.colcon_core.package_identification:_identify(src/ros2_ouster_drivers/build/ament_cmake_package_templates) by extension 'ignore_ament_install'
[1.138s] Level 1:colcon.colcon_core.package_identification:_identify(src/ros2_ouster_drivers/build/ament_cmake_package_templates) by extensions ['colcon_pkg']
[1.139s] Level 1:colcon.colcon_core.package_identification:_identify(src/ros2_ouster_drivers/build/ament_cmake_package_templates) by extension 'colcon_pkg'
[1.139s] Level 1:colcon.colcon_core.package_identification:_identify(src/ros2_ouster_drivers/build/ament_cmake_package_templates) by extensions ['colcon_meta']
[1.139s] Level 1:colcon.colcon_core.package_identification:_identify(src/ros2_ouster_drivers/build/ament_cmake_package_templates) by extension 'colcon_meta'
[1.139s] Level 1:colcon.colcon_core.package_identification:_identify(src/ros2_ouster_drivers/build/ament_cmake_package_templates) by extensions ['ros']
[1.139s] Level 1:colcon.colcon_core.package_identification:_identify(src/ros2_ouster_drivers/build/ament_cmake_package_templates) by extension 'ros'
[1.139s] Level 1:colcon.colcon_core.package_identification:_identify(src/ros2_ouster_drivers/build/ament_cmake_package_templates) by extensions ['cmake', 'python']
[1.139s] Level 1:colcon.colcon_core.package_identification:_identify(src/ros2_ouster_drivers/build/ament_cmake_package_templates) by extension 'cmake'
[1.139s] Level 1:colcon.colcon_core.package_identification:_identify(src/ros2_ouster_drivers/build/ament_cmake_package_templates) by extension 'python'
[1.139s] Level 1:colcon.colcon_core.package_identification:_identify(src/ros2_ouster_drivers/build/ament_cmake_package_templates) by extensions ['python_setup_py']
[1.139s] Level 1:colcon.colcon_core.package_identification:_identify(src/ros2_ouster_drivers/build/ament_cmake_package_templates) by extension 'python_setup_py'
[1.140s] Level 1:colcon.colcon_core.package_identification:_identify(src/ros2_ouster_drivers/build/ament_cmake_uninstall_target) by extensions ['ignore', 'ignore_ament_install']
[1.140s] Level 1:colcon.colcon_core.package_identification:_identify(src/ros2_ouster_drivers/build/ament_cmake_uninstall_target) by extension 'ignore'
[1.140s] Level 1:colcon.colcon_core.package_identification:_identify(src/ros2_ouster_drivers/build/ament_cmake_uninstall_target) by extension 'ignore_ament_install'
[1.140s] Level 1:colcon.colcon_core.package_identification:_identify(src/ros2_ouster_drivers/build/ament_cmake_uninstall_target) by extensions ['colcon_pkg']
[1.140s] Level 1:colcon.colcon_core.package_identification:_identify(src/ros2_ouster_drivers/build/ament_cmake_uninstall_target) by extension 'colcon_pkg'
[1.140s] Level 1:colcon.colcon_core.package_identification:_identify(src/ros2_ouster_drivers/build/ament_cmake_uninstall_target) by extensions ['colcon_meta']
[1.140s] Level 1:colcon.colcon_core.package_identification:_identify(src/ros2_ouster_drivers/build/ament_cmake_uninstall_target) by extension 'colcon_meta'
[1.140s] Level 1:colcon.colcon_core.package_identification:_identify(src/ros2_ouster_drivers/build/ament_cmake_uninstall_target) by extensions ['ros']
[1.140s] Level 1:colcon.colcon_core.package_identification:_identify(src/ros2_ouster_drivers/build/ament_cmake_uninstall_target) by extension 'ros'
[1.141s] Level 1:colcon.colcon_core.package_identification:_identify(src/ros2_ouster_drivers/build/ament_cmake_uninstall_target) by extensions ['cmake', 'python']
[1.141s] Level 1:colcon.colcon_core.package_identification:_identify(src/ros2_ouster_drivers/build/ament_cmake_uninstall_target) by extension 'cmake'
[1.141s] Level 1:colcon.colcon_core.package_identification:_identify(src/ros2_ouster_drivers/build/ament_cmake_uninstall_target) by extension 'python'
[1.141s] Level 1:colcon.colcon_core.package_identification:_identify(src/ros2_ouster_drivers/build/ament_cmake_uninstall_target) by extensions ['python_setup_py']
[1.141s] Level 1:colcon.colcon_core.package_identification:_identify(src/ros2_ouster_drivers/build/ament_cmake_uninstall_target) by extension 'python_setup_py'
[1.141s] Level 1:colcon.colcon_core.package_identification:_identify(src/ros2_ouster_drivers/ouster_msgs) by extensions ['ignore', 'ignore_ament_install']
[1.141s] Level 1:colcon.colcon_core.package_identification:_identify(src/ros2_ouster_drivers/ouster_msgs) by extension 'ignore'
[1.141s] Level 1:colcon.colcon_core.package_identification:_identify(src/ros2_ouster_drivers/ouster_msgs) by extension 'ignore_ament_install'
[1.142s] Level 1:colcon.colcon_core.package_identification:_identify(src/ros2_ouster_drivers/ouster_msgs) by extensions ['colcon_pkg']
[1.142s] Level 1:colcon.colcon_core.package_identification:_identify(src/ros2_ouster_drivers/ouster_msgs) by extension 'colcon_pkg'
[1.142s] Level 1:colcon.colcon_core.package_identification:_identify(src/ros2_ouster_drivers/ouster_msgs) by extensions ['colcon_meta']
[1.142s] Level 1:colcon.colcon_core.package_identification:_identify(src/ros2_ouster_drivers/ouster_msgs) by extension 'colcon_meta'
[1.142s] Level 1:colcon.colcon_core.package_identification:_identify(src/ros2_ouster_drivers/ouster_msgs) by extensions ['ros']
[1.142s] Level 1:colcon.colcon_core.package_identification:_identify(src/ros2_ouster_drivers/ouster_msgs) by extension 'ros'
[1.143s] DEBUG:colcon.colcon_core.package_identification:Package 'src/ros2_ouster_drivers/ouster_msgs' with type 'ros.ament_cmake' and name 'ouster_msgs'
[1.144s] Level 1:colcon.colcon_core.package_identification:_identify(src/ros2_ouster_drivers/ros2_ouster) by extensions ['ignore', 'ignore_ament_install']
[1.144s] Level 1:colcon.colcon_core.package_identification:_identify(src/ros2_ouster_drivers/ros2_ouster) by extension 'ignore'
[1.144s] Level 1:colcon.colcon_core.package_identification:_identify(src/ros2_ouster_drivers/ros2_ouster) by extension 'ignore_ament_install'
[1.144s] Level 1:colcon.colcon_core.package_identification:_identify(src/ros2_ouster_drivers/ros2_ouster) by extensions ['colcon_pkg']
[1.144s] Level 1:colcon.colcon_core.package_identification:_identify(src/ros2_ouster_drivers/ros2_ouster) by extension 'colcon_pkg'
[1.144s] Level 1:colcon.colcon_core.package_identification:_identify(src/ros2_ouster_drivers/ros2_ouster) by extensions ['colcon_meta']
[1.144s] Level 1:colcon.colcon_core.package_identification:_identify(src/ros2_ouster_drivers/ros2_ouster) by extension 'colcon_meta'
[1.144s] Level 1:colcon.colcon_core.package_identification:_identify(src/ros2_ouster_drivers/ros2_ouster) by extensions ['ros']
[1.144s] Level 1:colcon.colcon_core.package_identification:_identify(src/ros2_ouster_drivers/ros2_ouster) by extension 'ros'
[1.146s] DEBUG:colcon.colcon_core.package_identification:Package 'src/ros2_ouster_drivers/ros2_ouster' with type 'ros.ament_cmake' and name 'ros2_ouster'
[1.146s] Level 1:colcon.colcon_core.package_discovery:discover_packages(recursive) using defaults
[1.147s] Level 1:colcon.colcon_core.package_discovery:discover_packages(ignore) discover
[1.147s] Level 1:colcon.colcon_core.package_discovery:discover_packages(ignore) using defaults
[1.147s] Level 1:colcon.colcon_core.package_discovery:discover_packages(path) discover
[1.147s] Level 1:colcon.colcon_core.package_discovery:discover_packages(path) using defaults
[1.230s] Level 5:colcon.colcon_core.verb:set package 'ouster_msgs' build argument 'cmake_args' from command line to 'None'
[1.230s] Level 5:colcon.colcon_core.verb:set package 'ouster_msgs' build argument 'cmake_target' from command line to 'None'
[1.231s] Level 5:colcon.colcon_core.verb:set package 'ouster_msgs' build argument 'cmake_target_skip_unavailable' from command line to 'False'
[1.231s] Level 5:colcon.colcon_core.verb:set package 'ouster_msgs' build argument 'cmake_clean_cache' from command line to 'False'
[1.231s] Level 5:colcon.colcon_core.verb:set package 'ouster_msgs' build argument 'cmake_clean_first' from command line to 'False'
[1.231s] Level 5:colcon.colcon_core.verb:set package 'ouster_msgs' build argument 'cmake_force_configure' from command line to 'False'
[1.231s] Level 5:colcon.colcon_core.verb:set package 'ouster_msgs' build argument 'ament_cmake_args' from command line to 'None'
[1.231s] Level 5:colcon.colcon_core.verb:set package 'ouster_msgs' build argument 'catkin_cmake_args' from command line to 'None'
[1.231s] Level 5:colcon.colcon_core.verb:set package 'ouster_msgs' build argument 'catkin_skip_building_tests' from command line to 'False'
[1.231s] DEBUG:colcon.colcon_core.verb:Building package 'ouster_msgs' with the following arguments: {'ament_cmake_args': None, 'build_base': '/home/brown/Projects/MiningRobot/autonomy/ros2_workspace/build/ouster_msgs', 'catkin_cmake_args': None, 'catkin_skip_building_tests': False, 'cmake_args': None, 'cmake_clean_cache': False, 'cmake_clean_first': False, 'cmake_force_configure': False, 'cmake_target': None, 'cmake_target_skip_unavailable': False, 'install_base': '/home/brown/Projects/MiningRobot/autonomy/ros2_workspace/install/ouster_msgs', 'merge_install': False, 'path': '/home/brown/Projects/MiningRobot/autonomy/ros2_workspace/src/ros2_ouster_drivers/ouster_msgs', 'symlink_install': False, 'test_result_base': None}
[1.245s] Level 5:colcon.colcon_core.verb:set package 'pcl_msgs' build argument 'cmake_args' from command line to 'None'
[1.245s] Level 5:colcon.colcon_core.verb:set package 'pcl_msgs' build argument 'cmake_target' from command line to 'None'
[1.245s] Level 5:colcon.colcon_core.verb:set package 'pcl_msgs' build argument 'cmake_target_skip_unavailable' from command line to 'False'
[1.245s] Level 5:colcon.colcon_core.verb:set package 'pcl_msgs' build argument 'cmake_clean_cache' from command line to 'False'
[1.245s] Level 5:colcon.colcon_core.verb:set package 'pcl_msgs' build argument 'cmake_clean_first' from command line to 'False'
[1.245s] Level 5:colcon.colcon_core.verb:set package 'pcl_msgs' build argument 'cmake_force_configure' from command line to 'False'
[1.245s] Level 5:colcon.colcon_core.verb:set package 'pcl_msgs' build argument 'ament_cmake_args' from command line to 'None'
[1.245s] Level 5:colcon.colcon_core.verb:set package 'pcl_msgs' build argument 'catkin_cmake_args' from command line to 'None'
[1.245s] Level 5:colcon.colcon_core.verb:set package 'pcl_msgs' build argument 'catkin_skip_building_tests' from command line to 'False'
[1.245s] DEBUG:colcon.colcon_core.verb:Building package 'pcl_msgs' with the following arguments: {'ament_cmake_args': None, 'build_base': '/home/brown/Projects/MiningRobot/autonomy/ros2_workspace/build/pcl_msgs', 'catkin_cmake_args': None, 'catkin_skip_building_tests': False, 'cmake_args': None, 'cmake_clean_cache': False, 'cmake_clean_first': False, 'cmake_force_configure': False, 'cmake_target': None, 'cmake_target_skip_unavailable': False, 'install_base': '/home/brown/Projects/MiningRobot/autonomy/ros2_workspace/install/pcl_msgs', 'merge_install': False, 'path': '/home/brown/Projects/MiningRobot/autonomy/ros2_workspace/src/pcl_msgs', 'symlink_install': False, 'test_result_base': None}
[1.259s] Level 5:colcon.colcon_core.verb:set package 'pcl_conversions' build argument 'cmake_args' from command line to 'None'
[1.259s] Level 5:colcon.colcon_core.verb:set package 'pcl_conversions' build argument 'cmake_target' from command line to 'None'
[1.259s] Level 5:colcon.colcon_core.verb:set package 'pcl_conversions' build argument 'cmake_target_skip_unavailable' from command line to 'False'
[1.259s] Level 5:colcon.colcon_core.verb:set package 'pcl_conversions' build argument 'cmake_clean_cache' from command line to 'False'
[1.259s] Level 5:colcon.colcon_core.verb:set package 'pcl_conversions' build argument 'cmake_clean_first' from command line to 'False'
[1.259s] Level 5:colcon.colcon_core.verb:set package 'pcl_conversions' build argument 'cmake_force_configure' from command line to 'False'
[1.259s] Level 5:colcon.colcon_core.verb:set package 'pcl_conversions' build argument 'ament_cmake_args' from command line to 'None'
[1.259s] Level 5:colcon.colcon_core.verb:set package 'pcl_conversions' build argument 'catkin_cmake_args' from command line to 'None'
[1.259s] Level 5:colcon.colcon_core.verb:set package 'pcl_conversions' build argument 'catkin_skip_building_tests' from command line to 'False'
[1.259s] DEBUG:colcon.colcon_core.verb:Building package 'pcl_conversions' with the following arguments: {'ament_cmake_args': None, 'build_base': '/home/brown/Projects/MiningRobot/autonomy/ros2_workspace/build/pcl_conversions', 'catkin_cmake_args': None, 'catkin_skip_building_tests': False, 'cmake_args': None, 'cmake_clean_cache': False, 'cmake_clean_first': False, 'cmake_force_configure': False, 'cmake_target': None, 'cmake_target_skip_unavailable': False, 'install_base': '/home/brown/Projects/MiningRobot/autonomy/ros2_workspace/install/pcl_conversions', 'merge_install': False, 'path': '/home/brown/Projects/MiningRobot/autonomy/ros2_workspace/src/perception_pcl/pcl_conversions', 'symlink_install': False, 'test_result_base': None}
[1.272s] Level 5:colcon.colcon_core.verb:set package 'pcl_ros' build argument 'cmake_args' from command line to 'None'
[1.272s] Level 5:colcon.colcon_core.verb:set package 'pcl_ros' build argument 'cmake_target' from command line to 'None'
[1.272s] Level 5:colcon.colcon_core.verb:set package 'pcl_ros' build argument 'cmake_target_skip_unavailable' from command line to 'False'
[1.272s] Level 5:colcon.colcon_core.verb:set package 'pcl_ros' build argument 'cmake_clean_cache' from command line to 'False'
[1.272s] Level 5:colcon.colcon_core.verb:set package 'pcl_ros' build argument 'cmake_clean_first' from command line to 'False'
[1.272s] Level 5:colcon.colcon_core.verb:set package 'pcl_ros' build argument 'cmake_force_configure' from command line to 'False'
[1.272s] Level 5:colcon.colcon_core.verb:set package 'pcl_ros' build argument 'ament_cmake_args' from command line to 'None'
[1.272s] Level 5:colcon.colcon_core.verb:set package 'pcl_ros' build argument 'catkin_cmake_args' from command line to 'None'
[1.272s] Level 5:colcon.colcon_core.verb:set package 'pcl_ros' build argument 'catkin_skip_building_tests' from command line to 'False'
[1.273s] DEBUG:colcon.colcon_core.verb:Building package 'pcl_ros' with the following arguments: {'ament_cmake_args': None, 'build_base': '/home/brown/Projects/MiningRobot/autonomy/ros2_workspace/build/pcl_ros', 'catkin_cmake_args': None, 'catkin_skip_building_tests': False, 'cmake_args': None, 'cmake_clean_cache': False, 'cmake_clean_first': False, 'cmake_force_configure': False, 'cmake_target': None, 'cmake_target_skip_unavailable': False, 'install_base': '/home/brown/Projects/MiningRobot/autonomy/ros2_workspace/install/pcl_ros', 'merge_install': False, 'path': '/home/brown/Projects/MiningRobot/autonomy/ros2_workspace/src/perception_pcl/pcl_ros', 'symlink_install': False, 'test_result_base': None}
[1.286s] Level 5:colcon.colcon_core.verb:set package 'ros2_ouster' build argument 'cmake_args' from command line to 'None'
[1.286s] Level 5:colcon.colcon_core.verb:set package 'ros2_ouster' build argument 'cmake_target' from command line to 'None'
[1.286s] Level 5:colcon.colcon_core.verb:set package 'ros2_ouster' build argument 'cmake_target_skip_unavailable' from command line to 'False'
[1.286s] Level 5:colcon.colcon_core.verb:set package 'ros2_ouster' build argument 'cmake_clean_cache' from command line to 'False'
[1.286s] Level 5:colcon.colcon_core.verb:set package 'ros2_ouster' build argument 'cmake_clean_first' from command line to 'False'
[1.286s] Level 5:colcon.colcon_core.verb:set package 'ros2_ouster' build argument 'cmake_force_configure' from command line to 'False'
[1.286s] Level 5:colcon.colcon_core.verb:set package 'ros2_ouster' build argument 'ament_cmake_args' from command line to 'None'
[1.286s] Level 5:colcon.colcon_core.verb:set package 'ros2_ouster' build argument 'catkin_cmake_args' from command line to 'None'
[1.286s] Level 5:colcon.colcon_core.verb:set package 'ros2_ouster' build argument 'catkin_skip_building_tests' from command line to 'False'
[1.286s] DEBUG:colcon.colcon_core.verb:Building package 'ros2_ouster' with the following arguments: {'ament_cmake_args': None, 'build_base': '/home/brown/Projects/MiningRobot/autonomy/ros2_workspace/build/ros2_ouster', 'catkin_cmake_args': None, 'catkin_skip_building_tests': False, 'cmake_args': None, 'cmake_clean_cache': False, 'cmake_clean_first': False, 'cmake_force_configure': False, 'cmake_target': None, 'cmake_target_skip_unavailable': False, 'install_base': '/home/brown/Projects/MiningRobot/autonomy/ros2_workspace/install/ros2_ouster', 'merge_install': False, 'path': '/home/brown/Projects/MiningRobot/autonomy/ros2_workspace/src/ros2_ouster_drivers/ros2_ouster', 'symlink_install': False, 'test_result_base': None}
[1.299s] Level 5:colcon.colcon_core.verb:set package 'aurora_core' build argument 'cmake_args' from command line to 'None'
[1.299s] Level 5:colcon.colcon_core.verb:set package 'aurora_core' build argument 'cmake_target' from command line to 'None'
[1.299s] Level 5:colcon.colcon_core.verb:set package 'aurora_core' build argument 'cmake_target_skip_unavailable' from command line to 'False'
[1.299s] Level 5:colcon.colcon_core.verb:set package 'aurora_core' build argument 'cmake_clean_cache' from command line to 'False'
[1.299s] Level 5:colcon.colcon_core.verb:set package 'aurora_core' build argument 'cmake_clean_first' from command line to 'False'
[1.300s] Level 5:colcon.colcon_core.verb:set package 'aurora_core' build argument 'cmake_force_configure' from command line to 'False'
[1.300s] Level 5:colcon.colcon_core.verb:set package 'aurora_core' build argument 'ament_cmake_args' from command line to 'None'
[1.300s] Level 5:colcon.colcon_core.verb:set package 'aurora_core' build argument 'catkin_cmake_args' from command line to 'None'
[1.300s] Level 5:colcon.colcon_core.verb:set package 'aurora_core' build argument 'catkin_skip_building_tests' from command line to 'False'
[1.300s] DEBUG:colcon.colcon_core.verb:Building package 'aurora_core' with the following arguments: {'ament_cmake_args': None, 'build_base': '/home/brown/Projects/MiningRobot/autonomy/ros2_workspace/build/aurora_core', 'catkin_cmake_args': None, 'catkin_skip_building_tests': False, 'cmake_args': None, 'cmake_clean_cache': False, 'cmake_clean_first': False, 'cmake_force_configure': False, 'cmake_target': None, 'cmake_target_skip_unavailable': False, 'install_base': '/home/brown/Projects/MiningRobot/autonomy/ros2_workspace/install/aurora_core', 'merge_install': False, 'path': '/home/brown/Projects/MiningRobot/autonomy/ros2_workspace/aurora_core_sl', 'symlink_install': False, 'test_result_base': None}
[1.313s] Level 5:colcon.colcon_core.verb:set package 'perception_pcl' build argument 'cmake_args' from command line to 'None'
[1.313s] Level 5:colcon.colcon_core.verb:set package 'perception_pcl' build argument 'cmake_target' from command line to 'None'
[1.313s] Level 5:colcon.colcon_core.verb:set package 'perception_pcl' build argument 'cmake_target_skip_unavailable' from command line to 'False'
[1.313s] Level 5:colcon.colcon_core.verb:set package 'perception_pcl' build argument 'cmake_clean_cache' from command line to 'False'
[1.313s] Level 5:colcon.colcon_core.verb:set package 'perception_pcl' build argument 'cmake_clean_first' from command line to 'False'
[1.313s] Level 5:colcon.colcon_core.verb:set package 'perception_pcl' build argument 'cmake_force_configure' from command line to 'False'
[1.313s] Level 5:colcon.colcon_core.verb:set package 'perception_pcl' build argument 'ament_cmake_args' from command line to 'None'
[1.313s] Level 5:colcon.colcon_core.verb:set package 'perception_pcl' build argument 'catkin_cmake_args' from command line to 'None'
[1.313s] Level 5:colcon.colcon_core.verb:set package 'perception_pcl' build argument 'catkin_skip_building_tests' from command line to 'False'
[1.313s] DEBUG:colcon.colcon_core.verb:Building package 'perception_pcl' with the following arguments: {'ament_cmake_args': None, 'build_base': '/home/brown/Projects/MiningRobot/autonomy/ros2_workspace/build/perception_pcl', 'catkin_cmake_args': None, 'catkin_skip_building_tests': False, 'cmake_args': None, 'cmake_clean_cache': False, 'cmake_clean_first': False, 'cmake_force_configure': False, 'cmake_target': None, 'cmake_target_skip_unavailable': False, 'install_base': '/home/brown/Projects/MiningRobot/autonomy/ros2_workspace/install/perception_pcl', 'merge_install': False, 'path': '/home/brown/Projects/MiningRobot/autonomy/ros2_workspace/src/perception_pcl/perception_pcl', 'symlink_install': False, 'test_result_base': None}
[1.326s] INFO:colcon.colcon_core.executor:Executing jobs using 'parallel' executor
[1.340s] DEBUG:colcon.colcon_parallel_executor.executor.parallel:run_until_complete
[1.340s] INFO:colcon.colcon_ros.task.ament_cmake.build:Building ROS package in '/home/brown/Projects/MiningRobot/autonomy/ros2_workspace/src/pcl_msgs' with build type 'ament_cmake'
[1.340s] INFO:colcon.colcon_cmake.task.cmake.build:Building CMake package in '/home/brown/Projects/MiningRobot/autonomy/ros2_workspace/src/pcl_msgs'
[1.357s] INFO:colcon.colcon_core.plugin_system:Skipping extension 'colcon_core.shell.bat': Not used on non-Windows systems
[1.357s] INFO:colcon.colcon_core.shell:Skip shell extension 'powershell' for command environment: Not usable outside of PowerShell
[1.358s] DEBUG:colcon.colcon_core.shell:Skip shell extension 'dsv' for command environment
[1.374s] INFO:colcon.colcon_ros.task.ament_cmake.build:Building ROS package in '/home/brown/Projects/MiningRobot/autonomy/ros2_workspace/src/ros2_ouster_drivers/ouster_msgs' with build type 'ament_cmake'
[1.374s] INFO:colcon.colcon_cmake.task.cmake.build:Building CMake package in '/home/brown/Projects/MiningRobot/autonomy/ros2_workspace/src/ros2_ouster_drivers/ouster_msgs'
[1.389s] INFO:colcon.colcon_core.shell:Skip shell extension 'powershell' for command environment: Not usable outside of PowerShell
[1.390s] DEBUG:colcon.colcon_core.shell:Skip shell extension 'dsv' for command environment
[1.413s] DEBUG:colcon.colcon_core.event_handler.log_command:Invoking command in '/home/brown/Projects/MiningRobot/autonomy/ros2_workspace/build/pcl_msgs': _=/usr/bin/env /usr/bin/cmake /home/brown/Projects/MiningRobot/autonomy/ros2_workspace/src/pcl_msgs -DCMAKE_INSTALL_PREFIX=/home/brown/Projects/MiningRobot/autonomy/ros2_workspace/install/pcl_msgs
[1.418s] DEBUG:colcon.colcon_core.event_handler.log_command:Invoking command in '/home/brown/Projects/MiningRobot/autonomy/ros2_workspace/build/ouster_msgs': _=/usr/bin/env /usr/bin/cmake /home/brown/Projects/MiningRobot/autonomy/ros2_workspace/src/ros2_ouster_drivers/ouster_msgs -DCMAKE_INSTALL_PREFIX=/home/brown/Projects/MiningRobot/autonomy/ros2_workspace/install/ouster_msgs
[2.096s] DEBUG:colcon.colcon_core.event_handler.log_command:Invoked command in '/home/brown/Projects/MiningRobot/autonomy/ros2_workspace/build/pcl_msgs' returned '1': _=/usr/bin/env /usr/bin/cmake /home/brown/Projects/MiningRobot/autonomy/ros2_workspace/src/pcl_msgs -DCMAKE_INSTALL_PREFIX=/home/brown/Projects/MiningRobot/autonomy/ros2_workspace/install/pcl_msgs
[2.118s] DEBUG:colcon.colcon_core.event_handler.log_command:Invoked command in '/home/brown/Projects/MiningRobot/autonomy/ros2_workspace/build/ouster_msgs' returned '1': _=/usr/bin/env /usr/bin/cmake /home/brown/Projects/MiningRobot/autonomy/ros2_workspace/src/ros2_ouster_drivers/ouster_msgs -DCMAKE_INSTALL_PREFIX=/home/brown/Projects/MiningRobot/autonomy/ros2_workspace/install/ouster_msgs
[2.130s] Level 1:colcon.colcon_core.environment:create_environment_scripts_only(pcl_msgs)
[2.164s] Level 1:colcon.colcon_core.environment:checking '/home/brown/Projects/MiningRobot/autonomy/ros2_workspace/install/pcl_msgs' for CMake module files
[2.165s] Level 1:colcon.colcon_core.environment:checking '/home/brown/Projects/MiningRobot/autonomy/ros2_workspace/install/pcl_msgs' for CMake config files
[2.166s] Level 1:colcon.colcon_core.environment:checking '/home/brown/Projects/MiningRobot/autonomy/ros2_workspace/install/pcl_msgs/bin'
[2.166s] Level 1:colcon.colcon_core.environment:checking '/home/brown/Projects/MiningRobot/autonomy/ros2_workspace/install/pcl_msgs/lib/pkgconfig/pcl_msgs.pc'
[2.168s] Level 1:colcon.colcon_core.environment:checking '/home/brown/Projects/MiningRobot/autonomy/ros2_workspace/install/pcl_msgs/lib/python3.11/site-packages'
[2.169s] Level 1:colcon.colcon_core.environment:checking '/home/brown/Projects/MiningRobot/autonomy/ros2_workspace/install/pcl_msgs/bin'
[2.192s] INFO:colcon.colcon_core.shell:Creating package script '/home/brown/Projects/MiningRobot/autonomy/ros2_workspace/install/pcl_msgs/share/pcl_msgs/package.ps1'
[2.195s] INFO:colcon.colcon_core.shell:Creating package descriptor '/home/brown/Projects/MiningRobot/autonomy/ros2_workspace/install/pcl_msgs/share/pcl_msgs/package.dsv'
[2.197s] INFO:colcon.colcon_core.shell:Creating package script '/home/brown/Projects/MiningRobot/autonomy/ros2_workspace/install/pcl_msgs/share/pcl_msgs/package.sh'
[2.199s] INFO:colcon.colcon_core.shell:Creating package script '/home/brown/Projects/MiningRobot/autonomy/ros2_workspace/install/pcl_msgs/share/pcl_msgs/package.bash'
[2.200s] INFO:colcon.colcon_core.shell:Creating package script '/home/brown/Projects/MiningRobot/autonomy/ros2_workspace/install/pcl_msgs/share/pcl_msgs/package.zsh'
[2.202s] Level 1:colcon.colcon_core.environment:create_file_with_runtime_dependencies(/home/brown/Projects/MiningRobot/autonomy/ros2_workspace/install/pcl_msgs/share/colcon-core/packages/pcl_msgs)
[2.207s] DEBUG:colcon.colcon_parallel_executor.executor.parallel:closing loop
[2.208s] DEBUG:colcon.colcon_parallel_executor.executor.parallel:loop closed
[2.208s] DEBUG:colcon.colcon_parallel_executor.executor.parallel:run_until_complete finished with '1'
[2.208s] DEBUG:colcon.colcon_core.event_reactor:joining thread
[2.246s] INFO:colcon.colcon_core.plugin_system:Skipping extension 'colcon_notification.desktop_notification.terminal_notifier': Not used on non-Darwin systems
[2.246s] INFO:colcon.colcon_core.plugin_system:Skipping extension 'colcon_notification.desktop_notification.win32': Not used on non-Windows systems
[2.246s] INFO:colcon.colcon_notification.desktop_notification:Sending desktop notification using 'notify2'
[2.311s] DEBUG:colcon.colcon_core.event_reactor:joined thread
[2.337s] INFO:colcon.colcon_core.shell:Creating prefix script '/home/brown/Projects/MiningRobot/autonomy/ros2_workspace/install/local_setup.ps1'
[2.339s] INFO:colcon.colcon_core.shell:Creating prefix util module '/home/brown/Projects/MiningRobot/autonomy/ros2_workspace/install/_local_setup_util_ps1.py'
[2.342s] INFO:colcon.colcon_core.shell:Creating prefix chain script '/home/brown/Projects/MiningRobot/autonomy/ros2_workspace/install/setup.ps1'
[2.367s] INFO:colcon.colcon_core.shell:Creating prefix script '/home/brown/Projects/MiningRobot/autonomy/ros2_workspace/install/local_setup.sh'
[2.368s] INFO:colcon.colcon_core.shell:Creating prefix util module '/home/brown/Projects/MiningRobot/autonomy/ros2_workspace/install/_local_setup_util_sh.py'
[2.369s] INFO:colcon.colcon_core.shell:Creating prefix chain script '/home/brown/Projects/MiningRobot/autonomy/ros2_workspace/install/setup.sh'
[2.389s] INFO:colcon.colcon_core.shell:Creating prefix script '/home/brown/Projects/MiningRobot/autonomy/ros2_workspace/install/local_setup.bash'
[2.390s] INFO:colcon.colcon_core.shell:Creating prefix chain script '/home/brown/Projects/MiningRobot/autonomy/ros2_workspace/install/setup.bash'
[2.416s] INFO:colcon.colcon_core.shell:Creating prefix script '/home/brown/Projects/MiningRobot/autonomy/ros2_workspace/install/local_setup.zsh'
[2.416s] INFO:colcon.colcon_core.shell:Creating prefix chain script '/home/brown/Projects/MiningRobot/autonomy/ros2_workspace/install/setup.zsh'
