[0.230s] Invoking command in '/home/brown/Projects/MiningRobot/ros2_workspace/build/pcl_msgs': _=/usr/bin/env /usr/bin/cmake /home/brown/Projects/MiningRobot/ros2_workspace/src/pcl_msgs -DCMAKE_INSTALL_PREFIX=/home/brown/Projects/MiningRobot/ros2_workspace/install/pcl_msgs
[0.488s] -- The C compiler identification is GNU 13.2.1
[0.739s] -- The CXX compiler identification is GNU 13.2.1
[0.773s] -- Detecting C compiler ABI info
[0.898s] -- Detecting C compiler ABI info - done
[0.911s] -- Check for working C compiler: /usr/bin/cc - skipped
[0.912s] -- Detecting C compile features
[0.913s] -- Detecting C compile features - done
[0.930s] -- Detecting CXX compiler ABI info
[1.112s] -- Detecting CXX compiler ABI info - done
[1.126s] -- Check for working CXX compiler: /usr/bin/c++ - skipped
[1.127s] -- Detecting CXX compile features
[1.128s] -- Detecting CXX compile features - done
[1.140s] -- Found ament_cmake: 1.3.5 (/opt/ros/humble/share/ament_cmake/cmake)
[2.162s] -- Found Python3: /usr/bin/python3.11 (found version "3.11.5") found components: Interpreter 
[2.324s] -- Found rosidl_default_generators: 1.2.0 (/opt/ros/humble/share/rosidl_default_generators/cmake)
[2.331s] -- Using all available rosidl_typesupport_c: rosidl_typesupport_fastrtps_c;rosidl_typesupport_introspection_c
[2.344s] -- Found rosidl_adapter: 3.1.5 (/opt/ros/humble/share/rosidl_adapter/cmake)
[2.424s] -- Using all available rosidl_typesupport_cpp: rosidl_typesupport_fastrtps_cpp;rosidl_typesupport_introspection_cpp
[2.487s] -- Found sensor_msgs: 4.2.3 (/opt/ros/humble/share/sensor_msgs/cmake)
[3.861s] -- Found ament_cmake_cppcheck: 0.12.8 (/opt/ros/humble/share/ament_cmake_cppcheck/cmake)
[3.866s] -- Found ament_cmake_cpplint: 0.12.8 (/opt/ros/humble/share/ament_cmake_cpplint/cmake)
[3.870s] -- Found ament_cmake_uncrustify: 0.12.8 (/opt/ros/humble/share/ament_cmake_uncrustify/cmake)
[3.875s] -- Found ament_cmake_ros: 0.10.0 (/opt/ros/humble/share/ament_cmake_ros/cmake)
[4.776s] -- Using all available rosidl_typesupport_c: rosidl_typesupport_fastrtps_c;rosidl_typesupport_introspection_c
[6.114s] -- Using all available rosidl_typesupport_cpp: rosidl_typesupport_fastrtps_cpp;rosidl_typesupport_introspection_cpp
[6.121s] [33mCMake Warning (dev) at /opt/ros/humble/share/rosidl_generator_py/cmake/rosidl_generator_py_generate_interfaces.cmake:20 (find_package):
[6.121s]   Policy CMP0148 is not set: The FindPythonInterp and FindPythonLibs modules
[6.121s]   are removed.  Run "cmake --help-policy CMP0148" for policy details.  Use
[6.122s]   the cmake_policy command to set the policy and suppress this warning.
[6.123s] 
[6.123s] Call Stack (most recent call first):
[6.123s]   /opt/ros/humble/share/ament_cmake_core/cmake/core/ament_execute_extensions.cmake:48 (include)
[6.123s]   /opt/ros/humble/share/rosidl_cmake/cmake/rosidl_generate_interfaces.cmake:286 (ament_execute_extensions)
[6.123s]   CMakeLists.txt:31 (rosidl_generate_interfaces)
[6.124s] This warning is for project developers.  Use -Wno-dev to suppress it.
[6.124s] [0m
[6.171s] -- Found PythonInterp: /usr/bin/python3 (found suitable version "3.11.5", minimum required is "3.6") 
[6.173s] -- Found python_cmake_module: 0.10.0 (/opt/ros/humble/share/python_cmake_module/cmake)
[6.175s] [33mCMake Warning (dev) at /opt/ros/humble/share/python_cmake_module/cmake/Modules/FindPythonExtra.cmake:52 (find_package):
[6.175s]   Policy CMP0148 is not set: The FindPythonInterp and FindPythonLibs modules
[6.175s]   are removed.  Run "cmake --help-policy CMP0148" for policy details.  Use
[6.176s]   the cmake_policy command to set the policy and suppress this warning.
[6.176s] 
[6.176s] Call Stack (most recent call first):
[6.176s]   /opt/ros/humble/share/rosidl_generator_py/cmake/rosidl_generator_py_generate_interfaces.cmake:23 (find_package)
[6.177s]   /opt/ros/humble/share/ament_cmake_core/cmake/core/ament_execute_extensions.cmake:48 (include)
[6.177s]   /opt/ros/humble/share/rosidl_cmake/cmake/rosidl_generate_interfaces.cmake:286 (ament_execute_extensions)
[6.177s]   CMakeLists.txt:31 (rosidl_generate_interfaces)
[6.177s] This warning is for project developers.  Use -Wno-dev to suppress it.
[6.178s] [0m
[6.230s] [33mCMake Warning (dev) at /opt/ros/humble/share/python_cmake_module/cmake/Modules/FindPythonExtra.cmake:140 (find_package):
[6.231s]   Policy CMP0148 is not set: The FindPythonInterp and FindPythonLibs modules
[6.231s]   are removed.  Run "cmake --help-policy CMP0148" for policy details.  Use
[6.231s]   the cmake_policy command to set the policy and suppress this warning.
[6.231s] 
[6.231s] Call Stack (most recent call first):
[6.231s]   /opt/ros/humble/share/rosidl_generator_py/cmake/rosidl_generator_py_generate_interfaces.cmake:23 (find_package)
[6.232s]   /opt/ros/humble/share/ament_cmake_core/cmake/core/ament_execute_extensions.cmake:48 (include)
[6.232s]   /opt/ros/humble/share/rosidl_cmake/cmake/rosidl_generate_interfaces.cmake:286 (ament_execute_extensions)
[6.232s]   CMakeLists.txt:31 (rosidl_generate_interfaces)
[6.232s] This warning is for project developers.  Use -Wno-dev to suppress it.
[6.232s] [0m
[6.250s] -- Found PythonLibs: /usr/lib/libpython3.11.so (found suitable version "3.11.5", minimum required is "3.5") 
[6.251s] -- Using PYTHON_EXECUTABLE: /usr/bin/python3
[6.251s] -- Using PYTHON_INCLUDE_DIRS: /usr/include/python3.11
[6.252s] -- Using PYTHON_LIBRARIES: /usr/lib/libpython3.11.so
[6.305s] -- Found PythonExtra: .so  
[6.787s] -- Using numpy include directory: /usr/lib/python3.11/site-packages/numpy/core/include
[6.834s] -- Found ament_cmake_flake8: 0.12.8 (/opt/ros/humble/share/ament_cmake_flake8/cmake)
[6.844s] -- Found ament_cmake_pep257: 0.12.8 (/opt/ros/humble/share/ament_cmake_pep257/cmake)
[6.869s] -- Configuring done (6.6s)
[6.999s] -- Generating done (0.1s)
[7.009s] -- Build files have been written to: /home/brown/Projects/MiningRobot/ros2_workspace/build/pcl_msgs
[7.036s] Invoked command in '/home/brown/Projects/MiningRobot/ros2_workspace/build/pcl_msgs' returned '0': _=/usr/bin/env /usr/bin/cmake /home/brown/Projects/MiningRobot/ros2_workspace/src/pcl_msgs -DCMAKE_INSTALL_PREFIX=/home/brown/Projects/MiningRobot/ros2_workspace/install/pcl_msgs
[7.037s] Invoking command in '/home/brown/Projects/MiningRobot/ros2_workspace/build/pcl_msgs': _=/usr/bin/env /usr/bin/cmake --build /home/brown/Projects/MiningRobot/ros2_workspace/build/pcl_msgs -- -j4 -l4
[7.131s] [  1%] [34m[1mGenerating C code for ROS interfaces[0m
[7.160s] [  3%] [34m[1mGenerating C++ code for ROS interfaces[0m
[8.686s] [  3%] Built target pcl_msgs__cpp
[8.754s] [  4%] [32mBuilding C object CMakeFiles/pcl_msgs__rosidl_generator_c.dir/rosidl_generator_c/pcl_msgs/msg/detail/model_coefficients__functions.c.o[0m
[8.865s] [  6%] [32mBuilding C object CMakeFiles/pcl_msgs__rosidl_generator_c.dir/rosidl_generator_c/pcl_msgs/msg/detail/point_indices__functions.c.o[0m
[9.022s] [  7%] [32mBuilding C object CMakeFiles/pcl_msgs__rosidl_generator_c.dir/rosidl_generator_c/pcl_msgs/msg/detail/polygon_mesh__functions.c.o[0m
[9.183s] [  9%] [32mBuilding C object CMakeFiles/pcl_msgs__rosidl_generator_c.dir/rosidl_generator_c/pcl_msgs/msg/detail/vertices__functions.c.o[0m
[9.328s] [ 11%] [32mBuilding C object CMakeFiles/pcl_msgs__rosidl_generator_c.dir/rosidl_generator_c/pcl_msgs/srv/detail/update_filename__functions.c.o[0m
[9.565s] [ 12%] [32m[1mLinking C shared library libpcl_msgs__rosidl_generator_c.so[0m
[9.795s] [ 12%] Built target pcl_msgs__rosidl_generator_c
[9.826s] [ 14%] [34m[1mGenerating C++ type support for eProsima Fast-RTPS[0m
[10.920s] [ 15%] [32mBuilding CXX object CMakeFiles/pcl_msgs__rosidl_typesupport_fastrtps_cpp.dir/rosidl_typesupport_fastrtps_cpp/pcl_msgs/msg/detail/dds_fastrtps/model_coefficients__type_support.cpp.o[0m
[12.290s] [ 17%] [32mBuilding CXX object CMakeFiles/pcl_msgs__rosidl_typesupport_fastrtps_cpp.dir/rosidl_typesupport_fastrtps_cpp/pcl_msgs/msg/detail/dds_fastrtps/point_indices__type_support.cpp.o[0m
[13.730s] [ 19%] [32mBuilding CXX object CMakeFiles/pcl_msgs__rosidl_typesupport_fastrtps_cpp.dir/rosidl_typesupport_fastrtps_cpp/pcl_msgs/msg/detail/dds_fastrtps/polygon_mesh__type_support.cpp.o[0m
[13.924s] [ 20%] [34m[1mGenerating C++ introspection for ROS interfaces[0m
[14.942s] [ 22%] [34m[1mGenerating C++ type support dispatch for ROS interfaces[0m
[14.948s] [ 23%] [32mBuilding CXX object CMakeFiles/pcl_msgs__rosidl_typesupport_introspection_cpp.dir/rosidl_typesupport_introspection_cpp/pcl_msgs/msg/detail/model_coefficients__type_support.cpp.o[0m
[15.040s] [ 25%] [32mBuilding CXX object CMakeFiles/pcl_msgs__rosidl_typesupport_fastrtps_cpp.dir/rosidl_typesupport_fastrtps_cpp/pcl_msgs/msg/detail/dds_fastrtps/vertices__type_support.cpp.o[0m
[15.974s] [ 26%] [32mBuilding CXX object CMakeFiles/pcl_msgs__rosidl_typesupport_cpp.dir/rosidl_typesupport_cpp/pcl_msgs/msg/model_coefficients__type_support.cpp.o[0m
[16.173s] [ 28%] [32mBuilding CXX object CMakeFiles/pcl_msgs__rosidl_typesupport_introspection_cpp.dir/rosidl_typesupport_introspection_cpp/pcl_msgs/msg/detail/point_indices__type_support.cpp.o[0m
[16.727s] [ 30%] [32mBuilding CXX object CMakeFiles/pcl_msgs__rosidl_typesupport_fastrtps_cpp.dir/rosidl_typesupport_fastrtps_cpp/pcl_msgs/srv/detail/dds_fastrtps/update_filename__type_support.cpp.o[0m
[16.921s] [ 31%] [32mBuilding CXX object CMakeFiles/pcl_msgs__rosidl_typesupport_cpp.dir/rosidl_typesupport_cpp/pcl_msgs/msg/point_indices__type_support.cpp.o[0m
[17.511s] [ 33%] [32mBuilding CXX object CMakeFiles/pcl_msgs__rosidl_typesupport_introspection_cpp.dir/rosidl_typesupport_introspection_cpp/pcl_msgs/msg/detail/polygon_mesh__type_support.cpp.o[0m
[17.954s] [ 34%] [32mBuilding CXX object CMakeFiles/pcl_msgs__rosidl_typesupport_cpp.dir/rosidl_typesupport_cpp/pcl_msgs/msg/polygon_mesh__type_support.cpp.o[0m
[18.196s] [ 36%] [32m[1mLinking CXX shared library libpcl_msgs__rosidl_typesupport_fastrtps_cpp.so[0m
[18.515s] [ 36%] Built target pcl_msgs__rosidl_typesupport_fastrtps_cpp
[18.931s] [ 38%] [32mBuilding CXX object CMakeFiles/pcl_msgs__rosidl_typesupport_cpp.dir/rosidl_typesupport_cpp/pcl_msgs/msg/vertices__type_support.cpp.o[0m
[18.978s] [ 39%] [32mBuilding CXX object CMakeFiles/pcl_msgs__rosidl_typesupport_introspection_cpp.dir/rosidl_typesupport_introspection_cpp/pcl_msgs/msg/detail/vertices__type_support.cpp.o[0m
[19.723s] [ 41%] [32mBuilding CXX object CMakeFiles/pcl_msgs__rosidl_typesupport_cpp.dir/rosidl_typesupport_cpp/pcl_msgs/srv/update_filename__type_support.cpp.o[0m
[20.011s] [ 42%] [32mBuilding CXX object CMakeFiles/pcl_msgs__rosidl_typesupport_introspection_cpp.dir/rosidl_typesupport_introspection_cpp/pcl_msgs/srv/detail/update_filename__type_support.cpp.o[0m
[20.555s] [ 44%] [34m[1mGenerating C type support for eProsima Fast-RTPS[0m
[20.812s] [ 46%] [32m[1mLinking CXX shared library libpcl_msgs__rosidl_typesupport_cpp.so[0m
[21.058s] [ 46%] Built target pcl_msgs__rosidl_typesupport_cpp
[21.164s] [ 47%] [32m[1mLinking CXX shared library libpcl_msgs__rosidl_typesupport_introspection_cpp.so[0m
[21.342s] [ 47%] Built target pcl_msgs__rosidl_typesupport_introspection_cpp
[21.371s] [ 49%] [34m[1mGenerating C introspection for ROS interfaces[0m
[21.410s] [ 49%] Built target ament_cmake_python_copy_pcl_msgs
[21.709s] [ 50%] [32mBuilding CXX object CMakeFiles/pcl_msgs__rosidl_typesupport_fastrtps_c.dir/rosidl_typesupport_fastrtps_c/pcl_msgs/msg/detail/model_coefficients__type_support_c.cpp.o[0m
[22.248s] [ 52%] [32mBuilding C object CMakeFiles/pcl_msgs__rosidl_typesupport_introspection_c.dir/rosidl_typesupport_introspection_c/pcl_msgs/msg/detail/model_coefficients__type_support.c.o[0m
[22.341s] [ 53%] [32mBuilding C object CMakeFiles/pcl_msgs__rosidl_typesupport_introspection_c.dir/rosidl_typesupport_introspection_c/pcl_msgs/msg/detail/point_indices__type_support.c.o[0m
[22.414s] [ 55%] [32mBuilding C object CMakeFiles/pcl_msgs__rosidl_typesupport_introspection_c.dir/rosidl_typesupport_introspection_c/pcl_msgs/msg/detail/polygon_mesh__type_support.c.o[0m
[22.491s] [ 57%] [32mBuilding C object CMakeFiles/pcl_msgs__rosidl_typesupport_introspection_c.dir/rosidl_typesupport_introspection_c/pcl_msgs/msg/detail/vertices__type_support.c.o[0m
[22.558s] [ 58%] [32mBuilding C object CMakeFiles/pcl_msgs__rosidl_typesupport_introspection_c.dir/rosidl_typesupport_introspection_c/pcl_msgs/srv/detail/update_filename__type_support.c.o[0m
[22.616s] [ 60%] [32mBuilding CXX object CMakeFiles/pcl_msgs__rosidl_typesupport_fastrtps_c.dir/rosidl_typesupport_fastrtps_c/pcl_msgs/msg/detail/point_indices__type_support_c.cpp.o[0m
[22.619s] [ 61%] [32m[1mLinking C shared library libpcl_msgs__rosidl_typesupport_introspection_c.so[0m
[22.681s] [ 61%] Built target pcl_msgs__rosidl_typesupport_introspection_c
[22.699s] [ 63%] [32mBuilding CXX object CMakeFiles/pcl_msgs__rosidl_typesupport_fastrtps_c.dir/rosidl_typesupport_fastrtps_c/pcl_msgs/msg/detail/polygon_mesh__type_support_c.cpp.o[0m
[22.711s] [ 65%] [34m[1mGenerating C type support dispatch for ROS interfaces[0m
[23.288s] running egg_info
[23.291s] creating pcl_msgs.egg-info
[23.341s] writing pcl_msgs.egg-info/PKG-INFO
[23.343s] writing dependency_links to pcl_msgs.egg-info/dependency_links.txt
[23.345s] writing top-level names to pcl_msgs.egg-info/top_level.txt
[23.345s] writing manifest file 'pcl_msgs.egg-info/SOURCES.txt'
[23.605s] reading manifest file 'pcl_msgs.egg-info/SOURCES.txt'
[23.608s] writing manifest file 'pcl_msgs.egg-info/SOURCES.txt'
[23.749s] [ 65%] Built target ament_cmake_python_build_pcl_msgs_egg
[23.886s] [ 66%] [32mBuilding CXX object CMakeFiles/pcl_msgs__rosidl_typesupport_c.dir/rosidl_typesupport_c/pcl_msgs/msg/model_coefficients__type_support.cpp.o[0m
[23.902s] [ 68%] [32mBuilding CXX object CMakeFiles/pcl_msgs__rosidl_typesupport_c.dir/rosidl_typesupport_c/pcl_msgs/msg/point_indices__type_support.cpp.o[0m
[23.909s] [ 69%] [32mBuilding CXX object CMakeFiles/pcl_msgs__rosidl_typesupport_fastrtps_c.dir/rosidl_typesupport_fastrtps_c/pcl_msgs/msg/detail/vertices__type_support_c.cpp.o[0m
[23.963s] [ 71%] [32mBuilding CXX object CMakeFiles/pcl_msgs__rosidl_typesupport_c.dir/rosidl_typesupport_c/pcl_msgs/msg/polygon_mesh__type_support.cpp.o[0m
[23.989s] [ 73%] [32mBuilding CXX object CMakeFiles/pcl_msgs__rosidl_typesupport_c.dir/rosidl_typesupport_c/pcl_msgs/srv/update_filename__type_support.cpp.o[0m
[23.995s] [ 74%] [32mBuilding CXX object CMakeFiles/pcl_msgs__rosidl_typesupport_c.dir/rosidl_typesupport_c/pcl_msgs/msg/vertices__type_support.cpp.o[0m
[24.093s] [ 76%] [32m[1mLinking CXX shared library libpcl_msgs__rosidl_typesupport_c.so[0m
[24.272s] [ 76%] Built target pcl_msgs__rosidl_typesupport_c
[24.722s] [ 77%] [32mBuilding CXX object CMakeFiles/pcl_msgs__rosidl_typesupport_fastrtps_c.dir/rosidl_typesupport_fastrtps_c/pcl_msgs/srv/detail/update_filename__type_support_c.cpp.o[0m
[25.438s] [ 79%] [32m[1mLinking CXX shared library libpcl_msgs__rosidl_typesupport_fastrtps_c.so[0m
[25.565s] [ 79%] Built target pcl_msgs__rosidl_typesupport_fastrtps_c
[25.599s] [ 79%] Built target pcl_msgs
[25.633s] [ 80%] [34m[1mGenerating Python code for ROS interfaces[0m
[26.616s] [ 80%] Built target pcl_msgs__py
[26.654s] [ 85%] [32mBuilding C object CMakeFiles/pcl_msgs__rosidl_generator_py.dir/rosidl_generator_py/pcl_msgs/msg/_model_coefficients_s.c.o[0m
[26.655s] [ 85%] [32mBuilding C object CMakeFiles/pcl_msgs__rosidl_generator_py.dir/rosidl_generator_py/pcl_msgs/msg/_vertices_s.c.o[0m
[26.655s] [ 87%] [32mBuilding C object CMakeFiles/pcl_msgs__rosidl_generator_py.dir/rosidl_generator_py/pcl_msgs/msg/_polygon_mesh_s.c.o[0m
[26.655s] [ 85%] [32mBuilding C object CMakeFiles/pcl_msgs__rosidl_generator_py.dir/rosidl_generator_py/pcl_msgs/msg/_point_indices_s.c.o[0m
[27.051s] [ 88%] [32mBuilding C object CMakeFiles/pcl_msgs__rosidl_generator_py.dir/rosidl_generator_py/pcl_msgs/srv/_update_filename_s.c.o[0m
[27.289s] [ 90%] [32m[1mLinking C shared library rosidl_generator_py/pcl_msgs/libpcl_msgs__rosidl_generator_py.so[0m
[27.353s] [ 90%] Built target pcl_msgs__rosidl_generator_py
[27.417s] [ 92%] [32mBuilding C object CMakeFiles/pcl_msgs__rosidl_typesupport_introspection_c__pyext.dir/rosidl_generator_py/pcl_msgs/_pcl_msgs_s.ep.rosidl_typesupport_introspection_c.c.o[0m
[27.423s] [ 93%] [32mBuilding C object CMakeFiles/pcl_msgs__rosidl_typesupport_fastrtps_c__pyext.dir/rosidl_generator_py/pcl_msgs/_pcl_msgs_s.ep.rosidl_typesupport_fastrtps_c.c.o[0m
[27.428s] [ 95%] [32mBuilding C object CMakeFiles/pcl_msgs__rosidl_typesupport_c__pyext.dir/rosidl_generator_py/pcl_msgs/_pcl_msgs_s.ep.rosidl_typesupport_c.c.o[0m
[27.727s] [ 96%] [32m[1mLinking C shared library rosidl_generator_py/pcl_msgs/pcl_msgs_s__rosidl_typesupport_fastrtps_c.cpython-311-x86_64-linux-gnu.so[0m
[27.755s] [ 98%] [32m[1mLinking C shared library rosidl_generator_py/pcl_msgs/pcl_msgs_s__rosidl_typesupport_introspection_c.cpython-311-x86_64-linux-gnu.so[0m
[27.759s] [100%] [32m[1mLinking C shared library rosidl_generator_py/pcl_msgs/pcl_msgs_s__rosidl_typesupport_c.cpython-311-x86_64-linux-gnu.so[0m
[27.831s] [100%] Built target pcl_msgs__rosidl_typesupport_fastrtps_c__pyext
[27.851s] [100%] Built target pcl_msgs__rosidl_typesupport_introspection_c__pyext
[27.856s] [100%] Built target pcl_msgs__rosidl_typesupport_c__pyext
[27.875s] Invoked command in '/home/brown/Projects/MiningRobot/ros2_workspace/build/pcl_msgs' returned '0': _=/usr/bin/env /usr/bin/cmake --build /home/brown/Projects/MiningRobot/ros2_workspace/build/pcl_msgs -- -j4 -l4
[28.566s] Invoking command in '/home/brown/Projects/MiningRobot/ros2_workspace/build/pcl_msgs': _=/usr/bin/env /usr/bin/cmake --install /home/brown/Projects/MiningRobot/ros2_workspace/build/pcl_msgs
[28.576s] -- Install configuration: ""
[28.576s] -- Installing: /home/brown/Projects/MiningRobot/ros2_workspace/install/pcl_msgs/share/ament_index/resource_index/rosidl_interfaces/pcl_msgs
[28.576s] -- Installing: /home/brown/Projects/MiningRobot/ros2_workspace/install/pcl_msgs/include/pcl_msgs/pcl_msgs
[28.576s] -- Installing: /home/brown/Projects/MiningRobot/ros2_workspace/install/pcl_msgs/include/pcl_msgs/pcl_msgs/srv
[28.577s] -- Installing: /home/brown/Projects/MiningRobot/ros2_workspace/install/pcl_msgs/include/pcl_msgs/pcl_msgs/srv/update_filename.h
[28.577s] -- Installing: /home/brown/Projects/MiningRobot/ros2_workspace/install/pcl_msgs/include/pcl_msgs/pcl_msgs/srv/detail
[28.577s] -- Installing: /home/brown/Projects/MiningRobot/ros2_workspace/install/pcl_msgs/include/pcl_msgs/pcl_msgs/srv/detail/update_filename__struct.h
[28.577s] -- Installing: /home/brown/Projects/MiningRobot/ros2_workspace/install/pcl_msgs/include/pcl_msgs/pcl_msgs/srv/detail/update_filename__type_support.h
[28.577s] -- Installing: /home/brown/Projects/MiningRobot/ros2_workspace/install/pcl_msgs/include/pcl_msgs/pcl_msgs/srv/detail/update_filename__functions.c
[28.578s] -- Installing: /home/brown/Projects/MiningRobot/ros2_workspace/install/pcl_msgs/include/pcl_msgs/pcl_msgs/srv/detail/update_filename__functions.h
[28.578s] -- Installing: /home/brown/Projects/MiningRobot/ros2_workspace/install/pcl_msgs/include/pcl_msgs/pcl_msgs/msg
[28.578s] -- Installing: /home/brown/Projects/MiningRobot/ros2_workspace/install/pcl_msgs/include/pcl_msgs/pcl_msgs/msg/vertices.h
[28.578s] -- Installing: /home/brown/Projects/MiningRobot/ros2_workspace/install/pcl_msgs/include/pcl_msgs/pcl_msgs/msg/polygon_mesh.h
[28.579s] -- Installing: /home/brown/Projects/MiningRobot/ros2_workspace/install/pcl_msgs/include/pcl_msgs/pcl_msgs/msg/detail
[28.579s] -- Installing: /home/brown/Projects/MiningRobot/ros2_workspace/install/pcl_msgs/include/pcl_msgs/pcl_msgs/msg/detail/polygon_mesh__functions.h
[28.579s] -- Installing: /home/brown/Projects/MiningRobot/ros2_workspace/install/pcl_msgs/include/pcl_msgs/pcl_msgs/msg/detail/vertices__functions.c
[28.579s] -- Installing: /home/brown/Projects/MiningRobot/ros2_workspace/install/pcl_msgs/include/pcl_msgs/pcl_msgs/msg/detail/polygon_mesh__type_support.h
[28.579s] -- Installing: /home/brown/Projects/MiningRobot/ros2_workspace/install/pcl_msgs/include/pcl_msgs/pcl_msgs/msg/detail/vertices__functions.h
[28.580s] -- Installing: /home/brown/Projects/MiningRobot/ros2_workspace/install/pcl_msgs/include/pcl_msgs/pcl_msgs/msg/detail/model_coefficients__type_support.h
[28.580s] -- Installing: /home/brown/Projects/MiningRobot/ros2_workspace/install/pcl_msgs/include/pcl_msgs/pcl_msgs/msg/detail/vertices__type_support.h
[28.580s] -- Installing: /home/brown/Projects/MiningRobot/ros2_workspace/install/pcl_msgs/include/pcl_msgs/pcl_msgs/msg/detail/vertices__struct.h
[28.580s] -- Installing: /home/brown/Projects/MiningRobot/ros2_workspace/install/pcl_msgs/include/pcl_msgs/pcl_msgs/msg/detail/model_coefficients__functions.h
[28.580s] -- Installing: /home/brown/Projects/MiningRobot/ros2_workspace/install/pcl_msgs/include/pcl_msgs/pcl_msgs/msg/detail/polygon_mesh__functions.c
[28.581s] -- Installing: /home/brown/Projects/MiningRobot/ros2_workspace/install/pcl_msgs/include/pcl_msgs/pcl_msgs/msg/detail/point_indices__type_support.h
[28.581s] -- Installing: /home/brown/Projects/MiningRobot/ros2_workspace/install/pcl_msgs/include/pcl_msgs/pcl_msgs/msg/detail/polygon_mesh__struct.h
[28.581s] -- Installing: /home/brown/Projects/MiningRobot/ros2_workspace/install/pcl_msgs/include/pcl_msgs/pcl_msgs/msg/detail/model_coefficients__functions.c
[28.581s] -- Installing: /home/brown/Projects/MiningRobot/ros2_workspace/install/pcl_msgs/include/pcl_msgs/pcl_msgs/msg/detail/point_indices__struct.h
[28.582s] -- Installing: /home/brown/Projects/MiningRobot/ros2_workspace/install/pcl_msgs/include/pcl_msgs/pcl_msgs/msg/detail/point_indices__functions.h
[28.582s] -- Installing: /home/brown/Projects/MiningRobot/ros2_workspace/install/pcl_msgs/include/pcl_msgs/pcl_msgs/msg/detail/point_indices__functions.c
[28.582s] -- Installing: /home/brown/Projects/MiningRobot/ros2_workspace/install/pcl_msgs/include/pcl_msgs/pcl_msgs/msg/detail/model_coefficients__struct.h
[28.582s] -- Installing: /home/brown/Projects/MiningRobot/ros2_workspace/install/pcl_msgs/include/pcl_msgs/pcl_msgs/msg/model_coefficients.h
[28.582s] -- Installing: /home/brown/Projects/MiningRobot/ros2_workspace/install/pcl_msgs/include/pcl_msgs/pcl_msgs/msg/point_indices.h
[28.583s] -- Installing: /home/brown/Projects/MiningRobot/ros2_workspace/install/pcl_msgs/include/pcl_msgs/pcl_msgs/msg/rosidl_generator_c__visibility_control.h
[28.583s] -- Installing: /home/brown/Projects/MiningRobot/ros2_workspace/install/pcl_msgs/share/pcl_msgs/environment/library_path.sh
[28.583s] -- Installing: /home/brown/Projects/MiningRobot/ros2_workspace/install/pcl_msgs/share/pcl_msgs/environment/library_path.dsv
[28.584s] -- Installing: /home/brown/Projects/MiningRobot/ros2_workspace/install/pcl_msgs/lib/libpcl_msgs__rosidl_generator_c.so
[28.584s] -- Set runtime path of "/home/brown/Projects/MiningRobot/ros2_workspace/install/pcl_msgs/lib/libpcl_msgs__rosidl_generator_c.so" to ""
[28.585s] -- Up-to-date: /home/brown/Projects/MiningRobot/ros2_workspace/install/pcl_msgs/include/pcl_msgs/pcl_msgs
[28.585s] -- Up-to-date: /home/brown/Projects/MiningRobot/ros2_workspace/install/pcl_msgs/include/pcl_msgs/pcl_msgs/srv
[28.585s] -- Up-to-date: /home/brown/Projects/MiningRobot/ros2_workspace/install/pcl_msgs/include/pcl_msgs/pcl_msgs/srv/detail
[28.585s] -- Installing: /home/brown/Projects/MiningRobot/ros2_workspace/install/pcl_msgs/include/pcl_msgs/pcl_msgs/srv/detail/update_filename__rosidl_typesupport_fastrtps_c.h
[28.585s] -- Up-to-date: /home/brown/Projects/MiningRobot/ros2_workspace/install/pcl_msgs/include/pcl_msgs/pcl_msgs/msg
[28.586s] -- Up-to-date: /home/brown/Projects/MiningRobot/ros2_workspace/install/pcl_msgs/include/pcl_msgs/pcl_msgs/msg/detail
[28.586s] -- Installing: /home/brown/Projects/MiningRobot/ros2_workspace/install/pcl_msgs/include/pcl_msgs/pcl_msgs/msg/detail/polygon_mesh__rosidl_typesupport_fastrtps_c.h
[28.586s] -- Installing: /home/brown/Projects/MiningRobot/ros2_workspace/install/pcl_msgs/include/pcl_msgs/pcl_msgs/msg/detail/model_coefficients__rosidl_typesupport_fastrtps_c.h
[28.586s] -- Installing: /home/brown/Projects/MiningRobot/ros2_workspace/install/pcl_msgs/include/pcl_msgs/pcl_msgs/msg/detail/point_indices__rosidl_typesupport_fastrtps_c.h
[28.586s] -- Installing: /home/brown/Projects/MiningRobot/ros2_workspace/install/pcl_msgs/include/pcl_msgs/pcl_msgs/msg/detail/vertices__rosidl_typesupport_fastrtps_c.h
[28.587s] -- Installing: /home/brown/Projects/MiningRobot/ros2_workspace/install/pcl_msgs/include/pcl_msgs/pcl_msgs/msg/rosidl_typesupport_fastrtps_c__visibility_control.h
[28.587s] -- Installing: /home/brown/Projects/MiningRobot/ros2_workspace/install/pcl_msgs/lib/libpcl_msgs__rosidl_typesupport_fastrtps_c.so
[28.587s] -- Set runtime path of "/home/brown/Projects/MiningRobot/ros2_workspace/install/pcl_msgs/lib/libpcl_msgs__rosidl_typesupport_fastrtps_c.so" to ""
[28.587s] -- Up-to-date: /home/brown/Projects/MiningRobot/ros2_workspace/install/pcl_msgs/include/pcl_msgs/pcl_msgs
[28.588s] -- Up-to-date: /home/brown/Projects/MiningRobot/ros2_workspace/install/pcl_msgs/include/pcl_msgs/pcl_msgs/srv
[28.588s] -- Up-to-date: /home/brown/Projects/MiningRobot/ros2_workspace/install/pcl_msgs/include/pcl_msgs/pcl_msgs/srv/detail
[28.588s] -- Installing: /home/brown/Projects/MiningRobot/ros2_workspace/install/pcl_msgs/include/pcl_msgs/pcl_msgs/srv/detail/update_filename__rosidl_typesupport_introspection_c.h
[28.588s] -- Installing: /home/brown/Projects/MiningRobot/ros2_workspace/install/pcl_msgs/include/pcl_msgs/pcl_msgs/srv/detail/update_filename__type_support.c
[28.588s] -- Up-to-date: /home/brown/Projects/MiningRobot/ros2_workspace/install/pcl_msgs/include/pcl_msgs/pcl_msgs/msg
[28.588s] -- Installing: /home/brown/Projects/MiningRobot/ros2_workspace/install/pcl_msgs/include/pcl_msgs/pcl_msgs/msg/rosidl_typesupport_introspection_c__visibility_control.h
[28.589s] -- Up-to-date: /home/brown/Projects/MiningRobot/ros2_workspace/install/pcl_msgs/include/pcl_msgs/pcl_msgs/msg/detail
[28.589s] -- Installing: /home/brown/Projects/MiningRobot/ros2_workspace/install/pcl_msgs/include/pcl_msgs/pcl_msgs/msg/detail/point_indices__rosidl_typesupport_introspection_c.h
[28.589s] -- Installing: /home/brown/Projects/MiningRobot/ros2_workspace/install/pcl_msgs/include/pcl_msgs/pcl_msgs/msg/detail/point_indices__type_support.c
[28.589s] -- Installing: /home/brown/Projects/MiningRobot/ros2_workspace/install/pcl_msgs/include/pcl_msgs/pcl_msgs/msg/detail/vertices__type_support.c
[28.589s] -- Installing: /home/brown/Projects/MiningRobot/ros2_workspace/install/pcl_msgs/include/pcl_msgs/pcl_msgs/msg/detail/polygon_mesh__type_support.c
[28.590s] -- Installing: /home/brown/Projects/MiningRobot/ros2_workspace/install/pcl_msgs/include/pcl_msgs/pcl_msgs/msg/detail/polygon_mesh__rosidl_typesupport_introspection_c.h
[28.590s] -- Installing: /home/brown/Projects/MiningRobot/ros2_workspace/install/pcl_msgs/include/pcl_msgs/pcl_msgs/msg/detail/vertices__rosidl_typesupport_introspection_c.h
[28.590s] -- Installing: /home/brown/Projects/MiningRobot/ros2_workspace/install/pcl_msgs/include/pcl_msgs/pcl_msgs/msg/detail/model_coefficients__type_support.c
[28.590s] -- Installing: /home/brown/Projects/MiningRobot/ros2_workspace/install/pcl_msgs/include/pcl_msgs/pcl_msgs/msg/detail/model_coefficients__rosidl_typesupport_introspection_c.h
[28.590s] -- Installing: /home/brown/Projects/MiningRobot/ros2_workspace/install/pcl_msgs/lib/libpcl_msgs__rosidl_typesupport_introspection_c.so
[28.591s] -- Set runtime path of "/home/brown/Projects/MiningRobot/ros2_workspace/install/pcl_msgs/lib/libpcl_msgs__rosidl_typesupport_introspection_c.so" to ""
[28.591s] -- Installing: /home/brown/Projects/MiningRobot/ros2_workspace/install/pcl_msgs/lib/libpcl_msgs__rosidl_typesupport_c.so
[28.592s] -- Set runtime path of "/home/brown/Projects/MiningRobot/ros2_workspace/install/pcl_msgs/lib/libpcl_msgs__rosidl_typesupport_c.so" to ""
[28.592s] -- Up-to-date: /home/brown/Projects/MiningRobot/ros2_workspace/install/pcl_msgs/include/pcl_msgs/pcl_msgs
[28.592s] -- Up-to-date: /home/brown/Projects/MiningRobot/ros2_workspace/install/pcl_msgs/include/pcl_msgs/pcl_msgs/srv
[28.592s] -- Up-to-date: /home/brown/Projects/MiningRobot/ros2_workspace/install/pcl_msgs/include/pcl_msgs/pcl_msgs/srv/detail
[28.592s] -- Installing: /home/brown/Projects/MiningRobot/ros2_workspace/install/pcl_msgs/include/pcl_msgs/pcl_msgs/srv/detail/update_filename__traits.hpp
[28.593s] -- Installing: /home/brown/Projects/MiningRobot/ros2_workspace/install/pcl_msgs/include/pcl_msgs/pcl_msgs/srv/detail/update_filename__struct.hpp
[28.593s] -- Installing: /home/brown/Projects/MiningRobot/ros2_workspace/install/pcl_msgs/include/pcl_msgs/pcl_msgs/srv/detail/update_filename__builder.hpp
[28.593s] -- Installing: /home/brown/Projects/MiningRobot/ros2_workspace/install/pcl_msgs/include/pcl_msgs/pcl_msgs/srv/update_filename.hpp
[28.593s] -- Up-to-date: /home/brown/Projects/MiningRobot/ros2_workspace/install/pcl_msgs/include/pcl_msgs/pcl_msgs/msg
[28.594s] -- Installing: /home/brown/Projects/MiningRobot/ros2_workspace/install/pcl_msgs/include/pcl_msgs/pcl_msgs/msg/polygon_mesh.hpp
[28.594s] -- Up-to-date: /home/brown/Projects/MiningRobot/ros2_workspace/install/pcl_msgs/include/pcl_msgs/pcl_msgs/msg/detail
[28.594s] -- Installing: /home/brown/Projects/MiningRobot/ros2_workspace/install/pcl_msgs/include/pcl_msgs/pcl_msgs/msg/detail/vertices__traits.hpp
[28.594s] -- Installing: /home/brown/Projects/MiningRobot/ros2_workspace/install/pcl_msgs/include/pcl_msgs/pcl_msgs/msg/detail/point_indices__builder.hpp
[28.594s] -- Installing: /home/brown/Projects/MiningRobot/ros2_workspace/install/pcl_msgs/include/pcl_msgs/pcl_msgs/msg/detail/model_coefficients__traits.hpp
[28.595s] -- Installing: /home/brown/Projects/MiningRobot/ros2_workspace/install/pcl_msgs/include/pcl_msgs/pcl_msgs/msg/detail/polygon_mesh__traits.hpp
[28.595s] -- Installing: /home/brown/Projects/MiningRobot/ros2_workspace/install/pcl_msgs/include/pcl_msgs/pcl_msgs/msg/detail/polygon_mesh__struct.hpp
[28.595s] -- Installing: /home/brown/Projects/MiningRobot/ros2_workspace/install/pcl_msgs/include/pcl_msgs/pcl_msgs/msg/detail/model_coefficients__struct.hpp
[28.595s] -- Installing: /home/brown/Projects/MiningRobot/ros2_workspace/install/pcl_msgs/include/pcl_msgs/pcl_msgs/msg/detail/model_coefficients__builder.hpp
[28.595s] -- Installing: /home/brown/Projects/MiningRobot/ros2_workspace/install/pcl_msgs/include/pcl_msgs/pcl_msgs/msg/detail/vertices__struct.hpp
[28.596s] -- Installing: /home/brown/Projects/MiningRobot/ros2_workspace/install/pcl_msgs/include/pcl_msgs/pcl_msgs/msg/detail/vertices__builder.hpp
[28.596s] -- Installing: /home/brown/Projects/MiningRobot/ros2_workspace/install/pcl_msgs/include/pcl_msgs/pcl_msgs/msg/detail/point_indices__traits.hpp
[28.596s] -- Installing: /home/brown/Projects/MiningRobot/ros2_workspace/install/pcl_msgs/include/pcl_msgs/pcl_msgs/msg/detail/polygon_mesh__builder.hpp
[28.596s] -- Installing: /home/brown/Projects/MiningRobot/ros2_workspace/install/pcl_msgs/include/pcl_msgs/pcl_msgs/msg/detail/point_indices__struct.hpp
[28.597s] -- Installing: /home/brown/Projects/MiningRobot/ros2_workspace/install/pcl_msgs/include/pcl_msgs/pcl_msgs/msg/model_coefficients.hpp
[28.597s] -- Installing: /home/brown/Projects/MiningRobot/ros2_workspace/install/pcl_msgs/include/pcl_msgs/pcl_msgs/msg/vertices.hpp
[28.597s] -- Installing: /home/brown/Projects/MiningRobot/ros2_workspace/install/pcl_msgs/include/pcl_msgs/pcl_msgs/msg/point_indices.hpp
[28.597s] -- Up-to-date: /home/brown/Projects/MiningRobot/ros2_workspace/install/pcl_msgs/include/pcl_msgs/pcl_msgs
[28.598s] -- Up-to-date: /home/brown/Projects/MiningRobot/ros2_workspace/install/pcl_msgs/include/pcl_msgs/pcl_msgs/srv
[28.598s] -- Up-to-date: /home/brown/Projects/MiningRobot/ros2_workspace/install/pcl_msgs/include/pcl_msgs/pcl_msgs/srv/detail
[28.598s] -- Installing: /home/brown/Projects/MiningRobot/ros2_workspace/install/pcl_msgs/include/pcl_msgs/pcl_msgs/srv/detail/update_filename__rosidl_typesupport_fastrtps_cpp.hpp
[28.598s] -- Installing: /home/brown/Projects/MiningRobot/ros2_workspace/install/pcl_msgs/include/pcl_msgs/pcl_msgs/srv/detail/dds_fastrtps
[28.598s] -- Up-to-date: /home/brown/Projects/MiningRobot/ros2_workspace/install/pcl_msgs/include/pcl_msgs/pcl_msgs/msg
[28.598s] -- Up-to-date: /home/brown/Projects/MiningRobot/ros2_workspace/install/pcl_msgs/include/pcl_msgs/pcl_msgs/msg/detail
[28.599s] -- Installing: /home/brown/Projects/MiningRobot/ros2_workspace/install/pcl_msgs/include/pcl_msgs/pcl_msgs/msg/detail/polygon_mesh__rosidl_typesupport_fastrtps_cpp.hpp
[28.599s] -- Installing: /home/brown/Projects/MiningRobot/ros2_workspace/install/pcl_msgs/include/pcl_msgs/pcl_msgs/msg/detail/point_indices__rosidl_typesupport_fastrtps_cpp.hpp
[28.599s] -- Installing: /home/brown/Projects/MiningRobot/ros2_workspace/install/pcl_msgs/include/pcl_msgs/pcl_msgs/msg/detail/vertices__rosidl_typesupport_fastrtps_cpp.hpp
[28.599s] -- Installing: /home/brown/Projects/MiningRobot/ros2_workspace/install/pcl_msgs/include/pcl_msgs/pcl_msgs/msg/detail/dds_fastrtps
[28.599s] -- Installing: /home/brown/Projects/MiningRobot/ros2_workspace/install/pcl_msgs/include/pcl_msgs/pcl_msgs/msg/detail/model_coefficients__rosidl_typesupport_fastrtps_cpp.hpp
[28.600s] -- Installing: /home/brown/Projects/MiningRobot/ros2_workspace/install/pcl_msgs/include/pcl_msgs/pcl_msgs/msg/rosidl_typesupport_fastrtps_cpp__visibility_control.h
[28.600s] -- Installing: /home/brown/Projects/MiningRobot/ros2_workspace/install/pcl_msgs/lib/libpcl_msgs__rosidl_typesupport_fastrtps_cpp.so
[28.600s] -- Set runtime path of "/home/brown/Projects/MiningRobot/ros2_workspace/install/pcl_msgs/lib/libpcl_msgs__rosidl_typesupport_fastrtps_cpp.so" to ""
[28.600s] -- Up-to-date: /home/brown/Projects/MiningRobot/ros2_workspace/install/pcl_msgs/include/pcl_msgs/pcl_msgs
[28.601s] -- Up-to-date: /home/brown/Projects/MiningRobot/ros2_workspace/install/pcl_msgs/include/pcl_msgs/pcl_msgs/srv
[28.601s] -- Up-to-date: /home/brown/Projects/MiningRobot/ros2_workspace/install/pcl_msgs/include/pcl_msgs/pcl_msgs/srv/detail
[28.601s] -- Installing: /home/brown/Projects/MiningRobot/ros2_workspace/install/pcl_msgs/include/pcl_msgs/pcl_msgs/srv/detail/update_filename__rosidl_typesupport_introspection_cpp.hpp
[28.601s] -- Installing: /home/brown/Projects/MiningRobot/ros2_workspace/install/pcl_msgs/include/pcl_msgs/pcl_msgs/srv/detail/update_filename__type_support.cpp
[28.601s] -- Up-to-date: /home/brown/Projects/MiningRobot/ros2_workspace/install/pcl_msgs/include/pcl_msgs/pcl_msgs/msg
[28.602s] -- Up-to-date: /home/brown/Projects/MiningRobot/ros2_workspace/install/pcl_msgs/include/pcl_msgs/pcl_msgs/msg/detail
[28.602s] -- Installing: /home/brown/Projects/MiningRobot/ros2_workspace/install/pcl_msgs/include/pcl_msgs/pcl_msgs/msg/detail/model_coefficients__type_support.cpp
[28.602s] -- Installing: /home/brown/Projects/MiningRobot/ros2_workspace/install/pcl_msgs/include/pcl_msgs/pcl_msgs/msg/detail/model_coefficients__rosidl_typesupport_introspection_cpp.hpp
[28.602s] -- Installing: /home/brown/Projects/MiningRobot/ros2_workspace/install/pcl_msgs/include/pcl_msgs/pcl_msgs/msg/detail/vertices__type_support.cpp
[28.602s] -- Installing: /home/brown/Projects/MiningRobot/ros2_workspace/install/pcl_msgs/include/pcl_msgs/pcl_msgs/msg/detail/point_indices__rosidl_typesupport_introspection_cpp.hpp
[28.603s] -- Installing: /home/brown/Projects/MiningRobot/ros2_workspace/install/pcl_msgs/include/pcl_msgs/pcl_msgs/msg/detail/point_indices__type_support.cpp
[28.603s] -- Installing: /home/brown/Projects/MiningRobot/ros2_workspace/install/pcl_msgs/include/pcl_msgs/pcl_msgs/msg/detail/vertices__rosidl_typesupport_introspection_cpp.hpp
[28.603s] -- Installing: /home/brown/Projects/MiningRobot/ros2_workspace/install/pcl_msgs/include/pcl_msgs/pcl_msgs/msg/detail/polygon_mesh__type_support.cpp
[28.603s] -- Installing: /home/brown/Projects/MiningRobot/ros2_workspace/install/pcl_msgs/include/pcl_msgs/pcl_msgs/msg/detail/polygon_mesh__rosidl_typesupport_introspection_cpp.hpp
[28.603s] -- Installing: /home/brown/Projects/MiningRobot/ros2_workspace/install/pcl_msgs/lib/libpcl_msgs__rosidl_typesupport_introspection_cpp.so
[28.604s] -- Set runtime path of "/home/brown/Projects/MiningRobot/ros2_workspace/install/pcl_msgs/lib/libpcl_msgs__rosidl_typesupport_introspection_cpp.so" to ""
[28.604s] -- Installing: /home/brown/Projects/MiningRobot/ros2_workspace/install/pcl_msgs/lib/libpcl_msgs__rosidl_typesupport_cpp.so
[28.605s] -- Set runtime path of "/home/brown/Projects/MiningRobot/ros2_workspace/install/pcl_msgs/lib/libpcl_msgs__rosidl_typesupport_cpp.so" to ""
[28.605s] -- Installing: /home/brown/Projects/MiningRobot/ros2_workspace/install/pcl_msgs/share/pcl_msgs/environment/pythonpath.sh
[28.605s] -- Installing: /home/brown/Projects/MiningRobot/ros2_workspace/install/pcl_msgs/share/pcl_msgs/environment/pythonpath.dsv
[28.605s] -- Installing: /home/brown/Projects/MiningRobot/ros2_workspace/install/pcl_msgs/lib/python3.11/site-packages/pcl_msgs-1.0.0-py3.11.egg-info
[28.605s] -- Installing: /home/brown/Projects/MiningRobot/ros2_workspace/install/pcl_msgs/lib/python3.11/site-packages/pcl_msgs-1.0.0-py3.11.egg-info/dependency_links.txt
[28.605s] -- Installing: /home/brown/Projects/MiningRobot/ros2_workspace/install/pcl_msgs/lib/python3.11/site-packages/pcl_msgs-1.0.0-py3.11.egg-info/top_level.txt
[28.605s] -- Installing: /home/brown/Projects/MiningRobot/ros2_workspace/install/pcl_msgs/lib/python3.11/site-packages/pcl_msgs-1.0.0-py3.11.egg-info/PKG-INFO
[28.606s] -- Installing: /home/brown/Projects/MiningRobot/ros2_workspace/install/pcl_msgs/lib/python3.11/site-packages/pcl_msgs-1.0.0-py3.11.egg-info/SOURCES.txt
[28.606s] -- Installing: /home/brown/Projects/MiningRobot/ros2_workspace/install/pcl_msgs/lib/python3.11/site-packages/pcl_msgs
[28.606s] -- Installing: /home/brown/Projects/MiningRobot/ros2_workspace/install/pcl_msgs/lib/python3.11/site-packages/pcl_msgs/_pcl_msgs_s.ep.rosidl_typesupport_fastrtps_c.c
[28.606s] -- Installing: /home/brown/Projects/MiningRobot/ros2_workspace/install/pcl_msgs/lib/python3.11/site-packages/pcl_msgs/__init__.py
[28.606s] -- Installing: /home/brown/Projects/MiningRobot/ros2_workspace/install/pcl_msgs/lib/python3.11/site-packages/pcl_msgs/pcl_msgs_s__rosidl_typesupport_c.cpython-311-x86_64-linux-gnu.so
[28.606s] -- Installing: /home/brown/Projects/MiningRobot/ros2_workspace/install/pcl_msgs/lib/python3.11/site-packages/pcl_msgs/_pcl_msgs_s.ep.rosidl_typesupport_introspection_c.c
[28.607s] -- Installing: /home/brown/Projects/MiningRobot/ros2_workspace/install/pcl_msgs/lib/python3.11/site-packages/pcl_msgs/libpcl_msgs__rosidl_generator_py.so
[28.607s] -- Installing: /home/brown/Projects/MiningRobot/ros2_workspace/install/pcl_msgs/lib/python3.11/site-packages/pcl_msgs/srv
[28.607s] -- Installing: /home/brown/Projects/MiningRobot/ros2_workspace/install/pcl_msgs/lib/python3.11/site-packages/pcl_msgs/srv/__init__.py
[28.607s] -- Installing: /home/brown/Projects/MiningRobot/ros2_workspace/install/pcl_msgs/lib/python3.11/site-packages/pcl_msgs/srv/_update_filename_s.c
[28.607s] -- Installing: /home/brown/Projects/MiningRobot/ros2_workspace/install/pcl_msgs/lib/python3.11/site-packages/pcl_msgs/srv/_update_filename.py
[28.607s] -- Installing: /home/brown/Projects/MiningRobot/ros2_workspace/install/pcl_msgs/lib/python3.11/site-packages/pcl_msgs/pcl_msgs_s__rosidl_typesupport_introspection_c.cpython-311-x86_64-linux-gnu.so
[28.608s] -- Installing: /home/brown/Projects/MiningRobot/ros2_workspace/install/pcl_msgs/lib/python3.11/site-packages/pcl_msgs/pcl_msgs_s__rosidl_typesupport_fastrtps_c.cpython-311-x86_64-linux-gnu.so
[28.608s] -- Installing: /home/brown/Projects/MiningRobot/ros2_workspace/install/pcl_msgs/lib/python3.11/site-packages/pcl_msgs/_pcl_msgs_s.ep.rosidl_typesupport_c.c
[28.608s] -- Installing: /home/brown/Projects/MiningRobot/ros2_workspace/install/pcl_msgs/lib/python3.11/site-packages/pcl_msgs/msg
[28.608s] -- Installing: /home/brown/Projects/MiningRobot/ros2_workspace/install/pcl_msgs/lib/python3.11/site-packages/pcl_msgs/msg/__init__.py
[28.609s] -- Installing: /home/brown/Projects/MiningRobot/ros2_workspace/install/pcl_msgs/lib/python3.11/site-packages/pcl_msgs/msg/_point_indices.py
[28.609s] -- Installing: /home/brown/Projects/MiningRobot/ros2_workspace/install/pcl_msgs/lib/python3.11/site-packages/pcl_msgs/msg/_point_indices_s.c
[28.609s] -- Installing: /home/brown/Projects/MiningRobot/ros2_workspace/install/pcl_msgs/lib/python3.11/site-packages/pcl_msgs/msg/_model_coefficients.py
[28.609s] -- Installing: /home/brown/Projects/MiningRobot/ros2_workspace/install/pcl_msgs/lib/python3.11/site-packages/pcl_msgs/msg/_polygon_mesh.py
[28.609s] -- Installing: /home/brown/Projects/MiningRobot/ros2_workspace/install/pcl_msgs/lib/python3.11/site-packages/pcl_msgs/msg/_model_coefficients_s.c
[28.610s] -- Installing: /home/brown/Projects/MiningRobot/ros2_workspace/install/pcl_msgs/lib/python3.11/site-packages/pcl_msgs/msg/_vertices_s.c
[28.610s] -- Installing: /home/brown/Projects/MiningRobot/ros2_workspace/install/pcl_msgs/lib/python3.11/site-packages/pcl_msgs/msg/_vertices.py
[28.610s] -- Installing: /home/brown/Projects/MiningRobot/ros2_workspace/install/pcl_msgs/lib/python3.11/site-packages/pcl_msgs/msg/_polygon_mesh_s.c
[28.671s] Listing '/home/brown/Projects/MiningRobot/ros2_workspace/install/pcl_msgs/lib/python3.11/site-packages/pcl_msgs'...
[28.671s] Compiling '/home/brown/Projects/MiningRobot/ros2_workspace/install/pcl_msgs/lib/python3.11/site-packages/pcl_msgs/__init__.py'...
[28.671s] Listing '/home/brown/Projects/MiningRobot/ros2_workspace/install/pcl_msgs/lib/python3.11/site-packages/pcl_msgs/msg'...
[28.671s] Compiling '/home/brown/Projects/MiningRobot/ros2_workspace/install/pcl_msgs/lib/python3.11/site-packages/pcl_msgs/msg/__init__.py'...
[28.671s] Compiling '/home/brown/Projects/MiningRobot/ros2_workspace/install/pcl_msgs/lib/python3.11/site-packages/pcl_msgs/msg/_model_coefficients.py'...
[28.671s] Compiling '/home/brown/Projects/MiningRobot/ros2_workspace/install/pcl_msgs/lib/python3.11/site-packages/pcl_msgs/msg/_point_indices.py'...
[28.672s] Compiling '/home/brown/Projects/MiningRobot/ros2_workspace/install/pcl_msgs/lib/python3.11/site-packages/pcl_msgs/msg/_polygon_mesh.py'...
[28.672s] Compiling '/home/brown/Projects/MiningRobot/ros2_workspace/install/pcl_msgs/lib/python3.11/site-packages/pcl_msgs/msg/_vertices.py'...
[28.672s] Listing '/home/brown/Projects/MiningRobot/ros2_workspace/install/pcl_msgs/lib/python3.11/site-packages/pcl_msgs/srv'...
[28.672s] Compiling '/home/brown/Projects/MiningRobot/ros2_workspace/install/pcl_msgs/lib/python3.11/site-packages/pcl_msgs/srv/__init__.py'...
[28.672s] Compiling '/home/brown/Projects/MiningRobot/ros2_workspace/install/pcl_msgs/lib/python3.11/site-packages/pcl_msgs/srv/_update_filename.py'...
[28.679s] -- Installing: /home/brown/Projects/MiningRobot/ros2_workspace/install/pcl_msgs/lib/python3.11/site-packages/pcl_msgs/pcl_msgs_s__rosidl_typesupport_fastrtps_c.cpython-311-x86_64-linux-gnu.so
[28.680s] -- Set runtime path of "/home/brown/Projects/MiningRobot/ros2_workspace/install/pcl_msgs/lib/python3.11/site-packages/pcl_msgs/pcl_msgs_s__rosidl_typesupport_fastrtps_c.cpython-311-x86_64-linux-gnu.so" to ""
[28.681s] -- Installing: /home/brown/Projects/MiningRobot/ros2_workspace/install/pcl_msgs/lib/python3.11/site-packages/pcl_msgs/pcl_msgs_s__rosidl_typesupport_introspection_c.cpython-311-x86_64-linux-gnu.so
[28.681s] -- Set runtime path of "/home/brown/Projects/MiningRobot/ros2_workspace/install/pcl_msgs/lib/python3.11/site-packages/pcl_msgs/pcl_msgs_s__rosidl_typesupport_introspection_c.cpython-311-x86_64-linux-gnu.so" to ""
[28.682s] -- Installing: /home/brown/Projects/MiningRobot/ros2_workspace/install/pcl_msgs/lib/python3.11/site-packages/pcl_msgs/pcl_msgs_s__rosidl_typesupport_c.cpython-311-x86_64-linux-gnu.so
[28.682s] -- Set runtime path of "/home/brown/Projects/MiningRobot/ros2_workspace/install/pcl_msgs/lib/python3.11/site-packages/pcl_msgs/pcl_msgs_s__rosidl_typesupport_c.cpython-311-x86_64-linux-gnu.so" to ""
[28.682s] -- Installing: /home/brown/Projects/MiningRobot/ros2_workspace/install/pcl_msgs/lib/libpcl_msgs__rosidl_generator_py.so
[28.683s] -- Set runtime path of "/home/brown/Projects/MiningRobot/ros2_workspace/install/pcl_msgs/lib/libpcl_msgs__rosidl_generator_py.so" to ""
[28.683s] -- Installing: /home/brown/Projects/MiningRobot/ros2_workspace/install/pcl_msgs/share/pcl_msgs/msg/ModelCoefficients.idl
[28.683s] -- Installing: /home/brown/Projects/MiningRobot/ros2_workspace/install/pcl_msgs/share/pcl_msgs/msg/PointIndices.idl
[28.683s] -- Installing: /home/brown/Projects/MiningRobot/ros2_workspace/install/pcl_msgs/share/pcl_msgs/msg/PolygonMesh.idl
[28.683s] -- Installing: /home/brown/Projects/MiningRobot/ros2_workspace/install/pcl_msgs/share/pcl_msgs/msg/Vertices.idl
[28.684s] -- Installing: /home/brown/Projects/MiningRobot/ros2_workspace/install/pcl_msgs/share/pcl_msgs/srv/UpdateFilename.idl
[28.684s] -- Installing: /home/brown/Projects/MiningRobot/ros2_workspace/install/pcl_msgs/share/pcl_msgs/msg/ModelCoefficients.msg
[28.684s] -- Installing: /home/brown/Projects/MiningRobot/ros2_workspace/install/pcl_msgs/share/pcl_msgs/msg/PointIndices.msg
[28.684s] -- Installing: /home/brown/Projects/MiningRobot/ros2_workspace/install/pcl_msgs/share/pcl_msgs/msg/PolygonMesh.msg
[28.685s] -- Installing: /home/brown/Projects/MiningRobot/ros2_workspace/install/pcl_msgs/share/pcl_msgs/msg/Vertices.msg
[28.685s] -- Installing: /home/brown/Projects/MiningRobot/ros2_workspace/install/pcl_msgs/share/pcl_msgs/srv/UpdateFilename.srv
[28.685s] -- Installing: /home/brown/Projects/MiningRobot/ros2_workspace/install/pcl_msgs/share/pcl_msgs/srv/UpdateFilename_Request.msg
[28.685s] -- Installing: /home/brown/Projects/MiningRobot/ros2_workspace/install/pcl_msgs/share/pcl_msgs/srv/UpdateFilename_Response.msg
[28.685s] -- Installing: /home/brown/Projects/MiningRobot/ros2_workspace/install/pcl_msgs/share/ament_index/resource_index/package_run_dependencies/pcl_msgs
[28.686s] -- Installing: /home/brown/Projects/MiningRobot/ros2_workspace/install/pcl_msgs/share/ament_index/resource_index/parent_prefix_path/pcl_msgs
[28.686s] -- Installing: /home/brown/Projects/MiningRobot/ros2_workspace/install/pcl_msgs/share/pcl_msgs/environment/ament_prefix_path.sh
[28.686s] -- Installing: /home/brown/Projects/MiningRobot/ros2_workspace/install/pcl_msgs/share/pcl_msgs/environment/ament_prefix_path.dsv
[28.686s] -- Installing: /home/brown/Projects/MiningRobot/ros2_workspace/install/pcl_msgs/share/pcl_msgs/environment/path.sh
[28.686s] -- Installing: /home/brown/Projects/MiningRobot/ros2_workspace/install/pcl_msgs/share/pcl_msgs/environment/path.dsv
[28.687s] -- Installing: /home/brown/Projects/MiningRobot/ros2_workspace/install/pcl_msgs/share/pcl_msgs/local_setup.bash
[28.687s] -- Installing: /home/brown/Projects/MiningRobot/ros2_workspace/install/pcl_msgs/share/pcl_msgs/local_setup.sh
[28.687s] -- Installing: /home/brown/Projects/MiningRobot/ros2_workspace/install/pcl_msgs/share/pcl_msgs/local_setup.zsh
[28.687s] -- Installing: /home/brown/Projects/MiningRobot/ros2_workspace/install/pcl_msgs/share/pcl_msgs/local_setup.dsv
[28.687s] -- Installing: /home/brown/Projects/MiningRobot/ros2_workspace/install/pcl_msgs/share/pcl_msgs/package.dsv
[28.688s] -- Installing: /home/brown/Projects/MiningRobot/ros2_workspace/install/pcl_msgs/share/ament_index/resource_index/packages/pcl_msgs
[28.688s] -- Installing: /home/brown/Projects/MiningRobot/ros2_workspace/install/pcl_msgs/share/pcl_msgs/cmake/export_pcl_msgs__rosidl_generator_cExport.cmake
[28.688s] -- Installing: /home/brown/Projects/MiningRobot/ros2_workspace/install/pcl_msgs/share/pcl_msgs/cmake/export_pcl_msgs__rosidl_generator_cExport-noconfig.cmake
[28.688s] -- Installing: /home/brown/Projects/MiningRobot/ros2_workspace/install/pcl_msgs/share/pcl_msgs/cmake/export_pcl_msgs__rosidl_typesupport_fastrtps_cExport.cmake
[28.688s] -- Installing: /home/brown/Projects/MiningRobot/ros2_workspace/install/pcl_msgs/share/pcl_msgs/cmake/export_pcl_msgs__rosidl_typesupport_fastrtps_cExport-noconfig.cmake
[28.689s] -- Installing: /home/brown/Projects/MiningRobot/ros2_workspace/install/pcl_msgs/share/pcl_msgs/cmake/pcl_msgs__rosidl_typesupport_introspection_cExport.cmake
[28.689s] -- Installing: /home/brown/Projects/MiningRobot/ros2_workspace/install/pcl_msgs/share/pcl_msgs/cmake/pcl_msgs__rosidl_typesupport_introspection_cExport-noconfig.cmake
[28.689s] -- Installing: /home/brown/Projects/MiningRobot/ros2_workspace/install/pcl_msgs/share/pcl_msgs/cmake/pcl_msgs__rosidl_typesupport_cExport.cmake
[28.689s] -- Installing: /home/brown/Projects/MiningRobot/ros2_workspace/install/pcl_msgs/share/pcl_msgs/cmake/pcl_msgs__rosidl_typesupport_cExport-noconfig.cmake
[28.690s] -- Installing: /home/brown/Projects/MiningRobot/ros2_workspace/install/pcl_msgs/share/pcl_msgs/cmake/export_pcl_msgs__rosidl_generator_cppExport.cmake
[28.690s] -- Installing: /home/brown/Projects/MiningRobot/ros2_workspace/install/pcl_msgs/share/pcl_msgs/cmake/export_pcl_msgs__rosidl_typesupport_fastrtps_cppExport.cmake
[28.690s] -- Installing: /home/brown/Projects/MiningRobot/ros2_workspace/install/pcl_msgs/share/pcl_msgs/cmake/export_pcl_msgs__rosidl_typesupport_fastrtps_cppExport-noconfig.cmake
[28.690s] -- Installing: /home/brown/Projects/MiningRobot/ros2_workspace/install/pcl_msgs/share/pcl_msgs/cmake/pcl_msgs__rosidl_typesupport_introspection_cppExport.cmake
[28.690s] -- Installing: /home/brown/Projects/MiningRobot/ros2_workspace/install/pcl_msgs/share/pcl_msgs/cmake/pcl_msgs__rosidl_typesupport_introspection_cppExport-noconfig.cmake
[28.691s] -- Installing: /home/brown/Projects/MiningRobot/ros2_workspace/install/pcl_msgs/share/pcl_msgs/cmake/pcl_msgs__rosidl_typesupport_cppExport.cmake
[28.691s] -- Installing: /home/brown/Projects/MiningRobot/ros2_workspace/install/pcl_msgs/share/pcl_msgs/cmake/pcl_msgs__rosidl_typesupport_cppExport-noconfig.cmake
[28.691s] -- Installing: /home/brown/Projects/MiningRobot/ros2_workspace/install/pcl_msgs/share/pcl_msgs/cmake/export_pcl_msgs__rosidl_generator_pyExport.cmake
[28.691s] -- Installing: /home/brown/Projects/MiningRobot/ros2_workspace/install/pcl_msgs/share/pcl_msgs/cmake/export_pcl_msgs__rosidl_generator_pyExport-noconfig.cmake
[28.691s] -- Installing: /home/brown/Projects/MiningRobot/ros2_workspace/install/pcl_msgs/share/pcl_msgs/cmake/rosidl_cmake-extras.cmake
[28.692s] -- Installing: /home/brown/Projects/MiningRobot/ros2_workspace/install/pcl_msgs/share/pcl_msgs/cmake/ament_cmake_export_dependencies-extras.cmake
[28.692s] -- Installing: /home/brown/Projects/MiningRobot/ros2_workspace/install/pcl_msgs/share/pcl_msgs/cmake/ament_cmake_export_include_directories-extras.cmake
[28.692s] -- Installing: /home/brown/Projects/MiningRobot/ros2_workspace/install/pcl_msgs/share/pcl_msgs/cmake/ament_cmake_export_libraries-extras.cmake
[28.692s] -- Installing: /home/brown/Projects/MiningRobot/ros2_workspace/install/pcl_msgs/share/pcl_msgs/cmake/ament_cmake_export_targets-extras.cmake
[28.692s] -- Installing: /home/brown/Projects/MiningRobot/ros2_workspace/install/pcl_msgs/share/pcl_msgs/cmake/rosidl_cmake_export_typesupport_targets-extras.cmake
[28.693s] -- Installing: /home/brown/Projects/MiningRobot/ros2_workspace/install/pcl_msgs/share/pcl_msgs/cmake/rosidl_cmake_export_typesupport_libraries-extras.cmake
[28.693s] -- Installing: /home/brown/Projects/MiningRobot/ros2_workspace/install/pcl_msgs/share/pcl_msgs/cmake/pcl_msgsConfig.cmake
[28.693s] -- Installing: /home/brown/Projects/MiningRobot/ros2_workspace/install/pcl_msgs/share/pcl_msgs/cmake/pcl_msgsConfig-version.cmake
[28.694s] -- Installing: /home/brown/Projects/MiningRobot/ros2_workspace/install/pcl_msgs/share/pcl_msgs/package.xml
[28.698s] Invoked command in '/home/brown/Projects/MiningRobot/ros2_workspace/build/pcl_msgs' returned '0': _=/usr/bin/env /usr/bin/cmake --install /home/brown/Projects/MiningRobot/ros2_workspace/build/pcl_msgs
