[0.492s] Invoking command in '/home/brown/Projects/MiningRobot/ros2_workspace/build/perception_pcl': AMENT_PREFIX_PATH=/home/brown/Projects/MiningRobot/ros2_workspace/install/pcl_ros:/home/brown/Projects/MiningRobot/ros2_workspace/install/pcl_conversions:/home/brown/Projects/MiningRobot/ros2_workspace/install/pcl_msgs:${AMENT_PREFIX_PATH} CMAKE_PREFIX_PATH=/home/brown/Projects/MiningRobot/ros2_workspace/install/pcl_ros:/home/brown/Projects/MiningRobot/ros2_workspace/install/pcl_conversions:/home/brown/Projects/MiningRobot/ros2_workspace/install/pcl_msgs:${CMAKE_PREFIX_PATH} LD_LIBRARY_PATH=/home/brown/Projects/MiningRobot/ros2_workspace/install/pcl_ros/lib:/home/brown/Projects/MiningRobot/ros2_workspace/install/pcl_msgs/lib:${LD_LIBRARY_PATH} PYTHONPATH=/home/brown/Projects/MiningRobot/ros2_workspace/install/pcl_msgs/lib/python3.11/site-packages:${PYTHONPATH} _=/usr/bin/env /usr/bin/cmake /home/brown/Projects/MiningRobot/ros2_workspace/src/perception_pcl/perception_pcl -DCMAKE_INSTALL_PREFIX=/home/brown/Projects/MiningRobot/ros2_workspace/install/perception_pcl
[0.868s] -- The C compiler identification is GNU 13.2.1
[1.225s] -- The CXX compiler identification is GNU 13.2.1
[1.300s] -- Detecting C compiler ABI info
[1.726s] -- Detecting C compiler ABI info - done
[1.768s] -- Check for working C compiler: /usr/bin/cc - skipped
[1.773s] -- Detecting C compile features
[1.784s] -- Detecting C compile features - done
[1.863s] -- Detecting CXX compiler ABI info
[2.357s] -- Detecting CXX compiler ABI info - done
[2.383s] -- Check for working CXX compiler: /usr/bin/c++ - skipped
[2.383s] -- Detecting CXX compile features
[2.384s] -- Detecting CXX compile features - done
[2.414s] -- Found ament_cmake: 1.3.5 (/opt/ros/humble/share/ament_cmake/cmake)
[5.040s] -- Found Python3: /usr/bin/python3.11 (found version "3.11.5") found components: Interpreter 
[5.955s] -- Configuring done (5.4s)
[5.961s] -- Generating done (0.0s)
[5.963s] -- Build files have been written to: /home/brown/Projects/MiningRobot/ros2_workspace/build/perception_pcl
[5.977s] Invoked command in '/home/brown/Projects/MiningRobot/ros2_workspace/build/perception_pcl' returned '0': AMENT_PREFIX_PATH=/home/brown/Projects/MiningRobot/ros2_workspace/install/pcl_ros:/home/brown/Projects/MiningRobot/ros2_workspace/install/pcl_conversions:/home/brown/Projects/MiningRobot/ros2_workspace/install/pcl_msgs:${AMENT_PREFIX_PATH} CMAKE_PREFIX_PATH=/home/brown/Projects/MiningRobot/ros2_workspace/install/pcl_ros:/home/brown/Projects/MiningRobot/ros2_workspace/install/pcl_conversions:/home/brown/Projects/MiningRobot/ros2_workspace/install/pcl_msgs:${CMAKE_PREFIX_PATH} LD_LIBRARY_PATH=/home/brown/Projects/MiningRobot/ros2_workspace/install/pcl_ros/lib:/home/brown/Projects/MiningRobot/ros2_workspace/install/pcl_msgs/lib:${LD_LIBRARY_PATH} PYTHONPATH=/home/brown/Projects/MiningRobot/ros2_workspace/install/pcl_msgs/lib/python3.11/site-packages:${PYTHONPATH} _=/usr/bin/env /usr/bin/cmake /home/brown/Projects/MiningRobot/ros2_workspace/src/perception_pcl/perception_pcl -DCMAKE_INSTALL_PREFIX=/home/brown/Projects/MiningRobot/ros2_workspace/install/perception_pcl
[5.981s] Invoking command in '/home/brown/Projects/MiningRobot/ros2_workspace/build/perception_pcl': AMENT_PREFIX_PATH=/home/brown/Projects/MiningRobot/ros2_workspace/install/pcl_ros:/home/brown/Projects/MiningRobot/ros2_workspace/install/pcl_conversions:/home/brown/Projects/MiningRobot/ros2_workspace/install/pcl_msgs:${AMENT_PREFIX_PATH} CMAKE_PREFIX_PATH=/home/brown/Projects/MiningRobot/ros2_workspace/install/pcl_ros:/home/brown/Projects/MiningRobot/ros2_workspace/install/pcl_conversions:/home/brown/Projects/MiningRobot/ros2_workspace/install/pcl_msgs:${CMAKE_PREFIX_PATH} LD_LIBRARY_PATH=/home/brown/Projects/MiningRobot/ros2_workspace/install/pcl_ros/lib:/home/brown/Projects/MiningRobot/ros2_workspace/install/pcl_msgs/lib:${LD_LIBRARY_PATH} PYTHONPATH=/home/brown/Projects/MiningRobot/ros2_workspace/install/pcl_msgs/lib/python3.11/site-packages:${PYTHONPATH} _=/usr/bin/env /usr/bin/cmake --build /home/brown/Projects/MiningRobot/ros2_workspace/build/perception_pcl -- -j4 -l4
[6.108s] Invoked command in '/home/brown/Projects/MiningRobot/ros2_workspace/build/perception_pcl' returned '0': AMENT_PREFIX_PATH=/home/brown/Projects/MiningRobot/ros2_workspace/install/pcl_ros:/home/brown/Projects/MiningRobot/ros2_workspace/install/pcl_conversions:/home/brown/Projects/MiningRobot/ros2_workspace/install/pcl_msgs:${AMENT_PREFIX_PATH} CMAKE_PREFIX_PATH=/home/brown/Projects/MiningRobot/ros2_workspace/install/pcl_ros:/home/brown/Projects/MiningRobot/ros2_workspace/install/pcl_conversions:/home/brown/Projects/MiningRobot/ros2_workspace/install/pcl_msgs:${CMAKE_PREFIX_PATH} LD_LIBRARY_PATH=/home/brown/Projects/MiningRobot/ros2_workspace/install/pcl_ros/lib:/home/brown/Projects/MiningRobot/ros2_workspace/install/pcl_msgs/lib:${LD_LIBRARY_PATH} PYTHONPATH=/home/brown/Projects/MiningRobot/ros2_workspace/install/pcl_msgs/lib/python3.11/site-packages:${PYTHONPATH} _=/usr/bin/env /usr/bin/cmake --build /home/brown/Projects/MiningRobot/ros2_workspace/build/perception_pcl -- -j4 -l4
[6.249s] Invoking command in '/home/brown/Projects/MiningRobot/ros2_workspace/build/perception_pcl': AMENT_PREFIX_PATH=/home/brown/Projects/MiningRobot/ros2_workspace/install/pcl_ros:/home/brown/Projects/MiningRobot/ros2_workspace/install/pcl_conversions:/home/brown/Projects/MiningRobot/ros2_workspace/install/pcl_msgs:${AMENT_PREFIX_PATH} CMAKE_PREFIX_PATH=/home/brown/Projects/MiningRobot/ros2_workspace/install/pcl_ros:/home/brown/Projects/MiningRobot/ros2_workspace/install/pcl_conversions:/home/brown/Projects/MiningRobot/ros2_workspace/install/pcl_msgs:${CMAKE_PREFIX_PATH} LD_LIBRARY_PATH=/home/brown/Projects/MiningRobot/ros2_workspace/install/pcl_ros/lib:/home/brown/Projects/MiningRobot/ros2_workspace/install/pcl_msgs/lib:${LD_LIBRARY_PATH} PYTHONPATH=/home/brown/Projects/MiningRobot/ros2_workspace/install/pcl_msgs/lib/python3.11/site-packages:${PYTHONPATH} _=/usr/bin/env /usr/bin/cmake --install /home/brown/Projects/MiningRobot/ros2_workspace/build/perception_pcl
[6.266s] -- Install configuration: ""
[6.267s] -- Installing: /home/brown/Projects/MiningRobot/ros2_workspace/install/perception_pcl/share/ament_index/resource_index/package_run_dependencies/perception_pcl
[6.268s] -- Installing: /home/brown/Projects/MiningRobot/ros2_workspace/install/perception_pcl/share/ament_index/resource_index/parent_prefix_path/perception_pcl
[6.268s] -- Installing: /home/brown/Projects/MiningRobot/ros2_workspace/install/perception_pcl/share/perception_pcl/environment/ament_prefix_path.sh
[6.269s] -- Installing: /home/brown/Projects/MiningRobot/ros2_workspace/install/perception_pcl/share/perception_pcl/environment/ament_prefix_path.dsv
[6.269s] -- Installing: /home/brown/Projects/MiningRobot/ros2_workspace/install/perception_pcl/share/perception_pcl/environment/path.sh
[6.269s] -- Installing: /home/brown/Projects/MiningRobot/ros2_workspace/install/perception_pcl/share/perception_pcl/environment/path.dsv
[6.270s] -- Installing: /home/brown/Projects/MiningRobot/ros2_workspace/install/perception_pcl/share/perception_pcl/local_setup.bash
[6.270s] -- Installing: /home/brown/Projects/MiningRobot/ros2_workspace/install/perception_pcl/share/perception_pcl/local_setup.sh
[6.270s] -- Installing: /home/brown/Projects/MiningRobot/ros2_workspace/install/perception_pcl/share/perception_pcl/local_setup.zsh
[6.271s] -- Installing: /home/brown/Projects/MiningRobot/ros2_workspace/install/perception_pcl/share/perception_pcl/local_setup.dsv
[6.273s] -- Installing: /home/brown/Projects/MiningRobot/ros2_workspace/install/perception_pcl/share/perception_pcl/package.dsv
[6.274s] -- Installing: /home/brown/Projects/MiningRobot/ros2_workspace/install/perception_pcl/share/ament_index/resource_index/packages/perception_pcl
[6.277s] -- Installing: /home/brown/Projects/MiningRobot/ros2_workspace/install/perception_pcl/share/perception_pcl/cmake/perception_pclConfig.cmake
[6.277s] -- Installing: /home/brown/Projects/MiningRobot/ros2_workspace/install/perception_pcl/share/perception_pcl/cmake/perception_pclConfig-version.cmake
[6.277s] -- Installing: /home/brown/Projects/MiningRobot/ros2_workspace/install/perception_pcl/share/perception_pcl/package.xml
[6.282s] Invoked command in '/home/brown/Projects/MiningRobot/ros2_workspace/build/perception_pcl' returned '0': AMENT_PREFIX_PATH=/home/brown/Projects/MiningRobot/ros2_workspace/install/pcl_ros:/home/brown/Projects/MiningRobot/ros2_workspace/install/pcl_conversions:/home/brown/Projects/MiningRobot/ros2_workspace/install/pcl_msgs:${AMENT_PREFIX_PATH} CMAKE_PREFIX_PATH=/home/brown/Projects/MiningRobot/ros2_workspace/install/pcl_ros:/home/brown/Projects/MiningRobot/ros2_workspace/install/pcl_conversions:/home/brown/Projects/MiningRobot/ros2_workspace/install/pcl_msgs:${CMAKE_PREFIX_PATH} LD_LIBRARY_PATH=/home/brown/Projects/MiningRobot/ros2_workspace/install/pcl_ros/lib:/home/brown/Projects/MiningRobot/ros2_workspace/install/pcl_msgs/lib:${LD_LIBRARY_PATH} PYTHONPATH=/home/brown/Projects/MiningRobot/ros2_workspace/install/pcl_msgs/lib/python3.11/site-packages:${PYTHONPATH} _=/usr/bin/env /usr/bin/cmake --install /home/brown/Projects/MiningRobot/ros2_workspace/build/perception_pcl
