[0.122s] Invoking command in '/home/brown/Projects/MiningRobot/ros2_workspace/build/ouster_msgs': _=/usr/bin/env /usr/bin/cmake /home/brown/Projects/MiningRobot/ros2_workspace/src/ros2_ouster_drivers/ouster_msgs -DCMAKE_INSTALL_PREFIX=/home/brown/Projects/MiningRobot/ros2_workspace/install/ouster_msgs
[0.369s] -- The C compiler identification is GNU 13.2.1
[0.624s] -- The CXX compiler identification is GNU 13.2.1
[0.654s] -- Detecting C compiler ABI info
[0.779s] -- Detecting C compiler ABI info - done
[0.792s] -- Check for working C compiler: /usr/bin/cc - skipped
[0.793s] -- Detecting C compile features
[0.794s] -- Detecting C compile features - done
[0.811s] -- Detecting CXX compiler ABI info
[0.993s] -- Detecting CXX compiler ABI info - done
[1.008s] -- Check for working CXX compiler: /usr/bin/c++ - skipped
[1.009s] -- Detecting CXX compile features
[1.009s] -- Detecting CXX compile features - done
[1.021s] -- Found ament_cmake: 1.3.5 (/opt/ros/humble/share/ament_cmake/cmake)
[2.042s] -- Found Python3: /usr/bin/python3.11 (found version "3.11.5") found components: Interpreter 
[2.204s] -- Found builtin_interfaces: 1.2.1 (/opt/ros/humble/share/builtin_interfaces/cmake)
[2.271s] -- Found rosidl_generator_c: 3.1.5 (/opt/ros/humble/share/rosidl_generator_c/cmake)
[2.278s] -- Found rosidl_adapter: 3.1.5 (/opt/ros/humble/share/rosidl_adapter/cmake)
[2.292s] -- Found rosidl_generator_cpp: 3.1.5 (/opt/ros/humble/share/rosidl_generator_cpp/cmake)
[2.325s] -- Using all available rosidl_typesupport_c: rosidl_typesupport_fastrtps_c;rosidl_typesupport_introspection_c
[2.360s] -- Using all available rosidl_typesupport_cpp: rosidl_typesupport_fastrtps_cpp;rosidl_typesupport_introspection_cpp
[2.392s] -- Found rosidl_default_generators: 1.2.0 (/opt/ros/humble/share/rosidl_default_generators/cmake)
[2.408s] -- Found std_msgs: 4.2.3 (/opt/ros/humble/share/std_msgs/cmake)
[3.232s] -- Found ament_cmake_ros: 0.10.0 (/opt/ros/humble/share/ament_cmake_ros/cmake)
[4.531s] -- Using all available rosidl_typesupport_c: rosidl_typesupport_fastrtps_c;rosidl_typesupport_introspection_c
[5.070s] -- Using all available rosidl_typesupport_cpp: rosidl_typesupport_fastrtps_cpp;rosidl_typesupport_introspection_cpp
[5.075s] [33mCMake Warning (dev) at /opt/ros/humble/share/rosidl_generator_py/cmake/rosidl_generator_py_generate_interfaces.cmake:20 (find_package):
[5.076s]   Policy CMP0148 is not set: The FindPythonInterp and FindPythonLibs modules
[5.076s]   are removed.  Run "cmake --help-policy CMP0148" for policy details.  Use
[5.076s]   the cmake_policy command to set the policy and suppress this warning.
[5.076s] 
[5.076s] Call Stack (most recent call first):
[5.077s]   /opt/ros/humble/share/ament_cmake_core/cmake/core/ament_execute_extensions.cmake:48 (include)
[5.077s]   /opt/ros/humble/share/rosidl_cmake/cmake/rosidl_generate_interfaces.cmake:286 (ament_execute_extensions)
[5.077s]   CMakeLists.txt:9 (rosidl_generate_interfaces)
[5.077s] This warning is for project developers.  Use -Wno-dev to suppress it.
[5.077s] [0m
[5.106s] -- Found PythonInterp: /usr/bin/python3 (found suitable version "3.11.5", minimum required is "3.6") 
[5.108s] -- Found python_cmake_module: 0.10.0 (/opt/ros/humble/share/python_cmake_module/cmake)
[5.109s] [33mCMake Warning (dev) at /opt/ros/humble/share/python_cmake_module/cmake/Modules/FindPythonExtra.cmake:52 (find_package):
[5.109s]   Policy CMP0148 is not set: The FindPythonInterp and FindPythonLibs modules
[5.110s]   are removed.  Run "cmake --help-policy CMP0148" for policy details.  Use
[5.110s]   the cmake_policy command to set the policy and suppress this warning.
[5.110s] 
[5.110s] Call Stack (most recent call first):
[5.110s]   /opt/ros/humble/share/rosidl_generator_py/cmake/rosidl_generator_py_generate_interfaces.cmake:23 (find_package)
[5.110s]   /opt/ros/humble/share/ament_cmake_core/cmake/core/ament_execute_extensions.cmake:48 (include)
[5.110s]   /opt/ros/humble/share/rosidl_cmake/cmake/rosidl_generate_interfaces.cmake:286 (ament_execute_extensions)
[5.111s]   CMakeLists.txt:9 (rosidl_generate_interfaces)
[5.111s] This warning is for project developers.  Use -Wno-dev to suppress it.
[5.111s] [0m
[5.142s] [33mCMake Warning (dev) at /opt/ros/humble/share/python_cmake_module/cmake/Modules/FindPythonExtra.cmake:140 (find_package):
[5.142s]   Policy CMP0148 is not set: The FindPythonInterp and FindPythonLibs modules
[5.142s]   are removed.  Run "cmake --help-policy CMP0148" for policy details.  Use
[5.143s]   the cmake_policy command to set the policy and suppress this warning.
[5.143s] 
[5.143s] Call Stack (most recent call first):
[5.143s]   /opt/ros/humble/share/rosidl_generator_py/cmake/rosidl_generator_py_generate_interfaces.cmake:23 (find_package)
[5.143s]   /opt/ros/humble/share/ament_cmake_core/cmake/core/ament_execute_extensions.cmake:48 (include)
[5.143s]   /opt/ros/humble/share/rosidl_cmake/cmake/rosidl_generate_interfaces.cmake:286 (ament_execute_extensions)
[5.144s]   CMakeLists.txt:9 (rosidl_generate_interfaces)
[5.144s] This warning is for project developers.  Use -Wno-dev to suppress it.
[5.144s] [0m
[5.153s] -- Found PythonLibs: /usr/lib/libpython3.11.so (found suitable version "3.11.5", minimum required is "3.5") 
[5.153s] -- Using PYTHON_EXECUTABLE: /usr/bin/python3
[5.153s] -- Using PYTHON_INCLUDE_DIRS: /usr/include/python3.11
[5.153s] -- Using PYTHON_LIBRARIES: /usr/lib/libpython3.11.so
[5.185s] -- Found PythonExtra: .so  
[5.427s] -- Using numpy include directory: /usr/lib/python3.11/site-packages/numpy/core/include
[5.459s] -- Configuring done (5.3s)
[5.512s] -- Generating done (0.0s)
[5.518s] -- Build files have been written to: /home/brown/Projects/MiningRobot/ros2_workspace/build/ouster_msgs
[5.529s] Invoked command in '/home/brown/Projects/MiningRobot/ros2_workspace/build/ouster_msgs' returned '0': _=/usr/bin/env /usr/bin/cmake /home/brown/Projects/MiningRobot/ros2_workspace/src/ros2_ouster_drivers/ouster_msgs -DCMAKE_INSTALL_PREFIX=/home/brown/Projects/MiningRobot/ros2_workspace/install/ouster_msgs
[5.531s] Invoking command in '/home/brown/Projects/MiningRobot/ros2_workspace/build/ouster_msgs': _=/usr/bin/env /usr/bin/cmake --build /home/brown/Projects/MiningRobot/ros2_workspace/build/ouster_msgs -- -j4 -l4
[5.596s] [  2%] [34m[1mGenerating C code for ROS interfaces[0m
[5.628s] [  5%] [34m[1mGenerating C++ code for ROS interfaces[0m
[5.637s] [  5%] Built target ament_cmake_python_copy_ouster_msgs
[6.366s] [  5%] Built target ouster_msgs__cpp
[6.390s] [  7%] [34m[1mGenerating C++ type support dispatch for ROS interfaces[0m
[6.432s] [ 10%] [32mBuilding C object CMakeFiles/ouster_msgs__rosidl_generator_c.dir/rosidl_generator_c/ouster_msgs/srv/detail/get_metadata__functions.c.o[0m
[6.733s] [ 12%] [32mBuilding C object CMakeFiles/ouster_msgs__rosidl_generator_c.dir/rosidl_generator_c/ouster_msgs/msg/detail/metadata__functions.c.o[0m
[6.901s] [ 15%] [32m[1mLinking C shared library libouster_msgs__rosidl_generator_c.so[0m
[6.935s] running egg_info
[6.937s] creating ouster_msgs.egg-info
[6.983s] [ 15%] Built target ouster_msgs__rosidl_generator_c
[6.984s] writing ouster_msgs.egg-info/PKG-INFO
[6.985s] writing dependency_links to ouster_msgs.egg-info/dependency_links.txt
[6.986s] writing top-level names to ouster_msgs.egg-info/top_level.txt
[6.986s] writing manifest file 'ouster_msgs.egg-info/SOURCES.txt'
[7.124s] reading manifest file 'ouster_msgs.egg-info/SOURCES.txt'
[7.126s] writing manifest file 'ouster_msgs.egg-info/SOURCES.txt'
[7.202s] [ 15%] Built target ament_cmake_python_build_ouster_msgs_egg
[7.229s] [ 17%] [32mBuilding CXX object CMakeFiles/ouster_msgs__rosidl_typesupport_cpp.dir/rosidl_typesupport_cpp/ouster_msgs/srv/get_metadata__type_support.cpp.o[0m
[7.230s] [ 20%] [34m[1mGenerating C++ introspection for ROS interfaces[0m
[8.059s] [ 23%] [32mBuilding CXX object CMakeFiles/ouster_msgs__rosidl_typesupport_introspection_cpp.dir/rosidl_typesupport_introspection_cpp/ouster_msgs/srv/detail/get_metadata__type_support.cpp.o[0m
[8.447s] [ 25%] [32mBuilding CXX object CMakeFiles/ouster_msgs__rosidl_typesupport_cpp.dir/rosidl_typesupport_cpp/ouster_msgs/msg/metadata__type_support.cpp.o[0m
[9.064s] [ 28%] [34m[1mGenerating C type support for eProsima Fast-RTPS[0m
[9.134s] [ 30%] [32mBuilding CXX object CMakeFiles/ouster_msgs__rosidl_typesupport_introspection_cpp.dir/rosidl_typesupport_introspection_cpp/ouster_msgs/msg/detail/metadata__type_support.cpp.o[0m
[9.293s] [ 33%] [32m[1mLinking CXX shared library libouster_msgs__rosidl_typesupport_cpp.so[0m
[9.553s] [ 33%] Built target ouster_msgs__rosidl_typesupport_cpp
[9.994s] [ 35%] [32mBuilding CXX object CMakeFiles/ouster_msgs__rosidl_typesupport_fastrtps_c.dir/rosidl_typesupport_fastrtps_c/ouster_msgs/srv/detail/get_metadata__type_support_c.cpp.o[0m
[10.422s] [ 38%] [32m[1mLinking CXX shared library libouster_msgs__rosidl_typesupport_introspection_cpp.so[0m
[10.626s] [ 41%] [34m[1mGenerating C introspection for ROS interfaces[0m
[10.627s] [ 41%] Built target ouster_msgs__rosidl_typesupport_introspection_cpp
[11.201s] [ 43%] [32mBuilding CXX object CMakeFiles/ouster_msgs__rosidl_typesupport_fastrtps_c.dir/rosidl_typesupport_fastrtps_c/ouster_msgs/msg/detail/metadata__type_support_c.cpp.o[0m
[11.483s] [ 46%] [32mBuilding C object CMakeFiles/ouster_msgs__rosidl_typesupport_introspection_c.dir/rosidl_typesupport_introspection_c/ouster_msgs/srv/detail/get_metadata__type_support.c.o[0m
[11.579s] [ 48%] [32mBuilding C object CMakeFiles/ouster_msgs__rosidl_typesupport_introspection_c.dir/rosidl_typesupport_introspection_c/ouster_msgs/msg/detail/metadata__type_support.c.o[0m
[11.730s] [ 51%] [32m[1mLinking C shared library libouster_msgs__rosidl_typesupport_introspection_c.so[0m
[11.889s] [ 51%] Built target ouster_msgs__rosidl_typesupport_introspection_c
[11.916s] [ 53%] [34m[1mGenerating C type support dispatch for ROS interfaces[0m
[11.922s] [ 56%] [34m[1mGenerating C++ type support for eProsima Fast-RTPS[0m
[12.392s] [ 58%] [32m[1mLinking CXX shared library libouster_msgs__rosidl_typesupport_fastrtps_c.so[0m
[12.728s] [ 58%] Built target ouster_msgs__rosidl_typesupport_fastrtps_c
[12.817s] [ 61%] [32mBuilding CXX object CMakeFiles/ouster_msgs__rosidl_typesupport_c.dir/rosidl_typesupport_c/ouster_msgs/msg/metadata__type_support.cpp.o[0m
[12.820s] [ 64%] [32mBuilding CXX object CMakeFiles/ouster_msgs__rosidl_typesupport_c.dir/rosidl_typesupport_c/ouster_msgs/srv/get_metadata__type_support.cpp.o[0m
[12.901s] [ 66%] [32mBuilding CXX object CMakeFiles/ouster_msgs__rosidl_typesupport_fastrtps_cpp.dir/rosidl_typesupport_fastrtps_cpp/ouster_msgs/srv/detail/dds_fastrtps/get_metadata__type_support.cpp.o[0m
[12.910s] [ 69%] [32m[1mLinking CXX shared library libouster_msgs__rosidl_typesupport_c.so[0m
[13.052s] [ 69%] Built target ouster_msgs__rosidl_typesupport_c
[13.860s] [ 71%] [32mBuilding CXX object CMakeFiles/ouster_msgs__rosidl_typesupport_fastrtps_cpp.dir/rosidl_typesupport_fastrtps_cpp/ouster_msgs/msg/detail/dds_fastrtps/metadata__type_support.cpp.o[0m
[15.140s] [ 74%] [32m[1mLinking CXX shared library libouster_msgs__rosidl_typesupport_fastrtps_cpp.so[0m
[15.507s] [ 74%] Built target ouster_msgs__rosidl_typesupport_fastrtps_cpp
[15.566s] [ 74%] Built target ouster_msgs
[15.626s] [ 76%] [34m[1mGenerating Python code for ROS interfaces[0m
[17.092s] [ 76%] Built target ouster_msgs__py
[17.200s] [ 79%] [32mBuilding C object CMakeFiles/ouster_msgs__rosidl_generator_py.dir/rosidl_generator_py/ouster_msgs/srv/_get_metadata_s.c.o[0m
[17.677s] [ 82%] [32mBuilding C object CMakeFiles/ouster_msgs__rosidl_generator_py.dir/rosidl_generator_py/ouster_msgs/msg/_metadata_s.c.o[0m
[18.193s] [ 84%] [32m[1mLinking C shared library rosidl_generator_py/ouster_msgs/libouster_msgs__rosidl_generator_py.so[0m
[18.398s] [ 84%] Built target ouster_msgs__rosidl_generator_py
[18.459s] [ 87%] [32mBuilding C object CMakeFiles/ouster_msgs__rosidl_typesupport_fastrtps_c__pyext.dir/rosidl_generator_py/ouster_msgs/_ouster_msgs_s.ep.rosidl_typesupport_fastrtps_c.c.o[0m
[18.762s] [ 89%] [32m[1mLinking C shared library rosidl_generator_py/ouster_msgs/ouster_msgs_s__rosidl_typesupport_fastrtps_c.cpython-311-x86_64-linux-gnu.so[0m
[18.870s] [ 89%] Built target ouster_msgs__rosidl_typesupport_fastrtps_c__pyext
[18.932s] [ 92%] [32mBuilding C object CMakeFiles/ouster_msgs__rosidl_typesupport_c__pyext.dir/rosidl_generator_py/ouster_msgs/_ouster_msgs_s.ep.rosidl_typesupport_c.c.o[0m
[19.314s] [ 94%] [32m[1mLinking C shared library rosidl_generator_py/ouster_msgs/ouster_msgs_s__rosidl_typesupport_c.cpython-311-x86_64-linux-gnu.so[0m
[19.422s] [ 94%] Built target ouster_msgs__rosidl_typesupport_c__pyext
[19.475s] [ 97%] [32mBuilding C object CMakeFiles/ouster_msgs__rosidl_typesupport_introspection_c__pyext.dir/rosidl_generator_py/ouster_msgs/_ouster_msgs_s.ep.rosidl_typesupport_introspection_c.c.o[0m
[19.880s] [100%] [32m[1mLinking C shared library rosidl_generator_py/ouster_msgs/ouster_msgs_s__rosidl_typesupport_introspection_c.cpython-311-x86_64-linux-gnu.so[0m
[19.970s] [100%] Built target ouster_msgs__rosidl_typesupport_introspection_c__pyext
[19.988s] Invoked command in '/home/brown/Projects/MiningRobot/ros2_workspace/build/ouster_msgs' returned '0': _=/usr/bin/env /usr/bin/cmake --build /home/brown/Projects/MiningRobot/ros2_workspace/build/ouster_msgs -- -j4 -l4
[20.390s] Invoking command in '/home/brown/Projects/MiningRobot/ros2_workspace/build/ouster_msgs': _=/usr/bin/env /usr/bin/cmake --install /home/brown/Projects/MiningRobot/ros2_workspace/build/ouster_msgs
[20.405s] -- Install configuration: ""
[20.406s] -- Installing: /home/brown/Projects/MiningRobot/ros2_workspace/install/ouster_msgs/share/ament_index/resource_index/rosidl_interfaces/ouster_msgs
[20.407s] -- Installing: /home/brown/Projects/MiningRobot/ros2_workspace/install/ouster_msgs/include/ouster_msgs/ouster_msgs
[20.407s] -- Installing: /home/brown/Projects/MiningRobot/ros2_workspace/install/ouster_msgs/include/ouster_msgs/ouster_msgs/srv
[20.408s] -- Installing: /home/brown/Projects/MiningRobot/ros2_workspace/install/ouster_msgs/include/ouster_msgs/ouster_msgs/srv/detail
[20.408s] -- Installing: /home/brown/Projects/MiningRobot/ros2_workspace/install/ouster_msgs/include/ouster_msgs/ouster_msgs/srv/detail/get_metadata__type_support.h
[20.409s] -- Installing: /home/brown/Projects/MiningRobot/ros2_workspace/install/ouster_msgs/include/ouster_msgs/ouster_msgs/srv/detail/get_metadata__functions.h
[20.410s] -- Installing: /home/brown/Projects/MiningRobot/ros2_workspace/install/ouster_msgs/include/ouster_msgs/ouster_msgs/srv/detail/get_metadata__functions.c
[20.410s] -- Installing: /home/brown/Projects/MiningRobot/ros2_workspace/install/ouster_msgs/include/ouster_msgs/ouster_msgs/srv/detail/get_metadata__struct.h
[20.411s] -- Installing: /home/brown/Projects/MiningRobot/ros2_workspace/install/ouster_msgs/include/ouster_msgs/ouster_msgs/srv/get_metadata.h
[20.411s] -- Installing: /home/brown/Projects/MiningRobot/ros2_workspace/install/ouster_msgs/include/ouster_msgs/ouster_msgs/msg
[20.412s] -- Installing: /home/brown/Projects/MiningRobot/ros2_workspace/install/ouster_msgs/include/ouster_msgs/ouster_msgs/msg/detail
[20.412s] -- Installing: /home/brown/Projects/MiningRobot/ros2_workspace/install/ouster_msgs/include/ouster_msgs/ouster_msgs/msg/detail/metadata__functions.h
[20.413s] -- Installing: /home/brown/Projects/MiningRobot/ros2_workspace/install/ouster_msgs/include/ouster_msgs/ouster_msgs/msg/detail/metadata__struct.h
[20.413s] -- Installing: /home/brown/Projects/MiningRobot/ros2_workspace/install/ouster_msgs/include/ouster_msgs/ouster_msgs/msg/detail/metadata__type_support.h
[20.414s] -- Installing: /home/brown/Projects/MiningRobot/ros2_workspace/install/ouster_msgs/include/ouster_msgs/ouster_msgs/msg/detail/metadata__functions.c
[20.414s] -- Installing: /home/brown/Projects/MiningRobot/ros2_workspace/install/ouster_msgs/include/ouster_msgs/ouster_msgs/msg/metadata.h
[20.415s] -- Installing: /home/brown/Projects/MiningRobot/ros2_workspace/install/ouster_msgs/include/ouster_msgs/ouster_msgs/msg/rosidl_generator_c__visibility_control.h
[20.416s] -- Installing: /home/brown/Projects/MiningRobot/ros2_workspace/install/ouster_msgs/share/ouster_msgs/environment/library_path.sh
[20.417s] -- Installing: /home/brown/Projects/MiningRobot/ros2_workspace/install/ouster_msgs/share/ouster_msgs/environment/library_path.dsv
[20.417s] -- Installing: /home/brown/Projects/MiningRobot/ros2_workspace/install/ouster_msgs/lib/libouster_msgs__rosidl_generator_c.so
[20.419s] -- Set runtime path of "/home/brown/Projects/MiningRobot/ros2_workspace/install/ouster_msgs/lib/libouster_msgs__rosidl_generator_c.so" to ""
[20.420s] -- Up-to-date: /home/brown/Projects/MiningRobot/ros2_workspace/install/ouster_msgs/include/ouster_msgs/ouster_msgs
[20.420s] -- Up-to-date: /home/brown/Projects/MiningRobot/ros2_workspace/install/ouster_msgs/include/ouster_msgs/ouster_msgs/srv
[20.421s] -- Up-to-date: /home/brown/Projects/MiningRobot/ros2_workspace/install/ouster_msgs/include/ouster_msgs/ouster_msgs/srv/detail
[20.421s] -- Installing: /home/brown/Projects/MiningRobot/ros2_workspace/install/ouster_msgs/include/ouster_msgs/ouster_msgs/srv/detail/get_metadata__rosidl_typesupport_fastrtps_c.h
[20.422s] -- Up-to-date: /home/brown/Projects/MiningRobot/ros2_workspace/install/ouster_msgs/include/ouster_msgs/ouster_msgs/msg
[20.422s] -- Up-to-date: /home/brown/Projects/MiningRobot/ros2_workspace/install/ouster_msgs/include/ouster_msgs/ouster_msgs/msg/detail
[20.423s] -- Installing: /home/brown/Projects/MiningRobot/ros2_workspace/install/ouster_msgs/include/ouster_msgs/ouster_msgs/msg/detail/metadata__rosidl_typesupport_fastrtps_c.h
[20.423s] -- Installing: /home/brown/Projects/MiningRobot/ros2_workspace/install/ouster_msgs/include/ouster_msgs/ouster_msgs/msg/rosidl_typesupport_fastrtps_c__visibility_control.h
[20.424s] -- Installing: /home/brown/Projects/MiningRobot/ros2_workspace/install/ouster_msgs/lib/libouster_msgs__rosidl_typesupport_fastrtps_c.so
[20.425s] -- Set runtime path of "/home/brown/Projects/MiningRobot/ros2_workspace/install/ouster_msgs/lib/libouster_msgs__rosidl_typesupport_fastrtps_c.so" to ""
[20.425s] -- Up-to-date: /home/brown/Projects/MiningRobot/ros2_workspace/install/ouster_msgs/include/ouster_msgs/ouster_msgs
[20.426s] -- Up-to-date: /home/brown/Projects/MiningRobot/ros2_workspace/install/ouster_msgs/include/ouster_msgs/ouster_msgs/srv
[20.426s] -- Up-to-date: /home/brown/Projects/MiningRobot/ros2_workspace/install/ouster_msgs/include/ouster_msgs/ouster_msgs/srv/detail
[20.427s] -- Installing: /home/brown/Projects/MiningRobot/ros2_workspace/install/ouster_msgs/include/ouster_msgs/ouster_msgs/srv/detail/get_metadata__builder.hpp
[20.427s] -- Installing: /home/brown/Projects/MiningRobot/ros2_workspace/install/ouster_msgs/include/ouster_msgs/ouster_msgs/srv/detail/get_metadata__struct.hpp
[20.428s] -- Installing: /home/brown/Projects/MiningRobot/ros2_workspace/install/ouster_msgs/include/ouster_msgs/ouster_msgs/srv/detail/get_metadata__traits.hpp
[20.428s] -- Installing: /home/brown/Projects/MiningRobot/ros2_workspace/install/ouster_msgs/include/ouster_msgs/ouster_msgs/srv/get_metadata.hpp
[20.429s] -- Up-to-date: /home/brown/Projects/MiningRobot/ros2_workspace/install/ouster_msgs/include/ouster_msgs/ouster_msgs/msg
[20.429s] -- Up-to-date: /home/brown/Projects/MiningRobot/ros2_workspace/install/ouster_msgs/include/ouster_msgs/ouster_msgs/msg/detail
[20.429s] -- Installing: /home/brown/Projects/MiningRobot/ros2_workspace/install/ouster_msgs/include/ouster_msgs/ouster_msgs/msg/detail/metadata__struct.hpp
[20.430s] -- Installing: /home/brown/Projects/MiningRobot/ros2_workspace/install/ouster_msgs/include/ouster_msgs/ouster_msgs/msg/detail/metadata__builder.hpp
[20.431s] -- Installing: /home/brown/Projects/MiningRobot/ros2_workspace/install/ouster_msgs/include/ouster_msgs/ouster_msgs/msg/detail/metadata__traits.hpp
[20.431s] -- Installing: /home/brown/Projects/MiningRobot/ros2_workspace/install/ouster_msgs/include/ouster_msgs/ouster_msgs/msg/metadata.hpp
[20.432s] -- Up-to-date: /home/brown/Projects/MiningRobot/ros2_workspace/install/ouster_msgs/include/ouster_msgs/ouster_msgs
[20.432s] -- Up-to-date: /home/brown/Projects/MiningRobot/ros2_workspace/install/ouster_msgs/include/ouster_msgs/ouster_msgs/srv
[20.433s] -- Up-to-date: /home/brown/Projects/MiningRobot/ros2_workspace/install/ouster_msgs/include/ouster_msgs/ouster_msgs/srv/detail
[20.433s] -- Installing: /home/brown/Projects/MiningRobot/ros2_workspace/install/ouster_msgs/include/ouster_msgs/ouster_msgs/srv/detail/dds_fastrtps
[20.433s] -- Installing: /home/brown/Projects/MiningRobot/ros2_workspace/install/ouster_msgs/include/ouster_msgs/ouster_msgs/srv/detail/get_metadata__rosidl_typesupport_fastrtps_cpp.hpp
[20.434s] -- Up-to-date: /home/brown/Projects/MiningRobot/ros2_workspace/install/ouster_msgs/include/ouster_msgs/ouster_msgs/msg
[20.435s] -- Up-to-date: /home/brown/Projects/MiningRobot/ros2_workspace/install/ouster_msgs/include/ouster_msgs/ouster_msgs/msg/detail
[20.435s] -- Installing: /home/brown/Projects/MiningRobot/ros2_workspace/install/ouster_msgs/include/ouster_msgs/ouster_msgs/msg/detail/metadata__rosidl_typesupport_fastrtps_cpp.hpp
[20.436s] -- Installing: /home/brown/Projects/MiningRobot/ros2_workspace/install/ouster_msgs/include/ouster_msgs/ouster_msgs/msg/detail/dds_fastrtps
[20.436s] -- Installing: /home/brown/Projects/MiningRobot/ros2_workspace/install/ouster_msgs/include/ouster_msgs/ouster_msgs/msg/rosidl_typesupport_fastrtps_cpp__visibility_control.h
[20.437s] -- Installing: /home/brown/Projects/MiningRobot/ros2_workspace/install/ouster_msgs/lib/libouster_msgs__rosidl_typesupport_fastrtps_cpp.so
[20.438s] -- Set runtime path of "/home/brown/Projects/MiningRobot/ros2_workspace/install/ouster_msgs/lib/libouster_msgs__rosidl_typesupport_fastrtps_cpp.so" to ""
[20.439s] -- Up-to-date: /home/brown/Projects/MiningRobot/ros2_workspace/install/ouster_msgs/include/ouster_msgs/ouster_msgs
[20.439s] -- Up-to-date: /home/brown/Projects/MiningRobot/ros2_workspace/install/ouster_msgs/include/ouster_msgs/ouster_msgs/srv
[20.440s] -- Up-to-date: /home/brown/Projects/MiningRobot/ros2_workspace/install/ouster_msgs/include/ouster_msgs/ouster_msgs/srv/detail
[20.440s] -- Installing: /home/brown/Projects/MiningRobot/ros2_workspace/install/ouster_msgs/include/ouster_msgs/ouster_msgs/srv/detail/get_metadata__type_support.c
[20.440s] -- Installing: /home/brown/Projects/MiningRobot/ros2_workspace/install/ouster_msgs/include/ouster_msgs/ouster_msgs/srv/detail/get_metadata__rosidl_typesupport_introspection_c.h
[20.441s] -- Up-to-date: /home/brown/Projects/MiningRobot/ros2_workspace/install/ouster_msgs/include/ouster_msgs/ouster_msgs/msg
[20.441s] -- Installing: /home/brown/Projects/MiningRobot/ros2_workspace/install/ouster_msgs/include/ouster_msgs/ouster_msgs/msg/rosidl_typesupport_introspection_c__visibility_control.h
[20.442s] -- Up-to-date: /home/brown/Projects/MiningRobot/ros2_workspace/install/ouster_msgs/include/ouster_msgs/ouster_msgs/msg/detail
[20.442s] -- Installing: /home/brown/Projects/MiningRobot/ros2_workspace/install/ouster_msgs/include/ouster_msgs/ouster_msgs/msg/detail/metadata__type_support.c
[20.443s] -- Installing: /home/brown/Projects/MiningRobot/ros2_workspace/install/ouster_msgs/include/ouster_msgs/ouster_msgs/msg/detail/metadata__rosidl_typesupport_introspection_c.h
[20.444s] -- Installing: /home/brown/Projects/MiningRobot/ros2_workspace/install/ouster_msgs/lib/libouster_msgs__rosidl_typesupport_introspection_c.so
[20.445s] -- Set runtime path of "/home/brown/Projects/MiningRobot/ros2_workspace/install/ouster_msgs/lib/libouster_msgs__rosidl_typesupport_introspection_c.so" to ""
[20.445s] -- Installing: /home/brown/Projects/MiningRobot/ros2_workspace/install/ouster_msgs/lib/libouster_msgs__rosidl_typesupport_c.so
[20.446s] -- Set runtime path of "/home/brown/Projects/MiningRobot/ros2_workspace/install/ouster_msgs/lib/libouster_msgs__rosidl_typesupport_c.so" to ""
[20.447s] -- Up-to-date: /home/brown/Projects/MiningRobot/ros2_workspace/install/ouster_msgs/include/ouster_msgs/ouster_msgs
[20.447s] -- Up-to-date: /home/brown/Projects/MiningRobot/ros2_workspace/install/ouster_msgs/include/ouster_msgs/ouster_msgs/srv
[20.447s] -- Up-to-date: /home/brown/Projects/MiningRobot/ros2_workspace/install/ouster_msgs/include/ouster_msgs/ouster_msgs/srv/detail
[20.448s] -- Installing: /home/brown/Projects/MiningRobot/ros2_workspace/install/ouster_msgs/include/ouster_msgs/ouster_msgs/srv/detail/get_metadata__type_support.cpp
[20.448s] -- Installing: /home/brown/Projects/MiningRobot/ros2_workspace/install/ouster_msgs/include/ouster_msgs/ouster_msgs/srv/detail/get_metadata__rosidl_typesupport_introspection_cpp.hpp
[20.449s] -- Up-to-date: /home/brown/Projects/MiningRobot/ros2_workspace/install/ouster_msgs/include/ouster_msgs/ouster_msgs/msg
[20.449s] -- Up-to-date: /home/brown/Projects/MiningRobot/ros2_workspace/install/ouster_msgs/include/ouster_msgs/ouster_msgs/msg/detail
[20.450s] -- Installing: /home/brown/Projects/MiningRobot/ros2_workspace/install/ouster_msgs/include/ouster_msgs/ouster_msgs/msg/detail/metadata__type_support.cpp
[20.450s] -- Installing: /home/brown/Projects/MiningRobot/ros2_workspace/install/ouster_msgs/include/ouster_msgs/ouster_msgs/msg/detail/metadata__rosidl_typesupport_introspection_cpp.hpp
[20.451s] -- Installing: /home/brown/Projects/MiningRobot/ros2_workspace/install/ouster_msgs/lib/libouster_msgs__rosidl_typesupport_introspection_cpp.so
[20.452s] -- Set runtime path of "/home/brown/Projects/MiningRobot/ros2_workspace/install/ouster_msgs/lib/libouster_msgs__rosidl_typesupport_introspection_cpp.so" to ""
[20.453s] -- Installing: /home/brown/Projects/MiningRobot/ros2_workspace/install/ouster_msgs/lib/libouster_msgs__rosidl_typesupport_cpp.so
[20.454s] -- Set runtime path of "/home/brown/Projects/MiningRobot/ros2_workspace/install/ouster_msgs/lib/libouster_msgs__rosidl_typesupport_cpp.so" to ""
[20.454s] -- Installing: /home/brown/Projects/MiningRobot/ros2_workspace/install/ouster_msgs/share/ouster_msgs/environment/pythonpath.sh
[20.455s] -- Installing: /home/brown/Projects/MiningRobot/ros2_workspace/install/ouster_msgs/share/ouster_msgs/environment/pythonpath.dsv
[20.456s] -- Installing: /home/brown/Projects/MiningRobot/ros2_workspace/install/ouster_msgs/lib/python3.11/site-packages/ouster_msgs-0.5.0-py3.11.egg-info
[20.456s] -- Installing: /home/brown/Projects/MiningRobot/ros2_workspace/install/ouster_msgs/lib/python3.11/site-packages/ouster_msgs-0.5.0-py3.11.egg-info/dependency_links.txt
[20.457s] -- Installing: /home/brown/Projects/MiningRobot/ros2_workspace/install/ouster_msgs/lib/python3.11/site-packages/ouster_msgs-0.5.0-py3.11.egg-info/top_level.txt
[20.457s] -- Installing: /home/brown/Projects/MiningRobot/ros2_workspace/install/ouster_msgs/lib/python3.11/site-packages/ouster_msgs-0.5.0-py3.11.egg-info/PKG-INFO
[20.458s] -- Installing: /home/brown/Projects/MiningRobot/ros2_workspace/install/ouster_msgs/lib/python3.11/site-packages/ouster_msgs-0.5.0-py3.11.egg-info/SOURCES.txt
[20.459s] -- Installing: /home/brown/Projects/MiningRobot/ros2_workspace/install/ouster_msgs/lib/python3.11/site-packages/ouster_msgs
[20.459s] -- Installing: /home/brown/Projects/MiningRobot/ros2_workspace/install/ouster_msgs/lib/python3.11/site-packages/ouster_msgs/__init__.py
[20.460s] -- Installing: /home/brown/Projects/MiningRobot/ros2_workspace/install/ouster_msgs/lib/python3.11/site-packages/ouster_msgs/libouster_msgs__rosidl_generator_py.so
[20.460s] -- Installing: /home/brown/Projects/MiningRobot/ros2_workspace/install/ouster_msgs/lib/python3.11/site-packages/ouster_msgs/_ouster_msgs_s.ep.rosidl_typesupport_introspection_c.c
[20.461s] -- Installing: /home/brown/Projects/MiningRobot/ros2_workspace/install/ouster_msgs/lib/python3.11/site-packages/ouster_msgs/_ouster_msgs_s.ep.rosidl_typesupport_c.c
[20.462s] -- Installing: /home/brown/Projects/MiningRobot/ros2_workspace/install/ouster_msgs/lib/python3.11/site-packages/ouster_msgs/_ouster_msgs_s.ep.rosidl_typesupport_fastrtps_c.c
[20.462s] -- Installing: /home/brown/Projects/MiningRobot/ros2_workspace/install/ouster_msgs/lib/python3.11/site-packages/ouster_msgs/srv
[20.463s] -- Installing: /home/brown/Projects/MiningRobot/ros2_workspace/install/ouster_msgs/lib/python3.11/site-packages/ouster_msgs/srv/__init__.py
[20.463s] -- Installing: /home/brown/Projects/MiningRobot/ros2_workspace/install/ouster_msgs/lib/python3.11/site-packages/ouster_msgs/srv/_get_metadata.py
[20.464s] -- Installing: /home/brown/Projects/MiningRobot/ros2_workspace/install/ouster_msgs/lib/python3.11/site-packages/ouster_msgs/srv/_get_metadata_s.c
[20.464s] -- Installing: /home/brown/Projects/MiningRobot/ros2_workspace/install/ouster_msgs/lib/python3.11/site-packages/ouster_msgs/msg
[20.465s] -- Installing: /home/brown/Projects/MiningRobot/ros2_workspace/install/ouster_msgs/lib/python3.11/site-packages/ouster_msgs/msg/__init__.py
[20.465s] -- Installing: /home/brown/Projects/MiningRobot/ros2_workspace/install/ouster_msgs/lib/python3.11/site-packages/ouster_msgs/msg/_metadata.py
[20.466s] -- Installing: /home/brown/Projects/MiningRobot/ros2_workspace/install/ouster_msgs/lib/python3.11/site-packages/ouster_msgs/msg/_metadata_s.c
[20.467s] -- Installing: /home/brown/Projects/MiningRobot/ros2_workspace/install/ouster_msgs/lib/python3.11/site-packages/ouster_msgs/ouster_msgs_s__rosidl_typesupport_introspection_c.cpython-311-x86_64-linux-gnu.so
[20.467s] -- Installing: /home/brown/Projects/MiningRobot/ros2_workspace/install/ouster_msgs/lib/python3.11/site-packages/ouster_msgs/ouster_msgs_s__rosidl_typesupport_fastrtps_c.cpython-311-x86_64-linux-gnu.so
[20.468s] -- Installing: /home/brown/Projects/MiningRobot/ros2_workspace/install/ouster_msgs/lib/python3.11/site-packages/ouster_msgs/ouster_msgs_s__rosidl_typesupport_c.cpython-311-x86_64-linux-gnu.so
[20.673s] Listing '/home/brown/Projects/MiningRobot/ros2_workspace/install/ouster_msgs/lib/python3.11/site-packages/ouster_msgs'...
[20.673s] Compiling '/home/brown/Projects/MiningRobot/ros2_workspace/install/ouster_msgs/lib/python3.11/site-packages/ouster_msgs/__init__.py'...
[20.674s] Listing '/home/brown/Projects/MiningRobot/ros2_workspace/install/ouster_msgs/lib/python3.11/site-packages/ouster_msgs/msg'...
[20.674s] Compiling '/home/brown/Projects/MiningRobot/ros2_workspace/install/ouster_msgs/lib/python3.11/site-packages/ouster_msgs/msg/__init__.py'...
[20.674s] Compiling '/home/brown/Projects/MiningRobot/ros2_workspace/install/ouster_msgs/lib/python3.11/site-packages/ouster_msgs/msg/_metadata.py'...
[20.674s] Listing '/home/brown/Projects/MiningRobot/ros2_workspace/install/ouster_msgs/lib/python3.11/site-packages/ouster_msgs/srv'...
[20.674s] Compiling '/home/brown/Projects/MiningRobot/ros2_workspace/install/ouster_msgs/lib/python3.11/site-packages/ouster_msgs/srv/__init__.py'...
[20.674s] Compiling '/home/brown/Projects/MiningRobot/ros2_workspace/install/ouster_msgs/lib/python3.11/site-packages/ouster_msgs/srv/_get_metadata.py'...
[20.689s] -- Installing: /home/brown/Projects/MiningRobot/ros2_workspace/install/ouster_msgs/lib/python3.11/site-packages/ouster_msgs/ouster_msgs_s__rosidl_typesupport_fastrtps_c.cpython-311-x86_64-linux-gnu.so
[20.690s] -- Set runtime path of "/home/brown/Projects/MiningRobot/ros2_workspace/install/ouster_msgs/lib/python3.11/site-packages/ouster_msgs/ouster_msgs_s__rosidl_typesupport_fastrtps_c.cpython-311-x86_64-linux-gnu.so" to ""
[20.691s] -- Installing: /home/brown/Projects/MiningRobot/ros2_workspace/install/ouster_msgs/lib/python3.11/site-packages/ouster_msgs/ouster_msgs_s__rosidl_typesupport_introspection_c.cpython-311-x86_64-linux-gnu.so
[20.692s] -- Set runtime path of "/home/brown/Projects/MiningRobot/ros2_workspace/install/ouster_msgs/lib/python3.11/site-packages/ouster_msgs/ouster_msgs_s__rosidl_typesupport_introspection_c.cpython-311-x86_64-linux-gnu.so" to ""
[20.694s] -- Installing: /home/brown/Projects/MiningRobot/ros2_workspace/install/ouster_msgs/lib/python3.11/site-packages/ouster_msgs/ouster_msgs_s__rosidl_typesupport_c.cpython-311-x86_64-linux-gnu.so
[20.695s] -- Set runtime path of "/home/brown/Projects/MiningRobot/ros2_workspace/install/ouster_msgs/lib/python3.11/site-packages/ouster_msgs/ouster_msgs_s__rosidl_typesupport_c.cpython-311-x86_64-linux-gnu.so" to ""
[20.695s] -- Installing: /home/brown/Projects/MiningRobot/ros2_workspace/install/ouster_msgs/lib/libouster_msgs__rosidl_generator_py.so
[20.696s] -- Set runtime path of "/home/brown/Projects/MiningRobot/ros2_workspace/install/ouster_msgs/lib/libouster_msgs__rosidl_generator_py.so" to ""
[20.696s] -- Installing: /home/brown/Projects/MiningRobot/ros2_workspace/install/ouster_msgs/share/ouster_msgs/srv/GetMetadata.idl
[20.697s] -- Installing: /home/brown/Projects/MiningRobot/ros2_workspace/install/ouster_msgs/share/ouster_msgs/msg/Metadata.idl
[20.697s] -- Installing: /home/brown/Projects/MiningRobot/ros2_workspace/install/ouster_msgs/share/ouster_msgs/srv/GetMetadata.srv
[20.697s] -- Installing: /home/brown/Projects/MiningRobot/ros2_workspace/install/ouster_msgs/share/ouster_msgs/srv/GetMetadata_Request.msg
[20.697s] -- Installing: /home/brown/Projects/MiningRobot/ros2_workspace/install/ouster_msgs/share/ouster_msgs/srv/GetMetadata_Response.msg
[20.698s] -- Installing: /home/brown/Projects/MiningRobot/ros2_workspace/install/ouster_msgs/share/ouster_msgs/msg/Metadata.msg
[20.698s] -- Installing: /home/brown/Projects/MiningRobot/ros2_workspace/install/ouster_msgs/share/ament_index/resource_index/package_run_dependencies/ouster_msgs
[20.698s] -- Installing: /home/brown/Projects/MiningRobot/ros2_workspace/install/ouster_msgs/share/ament_index/resource_index/parent_prefix_path/ouster_msgs
[20.699s] -- Installing: /home/brown/Projects/MiningRobot/ros2_workspace/install/ouster_msgs/share/ouster_msgs/environment/ament_prefix_path.sh
[20.699s] -- Installing: /home/brown/Projects/MiningRobot/ros2_workspace/install/ouster_msgs/share/ouster_msgs/environment/ament_prefix_path.dsv
[20.699s] -- Installing: /home/brown/Projects/MiningRobot/ros2_workspace/install/ouster_msgs/share/ouster_msgs/environment/path.sh
[20.700s] -- Installing: /home/brown/Projects/MiningRobot/ros2_workspace/install/ouster_msgs/share/ouster_msgs/environment/path.dsv
[20.700s] -- Installing: /home/brown/Projects/MiningRobot/ros2_workspace/install/ouster_msgs/share/ouster_msgs/local_setup.bash
[20.700s] -- Installing: /home/brown/Projects/MiningRobot/ros2_workspace/install/ouster_msgs/share/ouster_msgs/local_setup.sh
[20.700s] -- Installing: /home/brown/Projects/MiningRobot/ros2_workspace/install/ouster_msgs/share/ouster_msgs/local_setup.zsh
[20.701s] -- Installing: /home/brown/Projects/MiningRobot/ros2_workspace/install/ouster_msgs/share/ouster_msgs/local_setup.dsv
[20.702s] -- Installing: /home/brown/Projects/MiningRobot/ros2_workspace/install/ouster_msgs/share/ouster_msgs/package.dsv
[20.702s] -- Installing: /home/brown/Projects/MiningRobot/ros2_workspace/install/ouster_msgs/share/ament_index/resource_index/packages/ouster_msgs
[20.702s] -- Installing: /home/brown/Projects/MiningRobot/ros2_workspace/install/ouster_msgs/share/ouster_msgs/cmake/export_ouster_msgs__rosidl_generator_cExport.cmake
[20.702s] -- Installing: /home/brown/Projects/MiningRobot/ros2_workspace/install/ouster_msgs/share/ouster_msgs/cmake/export_ouster_msgs__rosidl_generator_cExport-noconfig.cmake
[20.703s] -- Installing: /home/brown/Projects/MiningRobot/ros2_workspace/install/ouster_msgs/share/ouster_msgs/cmake/export_ouster_msgs__rosidl_typesupport_fastrtps_cExport.cmake
[20.703s] -- Installing: /home/brown/Projects/MiningRobot/ros2_workspace/install/ouster_msgs/share/ouster_msgs/cmake/export_ouster_msgs__rosidl_typesupport_fastrtps_cExport-noconfig.cmake
[20.703s] -- Installing: /home/brown/Projects/MiningRobot/ros2_workspace/install/ouster_msgs/share/ouster_msgs/cmake/export_ouster_msgs__rosidl_generator_cppExport.cmake
[20.703s] -- Installing: /home/brown/Projects/MiningRobot/ros2_workspace/install/ouster_msgs/share/ouster_msgs/cmake/export_ouster_msgs__rosidl_typesupport_fastrtps_cppExport.cmake
[20.707s] -- Installing: /home/brown/Projects/MiningRobot/ros2_workspace/install/ouster_msgs/share/ouster_msgs/cmake/export_ouster_msgs__rosidl_typesupport_fastrtps_cppExport-noconfig.cmake
[20.707s] -- Installing: /home/brown/Projects/MiningRobot/ros2_workspace/install/ouster_msgs/share/ouster_msgs/cmake/ouster_msgs__rosidl_typesupport_introspection_cExport.cmake
[20.707s] -- Installing: /home/brown/Projects/MiningRobot/ros2_workspace/install/ouster_msgs/share/ouster_msgs/cmake/ouster_msgs__rosidl_typesupport_introspection_cExport-noconfig.cmake
[20.708s] -- Installing: /home/brown/Projects/MiningRobot/ros2_workspace/install/ouster_msgs/share/ouster_msgs/cmake/ouster_msgs__rosidl_typesupport_cExport.cmake
[20.708s] -- Installing: /home/brown/Projects/MiningRobot/ros2_workspace/install/ouster_msgs/share/ouster_msgs/cmake/ouster_msgs__rosidl_typesupport_cExport-noconfig.cmake
[20.708s] -- Installing: /home/brown/Projects/MiningRobot/ros2_workspace/install/ouster_msgs/share/ouster_msgs/cmake/ouster_msgs__rosidl_typesupport_introspection_cppExport.cmake
[20.708s] -- Installing: /home/brown/Projects/MiningRobot/ros2_workspace/install/ouster_msgs/share/ouster_msgs/cmake/ouster_msgs__rosidl_typesupport_introspection_cppExport-noconfig.cmake
[20.709s] -- Installing: /home/brown/Projects/MiningRobot/ros2_workspace/install/ouster_msgs/share/ouster_msgs/cmake/ouster_msgs__rosidl_typesupport_cppExport.cmake
[20.709s] -- Installing: /home/brown/Projects/MiningRobot/ros2_workspace/install/ouster_msgs/share/ouster_msgs/cmake/ouster_msgs__rosidl_typesupport_cppExport-noconfig.cmake
[20.709s] -- Installing: /home/brown/Projects/MiningRobot/ros2_workspace/install/ouster_msgs/share/ouster_msgs/cmake/export_ouster_msgs__rosidl_generator_pyExport.cmake
[20.709s] -- Installing: /home/brown/Projects/MiningRobot/ros2_workspace/install/ouster_msgs/share/ouster_msgs/cmake/export_ouster_msgs__rosidl_generator_pyExport-noconfig.cmake
[20.710s] -- Installing: /home/brown/Projects/MiningRobot/ros2_workspace/install/ouster_msgs/share/ouster_msgs/cmake/rosidl_cmake-extras.cmake
[20.710s] -- Installing: /home/brown/Projects/MiningRobot/ros2_workspace/install/ouster_msgs/share/ouster_msgs/cmake/ament_cmake_export_dependencies-extras.cmake
[20.710s] -- Installing: /home/brown/Projects/MiningRobot/ros2_workspace/install/ouster_msgs/share/ouster_msgs/cmake/ament_cmake_export_include_directories-extras.cmake
[20.710s] -- Installing: /home/brown/Projects/MiningRobot/ros2_workspace/install/ouster_msgs/share/ouster_msgs/cmake/ament_cmake_export_libraries-extras.cmake
[20.710s] -- Installing: /home/brown/Projects/MiningRobot/ros2_workspace/install/ouster_msgs/share/ouster_msgs/cmake/ament_cmake_export_targets-extras.cmake
[20.710s] -- Installing: /home/brown/Projects/MiningRobot/ros2_workspace/install/ouster_msgs/share/ouster_msgs/cmake/rosidl_cmake_export_typesupport_targets-extras.cmake
[20.711s] -- Installing: /home/brown/Projects/MiningRobot/ros2_workspace/install/ouster_msgs/share/ouster_msgs/cmake/rosidl_cmake_export_typesupport_libraries-extras.cmake
[20.711s] -- Installing: /home/brown/Projects/MiningRobot/ros2_workspace/install/ouster_msgs/share/ouster_msgs/cmake/ouster_msgsConfig.cmake
[20.711s] -- Installing: /home/brown/Projects/MiningRobot/ros2_workspace/install/ouster_msgs/share/ouster_msgs/cmake/ouster_msgsConfig-version.cmake
[20.711s] -- Installing: /home/brown/Projects/MiningRobot/ros2_workspace/install/ouster_msgs/share/ouster_msgs/package.xml
[20.728s] Invoked command in '/home/brown/Projects/MiningRobot/ros2_workspace/build/ouster_msgs' returned '0': _=/usr/bin/env /usr/bin/cmake --install /home/brown/Projects/MiningRobot/ros2_workspace/build/ouster_msgs
