[0.407s] Invoking command in '/home/brown/Projects/MiningRobot/autonomy/ros2_workspace/build/perception_pcl': AMENT_PREFIX_PATH=/home/brown/Projects/MiningRobot/autonomy/ros2_workspace/install/pcl_ros:/home/brown/Projects/MiningRobot/autonomy/ros2_workspace/install/pcl_conversions:/home/brown/Projects/MiningRobot/autonomy/ros2_workspace/install/pcl_msgs:${AMENT_PREFIX_PATH} CMAKE_PREFIX_PATH=/home/brown/Projects/MiningRobot/autonomy/ros2_workspace/install/pcl_ros:/home/brown/Projects/MiningRobot/autonomy/ros2_workspace/install/pcl_conversions:/home/brown/Projects/MiningRobot/autonomy/ros2_workspace/install/pcl_msgs:${CMAKE_PREFIX_PATH} LD_LIBRARY_PATH=/home/brown/Projects/MiningRobot/autonomy/ros2_workspace/install/pcl_ros/lib:/home/brown/Projects/MiningRobot/autonomy/ros2_workspace/install/pcl_msgs/lib:${LD_LIBRARY_PATH} PYTHONPATH=/home/brown/Projects/MiningRobot/autonomy/ros2_workspace/install/pcl_msgs/lib/python3.11/site-packages:${PYTHONPATH} _=/usr/bin/env /usr/bin/cmake /home/brown/Projects/MiningRobot/autonomy/ros2_workspace/src/perception_pcl/perception_pcl -DCMAKE_INSTALL_PREFIX=/home/brown/Projects/MiningRobot/autonomy/ros2_workspace/install/perception_pcl
[0.785s] -- The C compiler identification is GNU 13.2.1
[1.252s] -- The CXX compiler identification is GNU 13.2.1
[1.403s] -- Detecting C compiler ABI info
[1.705s] -- Detecting C compiler ABI info - done
[1.720s] -- Check for working C compiler: /usr/bin/cc - skipped
[1.721s] -- Detecting C compile features
[1.721s] -- Detecting C compile features - done
[1.741s] -- Detecting CXX compiler ABI info
[2.046s] -- Detecting CXX compiler ABI info - done
[2.060s] -- Check for working CXX compiler: /usr/bin/c++ - skipped
[2.060s] -- Detecting CXX compile features
[2.061s] -- Detecting CXX compile features - done
[2.069s] -- Found ament_cmake: 1.3.5 (/opt/ros/humble/share/ament_cmake/cmake)
[3.663s] -- Found Python3: /usr/bin/python3.11 (found version "3.11.5") found components: Interpreter 
[4.150s] -- Configuring done (3.7s)
[4.157s] -- Generating done (0.0s)
[4.159s] -- Build files have been written to: /home/brown/Projects/MiningRobot/autonomy/ros2_workspace/build/perception_pcl
[4.167s] Invoked command in '/home/brown/Projects/MiningRobot/autonomy/ros2_workspace/build/perception_pcl' returned '0': AMENT_PREFIX_PATH=/home/brown/Projects/MiningRobot/autonomy/ros2_workspace/install/pcl_ros:/home/brown/Projects/MiningRobot/autonomy/ros2_workspace/install/pcl_conversions:/home/brown/Projects/MiningRobot/autonomy/ros2_workspace/install/pcl_msgs:${AMENT_PREFIX_PATH} CMAKE_PREFIX_PATH=/home/brown/Projects/MiningRobot/autonomy/ros2_workspace/install/pcl_ros:/home/brown/Projects/MiningRobot/autonomy/ros2_workspace/install/pcl_conversions:/home/brown/Projects/MiningRobot/autonomy/ros2_workspace/install/pcl_msgs:${CMAKE_PREFIX_PATH} LD_LIBRARY_PATH=/home/brown/Projects/MiningRobot/autonomy/ros2_workspace/install/pcl_ros/lib:/home/brown/Projects/MiningRobot/autonomy/ros2_workspace/install/pcl_msgs/lib:${LD_LIBRARY_PATH} PYTHONPATH=/home/brown/Projects/MiningRobot/autonomy/ros2_workspace/install/pcl_msgs/lib/python3.11/site-packages:${PYTHONPATH} _=/usr/bin/env /usr/bin/cmake /home/brown/Projects/MiningRobot/autonomy/ros2_workspace/src/perception_pcl/perception_pcl -DCMAKE_INSTALL_PREFIX=/home/brown/Projects/MiningRobot/autonomy/ros2_workspace/install/perception_pcl
[4.170s] Invoking command in '/home/brown/Projects/MiningRobot/autonomy/ros2_workspace/build/perception_pcl': AMENT_PREFIX_PATH=/home/brown/Projects/MiningRobot/autonomy/ros2_workspace/install/pcl_ros:/home/brown/Projects/MiningRobot/autonomy/ros2_workspace/install/pcl_conversions:/home/brown/Projects/MiningRobot/autonomy/ros2_workspace/install/pcl_msgs:${AMENT_PREFIX_PATH} CMAKE_PREFIX_PATH=/home/brown/Projects/MiningRobot/autonomy/ros2_workspace/install/pcl_ros:/home/brown/Projects/MiningRobot/autonomy/ros2_workspace/install/pcl_conversions:/home/brown/Projects/MiningRobot/autonomy/ros2_workspace/install/pcl_msgs:${CMAKE_PREFIX_PATH} LD_LIBRARY_PATH=/home/brown/Projects/MiningRobot/autonomy/ros2_workspace/install/pcl_ros/lib:/home/brown/Projects/MiningRobot/autonomy/ros2_workspace/install/pcl_msgs/lib:${LD_LIBRARY_PATH} PYTHONPATH=/home/brown/Projects/MiningRobot/autonomy/ros2_workspace/install/pcl_msgs/lib/python3.11/site-packages:${PYTHONPATH} _=/usr/bin/env /usr/bin/cmake --build /home/brown/Projects/MiningRobot/autonomy/ros2_workspace/build/perception_pcl -- -j4 -l4
[4.269s] Invoked command in '/home/brown/Projects/MiningRobot/autonomy/ros2_workspace/build/perception_pcl' returned '0': AMENT_PREFIX_PATH=/home/brown/Projects/MiningRobot/autonomy/ros2_workspace/install/pcl_ros:/home/brown/Projects/MiningRobot/autonomy/ros2_workspace/install/pcl_conversions:/home/brown/Projects/MiningRobot/autonomy/ros2_workspace/install/pcl_msgs:${AMENT_PREFIX_PATH} CMAKE_PREFIX_PATH=/home/brown/Projects/MiningRobot/autonomy/ros2_workspace/install/pcl_ros:/home/brown/Projects/MiningRobot/autonomy/ros2_workspace/install/pcl_conversions:/home/brown/Projects/MiningRobot/autonomy/ros2_workspace/install/pcl_msgs:${CMAKE_PREFIX_PATH} LD_LIBRARY_PATH=/home/brown/Projects/MiningRobot/autonomy/ros2_workspace/install/pcl_ros/lib:/home/brown/Projects/MiningRobot/autonomy/ros2_workspace/install/pcl_msgs/lib:${LD_LIBRARY_PATH} PYTHONPATH=/home/brown/Projects/MiningRobot/autonomy/ros2_workspace/install/pcl_msgs/lib/python3.11/site-packages:${PYTHONPATH} _=/usr/bin/env /usr/bin/cmake --build /home/brown/Projects/MiningRobot/autonomy/ros2_workspace/build/perception_pcl -- -j4 -l4
[4.386s] Invoking command in '/home/brown/Projects/MiningRobot/autonomy/ros2_workspace/build/perception_pcl': AMENT_PREFIX_PATH=/home/brown/Projects/MiningRobot/autonomy/ros2_workspace/install/pcl_ros:/home/brown/Projects/MiningRobot/autonomy/ros2_workspace/install/pcl_conversions:/home/brown/Projects/MiningRobot/autonomy/ros2_workspace/install/pcl_msgs:${AMENT_PREFIX_PATH} CMAKE_PREFIX_PATH=/home/brown/Projects/MiningRobot/autonomy/ros2_workspace/install/pcl_ros:/home/brown/Projects/MiningRobot/autonomy/ros2_workspace/install/pcl_conversions:/home/brown/Projects/MiningRobot/autonomy/ros2_workspace/install/pcl_msgs:${CMAKE_PREFIX_PATH} LD_LIBRARY_PATH=/home/brown/Projects/MiningRobot/autonomy/ros2_workspace/install/pcl_ros/lib:/home/brown/Projects/MiningRobot/autonomy/ros2_workspace/install/pcl_msgs/lib:${LD_LIBRARY_PATH} PYTHONPATH=/home/brown/Projects/MiningRobot/autonomy/ros2_workspace/install/pcl_msgs/lib/python3.11/site-packages:${PYTHONPATH} _=/usr/bin/env /usr/bin/cmake --install /home/brown/Projects/MiningRobot/autonomy/ros2_workspace/build/perception_pcl
[4.409s] -- Install configuration: ""
[4.410s] -- Installing: /home/brown/Projects/MiningRobot/autonomy/ros2_workspace/install/perception_pcl/share/ament_index/resource_index/package_run_dependencies/perception_pcl
[4.410s] -- Installing: /home/brown/Projects/MiningRobot/autonomy/ros2_workspace/install/perception_pcl/share/ament_index/resource_index/parent_prefix_path/perception_pcl
[4.412s] -- Installing: /home/brown/Projects/MiningRobot/autonomy/ros2_workspace/install/perception_pcl/share/perception_pcl/environment/ament_prefix_path.sh
[4.413s] -- Installing: /home/brown/Projects/MiningRobot/autonomy/ros2_workspace/install/perception_pcl/share/perception_pcl/environment/ament_prefix_path.dsv
[4.413s] -- Installing: /home/brown/Projects/MiningRobot/autonomy/ros2_workspace/install/perception_pcl/share/perception_pcl/environment/path.sh
[4.413s] -- Installing: /home/brown/Projects/MiningRobot/autonomy/ros2_workspace/install/perception_pcl/share/perception_pcl/environment/path.dsv
[4.414s] -- Installing: /home/brown/Projects/MiningRobot/autonomy/ros2_workspace/install/perception_pcl/share/perception_pcl/local_setup.bash
[4.415s] -- Installing: /home/brown/Projects/MiningRobot/autonomy/ros2_workspace/install/perception_pcl/share/perception_pcl/local_setup.sh
[4.415s] -- Installing: /home/brown/Projects/MiningRobot/autonomy/ros2_workspace/install/perception_pcl/share/perception_pcl/local_setup.zsh
[4.415s] -- Installing: /home/brown/Projects/MiningRobot/autonomy/ros2_workspace/install/perception_pcl/share/perception_pcl/local_setup.dsv
[4.416s] -- Installing: /home/brown/Projects/MiningRobot/autonomy/ros2_workspace/install/perception_pcl/share/perception_pcl/package.dsv
[4.417s] -- Installing: /home/brown/Projects/MiningRobot/autonomy/ros2_workspace/install/perception_pcl/share/ament_index/resource_index/packages/perception_pcl
[4.433s] -- Installing: /home/brown/Projects/MiningRobot/autonomy/ros2_workspace/install/perception_pcl/share/perception_pcl/cmake/perception_pclConfig.cmake
[4.433s] -- Installing: /home/brown/Projects/MiningRobot/autonomy/ros2_workspace/install/perception_pcl/share/perception_pcl/cmake/perception_pclConfig-version.cmake
[4.434s] -- Installing: /home/brown/Projects/MiningRobot/autonomy/ros2_workspace/install/perception_pcl/share/perception_pcl/package.xml
[4.434s] Invoked command in '/home/brown/Projects/MiningRobot/autonomy/ros2_workspace/build/perception_pcl' returned '0': AMENT_PREFIX_PATH=/home/brown/Projects/MiningRobot/autonomy/ros2_workspace/install/pcl_ros:/home/brown/Projects/MiningRobot/autonomy/ros2_workspace/install/pcl_conversions:/home/brown/Projects/MiningRobot/autonomy/ros2_workspace/install/pcl_msgs:${AMENT_PREFIX_PATH} CMAKE_PREFIX_PATH=/home/brown/Projects/MiningRobot/autonomy/ros2_workspace/install/pcl_ros:/home/brown/Projects/MiningRobot/autonomy/ros2_workspace/install/pcl_conversions:/home/brown/Projects/MiningRobot/autonomy/ros2_workspace/install/pcl_msgs:${CMAKE_PREFIX_PATH} LD_LIBRARY_PATH=/home/brown/Projects/MiningRobot/autonomy/ros2_workspace/install/pcl_ros/lib:/home/brown/Projects/MiningRobot/autonomy/ros2_workspace/install/pcl_msgs/lib:${LD_LIBRARY_PATH} PYTHONPATH=/home/brown/Projects/MiningRobot/autonomy/ros2_workspace/install/pcl_msgs/lib/python3.11/site-packages:${PYTHONPATH} _=/usr/bin/env /usr/bin/cmake --install /home/brown/Projects/MiningRobot/autonomy/ros2_workspace/build/perception_pcl
