[33mCMake Warning (dev) at /usr/share/pcl-1.13/PCLConfig.cmake:143 (find_package):
  Policy CMP0144 is not set: find_package uses upper-case <PACKAGENAME>_ROOT
  variables.  Run "cmake --help-policy CMP0144" for policy details.  Use the
  cmake_policy command to set the policy and suppress this warning.

  CMake variable EIGEN_ROOT is set to:

    /usr/include/eigen3

  For compatibility, find_package is ignoring the variable, but code in a
  .cmake module might still use it.
Call Stack (most recent call first):
  /usr/share/pcl-1.13/PCLConfig.cmake:296 (find_eigen)
  /usr/share/pcl-1.13/PCLConfig.cmake:549 (find_external_library)
  /home/brown/Projects/MiningRobot/autonomy/ros2_workspace/install/pcl_conversions/share/pcl_conversions/cmake/ament_cmake_export_dependencies-extras.cmake:21 (find_package)
  /home/brown/Projects/MiningRobot/autonomy/ros2_workspace/install/pcl_conversions/share/pcl_conversions/cmake/pcl_conversionsConfig.cmake:41 (include)
  /home/brown/Projects/MiningRobot/autonomy/ros2_workspace/install/ros2_ouster/share/ros2_ouster/cmake/ament_cmake_export_dependencies-extras.cmake:21 (find_package)
  /home/brown/Projects/MiningRobot/autonomy/ros2_workspace/install/ros2_ouster/share/ros2_ouster/cmake/ros2_ousterConfig.cmake:41 (include)
  CMakeLists.txt:29 (find_package)
This warning is for project developers.  Use -Wno-dev to suppress it.
[0m
[33mCMake Warning (dev) at /usr/share/pcl-1.13/Modules/FindFLANN.cmake:45 (find_package):
  Policy CMP0144 is not set: find_package uses upper-case <PACKAGENAME>_ROOT
  variables.  Run "cmake --help-policy CMP0144" for policy details.  Use the
  cmake_policy command to set the policy and suppress this warning.

  CMake variable FLANN_ROOT is set to:

    /usr

  For compatibility, find_package is ignoring the variable, but code in a
  .cmake module might still use it.
Call Stack (most recent call first):
  /usr/share/pcl-1.13/PCLConfig.cmake:253 (find_package)
  /usr/share/pcl-1.13/PCLConfig.cmake:298 (find_flann)
  /usr/share/pcl-1.13/PCLConfig.cmake:549 (find_external_library)
  /home/brown/Projects/MiningRobot/autonomy/ros2_workspace/install/pcl_conversions/share/pcl_conversions/cmake/ament_cmake_export_dependencies-extras.cmake:21 (find_package)
  /home/brown/Projects/MiningRobot/autonomy/ros2_workspace/install/pcl_conversions/share/pcl_conversions/cmake/pcl_conversionsConfig.cmake:41 (include)
  /home/brown/Projects/MiningRobot/autonomy/ros2_workspace/install/ros2_ouster/share/ros2_ouster/cmake/ament_cmake_export_dependencies-extras.cmake:21 (find_package)
  /home/brown/Projects/MiningRobot/autonomy/ros2_workspace/install/ros2_ouster/share/ros2_ouster/cmake/ros2_ousterConfig.cmake:41 (include)
  CMakeLists.txt:29 (find_package)
This warning is for project developers.  Use -Wno-dev to suppress it.
[0m
[33mCMake Warning (dev) at /opt/ros/humble/share/ament_cmake_cppcheck/cmake/ament_cmake_cppcheck_lint_hook.cmake:17 (file):
  Cyclic recursion detected while globbing for '*.c':


  /home/brown/Projects/MiningRobot/autonomy/ros2_workspace/src/aurora_core/include


  /home/brown/Projects/MiningRobot/autonomy/ros2_workspace


  /home/brown/Projects/MiningRobot/autonomy/ros2_workspace/src/aurora_core/include/base
Call Stack (most recent call first):
  /opt/ros/humble/share/ament_cmake_core/cmake/core/ament_execute_extensions.cmake:48 (include)
  /opt/ros/humble/share/ament_lint_auto/cmake/ament_lint_auto_package_hook.cmake:21 (ament_execute_extensions)
  /opt/ros/humble/share/ament_cmake_core/cmake/core/ament_execute_extensions.cmake:48 (include)
  /opt/ros/humble/share/ament_cmake_core/cmake/core/ament_package.cmake:66 (ament_execute_extensions)
  CMakeLists.txt:38 (ament_package)
This warning is for project developers.  Use -Wno-dev to suppress it.
[0m
[33mCMake Warning (dev) at /opt/ros/humble/share/ament_cmake_cppcheck/cmake/ament_cmake_cppcheck_lint_hook.cmake:17 (file):
  Cyclic recursion detected while globbing for '*.c':


  /home/brown/Projects/MiningRobot/autonomy/ros2_workspace/src/aurora_core/include



  /home/brown/Projects/MiningRobot/autonomy/ros2_workspace/src/aurora_core/include/base
Call Stack (most recent call first):
  /opt/ros/humble/share/ament_cmake_core/cmake/core/ament_execute_extensions.cmake:48 (include)
  /opt/ros/humble/share/ament_lint_auto/cmake/ament_lint_auto_package_hook.cmake:21 (ament_execute_extensions)
  /opt/ros/humble/share/ament_cmake_core/cmake/core/ament_execute_extensions.cmake:48 (include)
  /opt/ros/humble/share/ament_cmake_core/cmake/core/ament_package.cmake:66 (ament_execute_extensions)
  CMakeLists.txt:38 (ament_package)
This warning is for project developers.  Use -Wno-dev to suppress it.
[0m
[33mCMake Warning (dev) at /opt/ros/humble/share/ament_cmake_cppcheck/cmake/ament_cmake_cppcheck_lint_hook.cmake:17 (file):
  Cyclic recursion detected while globbing for '*.cc':


  /home/brown/Projects/MiningRobot/autonomy/ros2_workspace/src/aurora_core/include


  /home/brown/Projects/MiningRobot/autonomy/ros2_workspace


  /home/brown/Projects/MiningRobot/autonomy/ros2_workspace/src/aurora_core/include/base
Call Stack (most recent call first):
  /opt/ros/humble/share/ament_cmake_core/cmake/core/ament_execute_extensions.cmake:48 (include)
  /opt/ros/humble/share/ament_lint_auto/cmake/ament_lint_auto_package_hook.cmake:21 (ament_execute_extensions)
  /opt/ros/humble/share/ament_cmake_core/cmake/core/ament_execute_extensions.cmake:48 (include)
  /opt/ros/humble/share/ament_cmake_core/cmake/core/ament_package.cmake:66 (ament_execute_extensions)
  CMakeLists.txt:38 (ament_package)
This warning is for project developers.  Use -Wno-dev to suppress it.
[0m
[33mCMake Warning (dev) at /opt/ros/humble/share/ament_cmake_cppcheck/cmake/ament_cmake_cppcheck_lint_hook.cmake:17 (file):
  Cyclic recursion detected while globbing for '*.cc':


  /home/brown/Projects/MiningRobot/autonomy/ros2_workspace/src/aurora_core/include



  /home/brown/Projects/MiningRobot/autonomy/ros2_workspace/src/aurora_core/include/base
Call Stack (most recent call first):
  /opt/ros/humble/share/ament_cmake_core/cmake/core/ament_execute_extensions.cmake:48 (include)
  /opt/ros/humble/share/ament_lint_auto/cmake/ament_lint_auto_package_hook.cmake:21 (ament_execute_extensions)
  /opt/ros/humble/share/ament_cmake_core/cmake/core/ament_execute_extensions.cmake:48 (include)
  /opt/ros/humble/share/ament_cmake_core/cmake/core/ament_package.cmake:66 (ament_execute_extensions)
  CMakeLists.txt:38 (ament_package)
This warning is for project developers.  Use -Wno-dev to suppress it.
[0m
[33mCMake Warning (dev) at /opt/ros/humble/share/ament_cmake_cppcheck/cmake/ament_cmake_cppcheck_lint_hook.cmake:17 (file):
  Cyclic recursion detected while globbing for '*.cpp':


  /home/brown/Projects/MiningRobot/autonomy/ros2_workspace/src/aurora_core/include


  /home/brown/Projects/MiningRobot/autonomy/ros2_workspace


  /home/brown/Projects/MiningRobot/autonomy/ros2_workspace/src/aurora_core/include/base
Call Stack (most recent call first):
  /opt/ros/humble/share/ament_cmake_core/cmake/core/ament_execute_extensions.cmake:48 (include)
  /opt/ros/humble/share/ament_lint_auto/cmake/ament_lint_auto_package_hook.cmake:21 (ament_execute_extensions)
  /opt/ros/humble/share/ament_cmake_core/cmake/core/ament_execute_extensions.cmake:48 (include)
  /opt/ros/humble/share/ament_cmake_core/cmake/core/ament_package.cmake:66 (ament_execute_extensions)
  CMakeLists.txt:38 (ament_package)
This warning is for project developers.  Use -Wno-dev to suppress it.
[0m
[33mCMake Warning (dev) at /opt/ros/humble/share/ament_cmake_cppcheck/cmake/ament_cmake_cppcheck_lint_hook.cmake:17 (file):
  Cyclic recursion detected while globbing for '*.cpp':


  /home/brown/Projects/MiningRobot/autonomy/ros2_workspace/src/aurora_core/include



  /home/brown/Projects/MiningRobot/autonomy/ros2_workspace/src/aurora_core/include/base
Call Stack (most recent call first):
  /opt/ros/humble/share/ament_cmake_core/cmake/core/ament_execute_extensions.cmake:48 (include)
  /opt/ros/humble/share/ament_lint_auto/cmake/ament_lint_auto_package_hook.cmake:21 (ament_execute_extensions)
  /opt/ros/humble/share/ament_cmake_core/cmake/core/ament_execute_extensions.cmake:48 (include)
  /opt/ros/humble/share/ament_cmake_core/cmake/core/ament_package.cmake:66 (ament_execute_extensions)
  CMakeLists.txt:38 (ament_package)
This warning is for project developers.  Use -Wno-dev to suppress it.
[0m
[33mCMake Warning (dev) at /opt/ros/humble/share/ament_cmake_cppcheck/cmake/ament_cmake_cppcheck_lint_hook.cmake:17 (file):
  Cyclic recursion detected while globbing for '*.cxx':


  /home/brown/Projects/MiningRobot/autonomy/ros2_workspace/src/aurora_core/include


  /home/brown/Projects/MiningRobot/autonomy/ros2_workspace


  /home/brown/Projects/MiningRobot/autonomy/ros2_workspace/src/aurora_core/include/base
Call Stack (most recent call first):
  /opt/ros/humble/share/ament_cmake_core/cmake/core/ament_execute_extensions.cmake:48 (include)
  /opt/ros/humble/share/ament_lint_auto/cmake/ament_lint_auto_package_hook.cmake:21 (ament_execute_extensions)
  /opt/ros/humble/share/ament_cmake_core/cmake/core/ament_execute_extensions.cmake:48 (include)
  /opt/ros/humble/share/ament_cmake_core/cmake/core/ament_package.cmake:66 (ament_execute_extensions)
  CMakeLists.txt:38 (ament_package)
This warning is for project developers.  Use -Wno-dev to suppress it.
[0m
[33mCMake Warning (dev) at /opt/ros/humble/share/ament_cmake_cppcheck/cmake/ament_cmake_cppcheck_lint_hook.cmake:17 (file):
  Cyclic recursion detected while globbing for '*.cxx':


  /home/brown/Projects/MiningRobot/autonomy/ros2_workspace/src/aurora_core/include



  /home/brown/Projects/MiningRobot/autonomy/ros2_workspace/src/aurora_core/include/base
Call Stack (most recent call first):
  /opt/ros/humble/share/ament_cmake_core/cmake/core/ament_execute_extensions.cmake:48 (include)
  /opt/ros/humble/share/ament_lint_auto/cmake/ament_lint_auto_package_hook.cmake:21 (ament_execute_extensions)
  /opt/ros/humble/share/ament_cmake_core/cmake/core/ament_execute_extensions.cmake:48 (include)
  /opt/ros/humble/share/ament_cmake_core/cmake/core/ament_package.cmake:66 (ament_execute_extensions)
  CMakeLists.txt:38 (ament_package)
This warning is for project developers.  Use -Wno-dev to suppress it.
[0m
[33mCMake Warning (dev) at /opt/ros/humble/share/ament_cmake_cppcheck/cmake/ament_cmake_cppcheck_lint_hook.cmake:17 (file):
  Cyclic recursion detected while globbing for '*.h':


  /home/brown/Projects/MiningRobot/autonomy/ros2_workspace/src/aurora_core/include


  /home/brown/Projects/MiningRobot/autonomy/ros2_workspace


  /home/brown/Projects/MiningRobot/autonomy/ros2_workspace/src/aurora_core/include/base
Call Stack (most recent call first):
  /opt/ros/humble/share/ament_cmake_core/cmake/core/ament_execute_extensions.cmake:48 (include)
  /opt/ros/humble/share/ament_lint_auto/cmake/ament_lint_auto_package_hook.cmake:21 (ament_execute_extensions)
  /opt/ros/humble/share/ament_cmake_core/cmake/core/ament_execute_extensions.cmake:48 (include)
  /opt/ros/humble/share/ament_cmake_core/cmake/core/ament_package.cmake:66 (ament_execute_extensions)
  CMakeLists.txt:38 (ament_package)
This warning is for project developers.  Use -Wno-dev to suppress it.
[0m
[33mCMake Warning (dev) at /opt/ros/humble/share/ament_cmake_cppcheck/cmake/ament_cmake_cppcheck_lint_hook.cmake:17 (file):
  Cyclic recursion detected while globbing for '*.h':


  /home/brown/Projects/MiningRobot/autonomy/ros2_workspace/src/aurora_core/include



  /home/brown/Projects/MiningRobot/autonomy/ros2_workspace/src/aurora_core/include/base
Call Stack (most recent call first):
  /opt/ros/humble/share/ament_cmake_core/cmake/core/ament_execute_extensions.cmake:48 (include)
  /opt/ros/humble/share/ament_lint_auto/cmake/ament_lint_auto_package_hook.cmake:21 (ament_execute_extensions)
  /opt/ros/humble/share/ament_cmake_core/cmake/core/ament_execute_extensions.cmake:48 (include)
  /opt/ros/humble/share/ament_cmake_core/cmake/core/ament_package.cmake:66 (ament_execute_extensions)
  CMakeLists.txt:38 (ament_package)
This warning is for project developers.  Use -Wno-dev to suppress it.
[0m
[33mCMake Warning (dev) at /opt/ros/humble/share/ament_cmake_cppcheck/cmake/ament_cmake_cppcheck_lint_hook.cmake:17 (file):
  Cyclic recursion detected while globbing for '*.hh':


  /home/brown/Projects/MiningRobot/autonomy/ros2_workspace/src/aurora_core/include


  /home/brown/Projects/MiningRobot/autonomy/ros2_workspace


  /home/brown/Projects/MiningRobot/autonomy/ros2_workspace/src/aurora_core/include/base
Call Stack (most recent call first):
  /opt/ros/humble/share/ament_cmake_core/cmake/core/ament_execute_extensions.cmake:48 (include)
  /opt/ros/humble/share/ament_lint_auto/cmake/ament_lint_auto_package_hook.cmake:21 (ament_execute_extensions)
  /opt/ros/humble/share/ament_cmake_core/cmake/core/ament_execute_extensions.cmake:48 (include)
  /opt/ros/humble/share/ament_cmake_core/cmake/core/ament_package.cmake:66 (ament_execute_extensions)
  CMakeLists.txt:38 (ament_package)
This warning is for project developers.  Use -Wno-dev to suppress it.
[0m
[33mCMake Warning (dev) at /opt/ros/humble/share/ament_cmake_cppcheck/cmake/ament_cmake_cppcheck_lint_hook.cmake:17 (file):
  Cyclic recursion detected while globbing for '*.hh':


  /home/brown/Projects/MiningRobot/autonomy/ros2_workspace/src/aurora_core/include



  /home/brown/Projects/MiningRobot/autonomy/ros2_workspace/src/aurora_core/include/base
Call Stack (most recent call first):
  /opt/ros/humble/share/ament_cmake_core/cmake/core/ament_execute_extensions.cmake:48 (include)
  /opt/ros/humble/share/ament_lint_auto/cmake/ament_lint_auto_package_hook.cmake:21 (ament_execute_extensions)
  /opt/ros/humble/share/ament_cmake_core/cmake/core/ament_execute_extensions.cmake:48 (include)
  /opt/ros/humble/share/ament_cmake_core/cmake/core/ament_package.cmake:66 (ament_execute_extensions)
  CMakeLists.txt:38 (ament_package)
This warning is for project developers.  Use -Wno-dev to suppress it.
[0m
[33mCMake Warning (dev) at /opt/ros/humble/share/ament_cmake_cppcheck/cmake/ament_cmake_cppcheck_lint_hook.cmake:17 (file):
  Cyclic recursion detected while globbing for '*.hpp':


  /home/brown/Projects/MiningRobot/autonomy/ros2_workspace/src/aurora_core/include


  /home/brown/Projects/MiningRobot/autonomy/ros2_workspace


  /home/brown/Projects/MiningRobot/autonomy/ros2_workspace/src/aurora_core/include/base
Call Stack (most recent call first):
  /opt/ros/humble/share/ament_cmake_core/cmake/core/ament_execute_extensions.cmake:48 (include)
  /opt/ros/humble/share/ament_lint_auto/cmake/ament_lint_auto_package_hook.cmake:21 (ament_execute_extensions)
  /opt/ros/humble/share/ament_cmake_core/cmake/core/ament_execute_extensions.cmake:48 (include)
  /opt/ros/humble/share/ament_cmake_core/cmake/core/ament_package.cmake:66 (ament_execute_extensions)
  CMakeLists.txt:38 (ament_package)
This warning is for project developers.  Use -Wno-dev to suppress it.
[0m
[33mCMake Warning (dev) at /opt/ros/humble/share/ament_cmake_cppcheck/cmake/ament_cmake_cppcheck_lint_hook.cmake:17 (file):
  Cyclic recursion detected while globbing for '*.hpp':


  /home/brown/Projects/MiningRobot/autonomy/ros2_workspace/src/aurora_core/include



  /home/brown/Projects/MiningRobot/autonomy/ros2_workspace/src/aurora_core/include/base
Call Stack (most recent call first):
  /opt/ros/humble/share/ament_cmake_core/cmake/core/ament_execute_extensions.cmake:48 (include)
  /opt/ros/humble/share/ament_lint_auto/cmake/ament_lint_auto_package_hook.cmake:21 (ament_execute_extensions)
  /opt/ros/humble/share/ament_cmake_core/cmake/core/ament_execute_extensions.cmake:48 (include)
  /opt/ros/humble/share/ament_cmake_core/cmake/core/ament_package.cmake:66 (ament_execute_extensions)
  CMakeLists.txt:38 (ament_package)
This warning is for project developers.  Use -Wno-dev to suppress it.
[0m
[33mCMake Warning (dev) at /opt/ros/humble/share/ament_cmake_cppcheck/cmake/ament_cmake_cppcheck_lint_hook.cmake:17 (file):
  Cyclic recursion detected while globbing for '*.hxx':


  /home/brown/Projects/MiningRobot/autonomy/ros2_workspace/src/aurora_core/include


  /home/brown/Projects/MiningRobot/autonomy/ros2_workspace


  /home/brown/Projects/MiningRobot/autonomy/ros2_workspace/src/aurora_core/include/base
Call Stack (most recent call first):
  /opt/ros/humble/share/ament_cmake_core/cmake/core/ament_execute_extensions.cmake:48 (include)
  /opt/ros/humble/share/ament_lint_auto/cmake/ament_lint_auto_package_hook.cmake:21 (ament_execute_extensions)
  /opt/ros/humble/share/ament_cmake_core/cmake/core/ament_execute_extensions.cmake:48 (include)
  /opt/ros/humble/share/ament_cmake_core/cmake/core/ament_package.cmake:66 (ament_execute_extensions)
  CMakeLists.txt:38 (ament_package)
This warning is for project developers.  Use -Wno-dev to suppress it.
[0m
[33mCMake Warning (dev) at /opt/ros/humble/share/ament_cmake_cppcheck/cmake/ament_cmake_cppcheck_lint_hook.cmake:17 (file):
  Cyclic recursion detected while globbing for '*.hxx':


  /home/brown/Projects/MiningRobot/autonomy/ros2_workspace/src/aurora_core/include



  /home/brown/Projects/MiningRobot/autonomy/ros2_workspace/src/aurora_core/include/base
Call Stack (most recent call first):
  /opt/ros/humble/share/ament_cmake_core/cmake/core/ament_execute_extensions.cmake:48 (include)
  /opt/ros/humble/share/ament_lint_auto/cmake/ament_lint_auto_package_hook.cmake:21 (ament_execute_extensions)
  /opt/ros/humble/share/ament_cmake_core/cmake/core/ament_execute_extensions.cmake:48 (include)
  /opt/ros/humble/share/ament_cmake_core/cmake/core/ament_package.cmake:66 (ament_execute_extensions)
  CMakeLists.txt:38 (ament_package)
This warning is for project developers.  Use -Wno-dev to suppress it.
[0m
[33mCMake Warning (dev) at /opt/ros/humble/share/ament_cmake_flake8/cmake/ament_cmake_flake8_lint_hook.cmake:15 (file):
  Cyclic recursion detected while globbing for '*.py':


  /home/brown/Projects/MiningRobot/autonomy/ros2_workspace/src/aurora_core/include


  /home/brown/Projects/MiningRobot/autonomy/ros2_workspace


  /home/brown/Projects/MiningRobot/autonomy/ros2_workspace/src/aurora_core/include/base
Call Stack (most recent call first):
  /opt/ros/humble/share/ament_cmake_core/cmake/core/ament_execute_extensions.cmake:48 (include)
  /opt/ros/humble/share/ament_lint_auto/cmake/ament_lint_auto_package_hook.cmake:21 (ament_execute_extensions)
  /opt/ros/humble/share/ament_cmake_core/cmake/core/ament_execute_extensions.cmake:48 (include)
  /opt/ros/humble/share/ament_cmake_core/cmake/core/ament_package.cmake:66 (ament_execute_extensions)
  CMakeLists.txt:38 (ament_package)
This warning is for project developers.  Use -Wno-dev to suppress it.
[0m
[33mCMake Warning (dev) at /opt/ros/humble/share/ament_cmake_flake8/cmake/ament_cmake_flake8_lint_hook.cmake:15 (file):
  Cyclic recursion detected while globbing for '*.py':


  /home/brown/Projects/MiningRobot/autonomy/ros2_workspace/src/aurora_core/include



  /home/brown/Projects/MiningRobot/autonomy/ros2_workspace/src/aurora_core/include/base
Call Stack (most recent call first):
  /opt/ros/humble/share/ament_cmake_core/cmake/core/ament_execute_extensions.cmake:48 (include)
  /opt/ros/humble/share/ament_lint_auto/cmake/ament_lint_auto_package_hook.cmake:21 (ament_execute_extensions)
  /opt/ros/humble/share/ament_cmake_core/cmake/core/ament_execute_extensions.cmake:48 (include)
  /opt/ros/humble/share/ament_cmake_core/cmake/core/ament_package.cmake:66 (ament_execute_extensions)
  CMakeLists.txt:38 (ament_package)
This warning is for project developers.  Use -Wno-dev to suppress it.
[0m
[33mCMake Warning (dev) at /opt/ros/humble/share/ament_cmake_lint_cmake/cmake/ament_cmake_lint_cmake_lint_hook.cmake:15 (file):
  Cyclic recursion detected while globbing for 'CMakeLists.txt':


  /home/brown/Projects/MiningRobot/autonomy/ros2_workspace/src/aurora_core/include


  /home/brown/Projects/MiningRobot/autonomy/ros2_workspace


  /home/brown/Projects/MiningRobot/autonomy/ros2_workspace/src/aurora_core/include/base
Call Stack (most recent call first):
  /opt/ros/humble/share/ament_cmake_core/cmake/core/ament_execute_extensions.cmake:48 (include)
  /opt/ros/humble/share/ament_lint_auto/cmake/ament_lint_auto_package_hook.cmake:21 (ament_execute_extensions)
  /opt/ros/humble/share/ament_cmake_core/cmake/core/ament_execute_extensions.cmake:48 (include)
  /opt/ros/humble/share/ament_cmake_core/cmake/core/ament_package.cmake:66 (ament_execute_extensions)
  CMakeLists.txt:38 (ament_package)
This warning is for project developers.  Use -Wno-dev to suppress it.
[0m
[33mCMake Warning (dev) at /opt/ros/humble/share/ament_cmake_lint_cmake/cmake/ament_cmake_lint_cmake_lint_hook.cmake:15 (file):
  Cyclic recursion detected while globbing for 'CMakeLists.txt':


  /home/brown/Projects/MiningRobot/autonomy/ros2_workspace/src/aurora_core/include



  /home/brown/Projects/MiningRobot/autonomy/ros2_workspace/src/aurora_core/include/base
Call Stack (most recent call first):
  /opt/ros/humble/share/ament_cmake_core/cmake/core/ament_execute_extensions.cmake:48 (include)
  /opt/ros/humble/share/ament_lint_auto/cmake/ament_lint_auto_package_hook.cmake:21 (ament_execute_extensions)
  /opt/ros/humble/share/ament_cmake_core/cmake/core/ament_execute_extensions.cmake:48 (include)
  /opt/ros/humble/share/ament_cmake_core/cmake/core/ament_package.cmake:66 (ament_execute_extensions)
  CMakeLists.txt:38 (ament_package)
This warning is for project developers.  Use -Wno-dev to suppress it.
[0m
[33mCMake Warning (dev) at /opt/ros/humble/share/ament_cmake_lint_cmake/cmake/ament_cmake_lint_cmake_lint_hook.cmake:15 (file):
  Cyclic recursion detected while globbing for '*.cmake':


  /home/brown/Projects/MiningRobot/autonomy/ros2_workspace/src/aurora_core/include


  /home/brown/Projects/MiningRobot/autonomy/ros2_workspace


  /home/brown/Projects/MiningRobot/autonomy/ros2_workspace/src/aurora_core/include/base
Call Stack (most recent call first):
  /opt/ros/humble/share/ament_cmake_core/cmake/core/ament_execute_extensions.cmake:48 (include)
  /opt/ros/humble/share/ament_lint_auto/cmake/ament_lint_auto_package_hook.cmake:21 (ament_execute_extensions)
  /opt/ros/humble/share/ament_cmake_core/cmake/core/ament_execute_extensions.cmake:48 (include)
  /opt/ros/humble/share/ament_cmake_core/cmake/core/ament_package.cmake:66 (ament_execute_extensions)
  CMakeLists.txt:38 (ament_package)
This warning is for project developers.  Use -Wno-dev to suppress it.
[0m
[33mCMake Warning (dev) at /opt/ros/humble/share/ament_cmake_lint_cmake/cmake/ament_cmake_lint_cmake_lint_hook.cmake:15 (file):
  Cyclic recursion detected while globbing for '*.cmake':


  /home/brown/Projects/MiningRobot/autonomy/ros2_workspace/src/aurora_core/include



  /home/brown/Projects/MiningRobot/autonomy/ros2_workspace/src/aurora_core/include/base
Call Stack (most recent call first):
  /opt/ros/humble/share/ament_cmake_core/cmake/core/ament_execute_extensions.cmake:48 (include)
  /opt/ros/humble/share/ament_lint_auto/cmake/ament_lint_auto_package_hook.cmake:21 (ament_execute_extensions)
  /opt/ros/humble/share/ament_cmake_core/cmake/core/ament_execute_extensions.cmake:48 (include)
  /opt/ros/humble/share/ament_cmake_core/cmake/core/ament_package.cmake:66 (ament_execute_extensions)
  CMakeLists.txt:38 (ament_package)
This warning is for project developers.  Use -Wno-dev to suppress it.
[0m
[33mCMake Warning (dev) at /opt/ros/humble/share/ament_cmake_pep257/cmake/ament_cmake_pep257_lint_hook.cmake:15 (file):
  Cyclic recursion detected while globbing for '*.py':


  /home/brown/Projects/MiningRobot/autonomy/ros2_workspace/src/aurora_core/include


  /home/brown/Projects/MiningRobot/autonomy/ros2_workspace


  /home/brown/Projects/MiningRobot/autonomy/ros2_workspace/src/aurora_core/include/base
Call Stack (most recent call first):
  /opt/ros/humble/share/ament_cmake_core/cmake/core/ament_execute_extensions.cmake:48 (include)
  /opt/ros/humble/share/ament_lint_auto/cmake/ament_lint_auto_package_hook.cmake:21 (ament_execute_extensions)
  /opt/ros/humble/share/ament_cmake_core/cmake/core/ament_execute_extensions.cmake:48 (include)
  /opt/ros/humble/share/ament_cmake_core/cmake/core/ament_package.cmake:66 (ament_execute_extensions)
  CMakeLists.txt:38 (ament_package)
This warning is for project developers.  Use -Wno-dev to suppress it.
[0m
[33mCMake Warning (dev) at /opt/ros/humble/share/ament_cmake_pep257/cmake/ament_cmake_pep257_lint_hook.cmake:15 (file):
  Cyclic recursion detected while globbing for '*.py':


  /home/brown/Projects/MiningRobot/autonomy/ros2_workspace/src/aurora_core/include



  /home/brown/Projects/MiningRobot/autonomy/ros2_workspace/src/aurora_core/include/base
Call Stack (most recent call first):
  /opt/ros/humble/share/ament_cmake_core/cmake/core/ament_execute_extensions.cmake:48 (include)
  /opt/ros/humble/share/ament_lint_auto/cmake/ament_lint_auto_package_hook.cmake:21 (ament_execute_extensions)
  /opt/ros/humble/share/ament_cmake_core/cmake/core/ament_execute_extensions.cmake:48 (include)
  /opt/ros/humble/share/ament_cmake_core/cmake/core/ament_package.cmake:66 (ament_execute_extensions)
  CMakeLists.txt:38 (ament_package)
This warning is for project developers.  Use -Wno-dev to suppress it.
[0m
[33mCMake Warning (dev) at /opt/ros/humble/share/ament_cmake_uncrustify/cmake/ament_cmake_uncrustify_lint_hook.cmake:15 (file):
  Cyclic recursion detected while globbing for '*.c':


  /home/brown/Projects/MiningRobot/autonomy/ros2_workspace/src/aurora_core/include


  /home/brown/Projects/MiningRobot/autonomy/ros2_workspace


  /home/brown/Projects/MiningRobot/autonomy/ros2_workspace/src/aurora_core/include/base
Call Stack (most recent call first):
  /opt/ros/humble/share/ament_cmake_core/cmake/core/ament_execute_extensions.cmake:48 (include)
  /opt/ros/humble/share/ament_lint_auto/cmake/ament_lint_auto_package_hook.cmake:21 (ament_execute_extensions)
  /opt/ros/humble/share/ament_cmake_core/cmake/core/ament_execute_extensions.cmake:48 (include)
  /opt/ros/humble/share/ament_cmake_core/cmake/core/ament_package.cmake:66 (ament_execute_extensions)
  CMakeLists.txt:38 (ament_package)
This warning is for project developers.  Use -Wno-dev to suppress it.
[0m
[33mCMake Warning (dev) at /opt/ros/humble/share/ament_cmake_uncrustify/cmake/ament_cmake_uncrustify_lint_hook.cmake:15 (file):
  Cyclic recursion detected while globbing for '*.c':


  /home/brown/Projects/MiningRobot/autonomy/ros2_workspace/src/aurora_core/include



  /home/brown/Projects/MiningRobot/autonomy/ros2_workspace/src/aurora_core/include/base
Call Stack (most recent call first):
  /opt/ros/humble/share/ament_cmake_core/cmake/core/ament_execute_extensions.cmake:48 (include)
  /opt/ros/humble/share/ament_lint_auto/cmake/ament_lint_auto_package_hook.cmake:21 (ament_execute_extensions)
  /opt/ros/humble/share/ament_cmake_core/cmake/core/ament_execute_extensions.cmake:48 (include)
  /opt/ros/humble/share/ament_cmake_core/cmake/core/ament_package.cmake:66 (ament_execute_extensions)
  CMakeLists.txt:38 (ament_package)
This warning is for project developers.  Use -Wno-dev to suppress it.
[0m
[33mCMake Warning (dev) at /opt/ros/humble/share/ament_cmake_uncrustify/cmake/ament_cmake_uncrustify_lint_hook.cmake:15 (file):
  Cyclic recursion detected while globbing for '*.cc':


  /home/brown/Projects/MiningRobot/autonomy/ros2_workspace/src/aurora_core/include


  /home/brown/Projects/MiningRobot/autonomy/ros2_workspace


  /home/brown/Projects/MiningRobot/autonomy/ros2_workspace/src/aurora_core/include/base
Call Stack (most recent call first):
  /opt/ros/humble/share/ament_cmake_core/cmake/core/ament_execute_extensions.cmake:48 (include)
  /opt/ros/humble/share/ament_lint_auto/cmake/ament_lint_auto_package_hook.cmake:21 (ament_execute_extensions)
  /opt/ros/humble/share/ament_cmake_core/cmake/core/ament_execute_extensions.cmake:48 (include)
  /opt/ros/humble/share/ament_cmake_core/cmake/core/ament_package.cmake:66 (ament_execute_extensions)
  CMakeLists.txt:38 (ament_package)
This warning is for project developers.  Use -Wno-dev to suppress it.
[0m
[33mCMake Warning (dev) at /opt/ros/humble/share/ament_cmake_uncrustify/cmake/ament_cmake_uncrustify_lint_hook.cmake:15 (file):
  Cyclic recursion detected while globbing for '*.cc':


  /home/brown/Projects/MiningRobot/autonomy/ros2_workspace/src/aurora_core/include



  /home/brown/Projects/MiningRobot/autonomy/ros2_workspace/src/aurora_core/include/base
Call Stack (most recent call first):
  /opt/ros/humble/share/ament_cmake_core/cmake/core/ament_execute_extensions.cmake:48 (include)
  /opt/ros/humble/share/ament_lint_auto/cmake/ament_lint_auto_package_hook.cmake:21 (ament_execute_extensions)
  /opt/ros/humble/share/ament_cmake_core/cmake/core/ament_execute_extensions.cmake:48 (include)
  /opt/ros/humble/share/ament_cmake_core/cmake/core/ament_package.cmake:66 (ament_execute_extensions)
  CMakeLists.txt:38 (ament_package)
This warning is for project developers.  Use -Wno-dev to suppress it.
[0m
[33mCMake Warning (dev) at /opt/ros/humble/share/ament_cmake_uncrustify/cmake/ament_cmake_uncrustify_lint_hook.cmake:15 (file):
  Cyclic recursion detected while globbing for '*.cpp':


  /home/brown/Projects/MiningRobot/autonomy/ros2_workspace/src/aurora_core/include


  /home/brown/Projects/MiningRobot/autonomy/ros2_workspace


  /home/brown/Projects/MiningRobot/autonomy/ros2_workspace/src/aurora_core/include/base
Call Stack (most recent call first):
  /opt/ros/humble/share/ament_cmake_core/cmake/core/ament_execute_extensions.cmake:48 (include)
  /opt/ros/humble/share/ament_lint_auto/cmake/ament_lint_auto_package_hook.cmake:21 (ament_execute_extensions)
  /opt/ros/humble/share/ament_cmake_core/cmake/core/ament_execute_extensions.cmake:48 (include)
  /opt/ros/humble/share/ament_cmake_core/cmake/core/ament_package.cmake:66 (ament_execute_extensions)
  CMakeLists.txt:38 (ament_package)
This warning is for project developers.  Use -Wno-dev to suppress it.
[0m
[33mCMake Warning (dev) at /opt/ros/humble/share/ament_cmake_uncrustify/cmake/ament_cmake_uncrustify_lint_hook.cmake:15 (file):
  Cyclic recursion detected while globbing for '*.cpp':


  /home/brown/Projects/MiningRobot/autonomy/ros2_workspace/src/aurora_core/include



  /home/brown/Projects/MiningRobot/autonomy/ros2_workspace/src/aurora_core/include/base
Call Stack (most recent call first):
  /opt/ros/humble/share/ament_cmake_core/cmake/core/ament_execute_extensions.cmake:48 (include)
  /opt/ros/humble/share/ament_lint_auto/cmake/ament_lint_auto_package_hook.cmake:21 (ament_execute_extensions)
  /opt/ros/humble/share/ament_cmake_core/cmake/core/ament_execute_extensions.cmake:48 (include)
  /opt/ros/humble/share/ament_cmake_core/cmake/core/ament_package.cmake:66 (ament_execute_extensions)
  CMakeLists.txt:38 (ament_package)
This warning is for project developers.  Use -Wno-dev to suppress it.
[0m
[33mCMake Warning (dev) at /opt/ros/humble/share/ament_cmake_uncrustify/cmake/ament_cmake_uncrustify_lint_hook.cmake:15 (file):
  Cyclic recursion detected while globbing for '*.cxx':


  /home/brown/Projects/MiningRobot/autonomy/ros2_workspace/src/aurora_core/include


  /home/brown/Projects/MiningRobot/autonomy/ros2_workspace


  /home/brown/Projects/MiningRobot/autonomy/ros2_workspace/src/aurora_core/include/base
Call Stack (most recent call first):
  /opt/ros/humble/share/ament_cmake_core/cmake/core/ament_execute_extensions.cmake:48 (include)
  /opt/ros/humble/share/ament_lint_auto/cmake/ament_lint_auto_package_hook.cmake:21 (ament_execute_extensions)
  /opt/ros/humble/share/ament_cmake_core/cmake/core/ament_execute_extensions.cmake:48 (include)
  /opt/ros/humble/share/ament_cmake_core/cmake/core/ament_package.cmake:66 (ament_execute_extensions)
  CMakeLists.txt:38 (ament_package)
This warning is for project developers.  Use -Wno-dev to suppress it.
[0m
[33mCMake Warning (dev) at /opt/ros/humble/share/ament_cmake_uncrustify/cmake/ament_cmake_uncrustify_lint_hook.cmake:15 (file):
  Cyclic recursion detected while globbing for '*.cxx':


  /home/brown/Projects/MiningRobot/autonomy/ros2_workspace/src/aurora_core/include



  /home/brown/Projects/MiningRobot/autonomy/ros2_workspace/src/aurora_core/include/base
Call Stack (most recent call first):
  /opt/ros/humble/share/ament_cmake_core/cmake/core/ament_execute_extensions.cmake:48 (include)
  /opt/ros/humble/share/ament_lint_auto/cmake/ament_lint_auto_package_hook.cmake:21 (ament_execute_extensions)
  /opt/ros/humble/share/ament_cmake_core/cmake/core/ament_execute_extensions.cmake:48 (include)
  /opt/ros/humble/share/ament_cmake_core/cmake/core/ament_package.cmake:66 (ament_execute_extensions)
  CMakeLists.txt:38 (ament_package)
This warning is for project developers.  Use -Wno-dev to suppress it.
[0m
[33mCMake Warning (dev) at /opt/ros/humble/share/ament_cmake_uncrustify/cmake/ament_cmake_uncrustify_lint_hook.cmake:15 (file):
  Cyclic recursion detected while globbing for '*.h':


  /home/brown/Projects/MiningRobot/autonomy/ros2_workspace/src/aurora_core/include


  /home/brown/Projects/MiningRobot/autonomy/ros2_workspace


  /home/brown/Projects/MiningRobot/autonomy/ros2_workspace/src/aurora_core/include/base
Call Stack (most recent call first):
  /opt/ros/humble/share/ament_cmake_core/cmake/core/ament_execute_extensions.cmake:48 (include)
  /opt/ros/humble/share/ament_lint_auto/cmake/ament_lint_auto_package_hook.cmake:21 (ament_execute_extensions)
  /opt/ros/humble/share/ament_cmake_core/cmake/core/ament_execute_extensions.cmake:48 (include)
  /opt/ros/humble/share/ament_cmake_core/cmake/core/ament_package.cmake:66 (ament_execute_extensions)
  CMakeLists.txt:38 (ament_package)
This warning is for project developers.  Use -Wno-dev to suppress it.
[0m
[33mCMake Warning (dev) at /opt/ros/humble/share/ament_cmake_uncrustify/cmake/ament_cmake_uncrustify_lint_hook.cmake:15 (file):
  Cyclic recursion detected while globbing for '*.h':


  /home/brown/Projects/MiningRobot/autonomy/ros2_workspace/src/aurora_core/include



  /home/brown/Projects/MiningRobot/autonomy/ros2_workspace/src/aurora_core/include/base
Call Stack (most recent call first):
  /opt/ros/humble/share/ament_cmake_core/cmake/core/ament_execute_extensions.cmake:48 (include)
  /opt/ros/humble/share/ament_lint_auto/cmake/ament_lint_auto_package_hook.cmake:21 (ament_execute_extensions)
  /opt/ros/humble/share/ament_cmake_core/cmake/core/ament_execute_extensions.cmake:48 (include)
  /opt/ros/humble/share/ament_cmake_core/cmake/core/ament_package.cmake:66 (ament_execute_extensions)
  CMakeLists.txt:38 (ament_package)
This warning is for project developers.  Use -Wno-dev to suppress it.
[0m
[33mCMake Warning (dev) at /opt/ros/humble/share/ament_cmake_uncrustify/cmake/ament_cmake_uncrustify_lint_hook.cmake:15 (file):
  Cyclic recursion detected while globbing for '*.hh':


  /home/brown/Projects/MiningRobot/autonomy/ros2_workspace/src/aurora_core/include


  /home/brown/Projects/MiningRobot/autonomy/ros2_workspace


  /home/brown/Projects/MiningRobot/autonomy/ros2_workspace/src/aurora_core/include/base
Call Stack (most recent call first):
  /opt/ros/humble/share/ament_cmake_core/cmake/core/ament_execute_extensions.cmake:48 (include)
  /opt/ros/humble/share/ament_lint_auto/cmake/ament_lint_auto_package_hook.cmake:21 (ament_execute_extensions)
  /opt/ros/humble/share/ament_cmake_core/cmake/core/ament_execute_extensions.cmake:48 (include)
  /opt/ros/humble/share/ament_cmake_core/cmake/core/ament_package.cmake:66 (ament_execute_extensions)
  CMakeLists.txt:38 (ament_package)
This warning is for project developers.  Use -Wno-dev to suppress it.
[0m
[33mCMake Warning (dev) at /opt/ros/humble/share/ament_cmake_uncrustify/cmake/ament_cmake_uncrustify_lint_hook.cmake:15 (file):
  Cyclic recursion detected while globbing for '*.hh':


  /home/brown/Projects/MiningRobot/autonomy/ros2_workspace/src/aurora_core/include



  /home/brown/Projects/MiningRobot/autonomy/ros2_workspace/src/aurora_core/include/base
Call Stack (most recent call first):
  /opt/ros/humble/share/ament_cmake_core/cmake/core/ament_execute_extensions.cmake:48 (include)
  /opt/ros/humble/share/ament_lint_auto/cmake/ament_lint_auto_package_hook.cmake:21 (ament_execute_extensions)
  /opt/ros/humble/share/ament_cmake_core/cmake/core/ament_execute_extensions.cmake:48 (include)
  /opt/ros/humble/share/ament_cmake_core/cmake/core/ament_package.cmake:66 (ament_execute_extensions)
  CMakeLists.txt:38 (ament_package)
This warning is for project developers.  Use -Wno-dev to suppress it.
[0m
[33mCMake Warning (dev) at /opt/ros/humble/share/ament_cmake_uncrustify/cmake/ament_cmake_uncrustify_lint_hook.cmake:15 (file):
  Cyclic recursion detected while globbing for '*.hpp':


  /home/brown/Projects/MiningRobot/autonomy/ros2_workspace/src/aurora_core/include


  /home/brown/Projects/MiningRobot/autonomy/ros2_workspace


  /home/brown/Projects/MiningRobot/autonomy/ros2_workspace/src/aurora_core/include/base
Call Stack (most recent call first):
  /opt/ros/humble/share/ament_cmake_core/cmake/core/ament_execute_extensions.cmake:48 (include)
  /opt/ros/humble/share/ament_lint_auto/cmake/ament_lint_auto_package_hook.cmake:21 (ament_execute_extensions)
  /opt/ros/humble/share/ament_cmake_core/cmake/core/ament_execute_extensions.cmake:48 (include)
  /opt/ros/humble/share/ament_cmake_core/cmake/core/ament_package.cmake:66 (ament_execute_extensions)
  CMakeLists.txt:38 (ament_package)
This warning is for project developers.  Use -Wno-dev to suppress it.
[0m
[33mCMake Warning (dev) at /opt/ros/humble/share/ament_cmake_uncrustify/cmake/ament_cmake_uncrustify_lint_hook.cmake:15 (file):
  Cyclic recursion detected while globbing for '*.hpp':


  /home/brown/Projects/MiningRobot/autonomy/ros2_workspace/src/aurora_core/include



  /home/brown/Projects/MiningRobot/autonomy/ros2_workspace/src/aurora_core/include/base
Call Stack (most recent call first):
  /opt/ros/humble/share/ament_cmake_core/cmake/core/ament_execute_extensions.cmake:48 (include)
  /opt/ros/humble/share/ament_lint_auto/cmake/ament_lint_auto_package_hook.cmake:21 (ament_execute_extensions)
  /opt/ros/humble/share/ament_cmake_core/cmake/core/ament_execute_extensions.cmake:48 (include)
  /opt/ros/humble/share/ament_cmake_core/cmake/core/ament_package.cmake:66 (ament_execute_extensions)
  CMakeLists.txt:38 (ament_package)
This warning is for project developers.  Use -Wno-dev to suppress it.
[0m
[33mCMake Warning (dev) at /opt/ros/humble/share/ament_cmake_uncrustify/cmake/ament_cmake_uncrustify_lint_hook.cmake:15 (file):
  Cyclic recursion detected while globbing for '*.hxx':


  /home/brown/Projects/MiningRobot/autonomy/ros2_workspace/src/aurora_core/include


  /home/brown/Projects/MiningRobot/autonomy/ros2_workspace


  /home/brown/Projects/MiningRobot/autonomy/ros2_workspace/src/aurora_core/include/base
Call Stack (most recent call first):
  /opt/ros/humble/share/ament_cmake_core/cmake/core/ament_execute_extensions.cmake:48 (include)
  /opt/ros/humble/share/ament_lint_auto/cmake/ament_lint_auto_package_hook.cmake:21 (ament_execute_extensions)
  /opt/ros/humble/share/ament_cmake_core/cmake/core/ament_execute_extensions.cmake:48 (include)
  /opt/ros/humble/share/ament_cmake_core/cmake/core/ament_package.cmake:66 (ament_execute_extensions)
  CMakeLists.txt:38 (ament_package)
This warning is for project developers.  Use -Wno-dev to suppress it.
[0m
[33mCMake Warning (dev) at /opt/ros/humble/share/ament_cmake_uncrustify/cmake/ament_cmake_uncrustify_lint_hook.cmake:15 (file):
  Cyclic recursion detected while globbing for '*.hxx':


  /home/brown/Projects/MiningRobot/autonomy/ros2_workspace/src/aurora_core/include



  /home/brown/Projects/MiningRobot/autonomy/ros2_workspace/src/aurora_core/include/base
Call Stack (most recent call first):
  /opt/ros/humble/share/ament_cmake_core/cmake/core/ament_execute_extensions.cmake:48 (include)
  /opt/ros/humble/share/ament_lint_auto/cmake/ament_lint_auto_package_hook.cmake:21 (ament_execute_extensions)
  /opt/ros/humble/share/ament_cmake_core/cmake/core/ament_execute_extensions.cmake:48 (include)
  /opt/ros/humble/share/ament_cmake_core/cmake/core/ament_package.cmake:66 (ament_execute_extensions)
  CMakeLists.txt:38 (ament_package)
This warning is for project developers.  Use -Wno-dev to suppress it.
[0m
[33mCMake Warning (dev) at /opt/ros/humble/share/ament_cmake_xmllint/cmake/ament_cmake_xmllint_lint_hook.cmake:15 (file):
  Cyclic recursion detected while globbing for '*.xml':


  /home/brown/Projects/MiningRobot/autonomy/ros2_workspace/src/aurora_core/include


  /home/brown/Projects/MiningRobot/autonomy/ros2_workspace


  /home/brown/Projects/MiningRobot/autonomy/ros2_workspace/src/aurora_core/include/base
Call Stack (most recent call first):
  /opt/ros/humble/share/ament_cmake_core/cmake/core/ament_execute_extensions.cmake:48 (include)
  /opt/ros/humble/share/ament_lint_auto/cmake/ament_lint_auto_package_hook.cmake:21 (ament_execute_extensions)
  /opt/ros/humble/share/ament_cmake_core/cmake/core/ament_execute_extensions.cmake:48 (include)
  /opt/ros/humble/share/ament_cmake_core/cmake/core/ament_package.cmake:66 (ament_execute_extensions)
  CMakeLists.txt:38 (ament_package)
This warning is for project developers.  Use -Wno-dev to suppress it.
[0m
[33mCMake Warning (dev) at /opt/ros/humble/share/ament_cmake_xmllint/cmake/ament_cmake_xmllint_lint_hook.cmake:15 (file):
  Cyclic recursion detected while globbing for '*.xml':


  /home/brown/Projects/MiningRobot/autonomy/ros2_workspace/src/aurora_core/include



  /home/brown/Projects/MiningRobot/autonomy/ros2_workspace/src/aurora_core/include/base
Call Stack (most recent call first):
  /opt/ros/humble/share/ament_cmake_core/cmake/core/ament_execute_extensions.cmake:48 (include)
  /opt/ros/humble/share/ament_lint_auto/cmake/ament_lint_auto_package_hook.cmake:21 (ament_execute_extensions)
  /opt/ros/humble/share/ament_cmake_core/cmake/core/ament_execute_extensions.cmake:48 (include)
  /opt/ros/humble/share/ament_cmake_core/cmake/core/ament_package.cmake:66 (ament_execute_extensions)
  CMakeLists.txt:38 (ament_package)
This warning is for project developers.  Use -Wno-dev to suppress it.
[0m
In file included from [01m[K/home/brown/Projects/MiningRobot/autonomy/ros2_workspace/aurora_core_sl/include/base/include/aurora/../osl/vec2.h:9[m[K,
                 from [01m[K/home/brown/Projects/MiningRobot/autonomy/ros2_workspace/aurora_core_sl/include/base/include/aurora/coords.h:30[m[K,
                 from [01m[K/home/brown/Projects/MiningRobot/autonomy/ros2_workspace/aurora_core_sl/include/base/include/aurora/robot_base.h:10[m[K,
                 from [01m[K/home/brown/Projects/MiningRobot/autonomy/ros2_workspace/aurora_core_sl/src/aurora_node_core.cpp:10[m[K:
[01m[K/home/brown/Projects/MiningRobot/autonomy/ros2_workspace/aurora_core_sl/include/base/include/aurora/../osl/vector2d.h:[m[K In copy constructor ‘[01m[Kosl::Vector2d::[01;32m[KVector2d[m[K(const osl::Vector2d&)[m[K’:
[01m[K/home/brown/Projects/MiningRobot/autonomy/ros2_workspace/aurora_core_sl/include/base/include/aurora/../osl/vector2d.h:157:9:[m[K [01;35m[Kwarning: [m[Kbase class ‘[01m[Kclass osl::Vector2dT<double, osl::Vector2d>[m[K’ should be explicitly initialized in the copy constructor [[01;35m[K]8;;https://gcc.gnu.org/onlinedocs/gcc/Warning-Options.html#index-Wextra-Wextra]8;;[m[K]
  157 |         [01;35m[KVector2d[m[K(const Vector2d &copy) {x=copy.x;y=copy.y;}
      |         [01;35m[K^~~~~~~~[m[K
[01m[K/home/brown/Projects/MiningRobot/autonomy/ros2_workspace/aurora_core_sl/include/base/include/aurora/../osl/vector2d.h:[m[K In member function ‘[01m[Kbool osl::LineSeg::[01;32m[Kintersects[m[K(const osl::LineSeg&, bool, osl::Vector2d*) const[m[K’:
[01m[K/home/brown/Projects/MiningRobot/autonomy/ros2_workspace/aurora_core_sl/include/base/include/aurora/../osl/vector2d.h:244:34:[m[K [01;35m[Kwarning: [m[Kimplicitly-declared ‘[01m[Kosl::Vector2d& osl::Vector2d::[01;32m[Koperator=[m[K(const osl::Vector2d&)[m[K’ is deprecated [[01;35m[K]8;;https://gcc.gnu.org/onlinedocs/gcc/Warning-Options.html#index-Wdeprecated-copy-Wdeprecated-copy]8;;[m[K]
  244 |                         *ret=at(t[01;35m[K)[m[K;
      |                                  [01;35m[K^[m[K
[01m[K/home/brown/Projects/MiningRobot/autonomy/ros2_workspace/aurora_core_sl/include/base/include/aurora/../osl/vector2d.h:157:9:[m[K [01;36m[Knote: [m[Kbecause ‘[01m[Kosl::Vector2d[m[K’ has user-provided ‘[01m[Kosl::Vector2d::[01;32m[KVector2d[m[K(const osl::Vector2d&)[m[K’
  157 |         [01;36m[KVector2d[m[K(const Vector2d &copy) {x=copy.x;y=copy.y;}
      |         [01;36m[K^~~~~~~~[m[K
[01m[K/home/brown/Projects/MiningRobot/autonomy/ros2_workspace/aurora_core_sl/include/base/include/aurora/../osl/vector2d.h:247:34:[m[K [01;35m[Kwarning: [m[Kimplicitly-declared ‘[01m[Kosl::Vector2d& osl::Vector2d::[01;32m[Koperator=[m[K(const osl::Vector2d&)[m[K’ is deprecated [[01;35m[K]8;;https://gcc.gnu.org/onlinedocs/gcc/Warning-Options.html#index-Wdeprecated-copy-Wdeprecated-copy]8;;[m[K]
  247 |                         *ret=at(t[01;35m[K)[m[K;
      |                                  [01;35m[K^[m[K
[01m[K/home/brown/Projects/MiningRobot/autonomy/ros2_workspace/aurora_core_sl/include/base/include/aurora/../osl/vector2d.h:157:9:[m[K [01;36m[Knote: [m[Kbecause ‘[01m[Kosl::Vector2d[m[K’ has user-provided ‘[01m[Kosl::Vector2d::[01;32m[KVector2d[m[K(const osl::Vector2d&)[m[K’
  157 |         [01;36m[KVector2d[m[K(const Vector2d &copy) {x=copy.x;y=copy.y;}
      |         [01;36m[K^~~~~~~~[m[K
[01m[K/home/brown/Projects/MiningRobot/autonomy/ros2_workspace/aurora_core_sl/include/base/include/aurora/../osl/vector2d.h:[m[K In member function ‘[01m[Kvoid osl::Halfspace2d::[01;32m[KinitCheck[m[K(cv&, cv&, cv&)[m[K’:
[01m[K/home/brown/Projects/MiningRobot/autonomy/ros2_workspace/aurora_core_sl/include/base/include/aurora/../osl/vector2d.h:279:43:[m[K [01;35m[Kwarning: [m[Kimplicitly-declared ‘[01m[Kosl::Vector2d& osl::Vector2d::[01;32m[Koperator=[m[K(const osl::Vector2d&)[m[K’ is deprecated [[01;35m[K]8;;https://gcc.gnu.org/onlinedocs/gcc/Warning-Options.html#index-Wdeprecated-copy-Wdeprecated-copy]8;;[m[K]
  279 |         { init(p1,p2);if (side(in)<0) {n=-[01;35m[Kn[m[K;d=-d;} }
      |                                           [01;35m[K^[m[K
[01m[K/home/brown/Projects/MiningRobot/autonomy/ros2_workspace/aurora_core_sl/include/base/include/aurora/../osl/vector2d.h:157:9:[m[K [01;36m[Knote: [m[Kbecause ‘[01m[Kosl::Vector2d[m[K’ has user-provided ‘[01m[Kosl::Vector2d::[01;32m[KVector2d[m[K(const osl::Vector2d&)[m[K’
  157 |         [01;36m[KVector2d[m[K(const Vector2d &copy) {x=copy.x;y=copy.y;}
      |         [01;36m[K^~~~~~~~[m[K
In file included from [01m[K/home/brown/Projects/MiningRobot/autonomy/ros2_workspace/aurora_core_sl/include/base/include/aurora/../nanoslot/nanoslot_IMU.h:10[m[K,
                 from [01m[K/home/brown/Projects/MiningRobot/autonomy/ros2_workspace/aurora_core_sl/include/base/include/aurora/../nanoslot/nanoslot_exchange.h:21[m[K,
                 from [01m[K/home/brown/Projects/MiningRobot/autonomy/ros2_workspace/aurora_core_sl/include/base/include/aurora/lunatic.h:43[m[K,
                 from [01m[K/home/brown/Projects/MiningRobot/autonomy/ros2_workspace/aurora_core_sl/src/aurora_node_core.cpp:12[m[K:
[01m[K/home/brown/Projects/MiningRobot/autonomy/ros2_workspace/aurora_core_sl/include/base/include/aurora/../nanoslot/FusionMath.h:[m[K In function ‘[01m[KFusionVector[01;32m[K FusionVectorAdd[m[K(FusionVector, FusionVector)[m[K’:
[01m[K/home/brown/Projects/MiningRobot/autonomy/ros2_workspace/aurora_core_sl/include/base/include/aurora/../nanoslot/FusionMath.h:207:34:[m[K [01;35m[Kwarning: [m[KC++ designated initializers only available with ‘[01m[K-std=c++20[m[K’ or ‘[01m[K-std=gnu++20[m[K’ [[01;35m[K]8;;https://gcc.gnu.org/onlinedocs/gcc/Warning-Options.html#index-Wc++20-extensions-Wc++20-extensions]8;;[m[K]
  207 |     const FusionVector result = {[01;35m[K.[m[Kaxis = {
      |                                  [01;35m[K^[m[K
[01m[K/home/brown/Projects/MiningRobot/autonomy/ros2_workspace/aurora_core_sl/include/base/include/aurora/../nanoslot/FusionMath.h:208:13:[m[K [01;35m[Kwarning: [m[KC++ designated initializers only available with ‘[01m[K-std=c++20[m[K’ or ‘[01m[K-std=gnu++20[m[K’ [[01;35m[K]8;;https://gcc.gnu.org/onlinedocs/gcc/Warning-Options.html#index-Wc++20-extensions-Wc++20-extensions]8;;[m[K]
  208 |             [01;35m[K.[m[Kx = vectorA.axis.x + vectorB.axis.x,
      |             [01;35m[K^[m[K
[01m[K/home/brown/Projects/MiningRobot/autonomy/ros2_workspace/aurora_core_sl/include/base/include/aurora/../nanoslot/FusionMath.h:209:13:[m[K [01;35m[Kwarning: [m[KC++ designated initializers only available with ‘[01m[K-std=c++20[m[K’ or ‘[01m[K-std=gnu++20[m[K’ [[01;35m[K]8;;https://gcc.gnu.org/onlinedocs/gcc/Warning-Options.html#index-Wc++20-extensions-Wc++20-extensions]8;;[m[K]
  209 |             [01;35m[K.[m[Ky = vectorA.axis.y + vectorB.axis.y,
      |             [01;35m[K^[m[K
[01m[K/home/brown/Projects/MiningRobot/autonomy/ros2_workspace/aurora_core_sl/include/base/include/aurora/../nanoslot/FusionMath.h:210:13:[m[K [01;35m[Kwarning: [m[KC++ designated initializers only available with ‘[01m[K-std=c++20[m[K’ or ‘[01m[K-std=gnu++20[m[K’ [[01;35m[K]8;;https://gcc.gnu.org/onlinedocs/gcc/Warning-Options.html#index-Wc++20-extensions-Wc++20-extensions]8;;[m[K]
  210 |             [01;35m[K.[m[Kz = vectorA.axis.z + vectorB.axis.z,
      |             [01;35m[K^[m[K
[01m[K/home/brown/Projects/MiningRobot/autonomy/ros2_workspace/aurora_core_sl/include/base/include/aurora/../nanoslot/FusionMath.h:[m[K In function ‘[01m[KFusionVector[01;32m[K FusionVectorSubtract[m[K(FusionVector, FusionVector)[m[K’:
[01m[K/home/brown/Projects/MiningRobot/autonomy/ros2_workspace/aurora_core_sl/include/base/include/aurora/../nanoslot/FusionMath.h:222:34:[m[K [01;35m[Kwarning: [m[KC++ designated initializers only available with ‘[01m[K-std=c++20[m[K’ or ‘[01m[K-std=gnu++20[m[K’ [[01;35m[K]8;;https://gcc.gnu.org/onlinedocs/gcc/Warning-Options.html#index-Wc++20-extensions-Wc++20-extensions]8;;[m[K]
  222 |     const FusionVector result = {[01;35m[K.[m[Kaxis = {
      |                                  [01;35m[K^[m[K
[01m[K/home/brown/Projects/MiningRobot/autonomy/ros2_workspace/aurora_core_sl/include/base/include/aurora/../nanoslot/FusionMath.h:223:13:[m[K [01;35m[Kwarning: [m[KC++ designated initializers only available with ‘[01m[K-std=c++20[m[K’ or ‘[01m[K-std=gnu++20[m[K’ [[01;35m[K]8;;https://gcc.gnu.org/onlinedocs/gcc/Warning-Options.html#index-Wc++20-extensions-Wc++20-extensions]8;;[m[K]
  223 |             [01;35m[K.[m[Kx = vectorA.axis.x - vectorB.axis.x,
      |             [01;35m[K^[m[K
[01m[K/home/brown/Projects/MiningRobot/autonomy/ros2_workspace/aurora_core_sl/include/base/include/aurora/../nanoslot/FusionMath.h:224:13:[m[K [01;35m[Kwarning: [m[KC++ designated initializers only available with ‘[01m[K-std=c++20[m[K’ or ‘[01m[K-std=gnu++20[m[K’ [[01;35m[K]8;;https://gcc.gnu.org/onlinedocs/gcc/Warning-Options.html#index-Wc++20-extensions-Wc++20-extensions]8;;[m[K]
  224 |             [01;35m[K.[m[Ky = vectorA.axis.y - vectorB.axis.y,
      |             [01;35m[K^[m[K
[01m[K/home/brown/Projects/MiningRobot/autonomy/ros2_workspace/aurora_core_sl/include/base/include/aurora/../nanoslot/FusionMath.h:225:13:[m[K [01;35m[Kwarning: [m[KC++ designated initializers only available with ‘[01m[K-std=c++20[m[K’ or ‘[01m[K-std=gnu++20[m[K’ [[01;35m[K]8;;https://gcc.gnu.org/onlinedocs/gcc/Warning-Options.html#index-Wc++20-extensions-Wc++20-extensions]8;;[m[K]
  225 |             [01;35m[K.[m[Kz = vectorA.axis.z - vectorB.axis.z,
      |             [01;35m[K^[m[K
[01m[K/home/brown/Projects/MiningRobot/autonomy/ros2_workspace/aurora_core_sl/include/base/include/aurora/../nanoslot/FusionMath.h:[m[K In function ‘[01m[KFusionVector[01;32m[K FusionVectorMultiplyScalar[m[K(FusionVector, float)[m[K’:
[01m[K/home/brown/Projects/MiningRobot/autonomy/ros2_workspace/aurora_core_sl/include/base/include/aurora/../nanoslot/FusionMath.h:246:34:[m[K [01;35m[Kwarning: [m[KC++ designated initializers only available with ‘[01m[K-std=c++20[m[K’ or ‘[01m[K-std=gnu++20[m[K’ [[01;35m[K]8;;https://gcc.gnu.org/onlinedocs/gcc/Warning-Options.html#index-Wc++20-extensions-Wc++20-extensions]8;;[m[K]
  246 |     const FusionVector result = {[01;35m[K.[m[Kaxis = {
      |                                  [01;35m[K^[m[K
[01m[K/home/brown/Projects/MiningRobot/autonomy/ros2_workspace/aurora_core_sl/include/base/include/aurora/../nanoslot/FusionMath.h:247:13:[m[K [01;35m[Kwarning: [m[KC++ designated initializers only available with ‘[01m[K-std=c++20[m[K’ or ‘[01m[K-std=gnu++20[m[K’ [[01;35m[K]8;;https://gcc.gnu.org/onlinedocs/gcc/Warning-Options.html#index-Wc++20-extensions-Wc++20-extensions]8;;[m[K]
  247 |             [01;35m[K.[m[Kx = vector.axis.x * scalar,
      |             [01;35m[K^[m[K
[01m[K/home/brown/Projects/MiningRobot/autonomy/ros2_workspace/aurora_core_sl/include/base/include/aurora/../nanoslot/FusionMath.h:248:13:[m[K [01;35m[Kwarning: [m[KC++ designated initializers only available with ‘[01m[K-std=c++20[m[K’ or ‘[01m[K-std=gnu++20[m[K’ [[01;35m[K]8;;https://gcc.gnu.org/onlinedocs/gcc/Warning-Options.html#index-Wc++20-extensions-Wc++20-extensions]8;;[m[K]
  248 |             [01;35m[K.[m[Ky = vector.axis.y * scalar,
      |             [01;35m[K^[m[K
[01m[K/home/brown/Projects/MiningRobot/autonomy/ros2_workspace/aurora_core_sl/include/base/include/aurora/../nanoslot/FusionMath.h:249:13:[m[K [01;35m[Kwarning: [m[KC++ designated initializers only available with ‘[01m[K-std=c++20[m[K’ or ‘[01m[K-std=gnu++20[m[K’ [[01;35m[K]8;;https://gcc.gnu.org/onlinedocs/gcc/Warning-Options.html#index-Wc++20-extensions-Wc++20-extensions]8;;[m[K]
  249 |             [01;35m[K.[m[Kz = vector.axis.z * scalar,
      |             [01;35m[K^[m[K
[01m[K/home/brown/Projects/MiningRobot/autonomy/ros2_workspace/aurora_core_sl/include/base/include/aurora/../nanoslot/FusionMath.h:[m[K In function ‘[01m[KFusionVector[01;32m[K FusionVectorHadamardProduct[m[K(FusionVector, FusionVector)[m[K’:
[01m[K/home/brown/Projects/MiningRobot/autonomy/ros2_workspace/aurora_core_sl/include/base/include/aurora/../nanoslot/FusionMath.h:261:34:[m[K [01;35m[Kwarning: [m[KC++ designated initializers only available with ‘[01m[K-std=c++20[m[K’ or ‘[01m[K-std=gnu++20[m[K’ [[01;35m[K]8;;https://gcc.gnu.org/onlinedocs/gcc/Warning-Options.html#index-Wc++20-extensions-Wc++20-extensions]8;;[m[K]
  261 |     const FusionVector result = {[01;35m[K.[m[Kaxis = {
      |                                  [01;35m[K^[m[K
[01m[K/home/brown/Projects/MiningRobot/autonomy/ros2_workspace/aurora_core_sl/include/base/include/aurora/../nanoslot/FusionMath.h:262:13:[m[K [01;35m[Kwarning: [m[KC++ designated initializers only available with ‘[01m[K-std=c++20[m[K’ or ‘[01m[K-std=gnu++20[m[K’ [[01;35m[K]8;;https://gcc.gnu.org/onlinedocs/gcc/Warning-Options.html#index-Wc++20-extensions-Wc++20-extensions]8;;[m[K]
  262 |             [01;35m[K.[m[Kx = vectorA.axis.x * vectorB.axis.x,
      |             [01;35m[K^[m[K
[01m[K/home/brown/Projects/MiningRobot/autonomy/ros2_workspace/aurora_core_sl/include/base/include/aurora/../nanoslot/FusionMath.h:263:13:[m[K [01;35m[Kwarning: [m[KC++ designated initializers only available with ‘[01m[K-std=c++20[m[K’ or ‘[01m[K-std=gnu++20[m[K’ [[01;35m[K]8;;https://gcc.gnu.org/onlinedocs/gcc/Warning-Options.html#index-Wc++20-extensions-Wc++20-extensions]8;;[m[K]
  263 |             [01;35m[K.[m[Ky = vectorA.axis.y * vectorB.axis.y,
      |             [01;35m[K^[m[K
[01m[K/home/brown/Projects/MiningRobot/autonomy/ros2_workspace/aurora_core_sl/include/base/include/aurora/../nanoslot/FusionMath.h:264:13:[m[K [01;35m[Kwarning: [m[KC++ designated initializers only available with ‘[01m[K-std=c++20[m[K’ or ‘[01m[K-std=gnu++20[m[K’ [[01;35m[K]8;;https://gcc.gnu.org/onlinedocs/gcc/Warning-Options.html#index-Wc++20-extensions-Wc++20-extensions]8;;[m[K]
  264 |             [01;35m[K.[m[Kz = vectorA.axis.z * vectorB.axis.z,
      |             [01;35m[K^[m[K
[01m[K/home/brown/Projects/MiningRobot/autonomy/ros2_workspace/aurora_core_sl/include/base/include/aurora/../nanoslot/FusionMath.h:[m[K In function ‘[01m[KFusionVector[01;32m[K FusionVectorCrossProduct[m[K(FusionVector, FusionVector)[m[K’:
[01m[K/home/brown/Projects/MiningRobot/autonomy/ros2_workspace/aurora_core_sl/include/base/include/aurora/../nanoslot/FusionMath.h:290:34:[m[K [01;35m[Kwarning: [m[KC++ designated initializers only available with ‘[01m[K-std=c++20[m[K’ or ‘[01m[K-std=gnu++20[m[K’ [[01;35m[K]8;;https://gcc.gnu.org/onlinedocs/gcc/Warning-Options.html#index-Wc++20-extensions-Wc++20-extensions]8;;[m[K]
  290 |     const FusionVector result = {[01;35m[K.[m[Kaxis = {
      |                                  [01;35m[K^[m[K
[01m[K/home/brown/Projects/MiningRobot/autonomy/ros2_workspace/aurora_core_sl/include/base/include/aurora/../nanoslot/FusionMath.h:291:13:[m[K [01;35m[Kwarning: [m[KC++ designated initializers only available with ‘[01m[K-std=c++20[m[K’ or ‘[01m[K-std=gnu++20[m[K’ [[01;35m[K]8;;https://gcc.gnu.org/onlinedocs/gcc/Warning-Options.html#index-Wc++20-extensions-Wc++20-extensions]8;;[m[K]
  291 |             [01;35m[K.[m[Kx = A.y * B.z - A.z * B.y,
      |             [01;35m[K^[m[K
[01m[K/home/brown/Projects/MiningRobot/autonomy/ros2_workspace/aurora_core_sl/include/base/include/aurora/../nanoslot/FusionMath.h:292:13:[m[K [01;35m[Kwarning: [m[KC++ designated initializers only available with ‘[01m[K-std=c++20[m[K’ or ‘[01m[K-std=gnu++20[m[K’ [[01;35m[K]8;;https://gcc.gnu.org/onlinedocs/gcc/Warning-Options.html#index-Wc++20-extensions-Wc++20-extensions]8;;[m[K]
  292 |             [01;35m[K.[m[Ky = A.z * B.x - A.x * B.z,
      |             [01;35m[K^[m[K
[01m[K/home/brown/Projects/MiningRobot/autonomy/ros2_workspace/aurora_core_sl/include/base/include/aurora/../nanoslot/FusionMath.h:293:13:[m[K [01;35m[Kwarning: [m[KC++ designated initializers only available with ‘[01m[K-std=c++20[m[K’ or ‘[01m[K-std=gnu++20[m[K’ [[01;35m[K]8;;https://gcc.gnu.org/onlinedocs/gcc/Warning-Options.html#index-Wc++20-extensions-Wc++20-extensions]8;;[m[K]
  293 |             [01;35m[K.[m[Kz = A.x * B.y - A.y * B.x,
      |             [01;35m[K^[m[K
[01m[K/home/brown/Projects/MiningRobot/autonomy/ros2_workspace/aurora_core_sl/include/base/include/aurora/../nanoslot/FusionMath.h:[m[K In function ‘[01m[KFusionQuaternion[01;32m[K FusionQuaternionZradians[m[K(float)[m[K’:
[01m[K/home/brown/Projects/MiningRobot/autonomy/ros2_workspace/aurora_core_sl/include/base/include/aurora/../nanoslot/FusionMath.h:339:33:[m[K [01;35m[Kwarning: [m[KC++ designated initializers only available with ‘[01m[K-std=c++20[m[K’ or ‘[01m[K-std=gnu++20[m[K’ [[01;35m[K]8;;https://gcc.gnu.org/onlinedocs/gcc/Warning-Options.html#index-Wc++20-extensions-Wc++20-extensions]8;;[m[K]
  339 |     const FusionQuaternion Q = {[01;35m[K.[m[Kelement = {
      |                                 [01;35m[K^[m[K
[01m[K/home/brown/Projects/MiningRobot/autonomy/ros2_workspace/aurora_core_sl/include/base/include/aurora/../nanoslot/FusionMath.h:340:13:[m[K [01;35m[Kwarning: [m[KC++ designated initializers only available with ‘[01m[K-std=c++20[m[K’ or ‘[01m[K-std=gnu++20[m[K’ [[01;35m[K]8;;https://gcc.gnu.org/onlinedocs/gcc/Warning-Options.html#index-Wc++20-extensions-Wc++20-extensions]8;;[m[K]
  340 |             [01;35m[K.[m[Kw = cosf(a),
      |             [01;35m[K^[m[K
[01m[K/home/brown/Projects/MiningRobot/autonomy/ros2_workspace/aurora_core_sl/include/base/include/aurora/../nanoslot/FusionMath.h:341:13:[m[K [01;35m[Kwarning: [m[KC++ designated initializers only available with ‘[01m[K-std=c++20[m[K’ or ‘[01m[K-std=gnu++20[m[K’ [[01;35m[K]8;;https://gcc.gnu.org/onlinedocs/gcc/Warning-Options.html#index-Wc++20-extensions-Wc++20-extensions]8;;[m[K]
  341 |             [01;35m[K.[m[Kx = 0.0f,
      |             [01;35m[K^[m[K
[01m[K/home/brown/Projects/MiningRobot/autonomy/ros2_workspace/aurora_core_sl/include/base/include/aurora/../nanoslot/FusionMath.h:342:13:[m[K [01;35m[Kwarning: [m[KC++ designated initializers only available with ‘[01m[K-std=c++20[m[K’ or ‘[01m[K-std=gnu++20[m[K’ [[01;35m[K]8;;https://gcc.gnu.org/onlinedocs/gcc/Warning-Options.html#index-Wc++20-extensions-Wc++20-extensions]8;;[m[K]
  342 |             [01;35m[K.[m[Ky = 0.0f,
      |             [01;35m[K^[m[K
[01m[K/home/brown/Projects/MiningRobot/autonomy/ros2_workspace/aurora_core_sl/include/base/include/aurora/../nanoslot/FusionMath.h:343:13:[m[K [01;35m[Kwarning: [m[KC++ designated initializers only available with ‘[01m[K-std=c++20[m[K’ or ‘[01m[K-std=gnu++20[m[K’ [[01;35m[K]8;;https://gcc.gnu.org/onlinedocs/gcc/Warning-Options.html#index-Wc++20-extensions-Wc++20-extensions]8;;[m[K]
  343 |             [01;35m[K.[m[Kz = 1.0f * sinf(a),
      |             [01;35m[K^[m[K
[01m[K/home/brown/Projects/MiningRobot/autonomy/ros2_workspace/aurora_core_sl/include/base/include/aurora/../nanoslot/FusionMath.h:[m[K In function ‘[01m[KFusionQuaternion[01;32m[K FusionQuaternionAdd[m[K(FusionQuaternion, FusionQuaternion)[m[K’:
[01m[K/home/brown/Projects/MiningRobot/autonomy/ros2_workspace/aurora_core_sl/include/base/include/aurora/../nanoslot/FusionMath.h:363:38:[m[K [01;35m[Kwarning: [m[KC++ designated initializers only available with ‘[01m[K-std=c++20[m[K’ or ‘[01m[K-std=gnu++20[m[K’ [[01;35m[K]8;;https://gcc.gnu.org/onlinedocs/gcc/Warning-Options.html#index-Wc++20-extensions-Wc++20-extensions]8;;[m[K]
  363 |     const FusionQuaternion result = {[01;35m[K.[m[Kelement = {
      |                                      [01;35m[K^[m[K
[01m[K/home/brown/Projects/MiningRobot/autonomy/ros2_workspace/aurora_core_sl/include/base/include/aurora/../nanoslot/FusionMath.h:364:13:[m[K [01;35m[Kwarning: [m[KC++ designated initializers only available with ‘[01m[K-std=c++20[m[K’ or ‘[01m[K-std=gnu++20[m[K’ [[01;35m[K]8;;https://gcc.gnu.org/onlinedocs/gcc/Warning-Options.html#index-Wc++20-extensions-Wc++20-extensions]8;;[m[K]
  364 |             [01;35m[K.[m[Kw = quaternionA.element.w + quaternionB.element.w,
      |             [01;35m[K^[m[K
[01m[K/home/brown/Projects/MiningRobot/autonomy/ros2_workspace/aurora_core_sl/include/base/include/aurora/../nanoslot/FusionMath.h:365:13:[m[K [01;35m[Kwarning: [m[KC++ designated initializers only available with ‘[01m[K-std=c++20[m[K’ or ‘[01m[K-std=gnu++20[m[K’ [[01;35m[K]8;;https://gcc.gnu.org/onlinedocs/gcc/Warning-Options.html#index-Wc++20-extensions-Wc++20-extensions]8;;[m[K]
  365 |             [01;35m[K.[m[Kx = quaternionA.element.x + quaternionB.element.x,
      |             [01;35m[K^[m[K
[01m[K/home/brown/Projects/MiningRobot/autonomy/ros2_workspace/aurora_core_sl/include/base/include/aurora/../nanoslot/FusionMath.h:366:13:[m[K [01;35m[Kwarning: [m[KC++ designated initializers only available with ‘[01m[K-std=c++20[m[K’ or ‘[01m[K-std=gnu++20[m[K’ [[01;35m[K]8;;https://gcc.gnu.org/onlinedocs/gcc/Warning-Options.html#index-Wc++20-extensions-Wc++20-extensions]8;;[m[K]
  366 |             [01;35m[K.[m[Ky = quaternionA.element.y + quaternionB.element.y,
      |             [01;35m[K^[m[K
[01m[K/home/brown/Projects/MiningRobot/autonomy/ros2_workspace/aurora_core_sl/include/base/include/aurora/../nanoslot/FusionMath.h:367:13:[m[K [01;35m[Kwarning: [m[KC++ designated initializers only available with ‘[01m[K-std=c++20[m[K’ or ‘[01m[K-std=gnu++20[m[K’ [[01;35m[K]8;;https://gcc.gnu.org/onlinedocs/gcc/Warning-Options.html#index-Wc++20-extensions-Wc++20-extensions]8;;[m[K]
  367 |             [01;35m[K.[m[Kz = quaternionA.element.z + quaternionB.element.z,
      |             [01;35m[K^[m[K
[01m[K/home/brown/Projects/MiningRobot/autonomy/ros2_workspace/aurora_core_sl/include/base/include/aurora/../nanoslot/FusionMath.h:[m[K In function ‘[01m[KFusionQuaternion[01;32m[K FusionQuaternionMultiply[m[K(FusionQuaternion, FusionQuaternion)[m[K’:
[01m[K/home/brown/Projects/MiningRobot/autonomy/ros2_workspace/aurora_core_sl/include/base/include/aurora/../nanoslot/FusionMath.h:381:38:[m[K [01;35m[Kwarning: [m[KC++ designated initializers only available with ‘[01m[K-std=c++20[m[K’ or ‘[01m[K-std=gnu++20[m[K’ [[01;35m[K]8;;https://gcc.gnu.org/onlinedocs/gcc/Warning-Options.html#index-Wc++20-extensions-Wc++20-extensions]8;;[m[K]
  381 |     const FusionQuaternion result = {[01;35m[K.[m[Kelement = {
      |                                      [01;35m[K^[m[K
[01m[K/home/brown/Projects/MiningRobot/autonomy/ros2_workspace/aurora_core_sl/include/base/include/aurora/../nanoslot/FusionMath.h:382:13:[m[K [01;35m[Kwarning: [m[KC++ designated initializers only available with ‘[01m[K-std=c++20[m[K’ or ‘[01m[K-std=gnu++20[m[K’ [[01;35m[K]8;;https://gcc.gnu.org/onlinedocs/gcc/Warning-Options.html#index-Wc++20-extensions-Wc++20-extensions]8;;[m[K]
  382 |             [01;35m[K.[m[Kw = A.w * B.w - A.x * B.x - A.y * B.y - A.z * B.z,
      |             [01;35m[K^[m[K
[01m[K/home/brown/Projects/MiningRobot/autonomy/ros2_workspace/aurora_core_sl/include/base/include/aurora/../nanoslot/FusionMath.h:383:13:[m[K [01;35m[Kwarning: [m[KC++ designated initializers only available with ‘[01m[K-std=c++20[m[K’ or ‘[01m[K-std=gnu++20[m[K’ [[01;35m[K]8;;https://gcc.gnu.org/onlinedocs/gcc/Warning-Options.html#index-Wc++20-extensions-Wc++20-extensions]8;;[m[K]
  383 |             [01;35m[K.[m[Kx = A.w * B.x + A.x * B.w + A.y * B.z - A.z * B.y,
      |             [01;35m[K^[m[K
[01m[K/home/brown/Projects/MiningRobot/autonomy/ros2_workspace/aurora_core_sl/include/base/include/aurora/../nanoslot/FusionMath.h:384:13:[m[K [01;35m[Kwarning: [m[KC++ designated initializers only available with ‘[01m[K-std=c++20[m[K’ or ‘[01m[K-std=gnu++20[m[K’ [[01;35m[K]8;;https://gcc.gnu.org/onlinedocs/gcc/Warning-Options.html#index-Wc++20-extensions-Wc++20-extensions]8;;[m[K]
  384 |             [01;35m[K.[m[Ky = A.w * B.y - A.x * B.z + A.y * B.w + A.z * B.x,
      |             [01;35m[K^[m[K
[01m[K/home/brown/Projects/MiningRobot/autonomy/ros2_workspace/aurora_core_sl/include/base/include/aurora/../nanoslot/FusionMath.h:385:13:[m[K [01;35m[Kwarning: [m[KC++ designated initializers only available with ‘[01m[K-std=c++20[m[K’ or ‘[01m[K-std=gnu++20[m[K’ [[01;35m[K]8;;https://gcc.gnu.org/onlinedocs/gcc/Warning-Options.html#index-Wc++20-extensions-Wc++20-extensions]8;;[m[K]
  385 |             [01;35m[K.[m[Kz = A.w * B.z + A.x * B.y - A.y * B.x + A.z * B.w,
      |             [01;35m[K^[m[K
[01m[K/home/brown/Projects/MiningRobot/autonomy/ros2_workspace/aurora_core_sl/include/base/include/aurora/../nanoslot/FusionMath.h:[m[K In function ‘[01m[KFusionQuaternion[01;32m[K FusionQuaternionMultiplyVector[m[K(FusionQuaternion, FusionVector)[m[K’:
[01m[K/home/brown/Projects/MiningRobot/autonomy/ros2_workspace/aurora_core_sl/include/base/include/aurora/../nanoslot/FusionMath.h:404:38:[m[K [01;35m[Kwarning: [m[KC++ designated initializers only available with ‘[01m[K-std=c++20[m[K’ or ‘[01m[K-std=gnu++20[m[K’ [[01;35m[K]8;;https://gcc.gnu.org/onlinedocs/gcc/Warning-Options.html#index-Wc++20-extensions-Wc++20-extensions]8;;[m[K]
  404 |     const FusionQuaternion result = {[01;35m[K.[m[Kelement = {
      |                                      [01;35m[K^[m[K
[01m[K/home/brown/Projects/MiningRobot/autonomy/ros2_workspace/aurora_core_sl/include/base/include/aurora/../nanoslot/FusionMath.h:405:13:[m[K [01;35m[Kwarning: [m[KC++ designated initializers only available with ‘[01m[K-std=c++20[m[K’ or ‘[01m[K-std=gnu++20[m[K’ [[01;35m[K]8;;https://gcc.gnu.org/onlinedocs/gcc/Warning-Options.html#index-Wc++20-extensions-Wc++20-extensions]8;;[m[K]
  405 |             [01;35m[K.[m[Kw = -Q.x * V.x - Q.y * V.y - Q.z * V.z,
      |             [01;35m[K^[m[K
[01m[K/home/brown/Projects/MiningRobot/autonomy/ros2_workspace/aurora_core_sl/include/base/include/aurora/../nanoslot/FusionMath.h:406:13:[m[K [01;35m[Kwarning: [m[KC++ designated initializers only available with ‘[01m[K-std=c++20[m[K’ or ‘[01m[K-std=gnu++20[m[K’ [[01;35m[K]8;;https://gcc.gnu.org/onlinedocs/gcc/Warning-Options.html#index-Wc++20-extensions-Wc++20-extensions]8;;[m[K]
  406 |             [01;35m[K.[m[Kx = Q.w * V.x + Q.y * V.z - Q.z * V.y,
      |             [01;35m[K^[m[K
[01m[K/home/brown/Projects/MiningRobot/autonomy/ros2_workspace/aurora_core_sl/include/base/include/aurora/../nanoslot/FusionMath.h:407:13:[m[K [01;35m[Kwarning: [m[KC++ designated initializers only available with ‘[01m[K-std=c++20[m[K’ or ‘[01m[K-std=gnu++20[m[K’ [[01;35m[K]8;;https://gcc.gnu.org/onlinedocs/gcc/Warning-Options.html#index-Wc++20-extensions-Wc++20-extensions]8;;[m[K]
  407 |             [01;35m[K.[m[Ky = Q.w * V.y - Q.x * V.z + Q.z * V.x,
      |             [01;35m[K^[m[K
[01m[K/home/brown/Projects/MiningRobot/autonomy/ros2_workspace/aurora_core_sl/include/base/include/aurora/../nanoslot/FusionMath.h:408:13:[m[K [01;35m[Kwarning: [m[KC++ designated initializers only available with ‘[01m[K-std=c++20[m[K’ or ‘[01m[K-std=gnu++20[m[K’ [[01;35m[K]8;;https://gcc.gnu.org/onlinedocs/gcc/Warning-Options.html#index-Wc++20-extensions-Wc++20-extensions]8;;[m[K]
  408 |             [01;35m[K.[m[Kz = Q.w * V.z + Q.x * V.y - Q.y * V.x,
      |             [01;35m[K^[m[K
[01m[K/home/brown/Projects/MiningRobot/autonomy/ros2_workspace/aurora_core_sl/include/base/include/aurora/../nanoslot/FusionMath.h:[m[K In function ‘[01m[KFusionQuaternion[01;32m[K FusionQuaternionConjugate[m[K(FusionQuaternion)[m[K’:
[01m[K/home/brown/Projects/MiningRobot/autonomy/ros2_workspace/aurora_core_sl/include/base/include/aurora/../nanoslot/FusionMath.h:424:38:[m[K [01;35m[Kwarning: [m[KC++ designated initializers only available with ‘[01m[K-std=c++20[m[K’ or ‘[01m[K-std=gnu++20[m[K’ [[01;35m[K]8;;https://gcc.gnu.org/onlinedocs/gcc/Warning-Options.html#index-Wc++20-extensions-Wc++20-extensions]8;;[m[K]
  424 |     const FusionQuaternion result = {[01;35m[K.[m[Kelement = {
      |                                      [01;35m[K^[m[K
[01m[K/home/brown/Projects/MiningRobot/autonomy/ros2_workspace/aurora_core_sl/include/base/include/aurora/../nanoslot/FusionMath.h:425:13:[m[K [01;35m[Kwarning: [m[KC++ designated initializers only available with ‘[01m[K-std=c++20[m[K’ or ‘[01m[K-std=gnu++20[m[K’ [[01;35m[K]8;;https://gcc.gnu.org/onlinedocs/gcc/Warning-Options.html#index-Wc++20-extensions-Wc++20-extensions]8;;[m[K]
  425 |             [01;35m[K.[m[Kw = Q.w,
      |             [01;35m[K^[m[K
[01m[K/home/brown/Projects/MiningRobot/autonomy/ros2_workspace/aurora_core_sl/include/base/include/aurora/../nanoslot/FusionMath.h:426:13:[m[K [01;35m[Kwarning: [m[KC++ designated initializers only available with ‘[01m[K-std=c++20[m[K’ or ‘[01m[K-std=gnu++20[m[K’ [[01;35m[K]8;;https://gcc.gnu.org/onlinedocs/gcc/Warning-Options.html#index-Wc++20-extensions-Wc++20-extensions]8;;[m[K]
  426 |             [01;35m[K.[m[Kx = -Q.x,
      |             [01;35m[K^[m[K
[01m[K/home/brown/Projects/MiningRobot/autonomy/ros2_workspace/aurora_core_sl/include/base/include/aurora/../nanoslot/FusionMath.h:427:13:[m[K [01;35m[Kwarning: [m[KC++ designated initializers only available with ‘[01m[K-std=c++20[m[K’ or ‘[01m[K-std=gnu++20[m[K’ [[01;35m[K]8;;https://gcc.gnu.org/onlinedocs/gcc/Warning-Options.html#index-Wc++20-extensions-Wc++20-extensions]8;;[m[K]
  427 |             [01;35m[K.[m[Ky = -Q.y,
      |             [01;35m[K^[m[K
[01m[K/home/brown/Projects/MiningRobot/autonomy/ros2_workspace/aurora_core_sl/include/base/include/aurora/../nanoslot/FusionMath.h:428:13:[m[K [01;35m[Kwarning: [m[KC++ designated initializers only available with ‘[01m[K-std=c++20[m[K’ or ‘[01m[K-std=gnu++20[m[K’ [[01;35m[K]8;;https://gcc.gnu.org/onlinedocs/gcc/Warning-Options.html#index-Wc++20-extensions-Wc++20-extensions]8;;[m[K]
  428 |             [01;35m[K.[m[Kz = -Q.z,
      |             [01;35m[K^[m[K
[01m[K/home/brown/Projects/MiningRobot/autonomy/ros2_workspace/aurora_core_sl/include/base/include/aurora/../nanoslot/FusionMath.h:[m[K In function ‘[01m[KFusionQuaternion[01;32m[K FusionQuaternionNormalise[m[K(FusionQuaternion)[m[K’:
[01m[K/home/brown/Projects/MiningRobot/autonomy/ros2_workspace/aurora_core_sl/include/base/include/aurora/../nanoslot/FusionMath.h:448:38:[m[K [01;35m[Kwarning: [m[KC++ designated initializers only available with ‘[01m[K-std=c++20[m[K’ or ‘[01m[K-std=gnu++20[m[K’ [[01;35m[K]8;;https://gcc.gnu.org/onlinedocs/gcc/Warning-Options.html#index-Wc++20-extensions-Wc++20-extensions]8;;[m[K]
  448 |     const FusionQuaternion result = {[01;35m[K.[m[Kelement = {
      |                                      [01;35m[K^[m[K
[01m[K/home/brown/Projects/MiningRobot/autonomy/ros2_workspace/aurora_core_sl/include/base/include/aurora/../nanoslot/FusionMath.h:449:13:[m[K [01;35m[Kwarning: [m[KC++ designated initializers only available with ‘[01m[K-std=c++20[m[K’ or ‘[01m[K-std=gnu++20[m[K’ [[01;35m[K]8;;https://gcc.gnu.org/onlinedocs/gcc/Warning-Options.html#index-Wc++20-extensions-Wc++20-extensions]8;;[m[K]
  449 |             [01;35m[K.[m[Kw = Q.w * magnitudeReciprocal,
      |             [01;35m[K^[m[K
[01m[K/home/brown/Projects/MiningRobot/autonomy/ros2_workspace/aurora_core_sl/include/base/include/aurora/../nanoslot/FusionMath.h:450:13:[m[K [01;35m[Kwarning: [m[KC++ designated initializers only available with ‘[01m[K-std=c++20[m[K’ or ‘[01m[K-std=gnu++20[m[K’ [[01;35m[K]8;;https://gcc.gnu.org/onlinedocs/gcc/Warning-Options.html#index-Wc++20-extensions-Wc++20-extensions]8;;[m[K]
  450 |             [01;35m[K.[m[Kx = Q.x * magnitudeReciprocal,
      |             [01;35m[K^[m[K
[01m[K/home/brown/Projects/MiningRobot/autonomy/ros2_workspace/aurora_core_sl/include/base/include/aurora/../nanoslot/FusionMath.h:451:13:[m[K [01;35m[Kwarning: [m[KC++ designated initializers only available with ‘[01m[K-std=c++20[m[K’ or ‘[01m[K-std=gnu++20[m[K’ [[01;35m[K]8;;https://gcc.gnu.org/onlinedocs/gcc/Warning-Options.html#index-Wc++20-extensions-Wc++20-extensions]8;;[m[K]
  451 |             [01;35m[K.[m[Ky = Q.y * magnitudeReciprocal,
      |             [01;35m[K^[m[K
[01m[K/home/brown/Projects/MiningRobot/autonomy/ros2_workspace/aurora_core_sl/include/base/include/aurora/../nanoslot/FusionMath.h:452:13:[m[K [01;35m[Kwarning: [m[KC++ designated initializers only available with ‘[01m[K-std=c++20[m[K’ or ‘[01m[K-std=gnu++20[m[K’ [[01;35m[K]8;;https://gcc.gnu.org/onlinedocs/gcc/Warning-Options.html#index-Wc++20-extensions-Wc++20-extensions]8;;[m[K]
  452 |             [01;35m[K.[m[Kz = Q.z * magnitudeReciprocal,
      |             [01;35m[K^[m[K
[01m[K/home/brown/Projects/MiningRobot/autonomy/ros2_workspace/aurora_core_sl/include/base/include/aurora/../nanoslot/FusionMath.h:[m[K In function ‘[01m[KFusionVector[01;32m[K FusionMatrixMultiplyVector[m[K(FusionMatrix, FusionVector)[m[K’:
[01m[K/home/brown/Projects/MiningRobot/autonomy/ros2_workspace/aurora_core_sl/include/base/include/aurora/../nanoslot/FusionMath.h:469:34:[m[K [01;35m[Kwarning: [m[KC++ designated initializers only available with ‘[01m[K-std=c++20[m[K’ or ‘[01m[K-std=gnu++20[m[K’ [[01;35m[K]8;;https://gcc.gnu.org/onlinedocs/gcc/Warning-Options.html#index-Wc++20-extensions-Wc++20-extensions]8;;[m[K]
  469 |     const FusionVector result = {[01;35m[K.[m[Kaxis = {
      |                                  [01;35m[K^[m[K
[01m[K/home/brown/Projects/MiningRobot/autonomy/ros2_workspace/aurora_core_sl/include/base/include/aurora/../nanoslot/FusionMath.h:470:13:[m[K [01;35m[Kwarning: [m[KC++ designated initializers only available with ‘[01m[K-std=c++20[m[K’ or ‘[01m[K-std=gnu++20[m[K’ [[01;35m[K]8;;https://gcc.gnu.org/onlinedocs/gcc/Warning-Options.html#index-Wc++20-extensions-Wc++20-extensions]8;;[m[K]
  470 |             [01;35m[K.[m[Kx = R.xx * vector.axis.x + R.xy * vector.axis.y + R.xz * vector.axis.z,
      |             [01;35m[K^[m[K
[01m[K/home/brown/Projects/MiningRobot/autonomy/ros2_workspace/aurora_core_sl/include/base/include/aurora/../nanoslot/FusionMath.h:471:13:[m[K [01;35m[Kwarning: [m[KC++ designated initializers only available with ‘[01m[K-std=c++20[m[K’ or ‘[01m[K-std=gnu++20[m[K’ [[01;35m[K]8;;https://gcc.gnu.org/onlinedocs/gcc/Warning-Options.html#index-Wc++20-extensions-Wc++20-extensions]8;;[m[K]
  471 |             [01;35m[K.[m[Ky = R.yx * vector.axis.x + R.yy * vector.axis.y + R.yz * vector.axis.z,
      |             [01;35m[K^[m[K
[01m[K/home/brown/Projects/MiningRobot/autonomy/ros2_workspace/aurora_core_sl/include/base/include/aurora/../nanoslot/FusionMath.h:472:13:[m[K [01;35m[Kwarning: [m[KC++ designated initializers only available with ‘[01m[K-std=c++20[m[K’ or ‘[01m[K-std=gnu++20[m[K’ [[01;35m[K]8;;https://gcc.gnu.org/onlinedocs/gcc/Warning-Options.html#index-Wc++20-extensions-Wc++20-extensions]8;;[m[K]
  472 |             [01;35m[K.[m[Kz = R.zx * vector.axis.x + R.zy * vector.axis.y + R.zz * vector.axis.z,
      |             [01;35m[K^[m[K
[01m[K/home/brown/Projects/MiningRobot/autonomy/ros2_workspace/aurora_core_sl/include/base/include/aurora/../nanoslot/FusionMath.h:[m[K In function ‘[01m[KFusionVector[01;32m[K FusionQuaternionXaxis[m[K(FusionQuaternion)[m[K’:
[01m[K/home/brown/Projects/MiningRobot/autonomy/ros2_workspace/aurora_core_sl/include/base/include/aurora/../nanoslot/FusionMath.h:484:34:[m[K [01;35m[Kwarning: [m[KC++ designated initializers only available with ‘[01m[K-std=c++20[m[K’ or ‘[01m[K-std=gnu++20[m[K’ [[01;35m[K]8;;https://gcc.gnu.org/onlinedocs/gcc/Warning-Options.html#index-Wc++20-extensions-Wc++20-extensions]8;;[m[K]
  484 |     const FusionVector result = {[01;35m[K.[m[Kaxis={
      |                                  [01;35m[K^[m[K
[01m[K/home/brown/Projects/MiningRobot/autonomy/ros2_workspace/aurora_core_sl/include/base/include/aurora/../nanoslot/FusionMath.h:485:5:[m[K [01;35m[Kwarning: [m[KC++ designated initializers only available with ‘[01m[K-std=c++20[m[K’ or ‘[01m[K-std=gnu++20[m[K’ [[01;35m[K]8;;https://gcc.gnu.org/onlinedocs/gcc/Warning-Options.html#index-Wc++20-extensions-Wc++20-extensions]8;;[m[K]
  485 |     [01;35m[K.[m[Kx = 2.0f * (Q.w*Q.w - 0.5f + Q.x * Q.x),
      |     [01;35m[K^[m[K
[01m[K/home/brown/Projects/MiningRobot/autonomy/ros2_workspace/aurora_core_sl/include/base/include/aurora/../nanoslot/FusionMath.h:486:5:[m[K [01;35m[Kwarning: [m[KC++ designated initializers only available with ‘[01m[K-std=c++20[m[K’ or ‘[01m[K-std=gnu++20[m[K’ [[01;35m[K]8;;https://gcc.gnu.org/onlinedocs/gcc/Warning-Options.html#index-Wc++20-extensions-Wc++20-extensions]8;;[m[K]
  486 |     [01;35m[K.[m[Ky = 2.0f * (Q.x*Q.y + Q.w*Q.z),
      |     [01;35m[K^[m[K
[01m[K/home/brown/Projects/MiningRobot/autonomy/ros2_workspace/aurora_core_sl/include/base/include/aurora/../nanoslot/FusionMath.h:487:5:[m[K [01;35m[Kwarning: [m[KC++ designated initializers only available with ‘[01m[K-std=c++20[m[K’ or ‘[01m[K-std=gnu++20[m[K’ [[01;35m[K]8;;https://gcc.gnu.org/onlinedocs/gcc/Warning-Options.html#index-Wc++20-extensions-Wc++20-extensions]8;;[m[K]
  487 |     [01;35m[K.[m[Kz = 2.0f * (Q.x*Q.z - Q.w*Q.y),
      |     [01;35m[K^[m[K
[01m[K/home/brown/Projects/MiningRobot/autonomy/ros2_workspace/aurora_core_sl/include/base/include/aurora/../nanoslot/FusionMath.h:[m[K In function ‘[01m[KFusionVector[01;32m[K FusionQuaternionYaxis[m[K(FusionQuaternion)[m[K’:
[01m[K/home/brown/Projects/MiningRobot/autonomy/ros2_workspace/aurora_core_sl/include/base/include/aurora/../nanoslot/FusionMath.h:495:34:[m[K [01;35m[Kwarning: [m[KC++ designated initializers only available with ‘[01m[K-std=c++20[m[K’ or ‘[01m[K-std=gnu++20[m[K’ [[01;35m[K]8;;https://gcc.gnu.org/onlinedocs/gcc/Warning-Options.html#index-Wc++20-extensions-Wc++20-extensions]8;;[m[K]
  495 |     const FusionVector result = {[01;35m[K.[m[Kaxis={
      |                                  [01;35m[K^[m[K
[01m[K/home/brown/Projects/MiningRobot/autonomy/ros2_workspace/aurora_core_sl/include/base/include/aurora/../nanoslot/FusionMath.h:496:5:[m[K [01;35m[Kwarning: [m[KC++ designated initializers only available with ‘[01m[K-std=c++20[m[K’ or ‘[01m[K-std=gnu++20[m[K’ [[01;35m[K]8;;https://gcc.gnu.org/onlinedocs/gcc/Warning-Options.html#index-Wc++20-extensions-Wc++20-extensions]8;;[m[K]
  496 |     [01;35m[K.[m[Kx = 2.0f * (Q.x*Q.y - Q.w*Q.z),
      |     [01;35m[K^[m[K
[01m[K/home/brown/Projects/MiningRobot/autonomy/ros2_workspace/aurora_core_sl/include/base/include/aurora/../nanoslot/FusionMath.h:497:5:[m[K [01;35m[Kwarning: [m[KC++ designated initializers only available with ‘[01m[K-std=c++20[m[K’ or ‘[01m[K-std=gnu++20[m[K’ [[01;35m[K]8;;https://gcc.gnu.org/onlinedocs/gcc/Warning-Options.html#index-Wc++20-extensions-Wc++20-extensions]8;;[m[K]
  497 |     [01;35m[K.[m[Ky = 2.0f * (Q.w*Q.w - 0.5f + Q.y * Q.y),
      |     [01;35m[K^[m[K
[01m[K/home/brown/Projects/MiningRobot/autonomy/ros2_workspace/aurora_core_sl/include/base/include/aurora/../nanoslot/FusionMath.h:498:5:[m[K [01;35m[Kwarning: [m[KC++ designated initializers only available with ‘[01m[K-std=c++20[m[K’ or ‘[01m[K-std=gnu++20[m[K’ [[01;35m[K]8;;https://gcc.gnu.org/onlinedocs/gcc/Warning-Options.html#index-Wc++20-extensions-Wc++20-extensions]8;;[m[K]
  498 |     [01;35m[K.[m[Kz = 2.0f * (Q.y*Q.z + Q.w*Q.x),
      |     [01;35m[K^[m[K
[01m[K/home/brown/Projects/MiningRobot/autonomy/ros2_workspace/aurora_core_sl/include/base/include/aurora/../nanoslot/FusionMath.h:[m[K In function ‘[01m[KFusionVector[01;32m[K FusionQuaternionZaxis[m[K(FusionQuaternion)[m[K’:
[01m[K/home/brown/Projects/MiningRobot/autonomy/ros2_workspace/aurora_core_sl/include/base/include/aurora/../nanoslot/FusionMath.h:506:34:[m[K [01;35m[Kwarning: [m[KC++ designated initializers only available with ‘[01m[K-std=c++20[m[K’ or ‘[01m[K-std=gnu++20[m[K’ [[01;35m[K]8;;https://gcc.gnu.org/onlinedocs/gcc/Warning-Options.html#index-Wc++20-extensions-Wc++20-extensions]8;;[m[K]
  506 |     const FusionVector result = {[01;35m[K.[m[Kaxis={
      |                                  [01;35m[K^[m[K
[01m[K/home/brown/Projects/MiningRobot/autonomy/ros2_workspace/aurora_core_sl/include/base/include/aurora/../nanoslot/FusionMath.h:507:5:[m[K [01;35m[Kwarning: [m[KC++ designated initializers only available with ‘[01m[K-std=c++20[m[K’ or ‘[01m[K-std=gnu++20[m[K’ [[01;35m[K]8;;https://gcc.gnu.org/onlinedocs/gcc/Warning-Options.html#index-Wc++20-extensions-Wc++20-extensions]8;;[m[K]
  507 |     [01;35m[K.[m[Kx = 2.0f * (Q.x*Q.z + Q.w*Q.y),
      |     [01;35m[K^[m[K
[01m[K/home/brown/Projects/MiningRobot/autonomy/ros2_workspace/aurora_core_sl/include/base/include/aurora/../nanoslot/FusionMath.h:508:5:[m[K [01;35m[Kwarning: [m[KC++ designated initializers only available with ‘[01m[K-std=c++20[m[K’ or ‘[01m[K-std=gnu++20[m[K’ [[01;35m[K]8;;https://gcc.gnu.org/onlinedocs/gcc/Warning-Options.html#index-Wc++20-extensions-Wc++20-extensions]8;;[m[K]
  508 |     [01;35m[K.[m[Ky = 2.0f * (Q.y*Q.z - Q.w*Q.x),
      |     [01;35m[K^[m[K
[01m[K/home/brown/Projects/MiningRobot/autonomy/ros2_workspace/aurora_core_sl/include/base/include/aurora/../nanoslot/FusionMath.h:509:5:[m[K [01;35m[Kwarning: [m[KC++ designated initializers only available with ‘[01m[K-std=c++20[m[K’ or ‘[01m[K-std=gnu++20[m[K’ [[01;35m[K]8;;https://gcc.gnu.org/onlinedocs/gcc/Warning-Options.html#index-Wc++20-extensions-Wc++20-extensions]8;;[m[K]
  509 |     [01;35m[K.[m[Kz = 2.0f * (Q.w*Q.w - 0.5f + Q.z * Q.z),
      |     [01;35m[K^[m[K
[01m[K/home/brown/Projects/MiningRobot/autonomy/ros2_workspace/aurora_core_sl/include/base/include/aurora/../nanoslot/FusionMath.h:[m[K In function ‘[01m[KFusionMatrix[01;32m[K FusionQuaternionToMatrix[m[K(FusionQuaternion)[m[K’:
[01m[K/home/brown/Projects/MiningRobot/autonomy/ros2_workspace/aurora_core_sl/include/base/include/aurora/../nanoslot/FusionMath.h:530:34:[m[K [01;35m[Kwarning: [m[KC++ designated initializers only available with ‘[01m[K-std=c++20[m[K’ or ‘[01m[K-std=gnu++20[m[K’ [[01;35m[K]8;;https://gcc.gnu.org/onlinedocs/gcc/Warning-Options.html#index-Wc++20-extensions-Wc++20-extensions]8;;[m[K]
  530 |     const FusionMatrix matrix = {[01;35m[K.[m[Kelement = {
      |                                  [01;35m[K^[m[K
[01m[K/home/brown/Projects/MiningRobot/autonomy/ros2_workspace/aurora_core_sl/include/base/include/aurora/../nanoslot/FusionMath.h:531:13:[m[K [01;35m[Kwarning: [m[KC++ designated initializers only available with ‘[01m[K-std=c++20[m[K’ or ‘[01m[K-std=gnu++20[m[K’ [[01;35m[K]8;;https://gcc.gnu.org/onlinedocs/gcc/Warning-Options.html#index-Wc++20-extensions-Wc++20-extensions]8;;[m[K]
  531 |             [01;35m[K.[m[Kxx = 2.0f * (qwqw - 0.5f + Q.x * Q.x),
      |             [01;35m[K^[m[K
[01m[K/home/brown/Projects/MiningRobot/autonomy/ros2_workspace/aurora_core_sl/include/base/include/aurora/../nanoslot/FusionMath.h:532:13:[m[K [01;35m[Kwarning: [m[KC++ designated initializers only available with ‘[01m[K-std=c++20[m[K’ or ‘[01m[K-std=gnu++20[m[K’ [[01;35m[K]8;;https://gcc.gnu.org/onlinedocs/gcc/Warning-Options.html#index-Wc++20-extensions-Wc++20-extensions]8;;[m[K]
  532 |             [01;35m[K.[m[Kxy = 2.0f * (qxqy - qwqz),
      |             [01;35m[K^[m[K
[01m[K/home/brown/Projects/MiningRobot/autonomy/ros2_workspace/aurora_core_sl/include/base/include/aurora/../nanoslot/FusionMath.h:533:13:[m[K [01;35m[Kwarning: [m[KC++ designated initializers only available with ‘[01m[K-std=c++20[m[K’ or ‘[01m[K-std=gnu++20[m[K’ [[01;35m[K]8;;https://gcc.gnu.org/onlinedocs/gcc/Warning-Options.html#index-Wc++20-extensions-Wc++20-extensions]8;;[m[K]
  533 |             [01;35m[K.[m[Kxz = 2.0f * (qxqz + qwqy),
      |             [01;35m[K^[m[K
[01m[K/home/brown/Projects/MiningRobot/autonomy/ros2_workspace/aurora_core_sl/include/base/include/aurora/../nanoslot/FusionMath.h:535:13:[m[K [01;35m[Kwarning: [m[KC++ designated initializers only available with ‘[01m[K-std=c++20[m[K’ or ‘[01m[K-std=gnu++20[m[K’ [[01;35m[K]8;;https://gcc.gnu.org/onlinedocs/gcc/Warning-Options.html#index-Wc++20-extensions-Wc++20-extensions]8;;[m[K]
  535 |             [01;35m[K.[m[Kyx = 2.0f * (qxqy + qwqz),
      |             [01;35m[K^[m[K
[01m[K/home/brown/Projects/MiningRobot/autonomy/ros2_workspace/aurora_core_sl/include/base/include/aurora/../nanoslot/FusionMath.h:536:13:[m[K [01;35m[Kwarning: [m[KC++ designated initializers only available with ‘[01m[K-std=c++20[m[K’ or ‘[01m[K-std=gnu++20[m[K’ [[01;35m[K]8;;https://gcc.gnu.org/onlinedocs/gcc/Warning-Options.html#index-Wc++20-extensions-Wc++20-extensions]8;;[m[K]
  536 |             [01;35m[K.[m[Kyy = 2.0f * (qwqw - 0.5f + Q.y * Q.y),
      |             [01;35m[K^[m[K
[01m[K/home/brown/Projects/MiningRobot/autonomy/ros2_workspace/aurora_core_sl/include/base/include/aurora/../nanoslot/FusionMath.h:537:13:[m[K [01;35m[Kwarning: [m[KC++ designated initializers only available with ‘[01m[K-std=c++20[m[K’ or ‘[01m[K-std=gnu++20[m[K’ [[01;35m[K]8;;https://gcc.gnu.org/onlinedocs/gcc/Warning-Options.html#index-Wc++20-extensions-Wc++20-extensions]8;;[m[K]
  537 |             [01;35m[K.[m[Kyz = 2.0f * (qyqz - qwqx),
      |             [01;35m[K^[m[K
[01m[K/home/brown/Projects/MiningRobot/autonomy/ros2_workspace/aurora_core_sl/include/base/include/aurora/../nanoslot/FusionMath.h:539:13:[m[K [01;35m[Kwarning: [m[KC++ designated initializers only available with ‘[01m[K-std=c++20[m[K’ or ‘[01m[K-std=gnu++20[m[K’ [[01;35m[K]8;;https://gcc.gnu.org/onlinedocs/gcc/Warning-Options.html#index-Wc++20-extensions-Wc++20-extensions]8;;[m[K]
  539 |             [01;35m[K.[m[Kzx = 2.0f * (qxqz - qwqy),
      |             [01;35m[K^[m[K
[01m[K/home/brown/Projects/MiningRobot/autonomy/ros2_workspace/aurora_core_sl/include/base/include/aurora/../nanoslot/FusionMath.h:540:13:[m[K [01;35m[Kwarning: [m[KC++ designated initializers only available with ‘[01m[K-std=c++20[m[K’ or ‘[01m[K-std=gnu++20[m[K’ [[01;35m[K]8;;https://gcc.gnu.org/onlinedocs/gcc/Warning-Options.html#index-Wc++20-extensions-Wc++20-extensions]8;;[m[K]
  540 |             [01;35m[K.[m[Kzy = 2.0f * (qyqz + qwqx),
      |             [01;35m[K^[m[K
[01m[K/home/brown/Projects/MiningRobot/autonomy/ros2_workspace/aurora_core_sl/include/base/include/aurora/../nanoslot/FusionMath.h:541:13:[m[K [01;35m[Kwarning: [m[KC++ designated initializers only available with ‘[01m[K-std=c++20[m[K’ or ‘[01m[K-std=gnu++20[m[K’ [[01;35m[K]8;;https://gcc.gnu.org/onlinedocs/gcc/Warning-Options.html#index-Wc++20-extensions-Wc++20-extensions]8;;[m[K]
  541 |             [01;35m[K.[m[Kzz = 2.0f * (qwqw - 0.5f + Q.z * Q.z),
      |             [01;35m[K^[m[K
[01m[K/home/brown/Projects/MiningRobot/autonomy/ros2_workspace/aurora_core_sl/include/base/include/aurora/../nanoslot/FusionMath.h:[m[K In function ‘[01m[KFusionEuler[01;32m[K FusionQuaternionToEuler[m[K(FusionQuaternion)[m[K’:
[01m[K/home/brown/Projects/MiningRobot/autonomy/ros2_workspace/aurora_core_sl/include/base/include/aurora/../nanoslot/FusionMath.h:555:32:[m[K [01;35m[Kwarning: [m[KC++ designated initializers only available with ‘[01m[K-std=c++20[m[K’ or ‘[01m[K-std=gnu++20[m[K’ [[01;35m[K]8;;https://gcc.gnu.org/onlinedocs/gcc/Warning-Options.html#index-Wc++20-extensions-Wc++20-extensions]8;;[m[K]
  555 |     const FusionEuler euler = {[01;35m[K.[m[Kangle = {
      |                                [01;35m[K^[m[K
[01m[K/home/brown/Projects/MiningRobot/autonomy/ros2_workspace/aurora_core_sl/include/base/include/aurora/../nanoslot/FusionMath.h:556:13:[m[K [01;35m[Kwarning: [m[KC++ designated initializers only available with ‘[01m[K-std=c++20[m[K’ or ‘[01m[K-std=gnu++20[m[K’ [[01;35m[K]8;;https://gcc.gnu.org/onlinedocs/gcc/Warning-Options.html#index-Wc++20-extensions-Wc++20-extensions]8;;[m[K]
  556 |             [01;35m[K.[m[Kroll = FusionRadiansToDegrees(atan2f(Q.w * Q.x + Q.y * Q.z, halfMinusQySquared - Q.x * Q.x)),
      |             [01;35m[K^[m[K
[01m[K/home/brown/Projects/MiningRobot/autonomy/ros2_workspace/aurora_core_sl/include/base/include/aurora/../nanoslot/FusionMath.h:557:13:[m[K [01;35m[Kwarning: [m[KC++ designated initializers only available with ‘[01m[K-std=c++20[m[K’ or ‘[01m[K-std=gnu++20[m[K’ [[01;35m[K]8;;https://gcc.gnu.org/onlinedocs/gcc/Warning-Options.html#index-Wc++20-extensions-Wc++20-extensions]8;;[m[K]
  557 |             [01;35m[K.[m[Kpitch = FusionRadiansToDegrees(FusionAsin(2.0f * (Q.w * Q.y - Q.z * Q.x))),
      |             [01;35m[K^[m[K
[01m[K/home/brown/Projects/MiningRobot/autonomy/ros2_workspace/aurora_core_sl/include/base/include/aurora/../nanoslot/FusionMath.h:558:13:[m[K [01;35m[Kwarning: [m[KC++ designated initializers only available with ‘[01m[K-std=c++20[m[K’ or ‘[01m[K-std=gnu++20[m[K’ [[01;35m[K]8;;https://gcc.gnu.org/onlinedocs/gcc/Warning-Options.html#index-Wc++20-extensions-Wc++20-extensions]8;;[m[K]
  558 |             [01;35m[K.[m[Kyaw = FusionRadiansToDegrees(atan2f(Q.w * Q.z + Q.x * Q.y, halfMinusQySquared - Q.z * Q.z)),
      |             [01;35m[K^[m[K
