[ 50%] [32mBuilding CXX object CMakeFiles/aurora_node_core.dir/src/aurora_node_core.cpp.o[0m
[100%] [32m[1mLinking CXX executable aurora_node_core[0m
[100%] Built target aurora_node_core
-- Install configuration: ""
-- Installing: /home/brown/Projects/MiningRobot/autonomy/ros2_workspace/install/aurora_core/lib/aurora_core/aurora_node_core
-- Set runtime path of "/home/brown/Projects/MiningRobot/autonomy/ros2_workspace/install/aurora_core/lib/aurora_core/aurora_node_core" to ""
-- Up-to-date: /home/brown/Projects/MiningRobot/autonomy/ros2_workspace/install/aurora_core/share/ament_index/resource_index/package_run_dependencies/aurora_core
-- Up-to-date: /home/brown/Projects/MiningRobot/autonomy/ros2_workspace/install/aurora_core/share/ament_index/resource_index/parent_prefix_path/aurora_core
-- Up-to-date: /home/brown/Projects/MiningRobot/autonomy/ros2_workspace/install/aurora_core/share/aurora_core/environment/ament_prefix_path.sh
-- Up-to-date: /home/brown/Projects/MiningRobot/autonomy/ros2_workspace/install/aurora_core/share/aurora_core/environment/ament_prefix_path.dsv
-- Up-to-date: /home/brown/Projects/MiningRobot/autonomy/ros2_workspace/install/aurora_core/share/aurora_core/environment/path.sh
-- Up-to-date: /home/brown/Projects/MiningRobot/autonomy/ros2_workspace/install/aurora_core/share/aurora_core/environment/path.dsv
-- Up-to-date: /home/brown/Projects/MiningRobot/autonomy/ros2_workspace/install/aurora_core/share/aurora_core/local_setup.bash
-- Up-to-date: /home/brown/Projects/MiningRobot/autonomy/ros2_workspace/install/aurora_core/share/aurora_core/local_setup.sh
-- Up-to-date: /home/brown/Projects/MiningRobot/autonomy/ros2_workspace/install/aurora_core/share/aurora_core/local_setup.zsh
-- Up-to-date: /home/brown/Projects/MiningRobot/autonomy/ros2_workspace/install/aurora_core/share/aurora_core/local_setup.dsv
-- Installing: /home/brown/Projects/MiningRobot/autonomy/ros2_workspace/install/aurora_core/share/aurora_core/package.dsv
-- Up-to-date: /home/brown/Projects/MiningRobot/autonomy/ros2_workspace/install/aurora_core/share/ament_index/resource_index/packages/aurora_core
-- Up-to-date: /home/brown/Projects/MiningRobot/autonomy/ros2_workspace/install/aurora_core/share/aurora_core/cmake/aurora_coreConfig.cmake
-- Up-to-date: /home/brown/Projects/MiningRobot/autonomy/ros2_workspace/install/aurora_core/share/aurora_core/cmake/aurora_coreConfig-version.cmake
-- Up-to-date: /home/brown/Projects/MiningRobot/autonomy/ros2_workspace/install/aurora_core/share/aurora_core/package.xml
