[0.000000] (-) TimerEvent: {}
[0.000947] (-) JobUnselected: {'identifier': 'ouster_msgs'}
[0.001138] (-) JobUnselected: {'identifier': 'pcl_conversions'}
[0.001256] (-) JobUnselected: {'identifier': 'pcl_msgs'}
[0.001341] (-) JobUnselected: {'identifier': 'pcl_ros'}
[0.001432] (-) JobUnselected: {'identifier': 'perception_pcl'}
[0.001547] (-) JobUnselected: {'identifier': 'ros2_ouster'}
[0.001602] (aurora_core) JobQueued: {'identifier': 'aurora_core', 'dependencies': OrderedDict([('ouster_msgs', '/home/brown/Projects/MiningRobot/ros2_workspace/install/ouster_msgs'), ('pcl_msgs', '/home/brown/Projects/MiningRobot/ros2_workspace/install/pcl_msgs'), ('pcl_conversions', '/home/brown/Projects/MiningRobot/ros2_workspace/install/pcl_conversions'), ('ros2_ouster', '/home/brown/Projects/MiningRobot/ros2_workspace/install/ros2_ouster')])}
[0.001695] (aurora_core) JobStarted: {'identifier': 'aurora_core'}
[0.099867] (-) TimerEvent: {}
[0.168878] (aurora_core) JobProgress: {'identifier': 'aurora_core', 'progress': 'cmake'}
[0.170246] (aurora_core) JobProgress: {'identifier': 'aurora_core', 'progress': 'build'}
[0.171559] (aurora_core) Command: {'cmd': ['/usr/bin/cmake', '--build', '/home/brown/Projects/MiningRobot/ros2_workspace/build/aurora_core', '--', '-j4', '-l4'], 'cwd': '/home/brown/Projects/MiningRobot/ros2_workspace/build/aurora_core', 'env': OrderedDict([('SHELL', '/bin/bash'), ('ROS_VERSION', '2'), ('WINDOWID', '1'), ('COLORTERM', 'truecolor'), ('XDG_CONFIG_DIRS', '/home/brown/.config/kdedefaults:/etc/xdg'), ('KGLOBALACCELD_PLATFORM', 'org.kde.kwin'), ('TERM_PROGRAM_VERSION', '3.3a'), ('TMUX', '/tmp/tmux-1000/default,1806,0'), ('PKG_CONFIG_PATH', '/opt/ros/humble/lib/pkgconfig'), ('ROS_PYTHON_VERSION', '3'), ('LANGUAGE', ''), ('SHELL_SESSION_ID', 'adab33755f16428db603933a933b68e7'), ('MEMORY_PRESSURE_WRITE', 'c29tZSAyMDAwMDAgMjAwMDAwMAA='), ('XCURSOR_SIZE', '24'), ('EDITOR', '/usr/bin/nvim'), ('XDG_SEAT', 'seat0'), ('PWD', '/home/brown/Projects/MiningRobot/ros2_workspace/build/aurora_core'), ('LOGNAME', 'brown'), ('XDG_SESSION_TYPE', 'wayland'), ('SYSTEMD_EXEC_PID', '506'), ('XAUTHORITY', '/run/user/1000/xauth_qwjjoz'), ('MOTD_SHOWN', 'pam'), ('HOME', '/home/brown'), ('LANG', 'C.UTF-8'), ('XDG_CURRENT_DESKTOP', 'KDE'), ('KONSOLE_DBUS_SERVICE', ':1.86'), ('MEMORY_PRESSURE_WATCH', '/sys/fs/cgroup/user.slice/user-1000.slice/user@1000.service/session.slice/plasma-kwin_wayland.service/memory.pressure'), ('WAYLAND_DISPLAY', 'wayland-0'), ('KONSOLE_DBUS_SESSION', '/Sessions/2'), ('PROFILEHOME', ''), ('AMENT_PREFIX_PATH', '/home/brown/Projects/MiningRobot/ros2_workspace/install/aurora_core:/home/brown/Projects/MiningRobot/ros2_workspace/install/ros2_ouster:/home/brown/Projects/MiningRobot/ros2_workspace/install/perception_pcl:/home/brown/Projects/MiningRobot/ros2_workspace/install/pcl_ros:/home/brown/Projects/MiningRobot/ros2_workspace/install/pcl_conversions:/home/brown/Projects/MiningRobot/ros2_workspace/install/pcl_msgs:/home/brown/Projects/MiningRobot/ros2_workspace/install/ouster_msgs:/opt/ros/humble'), ('CMAKE_PREFIX_PATH', '/home/brown/Projects/MiningRobot/ros2_workspace/install/ros2_ouster:/home/brown/Projects/MiningRobot/ros2_workspace/install/pcl_conversions:/home/brown/Projects/MiningRobot/ros2_workspace/install/pcl_msgs:/home/brown/Projects/MiningRobot/ros2_workspace/install/ouster_msgs:/home/brown/Projects/MiningRobot/ros2_workspace/install/aurora_core:/home/brown/Projects/MiningRobot/ros2_workspace/install/perception_pcl:/home/brown/Projects/MiningRobot/ros2_workspace/install/pcl_ros:/opt/ros/humble'), ('COLCON_PREFIX_PATH', '/home/brown/Projects/MiningRobot/ros2_workspace/install:/opt/ros/humble'), ('INVOCATION_ID', '0451ff8a5b7f45339296dc187b8cbfb5'), ('KONSOLE_VERSION', '230801'), ('MANAGERPID', '465'), ('KDE_SESSION_UID', '1000'), ('XDG_ACTIVATION_TOKEN', 'kwin-2'), ('XDG_SESSION_CLASS', 'user'), ('PYTHONPATH', '/home/brown/Projects/MiningRobot/ros2_workspace/install/pcl_msgs/lib/python3.11/site-packages:/home/brown/Projects/MiningRobot/ros2_workspace/install/ouster_msgs/lib/python3.11/site-packages:/home/brown/.cache/yay/ros2-humble/src/install/lib/python3.11/dist-packages:/opt/ros/humble/lib/python3.11/site-packages'), ('COLCON', '1'), ('TERM', 'xterm-256color'), ('USER', 'brown'), ('TMUX_PANE', '%6'), ('CUDA_PATH', '/opt/cuda'), ('COLORFGBG', '15;0'), ('PLASMA_USE_QT_SCALING', '1'), ('KDE_SESSION_VERSION', '5'), ('QT_WAYLAND_FORCE_DPI', '96'), ('DISPLAY', ':0'), ('SHLVL', '3'), ('XDG_VTNR', '1'), ('XDG_SESSION_ID', '1'), ('LD_LIBRARY_PATH', '/home/brown/Projects/MiningRobot/ros2_workspace/install/ros2_ouster/lib:/home/brown/Projects/MiningRobot/ros2_workspace/install/pcl_msgs/lib:/home/brown/Projects/MiningRobot/ros2_workspace/install/ouster_msgs/lib:/home/brown/Projects/MiningRobot/ros2_workspace/install/pcl_ros/lib:/opt/ros/humble/opt/yaml_cpp_vendor/lib:/opt/ros/humble/opt/rviz_ogre_vendor/lib:/opt/ros/humble/lib'), ('XDG_RUNTIME_DIR', '/run/user/1000'), ('ROS_LOCALHOST_ONLY', '0'), ('DEBUGINFOD_URLS', 'https://debuginfod.archlinux.org'), ('QT_AUTO_SCREEN_SCALE_FACTOR', '0'), ('JOURNAL_STREAM', '8:14885'), ('XCURSOR_THEME', 'breeze_cursors'), ('XDG_DATA_DIRS', '/home/brown/.local/share/flatpak/exports/share:/var/lib/flatpak/exports/share:/usr/local/share/:/usr/share/'), ('KDE_FULL_SESSION', 'true'), ('QSG_RENDER_LOOP', 'basic'), ('PATH', '/opt/ros/humble/bin:/home/brown/.local/bin:/home/brown/.local/bin:/home/brown/.local/bin:/usr/local/sbin:/usr/local/bin:/usr/bin:/opt/cuda/bin:/opt/cuda/nsight_compute:/opt/cuda/nsight_systems/bin:/var/lib/flatpak/exports/bin:/usr/lib/jvm/default/bin:/usr/bin/site_perl:/usr/bin/vendor_perl:/usr/bin/core_perl:/opt/cuda/bin:/opt/cuda/nsight_compute:/opt/cuda/nsight_systems/bin'), ('DBUS_SESSION_BUS_ADDRESS', 'unix:path=/run/user/1000/bus'), ('KDE_APPLICATIONS_AS_SCOPE', '1'), ('MAIL', '/var/spool/mail/brown'), ('ROS_DISTRO', 'humble'), ('OLDPWD', '/home/brown/Projects/MiningRobot/autonomy/lunabug'), ('TERM_PROGRAM', 'tmux'), ('KONSOLE_DBUS_WINDOW', '/Windows/1'), ('_', '/usr/bin/env')]), 'shell': False}
[0.200016] (-) TimerEvent: {}
[0.290267] (aurora_core) StdoutLine: {'line': b'[ 50%] \x1b[32mBuilding CXX object CMakeFiles/aurora_node_core.dir/src/aurora_node_core.cpp.o\x1b[0m\n'}
[0.300161] (-) TimerEvent: {}
[0.400583] (-) TimerEvent: {}
[0.501002] (-) TimerEvent: {}
[0.601422] (-) TimerEvent: {}
[0.703106] (-) TimerEvent: {}
[0.803536] (-) TimerEvent: {}
[0.903930] (-) TimerEvent: {}
[1.004690] (-) TimerEvent: {}
[1.105075] (-) TimerEvent: {}
[1.205500] (-) TimerEvent: {}
[1.305898] (-) TimerEvent: {}
[1.406230] (-) TimerEvent: {}
[1.506567] (-) TimerEvent: {}
[1.606927] (-) TimerEvent: {}
[1.707385] (-) TimerEvent: {}
[1.808460] (-) TimerEvent: {}
[1.909281] (-) TimerEvent: {}
[2.009708] (-) TimerEvent: {}
[2.110150] (-) TimerEvent: {}
[2.211551] (-) TimerEvent: {}
[2.311978] (-) TimerEvent: {}
[2.412353] (-) TimerEvent: {}
[2.512767] (-) TimerEvent: {}
[2.613193] (-) TimerEvent: {}
[2.713583] (-) TimerEvent: {}
[2.814016] (-) TimerEvent: {}
[2.914422] (-) TimerEvent: {}
[3.014824] (-) TimerEvent: {}
[3.115328] (-) TimerEvent: {}
[3.215760] (-) TimerEvent: {}
[3.316310] (-) TimerEvent: {}
[3.416725] (-) TimerEvent: {}
[3.517151] (-) TimerEvent: {}
[3.617614] (-) TimerEvent: {}
[3.717984] (-) TimerEvent: {}
[3.818419] (-) TimerEvent: {}
[3.918778] (-) TimerEvent: {}
[4.019142] (-) TimerEvent: {}
[4.119656] (-) TimerEvent: {}
[4.220313] (-) TimerEvent: {}
[4.321023] (-) TimerEvent: {}
[4.421394] (-) TimerEvent: {}
[4.521845] (-) TimerEvent: {}
[4.622215] (-) TimerEvent: {}
[4.722576] (-) TimerEvent: {}
[4.822979] (-) TimerEvent: {}
[4.923369] (-) TimerEvent: {}
[5.023794] (-) TimerEvent: {}
[5.124173] (-) TimerEvent: {}
[5.224553] (-) TimerEvent: {}
[5.324946] (-) TimerEvent: {}
[5.425340] (-) TimerEvent: {}
[5.525734] (-) TimerEvent: {}
[5.626103] (-) TimerEvent: {}
[5.726476] (-) TimerEvent: {}
[5.826839] (-) TimerEvent: {}
[5.927181] (-) TimerEvent: {}
[6.027575] (-) TimerEvent: {}
[6.107394] (aurora_core) StdoutLine: {'line': b'[100%] \x1b[32m\x1b[1mLinking CXX executable aurora_node_core\x1b[0m\n'}
[6.127689] (-) TimerEvent: {}
[6.228091] (-) TimerEvent: {}
[6.328477] (-) TimerEvent: {}
[6.428883] (-) TimerEvent: {}
[6.529309] (-) TimerEvent: {}
[6.629695] (-) TimerEvent: {}
[6.730112] (-) TimerEvent: {}
[6.830516] (-) TimerEvent: {}
[6.930921] (-) TimerEvent: {}
[7.031320] (-) TimerEvent: {}
[7.131688] (-) TimerEvent: {}
[7.232010] (-) TimerEvent: {}
[7.332352] (-) TimerEvent: {}
[7.432687] (-) TimerEvent: {}
[7.533096] (-) TimerEvent: {}
[7.633518] (-) TimerEvent: {}
[7.733905] (-) TimerEvent: {}
[7.834319] (-) TimerEvent: {}
[7.934785] (-) TimerEvent: {}
[8.035230] (-) TimerEvent: {}
[8.092014] (aurora_core) StdoutLine: {'line': b'[100%] Built target aurora_node_core\n'}
[8.105077] (aurora_core) CommandEnded: {'returncode': 0}
[8.135360] (-) TimerEvent: {}
[8.192044] (aurora_core) JobProgress: {'identifier': 'aurora_core', 'progress': 'install'}
[8.203276] (aurora_core) Command: {'cmd': ['/usr/bin/cmake', '--install', '/home/brown/Projects/MiningRobot/ros2_workspace/build/aurora_core'], 'cwd': '/home/brown/Projects/MiningRobot/ros2_workspace/build/aurora_core', 'env': OrderedDict([('SHELL', '/bin/bash'), ('ROS_VERSION', '2'), ('WINDOWID', '1'), ('COLORTERM', 'truecolor'), ('XDG_CONFIG_DIRS', '/home/brown/.config/kdedefaults:/etc/xdg'), ('KGLOBALACCELD_PLATFORM', 'org.kde.kwin'), ('TERM_PROGRAM_VERSION', '3.3a'), ('TMUX', '/tmp/tmux-1000/default,1806,0'), ('PKG_CONFIG_PATH', '/opt/ros/humble/lib/pkgconfig'), ('ROS_PYTHON_VERSION', '3'), ('LANGUAGE', ''), ('SHELL_SESSION_ID', 'adab33755f16428db603933a933b68e7'), ('MEMORY_PRESSURE_WRITE', 'c29tZSAyMDAwMDAgMjAwMDAwMAA='), ('XCURSOR_SIZE', '24'), ('EDITOR', '/usr/bin/nvim'), ('XDG_SEAT', 'seat0'), ('PWD', '/home/brown/Projects/MiningRobot/ros2_workspace/build/aurora_core'), ('LOGNAME', 'brown'), ('XDG_SESSION_TYPE', 'wayland'), ('SYSTEMD_EXEC_PID', '506'), ('XAUTHORITY', '/run/user/1000/xauth_qwjjoz'), ('MOTD_SHOWN', 'pam'), ('HOME', '/home/brown'), ('LANG', 'C.UTF-8'), ('XDG_CURRENT_DESKTOP', 'KDE'), ('KONSOLE_DBUS_SERVICE', ':1.86'), ('MEMORY_PRESSURE_WATCH', '/sys/fs/cgroup/user.slice/user-1000.slice/user@1000.service/session.slice/plasma-kwin_wayland.service/memory.pressure'), ('WAYLAND_DISPLAY', 'wayland-0'), ('KONSOLE_DBUS_SESSION', '/Sessions/2'), ('PROFILEHOME', ''), ('AMENT_PREFIX_PATH', '/home/brown/Projects/MiningRobot/ros2_workspace/install/aurora_core:/home/brown/Projects/MiningRobot/ros2_workspace/install/ros2_ouster:/home/brown/Projects/MiningRobot/ros2_workspace/install/perception_pcl:/home/brown/Projects/MiningRobot/ros2_workspace/install/pcl_ros:/home/brown/Projects/MiningRobot/ros2_workspace/install/pcl_conversions:/home/brown/Projects/MiningRobot/ros2_workspace/install/pcl_msgs:/home/brown/Projects/MiningRobot/ros2_workspace/install/ouster_msgs:/opt/ros/humble'), ('CMAKE_PREFIX_PATH', '/home/brown/Projects/MiningRobot/ros2_workspace/install/ros2_ouster:/home/brown/Projects/MiningRobot/ros2_workspace/install/pcl_conversions:/home/brown/Projects/MiningRobot/ros2_workspace/install/pcl_msgs:/home/brown/Projects/MiningRobot/ros2_workspace/install/ouster_msgs:/home/brown/Projects/MiningRobot/ros2_workspace/install/aurora_core:/home/brown/Projects/MiningRobot/ros2_workspace/install/perception_pcl:/home/brown/Projects/MiningRobot/ros2_workspace/install/pcl_ros:/opt/ros/humble'), ('COLCON_PREFIX_PATH', '/home/brown/Projects/MiningRobot/ros2_workspace/install:/opt/ros/humble'), ('INVOCATION_ID', '0451ff8a5b7f45339296dc187b8cbfb5'), ('KONSOLE_VERSION', '230801'), ('MANAGERPID', '465'), ('KDE_SESSION_UID', '1000'), ('XDG_ACTIVATION_TOKEN', 'kwin-2'), ('XDG_SESSION_CLASS', 'user'), ('PYTHONPATH', '/home/brown/Projects/MiningRobot/ros2_workspace/install/pcl_msgs/lib/python3.11/site-packages:/home/brown/Projects/MiningRobot/ros2_workspace/install/ouster_msgs/lib/python3.11/site-packages:/home/brown/.cache/yay/ros2-humble/src/install/lib/python3.11/dist-packages:/opt/ros/humble/lib/python3.11/site-packages'), ('COLCON', '1'), ('TERM', 'xterm-256color'), ('USER', 'brown'), ('TMUX_PANE', '%6'), ('CUDA_PATH', '/opt/cuda'), ('COLORFGBG', '15;0'), ('PLASMA_USE_QT_SCALING', '1'), ('KDE_SESSION_VERSION', '5'), ('QT_WAYLAND_FORCE_DPI', '96'), ('DISPLAY', ':0'), ('SHLVL', '3'), ('XDG_VTNR', '1'), ('XDG_SESSION_ID', '1'), ('LD_LIBRARY_PATH', '/home/brown/Projects/MiningRobot/ros2_workspace/install/ros2_ouster/lib:/home/brown/Projects/MiningRobot/ros2_workspace/install/pcl_msgs/lib:/home/brown/Projects/MiningRobot/ros2_workspace/install/ouster_msgs/lib:/home/brown/Projects/MiningRobot/ros2_workspace/install/pcl_ros/lib:/opt/ros/humble/opt/yaml_cpp_vendor/lib:/opt/ros/humble/opt/rviz_ogre_vendor/lib:/opt/ros/humble/lib'), ('XDG_RUNTIME_DIR', '/run/user/1000'), ('ROS_LOCALHOST_ONLY', '0'), ('DEBUGINFOD_URLS', 'https://debuginfod.archlinux.org'), ('QT_AUTO_SCREEN_SCALE_FACTOR', '0'), ('JOURNAL_STREAM', '8:14885'), ('XCURSOR_THEME', 'breeze_cursors'), ('XDG_DATA_DIRS', '/home/brown/.local/share/flatpak/exports/share:/var/lib/flatpak/exports/share:/usr/local/share/:/usr/share/'), ('KDE_FULL_SESSION', 'true'), ('QSG_RENDER_LOOP', 'basic'), ('PATH', '/opt/ros/humble/bin:/home/brown/.local/bin:/home/brown/.local/bin:/home/brown/.local/bin:/usr/local/sbin:/usr/local/bin:/usr/bin:/opt/cuda/bin:/opt/cuda/nsight_compute:/opt/cuda/nsight_systems/bin:/var/lib/flatpak/exports/bin:/usr/lib/jvm/default/bin:/usr/bin/site_perl:/usr/bin/vendor_perl:/usr/bin/core_perl:/opt/cuda/bin:/opt/cuda/nsight_compute:/opt/cuda/nsight_systems/bin'), ('DBUS_SESSION_BUS_ADDRESS', 'unix:path=/run/user/1000/bus'), ('KDE_APPLICATIONS_AS_SCOPE', '1'), ('MAIL', '/var/spool/mail/brown'), ('ROS_DISTRO', 'humble'), ('OLDPWD', '/home/brown/Projects/MiningRobot/autonomy/lunabug'), ('TERM_PROGRAM', 'tmux'), ('KONSOLE_DBUS_WINDOW', '/Windows/1'), ('_', '/usr/bin/env')]), 'shell': False}
[8.212866] (aurora_core) StdoutLine: {'line': b'-- Install configuration: ""\n'}
[8.213587] (aurora_core) StdoutLine: {'line': b'-- Installing: /home/brown/Projects/MiningRobot/ros2_workspace/install/aurora_core/lib/aurora_core/aurora_node_core\n'}
[8.216286] (aurora_core) StdoutLine: {'line': b'-- Set runtime path of "/home/brown/Projects/MiningRobot/ros2_workspace/install/aurora_core/lib/aurora_core/aurora_node_core" to ""\n'}
[8.216576] (aurora_core) StdoutLine: {'line': b'-- Up-to-date: /home/brown/Projects/MiningRobot/ros2_workspace/install/aurora_core/share/ament_index/resource_index/package_run_dependencies/aurora_core\n'}
[8.216999] (aurora_core) StdoutLine: {'line': b'-- Up-to-date: /home/brown/Projects/MiningRobot/ros2_workspace/install/aurora_core/share/ament_index/resource_index/parent_prefix_path/aurora_core\n'}
[8.217226] (aurora_core) StdoutLine: {'line': b'-- Up-to-date: /home/brown/Projects/MiningRobot/ros2_workspace/install/aurora_core/share/aurora_core/environment/ament_prefix_path.sh\n'}
[8.217346] (aurora_core) StdoutLine: {'line': b'-- Up-to-date: /home/brown/Projects/MiningRobot/ros2_workspace/install/aurora_core/share/aurora_core/environment/ament_prefix_path.dsv\n'}
[8.217596] (aurora_core) StdoutLine: {'line': b'-- Up-to-date: /home/brown/Projects/MiningRobot/ros2_workspace/install/aurora_core/share/aurora_core/environment/path.sh\n'}
[8.217745] (aurora_core) StdoutLine: {'line': b'-- Up-to-date: /home/brown/Projects/MiningRobot/ros2_workspace/install/aurora_core/share/aurora_core/environment/path.dsv\n'}
[8.217854] (aurora_core) StdoutLine: {'line': b'-- Up-to-date: /home/brown/Projects/MiningRobot/ros2_workspace/install/aurora_core/share/aurora_core/local_setup.bash\n'}
[8.217957] (aurora_core) StdoutLine: {'line': b'-- Up-to-date: /home/brown/Projects/MiningRobot/ros2_workspace/install/aurora_core/share/aurora_core/local_setup.sh\n'}
[8.218057] (aurora_core) StdoutLine: {'line': b'-- Up-to-date: /home/brown/Projects/MiningRobot/ros2_workspace/install/aurora_core/share/aurora_core/local_setup.zsh\n'}
[8.218158] (aurora_core) StdoutLine: {'line': b'-- Up-to-date: /home/brown/Projects/MiningRobot/ros2_workspace/install/aurora_core/share/aurora_core/local_setup.dsv\n'}
[8.218258] (aurora_core) StdoutLine: {'line': b'-- Installing: /home/brown/Projects/MiningRobot/ros2_workspace/install/aurora_core/share/aurora_core/package.dsv\n'}
[8.218358] (aurora_core) StdoutLine: {'line': b'-- Up-to-date: /home/brown/Projects/MiningRobot/ros2_workspace/install/aurora_core/share/ament_index/resource_index/packages/aurora_core\n'}
[8.218472] (aurora_core) StdoutLine: {'line': b'-- Up-to-date: /home/brown/Projects/MiningRobot/ros2_workspace/install/aurora_core/share/aurora_core/cmake/aurora_coreConfig.cmake\n'}
[8.218572] (aurora_core) StdoutLine: {'line': b'-- Up-to-date: /home/brown/Projects/MiningRobot/ros2_workspace/install/aurora_core/share/aurora_core/cmake/aurora_coreConfig-version.cmake\n'}
[8.218672] (aurora_core) StdoutLine: {'line': b'-- Up-to-date: /home/brown/Projects/MiningRobot/ros2_workspace/install/aurora_core/share/aurora_core/package.xml\n'}
[8.220898] (aurora_core) CommandEnded: {'returncode': 0}
[8.235449] (-) TimerEvent: {}
[8.335936] (-) TimerEvent: {}
[8.436392] (-) TimerEvent: {}
[8.537482] (-) TimerEvent: {}
[8.540050] (aurora_core) JobEnded: {'identifier': 'aurora_core', 'rc': 0}
[8.541113] (-) EventReactorShutdown: {}
