[0.266s] Invoking command in '/home/brown/Projects/MiningRobot/ros2_workspace/build/pcl_msgs': _=/usr/bin/env /usr/bin/cmake --build /home/brown/Projects/MiningRobot/ros2_workspace/build/pcl_msgs -- -j4 -l4
[0.357s] -- Found ament_cmake: 1.3.5 (/opt/ros/humble/share/ament_cmake/cmake)
[0.796s] -- Found rosidl_default_generators: 1.2.0 (/opt/ros/humble/share/rosidl_default_generators/cmake)
[0.803s] -- Using all available rosidl_typesupport_c: rosidl_typesupport_fastrtps_c;rosidl_typesupport_introspection_c
[0.811s] -- Found rosidl_adapter: 3.1.5 (/opt/ros/humble/share/rosidl_adapter/cmake)
[0.873s] -- Using all available rosidl_typesupport_cpp: rosidl_typesupport_fastrtps_cpp;rosidl_typesupport_introspection_cpp
[0.924s] -- Found sensor_msgs: 4.2.3 (/opt/ros/humble/share/sensor_msgs/cmake)
[2.216s] -- Found ament_cmake_cppcheck: 0.12.8 (/opt/ros/humble/share/ament_cmake_cppcheck/cmake)
[2.219s] -- Found ament_cmake_cpplint: 0.12.8 (/opt/ros/humble/share/ament_cmake_cpplint/cmake)
[2.221s] -- Found ament_cmake_uncrustify: 0.12.8 (/opt/ros/humble/share/ament_cmake_uncrustify/cmake)
[2.224s] -- Found ament_cmake_ros: 0.10.0 (/opt/ros/humble/share/ament_cmake_ros/cmake)
[3.162s] -- Using all available rosidl_typesupport_c: rosidl_typesupport_fastrtps_c;rosidl_typesupport_introspection_c
[4.445s] -- Using all available rosidl_typesupport_cpp: rosidl_typesupport_fastrtps_cpp;rosidl_typesupport_introspection_cpp
[4.452s] [33mCMake Warning (dev) at /opt/ros/humble/share/rosidl_generator_py/cmake/rosidl_generator_py_generate_interfaces.cmake:20 (find_package):
[4.453s]   Policy CMP0148 is not set: The FindPythonInterp and FindPythonLibs modules
[4.453s]   are removed.  Run "cmake --help-policy CMP0148" for policy details.  Use
[4.453s]   the cmake_policy command to set the policy and suppress this warning.
[4.453s] 
[4.454s] Call Stack (most recent call first):
[4.454s]   /opt/ros/humble/share/ament_cmake_core/cmake/core/ament_execute_extensions.cmake:48 (include)
[4.454s]   /opt/ros/humble/share/rosidl_cmake/cmake/rosidl_generate_interfaces.cmake:286 (ament_execute_extensions)
[4.454s]   CMakeLists.txt:31 (rosidl_generate_interfaces)
[4.454s] This warning is for project developers.  Use -Wno-dev to suppress it.
[4.454s] [0m
[4.509s] -- Found python_cmake_module: 0.10.0 (/opt/ros/humble/share/python_cmake_module/cmake)
[4.509s] [33mCMake Warning (dev) at /opt/ros/humble/share/python_cmake_module/cmake/Modules/FindPythonExtra.cmake:52 (find_package):
[4.509s]   Policy CMP0148 is not set: The FindPythonInterp and FindPythonLibs modules
[4.509s]   are removed.  Run "cmake --help-policy CMP0148" for policy details.  Use
[4.510s]   the cmake_policy command to set the policy and suppress this warning.
[4.510s] 
[4.510s] Call Stack (most recent call first):
[4.510s]   /opt/ros/humble/share/rosidl_generator_py/cmake/rosidl_generator_py_generate_interfaces.cmake:23 (find_package)
[4.510s]   /opt/ros/humble/share/ament_cmake_core/cmake/core/ament_execute_extensions.cmake:48 (include)
[4.510s]   /opt/ros/humble/share/rosidl_cmake/cmake/rosidl_generate_interfaces.cmake:286 (ament_execute_extensions)
[4.511s]   CMakeLists.txt:31 (rosidl_generate_interfaces)
[4.511s] This warning is for project developers.  Use -Wno-dev to suppress it.
[4.511s] [0m
[4.603s] [33mCMake Warning (dev) at /opt/ros/humble/share/python_cmake_module/cmake/Modules/FindPythonExtra.cmake:140 (find_package):
[4.603s]   Policy CMP0148 is not set: The FindPythonInterp and FindPythonLibs modules
[4.604s]   are removed.  Run "cmake --help-policy CMP0148" for policy details.  Use
[4.604s]   the cmake_policy command to set the policy and suppress this warning.
[4.604s] 
[4.604s] Call Stack (most recent call first):
[4.605s]   /opt/ros/humble/share/rosidl_generator_py/cmake/rosidl_generator_py_generate_interfaces.cmake:23 (find_package)
[4.605s]   /opt/ros/humble/share/ament_cmake_core/cmake/core/ament_execute_extensions.cmake:48 (include)
[4.605s]   /opt/ros/humble/share/rosidl_cmake/cmake/rosidl_generate_interfaces.cmake:286 (ament_execute_extensions)
[4.605s]   CMakeLists.txt:31 (rosidl_generate_interfaces)
[4.606s] This warning is for project developers.  Use -Wno-dev to suppress it.
[4.606s] [0m
[4.611s] -- Using PYTHON_EXECUTABLE: /usr/bin/python3
[4.611s] -- Using PYTHON_INCLUDE_DIRS: /usr/include/python3.11
[4.611s] -- Using PYTHON_LIBRARIES: /usr/lib/libpython3.11.so
[5.203s] -- Using numpy include directory: /usr/lib/python3.11/site-packages/numpy/core/include
[5.264s] -- Found ament_cmake_flake8: 0.12.8 (/opt/ros/humble/share/ament_cmake_flake8/cmake)
[5.274s] -- Found ament_cmake_pep257: 0.12.8 (/opt/ros/humble/share/ament_cmake_pep257/cmake)
[5.296s] -- Configuring done (5.0s)
[5.617s] -- Generating done (0.2s)
[5.619s] -- Build files have been written to: /home/brown/Projects/MiningRobot/ros2_workspace/build/pcl_msgs
[6.157s] [  1%] Built target pcl_msgs__cpp
[6.381s] [  1%] Built target ament_cmake_python_copy_pcl_msgs
[6.510s] [  3%] [32mBuilding CXX object CMakeFiles/pcl_msgs__rosidl_typesupport_fastrtps_cpp.dir/rosidl_typesupport_fastrtps_cpp/pcl_msgs/msg/detail/dds_fastrtps/model_coefficients__type_support.cpp.o[0m
[7.515s] [  4%] [32mBuilding CXX object CMakeFiles/pcl_msgs__rosidl_typesupport_introspection_cpp.dir/rosidl_typesupport_introspection_cpp/pcl_msgs/msg/detail/model_coefficients__type_support.cpp.o[0m
[7.918s] [  6%] [32mBuilding CXX object CMakeFiles/pcl_msgs__rosidl_typesupport_fastrtps_cpp.dir/rosidl_typesupport_fastrtps_cpp/pcl_msgs/msg/detail/dds_fastrtps/point_indices__type_support.cpp.o[0m
[8.554s] [  7%] [32mBuilding CXX object CMakeFiles/pcl_msgs__rosidl_typesupport_cpp.dir/rosidl_typesupport_cpp/pcl_msgs/msg/model_coefficients__type_support.cpp.o[0m
[8.594s] [  9%] [32mBuilding CXX object CMakeFiles/pcl_msgs__rosidl_typesupport_introspection_cpp.dir/rosidl_typesupport_introspection_cpp/pcl_msgs/msg/detail/point_indices__type_support.cpp.o[0m
[9.378s] [ 11%] [32mBuilding CXX object CMakeFiles/pcl_msgs__rosidl_typesupport_fastrtps_cpp.dir/rosidl_typesupport_fastrtps_cpp/pcl_msgs/msg/detail/dds_fastrtps/polygon_mesh__type_support.cpp.o[0m
[9.551s] [ 12%] [32mBuilding CXX object CMakeFiles/pcl_msgs__rosidl_typesupport_cpp.dir/rosidl_typesupport_cpp/pcl_msgs/msg/point_indices__type_support.cpp.o[0m
[9.700s] [ 14%] [32mBuilding CXX object CMakeFiles/pcl_msgs__rosidl_typesupport_introspection_cpp.dir/rosidl_typesupport_introspection_cpp/pcl_msgs/msg/detail/polygon_mesh__type_support.cpp.o[0m
[10.443s] [ 15%] [32mBuilding CXX object CMakeFiles/pcl_msgs__rosidl_typesupport_cpp.dir/rosidl_typesupport_cpp/pcl_msgs/msg/polygon_mesh__type_support.cpp.o[0m
[10.912s] [ 17%] [32mBuilding CXX object CMakeFiles/pcl_msgs__rosidl_typesupport_fastrtps_cpp.dir/rosidl_typesupport_fastrtps_cpp/pcl_msgs/msg/detail/dds_fastrtps/vertices__type_support.cpp.o[0m
[11.073s] [ 19%] [32mBuilding CXX object CMakeFiles/pcl_msgs__rosidl_typesupport_introspection_cpp.dir/rosidl_typesupport_introspection_cpp/pcl_msgs/msg/detail/vertices__type_support.cpp.o[0m
[11.387s] [ 20%] [32mBuilding CXX object CMakeFiles/pcl_msgs__rosidl_typesupport_cpp.dir/rosidl_typesupport_cpp/pcl_msgs/msg/vertices__type_support.cpp.o[0m
[12.237s] [ 22%] [32mBuilding CXX object CMakeFiles/pcl_msgs__rosidl_typesupport_introspection_cpp.dir/rosidl_typesupport_introspection_cpp/pcl_msgs/srv/detail/update_filename__type_support.cpp.o[0m
[12.322s] [ 23%] [32mBuilding CXX object CMakeFiles/pcl_msgs__rosidl_typesupport_cpp.dir/rosidl_typesupport_cpp/pcl_msgs/srv/update_filename__type_support.cpp.o[0m
[12.458s] [ 25%] [32mBuilding CXX object CMakeFiles/pcl_msgs__rosidl_typesupport_fastrtps_cpp.dir/rosidl_typesupport_fastrtps_cpp/pcl_msgs/srv/detail/dds_fastrtps/update_filename__type_support.cpp.o[0m
[13.348s] [ 26%] [32m[1mLinking CXX shared library libpcl_msgs__rosidl_typesupport_cpp.so[0m
[13.450s] [ 28%] [32m[1mLinking CXX shared library libpcl_msgs__rosidl_typesupport_introspection_cpp.so[0m
[13.531s] [ 30%] Built target pcl_msgs__rosidl_typesupport_cpp
[13.630s] [ 31%] Built target pcl_msgs__rosidl_typesupport_introspection_cpp
[13.810s] [ 33%] [32m[1mLinking CXX shared library libpcl_msgs__rosidl_typesupport_fastrtps_cpp.so[0m
[13.973s] [ 34%] Built target pcl_msgs__rosidl_typesupport_fastrtps_cpp
[14.018s] running egg_info
[14.060s] writing pcl_msgs.egg-info/PKG-INFO
[14.060s] writing dependency_links to pcl_msgs.egg-info/dependency_links.txt
[14.061s] writing top-level names to pcl_msgs.egg-info/top_level.txt
[14.154s] [ 36%] [32mBuilding C object CMakeFiles/pcl_msgs__rosidl_generator_c.dir/rosidl_generator_c/pcl_msgs/msg/detail/model_coefficients__functions.c.o[0m
[14.179s] reading manifest file 'pcl_msgs.egg-info/SOURCES.txt'
[14.180s] writing manifest file 'pcl_msgs.egg-info/SOURCES.txt'
[14.240s] [ 36%] Built target ament_cmake_python_build_pcl_msgs_egg
[14.262s] [ 39%] [32mBuilding C object CMakeFiles/pcl_msgs__rosidl_generator_c.dir/rosidl_generator_c/pcl_msgs/msg/detail/polygon_mesh__functions.c.o[0m
[14.262s] [ 39%] [32mBuilding C object CMakeFiles/pcl_msgs__rosidl_generator_c.dir/rosidl_generator_c/pcl_msgs/msg/detail/vertices__functions.c.o[0m
[14.378s] [ 41%] [32mBuilding C object CMakeFiles/pcl_msgs__rosidl_generator_c.dir/rosidl_generator_c/pcl_msgs/srv/detail/update_filename__functions.c.o[0m
[14.493s] [ 42%] [32mBuilding C object CMakeFiles/pcl_msgs__rosidl_generator_c.dir/rosidl_generator_c/pcl_msgs/msg/detail/point_indices__functions.c.o[0m
[14.619s] [ 44%] [32m[1mLinking C shared library libpcl_msgs__rosidl_generator_c.so[0m
[14.697s] [ 46%] Built target pcl_msgs__rosidl_generator_c
[14.759s] [ 47%] [32mBuilding C object CMakeFiles/pcl_msgs__rosidl_typesupport_introspection_c.dir/rosidl_typesupport_introspection_c/pcl_msgs/msg/detail/point_indices__type_support.c.o[0m
[14.761s] [ 50%] [32mBuilding CXX object CMakeFiles/pcl_msgs__rosidl_typesupport_c.dir/rosidl_typesupport_c/pcl_msgs/msg/model_coefficients__type_support.cpp.o[0m
[14.761s] [ 50%] [32mBuilding C object CMakeFiles/pcl_msgs__rosidl_typesupport_introspection_c.dir/rosidl_typesupport_introspection_c/pcl_msgs/msg/detail/model_coefficients__type_support.c.o[0m
[14.811s] [ 52%] [32mBuilding CXX object CMakeFiles/pcl_msgs__rosidl_typesupport_fastrtps_c.dir/rosidl_typesupport_fastrtps_c/pcl_msgs/msg/detail/model_coefficients__type_support_c.cpp.o[0m
[14.877s] [ 53%] [32mBuilding CXX object CMakeFiles/pcl_msgs__rosidl_typesupport_c.dir/rosidl_typesupport_c/pcl_msgs/msg/point_indices__type_support.cpp.o[0m
[14.917s] [ 55%] [32mBuilding C object CMakeFiles/pcl_msgs__rosidl_typesupport_introspection_c.dir/rosidl_typesupport_introspection_c/pcl_msgs/msg/detail/polygon_mesh__type_support.c.o[0m
[15.002s] [ 57%] [32mBuilding CXX object CMakeFiles/pcl_msgs__rosidl_typesupport_c.dir/rosidl_typesupport_c/pcl_msgs/msg/polygon_mesh__type_support.cpp.o[0m
[15.077s] [ 58%] [32mBuilding C object CMakeFiles/pcl_msgs__rosidl_typesupport_introspection_c.dir/rosidl_typesupport_introspection_c/pcl_msgs/msg/detail/vertices__type_support.c.o[0m
[15.086s] [ 60%] [32mBuilding CXX object CMakeFiles/pcl_msgs__rosidl_typesupport_c.dir/rosidl_typesupport_c/pcl_msgs/msg/vertices__type_support.cpp.o[0m
[15.181s] [ 61%] [32mBuilding CXX object CMakeFiles/pcl_msgs__rosidl_typesupport_c.dir/rosidl_typesupport_c/pcl_msgs/srv/update_filename__type_support.cpp.o[0m
[15.186s] [ 63%] [32mBuilding C object CMakeFiles/pcl_msgs__rosidl_typesupport_introspection_c.dir/rosidl_typesupport_introspection_c/pcl_msgs/srv/detail/update_filename__type_support.c.o[0m
[15.273s] [ 65%] [32m[1mLinking CXX shared library libpcl_msgs__rosidl_typesupport_c.so[0m
[15.305s] [ 66%] [32m[1mLinking C shared library libpcl_msgs__rosidl_typesupport_introspection_c.so[0m
[15.429s] [ 68%] Built target pcl_msgs__rosidl_typesupport_introspection_c
[15.483s] [ 69%] Built target pcl_msgs__rosidl_typesupport_c
[15.928s] [ 73%] [32mBuilding CXX object CMakeFiles/pcl_msgs__rosidl_typesupport_fastrtps_c.dir/rosidl_typesupport_fastrtps_c/pcl_msgs/msg/detail/polygon_mesh__type_support_c.cpp.o[0m
[15.929s] [ 73%] [32mBuilding CXX object CMakeFiles/pcl_msgs__rosidl_typesupport_fastrtps_c.dir/rosidl_typesupport_fastrtps_c/pcl_msgs/msg/detail/vertices__type_support_c.cpp.o[0m
[16.633s] [ 74%] [32mBuilding CXX object CMakeFiles/pcl_msgs__rosidl_typesupport_fastrtps_c.dir/rosidl_typesupport_fastrtps_c/pcl_msgs/srv/detail/update_filename__type_support_c.cpp.o[0m
[16.633s] [ 76%] [32mBuilding CXX object CMakeFiles/pcl_msgs__rosidl_typesupport_fastrtps_c.dir/rosidl_typesupport_fastrtps_c/pcl_msgs/msg/detail/point_indices__type_support_c.cpp.o[0m
[17.516s] [ 77%] [32m[1mLinking CXX shared library libpcl_msgs__rosidl_typesupport_fastrtps_c.so[0m
[17.635s] [ 79%] Built target pcl_msgs__rosidl_typesupport_fastrtps_c
[17.670s] [ 79%] Built target pcl_msgs
[17.704s] [ 80%] Built target pcl_msgs__py
[17.760s] [ 85%] [32mBuilding C object CMakeFiles/pcl_msgs__rosidl_generator_py.dir/rosidl_generator_py/pcl_msgs/msg/_model_coefficients_s.c.o[0m
[17.761s] [ 85%] [32mBuilding C object CMakeFiles/pcl_msgs__rosidl_generator_py.dir/rosidl_generator_py/pcl_msgs/msg/_point_indices_s.c.o[0m
[17.761s] [ 87%] [32mBuilding C object CMakeFiles/pcl_msgs__rosidl_generator_py.dir/rosidl_generator_py/pcl_msgs/msg/_vertices_s.c.o[0m
[17.761s] [ 85%] [32mBuilding C object CMakeFiles/pcl_msgs__rosidl_generator_py.dir/rosidl_generator_py/pcl_msgs/msg/_polygon_mesh_s.c.o[0m
[18.122s] [ 88%] [32mBuilding C object CMakeFiles/pcl_msgs__rosidl_generator_py.dir/rosidl_generator_py/pcl_msgs/srv/_update_filename_s.c.o[0m
[18.334s] [ 90%] [32m[1mLinking C shared library rosidl_generator_py/pcl_msgs/libpcl_msgs__rosidl_generator_py.so[0m
[18.396s] [ 90%] Built target pcl_msgs__rosidl_generator_py
[18.451s] [ 92%] [32mBuilding C object CMakeFiles/pcl_msgs__rosidl_typesupport_introspection_c__pyext.dir/rosidl_generator_py/pcl_msgs/_pcl_msgs_s.ep.rosidl_typesupport_introspection_c.c.o[0m
[18.453s] [ 93%] [32mBuilding C object CMakeFiles/pcl_msgs__rosidl_typesupport_c__pyext.dir/rosidl_generator_py/pcl_msgs/_pcl_msgs_s.ep.rosidl_typesupport_c.c.o[0m
[18.457s] [ 95%] [32mBuilding C object CMakeFiles/pcl_msgs__rosidl_typesupport_fastrtps_c__pyext.dir/rosidl_generator_py/pcl_msgs/_pcl_msgs_s.ep.rosidl_typesupport_fastrtps_c.c.o[0m
[18.766s] [ 96%] [32m[1mLinking C shared library rosidl_generator_py/pcl_msgs/pcl_msgs_s__rosidl_typesupport_c.cpython-311-x86_64-linux-gnu.so[0m
[18.795s] [ 98%] [32m[1mLinking C shared library rosidl_generator_py/pcl_msgs/pcl_msgs_s__rosidl_typesupport_introspection_c.cpython-311-x86_64-linux-gnu.so[0m
[18.830s] [100%] [32m[1mLinking C shared library rosidl_generator_py/pcl_msgs/pcl_msgs_s__rosidl_typesupport_fastrtps_c.cpython-311-x86_64-linux-gnu.so[0m
[18.893s] [100%] Built target pcl_msgs__rosidl_typesupport_c__pyext
[18.952s] [100%] Built target pcl_msgs__rosidl_typesupport_introspection_c__pyext
[18.961s] [100%] Built target pcl_msgs__rosidl_typesupport_fastrtps_c__pyext
[18.976s] Invoked command in '/home/brown/Projects/MiningRobot/ros2_workspace/build/pcl_msgs' returned '0': _=/usr/bin/env /usr/bin/cmake --build /home/brown/Projects/MiningRobot/ros2_workspace/build/pcl_msgs -- -j4 -l4
[19.583s] Invoking command in '/home/brown/Projects/MiningRobot/ros2_workspace/build/pcl_msgs': _=/usr/bin/env /usr/bin/cmake --install /home/brown/Projects/MiningRobot/ros2_workspace/build/pcl_msgs
[19.591s] -- Install configuration: ""
[19.592s] -- Up-to-date: /home/brown/Projects/MiningRobot/ros2_workspace/install/pcl_msgs/share/ament_index/resource_index/rosidl_interfaces/pcl_msgs
[19.592s] -- Up-to-date: /home/brown/Projects/MiningRobot/ros2_workspace/install/pcl_msgs/include/pcl_msgs/pcl_msgs
[19.592s] -- Up-to-date: /home/brown/Projects/MiningRobot/ros2_workspace/install/pcl_msgs/include/pcl_msgs/pcl_msgs/srv
[19.593s] -- Up-to-date: /home/brown/Projects/MiningRobot/ros2_workspace/install/pcl_msgs/include/pcl_msgs/pcl_msgs/srv/update_filename.h
[19.593s] -- Up-to-date: /home/brown/Projects/MiningRobot/ros2_workspace/install/pcl_msgs/include/pcl_msgs/pcl_msgs/srv/detail
[19.593s] -- Up-to-date: /home/brown/Projects/MiningRobot/ros2_workspace/install/pcl_msgs/include/pcl_msgs/pcl_msgs/srv/detail/update_filename__struct.h
[19.593s] -- Up-to-date: /home/brown/Projects/MiningRobot/ros2_workspace/install/pcl_msgs/include/pcl_msgs/pcl_msgs/srv/detail/update_filename__type_support.h
[19.594s] -- Up-to-date: /home/brown/Projects/MiningRobot/ros2_workspace/install/pcl_msgs/include/pcl_msgs/pcl_msgs/srv/detail/update_filename__functions.c
[19.594s] -- Up-to-date: /home/brown/Projects/MiningRobot/ros2_workspace/install/pcl_msgs/include/pcl_msgs/pcl_msgs/srv/detail/update_filename__functions.h
[19.594s] -- Up-to-date: /home/brown/Projects/MiningRobot/ros2_workspace/install/pcl_msgs/include/pcl_msgs/pcl_msgs/msg
[19.594s] -- Up-to-date: /home/brown/Projects/MiningRobot/ros2_workspace/install/pcl_msgs/include/pcl_msgs/pcl_msgs/msg/vertices.h
[19.594s] -- Up-to-date: /home/brown/Projects/MiningRobot/ros2_workspace/install/pcl_msgs/include/pcl_msgs/pcl_msgs/msg/polygon_mesh.h
[19.594s] -- Up-to-date: /home/brown/Projects/MiningRobot/ros2_workspace/install/pcl_msgs/include/pcl_msgs/pcl_msgs/msg/detail
[19.594s] -- Installing: /home/brown/Projects/MiningRobot/ros2_workspace/install/pcl_msgs/include/pcl_msgs/pcl_msgs/msg/detail/polygon_mesh__functions.h
[19.594s] -- Installing: /home/brown/Projects/MiningRobot/ros2_workspace/install/pcl_msgs/include/pcl_msgs/pcl_msgs/msg/detail/vertices__functions.c
[19.595s] -- Installing: /home/brown/Projects/MiningRobot/ros2_workspace/install/pcl_msgs/include/pcl_msgs/pcl_msgs/msg/detail/polygon_mesh__type_support.h
[19.595s] -- Installing: /home/brown/Projects/MiningRobot/ros2_workspace/install/pcl_msgs/include/pcl_msgs/pcl_msgs/msg/detail/vertices__functions.h
[19.595s] -- Installing: /home/brown/Projects/MiningRobot/ros2_workspace/install/pcl_msgs/include/pcl_msgs/pcl_msgs/msg/detail/model_coefficients__type_support.h
[19.595s] -- Up-to-date: /home/brown/Projects/MiningRobot/ros2_workspace/install/pcl_msgs/include/pcl_msgs/pcl_msgs/msg/detail/vertices__type_support.h
[19.595s] -- Installing: /home/brown/Projects/MiningRobot/ros2_workspace/install/pcl_msgs/include/pcl_msgs/pcl_msgs/msg/detail/vertices__struct.h
[19.595s] -- Installing: /home/brown/Projects/MiningRobot/ros2_workspace/install/pcl_msgs/include/pcl_msgs/pcl_msgs/msg/detail/model_coefficients__functions.h
[19.596s] -- Installing: /home/brown/Projects/MiningRobot/ros2_workspace/install/pcl_msgs/include/pcl_msgs/pcl_msgs/msg/detail/polygon_mesh__functions.c
[19.596s] -- Installing: /home/brown/Projects/MiningRobot/ros2_workspace/install/pcl_msgs/include/pcl_msgs/pcl_msgs/msg/detail/point_indices__type_support.h
[19.596s] -- Installing: /home/brown/Projects/MiningRobot/ros2_workspace/install/pcl_msgs/include/pcl_msgs/pcl_msgs/msg/detail/polygon_mesh__struct.h
[19.596s] -- Installing: /home/brown/Projects/MiningRobot/ros2_workspace/install/pcl_msgs/include/pcl_msgs/pcl_msgs/msg/detail/model_coefficients__functions.c
[19.596s] -- Installing: /home/brown/Projects/MiningRobot/ros2_workspace/install/pcl_msgs/include/pcl_msgs/pcl_msgs/msg/detail/point_indices__struct.h
[19.596s] -- Installing: /home/brown/Projects/MiningRobot/ros2_workspace/install/pcl_msgs/include/pcl_msgs/pcl_msgs/msg/detail/point_indices__functions.h
[19.597s] -- Installing: /home/brown/Projects/MiningRobot/ros2_workspace/install/pcl_msgs/include/pcl_msgs/pcl_msgs/msg/detail/point_indices__functions.c
[19.597s] -- Installing: /home/brown/Projects/MiningRobot/ros2_workspace/install/pcl_msgs/include/pcl_msgs/pcl_msgs/msg/detail/model_coefficients__struct.h
[19.597s] -- Up-to-date: /home/brown/Projects/MiningRobot/ros2_workspace/install/pcl_msgs/include/pcl_msgs/pcl_msgs/msg/model_coefficients.h
[19.597s] -- Up-to-date: /home/brown/Projects/MiningRobot/ros2_workspace/install/pcl_msgs/include/pcl_msgs/pcl_msgs/msg/point_indices.h
[19.597s] -- Up-to-date: /home/brown/Projects/MiningRobot/ros2_workspace/install/pcl_msgs/include/pcl_msgs/pcl_msgs/msg/rosidl_generator_c__visibility_control.h
[19.597s] -- Installing: /home/brown/Projects/MiningRobot/ros2_workspace/install/pcl_msgs/share/pcl_msgs/environment/library_path.sh
[19.597s] -- Installing: /home/brown/Projects/MiningRobot/ros2_workspace/install/pcl_msgs/share/pcl_msgs/environment/library_path.dsv
[19.597s] -- Installing: /home/brown/Projects/MiningRobot/ros2_workspace/install/pcl_msgs/lib/libpcl_msgs__rosidl_generator_c.so
[19.598s] -- Set runtime path of "/home/brown/Projects/MiningRobot/ros2_workspace/install/pcl_msgs/lib/libpcl_msgs__rosidl_generator_c.so" to ""
[19.598s] -- Up-to-date: /home/brown/Projects/MiningRobot/ros2_workspace/install/pcl_msgs/include/pcl_msgs/pcl_msgs
[19.598s] -- Up-to-date: /home/brown/Projects/MiningRobot/ros2_workspace/install/pcl_msgs/include/pcl_msgs/pcl_msgs/srv
[19.598s] -- Up-to-date: /home/brown/Projects/MiningRobot/ros2_workspace/install/pcl_msgs/include/pcl_msgs/pcl_msgs/srv/detail
[19.598s] -- Up-to-date: /home/brown/Projects/MiningRobot/ros2_workspace/install/pcl_msgs/include/pcl_msgs/pcl_msgs/srv/detail/update_filename__rosidl_typesupport_fastrtps_c.h
[19.599s] -- Up-to-date: /home/brown/Projects/MiningRobot/ros2_workspace/install/pcl_msgs/include/pcl_msgs/pcl_msgs/msg
[19.599s] -- Up-to-date: /home/brown/Projects/MiningRobot/ros2_workspace/install/pcl_msgs/include/pcl_msgs/pcl_msgs/msg/detail
[19.599s] -- Up-to-date: /home/brown/Projects/MiningRobot/ros2_workspace/install/pcl_msgs/include/pcl_msgs/pcl_msgs/msg/detail/polygon_mesh__rosidl_typesupport_fastrtps_c.h
[19.599s] -- Up-to-date: /home/brown/Projects/MiningRobot/ros2_workspace/install/pcl_msgs/include/pcl_msgs/pcl_msgs/msg/detail/model_coefficients__rosidl_typesupport_fastrtps_c.h
[19.599s] -- Up-to-date: /home/brown/Projects/MiningRobot/ros2_workspace/install/pcl_msgs/include/pcl_msgs/pcl_msgs/msg/detail/point_indices__rosidl_typesupport_fastrtps_c.h
[19.599s] -- Up-to-date: /home/brown/Projects/MiningRobot/ros2_workspace/install/pcl_msgs/include/pcl_msgs/pcl_msgs/msg/detail/vertices__rosidl_typesupport_fastrtps_c.h
[19.599s] -- Up-to-date: /home/brown/Projects/MiningRobot/ros2_workspace/install/pcl_msgs/include/pcl_msgs/pcl_msgs/msg/rosidl_typesupport_fastrtps_c__visibility_control.h
[19.599s] -- Installing: /home/brown/Projects/MiningRobot/ros2_workspace/install/pcl_msgs/lib/libpcl_msgs__rosidl_typesupport_fastrtps_c.so
[19.600s] -- Set runtime path of "/home/brown/Projects/MiningRobot/ros2_workspace/install/pcl_msgs/lib/libpcl_msgs__rosidl_typesupport_fastrtps_c.so" to ""
[19.600s] -- Up-to-date: /home/brown/Projects/MiningRobot/ros2_workspace/install/pcl_msgs/include/pcl_msgs/pcl_msgs
[19.600s] -- Up-to-date: /home/brown/Projects/MiningRobot/ros2_workspace/install/pcl_msgs/include/pcl_msgs/pcl_msgs/srv
[19.600s] -- Up-to-date: /home/brown/Projects/MiningRobot/ros2_workspace/install/pcl_msgs/include/pcl_msgs/pcl_msgs/srv/detail
[19.600s] -- Up-to-date: /home/brown/Projects/MiningRobot/ros2_workspace/install/pcl_msgs/include/pcl_msgs/pcl_msgs/srv/detail/update_filename__rosidl_typesupport_introspection_c.h
[19.601s] -- Up-to-date: /home/brown/Projects/MiningRobot/ros2_workspace/install/pcl_msgs/include/pcl_msgs/pcl_msgs/srv/detail/update_filename__type_support.c
[19.601s] -- Up-to-date: /home/brown/Projects/MiningRobot/ros2_workspace/install/pcl_msgs/include/pcl_msgs/pcl_msgs/msg
[19.601s] -- Up-to-date: /home/brown/Projects/MiningRobot/ros2_workspace/install/pcl_msgs/include/pcl_msgs/pcl_msgs/msg/rosidl_typesupport_introspection_c__visibility_control.h
[19.601s] -- Up-to-date: /home/brown/Projects/MiningRobot/ros2_workspace/install/pcl_msgs/include/pcl_msgs/pcl_msgs/msg/detail
[19.601s] -- Up-to-date: /home/brown/Projects/MiningRobot/ros2_workspace/install/pcl_msgs/include/pcl_msgs/pcl_msgs/msg/detail/point_indices__rosidl_typesupport_introspection_c.h
[19.601s] -- Up-to-date: /home/brown/Projects/MiningRobot/ros2_workspace/install/pcl_msgs/include/pcl_msgs/pcl_msgs/msg/detail/point_indices__type_support.c
[19.601s] -- Up-to-date: /home/brown/Projects/MiningRobot/ros2_workspace/install/pcl_msgs/include/pcl_msgs/pcl_msgs/msg/detail/vertices__type_support.c
[19.601s] -- Up-to-date: /home/brown/Projects/MiningRobot/ros2_workspace/install/pcl_msgs/include/pcl_msgs/pcl_msgs/msg/detail/polygon_mesh__type_support.c
[19.601s] -- Up-to-date: /home/brown/Projects/MiningRobot/ros2_workspace/install/pcl_msgs/include/pcl_msgs/pcl_msgs/msg/detail/polygon_mesh__rosidl_typesupport_introspection_c.h
[19.602s] -- Up-to-date: /home/brown/Projects/MiningRobot/ros2_workspace/install/pcl_msgs/include/pcl_msgs/pcl_msgs/msg/detail/vertices__rosidl_typesupport_introspection_c.h
[19.602s] -- Up-to-date: /home/brown/Projects/MiningRobot/ros2_workspace/install/pcl_msgs/include/pcl_msgs/pcl_msgs/msg/detail/model_coefficients__type_support.c
[19.602s] -- Up-to-date: /home/brown/Projects/MiningRobot/ros2_workspace/install/pcl_msgs/include/pcl_msgs/pcl_msgs/msg/detail/model_coefficients__rosidl_typesupport_introspection_c.h
[19.602s] -- Installing: /home/brown/Projects/MiningRobot/ros2_workspace/install/pcl_msgs/lib/libpcl_msgs__rosidl_typesupport_introspection_c.so
[19.602s] -- Set runtime path of "/home/brown/Projects/MiningRobot/ros2_workspace/install/pcl_msgs/lib/libpcl_msgs__rosidl_typesupport_introspection_c.so" to ""
[19.602s] -- Installing: /home/brown/Projects/MiningRobot/ros2_workspace/install/pcl_msgs/lib/libpcl_msgs__rosidl_typesupport_c.so
[19.603s] -- Set runtime path of "/home/brown/Projects/MiningRobot/ros2_workspace/install/pcl_msgs/lib/libpcl_msgs__rosidl_typesupport_c.so" to ""
[19.603s] -- Up-to-date: /home/brown/Projects/MiningRobot/ros2_workspace/install/pcl_msgs/include/pcl_msgs/pcl_msgs
[19.604s] -- Up-to-date: /home/brown/Projects/MiningRobot/ros2_workspace/install/pcl_msgs/include/pcl_msgs/pcl_msgs/srv
[19.604s] -- Up-to-date: /home/brown/Projects/MiningRobot/ros2_workspace/install/pcl_msgs/include/pcl_msgs/pcl_msgs/srv/detail
[19.604s] -- Up-to-date: /home/brown/Projects/MiningRobot/ros2_workspace/install/pcl_msgs/include/pcl_msgs/pcl_msgs/srv/detail/update_filename__traits.hpp
[19.604s] -- Up-to-date: /home/brown/Projects/MiningRobot/ros2_workspace/install/pcl_msgs/include/pcl_msgs/pcl_msgs/srv/detail/update_filename__struct.hpp
[19.604s] -- Up-to-date: /home/brown/Projects/MiningRobot/ros2_workspace/install/pcl_msgs/include/pcl_msgs/pcl_msgs/srv/detail/update_filename__builder.hpp
[19.604s] -- Up-to-date: /home/brown/Projects/MiningRobot/ros2_workspace/install/pcl_msgs/include/pcl_msgs/pcl_msgs/srv/update_filename.hpp
[19.605s] -- Up-to-date: /home/brown/Projects/MiningRobot/ros2_workspace/install/pcl_msgs/include/pcl_msgs/pcl_msgs/msg
[19.605s] -- Up-to-date: /home/brown/Projects/MiningRobot/ros2_workspace/install/pcl_msgs/include/pcl_msgs/pcl_msgs/msg/polygon_mesh.hpp
[19.605s] -- Up-to-date: /home/brown/Projects/MiningRobot/ros2_workspace/install/pcl_msgs/include/pcl_msgs/pcl_msgs/msg/detail
[19.605s] -- Up-to-date: /home/brown/Projects/MiningRobot/ros2_workspace/install/pcl_msgs/include/pcl_msgs/pcl_msgs/msg/detail/vertices__traits.hpp
[19.605s] -- Installing: /home/brown/Projects/MiningRobot/ros2_workspace/install/pcl_msgs/include/pcl_msgs/pcl_msgs/msg/detail/point_indices__builder.hpp
[19.606s] -- Installing: /home/brown/Projects/MiningRobot/ros2_workspace/install/pcl_msgs/include/pcl_msgs/pcl_msgs/msg/detail/model_coefficients__traits.hpp
[19.606s] -- Installing: /home/brown/Projects/MiningRobot/ros2_workspace/install/pcl_msgs/include/pcl_msgs/pcl_msgs/msg/detail/polygon_mesh__traits.hpp
[19.606s] -- Installing: /home/brown/Projects/MiningRobot/ros2_workspace/install/pcl_msgs/include/pcl_msgs/pcl_msgs/msg/detail/polygon_mesh__struct.hpp
[19.606s] -- Installing: /home/brown/Projects/MiningRobot/ros2_workspace/install/pcl_msgs/include/pcl_msgs/pcl_msgs/msg/detail/model_coefficients__struct.hpp
[19.606s] -- Installing: /home/brown/Projects/MiningRobot/ros2_workspace/install/pcl_msgs/include/pcl_msgs/pcl_msgs/msg/detail/model_coefficients__builder.hpp
[19.607s] -- Installing: /home/brown/Projects/MiningRobot/ros2_workspace/install/pcl_msgs/include/pcl_msgs/pcl_msgs/msg/detail/vertices__struct.hpp
[19.607s] -- Installing: /home/brown/Projects/MiningRobot/ros2_workspace/install/pcl_msgs/include/pcl_msgs/pcl_msgs/msg/detail/vertices__builder.hpp
[19.607s] -- Installing: /home/brown/Projects/MiningRobot/ros2_workspace/install/pcl_msgs/include/pcl_msgs/pcl_msgs/msg/detail/point_indices__traits.hpp
[19.607s] -- Installing: /home/brown/Projects/MiningRobot/ros2_workspace/install/pcl_msgs/include/pcl_msgs/pcl_msgs/msg/detail/polygon_mesh__builder.hpp
[19.607s] -- Installing: /home/brown/Projects/MiningRobot/ros2_workspace/install/pcl_msgs/include/pcl_msgs/pcl_msgs/msg/detail/point_indices__struct.hpp
[19.608s] -- Up-to-date: /home/brown/Projects/MiningRobot/ros2_workspace/install/pcl_msgs/include/pcl_msgs/pcl_msgs/msg/model_coefficients.hpp
[19.608s] -- Up-to-date: /home/brown/Projects/MiningRobot/ros2_workspace/install/pcl_msgs/include/pcl_msgs/pcl_msgs/msg/vertices.hpp
[19.608s] -- Up-to-date: /home/brown/Projects/MiningRobot/ros2_workspace/install/pcl_msgs/include/pcl_msgs/pcl_msgs/msg/point_indices.hpp
[19.608s] -- Up-to-date: /home/brown/Projects/MiningRobot/ros2_workspace/install/pcl_msgs/include/pcl_msgs/pcl_msgs
[19.608s] -- Up-to-date: /home/brown/Projects/MiningRobot/ros2_workspace/install/pcl_msgs/include/pcl_msgs/pcl_msgs/srv
[19.608s] -- Up-to-date: /home/brown/Projects/MiningRobot/ros2_workspace/install/pcl_msgs/include/pcl_msgs/pcl_msgs/srv/detail
[19.608s] -- Up-to-date: /home/brown/Projects/MiningRobot/ros2_workspace/install/pcl_msgs/include/pcl_msgs/pcl_msgs/srv/detail/update_filename__rosidl_typesupport_fastrtps_cpp.hpp
[19.609s] -- Up-to-date: /home/brown/Projects/MiningRobot/ros2_workspace/install/pcl_msgs/include/pcl_msgs/pcl_msgs/srv/detail/dds_fastrtps
[19.609s] -- Up-to-date: /home/brown/Projects/MiningRobot/ros2_workspace/install/pcl_msgs/include/pcl_msgs/pcl_msgs/msg
[19.609s] -- Up-to-date: /home/brown/Projects/MiningRobot/ros2_workspace/install/pcl_msgs/include/pcl_msgs/pcl_msgs/msg/detail
[19.609s] -- Up-to-date: /home/brown/Projects/MiningRobot/ros2_workspace/install/pcl_msgs/include/pcl_msgs/pcl_msgs/msg/detail/polygon_mesh__rosidl_typesupport_fastrtps_cpp.hpp
[19.609s] -- Up-to-date: /home/brown/Projects/MiningRobot/ros2_workspace/install/pcl_msgs/include/pcl_msgs/pcl_msgs/msg/detail/point_indices__rosidl_typesupport_fastrtps_cpp.hpp
[19.609s] -- Up-to-date: /home/brown/Projects/MiningRobot/ros2_workspace/install/pcl_msgs/include/pcl_msgs/pcl_msgs/msg/detail/vertices__rosidl_typesupport_fastrtps_cpp.hpp
[19.610s] -- Up-to-date: /home/brown/Projects/MiningRobot/ros2_workspace/install/pcl_msgs/include/pcl_msgs/pcl_msgs/msg/detail/dds_fastrtps
[19.610s] -- Up-to-date: /home/brown/Projects/MiningRobot/ros2_workspace/install/pcl_msgs/include/pcl_msgs/pcl_msgs/msg/detail/model_coefficients__rosidl_typesupport_fastrtps_cpp.hpp
[19.610s] -- Up-to-date: /home/brown/Projects/MiningRobot/ros2_workspace/install/pcl_msgs/include/pcl_msgs/pcl_msgs/msg/rosidl_typesupport_fastrtps_cpp__visibility_control.h
[19.610s] -- Installing: /home/brown/Projects/MiningRobot/ros2_workspace/install/pcl_msgs/lib/libpcl_msgs__rosidl_typesupport_fastrtps_cpp.so
[19.610s] -- Set runtime path of "/home/brown/Projects/MiningRobot/ros2_workspace/install/pcl_msgs/lib/libpcl_msgs__rosidl_typesupport_fastrtps_cpp.so" to ""
[19.611s] -- Up-to-date: /home/brown/Projects/MiningRobot/ros2_workspace/install/pcl_msgs/include/pcl_msgs/pcl_msgs
[19.611s] -- Up-to-date: /home/brown/Projects/MiningRobot/ros2_workspace/install/pcl_msgs/include/pcl_msgs/pcl_msgs/srv
[19.611s] -- Up-to-date: /home/brown/Projects/MiningRobot/ros2_workspace/install/pcl_msgs/include/pcl_msgs/pcl_msgs/srv/detail
[19.611s] -- Up-to-date: /home/brown/Projects/MiningRobot/ros2_workspace/install/pcl_msgs/include/pcl_msgs/pcl_msgs/srv/detail/update_filename__rosidl_typesupport_introspection_cpp.hpp
[19.611s] -- Up-to-date: /home/brown/Projects/MiningRobot/ros2_workspace/install/pcl_msgs/include/pcl_msgs/pcl_msgs/srv/detail/update_filename__type_support.cpp
[19.611s] -- Up-to-date: /home/brown/Projects/MiningRobot/ros2_workspace/install/pcl_msgs/include/pcl_msgs/pcl_msgs/msg
[19.612s] -- Up-to-date: /home/brown/Projects/MiningRobot/ros2_workspace/install/pcl_msgs/include/pcl_msgs/pcl_msgs/msg/detail
[19.612s] -- Up-to-date: /home/brown/Projects/MiningRobot/ros2_workspace/install/pcl_msgs/include/pcl_msgs/pcl_msgs/msg/detail/model_coefficients__type_support.cpp
[19.612s] -- Up-to-date: /home/brown/Projects/MiningRobot/ros2_workspace/install/pcl_msgs/include/pcl_msgs/pcl_msgs/msg/detail/model_coefficients__rosidl_typesupport_introspection_cpp.hpp
[19.612s] -- Up-to-date: /home/brown/Projects/MiningRobot/ros2_workspace/install/pcl_msgs/include/pcl_msgs/pcl_msgs/msg/detail/vertices__type_support.cpp
[19.612s] -- Up-to-date: /home/brown/Projects/MiningRobot/ros2_workspace/install/pcl_msgs/include/pcl_msgs/pcl_msgs/msg/detail/point_indices__rosidl_typesupport_introspection_cpp.hpp
[19.612s] -- Up-to-date: /home/brown/Projects/MiningRobot/ros2_workspace/install/pcl_msgs/include/pcl_msgs/pcl_msgs/msg/detail/point_indices__type_support.cpp
[19.613s] -- Up-to-date: /home/brown/Projects/MiningRobot/ros2_workspace/install/pcl_msgs/include/pcl_msgs/pcl_msgs/msg/detail/vertices__rosidl_typesupport_introspection_cpp.hpp
[19.613s] -- Up-to-date: /home/brown/Projects/MiningRobot/ros2_workspace/install/pcl_msgs/include/pcl_msgs/pcl_msgs/msg/detail/polygon_mesh__type_support.cpp
[19.613s] -- Up-to-date: /home/brown/Projects/MiningRobot/ros2_workspace/install/pcl_msgs/include/pcl_msgs/pcl_msgs/msg/detail/polygon_mesh__rosidl_typesupport_introspection_cpp.hpp
[19.613s] -- Installing: /home/brown/Projects/MiningRobot/ros2_workspace/install/pcl_msgs/lib/libpcl_msgs__rosidl_typesupport_introspection_cpp.so
[19.613s] -- Set runtime path of "/home/brown/Projects/MiningRobot/ros2_workspace/install/pcl_msgs/lib/libpcl_msgs__rosidl_typesupport_introspection_cpp.so" to ""
[19.613s] -- Installing: /home/brown/Projects/MiningRobot/ros2_workspace/install/pcl_msgs/lib/libpcl_msgs__rosidl_typesupport_cpp.so
[19.614s] -- Set runtime path of "/home/brown/Projects/MiningRobot/ros2_workspace/install/pcl_msgs/lib/libpcl_msgs__rosidl_typesupport_cpp.so" to ""
[19.614s] -- Up-to-date: /home/brown/Projects/MiningRobot/ros2_workspace/install/pcl_msgs/share/pcl_msgs/environment/pythonpath.sh
[19.614s] -- Installing: /home/brown/Projects/MiningRobot/ros2_workspace/install/pcl_msgs/share/pcl_msgs/environment/pythonpath.dsv
[19.614s] -- Up-to-date: /home/brown/Projects/MiningRobot/ros2_workspace/install/pcl_msgs/lib/python3.11/site-packages/pcl_msgs-1.0.0-py3.11.egg-info
[19.614s] -- Installing: /home/brown/Projects/MiningRobot/ros2_workspace/install/pcl_msgs/lib/python3.11/site-packages/pcl_msgs-1.0.0-py3.11.egg-info/dependency_links.txt
[19.614s] -- Installing: /home/brown/Projects/MiningRobot/ros2_workspace/install/pcl_msgs/lib/python3.11/site-packages/pcl_msgs-1.0.0-py3.11.egg-info/top_level.txt
[19.614s] -- Installing: /home/brown/Projects/MiningRobot/ros2_workspace/install/pcl_msgs/lib/python3.11/site-packages/pcl_msgs-1.0.0-py3.11.egg-info/PKG-INFO
[19.615s] -- Installing: /home/brown/Projects/MiningRobot/ros2_workspace/install/pcl_msgs/lib/python3.11/site-packages/pcl_msgs-1.0.0-py3.11.egg-info/SOURCES.txt
[19.615s] -- Up-to-date: /home/brown/Projects/MiningRobot/ros2_workspace/install/pcl_msgs/lib/python3.11/site-packages/pcl_msgs
[19.615s] -- Up-to-date: /home/brown/Projects/MiningRobot/ros2_workspace/install/pcl_msgs/lib/python3.11/site-packages/pcl_msgs/_pcl_msgs_s.ep.rosidl_typesupport_fastrtps_c.c
[19.615s] -- Installing: /home/brown/Projects/MiningRobot/ros2_workspace/install/pcl_msgs/lib/python3.11/site-packages/pcl_msgs/__init__.py
[19.615s] -- Installing: /home/brown/Projects/MiningRobot/ros2_workspace/install/pcl_msgs/lib/python3.11/site-packages/pcl_msgs/pcl_msgs_s__rosidl_typesupport_c.cpython-311-x86_64-linux-gnu.so
[19.615s] -- Up-to-date: /home/brown/Projects/MiningRobot/ros2_workspace/install/pcl_msgs/lib/python3.11/site-packages/pcl_msgs/_pcl_msgs_s.ep.rosidl_typesupport_introspection_c.c
[19.615s] -- Installing: /home/brown/Projects/MiningRobot/ros2_workspace/install/pcl_msgs/lib/python3.11/site-packages/pcl_msgs/libpcl_msgs__rosidl_generator_py.so
[19.616s] -- Up-to-date: /home/brown/Projects/MiningRobot/ros2_workspace/install/pcl_msgs/lib/python3.11/site-packages/pcl_msgs/srv
[19.616s] -- Up-to-date: /home/brown/Projects/MiningRobot/ros2_workspace/install/pcl_msgs/lib/python3.11/site-packages/pcl_msgs/srv/__init__.py
[19.616s] -- Up-to-date: /home/brown/Projects/MiningRobot/ros2_workspace/install/pcl_msgs/lib/python3.11/site-packages/pcl_msgs/srv/_update_filename_s.c
[19.616s] -- Up-to-date: /home/brown/Projects/MiningRobot/ros2_workspace/install/pcl_msgs/lib/python3.11/site-packages/pcl_msgs/srv/_update_filename.py
[19.616s] -- Installing: /home/brown/Projects/MiningRobot/ros2_workspace/install/pcl_msgs/lib/python3.11/site-packages/pcl_msgs/pcl_msgs_s__rosidl_typesupport_introspection_c.cpython-311-x86_64-linux-gnu.so
[19.616s] -- Installing: /home/brown/Projects/MiningRobot/ros2_workspace/install/pcl_msgs/lib/python3.11/site-packages/pcl_msgs/pcl_msgs_s__rosidl_typesupport_fastrtps_c.cpython-311-x86_64-linux-gnu.so
[19.616s] -- Up-to-date: /home/brown/Projects/MiningRobot/ros2_workspace/install/pcl_msgs/lib/python3.11/site-packages/pcl_msgs/_pcl_msgs_s.ep.rosidl_typesupport_c.c
[19.617s] -- Up-to-date: /home/brown/Projects/MiningRobot/ros2_workspace/install/pcl_msgs/lib/python3.11/site-packages/pcl_msgs/msg
[19.617s] -- Up-to-date: /home/brown/Projects/MiningRobot/ros2_workspace/install/pcl_msgs/lib/python3.11/site-packages/pcl_msgs/msg/__init__.py
[19.617s] -- Up-to-date: /home/brown/Projects/MiningRobot/ros2_workspace/install/pcl_msgs/lib/python3.11/site-packages/pcl_msgs/msg/_point_indices.py
[19.617s] -- Up-to-date: /home/brown/Projects/MiningRobot/ros2_workspace/install/pcl_msgs/lib/python3.11/site-packages/pcl_msgs/msg/_point_indices_s.c
[19.617s] -- Up-to-date: /home/brown/Projects/MiningRobot/ros2_workspace/install/pcl_msgs/lib/python3.11/site-packages/pcl_msgs/msg/_model_coefficients.py
[19.617s] -- Up-to-date: /home/brown/Projects/MiningRobot/ros2_workspace/install/pcl_msgs/lib/python3.11/site-packages/pcl_msgs/msg/_polygon_mesh.py
[19.618s] -- Up-to-date: /home/brown/Projects/MiningRobot/ros2_workspace/install/pcl_msgs/lib/python3.11/site-packages/pcl_msgs/msg/_model_coefficients_s.c
[19.618s] -- Up-to-date: /home/brown/Projects/MiningRobot/ros2_workspace/install/pcl_msgs/lib/python3.11/site-packages/pcl_msgs/msg/_vertices_s.c
[19.618s] -- Up-to-date: /home/brown/Projects/MiningRobot/ros2_workspace/install/pcl_msgs/lib/python3.11/site-packages/pcl_msgs/msg/_vertices.py
[19.618s] -- Up-to-date: /home/brown/Projects/MiningRobot/ros2_workspace/install/pcl_msgs/lib/python3.11/site-packages/pcl_msgs/msg/_polygon_mesh_s.c
[19.686s] Listing '/home/brown/Projects/MiningRobot/ros2_workspace/install/pcl_msgs/lib/python3.11/site-packages/pcl_msgs'...
[19.687s] Compiling '/home/brown/Projects/MiningRobot/ros2_workspace/install/pcl_msgs/lib/python3.11/site-packages/pcl_msgs/__init__.py'...
[19.687s] Listing '/home/brown/Projects/MiningRobot/ros2_workspace/install/pcl_msgs/lib/python3.11/site-packages/pcl_msgs/msg'...
[19.687s] Compiling '/home/brown/Projects/MiningRobot/ros2_workspace/install/pcl_msgs/lib/python3.11/site-packages/pcl_msgs/msg/__init__.py'...
[19.687s] Compiling '/home/brown/Projects/MiningRobot/ros2_workspace/install/pcl_msgs/lib/python3.11/site-packages/pcl_msgs/msg/_model_coefficients.py'...
[19.687s] Compiling '/home/brown/Projects/MiningRobot/ros2_workspace/install/pcl_msgs/lib/python3.11/site-packages/pcl_msgs/msg/_point_indices.py'...
[19.688s] Compiling '/home/brown/Projects/MiningRobot/ros2_workspace/install/pcl_msgs/lib/python3.11/site-packages/pcl_msgs/msg/_polygon_mesh.py'...
[19.688s] Compiling '/home/brown/Projects/MiningRobot/ros2_workspace/install/pcl_msgs/lib/python3.11/site-packages/pcl_msgs/msg/_vertices.py'...
[19.688s] Listing '/home/brown/Projects/MiningRobot/ros2_workspace/install/pcl_msgs/lib/python3.11/site-packages/pcl_msgs/srv'...
[19.688s] Compiling '/home/brown/Projects/MiningRobot/ros2_workspace/install/pcl_msgs/lib/python3.11/site-packages/pcl_msgs/srv/__init__.py'...
[19.689s] Compiling '/home/brown/Projects/MiningRobot/ros2_workspace/install/pcl_msgs/lib/python3.11/site-packages/pcl_msgs/srv/_update_filename.py'...
[19.700s] -- Installing: /home/brown/Projects/MiningRobot/ros2_workspace/install/pcl_msgs/lib/python3.11/site-packages/pcl_msgs/pcl_msgs_s__rosidl_typesupport_fastrtps_c.cpython-311-x86_64-linux-gnu.so
[19.700s] -- Set runtime path of "/home/brown/Projects/MiningRobot/ros2_workspace/install/pcl_msgs/lib/python3.11/site-packages/pcl_msgs/pcl_msgs_s__rosidl_typesupport_fastrtps_c.cpython-311-x86_64-linux-gnu.so" to ""
[19.700s] -- Installing: /home/brown/Projects/MiningRobot/ros2_workspace/install/pcl_msgs/lib/python3.11/site-packages/pcl_msgs/pcl_msgs_s__rosidl_typesupport_introspection_c.cpython-311-x86_64-linux-gnu.so
[19.701s] -- Set runtime path of "/home/brown/Projects/MiningRobot/ros2_workspace/install/pcl_msgs/lib/python3.11/site-packages/pcl_msgs/pcl_msgs_s__rosidl_typesupport_introspection_c.cpython-311-x86_64-linux-gnu.so" to ""
[19.702s] -- Installing: /home/brown/Projects/MiningRobot/ros2_workspace/install/pcl_msgs/lib/python3.11/site-packages/pcl_msgs/pcl_msgs_s__rosidl_typesupport_c.cpython-311-x86_64-linux-gnu.so
[19.702s] -- Set runtime path of "/home/brown/Projects/MiningRobot/ros2_workspace/install/pcl_msgs/lib/python3.11/site-packages/pcl_msgs/pcl_msgs_s__rosidl_typesupport_c.cpython-311-x86_64-linux-gnu.so" to ""
[19.703s] -- Installing: /home/brown/Projects/MiningRobot/ros2_workspace/install/pcl_msgs/lib/libpcl_msgs__rosidl_generator_py.so
[19.704s] -- Set runtime path of "/home/brown/Projects/MiningRobot/ros2_workspace/install/pcl_msgs/lib/libpcl_msgs__rosidl_generator_py.so" to ""
[19.704s] -- Up-to-date: /home/brown/Projects/MiningRobot/ros2_workspace/install/pcl_msgs/share/pcl_msgs/msg/ModelCoefficients.idl
[19.705s] -- Up-to-date: /home/brown/Projects/MiningRobot/ros2_workspace/install/pcl_msgs/share/pcl_msgs/msg/PointIndices.idl
[19.705s] -- Up-to-date: /home/brown/Projects/MiningRobot/ros2_workspace/install/pcl_msgs/share/pcl_msgs/msg/PolygonMesh.idl
[19.705s] -- Up-to-date: /home/brown/Projects/MiningRobot/ros2_workspace/install/pcl_msgs/share/pcl_msgs/msg/Vertices.idl
[19.705s] -- Up-to-date: /home/brown/Projects/MiningRobot/ros2_workspace/install/pcl_msgs/share/pcl_msgs/srv/UpdateFilename.idl
[19.706s] -- Installing: /home/brown/Projects/MiningRobot/ros2_workspace/install/pcl_msgs/share/pcl_msgs/msg/ModelCoefficients.msg
[19.706s] -- Installing: /home/brown/Projects/MiningRobot/ros2_workspace/install/pcl_msgs/share/pcl_msgs/msg/PointIndices.msg
[19.707s] -- Installing: /home/brown/Projects/MiningRobot/ros2_workspace/install/pcl_msgs/share/pcl_msgs/msg/PolygonMesh.msg
[19.707s] -- Installing: /home/brown/Projects/MiningRobot/ros2_workspace/install/pcl_msgs/share/pcl_msgs/msg/Vertices.msg
[19.707s] -- Installing: /home/brown/Projects/MiningRobot/ros2_workspace/install/pcl_msgs/share/pcl_msgs/srv/UpdateFilename.srv
[19.708s] -- Up-to-date: /home/brown/Projects/MiningRobot/ros2_workspace/install/pcl_msgs/share/pcl_msgs/srv/UpdateFilename_Request.msg
[19.708s] -- Up-to-date: /home/brown/Projects/MiningRobot/ros2_workspace/install/pcl_msgs/share/pcl_msgs/srv/UpdateFilename_Response.msg
[19.708s] -- Up-to-date: /home/brown/Projects/MiningRobot/ros2_workspace/install/pcl_msgs/share/ament_index/resource_index/package_run_dependencies/pcl_msgs
[19.708s] -- Installing: /home/brown/Projects/MiningRobot/ros2_workspace/install/pcl_msgs/share/ament_index/resource_index/parent_prefix_path/pcl_msgs
[19.709s] -- Installing: /home/brown/Projects/MiningRobot/ros2_workspace/install/pcl_msgs/share/pcl_msgs/environment/ament_prefix_path.sh
[19.709s] -- Installing: /home/brown/Projects/MiningRobot/ros2_workspace/install/pcl_msgs/share/pcl_msgs/environment/ament_prefix_path.dsv
[19.709s] -- Installing: /home/brown/Projects/MiningRobot/ros2_workspace/install/pcl_msgs/share/pcl_msgs/environment/path.sh
[19.709s] -- Installing: /home/brown/Projects/MiningRobot/ros2_workspace/install/pcl_msgs/share/pcl_msgs/environment/path.dsv
[19.709s] -- Up-to-date: /home/brown/Projects/MiningRobot/ros2_workspace/install/pcl_msgs/share/pcl_msgs/local_setup.bash
[19.710s] -- Up-to-date: /home/brown/Projects/MiningRobot/ros2_workspace/install/pcl_msgs/share/pcl_msgs/local_setup.sh
[19.710s] -- Up-to-date: /home/brown/Projects/MiningRobot/ros2_workspace/install/pcl_msgs/share/pcl_msgs/local_setup.zsh
[19.710s] -- Installing: /home/brown/Projects/MiningRobot/ros2_workspace/install/pcl_msgs/share/pcl_msgs/local_setup.dsv
[19.710s] -- Installing: /home/brown/Projects/MiningRobot/ros2_workspace/install/pcl_msgs/share/pcl_msgs/package.dsv
[19.710s] -- Up-to-date: /home/brown/Projects/MiningRobot/ros2_workspace/install/pcl_msgs/share/ament_index/resource_index/packages/pcl_msgs
[19.710s] -- Installing: /home/brown/Projects/MiningRobot/ros2_workspace/install/pcl_msgs/share/pcl_msgs/cmake/export_pcl_msgs__rosidl_generator_cExport.cmake
[19.710s] -- Installing: /home/brown/Projects/MiningRobot/ros2_workspace/install/pcl_msgs/share/pcl_msgs/cmake/export_pcl_msgs__rosidl_generator_cExport-noconfig.cmake
[19.711s] -- Installing: /home/brown/Projects/MiningRobot/ros2_workspace/install/pcl_msgs/share/pcl_msgs/cmake/export_pcl_msgs__rosidl_typesupport_fastrtps_cExport.cmake
[19.711s] -- Installing: /home/brown/Projects/MiningRobot/ros2_workspace/install/pcl_msgs/share/pcl_msgs/cmake/export_pcl_msgs__rosidl_typesupport_fastrtps_cExport-noconfig.cmake
[19.711s] -- Installing: /home/brown/Projects/MiningRobot/ros2_workspace/install/pcl_msgs/share/pcl_msgs/cmake/pcl_msgs__rosidl_typesupport_introspection_cExport.cmake
[19.712s] -- Installing: /home/brown/Projects/MiningRobot/ros2_workspace/install/pcl_msgs/share/pcl_msgs/cmake/pcl_msgs__rosidl_typesupport_introspection_cExport-noconfig.cmake
[19.712s] -- Installing: /home/brown/Projects/MiningRobot/ros2_workspace/install/pcl_msgs/share/pcl_msgs/cmake/pcl_msgs__rosidl_typesupport_cExport.cmake
[19.713s] -- Installing: /home/brown/Projects/MiningRobot/ros2_workspace/install/pcl_msgs/share/pcl_msgs/cmake/pcl_msgs__rosidl_typesupport_cExport-noconfig.cmake
[19.713s] -- Installing: /home/brown/Projects/MiningRobot/ros2_workspace/install/pcl_msgs/share/pcl_msgs/cmake/export_pcl_msgs__rosidl_generator_cppExport.cmake
[19.714s] -- Installing: /home/brown/Projects/MiningRobot/ros2_workspace/install/pcl_msgs/share/pcl_msgs/cmake/export_pcl_msgs__rosidl_typesupport_fastrtps_cppExport.cmake
[19.714s] -- Installing: /home/brown/Projects/MiningRobot/ros2_workspace/install/pcl_msgs/share/pcl_msgs/cmake/export_pcl_msgs__rosidl_typesupport_fastrtps_cppExport-noconfig.cmake
[19.714s] -- Installing: /home/brown/Projects/MiningRobot/ros2_workspace/install/pcl_msgs/share/pcl_msgs/cmake/pcl_msgs__rosidl_typesupport_introspection_cppExport.cmake
[19.715s] -- Installing: /home/brown/Projects/MiningRobot/ros2_workspace/install/pcl_msgs/share/pcl_msgs/cmake/pcl_msgs__rosidl_typesupport_introspection_cppExport-noconfig.cmake
[19.715s] -- Installing: /home/brown/Projects/MiningRobot/ros2_workspace/install/pcl_msgs/share/pcl_msgs/cmake/pcl_msgs__rosidl_typesupport_cppExport.cmake
[19.715s] -- Installing: /home/brown/Projects/MiningRobot/ros2_workspace/install/pcl_msgs/share/pcl_msgs/cmake/pcl_msgs__rosidl_typesupport_cppExport-noconfig.cmake
[19.716s] -- Installing: /home/brown/Projects/MiningRobot/ros2_workspace/install/pcl_msgs/share/pcl_msgs/cmake/export_pcl_msgs__rosidl_generator_pyExport.cmake
[19.716s] -- Installing: /home/brown/Projects/MiningRobot/ros2_workspace/install/pcl_msgs/share/pcl_msgs/cmake/export_pcl_msgs__rosidl_generator_pyExport-noconfig.cmake
[19.717s] -- Up-to-date: /home/brown/Projects/MiningRobot/ros2_workspace/install/pcl_msgs/share/pcl_msgs/cmake/rosidl_cmake-extras.cmake
[19.717s] -- Up-to-date: /home/brown/Projects/MiningRobot/ros2_workspace/install/pcl_msgs/share/pcl_msgs/cmake/ament_cmake_export_dependencies-extras.cmake
[19.717s] -- Up-to-date: /home/brown/Projects/MiningRobot/ros2_workspace/install/pcl_msgs/share/pcl_msgs/cmake/ament_cmake_export_include_directories-extras.cmake
[19.717s] -- Up-to-date: /home/brown/Projects/MiningRobot/ros2_workspace/install/pcl_msgs/share/pcl_msgs/cmake/ament_cmake_export_libraries-extras.cmake
[19.718s] -- Up-to-date: /home/brown/Projects/MiningRobot/ros2_workspace/install/pcl_msgs/share/pcl_msgs/cmake/ament_cmake_export_targets-extras.cmake
[19.718s] -- Up-to-date: /home/brown/Projects/MiningRobot/ros2_workspace/install/pcl_msgs/share/pcl_msgs/cmake/rosidl_cmake_export_typesupport_targets-extras.cmake
[19.718s] -- Up-to-date: /home/brown/Projects/MiningRobot/ros2_workspace/install/pcl_msgs/share/pcl_msgs/cmake/rosidl_cmake_export_typesupport_libraries-extras.cmake
[19.718s] -- Up-to-date: /home/brown/Projects/MiningRobot/ros2_workspace/install/pcl_msgs/share/pcl_msgs/cmake/pcl_msgsConfig.cmake
[19.719s] -- Up-to-date: /home/brown/Projects/MiningRobot/ros2_workspace/install/pcl_msgs/share/pcl_msgs/cmake/pcl_msgsConfig-version.cmake
[19.719s] -- Installing: /home/brown/Projects/MiningRobot/ros2_workspace/install/pcl_msgs/share/pcl_msgs/package.xml
[19.724s] Invoked command in '/home/brown/Projects/MiningRobot/ros2_workspace/build/pcl_msgs' returned '0': _=/usr/bin/env /usr/bin/cmake --install /home/brown/Projects/MiningRobot/ros2_workspace/build/pcl_msgs
