[0.000000] (-) TimerEvent: {}
[0.000453] (-) JobUnselected: {'identifier': 'ouster_msgs'}
[0.000857] (-) JobUnselected: {'identifier': 'pcl_conversions'}
[0.001278] (-) JobUnselected: {'identifier': 'pcl_msgs'}
[0.002203] (-) JobUnselected: {'identifier': 'pcl_ros'}
[0.002446] (-) JobUnselected: {'identifier': 'perception_pcl'}
[0.002514] (-) JobUnselected: {'identifier': 'ros2_ouster'}
[0.003063] (aurora_core) JobQueued: {'identifier': 'aurora_core', 'dependencies': OrderedDict([('ouster_msgs', '/home/brown/Projects/MiningRobot/ros2_workspace/install/ouster_msgs'), ('pcl_msgs', '/home/brown/Projects/MiningRobot/ros2_workspace/install/pcl_msgs'), ('pcl_conversions', '/home/brown/Projects/MiningRobot/ros2_workspace/install/pcl_conversions'), ('ros2_ouster', '/home/brown/Projects/MiningRobot/ros2_workspace/install/ros2_ouster')])}
[0.003191] (aurora_core) JobStarted: {'identifier': 'aurora_core'}
[0.099079] (-) TimerEvent: {}
[0.200196] (-) TimerEvent: {}
[0.267463] (aurora_core) JobProgress: {'identifier': 'aurora_core', 'progress': 'cmake'}
[0.270700] (aurora_core) JobProgress: {'identifier': 'aurora_core', 'progress': 'build'}
[0.272647] (aurora_core) Command: {'cmd': ['/usr/bin/cmake', '--build', '/home/brown/Projects/MiningRobot/ros2_workspace/build/aurora_core', '--', '-j4', '-l4'], 'cwd': '/home/brown/Projects/MiningRobot/ros2_workspace/build/aurora_core', 'env': OrderedDict([('SHELL', '/bin/bash'), ('ROS_VERSION', '2'), ('WINDOWID', '1'), ('COLORTERM', 'truecolor'), ('XDG_CONFIG_DIRS', '/home/brown/.config/kdedefaults:/etc/xdg'), ('KGLOBALACCELD_PLATFORM', 'org.kde.kwin'), ('TERM_PROGRAM_VERSION', '3.3a'), ('TMUX', '/tmp/tmux-1000/default,1806,0'), ('PKG_CONFIG_PATH', '/opt/ros/humble/lib/pkgconfig'), ('ROS_PYTHON_VERSION', '3'), ('LANGUAGE', ''), ('SHELL_SESSION_ID', 'adab33755f16428db603933a933b68e7'), ('MEMORY_PRESSURE_WRITE', 'c29tZSAyMDAwMDAgMjAwMDAwMAA='), ('XCURSOR_SIZE', '24'), ('EDITOR', '/usr/bin/nvim'), ('XDG_SEAT', 'seat0'), ('PWD', '/home/brown/Projects/MiningRobot/ros2_workspace/build/aurora_core'), ('LOGNAME', 'brown'), ('XDG_SESSION_TYPE', 'wayland'), ('SYSTEMD_EXEC_PID', '506'), ('XAUTHORITY', '/run/user/1000/xauth_qwjjoz'), ('MOTD_SHOWN', 'pam'), ('HOME', '/home/brown'), ('LANG', 'C.UTF-8'), ('XDG_CURRENT_DESKTOP', 'KDE'), ('KONSOLE_DBUS_SERVICE', ':1.86'), ('MEMORY_PRESSURE_WATCH', '/sys/fs/cgroup/user.slice/user-1000.slice/user@1000.service/session.slice/plasma-kwin_wayland.service/memory.pressure'), ('WAYLAND_DISPLAY', 'wayland-0'), ('KONSOLE_DBUS_SESSION', '/Sessions/2'), ('PROFILEHOME', ''), ('AMENT_PREFIX_PATH', '/home/brown/Projects/MiningRobot/ros2_workspace/install/aurora_core:/home/brown/Projects/MiningRobot/ros2_workspace/install/ros2_ouster:/home/brown/Projects/MiningRobot/ros2_workspace/install/perception_pcl:/home/brown/Projects/MiningRobot/ros2_workspace/install/pcl_ros:/home/brown/Projects/MiningRobot/ros2_workspace/install/pcl_conversions:/home/brown/Projects/MiningRobot/ros2_workspace/install/pcl_msgs:/home/brown/Projects/MiningRobot/ros2_workspace/install/ouster_msgs:/opt/ros/humble'), ('CMAKE_PREFIX_PATH', '/home/brown/Projects/MiningRobot/ros2_workspace/install/ros2_ouster:/home/brown/Projects/MiningRobot/ros2_workspace/install/pcl_conversions:/home/brown/Projects/MiningRobot/ros2_workspace/install/pcl_msgs:/home/brown/Projects/MiningRobot/ros2_workspace/install/ouster_msgs:/home/brown/Projects/MiningRobot/ros2_workspace/install/aurora_core:/home/brown/Projects/MiningRobot/ros2_workspace/install/perception_pcl:/home/brown/Projects/MiningRobot/ros2_workspace/install/pcl_ros:/opt/ros/humble'), ('COLCON_PREFIX_PATH', '/home/brown/Projects/MiningRobot/ros2_workspace/install:/opt/ros/humble'), ('INVOCATION_ID', '0451ff8a5b7f45339296dc187b8cbfb5'), ('KONSOLE_VERSION', '230801'), ('MANAGERPID', '465'), ('KDE_SESSION_UID', '1000'), ('XDG_ACTIVATION_TOKEN', 'kwin-2'), ('XDG_SESSION_CLASS', 'user'), ('PYTHONPATH', '/home/brown/Projects/MiningRobot/ros2_workspace/install/pcl_msgs/lib/python3.11/site-packages:/home/brown/Projects/MiningRobot/ros2_workspace/install/ouster_msgs/lib/python3.11/site-packages:/home/brown/.cache/yay/ros2-humble/src/install/lib/python3.11/dist-packages:/opt/ros/humble/lib/python3.11/site-packages'), ('COLCON', '1'), ('TERM', 'xterm-256color'), ('USER', 'brown'), ('TMUX_PANE', '%6'), ('CUDA_PATH', '/opt/cuda'), ('COLORFGBG', '15;0'), ('PLASMA_USE_QT_SCALING', '1'), ('KDE_SESSION_VERSION', '5'), ('QT_WAYLAND_FORCE_DPI', '96'), ('DISPLAY', ':0'), ('SHLVL', '3'), ('XDG_VTNR', '1'), ('XDG_SESSION_ID', '1'), ('LD_LIBRARY_PATH', '/home/brown/Projects/MiningRobot/ros2_workspace/install/ros2_ouster/lib:/home/brown/Projects/MiningRobot/ros2_workspace/install/pcl_msgs/lib:/home/brown/Projects/MiningRobot/ros2_workspace/install/ouster_msgs/lib:/home/brown/Projects/MiningRobot/ros2_workspace/install/pcl_ros/lib:/opt/ros/humble/opt/yaml_cpp_vendor/lib:/opt/ros/humble/opt/rviz_ogre_vendor/lib:/opt/ros/humble/lib'), ('XDG_RUNTIME_DIR', '/run/user/1000'), ('ROS_LOCALHOST_ONLY', '0'), ('DEBUGINFOD_URLS', 'https://debuginfod.archlinux.org'), ('QT_AUTO_SCREEN_SCALE_FACTOR', '0'), ('JOURNAL_STREAM', '8:14885'), ('XCURSOR_THEME', 'breeze_cursors'), ('XDG_DATA_DIRS', '/home/brown/.local/share/flatpak/exports/share:/var/lib/flatpak/exports/share:/usr/local/share/:/usr/share/'), ('KDE_FULL_SESSION', 'true'), ('QSG_RENDER_LOOP', 'basic'), ('PATH', '/opt/ros/humble/bin:/home/brown/.local/bin:/home/brown/.local/bin:/home/brown/.local/bin:/usr/local/sbin:/usr/local/bin:/usr/bin:/opt/cuda/bin:/opt/cuda/nsight_compute:/opt/cuda/nsight_systems/bin:/var/lib/flatpak/exports/bin:/usr/lib/jvm/default/bin:/usr/bin/site_perl:/usr/bin/vendor_perl:/usr/bin/core_perl:/opt/cuda/bin:/opt/cuda/nsight_compute:/opt/cuda/nsight_systems/bin'), ('DBUS_SESSION_BUS_ADDRESS', 'unix:path=/run/user/1000/bus'), ('KDE_APPLICATIONS_AS_SCOPE', '1'), ('MAIL', '/var/spool/mail/brown'), ('ROS_DISTRO', 'humble'), ('OLDPWD', '/home/brown/Projects/MiningRobot/autonomy/lunabug'), ('TERM_PROGRAM', 'tmux'), ('KONSOLE_DBUS_WINDOW', '/Windows/1'), ('_', '/usr/bin/env')]), 'shell': False}
[0.300347] (-) TimerEvent: {}
[0.396478] (aurora_core) StdoutLine: {'line': b'[ 50%] \x1b[32mBuilding CXX object CMakeFiles/aurora_node_core.dir/src/aurora_node_core.cpp.o\x1b[0m\n'}
[0.400441] (-) TimerEvent: {}
[0.500790] (-) TimerEvent: {}
[0.601192] (-) TimerEvent: {}
[0.701617] (-) TimerEvent: {}
[0.802044] (-) TimerEvent: {}
[0.902429] (-) TimerEvent: {}
[1.002774] (-) TimerEvent: {}
[1.103093] (-) TimerEvent: {}
[1.203484] (-) TimerEvent: {}
[1.303855] (-) TimerEvent: {}
[1.404223] (-) TimerEvent: {}
[1.504589] (-) TimerEvent: {}
[1.604980] (-) TimerEvent: {}
[1.705348] (-) TimerEvent: {}
[1.805696] (-) TimerEvent: {}
[1.906078] (-) TimerEvent: {}
[2.006427] (-) TimerEvent: {}
[2.106797] (-) TimerEvent: {}
[2.207163] (-) TimerEvent: {}
[2.307536] (-) TimerEvent: {}
[2.407889] (-) TimerEvent: {}
[2.508220] (-) TimerEvent: {}
[2.608671] (-) TimerEvent: {}
[2.709059] (-) TimerEvent: {}
[2.809482] (-) TimerEvent: {}
[2.909969] (-) TimerEvent: {}
[3.010541] (-) TimerEvent: {}
[3.110990] (-) TimerEvent: {}
[3.211501] (-) TimerEvent: {}
[3.311927] (-) TimerEvent: {}
[3.412605] (-) TimerEvent: {}
[3.513107] (-) TimerEvent: {}
[3.613959] (-) TimerEvent: {}
[3.714625] (-) TimerEvent: {}
[3.815553] (-) TimerEvent: {}
[3.916091] (-) TimerEvent: {}
[4.016656] (-) TimerEvent: {}
[4.117089] (-) TimerEvent: {}
[4.217558] (-) TimerEvent: {}
[4.318242] (-) TimerEvent: {}
[4.419229] (-) TimerEvent: {}
[4.519822] (-) TimerEvent: {}
[4.620313] (-) TimerEvent: {}
[4.720888] (-) TimerEvent: {}
[4.767676] (aurora_core) StderrLine: {'line': b'\x1b[01m\x1b[K/home/brown/Projects/MiningRobot/ros2_workspace/src/aurora_core/src/aurora_node_core.cpp:\x1b[m\x1b[K In function \xe2\x80\x98\x1b[01m\x1b[Kint\x1b[01;32m\x1b[K main\x1b[m\x1b[K(int, char**)\x1b[m\x1b[K\xe2\x80\x99:\n'}
[4.768078] (aurora_core) StderrLine: {'line': b'\x1b[01m\x1b[K/home/brown/Projects/MiningRobot/ros2_workspace/src/aurora_core/src/aurora_node_core.cpp:113:29:\x1b[m\x1b[K \x1b[01;31m\x1b[Kerror: \x1b[m\x1b[Kcannot convert \xe2\x80\x98\x1b[01m\x1b[Krclcpp::Logger\x1b[m\x1b[K\xe2\x80\x99 to \xe2\x80\x98\x1b[01m\x1b[KFILE*\x1b[m\x1b[K\xe2\x80\x99 in initialization\n'}
[4.768303] (aurora_core) StderrLine: {'line': b'  113 |     FILE *f=\x1b[01;31m\x1b[Knode->get_logger()\x1b[m\x1b[K;\n'}
[4.768499] (aurora_core) StderrLine: {'line': b'      |             \x1b[01;31m\x1b[K~~~~~~~~~~~~~~~~^~\x1b[m\x1b[K\n'}
[4.768689] (aurora_core) StderrLine: {'line': b'      |                             \x1b[01;31m\x1b[K|\x1b[m\x1b[K\n'}
[4.768881] (aurora_core) StderrLine: {'line': b'      |                             \x1b[01;31m\x1b[Krclcpp::Logger\x1b[m\x1b[K\n'}
[4.821020] (-) TimerEvent: {}
[4.921511] (-) TimerEvent: {}
[5.021998] (-) TimerEvent: {}
[5.122424] (-) TimerEvent: {}
[5.222875] (-) TimerEvent: {}
[5.323985] (-) TimerEvent: {}
[5.424652] (-) TimerEvent: {}
[5.525331] (-) TimerEvent: {}
[5.625701] (-) TimerEvent: {}
[5.726093] (-) TimerEvent: {}
[5.826461] (-) TimerEvent: {}
[5.926892] (-) TimerEvent: {}
[6.027268] (-) TimerEvent: {}
[6.127609] (-) TimerEvent: {}
[6.227943] (-) TimerEvent: {}
[6.285652] (aurora_core) StderrLine: {'line': b'make[2]: *** [CMakeFiles/aurora_node_core.dir/build.make:76: CMakeFiles/aurora_node_core.dir/src/aurora_node_core.cpp.o] Error 1\n'}
[6.286000] (aurora_core) StderrLine: {'line': b'make[1]: *** [CMakeFiles/Makefile2:137: CMakeFiles/aurora_node_core.dir/all] Error 2\n'}
[6.286360] (aurora_core) StderrLine: {'line': b'make: *** [Makefile:146: all] Error 2\n'}
[6.289230] (aurora_core) CommandEnded: {'returncode': 2}
[6.328067] (-) TimerEvent: {}
[6.428622] (-) TimerEvent: {}
[6.516229] (aurora_core) JobEnded: {'identifier': 'aurora_core', 'rc': 2}
[6.519111] (-) EventReactorShutdown: {}
