[0.000000] (-) TimerEvent: {}
[0.002133] (-) JobUnselected: {'identifier': 'ouster_msgs'}
[0.002239] (-) JobUnselected: {'identifier': 'pcl_conversions'}
[0.002312] (-) JobUnselected: {'identifier': 'pcl_msgs'}
[0.002432] (-) JobUnselected: {'identifier': 'pcl_ros'}
[0.002500] (-) JobUnselected: {'identifier': 'perception_pcl'}
[0.002561] (-) JobUnselected: {'identifier': 'ros2_ouster'}
[0.002641] (aurora_core) JobQueued: {'identifier': 'aurora_core', 'dependencies': OrderedDict([('ouster_msgs', '/home/brown/Projects/MiningRobot/ros2_workspace/install/ouster_msgs'), ('pcl_msgs', '/home/brown/Projects/MiningRobot/ros2_workspace/install/pcl_msgs'), ('pcl_conversions', '/home/brown/Projects/MiningRobot/ros2_workspace/install/pcl_conversions'), ('ros2_ouster', '/home/brown/Projects/MiningRobot/ros2_workspace/install/ros2_ouster')])}
[0.002754] (aurora_core) JobStarted: {'identifier': 'aurora_core'}
[0.099759] (-) TimerEvent: {}
[0.201274] (-) TimerEvent: {}
[0.226158] (aurora_core) JobProgress: {'identifier': 'aurora_core', 'progress': 'cmake'}
[0.229155] (aurora_core) JobProgress: {'identifier': 'aurora_core', 'progress': 'build'}
[0.231154] (aurora_core) Command: {'cmd': ['/usr/bin/cmake', '--build', '/home/brown/Projects/MiningRobot/ros2_workspace/build/aurora_core', '--', '-j4', '-l4'], 'cwd': '/home/brown/Projects/MiningRobot/ros2_workspace/build/aurora_core', 'env': OrderedDict([('SHELL', '/bin/bash'), ('ROS_VERSION', '2'), ('WINDOWID', '1'), ('COLORTERM', 'truecolor'), ('XDG_CONFIG_DIRS', '/home/brown/.config/kdedefaults:/etc/xdg'), ('KGLOBALACCELD_PLATFORM', 'org.kde.kwin'), ('TERM_PROGRAM_VERSION', '3.3a'), ('TMUX', '/tmp/tmux-1000/default,1806,0'), ('PKG_CONFIG_PATH', '/opt/ros/humble/lib/pkgconfig'), ('ROS_PYTHON_VERSION', '3'), ('LANGUAGE', ''), ('SHELL_SESSION_ID', 'adab33755f16428db603933a933b68e7'), ('MEMORY_PRESSURE_WRITE', 'c29tZSAyMDAwMDAgMjAwMDAwMAA='), ('XCURSOR_SIZE', '24'), ('EDITOR', '/usr/bin/nvim'), ('XDG_SEAT', 'seat0'), ('PWD', '/home/brown/Projects/MiningRobot/ros2_workspace/build/aurora_core'), ('LOGNAME', 'brown'), ('XDG_SESSION_TYPE', 'wayland'), ('SYSTEMD_EXEC_PID', '506'), ('XAUTHORITY', '/run/user/1000/xauth_qwjjoz'), ('MOTD_SHOWN', 'pam'), ('HOME', '/home/brown'), ('LANG', 'C.UTF-8'), ('XDG_CURRENT_DESKTOP', 'KDE'), ('KONSOLE_DBUS_SERVICE', ':1.86'), ('MEMORY_PRESSURE_WATCH', '/sys/fs/cgroup/user.slice/user-1000.slice/user@1000.service/session.slice/plasma-kwin_wayland.service/memory.pressure'), ('WAYLAND_DISPLAY', 'wayland-0'), ('KONSOLE_DBUS_SESSION', '/Sessions/2'), ('PROFILEHOME', ''), ('AMENT_PREFIX_PATH', '/home/brown/Projects/MiningRobot/ros2_workspace/install/aurora_core:/home/brown/Projects/MiningRobot/ros2_workspace/install/ros2_ouster:/home/brown/Projects/MiningRobot/ros2_workspace/install/perception_pcl:/home/brown/Projects/MiningRobot/ros2_workspace/install/pcl_ros:/home/brown/Projects/MiningRobot/ros2_workspace/install/pcl_conversions:/home/brown/Projects/MiningRobot/ros2_workspace/install/pcl_msgs:/home/brown/Projects/MiningRobot/ros2_workspace/install/ouster_msgs:/opt/ros/humble'), ('CMAKE_PREFIX_PATH', '/home/brown/Projects/MiningRobot/ros2_workspace/install/ros2_ouster:/home/brown/Projects/MiningRobot/ros2_workspace/install/pcl_conversions:/home/brown/Projects/MiningRobot/ros2_workspace/install/pcl_msgs:/home/brown/Projects/MiningRobot/ros2_workspace/install/ouster_msgs:/home/brown/Projects/MiningRobot/ros2_workspace/install/aurora_core:/home/brown/Projects/MiningRobot/ros2_workspace/install/perception_pcl:/home/brown/Projects/MiningRobot/ros2_workspace/install/pcl_ros:/opt/ros/humble'), ('COLCON_PREFIX_PATH', '/home/brown/Projects/MiningRobot/ros2_workspace/install:/opt/ros/humble'), ('INVOCATION_ID', '0451ff8a5b7f45339296dc187b8cbfb5'), ('KONSOLE_VERSION', '230801'), ('MANAGERPID', '465'), ('KDE_SESSION_UID', '1000'), ('XDG_ACTIVATION_TOKEN', 'kwin-2'), ('XDG_SESSION_CLASS', 'user'), ('PYTHONPATH', '/home/brown/Projects/MiningRobot/ros2_workspace/install/pcl_msgs/lib/python3.11/site-packages:/home/brown/Projects/MiningRobot/ros2_workspace/install/ouster_msgs/lib/python3.11/site-packages:/home/brown/.cache/yay/ros2-humble/src/install/lib/python3.11/dist-packages:/opt/ros/humble/lib/python3.11/site-packages'), ('COLCON', '1'), ('TERM', 'xterm-256color'), ('USER', 'brown'), ('TMUX_PANE', '%6'), ('CUDA_PATH', '/opt/cuda'), ('COLORFGBG', '15;0'), ('PLASMA_USE_QT_SCALING', '1'), ('KDE_SESSION_VERSION', '5'), ('QT_WAYLAND_FORCE_DPI', '96'), ('DISPLAY', ':0'), ('SHLVL', '3'), ('XDG_VTNR', '1'), ('XDG_SESSION_ID', '1'), ('LD_LIBRARY_PATH', '/home/brown/Projects/MiningRobot/ros2_workspace/install/ros2_ouster/lib:/home/brown/Projects/MiningRobot/ros2_workspace/install/pcl_msgs/lib:/home/brown/Projects/MiningRobot/ros2_workspace/install/ouster_msgs/lib:/home/brown/Projects/MiningRobot/ros2_workspace/install/pcl_ros/lib:/opt/ros/humble/opt/yaml_cpp_vendor/lib:/opt/ros/humble/opt/rviz_ogre_vendor/lib:/opt/ros/humble/lib'), ('XDG_RUNTIME_DIR', '/run/user/1000'), ('ROS_LOCALHOST_ONLY', '0'), ('DEBUGINFOD_URLS', 'https://debuginfod.archlinux.org'), ('QT_AUTO_SCREEN_SCALE_FACTOR', '0'), ('JOURNAL_STREAM', '8:14885'), ('XCURSOR_THEME', 'breeze_cursors'), ('XDG_DATA_DIRS', '/home/brown/.local/share/flatpak/exports/share:/var/lib/flatpak/exports/share:/usr/local/share/:/usr/share/'), ('KDE_FULL_SESSION', 'true'), ('QSG_RENDER_LOOP', 'basic'), ('PATH', '/opt/ros/humble/bin:/home/brown/.local/bin:/home/brown/.local/bin:/home/brown/.local/bin:/usr/local/sbin:/usr/local/bin:/usr/bin:/opt/cuda/bin:/opt/cuda/nsight_compute:/opt/cuda/nsight_systems/bin:/var/lib/flatpak/exports/bin:/usr/lib/jvm/default/bin:/usr/bin/site_perl:/usr/bin/vendor_perl:/usr/bin/core_perl:/opt/cuda/bin:/opt/cuda/nsight_compute:/opt/cuda/nsight_systems/bin'), ('DBUS_SESSION_BUS_ADDRESS', 'unix:path=/run/user/1000/bus'), ('KDE_APPLICATIONS_AS_SCOPE', '1'), ('MAIL', '/var/spool/mail/brown'), ('ROS_DISTRO', 'humble'), ('OLDPWD', '/home/brown/Projects/MiningRobot/autonomy/lunabug'), ('TERM_PROGRAM', 'tmux'), ('KONSOLE_DBUS_WINDOW', '/Windows/1'), ('_', '/usr/bin/env')]), 'shell': False}
[0.301466] (-) TimerEvent: {}
[0.402210] (-) TimerEvent: {}
[0.428479] (aurora_core) StdoutLine: {'line': b'[ 50%] \x1b[32mBuilding CXX object CMakeFiles/aurora_node_core.dir/src/aurora_node_core.cpp.o\x1b[0m\n'}
[0.502414] (-) TimerEvent: {}
[0.602960] (-) TimerEvent: {}
[0.703512] (-) TimerEvent: {}
[0.803883] (-) TimerEvent: {}
[0.905658] (-) TimerEvent: {}
[1.006829] (-) TimerEvent: {}
[1.107180] (-) TimerEvent: {}
[1.207609] (-) TimerEvent: {}
[1.308259] (-) TimerEvent: {}
[1.408680] (-) TimerEvent: {}
[1.509083] (-) TimerEvent: {}
[1.609506] (-) TimerEvent: {}
[1.710330] (-) TimerEvent: {}
[1.811928] (-) TimerEvent: {}
[1.912898] (-) TimerEvent: {}
[2.013625] (-) TimerEvent: {}
[2.114151] (-) TimerEvent: {}
[2.215422] (-) TimerEvent: {}
[2.316471] (-) TimerEvent: {}
[2.416987] (-) TimerEvent: {}
[2.517738] (-) TimerEvent: {}
[2.618339] (-) TimerEvent: {}
[2.718979] (-) TimerEvent: {}
[2.819616] (-) TimerEvent: {}
[2.920205] (-) TimerEvent: {}
[3.021136] (-) TimerEvent: {}
[3.124160] (-) TimerEvent: {}
[3.227861] (-) TimerEvent: {}
[3.328246] (-) TimerEvent: {}
[3.428614] (-) TimerEvent: {}
[3.528966] (-) TimerEvent: {}
[3.629371] (-) TimerEvent: {}
[3.729765] (-) TimerEvent: {}
[3.830272] (-) TimerEvent: {}
[3.931683] (-) TimerEvent: {}
[4.032188] (-) TimerEvent: {}
[4.132906] (-) TimerEvent: {}
[4.233423] (-) TimerEvent: {}
[4.333876] (-) TimerEvent: {}
[4.434941] (-) TimerEvent: {}
[4.535385] (-) TimerEvent: {}
[4.636369] (-) TimerEvent: {}
[4.736818] (-) TimerEvent: {}
[4.837345] (-) TimerEvent: {}
[4.937861] (-) TimerEvent: {}
[5.038734] (-) TimerEvent: {}
[5.139239] (-) TimerEvent: {}
[5.241391] (-) TimerEvent: {}
[5.342136] (-) TimerEvent: {}
[5.442886] (-) TimerEvent: {}
[5.543267] (-) TimerEvent: {}
[5.643727] (-) TimerEvent: {}
[5.744166] (-) TimerEvent: {}
[5.845284] (-) TimerEvent: {}
[5.948756] (-) TimerEvent: {}
[6.049215] (-) TimerEvent: {}
[6.149704] (-) TimerEvent: {}
[6.250503] (-) TimerEvent: {}
[6.351422] (-) TimerEvent: {}
[6.398290] (aurora_core) StderrLine: {'line': b'\x1b[01m\x1b[K/home/brown/Projects/MiningRobot/ros2_workspace/src/aurora_core/src/aurora_node_core.cpp:\x1b[m\x1b[K In function \xe2\x80\x98\x1b[01m\x1b[Kint\x1b[01;32m\x1b[K main\x1b[m\x1b[K(int, char**)\x1b[m\x1b[K\xe2\x80\x99:\n'}
[6.398923] (aurora_core) StderrLine: {'line': b'\x1b[01m\x1b[K/home/brown/Projects/MiningRobot/ros2_workspace/src/aurora_core/src/aurora_node_core.cpp:79:68:\x1b[m\x1b[K \x1b[01;31m\x1b[Kerror: \x1b[m\x1b[K\xe2\x80\x98\x1b[01m\x1b[Kemulate_tty\x1b[m\x1b[K\xe2\x80\x99 was not declared in this scope\n'}
[6.399135] (aurora_core) StderrLine: {'line': b'   79 |     auto node = std::make_shared<rclcpp::Node>("aurora_node_core", \x1b[01;31m\x1b[Kemulate_tty\x1b[m\x1b[K=True);\n'}
[6.399327] (aurora_core) StderrLine: {'line': b'      |                                                                    \x1b[01;31m\x1b[K^~~~~~~~~~~\x1b[m\x1b[K\n'}
[6.404420] (aurora_core) StderrLine: {'line': b'\x1b[01m\x1b[K/home/brown/Projects/MiningRobot/ros2_workspace/src/aurora_core/src/aurora_node_core.cpp:79:80:\x1b[m\x1b[K \x1b[01;31m\x1b[Kerror: \x1b[m\x1b[K\xe2\x80\x98\x1b[01m\x1b[KTrue\x1b[m\x1b[K\xe2\x80\x99 was not declared in this scope\n'}
[6.404873] (aurora_core) StderrLine: {'line': b'   79 |     auto node = std::make_shared<rclcpp::Node>("aurora_node_core", emulate_tty=\x1b[01;31m\x1b[KTrue\x1b[m\x1b[K);\n'}
[6.405092] (aurora_core) StderrLine: {'line': b'      |                                                                                \x1b[01;31m\x1b[K^~~~\x1b[m\x1b[K\n'}
[6.433480] (aurora_core) StderrLine: {'line': b'In file included from \x1b[01m\x1b[K/opt/ros/humble/include/rclcpp/rclcpp/client.hpp:40\x1b[m\x1b[K,\n'}
[6.433805] (aurora_core) StderrLine: {'line': b'                 from \x1b[01m\x1b[K/opt/ros/humble/include/rclcpp/rclcpp/callback_group.hpp:24\x1b[m\x1b[K,\n'}
[6.434030] (aurora_core) StderrLine: {'line': b'                 from \x1b[01m\x1b[K/opt/ros/humble/include/rclcpp/rclcpp/any_executable.hpp:20\x1b[m\x1b[K,\n'}
[6.434224] (aurora_core) StderrLine: {'line': b'                 from \x1b[01m\x1b[K/opt/ros/humble/include/rclcpp/rclcpp/memory_strategy.hpp:25\x1b[m\x1b[K,\n'}
[6.434411] (aurora_core) StderrLine: {'line': b'                 from \x1b[01m\x1b[K/opt/ros/humble/include/rclcpp/rclcpp/memory_strategies.hpp:18\x1b[m\x1b[K,\n'}
[6.434596] (aurora_core) StderrLine: {'line': b'                 from \x1b[01m\x1b[K/opt/ros/humble/include/rclcpp/rclcpp/executor_options.hpp:20\x1b[m\x1b[K,\n'}
[6.434778] (aurora_core) StderrLine: {'line': b'                 from \x1b[01m\x1b[K/opt/ros/humble/include/rclcpp/rclcpp/executor.hpp:37\x1b[m\x1b[K,\n'}
[6.434959] (aurora_core) StderrLine: {'line': b'                 from \x1b[01m\x1b[K/opt/ros/humble/include/rclcpp/rclcpp/executors/multi_threaded_executor.hpp:25\x1b[m\x1b[K,\n'}
[6.435142] (aurora_core) StderrLine: {'line': b'                 from \x1b[01m\x1b[K/opt/ros/humble/include/rclcpp/rclcpp/executors.hpp:21\x1b[m\x1b[K,\n'}
[6.435325] (aurora_core) StderrLine: {'line': b'                 from \x1b[01m\x1b[K/opt/ros/humble/include/rclcpp/rclcpp/rclcpp.hpp:155\x1b[m\x1b[K,\n'}
[6.435512] (aurora_core) StderrLine: {'line': b'                 from \x1b[01m\x1b[K/home/brown/Projects/MiningRobot/ros2_workspace/src/aurora_core/src/aurora_node_core.cpp:10\x1b[m\x1b[K:\n'}
[6.435712] (aurora_core) StderrLine: {'line': b'\x1b[01m\x1b[K/home/brown/Projects/MiningRobot/ros2_workspace/src/aurora_core/src/aurora_node_core.cpp:142:5:\x1b[m\x1b[K \x1b[01;31m\x1b[Kerror: \x1b[m\x1b[Ktemplate argument 1 is invalid\n'}
[6.435902] (aurora_core) StderrLine: {'line': b'  142 |     \x1b[01;31m\x1b[KRCLCPP_INFO\x1b[m\x1b[K(node->get_logger(), "Reached bottom");\n'}
[6.436115] (aurora_core) StderrLine: {'line': b'      |     \x1b[01;31m\x1b[K^~~~~~~~~~~\x1b[m\x1b[K\n'}
[6.436857] (aurora_core) StderrLine: {'line': b'\x1b[01m\x1b[K/home/brown/Projects/MiningRobot/ros2_workspace/src/aurora_core/src/aurora_node_core.cpp:142:5:\x1b[m\x1b[K \x1b[01;31m\x1b[Kerror: \x1b[m\x1b[K\xe2\x80\x98\x1b[01m\x1b[K<declaration error>\x1b[m\x1b[K\xe2\x80\x99 is not a template [\x1b[01;31m\x1b[K\x1b]8;;https://gcc.gnu.org/onlinedocs/gcc/Warning-Options.html#index-fpermissive\x07-fpermissive\x1b]8;;\x07\x1b[m\x1b[K]\n'}
[6.437229] (aurora_core) StderrLine: {'line': b'  142 |     \x1b[01;31m\x1b[KRCLCPP_INFO\x1b[m\x1b[K(node->get_logger(), "Reached bottom");\n'}
[6.437466] (aurora_core) StderrLine: {'line': b'      |     \x1b[01;31m\x1b[K^~~~~~~~~~~\x1b[m\x1b[K\n'}
[6.437661] (aurora_core) StderrLine: {'line': b'\x1b[01m\x1b[K/home/brown/Projects/MiningRobot/ros2_workspace/src/aurora_core/src/aurora_node_core.cpp:142:5:\x1b[m\x1b[K \x1b[01;31m\x1b[Kerror: \x1b[m\x1b[Ktemplate argument 1 is invalid\n'}
[6.437859] (aurora_core) StderrLine: {'line': b'  142 |     \x1b[01;31m\x1b[KRCLCPP_INFO\x1b[m\x1b[K(node->get_logger(), "Reached bottom");\n'}
[6.438055] (aurora_core) StderrLine: {'line': b'      |     \x1b[01;31m\x1b[K^~~~~~~~~~~\x1b[m\x1b[K\n'}
[6.438239] (aurora_core) StderrLine: {'line': b'\x1b[01m\x1b[K/home/brown/Projects/MiningRobot/ros2_workspace/src/aurora_core/src/aurora_node_core.cpp:142:5:\x1b[m\x1b[K \x1b[01;31m\x1b[Kerror: \x1b[m\x1b[K\xe2\x80\x98\x1b[01m\x1b[K<declaration error>\x1b[m\x1b[K\xe2\x80\x99 is not a template [\x1b[01;31m\x1b[K\x1b]8;;https://gcc.gnu.org/onlinedocs/gcc/Warning-Options.html#index-fpermissive\x07-fpermissive\x1b]8;;\x07\x1b[m\x1b[K]\n'}
[6.438417] (aurora_core) StderrLine: {'line': b'  142 |     \x1b[01;31m\x1b[KRCLCPP_INFO\x1b[m\x1b[K(node->get_logger(), "Reached bottom");\n'}
[6.438569] (aurora_core) StderrLine: {'line': b'      |     \x1b[01;31m\x1b[K^~~~~~~~~~~\x1b[m\x1b[K\n'}
[6.438729] (aurora_core) StderrLine: {'line': b'\x1b[01m\x1b[K/home/brown/Projects/MiningRobot/ros2_workspace/src/aurora_core/src/aurora_node_core.cpp:142:5:\x1b[m\x1b[K \x1b[01;31m\x1b[Kerror: \x1b[m\x1b[Ktemplate argument 1 is invalid\n'}
[6.439687] (aurora_core) StderrLine: {'line': b'  142 |     \x1b[01;31m\x1b[KRCLCPP_INFO\x1b[m\x1b[K(node->get_logger(), "Reached bottom");\n'}
[6.439940] (aurora_core) StderrLine: {'line': b'      |     \x1b[01;31m\x1b[K^~~~~~~~~~~\x1b[m\x1b[K\n'}
[6.453247] (-) TimerEvent: {}
[6.553783] (-) TimerEvent: {}
[6.655675] (-) TimerEvent: {}
[6.756776] (-) TimerEvent: {}
[6.857841] (-) TimerEvent: {}
[6.958693] (-) TimerEvent: {}
[7.059827] (-) TimerEvent: {}
[7.160771] (-) TimerEvent: {}
[7.261300] (-) TimerEvent: {}
[7.361962] (-) TimerEvent: {}
[7.462715] (-) TimerEvent: {}
[7.563584] (-) TimerEvent: {}
[7.664671] (-) TimerEvent: {}
[7.768201] (-) TimerEvent: {}
[7.868973] (-) TimerEvent: {}
[7.969983] (-) TimerEvent: {}
[8.073848] (-) TimerEvent: {}
[8.174633] (-) TimerEvent: {}
[8.277545] (-) TimerEvent: {}
[8.379474] (-) TimerEvent: {}
[8.480849] (-) TimerEvent: {}
[8.582424] (-) TimerEvent: {}
[8.683308] (-) TimerEvent: {}
[8.783993] (-) TimerEvent: {}
[8.884444] (-) TimerEvent: {}
[8.988388] (-) TimerEvent: {}
[9.092303] (-) TimerEvent: {}
[9.193540] (-) TimerEvent: {}
[9.295206] (-) TimerEvent: {}
[9.395829] (-) TimerEvent: {}
[9.497107] (-) TimerEvent: {}
[9.605646] (-) TimerEvent: {}
[9.713436] (-) TimerEvent: {}
[9.817661] (-) TimerEvent: {}
[9.919226] (-) TimerEvent: {}
[10.020781] (-) TimerEvent: {}
[10.065076] (aurora_core) StderrLine: {'line': b'make[2]: *** [CMakeFiles/aurora_node_core.dir/build.make:76: CMakeFiles/aurora_node_core.dir/src/aurora_node_core.cpp.o] Error 1\n'}
[10.069157] (aurora_core) StderrLine: {'line': b'make[1]: *** [CMakeFiles/Makefile2:137: CMakeFiles/aurora_node_core.dir/all] Error 2\n'}
[10.069791] (aurora_core) StderrLine: {'line': b'make: *** [Makefile:146: all] Error 2\n'}
[10.081213] (aurora_core) CommandEnded: {'returncode': 2}
[10.121072] (-) TimerEvent: {}
[10.222689] (-) TimerEvent: {}
[10.325128] (-) TimerEvent: {}
[10.427095] (-) TimerEvent: {}
[10.528060] (-) TimerEvent: {}
[10.629277] (-) TimerEvent: {}
[10.734375] (-) TimerEvent: {}
[10.785802] (aurora_core) JobEnded: {'identifier': 'aurora_core', 'rc': 2}
[10.801632] (-) EventReactorShutdown: {}
