[0.000000] (-) TimerEvent: {}
[0.000774] (-) JobUnselected: {'identifier': 'ouster_msgs'}
[0.001097] (-) JobUnselected: {'identifier': 'pcl_conversions'}
[0.001186] (-) JobUnselected: {'identifier': 'pcl_msgs'}
[0.001268] (-) JobUnselected: {'identifier': 'pcl_ros'}
[0.001435] (-) JobUnselected: {'identifier': 'perception_pcl'}
[0.001886] (-) JobUnselected: {'identifier': 'ros2_ouster'}
[0.002041] (aurora_core) JobQueued: {'identifier': 'aurora_core', 'dependencies': OrderedDict([('ouster_msgs', '/home/brown/Projects/MiningRobot/ros2_workspace/install/ouster_msgs'), ('pcl_msgs', '/home/brown/Projects/MiningRobot/ros2_workspace/install/pcl_msgs'), ('pcl_conversions', '/home/brown/Projects/MiningRobot/ros2_workspace/install/pcl_conversions'), ('ros2_ouster', '/home/brown/Projects/MiningRobot/ros2_workspace/install/ros2_ouster')])}
[0.002296] (aurora_core) JobStarted: {'identifier': 'aurora_core'}
[0.099492] (-) TimerEvent: {}
[0.148913] (aurora_core) JobProgress: {'identifier': 'aurora_core', 'progress': 'cmake'}
[0.150310] (aurora_core) JobProgress: {'identifier': 'aurora_core', 'progress': 'build'}
[0.151551] (aurora_core) Command: {'cmd': ['/usr/bin/cmake', '--build', '/home/brown/Projects/MiningRobot/ros2_workspace/build/aurora_core', '--', '-j4', '-l4'], 'cwd': '/home/brown/Projects/MiningRobot/ros2_workspace/build/aurora_core', 'env': OrderedDict([('SHELL', '/bin/bash'), ('ROS_VERSION', '2'), ('WINDOWID', '1'), ('COLORTERM', 'truecolor'), ('XDG_CONFIG_DIRS', '/home/brown/.config/kdedefaults:/etc/xdg'), ('KGLOBALACCELD_PLATFORM', 'org.kde.kwin'), ('TERM_PROGRAM_VERSION', '3.3a'), ('TMUX', '/tmp/tmux-1000/default,1806,0'), ('PKG_CONFIG_PATH', '/opt/ros/humble/lib/pkgconfig'), ('ROS_PYTHON_VERSION', '3'), ('LANGUAGE', ''), ('SHELL_SESSION_ID', 'adab33755f16428db603933a933b68e7'), ('MEMORY_PRESSURE_WRITE', 'c29tZSAyMDAwMDAgMjAwMDAwMAA='), ('XCURSOR_SIZE', '24'), ('EDITOR', '/usr/bin/nvim'), ('XDG_SEAT', 'seat0'), ('PWD', '/home/brown/Projects/MiningRobot/ros2_workspace/build/aurora_core'), ('LOGNAME', 'brown'), ('XDG_SESSION_TYPE', 'wayland'), ('SYSTEMD_EXEC_PID', '506'), ('XAUTHORITY', '/run/user/1000/xauth_qwjjoz'), ('MOTD_SHOWN', 'pam'), ('HOME', '/home/brown'), ('LANG', 'C.UTF-8'), ('XDG_CURRENT_DESKTOP', 'KDE'), ('KONSOLE_DBUS_SERVICE', ':1.86'), ('MEMORY_PRESSURE_WATCH', '/sys/fs/cgroup/user.slice/user-1000.slice/user@1000.service/session.slice/plasma-kwin_wayland.service/memory.pressure'), ('WAYLAND_DISPLAY', 'wayland-0'), ('KONSOLE_DBUS_SESSION', '/Sessions/2'), ('PROFILEHOME', ''), ('AMENT_PREFIX_PATH', '/home/brown/Projects/MiningRobot/ros2_workspace/install/aurora_core:/home/brown/Projects/MiningRobot/ros2_workspace/install/ros2_ouster:/home/brown/Projects/MiningRobot/ros2_workspace/install/perception_pcl:/home/brown/Projects/MiningRobot/ros2_workspace/install/pcl_ros:/home/brown/Projects/MiningRobot/ros2_workspace/install/pcl_conversions:/home/brown/Projects/MiningRobot/ros2_workspace/install/pcl_msgs:/home/brown/Projects/MiningRobot/ros2_workspace/install/ouster_msgs:/opt/ros/humble'), ('CMAKE_PREFIX_PATH', '/home/brown/Projects/MiningRobot/ros2_workspace/install/ros2_ouster:/home/brown/Projects/MiningRobot/ros2_workspace/install/pcl_conversions:/home/brown/Projects/MiningRobot/ros2_workspace/install/pcl_msgs:/home/brown/Projects/MiningRobot/ros2_workspace/install/ouster_msgs:/home/brown/Projects/MiningRobot/ros2_workspace/install/aurora_core:/home/brown/Projects/MiningRobot/ros2_workspace/install/perception_pcl:/home/brown/Projects/MiningRobot/ros2_workspace/install/pcl_ros:/opt/ros/humble'), ('COLCON_PREFIX_PATH', '/home/brown/Projects/MiningRobot/ros2_workspace/install:/opt/ros/humble'), ('INVOCATION_ID', '0451ff8a5b7f45339296dc187b8cbfb5'), ('KONSOLE_VERSION', '230801'), ('MANAGERPID', '465'), ('KDE_SESSION_UID', '1000'), ('XDG_ACTIVATION_TOKEN', 'kwin-2'), ('XDG_SESSION_CLASS', 'user'), ('PYTHONPATH', '/home/brown/Projects/MiningRobot/ros2_workspace/install/pcl_msgs/lib/python3.11/site-packages:/home/brown/Projects/MiningRobot/ros2_workspace/install/ouster_msgs/lib/python3.11/site-packages:/home/brown/.cache/yay/ros2-humble/src/install/lib/python3.11/dist-packages:/opt/ros/humble/lib/python3.11/site-packages'), ('COLCON', '1'), ('TERM', 'xterm-256color'), ('USER', 'brown'), ('TMUX_PANE', '%5'), ('CUDA_PATH', '/opt/cuda'), ('COLORFGBG', '15;0'), ('PLASMA_USE_QT_SCALING', '1'), ('KDE_SESSION_VERSION', '5'), ('QT_WAYLAND_FORCE_DPI', '96'), ('DISPLAY', ':0'), ('SHLVL', '3'), ('XDG_VTNR', '1'), ('XDG_SESSION_ID', '1'), ('LD_LIBRARY_PATH', '/home/brown/Projects/MiningRobot/ros2_workspace/install/ros2_ouster/lib:/home/brown/Projects/MiningRobot/ros2_workspace/install/pcl_msgs/lib:/home/brown/Projects/MiningRobot/ros2_workspace/install/ouster_msgs/lib:/home/brown/Projects/MiningRobot/ros2_workspace/install/pcl_ros/lib:/opt/ros/humble/opt/yaml_cpp_vendor/lib:/opt/ros/humble/opt/rviz_ogre_vendor/lib:/opt/ros/humble/lib'), ('XDG_RUNTIME_DIR', '/run/user/1000'), ('ROS_LOCALHOST_ONLY', '0'), ('DEBUGINFOD_URLS', 'https://debuginfod.archlinux.org'), ('QT_AUTO_SCREEN_SCALE_FACTOR', '0'), ('JOURNAL_STREAM', '8:14885'), ('XCURSOR_THEME', 'breeze_cursors'), ('XDG_DATA_DIRS', '/home/brown/.local/share/flatpak/exports/share:/var/lib/flatpak/exports/share:/usr/local/share/:/usr/share/'), ('KDE_FULL_SESSION', 'true'), ('QSG_RENDER_LOOP', 'basic'), ('PATH', '/opt/ros/humble/bin:/home/brown/.local/bin:/home/brown/.local/bin:/home/brown/.local/bin:/usr/local/sbin:/usr/local/bin:/usr/bin:/opt/cuda/bin:/opt/cuda/nsight_compute:/opt/cuda/nsight_systems/bin:/var/lib/flatpak/exports/bin:/usr/lib/jvm/default/bin:/usr/bin/site_perl:/usr/bin/vendor_perl:/usr/bin/core_perl:/opt/cuda/bin:/opt/cuda/nsight_compute:/opt/cuda/nsight_systems/bin'), ('DBUS_SESSION_BUS_ADDRESS', 'unix:path=/run/user/1000/bus'), ('KDE_APPLICATIONS_AS_SCOPE', '1'), ('MAIL', '/var/spool/mail/brown'), ('ROS_DISTRO', 'humble'), ('OLDPWD', '/home/brown/Projects/MiningRobot'), ('TERM_PROGRAM', 'tmux'), ('KONSOLE_DBUS_WINDOW', '/Windows/1'), ('_', '/usr/bin/env')]), 'shell': False}
[0.199662] (-) TimerEvent: {}
[0.255781] (aurora_core) StdoutLine: {'line': b'[ 50%] \x1b[32mBuilding CXX object CMakeFiles/aurora_node_core.dir/src/aurora_node_core.cpp.o\x1b[0m\n'}
[0.299789] (-) TimerEvent: {}
[0.400212] (-) TimerEvent: {}
[0.500605] (-) TimerEvent: {}
[0.601015] (-) TimerEvent: {}
[0.701429] (-) TimerEvent: {}
[0.801839] (-) TimerEvent: {}
[0.902268] (-) TimerEvent: {}
[1.002727] (-) TimerEvent: {}
[1.103201] (-) TimerEvent: {}
[1.203637] (-) TimerEvent: {}
[1.304051] (-) TimerEvent: {}
[1.404465] (-) TimerEvent: {}
[1.504877] (-) TimerEvent: {}
[1.605270] (-) TimerEvent: {}
[1.705678] (-) TimerEvent: {}
[1.806085] (-) TimerEvent: {}
[1.906491] (-) TimerEvent: {}
[2.006896] (-) TimerEvent: {}
[2.107307] (-) TimerEvent: {}
[2.207720] (-) TimerEvent: {}
[2.308123] (-) TimerEvent: {}
[2.408534] (-) TimerEvent: {}
[2.508977] (-) TimerEvent: {}
[2.609370] (-) TimerEvent: {}
[2.709768] (-) TimerEvent: {}
[2.810193] (-) TimerEvent: {}
[2.910597] (-) TimerEvent: {}
[3.011256] (-) TimerEvent: {}
[3.112633] (-) TimerEvent: {}
[3.213019] (-) TimerEvent: {}
[3.313388] (-) TimerEvent: {}
[3.413770] (-) TimerEvent: {}
[3.514142] (-) TimerEvent: {}
[3.614475] (-) TimerEvent: {}
[3.714798] (-) TimerEvent: {}
[3.784204] (aurora_core) StderrLine: {'line': b'In file included from \x1b[01m\x1b[K/home/brown/Projects/MiningRobot/ros2_workspace/src/aurora_core/include/base/autonomy/include/aurora/../osl/vec2.h:9\x1b[m\x1b[K,\n'}
[3.784476] (aurora_core) StderrLine: {'line': b'                 from \x1b[01m\x1b[K/home/brown/Projects/MiningRobot/ros2_workspace/src/aurora_core/include/base/autonomy/include/aurora/coords.h:30\x1b[m\x1b[K,\n'}
[3.784606] (aurora_core) StderrLine: {'line': b'                 from \x1b[01m\x1b[K/home/brown/Projects/MiningRobot/ros2_workspace/src/aurora_core/include/base/autonomy/include/aurora/robot_base.h:10\x1b[m\x1b[K,\n'}
[3.784716] (aurora_core) StderrLine: {'line': b'                 from \x1b[01m\x1b[K/home/brown/Projects/MiningRobot/ros2_workspace/src/aurora_core/src/aurora_node_core.cpp:10\x1b[m\x1b[K:\n'}
[3.784822] (aurora_core) StderrLine: {'line': b'\x1b[01m\x1b[K/home/brown/Projects/MiningRobot/ros2_workspace/src/aurora_core/include/base/autonomy/include/aurora/../osl/vector2d.h:\x1b[m\x1b[K In copy constructor \xe2\x80\x98\x1b[01m\x1b[Kosl::Vector2d::\x1b[01;32m\x1b[KVector2d\x1b[m\x1b[K(const osl::Vector2d&)\x1b[m\x1b[K\xe2\x80\x99:\n'}
[3.784942] (aurora_core) StderrLine: {'line': b'\x1b[01m\x1b[K/home/brown/Projects/MiningRobot/ros2_workspace/src/aurora_core/include/base/autonomy/include/aurora/../osl/vector2d.h:157:9:\x1b[m\x1b[K \x1b[01;35m\x1b[Kwarning: \x1b[m\x1b[Kbase class \xe2\x80\x98\x1b[01m\x1b[Kclass osl::Vector2dT<double, osl::Vector2d>\x1b[m\x1b[K\xe2\x80\x99 should be explicitly initialized in the copy constructor [\x1b[01;35m\x1b[K\x1b]8;;https://gcc.gnu.org/onlinedocs/gcc/Warning-Options.html#index-Wextra\x07-Wextra\x1b]8;;\x07\x1b[m\x1b[K]\n'}
[3.785051] (aurora_core) StderrLine: {'line': b'  157 |         \x1b[01;35m\x1b[KVector2d\x1b[m\x1b[K(const Vector2d &copy) {x=copy.x;y=copy.y;}\n'}
[3.785154] (aurora_core) StderrLine: {'line': b'      |         \x1b[01;35m\x1b[K^~~~~~~~\x1b[m\x1b[K\n'}
[3.788179] (aurora_core) StderrLine: {'line': b'\x1b[01m\x1b[K/home/brown/Projects/MiningRobot/ros2_workspace/src/aurora_core/include/base/autonomy/include/aurora/../osl/vector2d.h:\x1b[m\x1b[K In member function \xe2\x80\x98\x1b[01m\x1b[Kbool osl::LineSeg::\x1b[01;32m\x1b[Kintersects\x1b[m\x1b[K(const osl::LineSeg&, bool, osl::Vector2d*) const\x1b[m\x1b[K\xe2\x80\x99:\n'}
[3.788538] (aurora_core) StderrLine: {'line': b'\x1b[01m\x1b[K/home/brown/Projects/MiningRobot/ros2_workspace/src/aurora_core/include/base/autonomy/include/aurora/../osl/vector2d.h:244:34:\x1b[m\x1b[K \x1b[01;35m\x1b[Kwarning: \x1b[m\x1b[Kimplicitly-declared \xe2\x80\x98\x1b[01m\x1b[Kosl::Vector2d& osl::Vector2d::\x1b[01;32m\x1b[Koperator=\x1b[m\x1b[K(const osl::Vector2d&)\x1b[m\x1b[K\xe2\x80\x99 is deprecated [\x1b[01;35m\x1b[K\x1b]8;;https://gcc.gnu.org/onlinedocs/gcc/Warning-Options.html#index-Wdeprecated-copy\x07-Wdeprecated-copy\x1b]8;;\x07\x1b[m\x1b[K]\n'}
[3.788721] (aurora_core) StderrLine: {'line': b'  244 |                         *ret=at(t\x1b[01;35m\x1b[K)\x1b[m\x1b[K;\n'}
[3.788886] (aurora_core) StderrLine: {'line': b'      |                                  \x1b[01;35m\x1b[K^\x1b[m\x1b[K\n'}
[3.789049] (aurora_core) StderrLine: {'line': b'\x1b[01m\x1b[K/home/brown/Projects/MiningRobot/ros2_workspace/src/aurora_core/include/base/autonomy/include/aurora/../osl/vector2d.h:157:9:\x1b[m\x1b[K \x1b[01;36m\x1b[Knote: \x1b[m\x1b[Kbecause \xe2\x80\x98\x1b[01m\x1b[Kosl::Vector2d\x1b[m\x1b[K\xe2\x80\x99 has user-provided \xe2\x80\x98\x1b[01m\x1b[Kosl::Vector2d::\x1b[01;32m\x1b[KVector2d\x1b[m\x1b[K(const osl::Vector2d&)\x1b[m\x1b[K\xe2\x80\x99\n'}
[3.789214] (aurora_core) StderrLine: {'line': b'  157 |         \x1b[01;36m\x1b[KVector2d\x1b[m\x1b[K(const Vector2d &copy) {x=copy.x;y=copy.y;}\n'}
[3.789480] (aurora_core) StderrLine: {'line': b'      |         \x1b[01;36m\x1b[K^~~~~~~~\x1b[m\x1b[K\n'}
[3.789642] (aurora_core) StderrLine: {'line': b'\x1b[01m\x1b[K/home/brown/Projects/MiningRobot/ros2_workspace/src/aurora_core/include/base/autonomy/include/aurora/../osl/vector2d.h:247:34:\x1b[m\x1b[K \x1b[01;35m\x1b[Kwarning: \x1b[m\x1b[Kimplicitly-declared \xe2\x80\x98\x1b[01m\x1b[Kosl::Vector2d& osl::Vector2d::\x1b[01;32m\x1b[Koperator=\x1b[m\x1b[K(const osl::Vector2d&)\x1b[m\x1b[K\xe2\x80\x99 is deprecated [\x1b[01;35m\x1b[K\x1b]8;;https://gcc.gnu.org/onlinedocs/gcc/Warning-Options.html#index-Wdeprecated-copy\x07-Wdeprecated-copy\x1b]8;;\x07\x1b[m\x1b[K]\n'}
[3.789825] (aurora_core) StderrLine: {'line': b'  247 |                         *ret=at(t\x1b[01;35m\x1b[K)\x1b[m\x1b[K;\n'}
[3.790011] (aurora_core) StderrLine: {'line': b'      |                                  \x1b[01;35m\x1b[K^\x1b[m\x1b[K\n'}
[3.790175] (aurora_core) StderrLine: {'line': b'\x1b[01m\x1b[K/home/brown/Projects/MiningRobot/ros2_workspace/src/aurora_core/include/base/autonomy/include/aurora/../osl/vector2d.h:157:9:\x1b[m\x1b[K \x1b[01;36m\x1b[Knote: \x1b[m\x1b[Kbecause \xe2\x80\x98\x1b[01m\x1b[Kosl::Vector2d\x1b[m\x1b[K\xe2\x80\x99 has user-provided \xe2\x80\x98\x1b[01m\x1b[Kosl::Vector2d::\x1b[01;32m\x1b[KVector2d\x1b[m\x1b[K(const osl::Vector2d&)\x1b[m\x1b[K\xe2\x80\x99\n'}
[3.790352] (aurora_core) StderrLine: {'line': b'  157 |         \x1b[01;36m\x1b[KVector2d\x1b[m\x1b[K(const Vector2d &copy) {x=copy.x;y=copy.y;}\n'}
[3.790512] (aurora_core) StderrLine: {'line': b'      |         \x1b[01;36m\x1b[K^~~~~~~~\x1b[m\x1b[K\n'}
[3.790671] (aurora_core) StderrLine: {'line': b'\x1b[01m\x1b[K/home/brown/Projects/MiningRobot/ros2_workspace/src/aurora_core/include/base/autonomy/include/aurora/../osl/vector2d.h:\x1b[m\x1b[K In member function \xe2\x80\x98\x1b[01m\x1b[Kvoid osl::Halfspace2d::\x1b[01;32m\x1b[KinitCheck\x1b[m\x1b[K(cv&, cv&, cv&)\x1b[m\x1b[K\xe2\x80\x99:\n'}
[3.790834] (aurora_core) StderrLine: {'line': b'\x1b[01m\x1b[K/home/brown/Projects/MiningRobot/ros2_workspace/src/aurora_core/include/base/autonomy/include/aurora/../osl/vector2d.h:279:43:\x1b[m\x1b[K \x1b[01;35m\x1b[Kwarning: \x1b[m\x1b[Kimplicitly-declared \xe2\x80\x98\x1b[01m\x1b[Kosl::Vector2d& osl::Vector2d::\x1b[01;32m\x1b[Koperator=\x1b[m\x1b[K(const osl::Vector2d&)\x1b[m\x1b[K\xe2\x80\x99 is deprecated [\x1b[01;35m\x1b[K\x1b]8;;https://gcc.gnu.org/onlinedocs/gcc/Warning-Options.html#index-Wdeprecated-copy\x07-Wdeprecated-copy\x1b]8;;\x07\x1b[m\x1b[K]\n'}
[3.791028] (aurora_core) StderrLine: {'line': b'  279 |         { init(p1,p2);if (side(in)<0) {n=-\x1b[01;35m\x1b[Kn\x1b[m\x1b[K;d=-d;} }\n'}
[3.791187] (aurora_core) StderrLine: {'line': b'      |                                           \x1b[01;35m\x1b[K^\x1b[m\x1b[K\n'}
[3.791345] (aurora_core) StderrLine: {'line': b'\x1b[01m\x1b[K/home/brown/Projects/MiningRobot/ros2_workspace/src/aurora_core/include/base/autonomy/include/aurora/../osl/vector2d.h:157:9:\x1b[m\x1b[K \x1b[01;36m\x1b[Knote: \x1b[m\x1b[Kbecause \xe2\x80\x98\x1b[01m\x1b[Kosl::Vector2d\x1b[m\x1b[K\xe2\x80\x99 has user-provided \xe2\x80\x98\x1b[01m\x1b[Kosl::Vector2d::\x1b[01;32m\x1b[KVector2d\x1b[m\x1b[K(const osl::Vector2d&)\x1b[m\x1b[K\xe2\x80\x99\n'}
[3.791507] (aurora_core) StderrLine: {'line': b'  157 |         \x1b[01;36m\x1b[KVector2d\x1b[m\x1b[K(const Vector2d &copy) {x=copy.x;y=copy.y;}\n'}
[3.791666] (aurora_core) StderrLine: {'line': b'      |         \x1b[01;36m\x1b[K^~~~~~~~\x1b[m\x1b[K\n'}
[3.814910] (-) TimerEvent: {}
[3.854477] (aurora_core) StderrLine: {'line': b'In file included from \x1b[01m\x1b[K/home/brown/Projects/MiningRobot/ros2_workspace/src/aurora_core/include/base/autonomy/include/aurora/../nanoslot/nanoslot_IMU.h:10\x1b[m\x1b[K,\n'}
[3.854955] (aurora_core) StderrLine: {'line': b'                 from \x1b[01m\x1b[K/home/brown/Projects/MiningRobot/ros2_workspace/src/aurora_core/include/base/autonomy/include/aurora/../nanoslot/nanoslot_exchange.h:21\x1b[m\x1b[K,\n'}
[3.855073] (aurora_core) StderrLine: {'line': b'                 from \x1b[01m\x1b[K/home/brown/Projects/MiningRobot/ros2_workspace/src/aurora_core/include/base/autonomy/include/aurora/lunatic.h:43\x1b[m\x1b[K,\n'}
[3.855179] (aurora_core) StderrLine: {'line': b'                 from \x1b[01m\x1b[K/home/brown/Projects/MiningRobot/ros2_workspace/src/aurora_core/src/aurora_node_core.cpp:11\x1b[m\x1b[K:\n'}
[3.855376] (aurora_core) StderrLine: {'line': b'\x1b[01m\x1b[K/home/brown/Projects/MiningRobot/ros2_workspace/src/aurora_core/include/base/autonomy/include/aurora/../nanoslot/FusionMath.h:\x1b[m\x1b[K In function \xe2\x80\x98\x1b[01m\x1b[KFusionVector\x1b[01;32m\x1b[K FusionVectorAdd\x1b[m\x1b[K(FusionVector, FusionVector)\x1b[m\x1b[K\xe2\x80\x99:\n'}
[3.855651] (aurora_core) StderrLine: {'line': b'\x1b[01m\x1b[K/home/brown/Projects/MiningRobot/ros2_workspace/src/aurora_core/include/base/autonomy/include/aurora/../nanoslot/FusionMath.h:207:34:\x1b[m\x1b[K \x1b[01;35m\x1b[Kwarning: \x1b[m\x1b[KC++ designated initializers only available with \xe2\x80\x98\x1b[01m\x1b[K-std=c++20\x1b[m\x1b[K\xe2\x80\x99 or \xe2\x80\x98\x1b[01m\x1b[K-std=gnu++20\x1b[m\x1b[K\xe2\x80\x99 [\x1b[01;35m\x1b[K\x1b]8;;https://gcc.gnu.org/onlinedocs/gcc/Warning-Options.html#index-Wc++20-extensions\x07-Wc++20-extensions\x1b]8;;\x07\x1b[m\x1b[K]\n'}
[3.855921] (aurora_core) StderrLine: {'line': b'  207 |     const FusionVector result = {\x1b[01;35m\x1b[K.\x1b[m\x1b[Kaxis = {\n'}
[3.856031] (aurora_core) StderrLine: {'line': b'      |                                  \x1b[01;35m\x1b[K^\x1b[m\x1b[K\n'}
[3.856134] (aurora_core) StderrLine: {'line': b'\x1b[01m\x1b[K/home/brown/Projects/MiningRobot/ros2_workspace/src/aurora_core/include/base/autonomy/include/aurora/../nanoslot/FusionMath.h:208:13:\x1b[m\x1b[K \x1b[01;35m\x1b[Kwarning: \x1b[m\x1b[KC++ designated initializers only available with \xe2\x80\x98\x1b[01m\x1b[K-std=c++20\x1b[m\x1b[K\xe2\x80\x99 or \xe2\x80\x98\x1b[01m\x1b[K-std=gnu++20\x1b[m\x1b[K\xe2\x80\x99 [\x1b[01;35m\x1b[K\x1b]8;;https://gcc.gnu.org/onlinedocs/gcc/Warning-Options.html#index-Wc++20-extensions\x07-Wc++20-extensions\x1b]8;;\x07\x1b[m\x1b[K]\n'}
[3.856355] (aurora_core) StderrLine: {'line': b'  208 |             \x1b[01;35m\x1b[K.\x1b[m\x1b[Kx = vectorA.axis.x + vectorB.axis.x,\n'}
[3.856540] (aurora_core) StderrLine: {'line': b'      |             \x1b[01;35m\x1b[K^\x1b[m\x1b[K\n'}
[3.856671] (aurora_core) StderrLine: {'line': b'\x1b[01m\x1b[K/home/brown/Projects/MiningRobot/ros2_workspace/src/aurora_core/include/base/autonomy/include/aurora/../nanoslot/FusionMath.h:209:13:\x1b[m\x1b[K \x1b[01;35m\x1b[Kwarning: \x1b[m\x1b[KC++ designated initializers only available with \xe2\x80\x98\x1b[01m\x1b[K-std=c++20\x1b[m\x1b[K\xe2\x80\x99 or \xe2\x80\x98\x1b[01m\x1b[K-std=gnu++20\x1b[m\x1b[K\xe2\x80\x99 [\x1b[01;35m\x1b[K\x1b]8;;https://gcc.gnu.org/onlinedocs/gcc/Warning-Options.html#index-Wc++20-extensions\x07-Wc++20-extensions\x1b]8;;\x07\x1b[m\x1b[K]\n'}
[3.856788] (aurora_core) StderrLine: {'line': b'  209 |             \x1b[01;35m\x1b[K.\x1b[m\x1b[Ky = vectorA.axis.y + vectorB.axis.y,\n'}
[3.856891] (aurora_core) StderrLine: {'line': b'      |             \x1b[01;35m\x1b[K^\x1b[m\x1b[K\n'}
[3.856997] (aurora_core) StderrLine: {'line': b'\x1b[01m\x1b[K/home/brown/Projects/MiningRobot/ros2_workspace/src/aurora_core/include/base/autonomy/include/aurora/../nanoslot/FusionMath.h:210:13:\x1b[m\x1b[K \x1b[01;35m\x1b[Kwarning: \x1b[m\x1b[KC++ designated initializers only available with \xe2\x80\x98\x1b[01m\x1b[K-std=c++20\x1b[m\x1b[K\xe2\x80\x99 or \xe2\x80\x98\x1b[01m\x1b[K-std=gnu++20\x1b[m\x1b[K\xe2\x80\x99 [\x1b[01;35m\x1b[K\x1b]8;;https://gcc.gnu.org/onlinedocs/gcc/Warning-Options.html#index-Wc++20-extensions\x07-Wc++20-extensions\x1b]8;;\x07\x1b[m\x1b[K]\n'}
[3.857101] (aurora_core) StderrLine: {'line': b'  210 |             \x1b[01;35m\x1b[K.\x1b[m\x1b[Kz = vectorA.axis.z + vectorB.axis.z,\n'}
[3.857205] (aurora_core) StderrLine: {'line': b'      |             \x1b[01;35m\x1b[K^\x1b[m\x1b[K\n'}
[3.857475] (aurora_core) StderrLine: {'line': b'\x1b[01m\x1b[K/home/brown/Projects/MiningRobot/ros2_workspace/src/aurora_core/include/base/autonomy/include/aurora/../nanoslot/FusionMath.h:\x1b[m\x1b[K In function \xe2\x80\x98\x1b[01m\x1b[KFusionVector\x1b[01;32m\x1b[K FusionVectorSubtract\x1b[m\x1b[K(FusionVector, FusionVector)\x1b[m\x1b[K\xe2\x80\x99:\n'}
[3.857599] (aurora_core) StderrLine: {'line': b'\x1b[01m\x1b[K/home/brown/Projects/MiningRobot/ros2_workspace/src/aurora_core/include/base/autonomy/include/aurora/../nanoslot/FusionMath.h:222:34:\x1b[m\x1b[K \x1b[01;35m\x1b[Kwarning: \x1b[m\x1b[KC++ designated initializers only available with \xe2\x80\x98\x1b[01m\x1b[K-std=c++20\x1b[m\x1b[K\xe2\x80\x99 or \xe2\x80\x98\x1b[01m\x1b[K-std=gnu++20\x1b[m\x1b[K\xe2\x80\x99 [\x1b[01;35m\x1b[K\x1b]8;;https://gcc.gnu.org/onlinedocs/gcc/Warning-Options.html#index-Wc++20-extensions\x07-Wc++20-extensions\x1b]8;;\x07\x1b[m\x1b[K]\n'}
[3.857722] (aurora_core) StderrLine: {'line': b'  222 |     const FusionVector result = {\x1b[01;35m\x1b[K.\x1b[m\x1b[Kaxis = {\n'}
[3.857822] (aurora_core) StderrLine: {'line': b'      |                                  \x1b[01;35m\x1b[K^\x1b[m\x1b[K\n'}
[3.858135] (aurora_core) StderrLine: {'line': b'\x1b[01m\x1b[K/home/brown/Projects/MiningRobot/ros2_workspace/src/aurora_core/include/base/autonomy/include/aurora/../nanoslot/FusionMath.h:223:13:\x1b[m\x1b[K \x1b[01;35m\x1b[Kwarning: \x1b[m\x1b[KC++ designated initializers only available with \xe2\x80\x98\x1b[01m\x1b[K-std=c++20\x1b[m\x1b[K\xe2\x80\x99 or \xe2\x80\x98\x1b[01m\x1b[K-std=gnu++20\x1b[m\x1b[K\xe2\x80\x99 [\x1b[01;35m\x1b[K\x1b]8;;https://gcc.gnu.org/onlinedocs/gcc/Warning-Options.html#index-Wc++20-extensions\x07-Wc++20-extensions\x1b]8;;\x07\x1b[m\x1b[K]\n'}
[3.858262] (aurora_core) StderrLine: {'line': b'  223 |             \x1b[01;35m\x1b[K.\x1b[m\x1b[Kx = vectorA.axis.x - vectorB.axis.x,\n'}
[3.858460] (aurora_core) StderrLine: {'line': b'      |             \x1b[01;35m\x1b[K^\x1b[m\x1b[K\n'}
[3.858609] (aurora_core) StderrLine: {'line': b'\x1b[01m\x1b[K/home/brown/Projects/MiningRobot/ros2_workspace/src/aurora_core/include/base/autonomy/include/aurora/../nanoslot/FusionMath.h:224:13:\x1b[m\x1b[K \x1b[01;35m\x1b[Kwarning: \x1b[m\x1b[KC++ designated initializers only available with \xe2\x80\x98\x1b[01m\x1b[K-std=c++20\x1b[m\x1b[K\xe2\x80\x99 or \xe2\x80\x98\x1b[01m\x1b[K-std=gnu++20\x1b[m\x1b[K\xe2\x80\x99 [\x1b[01;35m\x1b[K\x1b]8;;https://gcc.gnu.org/onlinedocs/gcc/Warning-Options.html#index-Wc++20-extensions\x07-Wc++20-extensions\x1b]8;;\x07\x1b[m\x1b[K]\n'}
[3.858817] (aurora_core) StderrLine: {'line': b'  224 |             \x1b[01;35m\x1b[K.\x1b[m\x1b[Ky = vectorA.axis.y - vectorB.axis.y,\n'}
[3.858974] (aurora_core) StderrLine: {'line': b'      |             \x1b[01;35m\x1b[K^\x1b[m\x1b[K\n'}
[3.859076] (aurora_core) StderrLine: {'line': b'\x1b[01m\x1b[K/home/brown/Projects/MiningRobot/ros2_workspace/src/aurora_core/include/base/autonomy/include/aurora/../nanoslot/FusionMath.h:225:13:\x1b[m\x1b[K \x1b[01;35m\x1b[Kwarning: \x1b[m\x1b[KC++ designated initializers only available with \xe2\x80\x98\x1b[01m\x1b[K-std=c++20\x1b[m\x1b[K\xe2\x80\x99 or \xe2\x80\x98\x1b[01m\x1b[K-std=gnu++20\x1b[m\x1b[K\xe2\x80\x99 [\x1b[01;35m\x1b[K\x1b]8;;https://gcc.gnu.org/onlinedocs/gcc/Warning-Options.html#index-Wc++20-extensions\x07-Wc++20-extensions\x1b]8;;\x07\x1b[m\x1b[K]\n'}
[3.859182] (aurora_core) StderrLine: {'line': b'  225 |             \x1b[01;35m\x1b[K.\x1b[m\x1b[Kz = vectorA.axis.z - vectorB.axis.z,\n'}
[3.859298] (aurora_core) StderrLine: {'line': b'      |             \x1b[01;35m\x1b[K^\x1b[m\x1b[K\n'}
[3.859620] (aurora_core) StderrLine: {'line': b'\x1b[01m\x1b[K/home/brown/Projects/MiningRobot/ros2_workspace/src/aurora_core/include/base/autonomy/include/aurora/../nanoslot/FusionMath.h:\x1b[m\x1b[K In function \xe2\x80\x98\x1b[01m\x1b[KFusionVector\x1b[01;32m\x1b[K FusionVectorMultiplyScalar\x1b[m\x1b[K(FusionVector, float)\x1b[m\x1b[K\xe2\x80\x99:\n'}
[3.859828] (aurora_core) StderrLine: {'line': b'\x1b[01m\x1b[K/home/brown/Projects/MiningRobot/ros2_workspace/src/aurora_core/include/base/autonomy/include/aurora/../nanoslot/FusionMath.h:246:34:\x1b[m\x1b[K \x1b[01;35m\x1b[Kwarning: \x1b[m\x1b[KC++ designated initializers only available with \xe2\x80\x98\x1b[01m\x1b[K-std=c++20\x1b[m\x1b[K\xe2\x80\x99 or \xe2\x80\x98\x1b[01m\x1b[K-std=gnu++20\x1b[m\x1b[K\xe2\x80\x99 [\x1b[01;35m\x1b[K\x1b]8;;https://gcc.gnu.org/onlinedocs/gcc/Warning-Options.html#index-Wc++20-extensions\x07-Wc++20-extensions\x1b]8;;\x07\x1b[m\x1b[K]\n'}
[3.860016] (aurora_core) StderrLine: {'line': b'  246 |     const FusionVector result = {\x1b[01;35m\x1b[K.\x1b[m\x1b[Kaxis = {\n'}
[3.860407] (aurora_core) StderrLine: {'line': b'      |                                  \x1b[01;35m\x1b[K^\x1b[m\x1b[K\n'}
[3.860600] (aurora_core) StderrLine: {'line': b'\x1b[01m\x1b[K/home/brown/Projects/MiningRobot/ros2_workspace/src/aurora_core/include/base/autonomy/include/aurora/../nanoslot/FusionMath.h:247:13:\x1b[m\x1b[K \x1b[01;35m\x1b[Kwarning: \x1b[m\x1b[KC++ designated initializers only available with \xe2\x80\x98\x1b[01m\x1b[K-std=c++20\x1b[m\x1b[K\xe2\x80\x99 or \xe2\x80\x98\x1b[01m\x1b[K-std=gnu++20\x1b[m\x1b[K\xe2\x80\x99 [\x1b[01;35m\x1b[K\x1b]8;;https://gcc.gnu.org/onlinedocs/gcc/Warning-Options.html#index-Wc++20-extensions\x07-Wc++20-extensions\x1b]8;;\x07\x1b[m\x1b[K]\n'}
[3.860983] (aurora_core) StderrLine: {'line': b'  247 |             \x1b[01;35m\x1b[K.\x1b[m\x1b[Kx = vector.axis.x * scalar,\n'}
[3.861185] (aurora_core) StderrLine: {'line': b'      |             \x1b[01;35m\x1b[K^\x1b[m\x1b[K\n'}
[3.861495] (aurora_core) StderrLine: {'line': b'\x1b[01m\x1b[K/home/brown/Projects/MiningRobot/ros2_workspace/src/aurora_core/include/base/autonomy/include/aurora/../nanoslot/FusionMath.h:248:13:\x1b[m\x1b[K \x1b[01;35m\x1b[Kwarning: \x1b[m\x1b[KC++ designated initializers only available with \xe2\x80\x98\x1b[01m\x1b[K-std=c++20\x1b[m\x1b[K\xe2\x80\x99 or \xe2\x80\x98\x1b[01m\x1b[K-std=gnu++20\x1b[m\x1b[K\xe2\x80\x99 [\x1b[01;35m\x1b[K\x1b]8;;https://gcc.gnu.org/onlinedocs/gcc/Warning-Options.html#index-Wc++20-extensions\x07-Wc++20-extensions\x1b]8;;\x07\x1b[m\x1b[K]\n'}
[3.861734] (aurora_core) StderrLine: {'line': b'  248 |             \x1b[01;35m\x1b[K.\x1b[m\x1b[Ky = vector.axis.y * scalar,\n'}
[3.861916] (aurora_core) StderrLine: {'line': b'      |             \x1b[01;35m\x1b[K^\x1b[m\x1b[K\n'}
[3.862265] (aurora_core) StderrLine: {'line': b'\x1b[01m\x1b[K/home/brown/Projects/MiningRobot/ros2_workspace/src/aurora_core/include/base/autonomy/include/aurora/../nanoslot/FusionMath.h:249:13:\x1b[m\x1b[K \x1b[01;35m\x1b[Kwarning: \x1b[m\x1b[KC++ designated initializers only available with \xe2\x80\x98\x1b[01m\x1b[K-std=c++20\x1b[m\x1b[K\xe2\x80\x99 or \xe2\x80\x98\x1b[01m\x1b[K-std=gnu++20\x1b[m\x1b[K\xe2\x80\x99 [\x1b[01;35m\x1b[K\x1b]8;;https://gcc.gnu.org/onlinedocs/gcc/Warning-Options.html#index-Wc++20-extensions\x07-Wc++20-extensions\x1b]8;;\x07\x1b[m\x1b[K]\n'}
[3.862484] (aurora_core) StderrLine: {'line': b'  249 |             \x1b[01;35m\x1b[K.\x1b[m\x1b[Kz = vector.axis.z * scalar,\n'}
[3.862786] (aurora_core) StderrLine: {'line': b'      |             \x1b[01;35m\x1b[K^\x1b[m\x1b[K\n'}
[3.863006] (aurora_core) StderrLine: {'line': b'\x1b[01m\x1b[K/home/brown/Projects/MiningRobot/ros2_workspace/src/aurora_core/include/base/autonomy/include/aurora/../nanoslot/FusionMath.h:\x1b[m\x1b[K In function \xe2\x80\x98\x1b[01m\x1b[KFusionVector\x1b[01;32m\x1b[K FusionVectorHadamardProduct\x1b[m\x1b[K(FusionVector, FusionVector)\x1b[m\x1b[K\xe2\x80\x99:\n'}
[3.863192] (aurora_core) StderrLine: {'line': b'\x1b[01m\x1b[K/home/brown/Projects/MiningRobot/ros2_workspace/src/aurora_core/include/base/autonomy/include/aurora/../nanoslot/FusionMath.h:261:34:\x1b[m\x1b[K \x1b[01;35m\x1b[Kwarning: \x1b[m\x1b[KC++ designated initializers only available with \xe2\x80\x98\x1b[01m\x1b[K-std=c++20\x1b[m\x1b[K\xe2\x80\x99 or \xe2\x80\x98\x1b[01m\x1b[K-std=gnu++20\x1b[m\x1b[K\xe2\x80\x99 [\x1b[01;35m\x1b[K\x1b]8;;https://gcc.gnu.org/onlinedocs/gcc/Warning-Options.html#index-Wc++20-extensions\x07-Wc++20-extensions\x1b]8;;\x07\x1b[m\x1b[K]\n'}
[3.863553] (aurora_core) StderrLine: {'line': b'  261 |     const FusionVector result = {\x1b[01;35m\x1b[K.\x1b[m\x1b[Kaxis = {\n'}
[3.863733] (aurora_core) StderrLine: {'line': b'      |                                  \x1b[01;35m\x1b[K^\x1b[m\x1b[K\n'}
[3.863917] (aurora_core) StderrLine: {'line': b'\x1b[01m\x1b[K/home/brown/Projects/MiningRobot/ros2_workspace/src/aurora_core/include/base/autonomy/include/aurora/../nanoslot/FusionMath.h:262:13:\x1b[m\x1b[K \x1b[01;35m\x1b[Kwarning: \x1b[m\x1b[KC++ designated initializers only available with \xe2\x80\x98\x1b[01m\x1b[K-std=c++20\x1b[m\x1b[K\xe2\x80\x99 or \xe2\x80\x98\x1b[01m\x1b[K-std=gnu++20\x1b[m\x1b[K\xe2\x80\x99 [\x1b[01;35m\x1b[K\x1b]8;;https://gcc.gnu.org/onlinedocs/gcc/Warning-Options.html#index-Wc++20-extensions\x07-Wc++20-extensions\x1b]8;;\x07\x1b[m\x1b[K]\n'}
[3.864109] (aurora_core) StderrLine: {'line': b'  262 |             \x1b[01;35m\x1b[K.\x1b[m\x1b[Kx = vectorA.axis.x * vectorB.axis.x,\n'}
[3.864446] (aurora_core) StderrLine: {'line': b'      |             \x1b[01;35m\x1b[K^\x1b[m\x1b[K\n'}
[3.864808] (aurora_core) StderrLine: {'line': b'\x1b[01m\x1b[K/home/brown/Projects/MiningRobot/ros2_workspace/src/aurora_core/include/base/autonomy/include/aurora/../nanoslot/FusionMath.h:263:13:\x1b[m\x1b[K \x1b[01;35m\x1b[Kwarning: \x1b[m\x1b[KC++ designated initializers only available with \xe2\x80\x98\x1b[01m\x1b[K-std=c++20\x1b[m\x1b[K\xe2\x80\x99 or \xe2\x80\x98\x1b[01m\x1b[K-std=gnu++20\x1b[m\x1b[K\xe2\x80\x99 [\x1b[01;35m\x1b[K\x1b]8;;https://gcc.gnu.org/onlinedocs/gcc/Warning-Options.html#index-Wc++20-extensions\x07-Wc++20-extensions\x1b]8;;\x07\x1b[m\x1b[K]\n'}
[3.865012] (aurora_core) StderrLine: {'line': b'  263 |             \x1b[01;35m\x1b[K.\x1b[m\x1b[Ky = vectorA.axis.y * vectorB.axis.y,\n'}
[3.865192] (aurora_core) StderrLine: {'line': b'      |             \x1b[01;35m\x1b[K^\x1b[m\x1b[K\n'}
[3.865383] (aurora_core) StderrLine: {'line': b'\x1b[01m\x1b[K/home/brown/Projects/MiningRobot/ros2_workspace/src/aurora_core/include/base/autonomy/include/aurora/../nanoslot/FusionMath.h:264:13:\x1b[m\x1b[K \x1b[01;35m\x1b[Kwarning: \x1b[m\x1b[KC++ designated initializers only available with \xe2\x80\x98\x1b[01m\x1b[K-std=c++20\x1b[m\x1b[K\xe2\x80\x99 or \xe2\x80\x98\x1b[01m\x1b[K-std=gnu++20\x1b[m\x1b[K\xe2\x80\x99 [\x1b[01;35m\x1b[K\x1b]8;;https://gcc.gnu.org/onlinedocs/gcc/Warning-Options.html#index-Wc++20-extensions\x07-Wc++20-extensions\x1b]8;;\x07\x1b[m\x1b[K]\n'}
[3.865675] (aurora_core) StderrLine: {'line': b'  264 |             \x1b[01;35m\x1b[K.\x1b[m\x1b[Kz = vectorA.axis.z * vectorB.axis.z,\n'}
[3.865869] (aurora_core) StderrLine: {'line': b'      |             \x1b[01;35m\x1b[K^\x1b[m\x1b[K\n'}
[3.866029] (aurora_core) StderrLine: {'line': b'\x1b[01m\x1b[K/home/brown/Projects/MiningRobot/ros2_workspace/src/aurora_core/include/base/autonomy/include/aurora/../nanoslot/FusionMath.h:\x1b[m\x1b[K In function \xe2\x80\x98\x1b[01m\x1b[KFusionVector\x1b[01;32m\x1b[K FusionVectorCrossProduct\x1b[m\x1b[K(FusionVector, FusionVector)\x1b[m\x1b[K\xe2\x80\x99:\n'}
[3.866139] (aurora_core) StderrLine: {'line': b'\x1b[01m\x1b[K/home/brown/Projects/MiningRobot/ros2_workspace/src/aurora_core/include/base/autonomy/include/aurora/../nanoslot/FusionMath.h:290:34:\x1b[m\x1b[K \x1b[01;35m\x1b[Kwarning: \x1b[m\x1b[KC++ designated initializers only available with \xe2\x80\x98\x1b[01m\x1b[K-std=c++20\x1b[m\x1b[K\xe2\x80\x99 or \xe2\x80\x98\x1b[01m\x1b[K-std=gnu++20\x1b[m\x1b[K\xe2\x80\x99 [\x1b[01;35m\x1b[K\x1b]8;;https://gcc.gnu.org/onlinedocs/gcc/Warning-Options.html#index-Wc++20-extensions\x07-Wc++20-extensions\x1b]8;;\x07\x1b[m\x1b[K]\n'}
[3.866250] (aurora_core) StderrLine: {'line': b'  290 |     const FusionVector result = {\x1b[01;35m\x1b[K.\x1b[m\x1b[Kaxis = {\n'}
[3.866353] (aurora_core) StderrLine: {'line': b'      |                                  \x1b[01;35m\x1b[K^\x1b[m\x1b[K\n'}
[3.866453] (aurora_core) StderrLine: {'line': b'\x1b[01m\x1b[K/home/brown/Projects/MiningRobot/ros2_workspace/src/aurora_core/include/base/autonomy/include/aurora/../nanoslot/FusionMath.h:291:13:\x1b[m\x1b[K \x1b[01;35m\x1b[Kwarning: \x1b[m\x1b[KC++ designated initializers only available with \xe2\x80\x98\x1b[01m\x1b[K-std=c++20\x1b[m\x1b[K\xe2\x80\x99 or \xe2\x80\x98\x1b[01m\x1b[K-std=gnu++20\x1b[m\x1b[K\xe2\x80\x99 [\x1b[01;35m\x1b[K\x1b]8;;https://gcc.gnu.org/onlinedocs/gcc/Warning-Options.html#index-Wc++20-extensions\x07-Wc++20-extensions\x1b]8;;\x07\x1b[m\x1b[K]\n'}
[3.866562] (aurora_core) StderrLine: {'line': b'  291 |             \x1b[01;35m\x1b[K.\x1b[m\x1b[Kx = A.y * B.z - A.z * B.y,\n'}
[3.866705] (aurora_core) StderrLine: {'line': b'      |             \x1b[01;35m\x1b[K^\x1b[m\x1b[K\n'}
[3.866808] (aurora_core) StderrLine: {'line': b'\x1b[01m\x1b[K/home/brown/Projects/MiningRobot/ros2_workspace/src/aurora_core/include/base/autonomy/include/aurora/../nanoslot/FusionMath.h:292:13:\x1b[m\x1b[K \x1b[01;35m\x1b[Kwarning: \x1b[m\x1b[KC++ designated initializers only available with \xe2\x80\x98\x1b[01m\x1b[K-std=c++20\x1b[m\x1b[K\xe2\x80\x99 or \xe2\x80\x98\x1b[01m\x1b[K-std=gnu++20\x1b[m\x1b[K\xe2\x80\x99 [\x1b[01;35m\x1b[K\x1b]8;;https://gcc.gnu.org/onlinedocs/gcc/Warning-Options.html#index-Wc++20-extensions\x07-Wc++20-extensions\x1b]8;;\x07\x1b[m\x1b[K]\n'}
[3.866925] (aurora_core) StderrLine: {'line': b'  292 |             \x1b[01;35m\x1b[K.\x1b[m\x1b[Ky = A.z * B.x - A.x * B.z,\n'}
[3.867035] (aurora_core) StderrLine: {'line': b'      |             \x1b[01;35m\x1b[K^\x1b[m\x1b[K\n'}
[3.867134] (aurora_core) StderrLine: {'line': b'\x1b[01m\x1b[K/home/brown/Projects/MiningRobot/ros2_workspace/src/aurora_core/include/base/autonomy/include/aurora/../nanoslot/FusionMath.h:293:13:\x1b[m\x1b[K \x1b[01;35m\x1b[Kwarning: \x1b[m\x1b[KC++ designated initializers only available with \xe2\x80\x98\x1b[01m\x1b[K-std=c++20\x1b[m\x1b[K\xe2\x80\x99 or \xe2\x80\x98\x1b[01m\x1b[K-std=gnu++20\x1b[m\x1b[K\xe2\x80\x99 [\x1b[01;35m\x1b[K\x1b]8;;https://gcc.gnu.org/onlinedocs/gcc/Warning-Options.html#index-Wc++20-extensions\x07-Wc++20-extensions\x1b]8;;\x07\x1b[m\x1b[K]\n'}
[3.867241] (aurora_core) StderrLine: {'line': b'  293 |             \x1b[01;35m\x1b[K.\x1b[m\x1b[Kz = A.x * B.y - A.y * B.x,\n'}
[3.867338] (aurora_core) StderrLine: {'line': b'      |             \x1b[01;35m\x1b[K^\x1b[m\x1b[K\n'}
[3.867435] (aurora_core) StderrLine: {'line': b'\x1b[01m\x1b[K/home/brown/Projects/MiningRobot/ros2_workspace/src/aurora_core/include/base/autonomy/include/aurora/../nanoslot/FusionMath.h:\x1b[m\x1b[K In function \xe2\x80\x98\x1b[01m\x1b[KFusionQuaternion\x1b[01;32m\x1b[K FusionQuaternionZradians\x1b[m\x1b[K(float)\x1b[m\x1b[K\xe2\x80\x99:\n'}
[3.867536] (aurora_core) StderrLine: {'line': b'\x1b[01m\x1b[K/home/brown/Projects/MiningRobot/ros2_workspace/src/aurora_core/include/base/autonomy/include/aurora/../nanoslot/FusionMath.h:339:33:\x1b[m\x1b[K \x1b[01;35m\x1b[Kwarning: \x1b[m\x1b[KC++ designated initializers only available with \xe2\x80\x98\x1b[01m\x1b[K-std=c++20\x1b[m\x1b[K\xe2\x80\x99 or \xe2\x80\x98\x1b[01m\x1b[K-std=gnu++20\x1b[m\x1b[K\xe2\x80\x99 [\x1b[01;35m\x1b[K\x1b]8;;https://gcc.gnu.org/onlinedocs/gcc/Warning-Options.html#index-Wc++20-extensions\x07-Wc++20-extensions\x1b]8;;\x07\x1b[m\x1b[K]\n'}
[3.867643] (aurora_core) StderrLine: {'line': b'  339 |     const FusionQuaternion Q = {\x1b[01;35m\x1b[K.\x1b[m\x1b[Kelement = {\n'}
[3.867741] (aurora_core) StderrLine: {'line': b'      |                                 \x1b[01;35m\x1b[K^\x1b[m\x1b[K\n'}
[3.867841] (aurora_core) StderrLine: {'line': b'\x1b[01m\x1b[K/home/brown/Projects/MiningRobot/ros2_workspace/src/aurora_core/include/base/autonomy/include/aurora/../nanoslot/FusionMath.h:340:13:\x1b[m\x1b[K \x1b[01;35m\x1b[Kwarning: \x1b[m\x1b[KC++ designated initializers only available with \xe2\x80\x98\x1b[01m\x1b[K-std=c++20\x1b[m\x1b[K\xe2\x80\x99 or \xe2\x80\x98\x1b[01m\x1b[K-std=gnu++20\x1b[m\x1b[K\xe2\x80\x99 [\x1b[01;35m\x1b[K\x1b]8;;https://gcc.gnu.org/onlinedocs/gcc/Warning-Options.html#index-Wc++20-extensions\x07-Wc++20-extensions\x1b]8;;\x07\x1b[m\x1b[K]\n'}
[3.867951] (aurora_core) StderrLine: {'line': b'  340 |             \x1b[01;35m\x1b[K.\x1b[m\x1b[Kw = cosf(a),\n'}
[3.868053] (aurora_core) StderrLine: {'line': b'      |             \x1b[01;35m\x1b[K^\x1b[m\x1b[K\n'}
[3.868183] (aurora_core) StderrLine: {'line': b'\x1b[01m\x1b[K/home/brown/Projects/MiningRobot/ros2_workspace/src/aurora_core/include/base/autonomy/include/aurora/../nanoslot/FusionMath.h:341:13:\x1b[m\x1b[K \x1b[01;35m\x1b[Kwarning: \x1b[m\x1b[KC++ designated initializers only available with \xe2\x80\x98\x1b[01m\x1b[K-std=c++20\x1b[m\x1b[K\xe2\x80\x99 or \xe2\x80\x98\x1b[01m\x1b[K-std=gnu++20\x1b[m\x1b[K\xe2\x80\x99 [\x1b[01;35m\x1b[K\x1b]8;;https://gcc.gnu.org/onlinedocs/gcc/Warning-Options.html#index-Wc++20-extensions\x07-Wc++20-extensions\x1b]8;;\x07\x1b[m\x1b[K]\n'}
[3.868287] (aurora_core) StderrLine: {'line': b'  341 |             \x1b[01;35m\x1b[K.\x1b[m\x1b[Kx = 0.0f,\n'}
[3.868389] (aurora_core) StderrLine: {'line': b'      |             \x1b[01;35m\x1b[K^\x1b[m\x1b[K\n'}
[3.868529] (aurora_core) StderrLine: {'line': b'\x1b[01m\x1b[K/home/brown/Projects/MiningRobot/ros2_workspace/src/aurora_core/include/base/autonomy/include/aurora/../nanoslot/FusionMath.h:342:13:\x1b[m\x1b[K \x1b[01;35m\x1b[Kwarning: \x1b[m\x1b[KC++ designated initializers only available with \xe2\x80\x98\x1b[01m\x1b[K-std=c++20\x1b[m\x1b[K\xe2\x80\x99 or \xe2\x80\x98\x1b[01m\x1b[K-std=gnu++20\x1b[m\x1b[K\xe2\x80\x99 [\x1b[01;35m\x1b[K\x1b]8;;https://gcc.gnu.org/onlinedocs/gcc/Warning-Options.html#index-Wc++20-extensions\x07-Wc++20-extensions\x1b]8;;\x07\x1b[m\x1b[K]\n'}
[3.868703] (aurora_core) StderrLine: {'line': b'  342 |             \x1b[01;35m\x1b[K.\x1b[m\x1b[Ky = 0.0f,\n'}
[3.868802] (aurora_core) StderrLine: {'line': b'      |             \x1b[01;35m\x1b[K^\x1b[m\x1b[K\n'}
[3.868899] (aurora_core) StderrLine: {'line': b'\x1b[01m\x1b[K/home/brown/Projects/MiningRobot/ros2_workspace/src/aurora_core/include/base/autonomy/include/aurora/../nanoslot/FusionMath.h:343:13:\x1b[m\x1b[K \x1b[01;35m\x1b[Kwarning: \x1b[m\x1b[KC++ designated initializers only available with \xe2\x80\x98\x1b[01m\x1b[K-std=c++20\x1b[m\x1b[K\xe2\x80\x99 or \xe2\x80\x98\x1b[01m\x1b[K-std=gnu++20\x1b[m\x1b[K\xe2\x80\x99 [\x1b[01;35m\x1b[K\x1b]8;;https://gcc.gnu.org/onlinedocs/gcc/Warning-Options.html#index-Wc++20-extensions\x07-Wc++20-extensions\x1b]8;;\x07\x1b[m\x1b[K]\n'}
[3.869001] (aurora_core) StderrLine: {'line': b'  343 |             \x1b[01;35m\x1b[K.\x1b[m\x1b[Kz = 1.0f * sinf(a),\n'}
[3.869098] (aurora_core) StderrLine: {'line': b'      |             \x1b[01;35m\x1b[K^\x1b[m\x1b[K\n'}
[3.869195] (aurora_core) StderrLine: {'line': b'\x1b[01m\x1b[K/home/brown/Projects/MiningRobot/ros2_workspace/src/aurora_core/include/base/autonomy/include/aurora/../nanoslot/FusionMath.h:\x1b[m\x1b[K In function \xe2\x80\x98\x1b[01m\x1b[KFusionQuaternion\x1b[01;32m\x1b[K FusionQuaternionAdd\x1b[m\x1b[K(FusionQuaternion, FusionQuaternion)\x1b[m\x1b[K\xe2\x80\x99:\n'}
[3.869312] (aurora_core) StderrLine: {'line': b'\x1b[01m\x1b[K/home/brown/Projects/MiningRobot/ros2_workspace/src/aurora_core/include/base/autonomy/include/aurora/../nanoslot/FusionMath.h:363:38:\x1b[m\x1b[K \x1b[01;35m\x1b[Kwarning: \x1b[m\x1b[KC++ designated initializers only available with \xe2\x80\x98\x1b[01m\x1b[K-std=c++20\x1b[m\x1b[K\xe2\x80\x99 or \xe2\x80\x98\x1b[01m\x1b[K-std=gnu++20\x1b[m\x1b[K\xe2\x80\x99 [\x1b[01;35m\x1b[K\x1b]8;;https://gcc.gnu.org/onlinedocs/gcc/Warning-Options.html#index-Wc++20-extensions\x07-Wc++20-extensions\x1b]8;;\x07\x1b[m\x1b[K]\n'}
[3.869427] (aurora_core) StderrLine: {'line': b'  363 |     const FusionQuaternion result = {\x1b[01;35m\x1b[K.\x1b[m\x1b[Kelement = {\n'}
[3.869524] (aurora_core) StderrLine: {'line': b'      |                                      \x1b[01;35m\x1b[K^\x1b[m\x1b[K\n'}
[3.869621] (aurora_core) StderrLine: {'line': b'\x1b[01m\x1b[K/home/brown/Projects/MiningRobot/ros2_workspace/src/aurora_core/include/base/autonomy/include/aurora/../nanoslot/FusionMath.h:364:13:\x1b[m\x1b[K \x1b[01;35m\x1b[Kwarning: \x1b[m\x1b[KC++ designated initializers only available with \xe2\x80\x98\x1b[01m\x1b[K-std=c++20\x1b[m\x1b[K\xe2\x80\x99 or \xe2\x80\x98\x1b[01m\x1b[K-std=gnu++20\x1b[m\x1b[K\xe2\x80\x99 [\x1b[01;35m\x1b[K\x1b]8;;https://gcc.gnu.org/onlinedocs/gcc/Warning-Options.html#index-Wc++20-extensions\x07-Wc++20-extensions\x1b]8;;\x07\x1b[m\x1b[K]\n'}
[3.869722] (aurora_core) StderrLine: {'line': b'  364 |             \x1b[01;35m\x1b[K.\x1b[m\x1b[Kw = quaternionA.element.w + quaternionB.element.w,\n'}
[3.869824] (aurora_core) StderrLine: {'line': b'      |             \x1b[01;35m\x1b[K^\x1b[m\x1b[K\n'}
[3.869922] (aurora_core) StderrLine: {'line': b'\x1b[01m\x1b[K/home/brown/Projects/MiningRobot/ros2_workspace/src/aurora_core/include/base/autonomy/include/aurora/../nanoslot/FusionMath.h:365:13:\x1b[m\x1b[K \x1b[01;35m\x1b[Kwarning: \x1b[m\x1b[KC++ designated initializers only available with \xe2\x80\x98\x1b[01m\x1b[K-std=c++20\x1b[m\x1b[K\xe2\x80\x99 or \xe2\x80\x98\x1b[01m\x1b[K-std=gnu++20\x1b[m\x1b[K\xe2\x80\x99 [\x1b[01;35m\x1b[K\x1b]8;;https://gcc.gnu.org/onlinedocs/gcc/Warning-Options.html#index-Wc++20-extensions\x07-Wc++20-extensions\x1b]8;;\x07\x1b[m\x1b[K]\n'}
[3.870044] (aurora_core) StderrLine: {'line': b'  365 |             \x1b[01;35m\x1b[K.\x1b[m\x1b[Kx = quaternionA.element.x + quaternionB.element.x,\n'}
[3.870142] (aurora_core) StderrLine: {'line': b'      |             \x1b[01;35m\x1b[K^\x1b[m\x1b[K\n'}
[3.870239] (aurora_core) StderrLine: {'line': b'\x1b[01m\x1b[K/home/brown/Projects/MiningRobot/ros2_workspace/src/aurora_core/include/base/autonomy/include/aurora/../nanoslot/FusionMath.h:366:13:\x1b[m\x1b[K \x1b[01;35m\x1b[Kwarning: \x1b[m\x1b[KC++ designated initializers only available with \xe2\x80\x98\x1b[01m\x1b[K-std=c++20\x1b[m\x1b[K\xe2\x80\x99 or \xe2\x80\x98\x1b[01m\x1b[K-std=gnu++20\x1b[m\x1b[K\xe2\x80\x99 [\x1b[01;35m\x1b[K\x1b]8;;https://gcc.gnu.org/onlinedocs/gcc/Warning-Options.html#index-Wc++20-extensions\x07-Wc++20-extensions\x1b]8;;\x07\x1b[m\x1b[K]\n'}
[3.870359] (aurora_core) StderrLine: {'line': b'  366 |             \x1b[01;35m\x1b[K.\x1b[m\x1b[Ky = quaternionA.element.y + quaternionB.element.y,\n'}
[3.870458] (aurora_core) StderrLine: {'line': b'      |             \x1b[01;35m\x1b[K^\x1b[m\x1b[K\n'}
[3.870555] (aurora_core) StderrLine: {'line': b'\x1b[01m\x1b[K/home/brown/Projects/MiningRobot/ros2_workspace/src/aurora_core/include/base/autonomy/include/aurora/../nanoslot/FusionMath.h:367:13:\x1b[m\x1b[K \x1b[01;35m\x1b[Kwarning: \x1b[m\x1b[KC++ designated initializers only available with \xe2\x80\x98\x1b[01m\x1b[K-std=c++20\x1b[m\x1b[K\xe2\x80\x99 or \xe2\x80\x98\x1b[01m\x1b[K-std=gnu++20\x1b[m\x1b[K\xe2\x80\x99 [\x1b[01;35m\x1b[K\x1b]8;;https://gcc.gnu.org/onlinedocs/gcc/Warning-Options.html#index-Wc++20-extensions\x07-Wc++20-extensions\x1b]8;;\x07\x1b[m\x1b[K]\n'}
[3.870657] (aurora_core) StderrLine: {'line': b'  367 |             \x1b[01;35m\x1b[K.\x1b[m\x1b[Kz = quaternionA.element.z + quaternionB.element.z,\n'}
[3.870757] (aurora_core) StderrLine: {'line': b'      |             \x1b[01;35m\x1b[K^\x1b[m\x1b[K\n'}
[3.870858] (aurora_core) StderrLine: {'line': b'\x1b[01m\x1b[K/home/brown/Projects/MiningRobot/ros2_workspace/src/aurora_core/include/base/autonomy/include/aurora/../nanoslot/FusionMath.h:\x1b[m\x1b[K In function \xe2\x80\x98\x1b[01m\x1b[KFusionQuaternion\x1b[01;32m\x1b[K FusionQuaternionMultiply\x1b[m\x1b[K(FusionQuaternion, FusionQuaternion)\x1b[m\x1b[K\xe2\x80\x99:\n'}
[3.870957] (aurora_core) StderrLine: {'line': b'\x1b[01m\x1b[K/home/brown/Projects/MiningRobot/ros2_workspace/src/aurora_core/include/base/autonomy/include/aurora/../nanoslot/FusionMath.h:381:38:\x1b[m\x1b[K \x1b[01;35m\x1b[Kwarning: \x1b[m\x1b[KC++ designated initializers only available with \xe2\x80\x98\x1b[01m\x1b[K-std=c++20\x1b[m\x1b[K\xe2\x80\x99 or \xe2\x80\x98\x1b[01m\x1b[K-std=gnu++20\x1b[m\x1b[K\xe2\x80\x99 [\x1b[01;35m\x1b[K\x1b]8;;https://gcc.gnu.org/onlinedocs/gcc/Warning-Options.html#index-Wc++20-extensions\x07-Wc++20-extensions\x1b]8;;\x07\x1b[m\x1b[K]\n'}
[3.871062] (aurora_core) StderrLine: {'line': b'  381 |     const FusionQuaternion result = {\x1b[01;35m\x1b[K.\x1b[m\x1b[Kelement = {\n'}
[3.871159] (aurora_core) StderrLine: {'line': b'      |                                      \x1b[01;35m\x1b[K^\x1b[m\x1b[K\n'}
[3.871259] (aurora_core) StderrLine: {'line': b'\x1b[01m\x1b[K/home/brown/Projects/MiningRobot/ros2_workspace/src/aurora_core/include/base/autonomy/include/aurora/../nanoslot/FusionMath.h:382:13:\x1b[m\x1b[K \x1b[01;35m\x1b[Kwarning: \x1b[m\x1b[KC++ designated initializers only available with \xe2\x80\x98\x1b[01m\x1b[K-std=c++20\x1b[m\x1b[K\xe2\x80\x99 or \xe2\x80\x98\x1b[01m\x1b[K-std=gnu++20\x1b[m\x1b[K\xe2\x80\x99 [\x1b[01;35m\x1b[K\x1b]8;;https://gcc.gnu.org/onlinedocs/gcc/Warning-Options.html#index-Wc++20-extensions\x07-Wc++20-extensions\x1b]8;;\x07\x1b[m\x1b[K]\n'}
[3.871360] (aurora_core) StderrLine: {'line': b'  382 |             \x1b[01;35m\x1b[K.\x1b[m\x1b[Kw = A.w * B.w - A.x * B.x - A.y * B.y - A.z * B.z,\n'}
[3.871466] (aurora_core) StderrLine: {'line': b'      |             \x1b[01;35m\x1b[K^\x1b[m\x1b[K\n'}
[3.871563] (aurora_core) StderrLine: {'line': b'\x1b[01m\x1b[K/home/brown/Projects/MiningRobot/ros2_workspace/src/aurora_core/include/base/autonomy/include/aurora/../nanoslot/FusionMath.h:383:13:\x1b[m\x1b[K \x1b[01;35m\x1b[Kwarning: \x1b[m\x1b[KC++ designated initializers only available with \xe2\x80\x98\x1b[01m\x1b[K-std=c++20\x1b[m\x1b[K\xe2\x80\x99 or \xe2\x80\x98\x1b[01m\x1b[K-std=gnu++20\x1b[m\x1b[K\xe2\x80\x99 [\x1b[01;35m\x1b[K\x1b]8;;https://gcc.gnu.org/onlinedocs/gcc/Warning-Options.html#index-Wc++20-extensions\x07-Wc++20-extensions\x1b]8;;\x07\x1b[m\x1b[K]\n'}
[3.871682] (aurora_core) StderrLine: {'line': b'  383 |             \x1b[01;35m\x1b[K.\x1b[m\x1b[Kx = A.w * B.x + A.x * B.w + A.y * B.z - A.z * B.y,\n'}
[3.871779] (aurora_core) StderrLine: {'line': b'      |             \x1b[01;35m\x1b[K^\x1b[m\x1b[K\n'}
[3.871876] (aurora_core) StderrLine: {'line': b'\x1b[01m\x1b[K/home/brown/Projects/MiningRobot/ros2_workspace/src/aurora_core/include/base/autonomy/include/aurora/../nanoslot/FusionMath.h:384:13:\x1b[m\x1b[K \x1b[01;35m\x1b[Kwarning: \x1b[m\x1b[KC++ designated initializers only available with \xe2\x80\x98\x1b[01m\x1b[K-std=c++20\x1b[m\x1b[K\xe2\x80\x99 or \xe2\x80\x98\x1b[01m\x1b[K-std=gnu++20\x1b[m\x1b[K\xe2\x80\x99 [\x1b[01;35m\x1b[K\x1b]8;;https://gcc.gnu.org/onlinedocs/gcc/Warning-Options.html#index-Wc++20-extensions\x07-Wc++20-extensions\x1b]8;;\x07\x1b[m\x1b[K]\n'}
[3.871977] (aurora_core) StderrLine: {'line': b'  384 |             \x1b[01;35m\x1b[K.\x1b[m\x1b[Ky = A.w * B.y - A.x * B.z + A.y * B.w + A.z * B.x,\n'}
[3.872077] (aurora_core) StderrLine: {'line': b'      |             \x1b[01;35m\x1b[K^\x1b[m\x1b[K\n'}
[3.872174] (aurora_core) StderrLine: {'line': b'\x1b[01m\x1b[K/home/brown/Projects/MiningRobot/ros2_workspace/src/aurora_core/include/base/autonomy/include/aurora/../nanoslot/FusionMath.h:385:13:\x1b[m\x1b[K \x1b[01;35m\x1b[Kwarning: \x1b[m\x1b[KC++ designated initializers only available with \xe2\x80\x98\x1b[01m\x1b[K-std=c++20\x1b[m\x1b[K\xe2\x80\x99 or \xe2\x80\x98\x1b[01m\x1b[K-std=gnu++20\x1b[m\x1b[K\xe2\x80\x99 [\x1b[01;35m\x1b[K\x1b]8;;https://gcc.gnu.org/onlinedocs/gcc/Warning-Options.html#index-Wc++20-extensions\x07-Wc++20-extensions\x1b]8;;\x07\x1b[m\x1b[K]\n'}
[3.872274] (aurora_core) StderrLine: {'line': b'  385 |             \x1b[01;35m\x1b[K.\x1b[m\x1b[Kz = A.w * B.z + A.x * B.y - A.y * B.x + A.z * B.w,\n'}
[3.872380] (aurora_core) StderrLine: {'line': b'      |             \x1b[01;35m\x1b[K^\x1b[m\x1b[K\n'}
[3.872481] (aurora_core) StderrLine: {'line': b'\x1b[01m\x1b[K/home/brown/Projects/MiningRobot/ros2_workspace/src/aurora_core/include/base/autonomy/include/aurora/../nanoslot/FusionMath.h:\x1b[m\x1b[K In function \xe2\x80\x98\x1b[01m\x1b[KFusionQuaternion\x1b[01;32m\x1b[K FusionQuaternionMultiplyVector\x1b[m\x1b[K(FusionQuaternion, FusionVector)\x1b[m\x1b[K\xe2\x80\x99:\n'}
[3.872582] (aurora_core) StderrLine: {'line': b'\x1b[01m\x1b[K/home/brown/Projects/MiningRobot/ros2_workspace/src/aurora_core/include/base/autonomy/include/aurora/../nanoslot/FusionMath.h:404:38:\x1b[m\x1b[K \x1b[01;35m\x1b[Kwarning: \x1b[m\x1b[KC++ designated initializers only available with \xe2\x80\x98\x1b[01m\x1b[K-std=c++20\x1b[m\x1b[K\xe2\x80\x99 or \xe2\x80\x98\x1b[01m\x1b[K-std=gnu++20\x1b[m\x1b[K\xe2\x80\x99 [\x1b[01;35m\x1b[K\x1b]8;;https://gcc.gnu.org/onlinedocs/gcc/Warning-Options.html#index-Wc++20-extensions\x07-Wc++20-extensions\x1b]8;;\x07\x1b[m\x1b[K]\n'}
[3.872686] (aurora_core) StderrLine: {'line': b'  404 |     const FusionQuaternion result = {\x1b[01;35m\x1b[K.\x1b[m\x1b[Kelement = {\n'}
[3.872786] (aurora_core) StderrLine: {'line': b'      |                                      \x1b[01;35m\x1b[K^\x1b[m\x1b[K\n'}
[3.872929] (aurora_core) StderrLine: {'line': b'\x1b[01m\x1b[K/home/brown/Projects/MiningRobot/ros2_workspace/src/aurora_core/include/base/autonomy/include/aurora/../nanoslot/FusionMath.h:405:13:\x1b[m\x1b[K \x1b[01;35m\x1b[Kwarning: \x1b[m\x1b[KC++ designated initializers only available with \xe2\x80\x98\x1b[01m\x1b[K-std=c++20\x1b[m\x1b[K\xe2\x80\x99 or \xe2\x80\x98\x1b[01m\x1b[K-std=gnu++20\x1b[m\x1b[K\xe2\x80\x99 [\x1b[01;35m\x1b[K\x1b]8;;https://gcc.gnu.org/onlinedocs/gcc/Warning-Options.html#index-Wc++20-extensions\x07-Wc++20-extensions\x1b]8;;\x07\x1b[m\x1b[K]\n'}
[3.873059] (aurora_core) StderrLine: {'line': b'  405 |             \x1b[01;35m\x1b[K.\x1b[m\x1b[Kw = -Q.x * V.x - Q.y * V.y - Q.z * V.z,\n'}
[3.873161] (aurora_core) StderrLine: {'line': b'      |             \x1b[01;35m\x1b[K^\x1b[m\x1b[K\n'}
[3.873272] (aurora_core) StderrLine: {'line': b'\x1b[01m\x1b[K/home/brown/Projects/MiningRobot/ros2_workspace/src/aurora_core/include/base/autonomy/include/aurora/../nanoslot/FusionMath.h:406:13:\x1b[m\x1b[K \x1b[01;35m\x1b[Kwarning: \x1b[m\x1b[KC++ designated initializers only available with \xe2\x80\x98\x1b[01m\x1b[K-std=c++20\x1b[m\x1b[K\xe2\x80\x99 or \xe2\x80\x98\x1b[01m\x1b[K-std=gnu++20\x1b[m\x1b[K\xe2\x80\x99 [\x1b[01;35m\x1b[K\x1b]8;;https://gcc.gnu.org/onlinedocs/gcc/Warning-Options.html#index-Wc++20-extensions\x07-Wc++20-extensions\x1b]8;;\x07\x1b[m\x1b[K]\n'}
[3.873394] (aurora_core) StderrLine: {'line': b'  406 |             \x1b[01;35m\x1b[K.\x1b[m\x1b[Kx = Q.w * V.x + Q.y * V.z - Q.z * V.y,\n'}
[3.873492] (aurora_core) StderrLine: {'line': b'      |             \x1b[01;35m\x1b[K^\x1b[m\x1b[K\n'}
[3.873594] (aurora_core) StderrLine: {'line': b'\x1b[01m\x1b[K/home/brown/Projects/MiningRobot/ros2_workspace/src/aurora_core/include/base/autonomy/include/aurora/../nanoslot/FusionMath.h:407:13:\x1b[m\x1b[K \x1b[01;35m\x1b[Kwarning: \x1b[m\x1b[KC++ designated initializers only available with \xe2\x80\x98\x1b[01m\x1b[K-std=c++20\x1b[m\x1b[K\xe2\x80\x99 or \xe2\x80\x98\x1b[01m\x1b[K-std=gnu++20\x1b[m\x1b[K\xe2\x80\x99 [\x1b[01;35m\x1b[K\x1b]8;;https://gcc.gnu.org/onlinedocs/gcc/Warning-Options.html#index-Wc++20-extensions\x07-Wc++20-extensions\x1b]8;;\x07\x1b[m\x1b[K]\n'}
[3.873695] (aurora_core) StderrLine: {'line': b'  407 |             \x1b[01;35m\x1b[K.\x1b[m\x1b[Ky = Q.w * V.y - Q.x * V.z + Q.z * V.x,\n'}
[3.873802] (aurora_core) StderrLine: {'line': b'      |             \x1b[01;35m\x1b[K^\x1b[m\x1b[K\n'}
[3.873899] (aurora_core) StderrLine: {'line': b'\x1b[01m\x1b[K/home/brown/Projects/MiningRobot/ros2_workspace/src/aurora_core/include/base/autonomy/include/aurora/../nanoslot/FusionMath.h:408:13:\x1b[m\x1b[K \x1b[01;35m\x1b[Kwarning: \x1b[m\x1b[KC++ designated initializers only available with \xe2\x80\x98\x1b[01m\x1b[K-std=c++20\x1b[m\x1b[K\xe2\x80\x99 or \xe2\x80\x98\x1b[01m\x1b[K-std=gnu++20\x1b[m\x1b[K\xe2\x80\x99 [\x1b[01;35m\x1b[K\x1b]8;;https://gcc.gnu.org/onlinedocs/gcc/Warning-Options.html#index-Wc++20-extensions\x07-Wc++20-extensions\x1b]8;;\x07\x1b[m\x1b[K]\n'}
[3.874012] (aurora_core) StderrLine: {'line': b'  408 |             \x1b[01;35m\x1b[K.\x1b[m\x1b[Kz = Q.w * V.z + Q.x * V.y - Q.y * V.x,\n'}
[3.874113] (aurora_core) StderrLine: {'line': b'      |             \x1b[01;35m\x1b[K^\x1b[m\x1b[K\n'}
[3.874212] (aurora_core) StderrLine: {'line': b'\x1b[01m\x1b[K/home/brown/Projects/MiningRobot/ros2_workspace/src/aurora_core/include/base/autonomy/include/aurora/../nanoslot/FusionMath.h:\x1b[m\x1b[K In function \xe2\x80\x98\x1b[01m\x1b[KFusionQuaternion\x1b[01;32m\x1b[K FusionQuaternionConjugate\x1b[m\x1b[K(FusionQuaternion)\x1b[m\x1b[K\xe2\x80\x99:\n'}
[3.874311] (aurora_core) StderrLine: {'line': b'\x1b[01m\x1b[K/home/brown/Projects/MiningRobot/ros2_workspace/src/aurora_core/include/base/autonomy/include/aurora/../nanoslot/FusionMath.h:424:38:\x1b[m\x1b[K \x1b[01;35m\x1b[Kwarning: \x1b[m\x1b[KC++ designated initializers only available with \xe2\x80\x98\x1b[01m\x1b[K-std=c++20\x1b[m\x1b[K\xe2\x80\x99 or \xe2\x80\x98\x1b[01m\x1b[K-std=gnu++20\x1b[m\x1b[K\xe2\x80\x99 [\x1b[01;35m\x1b[K\x1b]8;;https://gcc.gnu.org/onlinedocs/gcc/Warning-Options.html#index-Wc++20-extensions\x07-Wc++20-extensions\x1b]8;;\x07\x1b[m\x1b[K]\n'}
[3.874416] (aurora_core) StderrLine: {'line': b'  424 |     const FusionQuaternion result = {\x1b[01;35m\x1b[K.\x1b[m\x1b[Kelement = {\n'}
[3.874513] (aurora_core) StderrLine: {'line': b'      |                                      \x1b[01;35m\x1b[K^\x1b[m\x1b[K\n'}
[3.874610] (aurora_core) StderrLine: {'line': b'\x1b[01m\x1b[K/home/brown/Projects/MiningRobot/ros2_workspace/src/aurora_core/include/base/autonomy/include/aurora/../nanoslot/FusionMath.h:425:13:\x1b[m\x1b[K \x1b[01;35m\x1b[Kwarning: \x1b[m\x1b[KC++ designated initializers only available with \xe2\x80\x98\x1b[01m\x1b[K-std=c++20\x1b[m\x1b[K\xe2\x80\x99 or \xe2\x80\x98\x1b[01m\x1b[K-std=gnu++20\x1b[m\x1b[K\xe2\x80\x99 [\x1b[01;35m\x1b[K\x1b]8;;https://gcc.gnu.org/onlinedocs/gcc/Warning-Options.html#index-Wc++20-extensions\x07-Wc++20-extensions\x1b]8;;\x07\x1b[m\x1b[K]\n'}
[3.874726] (aurora_core) StderrLine: {'line': b'  425 |             \x1b[01;35m\x1b[K.\x1b[m\x1b[Kw = Q.w,\n'}
[3.874829] (aurora_core) StderrLine: {'line': b'      |             \x1b[01;35m\x1b[K^\x1b[m\x1b[K\n'}
[3.874926] (aurora_core) StderrLine: {'line': b'\x1b[01m\x1b[K/home/brown/Projects/MiningRobot/ros2_workspace/src/aurora_core/include/base/autonomy/include/aurora/../nanoslot/FusionMath.h:426:13:\x1b[m\x1b[K \x1b[01;35m\x1b[Kwarning: \x1b[m\x1b[KC++ designated initializers only available with \xe2\x80\x98\x1b[01m\x1b[K-std=c++20\x1b[m\x1b[K\xe2\x80\x99 or \xe2\x80\x98\x1b[01m\x1b[K-std=gnu++20\x1b[m\x1b[K\xe2\x80\x99 [\x1b[01;35m\x1b[K\x1b]8;;https://gcc.gnu.org/onlinedocs/gcc/Warning-Options.html#index-Wc++20-extensions\x07-Wc++20-extensions\x1b]8;;\x07\x1b[m\x1b[K]\n'}
[3.875031] (aurora_core) StderrLine: {'line': b'  426 |             \x1b[01;35m\x1b[K.\x1b[m\x1b[Kx = -Q.x,\n'}
[3.875128] (aurora_core) StderrLine: {'line': b'      |             \x1b[01;35m\x1b[K^\x1b[m\x1b[K\n'}
[3.875227] (aurora_core) StderrLine: {'line': b'\x1b[01m\x1b[K/home/brown/Projects/MiningRobot/ros2_workspace/src/aurora_core/include/base/autonomy/include/aurora/../nanoslot/FusionMath.h:427:13:\x1b[m\x1b[K \x1b[01;35m\x1b[Kwarning: \x1b[m\x1b[KC++ designated initializers only available with \xe2\x80\x98\x1b[01m\x1b[K-std=c++20\x1b[m\x1b[K\xe2\x80\x99 or \xe2\x80\x98\x1b[01m\x1b[K-std=gnu++20\x1b[m\x1b[K\xe2\x80\x99 [\x1b[01;35m\x1b[K\x1b]8;;https://gcc.gnu.org/onlinedocs/gcc/Warning-Options.html#index-Wc++20-extensions\x07-Wc++20-extensions\x1b]8;;\x07\x1b[m\x1b[K]\n'}
[3.875333] (aurora_core) StderrLine: {'line': b'  427 |             \x1b[01;35m\x1b[K.\x1b[m\x1b[Ky = -Q.y,\n'}
[3.875429] (aurora_core) StderrLine: {'line': b'      |             \x1b[01;35m\x1b[K^\x1b[m\x1b[K\n'}
[3.875526] (aurora_core) StderrLine: {'line': b'\x1b[01m\x1b[K/home/brown/Projects/MiningRobot/ros2_workspace/src/aurora_core/include/base/autonomy/include/aurora/../nanoslot/FusionMath.h:428:13:\x1b[m\x1b[K \x1b[01;35m\x1b[Kwarning: \x1b[m\x1b[KC++ designated initializers only available with \xe2\x80\x98\x1b[01m\x1b[K-std=c++20\x1b[m\x1b[K\xe2\x80\x99 or \xe2\x80\x98\x1b[01m\x1b[K-std=gnu++20\x1b[m\x1b[K\xe2\x80\x99 [\x1b[01;35m\x1b[K\x1b]8;;https://gcc.gnu.org/onlinedocs/gcc/Warning-Options.html#index-Wc++20-extensions\x07-Wc++20-extensions\x1b]8;;\x07\x1b[m\x1b[K]\n'}
[3.875627] (aurora_core) StderrLine: {'line': b'  428 |             \x1b[01;35m\x1b[K.\x1b[m\x1b[Kz = -Q.z,\n'}
[3.875724] (aurora_core) StderrLine: {'line': b'      |             \x1b[01;35m\x1b[K^\x1b[m\x1b[K\n'}
[3.875821] (aurora_core) StderrLine: {'line': b'\x1b[01m\x1b[K/home/brown/Projects/MiningRobot/ros2_workspace/src/aurora_core/include/base/autonomy/include/aurora/../nanoslot/FusionMath.h:\x1b[m\x1b[K In function \xe2\x80\x98\x1b[01m\x1b[KFusionQuaternion\x1b[01;32m\x1b[K FusionQuaternionNormalise\x1b[m\x1b[K(FusionQuaternion)\x1b[m\x1b[K\xe2\x80\x99:\n'}
[3.875919] (aurora_core) StderrLine: {'line': b'\x1b[01m\x1b[K/home/brown/Projects/MiningRobot/ros2_workspace/src/aurora_core/include/base/autonomy/include/aurora/../nanoslot/FusionMath.h:448:38:\x1b[m\x1b[K \x1b[01;35m\x1b[Kwarning: \x1b[m\x1b[KC++ designated initializers only available with \xe2\x80\x98\x1b[01m\x1b[K-std=c++20\x1b[m\x1b[K\xe2\x80\x99 or \xe2\x80\x98\x1b[01m\x1b[K-std=gnu++20\x1b[m\x1b[K\xe2\x80\x99 [\x1b[01;35m\x1b[K\x1b]8;;https://gcc.gnu.org/onlinedocs/gcc/Warning-Options.html#index-Wc++20-extensions\x07-Wc++20-extensions\x1b]8;;\x07\x1b[m\x1b[K]\n'}
[3.876037] (aurora_core) StderrLine: {'line': b'  448 |     const FusionQuaternion result = {\x1b[01;35m\x1b[K.\x1b[m\x1b[Kelement = {\n'}
[3.876139] (aurora_core) StderrLine: {'line': b'      |                                      \x1b[01;35m\x1b[K^\x1b[m\x1b[K\n'}
[3.876272] (aurora_core) StderrLine: {'line': b'\x1b[01m\x1b[K/home/brown/Projects/MiningRobot/ros2_workspace/src/aurora_core/include/base/autonomy/include/aurora/../nanoslot/FusionMath.h:449:13:\x1b[m\x1b[K \x1b[01;35m\x1b[Kwarning: \x1b[m\x1b[KC++ designated initializers only available with \xe2\x80\x98\x1b[01m\x1b[K-std=c++20\x1b[m\x1b[K\xe2\x80\x99 or \xe2\x80\x98\x1b[01m\x1b[K-std=gnu++20\x1b[m\x1b[K\xe2\x80\x99 [\x1b[01;35m\x1b[K\x1b]8;;https://gcc.gnu.org/onlinedocs/gcc/Warning-Options.html#index-Wc++20-extensions\x07-Wc++20-extensions\x1b]8;;\x07\x1b[m\x1b[K]\n'}
[3.876441] (aurora_core) StderrLine: {'line': b'  449 |             \x1b[01;35m\x1b[K.\x1b[m\x1b[Kw = Q.w * magnitudeReciprocal,\n'}
[3.876543] (aurora_core) StderrLine: {'line': b'      |             \x1b[01;35m\x1b[K^\x1b[m\x1b[K\n'}
[3.876670] (aurora_core) StderrLine: {'line': b'\x1b[01m\x1b[K/home/brown/Projects/MiningRobot/ros2_workspace/src/aurora_core/include/base/autonomy/include/aurora/../nanoslot/FusionMath.h:450:13:\x1b[m\x1b[K \x1b[01;35m\x1b[Kwarning: \x1b[m\x1b[KC++ designated initializers only available with \xe2\x80\x98\x1b[01m\x1b[K-std=c++20\x1b[m\x1b[K\xe2\x80\x99 or \xe2\x80\x98\x1b[01m\x1b[K-std=gnu++20\x1b[m\x1b[K\xe2\x80\x99 [\x1b[01;35m\x1b[K\x1b]8;;https://gcc.gnu.org/onlinedocs/gcc/Warning-Options.html#index-Wc++20-extensions\x07-Wc++20-extensions\x1b]8;;\x07\x1b[m\x1b[K]\n'}
[3.876782] (aurora_core) StderrLine: {'line': b'  450 |             \x1b[01;35m\x1b[K.\x1b[m\x1b[Kx = Q.x * magnitudeReciprocal,\n'}
[3.876879] (aurora_core) StderrLine: {'line': b'      |             \x1b[01;35m\x1b[K^\x1b[m\x1b[K\n'}
[3.876980] (aurora_core) StderrLine: {'line': b'\x1b[01m\x1b[K/home/brown/Projects/MiningRobot/ros2_workspace/src/aurora_core/include/base/autonomy/include/aurora/../nanoslot/FusionMath.h:451:13:\x1b[m\x1b[K \x1b[01;35m\x1b[Kwarning: \x1b[m\x1b[KC++ designated initializers only available with \xe2\x80\x98\x1b[01m\x1b[K-std=c++20\x1b[m\x1b[K\xe2\x80\x99 or \xe2\x80\x98\x1b[01m\x1b[K-std=gnu++20\x1b[m\x1b[K\xe2\x80\x99 [\x1b[01;35m\x1b[K\x1b]8;;https://gcc.gnu.org/onlinedocs/gcc/Warning-Options.html#index-Wc++20-extensions\x07-Wc++20-extensions\x1b]8;;\x07\x1b[m\x1b[K]\n'}
[3.877091] (aurora_core) StderrLine: {'line': b'  451 |             \x1b[01;35m\x1b[K.\x1b[m\x1b[Ky = Q.y * magnitudeReciprocal,\n'}
[3.877189] (aurora_core) StderrLine: {'line': b'      |             \x1b[01;35m\x1b[K^\x1b[m\x1b[K\n'}
[3.877286] (aurora_core) StderrLine: {'line': b'\x1b[01m\x1b[K/home/brown/Projects/MiningRobot/ros2_workspace/src/aurora_core/include/base/autonomy/include/aurora/../nanoslot/FusionMath.h:452:13:\x1b[m\x1b[K \x1b[01;35m\x1b[Kwarning: \x1b[m\x1b[KC++ designated initializers only available with \xe2\x80\x98\x1b[01m\x1b[K-std=c++20\x1b[m\x1b[K\xe2\x80\x99 or \xe2\x80\x98\x1b[01m\x1b[K-std=gnu++20\x1b[m\x1b[K\xe2\x80\x99 [\x1b[01;35m\x1b[K\x1b]8;;https://gcc.gnu.org/onlinedocs/gcc/Warning-Options.html#index-Wc++20-extensions\x07-Wc++20-extensions\x1b]8;;\x07\x1b[m\x1b[K]\n'}
[3.877392] (aurora_core) StderrLine: {'line': b'  452 |             \x1b[01;35m\x1b[K.\x1b[m\x1b[Kz = Q.z * magnitudeReciprocal,\n'}
[3.877489] (aurora_core) StderrLine: {'line': b'      |             \x1b[01;35m\x1b[K^\x1b[m\x1b[K\n'}
[3.877586] (aurora_core) StderrLine: {'line': b'\x1b[01m\x1b[K/home/brown/Projects/MiningRobot/ros2_workspace/src/aurora_core/include/base/autonomy/include/aurora/../nanoslot/FusionMath.h:\x1b[m\x1b[K In function \xe2\x80\x98\x1b[01m\x1b[KFusionVector\x1b[01;32m\x1b[K FusionMatrixMultiplyVector\x1b[m\x1b[K(FusionMatrix, FusionVector)\x1b[m\x1b[K\xe2\x80\x99:\n'}
[3.877687] (aurora_core) StderrLine: {'line': b'\x1b[01m\x1b[K/home/brown/Projects/MiningRobot/ros2_workspace/src/aurora_core/include/base/autonomy/include/aurora/../nanoslot/FusionMath.h:469:34:\x1b[m\x1b[K \x1b[01;35m\x1b[Kwarning: \x1b[m\x1b[KC++ designated initializers only available with \xe2\x80\x98\x1b[01m\x1b[K-std=c++20\x1b[m\x1b[K\xe2\x80\x99 or \xe2\x80\x98\x1b[01m\x1b[K-std=gnu++20\x1b[m\x1b[K\xe2\x80\x99 [\x1b[01;35m\x1b[K\x1b]8;;https://gcc.gnu.org/onlinedocs/gcc/Warning-Options.html#index-Wc++20-extensions\x07-Wc++20-extensions\x1b]8;;\x07\x1b[m\x1b[K]\n'}
[3.877798] (aurora_core) StderrLine: {'line': b'  469 |     const FusionVector result = {\x1b[01;35m\x1b[K.\x1b[m\x1b[Kaxis = {\n'}
[3.877895] (aurora_core) StderrLine: {'line': b'      |                                  \x1b[01;35m\x1b[K^\x1b[m\x1b[K\n'}
[3.877997] (aurora_core) StderrLine: {'line': b'\x1b[01m\x1b[K/home/brown/Projects/MiningRobot/ros2_workspace/src/aurora_core/include/base/autonomy/include/aurora/../nanoslot/FusionMath.h:470:13:\x1b[m\x1b[K \x1b[01;35m\x1b[Kwarning: \x1b[m\x1b[KC++ designated initializers only available with \xe2\x80\x98\x1b[01m\x1b[K-std=c++20\x1b[m\x1b[K\xe2\x80\x99 or \xe2\x80\x98\x1b[01m\x1b[K-std=gnu++20\x1b[m\x1b[K\xe2\x80\x99 [\x1b[01;35m\x1b[K\x1b]8;;https://gcc.gnu.org/onlinedocs/gcc/Warning-Options.html#index-Wc++20-extensions\x07-Wc++20-extensions\x1b]8;;\x07\x1b[m\x1b[K]\n'}
[3.878098] (aurora_core) StderrLine: {'line': b'  470 |             \x1b[01;35m\x1b[K.\x1b[m\x1b[Kx = R.xx * vector.axis.x + R.xy * vector.axis.y + R.xz * vector.axis.z,\n'}
[3.878196] (aurora_core) StderrLine: {'line': b'      |             \x1b[01;35m\x1b[K^\x1b[m\x1b[K\n'}
[3.878295] (aurora_core) StderrLine: {'line': b'\x1b[01m\x1b[K/home/brown/Projects/MiningRobot/ros2_workspace/src/aurora_core/include/base/autonomy/include/aurora/../nanoslot/FusionMath.h:471:13:\x1b[m\x1b[K \x1b[01;35m\x1b[Kwarning: \x1b[m\x1b[KC++ designated initializers only available with \xe2\x80\x98\x1b[01m\x1b[K-std=c++20\x1b[m\x1b[K\xe2\x80\x99 or \xe2\x80\x98\x1b[01m\x1b[K-std=gnu++20\x1b[m\x1b[K\xe2\x80\x99 [\x1b[01;35m\x1b[K\x1b]8;;https://gcc.gnu.org/onlinedocs/gcc/Warning-Options.html#index-Wc++20-extensions\x07-Wc++20-extensions\x1b]8;;\x07\x1b[m\x1b[K]\n'}
[3.878400] (aurora_core) StderrLine: {'line': b'  471 |             \x1b[01;35m\x1b[K.\x1b[m\x1b[Ky = R.yx * vector.axis.x + R.yy * vector.axis.y + R.yz * vector.axis.z,\n'}
[3.878511] (aurora_core) StderrLine: {'line': b'      |             \x1b[01;35m\x1b[K^\x1b[m\x1b[K\n'}
[3.878608] (aurora_core) StderrLine: {'line': b'\x1b[01m\x1b[K/home/brown/Projects/MiningRobot/ros2_workspace/src/aurora_core/include/base/autonomy/include/aurora/../nanoslot/FusionMath.h:472:13:\x1b[m\x1b[K \x1b[01;35m\x1b[Kwarning: \x1b[m\x1b[KC++ designated initializers only available with \xe2\x80\x98\x1b[01m\x1b[K-std=c++20\x1b[m\x1b[K\xe2\x80\x99 or \xe2\x80\x98\x1b[01m\x1b[K-std=gnu++20\x1b[m\x1b[K\xe2\x80\x99 [\x1b[01;35m\x1b[K\x1b]8;;https://gcc.gnu.org/onlinedocs/gcc/Warning-Options.html#index-Wc++20-extensions\x07-Wc++20-extensions\x1b]8;;\x07\x1b[m\x1b[K]\n'}
[3.878722] (aurora_core) StderrLine: {'line': b'  472 |             \x1b[01;35m\x1b[K.\x1b[m\x1b[Kz = R.zx * vector.axis.x + R.zy * vector.axis.y + R.zz * vector.axis.z,\n'}
[3.878820] (aurora_core) StderrLine: {'line': b'      |             \x1b[01;35m\x1b[K^\x1b[m\x1b[K\n'}
[3.878963] (aurora_core) StderrLine: {'line': b'\x1b[01m\x1b[K/home/brown/Projects/MiningRobot/ros2_workspace/src/aurora_core/include/base/autonomy/include/aurora/../nanoslot/FusionMath.h:\x1b[m\x1b[K In function \xe2\x80\x98\x1b[01m\x1b[KFusionVector\x1b[01;32m\x1b[K FusionQuaternionXaxis\x1b[m\x1b[K(FusionQuaternion)\x1b[m\x1b[K\xe2\x80\x99:\n'}
[3.879063] (aurora_core) StderrLine: {'line': b'\x1b[01m\x1b[K/home/brown/Projects/MiningRobot/ros2_workspace/src/aurora_core/include/base/autonomy/include/aurora/../nanoslot/FusionMath.h:484:34:\x1b[m\x1b[K \x1b[01;35m\x1b[Kwarning: \x1b[m\x1b[KC++ designated initializers only available with \xe2\x80\x98\x1b[01m\x1b[K-std=c++20\x1b[m\x1b[K\xe2\x80\x99 or \xe2\x80\x98\x1b[01m\x1b[K-std=gnu++20\x1b[m\x1b[K\xe2\x80\x99 [\x1b[01;35m\x1b[K\x1b]8;;https://gcc.gnu.org/onlinedocs/gcc/Warning-Options.html#index-Wc++20-extensions\x07-Wc++20-extensions\x1b]8;;\x07\x1b[m\x1b[K]\n'}
[3.879173] (aurora_core) StderrLine: {'line': b'  484 |     const FusionVector result = {\x1b[01;35m\x1b[K.\x1b[m\x1b[Kaxis={\n'}
[3.879272] (aurora_core) StderrLine: {'line': b'      |                                  \x1b[01;35m\x1b[K^\x1b[m\x1b[K\n'}
[3.879369] (aurora_core) StderrLine: {'line': b'\x1b[01m\x1b[K/home/brown/Projects/MiningRobot/ros2_workspace/src/aurora_core/include/base/autonomy/include/aurora/../nanoslot/FusionMath.h:485:5:\x1b[m\x1b[K \x1b[01;35m\x1b[Kwarning: \x1b[m\x1b[KC++ designated initializers only available with \xe2\x80\x98\x1b[01m\x1b[K-std=c++20\x1b[m\x1b[K\xe2\x80\x99 or \xe2\x80\x98\x1b[01m\x1b[K-std=gnu++20\x1b[m\x1b[K\xe2\x80\x99 [\x1b[01;35m\x1b[K\x1b]8;;https://gcc.gnu.org/onlinedocs/gcc/Warning-Options.html#index-Wc++20-extensions\x07-Wc++20-extensions\x1b]8;;\x07\x1b[m\x1b[K]\n'}
[3.879480] (aurora_core) StderrLine: {'line': b'  485 |     \x1b[01;35m\x1b[K.\x1b[m\x1b[Kx = 2.0f * (Q.w*Q.w - 0.5f + Q.x * Q.x),\n'}
[3.879580] (aurora_core) StderrLine: {'line': b'      |     \x1b[01;35m\x1b[K^\x1b[m\x1b[K\n'}
[3.879678] (aurora_core) StderrLine: {'line': b'\x1b[01m\x1b[K/home/brown/Projects/MiningRobot/ros2_workspace/src/aurora_core/include/base/autonomy/include/aurora/../nanoslot/FusionMath.h:486:5:\x1b[m\x1b[K \x1b[01;35m\x1b[Kwarning: \x1b[m\x1b[KC++ designated initializers only available with \xe2\x80\x98\x1b[01m\x1b[K-std=c++20\x1b[m\x1b[K\xe2\x80\x99 or \xe2\x80\x98\x1b[01m\x1b[K-std=gnu++20\x1b[m\x1b[K\xe2\x80\x99 [\x1b[01;35m\x1b[K\x1b]8;;https://gcc.gnu.org/onlinedocs/gcc/Warning-Options.html#index-Wc++20-extensions\x07-Wc++20-extensions\x1b]8;;\x07\x1b[m\x1b[K]\n'}
[3.879780] (aurora_core) StderrLine: {'line': b'  486 |     \x1b[01;35m\x1b[K.\x1b[m\x1b[Ky = 2.0f * (Q.x*Q.y + Q.w*Q.z),\n'}
[3.879881] (aurora_core) StderrLine: {'line': b'      |     \x1b[01;35m\x1b[K^\x1b[m\x1b[K\n'}
[3.880007] (aurora_core) StderrLine: {'line': b'\x1b[01m\x1b[K/home/brown/Projects/MiningRobot/ros2_workspace/src/aurora_core/include/base/autonomy/include/aurora/../nanoslot/FusionMath.h:487:5:\x1b[m\x1b[K \x1b[01;35m\x1b[Kwarning: \x1b[m\x1b[KC++ designated initializers only available with \xe2\x80\x98\x1b[01m\x1b[K-std=c++20\x1b[m\x1b[K\xe2\x80\x99 or \xe2\x80\x98\x1b[01m\x1b[K-std=gnu++20\x1b[m\x1b[K\xe2\x80\x99 [\x1b[01;35m\x1b[K\x1b]8;;https://gcc.gnu.org/onlinedocs/gcc/Warning-Options.html#index-Wc++20-extensions\x07-Wc++20-extensions\x1b]8;;\x07\x1b[m\x1b[K]\n'}
[3.880117] (aurora_core) StderrLine: {'line': b'  487 |     \x1b[01;35m\x1b[K.\x1b[m\x1b[Kz = 2.0f * (Q.x*Q.z - Q.w*Q.y),\n'}
[3.880218] (aurora_core) StderrLine: {'line': b'      |     \x1b[01;35m\x1b[K^\x1b[m\x1b[K\n'}
[3.880315] (aurora_core) StderrLine: {'line': b'\x1b[01m\x1b[K/home/brown/Projects/MiningRobot/ros2_workspace/src/aurora_core/include/base/autonomy/include/aurora/../nanoslot/FusionMath.h:\x1b[m\x1b[K In function \xe2\x80\x98\x1b[01m\x1b[KFusionVector\x1b[01;32m\x1b[K FusionQuaternionYaxis\x1b[m\x1b[K(FusionQuaternion)\x1b[m\x1b[K\xe2\x80\x99:\n'}
[3.880417] (aurora_core) StderrLine: {'line': b'\x1b[01m\x1b[K/home/brown/Projects/MiningRobot/ros2_workspace/src/aurora_core/include/base/autonomy/include/aurora/../nanoslot/FusionMath.h:495:34:\x1b[m\x1b[K \x1b[01;35m\x1b[Kwarning: \x1b[m\x1b[KC++ designated initializers only available with \xe2\x80\x98\x1b[01m\x1b[K-std=c++20\x1b[m\x1b[K\xe2\x80\x99 or \xe2\x80\x98\x1b[01m\x1b[K-std=gnu++20\x1b[m\x1b[K\xe2\x80\x99 [\x1b[01;35m\x1b[K\x1b]8;;https://gcc.gnu.org/onlinedocs/gcc/Warning-Options.html#index-Wc++20-extensions\x07-Wc++20-extensions\x1b]8;;\x07\x1b[m\x1b[K]\n'}
[3.880520] (aurora_core) StderrLine: {'line': b'  495 |     const FusionVector result = {\x1b[01;35m\x1b[K.\x1b[m\x1b[Kaxis={\n'}
[3.880617] (aurora_core) StderrLine: {'line': b'      |                                  \x1b[01;35m\x1b[K^\x1b[m\x1b[K\n'}
[3.880714] (aurora_core) StderrLine: {'line': b'\x1b[01m\x1b[K/home/brown/Projects/MiningRobot/ros2_workspace/src/aurora_core/include/base/autonomy/include/aurora/../nanoslot/FusionMath.h:496:5:\x1b[m\x1b[K \x1b[01;35m\x1b[Kwarning: \x1b[m\x1b[KC++ designated initializers only available with \xe2\x80\x98\x1b[01m\x1b[K-std=c++20\x1b[m\x1b[K\xe2\x80\x99 or \xe2\x80\x98\x1b[01m\x1b[K-std=gnu++20\x1b[m\x1b[K\xe2\x80\x99 [\x1b[01;35m\x1b[K\x1b]8;;https://gcc.gnu.org/onlinedocs/gcc/Warning-Options.html#index-Wc++20-extensions\x07-Wc++20-extensions\x1b]8;;\x07\x1b[m\x1b[K]\n'}
[3.880831] (aurora_core) StderrLine: {'line': b'  496 |     \x1b[01;35m\x1b[K.\x1b[m\x1b[Kx = 2.0f * (Q.x*Q.y - Q.w*Q.z),\n'}
[3.880946] (aurora_core) StderrLine: {'line': b'      |     \x1b[01;35m\x1b[K^\x1b[m\x1b[K\n'}
[3.881047] (aurora_core) StderrLine: {'line': b'\x1b[01m\x1b[K/home/brown/Projects/MiningRobot/ros2_workspace/src/aurora_core/include/base/autonomy/include/aurora/../nanoslot/FusionMath.h:497:5:\x1b[m\x1b[K \x1b[01;35m\x1b[Kwarning: \x1b[m\x1b[KC++ designated initializers only available with \xe2\x80\x98\x1b[01m\x1b[K-std=c++20\x1b[m\x1b[K\xe2\x80\x99 or \xe2\x80\x98\x1b[01m\x1b[K-std=gnu++20\x1b[m\x1b[K\xe2\x80\x99 [\x1b[01;35m\x1b[K\x1b]8;;https://gcc.gnu.org/onlinedocs/gcc/Warning-Options.html#index-Wc++20-extensions\x07-Wc++20-extensions\x1b]8;;\x07\x1b[m\x1b[K]\n'}
[3.881148] (aurora_core) StderrLine: {'line': b'  497 |     \x1b[01;35m\x1b[K.\x1b[m\x1b[Ky = 2.0f * (Q.w*Q.w - 0.5f + Q.y * Q.y),\n'}
[3.881245] (aurora_core) StderrLine: {'line': b'      |     \x1b[01;35m\x1b[K^\x1b[m\x1b[K\n'}
[3.881341] (aurora_core) StderrLine: {'line': b'\x1b[01m\x1b[K/home/brown/Projects/MiningRobot/ros2_workspace/src/aurora_core/include/base/autonomy/include/aurora/../nanoslot/FusionMath.h:498:5:\x1b[m\x1b[K \x1b[01;35m\x1b[Kwarning: \x1b[m\x1b[KC++ designated initializers only available with \xe2\x80\x98\x1b[01m\x1b[K-std=c++20\x1b[m\x1b[K\xe2\x80\x99 or \xe2\x80\x98\x1b[01m\x1b[K-std=gnu++20\x1b[m\x1b[K\xe2\x80\x99 [\x1b[01;35m\x1b[K\x1b]8;;https://gcc.gnu.org/onlinedocs/gcc/Warning-Options.html#index-Wc++20-extensions\x07-Wc++20-extensions\x1b]8;;\x07\x1b[m\x1b[K]\n'}
[3.881450] (aurora_core) StderrLine: {'line': b'  498 |     \x1b[01;35m\x1b[K.\x1b[m\x1b[Kz = 2.0f * (Q.y*Q.z + Q.w*Q.x),\n'}
[3.881548] (aurora_core) StderrLine: {'line': b'      |     \x1b[01;35m\x1b[K^\x1b[m\x1b[K\n'}
[3.881646] (aurora_core) StderrLine: {'line': b'\x1b[01m\x1b[K/home/brown/Projects/MiningRobot/ros2_workspace/src/aurora_core/include/base/autonomy/include/aurora/../nanoslot/FusionMath.h:\x1b[m\x1b[K In function \xe2\x80\x98\x1b[01m\x1b[KFusionVector\x1b[01;32m\x1b[K FusionQuaternionZaxis\x1b[m\x1b[K(FusionQuaternion)\x1b[m\x1b[K\xe2\x80\x99:\n'}
[3.881747] (aurora_core) StderrLine: {'line': b'\x1b[01m\x1b[K/home/brown/Projects/MiningRobot/ros2_workspace/src/aurora_core/include/base/autonomy/include/aurora/../nanoslot/FusionMath.h:506:34:\x1b[m\x1b[K \x1b[01;35m\x1b[Kwarning: \x1b[m\x1b[KC++ designated initializers only available with \xe2\x80\x98\x1b[01m\x1b[K-std=c++20\x1b[m\x1b[K\xe2\x80\x99 or \xe2\x80\x98\x1b[01m\x1b[K-std=gnu++20\x1b[m\x1b[K\xe2\x80\x99 [\x1b[01;35m\x1b[K\x1b]8;;https://gcc.gnu.org/onlinedocs/gcc/Warning-Options.html#index-Wc++20-extensions\x07-Wc++20-extensions\x1b]8;;\x07\x1b[m\x1b[K]\n'}
[3.881848] (aurora_core) StderrLine: {'line': b'  506 |     const FusionVector result = {\x1b[01;35m\x1b[K.\x1b[m\x1b[Kaxis={\n'}
[3.881946] (aurora_core) StderrLine: {'line': b'      |                                  \x1b[01;35m\x1b[K^\x1b[m\x1b[K\n'}
[3.882046] (aurora_core) StderrLine: {'line': b'\x1b[01m\x1b[K/home/brown/Projects/MiningRobot/ros2_workspace/src/aurora_core/include/base/autonomy/include/aurora/../nanoslot/FusionMath.h:507:5:\x1b[m\x1b[K \x1b[01;35m\x1b[Kwarning: \x1b[m\x1b[KC++ designated initializers only available with \xe2\x80\x98\x1b[01m\x1b[K-std=c++20\x1b[m\x1b[K\xe2\x80\x99 or \xe2\x80\x98\x1b[01m\x1b[K-std=gnu++20\x1b[m\x1b[K\xe2\x80\x99 [\x1b[01;35m\x1b[K\x1b]8;;https://gcc.gnu.org/onlinedocs/gcc/Warning-Options.html#index-Wc++20-extensions\x07-Wc++20-extensions\x1b]8;;\x07\x1b[m\x1b[K]\n'}
[3.882150] (aurora_core) StderrLine: {'line': b'  507 |     \x1b[01;35m\x1b[K.\x1b[m\x1b[Kx = 2.0f * (Q.x*Q.z + Q.w*Q.y),\n'}
[3.882251] (aurora_core) StderrLine: {'line': b'      |     \x1b[01;35m\x1b[K^\x1b[m\x1b[K\n'}
[3.882350] (aurora_core) StderrLine: {'line': b'\x1b[01m\x1b[K/home/brown/Projects/MiningRobot/ros2_workspace/src/aurora_core/include/base/autonomy/include/aurora/../nanoslot/FusionMath.h:508:5:\x1b[m\x1b[K \x1b[01;35m\x1b[Kwarning: \x1b[m\x1b[KC++ designated initializers only available with \xe2\x80\x98\x1b[01m\x1b[K-std=c++20\x1b[m\x1b[K\xe2\x80\x99 or \xe2\x80\x98\x1b[01m\x1b[K-std=gnu++20\x1b[m\x1b[K\xe2\x80\x99 [\x1b[01;35m\x1b[K\x1b]8;;https://gcc.gnu.org/onlinedocs/gcc/Warning-Options.html#index-Wc++20-extensions\x07-Wc++20-extensions\x1b]8;;\x07\x1b[m\x1b[K]\n'}
[3.882463] (aurora_core) StderrLine: {'line': b'  508 |     \x1b[01;35m\x1b[K.\x1b[m\x1b[Ky = 2.0f * (Q.y*Q.z - Q.w*Q.x),\n'}
[3.882563] (aurora_core) StderrLine: {'line': b'      |     \x1b[01;35m\x1b[K^\x1b[m\x1b[K\n'}
[3.882663] (aurora_core) StderrLine: {'line': b'\x1b[01m\x1b[K/home/brown/Projects/MiningRobot/ros2_workspace/src/aurora_core/include/base/autonomy/include/aurora/../nanoslot/FusionMath.h:509:5:\x1b[m\x1b[K \x1b[01;35m\x1b[Kwarning: \x1b[m\x1b[KC++ designated initializers only available with \xe2\x80\x98\x1b[01m\x1b[K-std=c++20\x1b[m\x1b[K\xe2\x80\x99 or \xe2\x80\x98\x1b[01m\x1b[K-std=gnu++20\x1b[m\x1b[K\xe2\x80\x99 [\x1b[01;35m\x1b[K\x1b]8;;https://gcc.gnu.org/onlinedocs/gcc/Warning-Options.html#index-Wc++20-extensions\x07-Wc++20-extensions\x1b]8;;\x07\x1b[m\x1b[K]\n'}
[3.882764] (aurora_core) StderrLine: {'line': b'  509 |     \x1b[01;35m\x1b[K.\x1b[m\x1b[Kz = 2.0f * (Q.w*Q.w - 0.5f + Q.z * Q.z),\n'}
[3.882863] (aurora_core) StderrLine: {'line': b'      |     \x1b[01;35m\x1b[K^\x1b[m\x1b[K\n'}
[3.882963] (aurora_core) StderrLine: {'line': b'\x1b[01m\x1b[K/home/brown/Projects/MiningRobot/ros2_workspace/src/aurora_core/include/base/autonomy/include/aurora/../nanoslot/FusionMath.h:\x1b[m\x1b[K In function \xe2\x80\x98\x1b[01m\x1b[KFusionMatrix\x1b[01;32m\x1b[K FusionQuaternionToMatrix\x1b[m\x1b[K(FusionQuaternion)\x1b[m\x1b[K\xe2\x80\x99:\n'}
[3.883066] (aurora_core) StderrLine: {'line': b'\x1b[01m\x1b[K/home/brown/Projects/MiningRobot/ros2_workspace/src/aurora_core/include/base/autonomy/include/aurora/../nanoslot/FusionMath.h:530:34:\x1b[m\x1b[K \x1b[01;35m\x1b[Kwarning: \x1b[m\x1b[KC++ designated initializers only available with \xe2\x80\x98\x1b[01m\x1b[K-std=c++20\x1b[m\x1b[K\xe2\x80\x99 or \xe2\x80\x98\x1b[01m\x1b[K-std=gnu++20\x1b[m\x1b[K\xe2\x80\x99 [\x1b[01;35m\x1b[K\x1b]8;;https://gcc.gnu.org/onlinedocs/gcc/Warning-Options.html#index-Wc++20-extensions\x07-Wc++20-extensions\x1b]8;;\x07\x1b[m\x1b[K]\n'}
[3.883184] (aurora_core) StderrLine: {'line': b'  530 |     const FusionMatrix matrix = {\x1b[01;35m\x1b[K.\x1b[m\x1b[Kelement = {\n'}
[3.883281] (aurora_core) StderrLine: {'line': b'      |                                  \x1b[01;35m\x1b[K^\x1b[m\x1b[K\n'}
[3.883398] (aurora_core) StderrLine: {'line': b'\x1b[01m\x1b[K/home/brown/Projects/MiningRobot/ros2_workspace/src/aurora_core/include/base/autonomy/include/aurora/../nanoslot/FusionMath.h:531:13:\x1b[m\x1b[K \x1b[01;35m\x1b[Kwarning: \x1b[m\x1b[KC++ designated initializers only available with \xe2\x80\x98\x1b[01m\x1b[K-std=c++20\x1b[m\x1b[K\xe2\x80\x99 or \xe2\x80\x98\x1b[01m\x1b[K-std=gnu++20\x1b[m\x1b[K\xe2\x80\x99 [\x1b[01;35m\x1b[K\x1b]8;;https://gcc.gnu.org/onlinedocs/gcc/Warning-Options.html#index-Wc++20-extensions\x07-Wc++20-extensions\x1b]8;;\x07\x1b[m\x1b[K]\n'}
[3.883501] (aurora_core) StderrLine: {'line': b'  531 |             \x1b[01;35m\x1b[K.\x1b[m\x1b[Kxx = 2.0f * (qwqw - 0.5f + Q.x * Q.x),\n'}
[3.883607] (aurora_core) StderrLine: {'line': b'      |             \x1b[01;35m\x1b[K^\x1b[m\x1b[K\n'}
[3.883709] (aurora_core) StderrLine: {'line': b'\x1b[01m\x1b[K/home/brown/Projects/MiningRobot/ros2_workspace/src/aurora_core/include/base/autonomy/include/aurora/../nanoslot/FusionMath.h:532:13:\x1b[m\x1b[K \x1b[01;35m\x1b[Kwarning: \x1b[m\x1b[KC++ designated initializers only available with \xe2\x80\x98\x1b[01m\x1b[K-std=c++20\x1b[m\x1b[K\xe2\x80\x99 or \xe2\x80\x98\x1b[01m\x1b[K-std=gnu++20\x1b[m\x1b[K\xe2\x80\x99 [\x1b[01;35m\x1b[K\x1b]8;;https://gcc.gnu.org/onlinedocs/gcc/Warning-Options.html#index-Wc++20-extensions\x07-Wc++20-extensions\x1b]8;;\x07\x1b[m\x1b[K]\n'}
[3.883813] (aurora_core) StderrLine: {'line': b'  532 |             \x1b[01;35m\x1b[K.\x1b[m\x1b[Kxy = 2.0f * (qxqy - qwqz),\n'}
[3.883910] (aurora_core) StderrLine: {'line': b'      |             \x1b[01;35m\x1b[K^\x1b[m\x1b[K\n'}
[3.884015] (aurora_core) StderrLine: {'line': b'\x1b[01m\x1b[K/home/brown/Projects/MiningRobot/ros2_workspace/src/aurora_core/include/base/autonomy/include/aurora/../nanoslot/FusionMath.h:533:13:\x1b[m\x1b[K \x1b[01;35m\x1b[Kwarning: \x1b[m\x1b[KC++ designated initializers only available with \xe2\x80\x98\x1b[01m\x1b[K-std=c++20\x1b[m\x1b[K\xe2\x80\x99 or \xe2\x80\x98\x1b[01m\x1b[K-std=gnu++20\x1b[m\x1b[K\xe2\x80\x99 [\x1b[01;35m\x1b[K\x1b]8;;https://gcc.gnu.org/onlinedocs/gcc/Warning-Options.html#index-Wc++20-extensions\x07-Wc++20-extensions\x1b]8;;\x07\x1b[m\x1b[K]\n'}
[3.884116] (aurora_core) StderrLine: {'line': b'  533 |             \x1b[01;35m\x1b[K.\x1b[m\x1b[Kxz = 2.0f * (qxqz + qwqy),\n'}
[3.884216] (aurora_core) StderrLine: {'line': b'      |             \x1b[01;35m\x1b[K^\x1b[m\x1b[K\n'}
[3.884385] (aurora_core) StderrLine: {'line': b'\x1b[01m\x1b[K/home/brown/Projects/MiningRobot/ros2_workspace/src/aurora_core/include/base/autonomy/include/aurora/../nanoslot/FusionMath.h:535:13:\x1b[m\x1b[K \x1b[01;35m\x1b[Kwarning: \x1b[m\x1b[KC++ designated initializers only available with \xe2\x80\x98\x1b[01m\x1b[K-std=c++20\x1b[m\x1b[K\xe2\x80\x99 or \xe2\x80\x98\x1b[01m\x1b[K-std=gnu++20\x1b[m\x1b[K\xe2\x80\x99 [\x1b[01;35m\x1b[K\x1b]8;;https://gcc.gnu.org/onlinedocs/gcc/Warning-Options.html#index-Wc++20-extensions\x07-Wc++20-extensions\x1b]8;;\x07\x1b[m\x1b[K]\n'}
[3.884548] (aurora_core) StderrLine: {'line': b'  535 |             \x1b[01;35m\x1b[K.\x1b[m\x1b[Kyx = 2.0f * (qxqy + qwqz),\n'}
[3.884708] (aurora_core) StderrLine: {'line': b'      |             \x1b[01;35m\x1b[K^\x1b[m\x1b[K\n'}
[3.884865] (aurora_core) StderrLine: {'line': b'\x1b[01m\x1b[K/home/brown/Projects/MiningRobot/ros2_workspace/src/aurora_core/include/base/autonomy/include/aurora/../nanoslot/FusionMath.h:536:13:\x1b[m\x1b[K \x1b[01;35m\x1b[Kwarning: \x1b[m\x1b[KC++ designated initializers only available with \xe2\x80\x98\x1b[01m\x1b[K-std=c++20\x1b[m\x1b[K\xe2\x80\x99 or \xe2\x80\x98\x1b[01m\x1b[K-std=gnu++20\x1b[m\x1b[K\xe2\x80\x99 [\x1b[01;35m\x1b[K\x1b]8;;https://gcc.gnu.org/onlinedocs/gcc/Warning-Options.html#index-Wc++20-extensions\x07-Wc++20-extensions\x1b]8;;\x07\x1b[m\x1b[K]\n'}
[3.885027] (aurora_core) StderrLine: {'line': b'  536 |             \x1b[01;35m\x1b[K.\x1b[m\x1b[Kyy = 2.0f * (qwqw - 0.5f + Q.y * Q.y),\n'}
[3.885183] (aurora_core) StderrLine: {'line': b'      |             \x1b[01;35m\x1b[K^\x1b[m\x1b[K\n'}
[3.885338] (aurora_core) StderrLine: {'line': b'\x1b[01m\x1b[K/home/brown/Projects/MiningRobot/ros2_workspace/src/aurora_core/include/base/autonomy/include/aurora/../nanoslot/FusionMath.h:537:13:\x1b[m\x1b[K \x1b[01;35m\x1b[Kwarning: \x1b[m\x1b[KC++ designated initializers only available with \xe2\x80\x98\x1b[01m\x1b[K-std=c++20\x1b[m\x1b[K\xe2\x80\x99 or \xe2\x80\x98\x1b[01m\x1b[K-std=gnu++20\x1b[m\x1b[K\xe2\x80\x99 [\x1b[01;35m\x1b[K\x1b]8;;https://gcc.gnu.org/onlinedocs/gcc/Warning-Options.html#index-Wc++20-extensions\x07-Wc++20-extensions\x1b]8;;\x07\x1b[m\x1b[K]\n'}
[3.885497] (aurora_core) StderrLine: {'line': b'  537 |             \x1b[01;35m\x1b[K.\x1b[m\x1b[Kyz = 2.0f * (qyqz - qwqx),\n'}
[3.885654] (aurora_core) StderrLine: {'line': b'      |             \x1b[01;35m\x1b[K^\x1b[m\x1b[K\n'}
[3.885808] (aurora_core) StderrLine: {'line': b'\x1b[01m\x1b[K/home/brown/Projects/MiningRobot/ros2_workspace/src/aurora_core/include/base/autonomy/include/aurora/../nanoslot/FusionMath.h:539:13:\x1b[m\x1b[K \x1b[01;35m\x1b[Kwarning: \x1b[m\x1b[KC++ designated initializers only available with \xe2\x80\x98\x1b[01m\x1b[K-std=c++20\x1b[m\x1b[K\xe2\x80\x99 or \xe2\x80\x98\x1b[01m\x1b[K-std=gnu++20\x1b[m\x1b[K\xe2\x80\x99 [\x1b[01;35m\x1b[K\x1b]8;;https://gcc.gnu.org/onlinedocs/gcc/Warning-Options.html#index-Wc++20-extensions\x07-Wc++20-extensions\x1b]8;;\x07\x1b[m\x1b[K]\n'}
[3.885967] (aurora_core) StderrLine: {'line': b'  539 |             \x1b[01;35m\x1b[K.\x1b[m\x1b[Kzx = 2.0f * (qxqz - qwqy),\n'}
[3.886124] (aurora_core) StderrLine: {'line': b'      |             \x1b[01;35m\x1b[K^\x1b[m\x1b[K\n'}
[3.886290] (aurora_core) StderrLine: {'line': b'\x1b[01m\x1b[K/home/brown/Projects/MiningRobot/ros2_workspace/src/aurora_core/include/base/autonomy/include/aurora/../nanoslot/FusionMath.h:540:13:\x1b[m\x1b[K \x1b[01;35m\x1b[Kwarning: \x1b[m\x1b[KC++ designated initializers only available with \xe2\x80\x98\x1b[01m\x1b[K-std=c++20\x1b[m\x1b[K\xe2\x80\x99 or \xe2\x80\x98\x1b[01m\x1b[K-std=gnu++20\x1b[m\x1b[K\xe2\x80\x99 [\x1b[01;35m\x1b[K\x1b]8;;https://gcc.gnu.org/onlinedocs/gcc/Warning-Options.html#index-Wc++20-extensions\x07-Wc++20-extensions\x1b]8;;\x07\x1b[m\x1b[K]\n'}
[3.886479] (aurora_core) StderrLine: {'line': b'  540 |             \x1b[01;35m\x1b[K.\x1b[m\x1b[Kzy = 2.0f * (qyqz + qwqx),\n'}
[3.886661] (aurora_core) StderrLine: {'line': b'      |             \x1b[01;35m\x1b[K^\x1b[m\x1b[K\n'}
[3.886822] (aurora_core) StderrLine: {'line': b'\x1b[01m\x1b[K/home/brown/Projects/MiningRobot/ros2_workspace/src/aurora_core/include/base/autonomy/include/aurora/../nanoslot/FusionMath.h:541:13:\x1b[m\x1b[K \x1b[01;35m\x1b[Kwarning: \x1b[m\x1b[KC++ designated initializers only available with \xe2\x80\x98\x1b[01m\x1b[K-std=c++20\x1b[m\x1b[K\xe2\x80\x99 or \xe2\x80\x98\x1b[01m\x1b[K-std=gnu++20\x1b[m\x1b[K\xe2\x80\x99 [\x1b[01;35m\x1b[K\x1b]8;;https://gcc.gnu.org/onlinedocs/gcc/Warning-Options.html#index-Wc++20-extensions\x07-Wc++20-extensions\x1b]8;;\x07\x1b[m\x1b[K]\n'}
[3.886992] (aurora_core) StderrLine: {'line': b'  541 |             \x1b[01;35m\x1b[K.\x1b[m\x1b[Kzz = 2.0f * (qwqw - 0.5f + Q.z * Q.z),\n'}
[3.887151] (aurora_core) StderrLine: {'line': b'      |             \x1b[01;35m\x1b[K^\x1b[m\x1b[K\n'}
[3.887307] (aurora_core) StderrLine: {'line': b'\x1b[01m\x1b[K/home/brown/Projects/MiningRobot/ros2_workspace/src/aurora_core/include/base/autonomy/include/aurora/../nanoslot/FusionMath.h:\x1b[m\x1b[K In function \xe2\x80\x98\x1b[01m\x1b[KFusionEuler\x1b[01;32m\x1b[K FusionQuaternionToEuler\x1b[m\x1b[K(FusionQuaternion)\x1b[m\x1b[K\xe2\x80\x99:\n'}
[3.887465] (aurora_core) StderrLine: {'line': b'\x1b[01m\x1b[K/home/brown/Projects/MiningRobot/ros2_workspace/src/aurora_core/include/base/autonomy/include/aurora/../nanoslot/FusionMath.h:555:32:\x1b[m\x1b[K \x1b[01;35m\x1b[Kwarning: \x1b[m\x1b[KC++ designated initializers only available with \xe2\x80\x98\x1b[01m\x1b[K-std=c++20\x1b[m\x1b[K\xe2\x80\x99 or \xe2\x80\x98\x1b[01m\x1b[K-std=gnu++20\x1b[m\x1b[K\xe2\x80\x99 [\x1b[01;35m\x1b[K\x1b]8;;https://gcc.gnu.org/onlinedocs/gcc/Warning-Options.html#index-Wc++20-extensions\x07-Wc++20-extensions\x1b]8;;\x07\x1b[m\x1b[K]\n'}
[3.887626] (aurora_core) StderrLine: {'line': b'  555 |     const FusionEuler euler = {\x1b[01;35m\x1b[K.\x1b[m\x1b[Kangle = {\n'}
[3.887782] (aurora_core) StderrLine: {'line': b'      |                                \x1b[01;35m\x1b[K^\x1b[m\x1b[K\n'}
[3.887937] (aurora_core) StderrLine: {'line': b'\x1b[01m\x1b[K/home/brown/Projects/MiningRobot/ros2_workspace/src/aurora_core/include/base/autonomy/include/aurora/../nanoslot/FusionMath.h:556:13:\x1b[m\x1b[K \x1b[01;35m\x1b[Kwarning: \x1b[m\x1b[KC++ designated initializers only available with \xe2\x80\x98\x1b[01m\x1b[K-std=c++20\x1b[m\x1b[K\xe2\x80\x99 or \xe2\x80\x98\x1b[01m\x1b[K-std=gnu++20\x1b[m\x1b[K\xe2\x80\x99 [\x1b[01;35m\x1b[K\x1b]8;;https://gcc.gnu.org/onlinedocs/gcc/Warning-Options.html#index-Wc++20-extensions\x07-Wc++20-extensions\x1b]8;;\x07\x1b[m\x1b[K]\n'}
[3.888098] (aurora_core) StderrLine: {'line': b'  556 |             \x1b[01;35m\x1b[K.\x1b[m\x1b[Kroll = FusionRadiansToDegrees(atan2f(Q.w * Q.x + Q.y * Q.z, halfMinusQySquared - Q.x * Q.x)),\n'}
[3.888254] (aurora_core) StderrLine: {'line': b'      |             \x1b[01;35m\x1b[K^\x1b[m\x1b[K\n'}
[3.888409] (aurora_core) StderrLine: {'line': b'\x1b[01m\x1b[K/home/brown/Projects/MiningRobot/ros2_workspace/src/aurora_core/include/base/autonomy/include/aurora/../nanoslot/FusionMath.h:557:13:\x1b[m\x1b[K \x1b[01;35m\x1b[Kwarning: \x1b[m\x1b[KC++ designated initializers only available with \xe2\x80\x98\x1b[01m\x1b[K-std=c++20\x1b[m\x1b[K\xe2\x80\x99 or \xe2\x80\x98\x1b[01m\x1b[K-std=gnu++20\x1b[m\x1b[K\xe2\x80\x99 [\x1b[01;35m\x1b[K\x1b]8;;https://gcc.gnu.org/onlinedocs/gcc/Warning-Options.html#index-Wc++20-extensions\x07-Wc++20-extensions\x1b]8;;\x07\x1b[m\x1b[K]\n'}
[3.888579] (aurora_core) StderrLine: {'line': b'  557 |             \x1b[01;35m\x1b[K.\x1b[m\x1b[Kpitch = FusionRadiansToDegrees(FusionAsin(2.0f * (Q.w * Q.y - Q.z * Q.x))),\n'}
[3.888734] (aurora_core) StderrLine: {'line': b'      |             \x1b[01;35m\x1b[K^\x1b[m\x1b[K\n'}
[3.888888] (aurora_core) StderrLine: {'line': b'\x1b[01m\x1b[K/home/brown/Projects/MiningRobot/ros2_workspace/src/aurora_core/include/base/autonomy/include/aurora/../nanoslot/FusionMath.h:558:13:\x1b[m\x1b[K \x1b[01;35m\x1b[Kwarning: \x1b[m\x1b[KC++ designated initializers only available with \xe2\x80\x98\x1b[01m\x1b[K-std=c++20\x1b[m\x1b[K\xe2\x80\x99 or \xe2\x80\x98\x1b[01m\x1b[K-std=gnu++20\x1b[m\x1b[K\xe2\x80\x99 [\x1b[01;35m\x1b[K\x1b]8;;https://gcc.gnu.org/onlinedocs/gcc/Warning-Options.html#index-Wc++20-extensions\x07-Wc++20-extensions\x1b]8;;\x07\x1b[m\x1b[K]\n'}
[3.889048] (aurora_core) StderrLine: {'line': b'  558 |             \x1b[01;35m\x1b[K.\x1b[m\x1b[Kyaw = FusionRadiansToDegrees(atan2f(Q.w * Q.z + Q.x * Q.y, halfMinusQySquared - Q.z * Q.z)),\n'}
[3.889204] (aurora_core) StderrLine: {'line': b'      |             \x1b[01;35m\x1b[K^\x1b[m\x1b[K\n'}
[3.915016] (-) TimerEvent: {}
[4.015398] (-) TimerEvent: {}
[4.115777] (-) TimerEvent: {}
[4.216161] (-) TimerEvent: {}
[4.316555] (-) TimerEvent: {}
[4.416938] (-) TimerEvent: {}
[4.517327] (-) TimerEvent: {}
[4.617743] (-) TimerEvent: {}
[4.718089] (-) TimerEvent: {}
[4.818478] (-) TimerEvent: {}
[4.918842] (-) TimerEvent: {}
[5.019226] (-) TimerEvent: {}
[5.119614] (-) TimerEvent: {}
[5.219997] (-) TimerEvent: {}
[5.277436] (aurora_core) StdoutLine: {'line': b'[100%] \x1b[32m\x1b[1mLinking CXX executable aurora_node_core\x1b[0m\n'}
[5.320093] (-) TimerEvent: {}
[5.420450] (-) TimerEvent: {}
[5.520843] (-) TimerEvent: {}
[5.621296] (-) TimerEvent: {}
[5.721853] (-) TimerEvent: {}
[5.822248] (-) TimerEvent: {}
[5.922651] (-) TimerEvent: {}
[6.023058] (-) TimerEvent: {}
[6.123477] (-) TimerEvent: {}
[6.223873] (-) TimerEvent: {}
[6.324290] (-) TimerEvent: {}
[6.424707] (-) TimerEvent: {}
[6.525080] (-) TimerEvent: {}
[6.625482] (-) TimerEvent: {}
[6.725954] (-) TimerEvent: {}
[6.826501] (-) TimerEvent: {}
[6.926882] (-) TimerEvent: {}
[7.027257] (-) TimerEvent: {}
[7.127658] (-) TimerEvent: {}
[7.228071] (-) TimerEvent: {}
[7.291887] (aurora_core) StderrLine: {'line': b"/usr/bin/ld: CMakeFiles/aurora_node_core.dir/src/aurora_node_core.cpp.o: in function `main':\n"}
[7.292203] (aurora_core) StderrLine: {'line': b"aurora_node_core.cpp:(.text+0x4b4): undefined reference to `state_to_string(robot_state_t)'\n"}
[7.328211] (-) TimerEvent: {}
[7.392322] (aurora_core) StderrLine: {'line': b'collect2: error: ld returned 1 exit status\n'}
[7.393893] (aurora_core) StderrLine: {'line': b'make[2]: *** [CMakeFiles/aurora_node_core.dir/build.make:429: aurora_node_core] Error 1\n'}
[7.394390] (aurora_core) StderrLine: {'line': b'make[1]: *** [CMakeFiles/Makefile2:137: CMakeFiles/aurora_node_core.dir/all] Error 2\n'}
[7.394703] (aurora_core) StderrLine: {'line': b'make: *** [Makefile:146: all] Error 2\n'}
[7.397678] (aurora_core) CommandEnded: {'returncode': 2}
[7.428323] (-) TimerEvent: {}
[7.529089] (-) TimerEvent: {}
[7.608351] (aurora_core) JobEnded: {'identifier': 'aurora_core', 'rc': 2}
[7.619792] (-) EventReactorShutdown: {}
