-- The C compiler identification is GNU 13.2.1
-- The CXX compiler identification is GNU 13.2.1
-- Detecting C compiler ABI info
-- Detecting C compiler ABI info - done
-- Check for working C compiler: /usr/bin/cc - skipped
-- Detecting C compile features
-- Detecting C compile features - done
-- Detecting CXX compiler ABI info
-- Detecting CXX compiler ABI info - done
-- Check for working CXX compiler: /usr/bin/c++ - skipped
-- Detecting CXX compile features
-- Detecting CXX compile features - done
-- Found ament_cmake: 1.3.5 (/opt/ros/humble/share/ament_cmake/cmake)
-- Found Python3: /usr/bin/python3.11 (found version "3.11.5") found components: Interpreter 
-- Found Boost: /usr/lib/cmake/Boost-1.83.0/BoostConfig.cmake (found version "1.83.0")  
-- Found message_filters: 4.3.3 (/opt/ros/humble/share/message_filters/cmake)
-- Found rosidl_generator_c: 3.1.5 (/opt/ros/humble/share/rosidl_generator_c/cmake)
-- Found rosidl_adapter: 3.1.5 (/opt/ros/humble/share/rosidl_adapter/cmake)
-- Found rosidl_generator_cpp: 3.1.5 (/opt/ros/humble/share/rosidl_generator_cpp/cmake)
-- Using all available rosidl_typesupport_c: rosidl_typesupport_fastrtps_c;rosidl_typesupport_introspection_c
-- Using all available rosidl_typesupport_cpp: rosidl_typesupport_fastrtps_cpp;rosidl_typesupport_introspection_cpp
-- Found rmw_implementation_cmake: 6.1.1 (/opt/ros/humble/share/rmw_implementation_cmake/cmake)
-- Found rmw_fastrtps_cpp: 6.2.4 (/opt/ros/humble/share/rmw_fastrtps_cpp/cmake)
-- Found OpenSSL: /usr/lib/libcrypto.so (found version "3.1.3")  
-- Found FastRTPS: /opt/ros/humble/include  
-- Using RMW implementation 'rmw_fastrtps_cpp' as default
-- Performing Test CMAKE_HAVE_LIBC_PTHREAD
-- Performing Test CMAKE_HAVE_LIBC_PTHREAD - Success
-- Found Threads: TRUE  
[33mCMake Warning (dev) at /usr/share/pcl-1.13/PCLConfig.cmake:143 (find_package):
  Policy CMP0144 is not set: find_package uses upper-case <PACKAGENAME>_ROOT
  variables.  Run "cmake --help-policy CMP0144" for policy details.  Use the
  cmake_policy command to set the policy and suppress this warning.

  CMake variable EIGEN_ROOT is set to:

    /usr/include/eigen3

  For compatibility, find_package is ignoring the variable, but code in a
  .cmake module might still use it.
Call Stack (most recent call first):
  /usr/share/pcl-1.13/PCLConfig.cmake:296 (find_eigen)
  /usr/share/pcl-1.13/PCLConfig.cmake:549 (find_external_library)
  CMakeLists.txt:17 (find_package)
This warning is for project developers.  Use -Wno-dev to suppress it.
[0m
-- Checking for module 'eigen3'
--   Found eigen3, version 3.4.0
-- Found Eigen: /usr/include/eigen3 (Required is at least version "3.3") 
-- Eigen found (include: /usr/include/eigen3, version: 3.4.0)
-- Found Pcap: /usr/lib/libpcap.so  
-- Found ZLIB: /usr/lib/libz.so (found version "1.3")  
-- Found PNG: /usr/lib/libpng.so (found version "1.6.40") 
-- Found MPI_C: /usr/lib/libmpi.so (found version "3.1") 
-- Found MPI_CXX: /usr/lib/libmpi_cxx.so (found version "3.1") 
-- Found MPI: TRUE (found version "3.1")  
-- Checking for module 'libusb-1.0'
--   Found libusb-1.0, version 1.0.26
-- Found libusb: /usr/lib/libusb-1.0.so  
-- Eigen found (include: /usr/include/eigen3, version: 3.4.0)
-- Found PCL_COMMON: /usr/lib/libpcl_common.so  
-- Found PCL_OCTREE: /usr/lib/libpcl_octree.so  
-- Found PCL_IO: /usr/lib/libpcl_io.so  
-- Found pcl_msgs: 1.0.0 (/home/brown/Projects/MiningRobot/autonomy/ros2_workspace/install/pcl_msgs/share/pcl_msgs/cmake)
-- Found ament_cmake_gtest: 1.3.5 (/opt/ros/humble/share/ament_cmake_gtest/cmake)
-- Found gtest sources under '/opt/ros/humble/src/gtest_vendor': C++ tests using 'Google Test' will be built
-- Configuring done (18.4s)
-- Generating done (0.0s)
-- Build files have been written to: /home/brown/Projects/MiningRobot/autonomy/ros2_workspace/build/pcl_conversions
[ 16%] [32mBuilding CXX object gtest/CMakeFiles/gtest.dir/src/gtest-all.cc.o[0m
[ 33%] [32mBuilding CXX object gtest/CMakeFiles/gtest_main.dir/src/gtest_main.cc.o[0m
[ 50%] [32m[1mLinking CXX static library libgtest_main.a[0m
[ 50%] Built target gtest_main
[ 66%] [32m[1mLinking CXX static library libgtest.a[0m
[ 66%] Built target gtest
[ 83%] [32mBuilding CXX object CMakeFiles/pcl_conversions-test.dir/test/test_pcl_conversions.cpp.o[0m
[100%] [32m[1mLinking CXX executable pcl_conversions-test[0m
[100%] Built target pcl_conversions-test
-- Install configuration: ""
-- Installing: /home/brown/Projects/MiningRobot/autonomy/ros2_workspace/install/pcl_conversions/include/pcl_conversions
-- Installing: /home/brown/Projects/MiningRobot/autonomy/ros2_workspace/install/pcl_conversions/include/pcl_conversions/pcl_conversions
-- Installing: /home/brown/Projects/MiningRobot/autonomy/ros2_workspace/install/pcl_conversions/include/pcl_conversions/pcl_conversions/pcl_conversions.h
-- Installing: /home/brown/Projects/MiningRobot/autonomy/ros2_workspace/install/pcl_conversions/share/ament_index/resource_index/package_run_dependencies/pcl_conversions
-- Installing: /home/brown/Projects/MiningRobot/autonomy/ros2_workspace/install/pcl_conversions/share/ament_index/resource_index/parent_prefix_path/pcl_conversions
-- Installing: /home/brown/Projects/MiningRobot/autonomy/ros2_workspace/install/pcl_conversions/share/pcl_conversions/environment/ament_prefix_path.sh
-- Installing: /home/brown/Projects/MiningRobot/autonomy/ros2_workspace/install/pcl_conversions/share/pcl_conversions/environment/ament_prefix_path.dsv
-- Installing: /home/brown/Projects/MiningRobot/autonomy/ros2_workspace/install/pcl_conversions/share/pcl_conversions/environment/path.sh
-- Installing: /home/brown/Projects/MiningRobot/autonomy/ros2_workspace/install/pcl_conversions/share/pcl_conversions/environment/path.dsv
-- Installing: /home/brown/Projects/MiningRobot/autonomy/ros2_workspace/install/pcl_conversions/share/pcl_conversions/local_setup.bash
-- Installing: /home/brown/Projects/MiningRobot/autonomy/ros2_workspace/install/pcl_conversions/share/pcl_conversions/local_setup.sh
-- Installing: /home/brown/Projects/MiningRobot/autonomy/ros2_workspace/install/pcl_conversions/share/pcl_conversions/local_setup.zsh
-- Installing: /home/brown/Projects/MiningRobot/autonomy/ros2_workspace/install/pcl_conversions/share/pcl_conversions/local_setup.dsv
-- Installing: /home/brown/Projects/MiningRobot/autonomy/ros2_workspace/install/pcl_conversions/share/pcl_conversions/package.dsv
-- Installing: /home/brown/Projects/MiningRobot/autonomy/ros2_workspace/install/pcl_conversions/share/ament_index/resource_index/packages/pcl_conversions
-- Installing: /home/brown/Projects/MiningRobot/autonomy/ros2_workspace/install/pcl_conversions/share/pcl_conversions/cmake/ament_cmake_export_include_directories-extras.cmake
-- Installing: /home/brown/Projects/MiningRobot/autonomy/ros2_workspace/install/pcl_conversions/share/pcl_conversions/cmake/ament_cmake_export_dependencies-extras.cmake
-- Installing: /home/brown/Projects/MiningRobot/autonomy/ros2_workspace/install/pcl_conversions/share/pcl_conversions/cmake/pcl_conversionsConfig.cmake
-- Installing: /home/brown/Projects/MiningRobot/autonomy/ros2_workspace/install/pcl_conversions/share/pcl_conversions/cmake/pcl_conversionsConfig-version.cmake
-- Installing: /home/brown/Projects/MiningRobot/autonomy/ros2_workspace/install/pcl_conversions/share/pcl_conversions/package.xml
