[0.296s] Invoking command in '/home/brown/Projects/MiningRobot/ros2_workspace/build/perception_pcl': CMAKE_PREFIX_PATH=/home/brown/Projects/MiningRobot/ros2_workspace/install/pcl_ros:/home/brown/Projects/MiningRobot/ros2_workspace/install/pcl_conversions:/home/brown/Projects/MiningRobot/ros2_workspace/install/pcl_msgs:/home/brown/Projects/MiningRobot/ros2_workspace/install/ros2_ouster:/home/brown/Projects/MiningRobot/ros2_workspace/install/perception_pcl:/home/brown/Projects/MiningRobot/ros2_workspace/install/ouster_msgs:/opt/ros/humble LD_LIBRARY_PATH=/home/brown/Projects/MiningRobot/ros2_workspace/install/pcl_ros/lib:/home/brown/Projects/MiningRobot/ros2_workspace/install/pcl_msgs/lib:/home/brown/Projects/MiningRobot/ros2_workspace/install/ros2_ouster/lib:/home/brown/Projects/MiningRobot/ros2_workspace/install/ouster_msgs/lib:/opt/ros/humble/opt/yaml_cpp_vendor/lib:/opt/ros/humble/opt/rviz_ogre_vendor/lib:/opt/ros/humble/lib _=/usr/bin/env /usr/bin/cmake --build /home/brown/Projects/MiningRobot/ros2_workspace/build/perception_pcl -- -j4 -l4
[0.400s] -- Found ament_cmake: 1.3.5 (/opt/ros/humble/share/ament_cmake/cmake)
[1.641s] -- Configuring done (1.3s)
[1.667s] -- Generating done (0.0s)
[1.670s] -- Build files have been written to: /home/brown/Projects/MiningRobot/ros2_workspace/build/perception_pcl
[1.744s] Invoked command in '/home/brown/Projects/MiningRobot/ros2_workspace/build/perception_pcl' returned '0': CMAKE_PREFIX_PATH=/home/brown/Projects/MiningRobot/ros2_workspace/install/pcl_ros:/home/brown/Projects/MiningRobot/ros2_workspace/install/pcl_conversions:/home/brown/Projects/MiningRobot/ros2_workspace/install/pcl_msgs:/home/brown/Projects/MiningRobot/ros2_workspace/install/ros2_ouster:/home/brown/Projects/MiningRobot/ros2_workspace/install/perception_pcl:/home/brown/Projects/MiningRobot/ros2_workspace/install/ouster_msgs:/opt/ros/humble LD_LIBRARY_PATH=/home/brown/Projects/MiningRobot/ros2_workspace/install/pcl_ros/lib:/home/brown/Projects/MiningRobot/ros2_workspace/install/pcl_msgs/lib:/home/brown/Projects/MiningRobot/ros2_workspace/install/ros2_ouster/lib:/home/brown/Projects/MiningRobot/ros2_workspace/install/ouster_msgs/lib:/opt/ros/humble/opt/yaml_cpp_vendor/lib:/opt/ros/humble/opt/rviz_ogre_vendor/lib:/opt/ros/humble/lib _=/usr/bin/env /usr/bin/cmake --build /home/brown/Projects/MiningRobot/ros2_workspace/build/perception_pcl -- -j4 -l4
[1.916s] Invoking command in '/home/brown/Projects/MiningRobot/ros2_workspace/build/perception_pcl': CMAKE_PREFIX_PATH=/home/brown/Projects/MiningRobot/ros2_workspace/install/pcl_ros:/home/brown/Projects/MiningRobot/ros2_workspace/install/pcl_conversions:/home/brown/Projects/MiningRobot/ros2_workspace/install/pcl_msgs:/home/brown/Projects/MiningRobot/ros2_workspace/install/ros2_ouster:/home/brown/Projects/MiningRobot/ros2_workspace/install/perception_pcl:/home/brown/Projects/MiningRobot/ros2_workspace/install/ouster_msgs:/opt/ros/humble LD_LIBRARY_PATH=/home/brown/Projects/MiningRobot/ros2_workspace/install/pcl_ros/lib:/home/brown/Projects/MiningRobot/ros2_workspace/install/pcl_msgs/lib:/home/brown/Projects/MiningRobot/ros2_workspace/install/ros2_ouster/lib:/home/brown/Projects/MiningRobot/ros2_workspace/install/ouster_msgs/lib:/opt/ros/humble/opt/yaml_cpp_vendor/lib:/opt/ros/humble/opt/rviz_ogre_vendor/lib:/opt/ros/humble/lib _=/usr/bin/env /usr/bin/cmake --install /home/brown/Projects/MiningRobot/ros2_workspace/build/perception_pcl
[1.939s] -- Install configuration: ""
[1.940s] -- Up-to-date: /home/brown/Projects/MiningRobot/ros2_workspace/install/perception_pcl/share/ament_index/resource_index/package_run_dependencies/perception_pcl
[1.940s] -- Installing: /home/brown/Projects/MiningRobot/ros2_workspace/install/perception_pcl/share/ament_index/resource_index/parent_prefix_path/perception_pcl
[1.942s] -- Installing: /home/brown/Projects/MiningRobot/ros2_workspace/install/perception_pcl/share/perception_pcl/environment/ament_prefix_path.sh
[1.944s] -- Installing: /home/brown/Projects/MiningRobot/ros2_workspace/install/perception_pcl/share/perception_pcl/environment/ament_prefix_path.dsv
[1.945s] -- Installing: /home/brown/Projects/MiningRobot/ros2_workspace/install/perception_pcl/share/perception_pcl/environment/path.sh
[1.947s] -- Installing: /home/brown/Projects/MiningRobot/ros2_workspace/install/perception_pcl/share/perception_pcl/environment/path.dsv
[1.948s] -- Up-to-date: /home/brown/Projects/MiningRobot/ros2_workspace/install/perception_pcl/share/perception_pcl/local_setup.bash
[1.948s] -- Up-to-date: /home/brown/Projects/MiningRobot/ros2_workspace/install/perception_pcl/share/perception_pcl/local_setup.sh
[1.949s] -- Up-to-date: /home/brown/Projects/MiningRobot/ros2_workspace/install/perception_pcl/share/perception_pcl/local_setup.zsh
[1.949s] -- Installing: /home/brown/Projects/MiningRobot/ros2_workspace/install/perception_pcl/share/perception_pcl/local_setup.dsv
[1.954s] -- Installing: /home/brown/Projects/MiningRobot/ros2_workspace/install/perception_pcl/share/perception_pcl/package.dsv
[1.955s] -- Up-to-date: /home/brown/Projects/MiningRobot/ros2_workspace/install/perception_pcl/share/ament_index/resource_index/packages/perception_pcl
[1.955s] -- Up-to-date: /home/brown/Projects/MiningRobot/ros2_workspace/install/perception_pcl/share/perception_pcl/cmake/perception_pclConfig.cmake
[1.956s] -- Up-to-date: /home/brown/Projects/MiningRobot/ros2_workspace/install/perception_pcl/share/perception_pcl/cmake/perception_pclConfig-version.cmake
[1.957s] -- Installing: /home/brown/Projects/MiningRobot/ros2_workspace/install/perception_pcl/share/perception_pcl/package.xml
[1.973s] Invoked command in '/home/brown/Projects/MiningRobot/ros2_workspace/build/perception_pcl' returned '0': CMAKE_PREFIX_PATH=/home/brown/Projects/MiningRobot/ros2_workspace/install/pcl_ros:/home/brown/Projects/MiningRobot/ros2_workspace/install/pcl_conversions:/home/brown/Projects/MiningRobot/ros2_workspace/install/pcl_msgs:/home/brown/Projects/MiningRobot/ros2_workspace/install/ros2_ouster:/home/brown/Projects/MiningRobot/ros2_workspace/install/perception_pcl:/home/brown/Projects/MiningRobot/ros2_workspace/install/ouster_msgs:/opt/ros/humble LD_LIBRARY_PATH=/home/brown/Projects/MiningRobot/ros2_workspace/install/pcl_ros/lib:/home/brown/Projects/MiningRobot/ros2_workspace/install/pcl_msgs/lib:/home/brown/Projects/MiningRobot/ros2_workspace/install/ros2_ouster/lib:/home/brown/Projects/MiningRobot/ros2_workspace/install/ouster_msgs/lib:/opt/ros/humble/opt/yaml_cpp_vendor/lib:/opt/ros/humble/opt/rviz_ogre_vendor/lib:/opt/ros/humble/lib _=/usr/bin/env /usr/bin/cmake --install /home/brown/Projects/MiningRobot/ros2_workspace/build/perception_pcl
