[0.179s] Invoking command in '/home/brown/Projects/MiningRobot/ros2_workspace/build/aurora_core': CMAKE_PREFIX_PATH=/home/brown/Projects/MiningRobot/ros2_workspace/install/ros2_ouster:/home/brown/Projects/MiningRobot/ros2_workspace/install/pcl_conversions:/home/brown/Projects/MiningRobot/ros2_workspace/install/pcl_msgs:/home/brown/Projects/MiningRobot/ros2_workspace/install/ouster_msgs:/home/brown/Projects/MiningRobot/ros2_workspace/install/aurora_core:/home/brown/Projects/MiningRobot/ros2_workspace/install/perception_pcl:/home/brown/Projects/MiningRobot/ros2_workspace/install/pcl_ros:/opt/ros/humble LD_LIBRARY_PATH=/home/brown/Projects/MiningRobot/ros2_workspace/install/ros2_ouster/lib:/home/brown/Projects/MiningRobot/ros2_workspace/install/pcl_msgs/lib:/home/brown/Projects/MiningRobot/ros2_workspace/install/ouster_msgs/lib:/home/brown/Projects/MiningRobot/ros2_workspace/install/pcl_ros/lib:/opt/ros/humble/opt/yaml_cpp_vendor/lib:/opt/ros/humble/opt/rviz_ogre_vendor/lib:/opt/ros/humble/lib _=/usr/bin/env /usr/bin/cmake --build /home/brown/Projects/MiningRobot/ros2_workspace/build/aurora_core -- -j4 -l4
[0.219s] -- Found ament_cmake: 1.3.5 (/opt/ros/humble/share/ament_cmake/cmake)
[0.581s] -- Found ament_lint_auto: 0.12.8 (/opt/ros/humble/share/ament_lint_auto/cmake)
[0.725s] -- Found rclcpp: 16.0.6 (/opt/ros/humble/share/rclcpp/cmake)
[0.792s] -- Found rosidl_generator_c: 3.1.5 (/opt/ros/humble/share/rosidl_generator_c/cmake)
[0.796s] -- Found rosidl_adapter: 3.1.5 (/opt/ros/humble/share/rosidl_adapter/cmake)
[0.806s] -- Found rosidl_generator_cpp: 3.1.5 (/opt/ros/humble/share/rosidl_generator_cpp/cmake)
[0.826s] -- Using all available rosidl_typesupport_c: rosidl_typesupport_fastrtps_c;rosidl_typesupport_introspection_c
[0.854s] -- Using all available rosidl_typesupport_cpp: rosidl_typesupport_fastrtps_cpp;rosidl_typesupport_introspection_cpp
[0.956s] -- Found rmw_implementation_cmake: 6.1.1 (/opt/ros/humble/share/rmw_implementation_cmake/cmake)
[0.959s] -- Found rmw_fastrtps_cpp: 6.2.4 (/opt/ros/humble/share/rmw_fastrtps_cpp/cmake)
[1.101s] -- Using RMW implementation 'rmw_fastrtps_cpp' as default
[1.400s] -- Found ros2_ouster: 0.5.0 (/home/brown/Projects/MiningRobot/ros2_workspace/install/ros2_ouster/share/ros2_ouster/cmake)
[2.491s] -- Found eigen3_cmake_module: 0.1.1 (/opt/ros/humble/share/eigen3_cmake_module/cmake)
[2.493s] -- Ensuring Eigen3 include directory is part of orocos-kdl CMake target
[2.737s] [33mCMake Warning (dev) at /usr/share/pcl-1.13/PCLConfig.cmake:143 (find_package):
[2.737s]   Policy CMP0144 is not set: find_package uses upper-case <PACKAGENAME>_ROOT
[2.737s]   variables.  Run "cmake --help-policy CMP0144" for policy details.  Use the
[2.737s]   cmake_policy command to set the policy and suppress this warning.
[2.737s] 
[2.737s]   CMake variable EIGEN_ROOT is set to:
[2.737s] 
[2.737s]     /usr/include/eigen3
[2.737s] 
[2.737s]   For compatibility, find_package is ignoring the variable, but code in a
[2.738s]   .cmake module might still use it.
[2.738s] Call Stack (most recent call first):
[2.738s]   /usr/share/pcl-1.13/PCLConfig.cmake:296 (find_eigen)
[2.738s]   /usr/share/pcl-1.13/PCLConfig.cmake:549 (find_external_library)
[2.738s]   /home/brown/Projects/MiningRobot/ros2_workspace/install/pcl_conversions/share/pcl_conversions/cmake/ament_cmake_export_dependencies-extras.cmake:21 (find_package)
[2.738s]   /home/brown/Projects/MiningRobot/ros2_workspace/install/pcl_conversions/share/pcl_conversions/cmake/pcl_conversionsConfig.cmake:41 (include)
[2.738s]   /home/brown/Projects/MiningRobot/ros2_workspace/install/ros2_ouster/share/ros2_ouster/cmake/ament_cmake_export_dependencies-extras.cmake:21 (find_package)
[2.738s]   /home/brown/Projects/MiningRobot/ros2_workspace/install/ros2_ouster/share/ros2_ouster/cmake/ros2_ousterConfig.cmake:41 (include)
[2.738s]   CMakeLists.txt:27 (find_package)
[2.738s] This warning is for project developers.  Use -Wno-dev to suppress it.
[2.739s] [0m
[2.744s] -- Eigen found (include: /usr/include/eigen3, version: 3.4.0)
[2.760s] [33mCMake Warning (dev) at /usr/share/pcl-1.13/Modules/FindFLANN.cmake:45 (find_package):
[2.760s]   Policy CMP0144 is not set: find_package uses upper-case <PACKAGENAME>_ROOT
[2.760s]   variables.  Run "cmake --help-policy CMP0144" for policy details.  Use the
[2.760s]   cmake_policy command to set the policy and suppress this warning.
[2.760s] 
[2.760s]   CMake variable FLANN_ROOT is set to:
[2.760s] 
[2.761s]     /usr
[2.761s] 
[2.761s]   For compatibility, find_package is ignoring the variable, but code in a
[2.761s]   .cmake module might still use it.
[2.761s] Call Stack (most recent call first):
[2.761s]   /usr/share/pcl-1.13/PCLConfig.cmake:253 (find_package)
[2.761s]   /usr/share/pcl-1.13/PCLConfig.cmake:298 (find_flann)
[2.761s]   /usr/share/pcl-1.13/PCLConfig.cmake:549 (find_external_library)
[2.761s]   /home/brown/Projects/MiningRobot/ros2_workspace/install/pcl_conversions/share/pcl_conversions/cmake/ament_cmake_export_dependencies-extras.cmake:21 (find_package)
[2.761s]   /home/brown/Projects/MiningRobot/ros2_workspace/install/pcl_conversions/share/pcl_conversions/cmake/pcl_conversionsConfig.cmake:41 (include)
[2.762s]   /home/brown/Projects/MiningRobot/ros2_workspace/install/ros2_ouster/share/ros2_ouster/cmake/ament_cmake_export_dependencies-extras.cmake:21 (find_package)
[2.762s]   /home/brown/Projects/MiningRobot/ros2_workspace/install/ros2_ouster/share/ros2_ouster/cmake/ros2_ousterConfig.cmake:41 (include)
[2.762s]   CMakeLists.txt:27 (find_package)
[2.762s] This warning is for project developers.  Use -Wno-dev to suppress it.
[2.762s] [0m
[2.762s] -- Found flann version 1.9.2
[6.245s] -- Eigen found (include: /usr/include/eigen3, version: 3.4.0)
[6.837s] -- Found Qhull version 8.0.2
[8.000s] -- Added test 'cppcheck' to perform static code analysis on C / C++ code
[8.001s] -- Configured cppcheck include dirs: 
[8.001s] -- Configured cppcheck exclude dirs and/or files: 
[8.009s] -- Added test 'lint_cmake' to check CMake code style
[8.032s] -- Added test 'uncrustify' to check C / C++ code style
[8.032s] -- Configured uncrustify additional arguments: 
[8.035s] -- Added test 'xmllint' to check XML markup files
[8.036s] -- Configuring done (7.8s)
[8.120s] -- Generating done (0.1s)
[8.125s] -- Build files have been written to: /home/brown/Projects/MiningRobot/ros2_workspace/build/aurora_core
[8.222s] [ 50%] [32mBuilding CXX object CMakeFiles/aurora_node_core.dir/src/aurora_node_core.cpp.o[0m
[8.247s] [01m[K/home/brown/Projects/MiningRobot/ros2_workspace/src/aurora_core/src/aurora_node_core.cpp:5:10:[m[K [01;31m[Kfatal error: [m[Kbase/aurora/data_exchange.h: No such file or directory
[8.247s]     5 | #include [01;31m[K<base/aurora/data_exchange.h>[m[K
[8.247s]       |          [01;31m[K^~~~~~~~~~~~~~~~~~~~~~~~~~~~~[m[K
[8.247s] compilation terminated.
[8.247s] make[2]: *** [CMakeFiles/aurora_node_core.dir/build.make:76: CMakeFiles/aurora_node_core.dir/src/aurora_node_core.cpp.o] Error 1
[8.248s] make[1]: *** [CMakeFiles/Makefile2:137: CMakeFiles/aurora_node_core.dir/all] Error 2
[8.248s] make: *** [Makefile:146: all] Error 2
[8.251s] Invoked command in '/home/brown/Projects/MiningRobot/ros2_workspace/build/aurora_core' returned '2': CMAKE_PREFIX_PATH=/home/brown/Projects/MiningRobot/ros2_workspace/install/ros2_ouster:/home/brown/Projects/MiningRobot/ros2_workspace/install/pcl_conversions:/home/brown/Projects/MiningRobot/ros2_workspace/install/pcl_msgs:/home/brown/Projects/MiningRobot/ros2_workspace/install/ouster_msgs:/home/brown/Projects/MiningRobot/ros2_workspace/install/aurora_core:/home/brown/Projects/MiningRobot/ros2_workspace/install/perception_pcl:/home/brown/Projects/MiningRobot/ros2_workspace/install/pcl_ros:/opt/ros/humble LD_LIBRARY_PATH=/home/brown/Projects/MiningRobot/ros2_workspace/install/ros2_ouster/lib:/home/brown/Projects/MiningRobot/ros2_workspace/install/pcl_msgs/lib:/home/brown/Projects/MiningRobot/ros2_workspace/install/ouster_msgs/lib:/home/brown/Projects/MiningRobot/ros2_workspace/install/pcl_ros/lib:/opt/ros/humble/opt/yaml_cpp_vendor/lib:/opt/ros/humble/opt/rviz_ogre_vendor/lib:/opt/ros/humble/lib _=/usr/bin/env /usr/bin/cmake --build /home/brown/Projects/MiningRobot/ros2_workspace/build/aurora_core -- -j4 -l4
