[0.202s] Invoking command in '/home/brown/Projects/MiningRobot/autonomy/ros2_workspace/build/pcl_conversions': CMAKE_PREFIX_PATH=/home/brown/Projects/MiningRobot/autonomy/ros2_workspace/install/pcl_msgs:/home/brown/Projects/MiningRobot/autonomy/ros2_workspace/install/aurora_core:/home/brown/Projects/MiningRobot/autonomy/ros2_workspace/install/ros2_ouster:/home/brown/Projects/MiningRobot/autonomy/ros2_workspace/install/perception_pcl:/home/brown/Projects/MiningRobot/autonomy/ros2_workspace/install/pcl_ros:/home/brown/Projects/MiningRobot/autonomy/ros2_workspace/install/pcl_conversions:/home/brown/Projects/MiningRobot/autonomy/ros2_workspace/install/ouster_msgs:/home/brown/Projects/MiningRobot/ros2_workspace/install/aurora_core:/home/brown/Projects/MiningRobot/ros2_workspace/install/ros2_ouster:/home/brown/Projects/MiningRobot/ros2_workspace/install/perception_pcl:/home/brown/Projects/MiningRobot/ros2_workspace/install/pcl_ros:/home/brown/Projects/MiningRobot/ros2_workspace/install/pcl_conversions:/home/brown/Projects/MiningRobot/ros2_workspace/install/pcl_msgs:/home/brown/Projects/MiningRobot/ros2_workspace/install/ouster_msgs:/opt/ros/humble LD_LIBRARY_PATH=/home/brown/Projects/MiningRobot/autonomy/ros2_workspace/install/pcl_msgs/lib:/home/brown/Projects/MiningRobot/autonomy/ros2_workspace/install/ros2_ouster/lib:/home/brown/Projects/MiningRobot/autonomy/ros2_workspace/install/pcl_ros/lib:/home/brown/Projects/MiningRobot/autonomy/ros2_workspace/install/ouster_msgs/lib:/home/brown/Projects/MiningRobot/ros2_workspace/install/ros2_ouster/lib:/home/brown/Projects/MiningRobot/ros2_workspace/install/pcl_ros/lib:/home/brown/Projects/MiningRobot/ros2_workspace/install/pcl_msgs/lib:/home/brown/Projects/MiningRobot/ros2_workspace/install/ouster_msgs/lib:/opt/ros/humble/opt/yaml_cpp_vendor/lib:/opt/ros/humble/opt/rviz_ogre_vendor/lib:/opt/ros/humble/lib _=/usr/bin/env /usr/bin/cmake /home/brown/Projects/MiningRobot/autonomy/ros2_workspace/src/perception_pcl/pcl_conversions -DCMAKE_INSTALL_PREFIX=/home/brown/Projects/MiningRobot/autonomy/ros2_workspace/install/pcl_conversions
[0.289s] -- The C compiler identification is GNU 13.2.1
[0.503s] -- The CXX compiler identification is GNU 13.2.1
[0.535s] -- Detecting C compiler ABI info
[0.692s] -- Detecting C compiler ABI info - done
[0.710s] -- Check for working C compiler: /usr/bin/cc - skipped
[0.711s] -- Detecting C compile features
[0.711s] -- Detecting C compile features - done
[0.732s] -- Detecting CXX compiler ABI info
[0.966s] -- Detecting CXX compiler ABI info - done
[0.980s] -- Check for working CXX compiler: /usr/bin/c++ - skipped
[0.980s] -- Detecting CXX compile features
[0.981s] -- Detecting CXX compile features - done
[0.987s] -- Found ament_cmake: 1.3.5 (/opt/ros/humble/share/ament_cmake/cmake)
[2.387s] -- Found Python3: /usr/bin/python3.11 (found version "3.11.5") found components: Interpreter 
[2.564s] -- Found Boost: /usr/lib/cmake/Boost-1.83.0/BoostConfig.cmake (found version "1.83.0")  
[2.588s] -- Found message_filters: 4.3.3 (/opt/ros/humble/share/message_filters/cmake)
[2.687s] -- Found rosidl_generator_c: 3.1.5 (/opt/ros/humble/share/rosidl_generator_c/cmake)
[2.700s] -- Found rosidl_adapter: 3.1.5 (/opt/ros/humble/share/rosidl_adapter/cmake)
[2.722s] -- Found rosidl_generator_cpp: 3.1.5 (/opt/ros/humble/share/rosidl_generator_cpp/cmake)
[2.751s] -- Using all available rosidl_typesupport_c: rosidl_typesupport_fastrtps_c;rosidl_typesupport_introspection_c
[2.790s] -- Using all available rosidl_typesupport_cpp: rosidl_typesupport_fastrtps_cpp;rosidl_typesupport_introspection_cpp
[2.965s] -- Found rmw_implementation_cmake: 6.1.1 (/opt/ros/humble/share/rmw_implementation_cmake/cmake)
[2.975s] -- Found rmw_fastrtps_cpp: 6.2.4 (/opt/ros/humble/share/rmw_fastrtps_cpp/cmake)
[3.209s] -- Found OpenSSL: /usr/lib/libcrypto.so (found version "3.1.3")  
[3.257s] -- Found FastRTPS: /opt/ros/humble/include  
[3.323s] -- Using RMW implementation 'rmw_fastrtps_cpp' as default
[3.344s] -- Performing Test CMAKE_HAVE_LIBC_PTHREAD
[3.490s] -- Performing Test CMAKE_HAVE_LIBC_PTHREAD - Success
[3.492s] -- Found Threads: TRUE  
[3.882s] [33mCMake Warning (dev) at /usr/share/pcl-1.13/PCLConfig.cmake:143 (find_package):
[3.883s]   Policy CMP0144 is not set: find_package uses upper-case <PACKAGENAME>_ROOT
[3.883s]   variables.  Run "cmake --help-policy CMP0144" for policy details.  Use the
[3.883s]   cmake_policy command to set the policy and suppress this warning.
[3.883s] 
[3.883s]   CMake variable EIGEN_ROOT is set to:
[3.883s] 
[3.883s]     /usr/include/eigen3
[3.884s] 
[3.884s]   For compatibility, find_package is ignoring the variable, but code in a
[3.884s]   .cmake module might still use it.
[3.884s] Call Stack (most recent call first):
[3.884s]   /usr/share/pcl-1.13/PCLConfig.cmake:296 (find_eigen)
[3.884s]   /usr/share/pcl-1.13/PCLConfig.cmake:549 (find_external_library)
[3.884s]   CMakeLists.txt:17 (find_package)
[3.885s] This warning is for project developers.  Use -Wno-dev to suppress it.
[3.885s] [0m
[3.891s] -- Checking for module 'eigen3'
[3.913s] --   Found eigen3, version 3.4.0
[3.958s] -- Found Eigen: /usr/include/eigen3 (Required is at least version "3.3") 
[3.958s] -- Eigen found (include: /usr/include/eigen3, version: 3.4.0)
[4.008s] -- Found Pcap: /usr/lib/libpcap.so  
[4.112s] -- Found ZLIB: /usr/lib/libz.so (found version "1.3")  
[4.250s] -- Found PNG: /usr/lib/libpng.so (found version "1.6.40") 
[5.451s] -- Found MPI_C: /usr/lib/libmpi.so (found version "3.1") 
[9.523s] -- Found MPI_CXX: /usr/lib/libmpi_cxx.so (found version "3.1") 
[9.523s] -- Found MPI: TRUE (found version "3.1")  
[11.620s] -- Checking for module 'libusb-1.0'
[11.663s] --   Found libusb-1.0, version 1.0.26
[11.803s] -- Found libusb: /usr/lib/libusb-1.0.so  
[11.834s] -- Eigen found (include: /usr/include/eigen3, version: 3.4.0)
[11.844s] -- Found PCL_COMMON: /usr/lib/libpcl_common.so  
[11.855s] -- Found PCL_OCTREE: /usr/lib/libpcl_octree.so  
[11.862s] -- Found PCL_IO: /usr/lib/libpcl_io.so  
[11.864s] -- Found pcl_msgs: 1.0.0 (/home/brown/Projects/MiningRobot/autonomy/ros2_workspace/install/pcl_msgs/share/pcl_msgs/cmake)
[12.489s] -- Found ament_cmake_gtest: 1.3.5 (/opt/ros/humble/share/ament_cmake_gtest/cmake)
[12.495s] -- Found gtest sources under '/opt/ros/humble/src/gtest_vendor': C++ tests using 'Google Test' will be built
[12.719s] -- Configuring done (12.5s)
[12.786s] -- Generating done (0.0s)
[12.791s] -- Build files have been written to: /home/brown/Projects/MiningRobot/autonomy/ros2_workspace/build/pcl_conversions
[12.842s] Invoked command in '/home/brown/Projects/MiningRobot/autonomy/ros2_workspace/build/pcl_conversions' returned '0': CMAKE_PREFIX_PATH=/home/brown/Projects/MiningRobot/autonomy/ros2_workspace/install/pcl_msgs:/home/brown/Projects/MiningRobot/autonomy/ros2_workspace/install/aurora_core:/home/brown/Projects/MiningRobot/autonomy/ros2_workspace/install/ros2_ouster:/home/brown/Projects/MiningRobot/autonomy/ros2_workspace/install/perception_pcl:/home/brown/Projects/MiningRobot/autonomy/ros2_workspace/install/pcl_ros:/home/brown/Projects/MiningRobot/autonomy/ros2_workspace/install/pcl_conversions:/home/brown/Projects/MiningRobot/autonomy/ros2_workspace/install/ouster_msgs:/home/brown/Projects/MiningRobot/ros2_workspace/install/aurora_core:/home/brown/Projects/MiningRobot/ros2_workspace/install/ros2_ouster:/home/brown/Projects/MiningRobot/ros2_workspace/install/perception_pcl:/home/brown/Projects/MiningRobot/ros2_workspace/install/pcl_ros:/home/brown/Projects/MiningRobot/ros2_workspace/install/pcl_conversions:/home/brown/Projects/MiningRobot/ros2_workspace/install/pcl_msgs:/home/brown/Projects/MiningRobot/ros2_workspace/install/ouster_msgs:/opt/ros/humble LD_LIBRARY_PATH=/home/brown/Projects/MiningRobot/autonomy/ros2_workspace/install/pcl_msgs/lib:/home/brown/Projects/MiningRobot/autonomy/ros2_workspace/install/ros2_ouster/lib:/home/brown/Projects/MiningRobot/autonomy/ros2_workspace/install/pcl_ros/lib:/home/brown/Projects/MiningRobot/autonomy/ros2_workspace/install/ouster_msgs/lib:/home/brown/Projects/MiningRobot/ros2_workspace/install/ros2_ouster/lib:/home/brown/Projects/MiningRobot/ros2_workspace/install/pcl_ros/lib:/home/brown/Projects/MiningRobot/ros2_workspace/install/pcl_msgs/lib:/home/brown/Projects/MiningRobot/ros2_workspace/install/ouster_msgs/lib:/opt/ros/humble/opt/yaml_cpp_vendor/lib:/opt/ros/humble/opt/rviz_ogre_vendor/lib:/opt/ros/humble/lib _=/usr/bin/env /usr/bin/cmake /home/brown/Projects/MiningRobot/autonomy/ros2_workspace/src/perception_pcl/pcl_conversions -DCMAKE_INSTALL_PREFIX=/home/brown/Projects/MiningRobot/autonomy/ros2_workspace/install/pcl_conversions
[12.844s] Invoking command in '/home/brown/Projects/MiningRobot/autonomy/ros2_workspace/build/pcl_conversions': CMAKE_PREFIX_PATH=/home/brown/Projects/MiningRobot/autonomy/ros2_workspace/install/pcl_msgs:/home/brown/Projects/MiningRobot/autonomy/ros2_workspace/install/aurora_core:/home/brown/Projects/MiningRobot/autonomy/ros2_workspace/install/ros2_ouster:/home/brown/Projects/MiningRobot/autonomy/ros2_workspace/install/perception_pcl:/home/brown/Projects/MiningRobot/autonomy/ros2_workspace/install/pcl_ros:/home/brown/Projects/MiningRobot/autonomy/ros2_workspace/install/pcl_conversions:/home/brown/Projects/MiningRobot/autonomy/ros2_workspace/install/ouster_msgs:/home/brown/Projects/MiningRobot/ros2_workspace/install/aurora_core:/home/brown/Projects/MiningRobot/ros2_workspace/install/ros2_ouster:/home/brown/Projects/MiningRobot/ros2_workspace/install/perception_pcl:/home/brown/Projects/MiningRobot/ros2_workspace/install/pcl_ros:/home/brown/Projects/MiningRobot/ros2_workspace/install/pcl_conversions:/home/brown/Projects/MiningRobot/ros2_workspace/install/pcl_msgs:/home/brown/Projects/MiningRobot/ros2_workspace/install/ouster_msgs:/opt/ros/humble LD_LIBRARY_PATH=/home/brown/Projects/MiningRobot/autonomy/ros2_workspace/install/pcl_msgs/lib:/home/brown/Projects/MiningRobot/autonomy/ros2_workspace/install/ros2_ouster/lib:/home/brown/Projects/MiningRobot/autonomy/ros2_workspace/install/pcl_ros/lib:/home/brown/Projects/MiningRobot/autonomy/ros2_workspace/install/ouster_msgs/lib:/home/brown/Projects/MiningRobot/ros2_workspace/install/ros2_ouster/lib:/home/brown/Projects/MiningRobot/ros2_workspace/install/pcl_ros/lib:/home/brown/Projects/MiningRobot/ros2_workspace/install/pcl_msgs/lib:/home/brown/Projects/MiningRobot/ros2_workspace/install/ouster_msgs/lib:/opt/ros/humble/opt/yaml_cpp_vendor/lib:/opt/ros/humble/opt/rviz_ogre_vendor/lib:/opt/ros/humble/lib _=/usr/bin/env /usr/bin/cmake --build /home/brown/Projects/MiningRobot/autonomy/ros2_workspace/build/pcl_conversions -- -j4 -l4
[12.972s] [ 16%] [32mBuilding CXX object gtest/CMakeFiles/gtest_main.dir/src/gtest_main.cc.o[0m
[12.972s] [ 33%] [32mBuilding CXX object gtest/CMakeFiles/gtest.dir/src/gtest-all.cc.o[0m
[14.981s] [ 50%] [32m[1mLinking CXX static library libgtest_main.a[0m
[15.238s] [ 50%] Built target gtest_main
[21.108s] [ 66%] [32m[1mLinking CXX static library libgtest.a[0m
[21.240s] [ 66%] Built target gtest
[21.284s] [ 83%] [32mBuilding CXX object CMakeFiles/pcl_conversions-test.dir/test/test_pcl_conversions.cpp.o[0m
[33.195s] [100%] [32m[1mLinking CXX executable pcl_conversions-test[0m
[34.124s] [100%] Built target pcl_conversions-test
[34.140s] Invoked command in '/home/brown/Projects/MiningRobot/autonomy/ros2_workspace/build/pcl_conversions' returned '0': CMAKE_PREFIX_PATH=/home/brown/Projects/MiningRobot/autonomy/ros2_workspace/install/pcl_msgs:/home/brown/Projects/MiningRobot/autonomy/ros2_workspace/install/aurora_core:/home/brown/Projects/MiningRobot/autonomy/ros2_workspace/install/ros2_ouster:/home/brown/Projects/MiningRobot/autonomy/ros2_workspace/install/perception_pcl:/home/brown/Projects/MiningRobot/autonomy/ros2_workspace/install/pcl_ros:/home/brown/Projects/MiningRobot/autonomy/ros2_workspace/install/pcl_conversions:/home/brown/Projects/MiningRobot/autonomy/ros2_workspace/install/ouster_msgs:/home/brown/Projects/MiningRobot/ros2_workspace/install/aurora_core:/home/brown/Projects/MiningRobot/ros2_workspace/install/ros2_ouster:/home/brown/Projects/MiningRobot/ros2_workspace/install/perception_pcl:/home/brown/Projects/MiningRobot/ros2_workspace/install/pcl_ros:/home/brown/Projects/MiningRobot/ros2_workspace/install/pcl_conversions:/home/brown/Projects/MiningRobot/ros2_workspace/install/pcl_msgs:/home/brown/Projects/MiningRobot/ros2_workspace/install/ouster_msgs:/opt/ros/humble LD_LIBRARY_PATH=/home/brown/Projects/MiningRobot/autonomy/ros2_workspace/install/pcl_msgs/lib:/home/brown/Projects/MiningRobot/autonomy/ros2_workspace/install/ros2_ouster/lib:/home/brown/Projects/MiningRobot/autonomy/ros2_workspace/install/pcl_ros/lib:/home/brown/Projects/MiningRobot/autonomy/ros2_workspace/install/ouster_msgs/lib:/home/brown/Projects/MiningRobot/ros2_workspace/install/ros2_ouster/lib:/home/brown/Projects/MiningRobot/ros2_workspace/install/pcl_ros/lib:/home/brown/Projects/MiningRobot/ros2_workspace/install/pcl_msgs/lib:/home/brown/Projects/MiningRobot/ros2_workspace/install/ouster_msgs/lib:/opt/ros/humble/opt/yaml_cpp_vendor/lib:/opt/ros/humble/opt/rviz_ogre_vendor/lib:/opt/ros/humble/lib _=/usr/bin/env /usr/bin/cmake --build /home/brown/Projects/MiningRobot/autonomy/ros2_workspace/build/pcl_conversions -- -j4 -l4
[34.246s] Invoking command in '/home/brown/Projects/MiningRobot/autonomy/ros2_workspace/build/pcl_conversions': CMAKE_PREFIX_PATH=/home/brown/Projects/MiningRobot/autonomy/ros2_workspace/install/pcl_msgs:/home/brown/Projects/MiningRobot/autonomy/ros2_workspace/install/aurora_core:/home/brown/Projects/MiningRobot/autonomy/ros2_workspace/install/ros2_ouster:/home/brown/Projects/MiningRobot/autonomy/ros2_workspace/install/perception_pcl:/home/brown/Projects/MiningRobot/autonomy/ros2_workspace/install/pcl_ros:/home/brown/Projects/MiningRobot/autonomy/ros2_workspace/install/pcl_conversions:/home/brown/Projects/MiningRobot/autonomy/ros2_workspace/install/ouster_msgs:/home/brown/Projects/MiningRobot/ros2_workspace/install/aurora_core:/home/brown/Projects/MiningRobot/ros2_workspace/install/ros2_ouster:/home/brown/Projects/MiningRobot/ros2_workspace/install/perception_pcl:/home/brown/Projects/MiningRobot/ros2_workspace/install/pcl_ros:/home/brown/Projects/MiningRobot/ros2_workspace/install/pcl_conversions:/home/brown/Projects/MiningRobot/ros2_workspace/install/pcl_msgs:/home/brown/Projects/MiningRobot/ros2_workspace/install/ouster_msgs:/opt/ros/humble LD_LIBRARY_PATH=/home/brown/Projects/MiningRobot/autonomy/ros2_workspace/install/pcl_msgs/lib:/home/brown/Projects/MiningRobot/autonomy/ros2_workspace/install/ros2_ouster/lib:/home/brown/Projects/MiningRobot/autonomy/ros2_workspace/install/pcl_ros/lib:/home/brown/Projects/MiningRobot/autonomy/ros2_workspace/install/ouster_msgs/lib:/home/brown/Projects/MiningRobot/ros2_workspace/install/ros2_ouster/lib:/home/brown/Projects/MiningRobot/ros2_workspace/install/pcl_ros/lib:/home/brown/Projects/MiningRobot/ros2_workspace/install/pcl_msgs/lib:/home/brown/Projects/MiningRobot/ros2_workspace/install/ouster_msgs/lib:/opt/ros/humble/opt/yaml_cpp_vendor/lib:/opt/ros/humble/opt/rviz_ogre_vendor/lib:/opt/ros/humble/lib _=/usr/bin/env /usr/bin/cmake --install /home/brown/Projects/MiningRobot/autonomy/ros2_workspace/build/pcl_conversions
[34.257s] -- Install configuration: ""
[34.258s] -- Up-to-date: /home/brown/Projects/MiningRobot/autonomy/ros2_workspace/install/pcl_conversions/include/pcl_conversions
[34.258s] -- Up-to-date: /home/brown/Projects/MiningRobot/autonomy/ros2_workspace/install/pcl_conversions/include/pcl_conversions/pcl_conversions
[34.258s] -- Up-to-date: /home/brown/Projects/MiningRobot/autonomy/ros2_workspace/install/pcl_conversions/include/pcl_conversions/pcl_conversions/pcl_conversions.h
[34.259s] -- Installing: /home/brown/Projects/MiningRobot/autonomy/ros2_workspace/install/pcl_conversions/share/ament_index/resource_index/package_run_dependencies/pcl_conversions
[34.259s] -- Installing: /home/brown/Projects/MiningRobot/autonomy/ros2_workspace/install/pcl_conversions/share/ament_index/resource_index/parent_prefix_path/pcl_conversions
[34.260s] -- Up-to-date: /home/brown/Projects/MiningRobot/autonomy/ros2_workspace/install/pcl_conversions/share/pcl_conversions/environment/ament_prefix_path.sh
[34.260s] -- Installing: /home/brown/Projects/MiningRobot/autonomy/ros2_workspace/install/pcl_conversions/share/pcl_conversions/environment/ament_prefix_path.dsv
[34.260s] -- Up-to-date: /home/brown/Projects/MiningRobot/autonomy/ros2_workspace/install/pcl_conversions/share/pcl_conversions/environment/path.sh
[34.261s] -- Installing: /home/brown/Projects/MiningRobot/autonomy/ros2_workspace/install/pcl_conversions/share/pcl_conversions/environment/path.dsv
[34.261s] -- Installing: /home/brown/Projects/MiningRobot/autonomy/ros2_workspace/install/pcl_conversions/share/pcl_conversions/local_setup.bash
[34.261s] -- Installing: /home/brown/Projects/MiningRobot/autonomy/ros2_workspace/install/pcl_conversions/share/pcl_conversions/local_setup.sh
[34.262s] -- Installing: /home/brown/Projects/MiningRobot/autonomy/ros2_workspace/install/pcl_conversions/share/pcl_conversions/local_setup.zsh
[34.262s] -- Installing: /home/brown/Projects/MiningRobot/autonomy/ros2_workspace/install/pcl_conversions/share/pcl_conversions/local_setup.dsv
[34.263s] -- Installing: /home/brown/Projects/MiningRobot/autonomy/ros2_workspace/install/pcl_conversions/share/pcl_conversions/package.dsv
[34.263s] -- Installing: /home/brown/Projects/MiningRobot/autonomy/ros2_workspace/install/pcl_conversions/share/ament_index/resource_index/packages/pcl_conversions
[34.263s] -- Installing: /home/brown/Projects/MiningRobot/autonomy/ros2_workspace/install/pcl_conversions/share/pcl_conversions/cmake/ament_cmake_export_include_directories-extras.cmake
[34.264s] -- Installing: /home/brown/Projects/MiningRobot/autonomy/ros2_workspace/install/pcl_conversions/share/pcl_conversions/cmake/ament_cmake_export_dependencies-extras.cmake
[34.264s] -- Installing: /home/brown/Projects/MiningRobot/autonomy/ros2_workspace/install/pcl_conversions/share/pcl_conversions/cmake/pcl_conversionsConfig.cmake
[34.264s] -- Installing: /home/brown/Projects/MiningRobot/autonomy/ros2_workspace/install/pcl_conversions/share/pcl_conversions/cmake/pcl_conversionsConfig-version.cmake
[34.265s] -- Up-to-date: /home/brown/Projects/MiningRobot/autonomy/ros2_workspace/install/pcl_conversions/share/pcl_conversions/package.xml
[34.267s] Invoked command in '/home/brown/Projects/MiningRobot/autonomy/ros2_workspace/build/pcl_conversions' returned '0': CMAKE_PREFIX_PATH=/home/brown/Projects/MiningRobot/autonomy/ros2_workspace/install/pcl_msgs:/home/brown/Projects/MiningRobot/autonomy/ros2_workspace/install/aurora_core:/home/brown/Projects/MiningRobot/autonomy/ros2_workspace/install/ros2_ouster:/home/brown/Projects/MiningRobot/autonomy/ros2_workspace/install/perception_pcl:/home/brown/Projects/MiningRobot/autonomy/ros2_workspace/install/pcl_ros:/home/brown/Projects/MiningRobot/autonomy/ros2_workspace/install/pcl_conversions:/home/brown/Projects/MiningRobot/autonomy/ros2_workspace/install/ouster_msgs:/home/brown/Projects/MiningRobot/ros2_workspace/install/aurora_core:/home/brown/Projects/MiningRobot/ros2_workspace/install/ros2_ouster:/home/brown/Projects/MiningRobot/ros2_workspace/install/perception_pcl:/home/brown/Projects/MiningRobot/ros2_workspace/install/pcl_ros:/home/brown/Projects/MiningRobot/ros2_workspace/install/pcl_conversions:/home/brown/Projects/MiningRobot/ros2_workspace/install/pcl_msgs:/home/brown/Projects/MiningRobot/ros2_workspace/install/ouster_msgs:/opt/ros/humble LD_LIBRARY_PATH=/home/brown/Projects/MiningRobot/autonomy/ros2_workspace/install/pcl_msgs/lib:/home/brown/Projects/MiningRobot/autonomy/ros2_workspace/install/ros2_ouster/lib:/home/brown/Projects/MiningRobot/autonomy/ros2_workspace/install/pcl_ros/lib:/home/brown/Projects/MiningRobot/autonomy/ros2_workspace/install/ouster_msgs/lib:/home/brown/Projects/MiningRobot/ros2_workspace/install/ros2_ouster/lib:/home/brown/Projects/MiningRobot/ros2_workspace/install/pcl_ros/lib:/home/brown/Projects/MiningRobot/ros2_workspace/install/pcl_msgs/lib:/home/brown/Projects/MiningRobot/ros2_workspace/install/ouster_msgs/lib:/opt/ros/humble/opt/yaml_cpp_vendor/lib:/opt/ros/humble/opt/rviz_ogre_vendor/lib:/opt/ros/humble/lib _=/usr/bin/env /usr/bin/cmake --install /home/brown/Projects/MiningRobot/autonomy/ros2_workspace/build/pcl_conversions
