[1.640s] DEBUG:colcon:Command line arguments: ['/usr/bin/colcon', 'build']
[1.640s] DEBUG:colcon:Parsed command line arguments: Namespace(log_base=None, log_level=None, verb_name='build', build_base='build', install_base='install', merge_install=False, symlink_install=False, test_result_base=None, continue_on_error=False, executor='parallel', parallel_workers=4, event_handlers=None, ignore_user_meta=False, metas=['./colcon.meta'], base_paths=['.'], packages_ignore=None, packages_ignore_regex=None, paths=None, packages_up_to=None, packages_up_to_regex=None, packages_above=None, packages_above_and_dependencies=None, packages_above_depth=None, packages_select_by_dep=None, packages_skip_by_dep=None, packages_skip_up_to=None, packages_select_build_failed=False, packages_skip_build_finished=False, packages_select_test_failures=False, packages_skip_test_passed=False, packages_select=None, packages_skip=None, packages_select_regex=None, packages_skip_regex=None, packages_start=None, packages_end=None, cmake_args=None, cmake_target=None, cmake_target_skip_unavailable=False, cmake_clean_cache=False, cmake_clean_first=False, cmake_force_configure=False, ament_cmake_args=None, catkin_cmake_args=None, catkin_skip_building_tests=False, verb_parser=<colcon_defaults.argument_parser.defaults.DefaultArgumentsDecorator object at 0x7fbcadad50d0>, verb_extension=<colcon_core.verb.build.BuildVerb object at 0x7fbcad9e6c10>, main=<bound method BuildVerb.main of <colcon_core.verb.build.BuildVerb object at 0x7fbcad9e6c10>>)
[1.716s] Level 1:colcon.colcon_core.package_discovery:discover_packages(colcon_meta) check parameters
[1.716s] Level 1:colcon.colcon_core.package_discovery:discover_packages(recursive) check parameters
[1.716s] Level 1:colcon.colcon_core.package_discovery:discover_packages(ignore) check parameters
[1.716s] Level 1:colcon.colcon_core.package_discovery:discover_packages(path) check parameters
[1.716s] Level 1:colcon.colcon_core.package_discovery:discover_packages(colcon_meta) discover
[1.716s] Level 1:colcon.colcon_core.package_discovery:discover_packages(recursive) discover
[1.716s] INFO:colcon.colcon_core.package_discovery:Crawling recursively for packages in '/home/brown/Projects/MiningRobot/autonomy/ros2_workspace'
[1.716s] Level 1:colcon.colcon_core.package_identification:_identify(.) by extensions ['ignore', 'ignore_ament_install']
[1.717s] Level 1:colcon.colcon_core.package_identification:_identify(.) by extension 'ignore'
[1.717s] Level 1:colcon.colcon_core.package_identification:_identify(.) by extension 'ignore_ament_install'
[1.717s] Level 1:colcon.colcon_core.package_identification:_identify(.) by extensions ['colcon_pkg']
[1.717s] Level 1:colcon.colcon_core.package_identification:_identify(.) by extension 'colcon_pkg'
[1.717s] Level 1:colcon.colcon_core.package_identification:_identify(.) by extensions ['colcon_meta']
[1.717s] Level 1:colcon.colcon_core.package_identification:_identify(.) by extension 'colcon_meta'
[1.717s] Level 1:colcon.colcon_core.package_identification:_identify(.) by extensions ['ros']
[1.717s] Level 1:colcon.colcon_core.package_identification:_identify(.) by extension 'ros'
[1.749s] Level 1:colcon.colcon_core.package_identification:_identify(.) by extensions ['cmake', 'python']
[1.749s] Level 1:colcon.colcon_core.package_identification:_identify(.) by extension 'cmake'
[1.749s] Level 1:colcon.colcon_core.package_identification:_identify(.) by extension 'python'
[1.749s] Level 1:colcon.colcon_core.package_identification:_identify(.) by extensions ['python_setup_py']
[1.749s] Level 1:colcon.colcon_core.package_identification:_identify(.) by extension 'python_setup_py'
[1.749s] Level 1:colcon.colcon_core.package_identification:_identify(__pycache__) by extensions ['ignore', 'ignore_ament_install']
[1.749s] Level 1:colcon.colcon_core.package_identification:_identify(__pycache__) by extension 'ignore'
[1.749s] Level 1:colcon.colcon_core.package_identification:_identify(__pycache__) by extension 'ignore_ament_install'
[1.749s] Level 1:colcon.colcon_core.package_identification:_identify(__pycache__) by extensions ['colcon_pkg']
[1.750s] Level 1:colcon.colcon_core.package_identification:_identify(__pycache__) by extension 'colcon_pkg'
[1.750s] Level 1:colcon.colcon_core.package_identification:_identify(__pycache__) by extensions ['colcon_meta']
[1.750s] Level 1:colcon.colcon_core.package_identification:_identify(__pycache__) by extension 'colcon_meta'
[1.750s] Level 1:colcon.colcon_core.package_identification:_identify(__pycache__) by extensions ['ros']
[1.750s] Level 1:colcon.colcon_core.package_identification:_identify(__pycache__) by extension 'ros'
[1.750s] Level 1:colcon.colcon_core.package_identification:_identify(__pycache__) by extensions ['cmake', 'python']
[1.750s] Level 1:colcon.colcon_core.package_identification:_identify(__pycache__) by extension 'cmake'
[1.750s] Level 1:colcon.colcon_core.package_identification:_identify(__pycache__) by extension 'python'
[1.750s] Level 1:colcon.colcon_core.package_identification:_identify(__pycache__) by extensions ['python_setup_py']
[1.750s] Level 1:colcon.colcon_core.package_identification:_identify(__pycache__) by extension 'python_setup_py'
[1.750s] Level 1:colcon.colcon_core.package_identification:_identify(aurora_core_sl) by extensions ['ignore', 'ignore_ament_install']
[1.750s] Level 1:colcon.colcon_core.package_identification:_identify(aurora_core_sl) by extension 'ignore'
[1.750s] Level 1:colcon.colcon_core.package_identification:_identify(aurora_core_sl) by extension 'ignore_ament_install'
[1.750s] Level 1:colcon.colcon_core.package_identification:_identify(aurora_core_sl) by extensions ['colcon_pkg']
[1.751s] Level 1:colcon.colcon_core.package_identification:_identify(aurora_core_sl) by extension 'colcon_pkg'
[1.751s] Level 1:colcon.colcon_core.package_identification:_identify(aurora_core_sl) by extensions ['colcon_meta']
[1.751s] Level 1:colcon.colcon_core.package_identification:_identify(aurora_core_sl) by extension 'colcon_meta'
[1.751s] Level 1:colcon.colcon_core.package_identification:_identify(aurora_core_sl) by extensions ['ros']
[1.751s] Level 1:colcon.colcon_core.package_identification:_identify(aurora_core_sl) by extension 'ros'
[1.754s] DEBUG:colcon.colcon_core.package_identification:Package 'aurora_core_sl' with type 'ros.ament_cmake' and name 'aurora_core'
[1.754s] Level 1:colcon.colcon_core.package_identification:_identify(build) by extensions ['ignore', 'ignore_ament_install']
[1.754s] Level 1:colcon.colcon_core.package_identification:_identify(build) by extension 'ignore'
[1.754s] Level 1:colcon.colcon_core.package_identification:_identify(build) ignored
[1.755s] Level 1:colcon.colcon_core.package_identification:_identify(install) by extensions ['ignore', 'ignore_ament_install']
[1.755s] Level 1:colcon.colcon_core.package_identification:_identify(install) by extension 'ignore'
[1.755s] Level 1:colcon.colcon_core.package_identification:_identify(install) ignored
[1.755s] Level 1:colcon.colcon_core.package_identification:_identify(log) by extensions ['ignore', 'ignore_ament_install']
[1.755s] Level 1:colcon.colcon_core.package_identification:_identify(log) by extension 'ignore'
[1.755s] Level 1:colcon.colcon_core.package_identification:_identify(log) ignored
[1.755s] Level 1:colcon.colcon_core.package_identification:_identify(src) by extensions ['ignore', 'ignore_ament_install']
[1.755s] Level 1:colcon.colcon_core.package_identification:_identify(src) by extension 'ignore'
[1.755s] Level 1:colcon.colcon_core.package_identification:_identify(src) by extension 'ignore_ament_install'
[1.755s] Level 1:colcon.colcon_core.package_identification:_identify(src) by extensions ['colcon_pkg']
[1.755s] Level 1:colcon.colcon_core.package_identification:_identify(src) by extension 'colcon_pkg'
[1.755s] Level 1:colcon.colcon_core.package_identification:_identify(src) by extensions ['colcon_meta']
[1.756s] Level 1:colcon.colcon_core.package_identification:_identify(src) by extension 'colcon_meta'
[1.756s] Level 1:colcon.colcon_core.package_identification:_identify(src) by extensions ['ros']
[1.756s] Level 1:colcon.colcon_core.package_identification:_identify(src) by extension 'ros'
[1.756s] Level 1:colcon.colcon_core.package_identification:_identify(src) by extensions ['cmake', 'python']
[1.756s] Level 1:colcon.colcon_core.package_identification:_identify(src) by extension 'cmake'
[1.756s] Level 1:colcon.colcon_core.package_identification:_identify(src) by extension 'python'
[1.756s] Level 1:colcon.colcon_core.package_identification:_identify(src) by extensions ['python_setup_py']
[1.756s] Level 1:colcon.colcon_core.package_identification:_identify(src) by extension 'python_setup_py'
[1.756s] Level 1:colcon.colcon_core.package_identification:_identify(src/pcl_msgs) by extensions ['ignore', 'ignore_ament_install']
[1.756s] Level 1:colcon.colcon_core.package_identification:_identify(src/pcl_msgs) by extension 'ignore'
[1.756s] Level 1:colcon.colcon_core.package_identification:_identify(src/pcl_msgs) by extension 'ignore_ament_install'
[1.756s] Level 1:colcon.colcon_core.package_identification:_identify(src/pcl_msgs) by extensions ['colcon_pkg']
[1.756s] Level 1:colcon.colcon_core.package_identification:_identify(src/pcl_msgs) by extension 'colcon_pkg'
[1.756s] Level 1:colcon.colcon_core.package_identification:_identify(src/pcl_msgs) by extensions ['colcon_meta']
[1.757s] Level 1:colcon.colcon_core.package_identification:_identify(src/pcl_msgs) by extension 'colcon_meta'
[1.757s] Level 1:colcon.colcon_core.package_identification:_identify(src/pcl_msgs) by extensions ['ros']
[1.757s] Level 1:colcon.colcon_core.package_identification:_identify(src/pcl_msgs) by extension 'ros'
[1.757s] DEBUG:colcon.colcon_core.package_identification:Package 'src/pcl_msgs' with type 'ros.ament_cmake' and name 'pcl_msgs'
[1.758s] Level 1:colcon.colcon_core.package_identification:_identify(src/perception_pcl) by extensions ['ignore', 'ignore_ament_install']
[1.758s] Level 1:colcon.colcon_core.package_identification:_identify(src/perception_pcl) by extension 'ignore'
[1.758s] Level 1:colcon.colcon_core.package_identification:_identify(src/perception_pcl) by extension 'ignore_ament_install'
[1.758s] Level 1:colcon.colcon_core.package_identification:_identify(src/perception_pcl) by extensions ['colcon_pkg']
[1.758s] Level 1:colcon.colcon_core.package_identification:_identify(src/perception_pcl) by extension 'colcon_pkg'
[1.758s] Level 1:colcon.colcon_core.package_identification:_identify(src/perception_pcl) by extensions ['colcon_meta']
[1.758s] Level 1:colcon.colcon_core.package_identification:_identify(src/perception_pcl) by extension 'colcon_meta'
[1.758s] Level 1:colcon.colcon_core.package_identification:_identify(src/perception_pcl) by extensions ['ros']
[1.758s] Level 1:colcon.colcon_core.package_identification:_identify(src/perception_pcl) by extension 'ros'
[1.758s] Level 1:colcon.colcon_core.package_identification:_identify(src/perception_pcl) by extensions ['cmake', 'python']
[1.758s] Level 1:colcon.colcon_core.package_identification:_identify(src/perception_pcl) by extension 'cmake'
[1.758s] Level 1:colcon.colcon_core.package_identification:_identify(src/perception_pcl) by extension 'python'
[1.758s] Level 1:colcon.colcon_core.package_identification:_identify(src/perception_pcl) by extensions ['python_setup_py']
[1.758s] Level 1:colcon.colcon_core.package_identification:_identify(src/perception_pcl) by extension 'python_setup_py'
[1.759s] Level 1:colcon.colcon_core.package_identification:_identify(src/perception_pcl/pcl_conversions) by extensions ['ignore', 'ignore_ament_install']
[1.759s] Level 1:colcon.colcon_core.package_identification:_identify(src/perception_pcl/pcl_conversions) by extension 'ignore'
[1.759s] Level 1:colcon.colcon_core.package_identification:_identify(src/perception_pcl/pcl_conversions) by extension 'ignore_ament_install'
[1.759s] Level 1:colcon.colcon_core.package_identification:_identify(src/perception_pcl/pcl_conversions) by extensions ['colcon_pkg']
[1.759s] Level 1:colcon.colcon_core.package_identification:_identify(src/perception_pcl/pcl_conversions) by extension 'colcon_pkg'
[1.759s] Level 1:colcon.colcon_core.package_identification:_identify(src/perception_pcl/pcl_conversions) by extensions ['colcon_meta']
[1.759s] Level 1:colcon.colcon_core.package_identification:_identify(src/perception_pcl/pcl_conversions) by extension 'colcon_meta'
[1.759s] Level 1:colcon.colcon_core.package_identification:_identify(src/perception_pcl/pcl_conversions) by extensions ['ros']
[1.759s] Level 1:colcon.colcon_core.package_identification:_identify(src/perception_pcl/pcl_conversions) by extension 'ros'
[1.760s] DEBUG:colcon.colcon_core.package_identification:Package 'src/perception_pcl/pcl_conversions' with type 'ros.ament_cmake' and name 'pcl_conversions'
[1.761s] Level 1:colcon.colcon_core.package_identification:_identify(src/perception_pcl/pcl_ros) by extensions ['ignore', 'ignore_ament_install']
[1.761s] Level 1:colcon.colcon_core.package_identification:_identify(src/perception_pcl/pcl_ros) by extension 'ignore'
[1.761s] Level 1:colcon.colcon_core.package_identification:_identify(src/perception_pcl/pcl_ros) by extension 'ignore_ament_install'
[1.761s] Level 1:colcon.colcon_core.package_identification:_identify(src/perception_pcl/pcl_ros) by extensions ['colcon_pkg']
[1.761s] Level 1:colcon.colcon_core.package_identification:_identify(src/perception_pcl/pcl_ros) by extension 'colcon_pkg'
[1.761s] Level 1:colcon.colcon_core.package_identification:_identify(src/perception_pcl/pcl_ros) by extensions ['colcon_meta']
[1.761s] Level 1:colcon.colcon_core.package_identification:_identify(src/perception_pcl/pcl_ros) by extension 'colcon_meta'
[1.761s] Level 1:colcon.colcon_core.package_identification:_identify(src/perception_pcl/pcl_ros) by extensions ['ros']
[1.761s] Level 1:colcon.colcon_core.package_identification:_identify(src/perception_pcl/pcl_ros) by extension 'ros'
[1.763s] DEBUG:colcon.colcon_core.package_identification:Package 'src/perception_pcl/pcl_ros' with type 'ros.ament_cmake' and name 'pcl_ros'
[1.763s] Level 1:colcon.colcon_core.package_identification:_identify(src/perception_pcl/perception_pcl) by extensions ['ignore', 'ignore_ament_install']
[1.763s] Level 1:colcon.colcon_core.package_identification:_identify(src/perception_pcl/perception_pcl) by extension 'ignore'
[1.763s] Level 1:colcon.colcon_core.package_identification:_identify(src/perception_pcl/perception_pcl) by extension 'ignore_ament_install'
[1.763s] Level 1:colcon.colcon_core.package_identification:_identify(src/perception_pcl/perception_pcl) by extensions ['colcon_pkg']
[1.763s] Level 1:colcon.colcon_core.package_identification:_identify(src/perception_pcl/perception_pcl) by extension 'colcon_pkg'
[1.764s] Level 1:colcon.colcon_core.package_identification:_identify(src/perception_pcl/perception_pcl) by extensions ['colcon_meta']
[1.764s] Level 1:colcon.colcon_core.package_identification:_identify(src/perception_pcl/perception_pcl) by extension 'colcon_meta'
[1.764s] Level 1:colcon.colcon_core.package_identification:_identify(src/perception_pcl/perception_pcl) by extensions ['ros']
[1.764s] Level 1:colcon.colcon_core.package_identification:_identify(src/perception_pcl/perception_pcl) by extension 'ros'
[1.764s] DEBUG:colcon.colcon_core.package_identification:Package 'src/perception_pcl/perception_pcl' with type 'ros.ament_cmake' and name 'perception_pcl'
[1.765s] Level 1:colcon.colcon_core.package_identification:_identify(src/ros2_ouster_drivers) by extensions ['ignore', 'ignore_ament_install']
[1.765s] Level 1:colcon.colcon_core.package_identification:_identify(src/ros2_ouster_drivers) by extension 'ignore'
[1.765s] Level 1:colcon.colcon_core.package_identification:_identify(src/ros2_ouster_drivers) by extension 'ignore_ament_install'
[1.765s] Level 1:colcon.colcon_core.package_identification:_identify(src/ros2_ouster_drivers) by extensions ['colcon_pkg']
[1.765s] Level 1:colcon.colcon_core.package_identification:_identify(src/ros2_ouster_drivers) by extension 'colcon_pkg'
[1.765s] Level 1:colcon.colcon_core.package_identification:_identify(src/ros2_ouster_drivers) by extensions ['colcon_meta']
[1.765s] Level 1:colcon.colcon_core.package_identification:_identify(src/ros2_ouster_drivers) by extension 'colcon_meta'
[1.765s] Level 1:colcon.colcon_core.package_identification:_identify(src/ros2_ouster_drivers) by extensions ['ros']
[1.765s] Level 1:colcon.colcon_core.package_identification:_identify(src/ros2_ouster_drivers) by extension 'ros'
[1.765s] Level 1:colcon.colcon_core.package_identification:_identify(src/ros2_ouster_drivers) by extensions ['cmake', 'python']
[1.765s] Level 1:colcon.colcon_core.package_identification:_identify(src/ros2_ouster_drivers) by extension 'cmake'
[1.765s] Level 1:colcon.colcon_core.package_identification:_identify(src/ros2_ouster_drivers) by extension 'python'
[1.765s] Level 1:colcon.colcon_core.package_identification:_identify(src/ros2_ouster_drivers) by extensions ['python_setup_py']
[1.765s] Level 1:colcon.colcon_core.package_identification:_identify(src/ros2_ouster_drivers) by extension 'python_setup_py'
[1.766s] Level 1:colcon.colcon_core.package_identification:_identify(src/ros2_ouster_drivers/build) by extensions ['ignore', 'ignore_ament_install']
[1.766s] Level 1:colcon.colcon_core.package_identification:_identify(src/ros2_ouster_drivers/build) by extension 'ignore'
[1.766s] Level 1:colcon.colcon_core.package_identification:_identify(src/ros2_ouster_drivers/build) by extension 'ignore_ament_install'
[1.766s] Level 1:colcon.colcon_core.package_identification:_identify(src/ros2_ouster_drivers/build) by extensions ['colcon_pkg']
[1.766s] Level 1:colcon.colcon_core.package_identification:_identify(src/ros2_ouster_drivers/build) by extension 'colcon_pkg'
[1.766s] Level 1:colcon.colcon_core.package_identification:_identify(src/ros2_ouster_drivers/build) by extensions ['colcon_meta']
[1.766s] Level 1:colcon.colcon_core.package_identification:_identify(src/ros2_ouster_drivers/build) by extension 'colcon_meta'
[1.766s] Level 1:colcon.colcon_core.package_identification:_identify(src/ros2_ouster_drivers/build) by extensions ['ros']
[1.766s] Level 1:colcon.colcon_core.package_identification:_identify(src/ros2_ouster_drivers/build) by extension 'ros'
[1.766s] Level 1:colcon.colcon_core.package_identification:_identify(src/ros2_ouster_drivers/build) by extensions ['cmake', 'python']
[1.766s] Level 1:colcon.colcon_core.package_identification:_identify(src/ros2_ouster_drivers/build) by extension 'cmake'
[1.766s] Level 1:colcon.colcon_core.package_identification:_identify(src/ros2_ouster_drivers/build) by extension 'python'
[1.766s] Level 1:colcon.colcon_core.package_identification:_identify(src/ros2_ouster_drivers/build) by extensions ['python_setup_py']
[1.766s] Level 1:colcon.colcon_core.package_identification:_identify(src/ros2_ouster_drivers/build) by extension 'python_setup_py'
[1.766s] Level 1:colcon.colcon_core.package_identification:_identify(src/ros2_ouster_drivers/build/CMakeFiles) by extensions ['ignore', 'ignore_ament_install']
[1.767s] Level 1:colcon.colcon_core.package_identification:_identify(src/ros2_ouster_drivers/build/CMakeFiles) by extension 'ignore'
[1.767s] Level 1:colcon.colcon_core.package_identification:_identify(src/ros2_ouster_drivers/build/CMakeFiles) by extension 'ignore_ament_install'
[1.767s] Level 1:colcon.colcon_core.package_identification:_identify(src/ros2_ouster_drivers/build/CMakeFiles) by extensions ['colcon_pkg']
[1.767s] Level 1:colcon.colcon_core.package_identification:_identify(src/ros2_ouster_drivers/build/CMakeFiles) by extension 'colcon_pkg'
[1.767s] Level 1:colcon.colcon_core.package_identification:_identify(src/ros2_ouster_drivers/build/CMakeFiles) by extensions ['colcon_meta']
[1.767s] Level 1:colcon.colcon_core.package_identification:_identify(src/ros2_ouster_drivers/build/CMakeFiles) by extension 'colcon_meta'
[1.767s] Level 1:colcon.colcon_core.package_identification:_identify(src/ros2_ouster_drivers/build/CMakeFiles) by extensions ['ros']
[1.767s] Level 1:colcon.colcon_core.package_identification:_identify(src/ros2_ouster_drivers/build/CMakeFiles) by extension 'ros'
[1.767s] Level 1:colcon.colcon_core.package_identification:_identify(src/ros2_ouster_drivers/build/CMakeFiles) by extensions ['cmake', 'python']
[1.767s] Level 1:colcon.colcon_core.package_identification:_identify(src/ros2_ouster_drivers/build/CMakeFiles) by extension 'cmake'
[1.767s] Level 1:colcon.colcon_core.package_identification:_identify(src/ros2_ouster_drivers/build/CMakeFiles) by extension 'python'
[1.767s] Level 1:colcon.colcon_core.package_identification:_identify(src/ros2_ouster_drivers/build/CMakeFiles) by extensions ['python_setup_py']
[1.767s] Level 1:colcon.colcon_core.package_identification:_identify(src/ros2_ouster_drivers/build/CMakeFiles) by extension 'python_setup_py'
[1.767s] Level 1:colcon.colcon_core.package_identification:_identify(src/ros2_ouster_drivers/build/CMakeFiles/3.27.6) by extensions ['ignore', 'ignore_ament_install']
[1.768s] Level 1:colcon.colcon_core.package_identification:_identify(src/ros2_ouster_drivers/build/CMakeFiles/3.27.6) by extension 'ignore'
[1.768s] Level 1:colcon.colcon_core.package_identification:_identify(src/ros2_ouster_drivers/build/CMakeFiles/3.27.6) by extension 'ignore_ament_install'
[1.768s] Level 1:colcon.colcon_core.package_identification:_identify(src/ros2_ouster_drivers/build/CMakeFiles/3.27.6) by extensions ['colcon_pkg']
[1.768s] Level 1:colcon.colcon_core.package_identification:_identify(src/ros2_ouster_drivers/build/CMakeFiles/3.27.6) by extension 'colcon_pkg'
[1.768s] Level 1:colcon.colcon_core.package_identification:_identify(src/ros2_ouster_drivers/build/CMakeFiles/3.27.6) by extensions ['colcon_meta']
[1.768s] Level 1:colcon.colcon_core.package_identification:_identify(src/ros2_ouster_drivers/build/CMakeFiles/3.27.6) by extension 'colcon_meta'
[1.768s] Level 1:colcon.colcon_core.package_identification:_identify(src/ros2_ouster_drivers/build/CMakeFiles/3.27.6) by extensions ['ros']
[1.768s] Level 1:colcon.colcon_core.package_identification:_identify(src/ros2_ouster_drivers/build/CMakeFiles/3.27.6) by extension 'ros'
[1.768s] Level 1:colcon.colcon_core.package_identification:_identify(src/ros2_ouster_drivers/build/CMakeFiles/3.27.6) by extensions ['cmake', 'python']
[1.768s] Level 1:colcon.colcon_core.package_identification:_identify(src/ros2_ouster_drivers/build/CMakeFiles/3.27.6) by extension 'cmake'
[1.768s] Level 1:colcon.colcon_core.package_identification:_identify(src/ros2_ouster_drivers/build/CMakeFiles/3.27.6) by extension 'python'
[1.768s] Level 1:colcon.colcon_core.package_identification:_identify(src/ros2_ouster_drivers/build/CMakeFiles/3.27.6) by extensions ['python_setup_py']
[1.768s] Level 1:colcon.colcon_core.package_identification:_identify(src/ros2_ouster_drivers/build/CMakeFiles/3.27.6) by extension 'python_setup_py'
[1.768s] Level 1:colcon.colcon_core.package_identification:_identify(src/ros2_ouster_drivers/build/CMakeFiles/3.27.6/CompilerIdC) by extensions ['ignore', 'ignore_ament_install']
[1.769s] Level 1:colcon.colcon_core.package_identification:_identify(src/ros2_ouster_drivers/build/CMakeFiles/3.27.6/CompilerIdC) by extension 'ignore'
[1.769s] Level 1:colcon.colcon_core.package_identification:_identify(src/ros2_ouster_drivers/build/CMakeFiles/3.27.6/CompilerIdC) by extension 'ignore_ament_install'
[1.769s] Level 1:colcon.colcon_core.package_identification:_identify(src/ros2_ouster_drivers/build/CMakeFiles/3.27.6/CompilerIdC) by extensions ['colcon_pkg']
[1.769s] Level 1:colcon.colcon_core.package_identification:_identify(src/ros2_ouster_drivers/build/CMakeFiles/3.27.6/CompilerIdC) by extension 'colcon_pkg'
[1.769s] Level 1:colcon.colcon_core.package_identification:_identify(src/ros2_ouster_drivers/build/CMakeFiles/3.27.6/CompilerIdC) by extensions ['colcon_meta']
[1.769s] Level 1:colcon.colcon_core.package_identification:_identify(src/ros2_ouster_drivers/build/CMakeFiles/3.27.6/CompilerIdC) by extension 'colcon_meta'
[1.769s] Level 1:colcon.colcon_core.package_identification:_identify(src/ros2_ouster_drivers/build/CMakeFiles/3.27.6/CompilerIdC) by extensions ['ros']
[1.769s] Level 1:colcon.colcon_core.package_identification:_identify(src/ros2_ouster_drivers/build/CMakeFiles/3.27.6/CompilerIdC) by extension 'ros'
[1.769s] Level 1:colcon.colcon_core.package_identification:_identify(src/ros2_ouster_drivers/build/CMakeFiles/3.27.6/CompilerIdC) by extensions ['cmake', 'python']
[1.769s] Level 1:colcon.colcon_core.package_identification:_identify(src/ros2_ouster_drivers/build/CMakeFiles/3.27.6/CompilerIdC) by extension 'cmake'
[1.769s] Level 1:colcon.colcon_core.package_identification:_identify(src/ros2_ouster_drivers/build/CMakeFiles/3.27.6/CompilerIdC) by extension 'python'
[1.769s] Level 1:colcon.colcon_core.package_identification:_identify(src/ros2_ouster_drivers/build/CMakeFiles/3.27.6/CompilerIdC) by extensions ['python_setup_py']
[1.769s] Level 1:colcon.colcon_core.package_identification:_identify(src/ros2_ouster_drivers/build/CMakeFiles/3.27.6/CompilerIdC) by extension 'python_setup_py'
[1.769s] Level 1:colcon.colcon_core.package_identification:_identify(src/ros2_ouster_drivers/build/CMakeFiles/3.27.6/CompilerIdC/tmp) by extensions ['ignore', 'ignore_ament_install']
[1.769s] Level 1:colcon.colcon_core.package_identification:_identify(src/ros2_ouster_drivers/build/CMakeFiles/3.27.6/CompilerIdC/tmp) by extension 'ignore'
[1.770s] Level 1:colcon.colcon_core.package_identification:_identify(src/ros2_ouster_drivers/build/CMakeFiles/3.27.6/CompilerIdC/tmp) by extension 'ignore_ament_install'
[1.770s] Level 1:colcon.colcon_core.package_identification:_identify(src/ros2_ouster_drivers/build/CMakeFiles/3.27.6/CompilerIdC/tmp) by extensions ['colcon_pkg']
[1.770s] Level 1:colcon.colcon_core.package_identification:_identify(src/ros2_ouster_drivers/build/CMakeFiles/3.27.6/CompilerIdC/tmp) by extension 'colcon_pkg'
[1.770s] Level 1:colcon.colcon_core.package_identification:_identify(src/ros2_ouster_drivers/build/CMakeFiles/3.27.6/CompilerIdC/tmp) by extensions ['colcon_meta']
[1.770s] Level 1:colcon.colcon_core.package_identification:_identify(src/ros2_ouster_drivers/build/CMakeFiles/3.27.6/CompilerIdC/tmp) by extension 'colcon_meta'
[1.770s] Level 1:colcon.colcon_core.package_identification:_identify(src/ros2_ouster_drivers/build/CMakeFiles/3.27.6/CompilerIdC/tmp) by extensions ['ros']
[1.770s] Level 1:colcon.colcon_core.package_identification:_identify(src/ros2_ouster_drivers/build/CMakeFiles/3.27.6/CompilerIdC/tmp) by extension 'ros'
[1.770s] Level 1:colcon.colcon_core.package_identification:_identify(src/ros2_ouster_drivers/build/CMakeFiles/3.27.6/CompilerIdC/tmp) by extensions ['cmake', 'python']
[1.770s] Level 1:colcon.colcon_core.package_identification:_identify(src/ros2_ouster_drivers/build/CMakeFiles/3.27.6/CompilerIdC/tmp) by extension 'cmake'
[1.770s] Level 1:colcon.colcon_core.package_identification:_identify(src/ros2_ouster_drivers/build/CMakeFiles/3.27.6/CompilerIdC/tmp) by extension 'python'
[1.770s] Level 1:colcon.colcon_core.package_identification:_identify(src/ros2_ouster_drivers/build/CMakeFiles/3.27.6/CompilerIdC/tmp) by extensions ['python_setup_py']
[1.770s] Level 1:colcon.colcon_core.package_identification:_identify(src/ros2_ouster_drivers/build/CMakeFiles/3.27.6/CompilerIdC/tmp) by extension 'python_setup_py'
[1.770s] Level 1:colcon.colcon_core.package_identification:_identify(src/ros2_ouster_drivers/build/CMakeFiles/3.27.6/CompilerIdCXX) by extensions ['ignore', 'ignore_ament_install']
[1.770s] Level 1:colcon.colcon_core.package_identification:_identify(src/ros2_ouster_drivers/build/CMakeFiles/3.27.6/CompilerIdCXX) by extension 'ignore'
[1.770s] Level 1:colcon.colcon_core.package_identification:_identify(src/ros2_ouster_drivers/build/CMakeFiles/3.27.6/CompilerIdCXX) by extension 'ignore_ament_install'
[1.771s] Level 1:colcon.colcon_core.package_identification:_identify(src/ros2_ouster_drivers/build/CMakeFiles/3.27.6/CompilerIdCXX) by extensions ['colcon_pkg']
[1.771s] Level 1:colcon.colcon_core.package_identification:_identify(src/ros2_ouster_drivers/build/CMakeFiles/3.27.6/CompilerIdCXX) by extension 'colcon_pkg'
[1.771s] Level 1:colcon.colcon_core.package_identification:_identify(src/ros2_ouster_drivers/build/CMakeFiles/3.27.6/CompilerIdCXX) by extensions ['colcon_meta']
[1.771s] Level 1:colcon.colcon_core.package_identification:_identify(src/ros2_ouster_drivers/build/CMakeFiles/3.27.6/CompilerIdCXX) by extension 'colcon_meta'
[1.771s] Level 1:colcon.colcon_core.package_identification:_identify(src/ros2_ouster_drivers/build/CMakeFiles/3.27.6/CompilerIdCXX) by extensions ['ros']
[1.771s] Level 1:colcon.colcon_core.package_identification:_identify(src/ros2_ouster_drivers/build/CMakeFiles/3.27.6/CompilerIdCXX) by extension 'ros'
[1.771s] Level 1:colcon.colcon_core.package_identification:_identify(src/ros2_ouster_drivers/build/CMakeFiles/3.27.6/CompilerIdCXX) by extensions ['cmake', 'python']
[1.771s] Level 1:colcon.colcon_core.package_identification:_identify(src/ros2_ouster_drivers/build/CMakeFiles/3.27.6/CompilerIdCXX) by extension 'cmake'
[1.771s] Level 1:colcon.colcon_core.package_identification:_identify(src/ros2_ouster_drivers/build/CMakeFiles/3.27.6/CompilerIdCXX) by extension 'python'
[1.771s] Level 1:colcon.colcon_core.package_identification:_identify(src/ros2_ouster_drivers/build/CMakeFiles/3.27.6/CompilerIdCXX) by extensions ['python_setup_py']
[1.771s] Level 1:colcon.colcon_core.package_identification:_identify(src/ros2_ouster_drivers/build/CMakeFiles/3.27.6/CompilerIdCXX) by extension 'python_setup_py'
[1.771s] Level 1:colcon.colcon_core.package_identification:_identify(src/ros2_ouster_drivers/build/CMakeFiles/3.27.6/CompilerIdCXX/tmp) by extensions ['ignore', 'ignore_ament_install']
[1.771s] Level 1:colcon.colcon_core.package_identification:_identify(src/ros2_ouster_drivers/build/CMakeFiles/3.27.6/CompilerIdCXX/tmp) by extension 'ignore'
[1.771s] Level 1:colcon.colcon_core.package_identification:_identify(src/ros2_ouster_drivers/build/CMakeFiles/3.27.6/CompilerIdCXX/tmp) by extension 'ignore_ament_install'
[1.772s] Level 1:colcon.colcon_core.package_identification:_identify(src/ros2_ouster_drivers/build/CMakeFiles/3.27.6/CompilerIdCXX/tmp) by extensions ['colcon_pkg']
[1.772s] Level 1:colcon.colcon_core.package_identification:_identify(src/ros2_ouster_drivers/build/CMakeFiles/3.27.6/CompilerIdCXX/tmp) by extension 'colcon_pkg'
[1.772s] Level 1:colcon.colcon_core.package_identification:_identify(src/ros2_ouster_drivers/build/CMakeFiles/3.27.6/CompilerIdCXX/tmp) by extensions ['colcon_meta']
[1.772s] Level 1:colcon.colcon_core.package_identification:_identify(src/ros2_ouster_drivers/build/CMakeFiles/3.27.6/CompilerIdCXX/tmp) by extension 'colcon_meta'
[1.772s] Level 1:colcon.colcon_core.package_identification:_identify(src/ros2_ouster_drivers/build/CMakeFiles/3.27.6/CompilerIdCXX/tmp) by extensions ['ros']
[1.772s] Level 1:colcon.colcon_core.package_identification:_identify(src/ros2_ouster_drivers/build/CMakeFiles/3.27.6/CompilerIdCXX/tmp) by extension 'ros'
[1.772s] Level 1:colcon.colcon_core.package_identification:_identify(src/ros2_ouster_drivers/build/CMakeFiles/3.27.6/CompilerIdCXX/tmp) by extensions ['cmake', 'python']
[1.772s] Level 1:colcon.colcon_core.package_identification:_identify(src/ros2_ouster_drivers/build/CMakeFiles/3.27.6/CompilerIdCXX/tmp) by extension 'cmake'
[1.772s] Level 1:colcon.colcon_core.package_identification:_identify(src/ros2_ouster_drivers/build/CMakeFiles/3.27.6/CompilerIdCXX/tmp) by extension 'python'
[1.772s] Level 1:colcon.colcon_core.package_identification:_identify(src/ros2_ouster_drivers/build/CMakeFiles/3.27.6/CompilerIdCXX/tmp) by extensions ['python_setup_py']
[1.772s] Level 1:colcon.colcon_core.package_identification:_identify(src/ros2_ouster_drivers/build/CMakeFiles/3.27.6/CompilerIdCXX/tmp) by extension 'python_setup_py'
[1.772s] Level 1:colcon.colcon_core.package_identification:_identify(src/ros2_ouster_drivers/build/CMakeFiles/pkgRedirects) by extensions ['ignore', 'ignore_ament_install']
[1.772s] Level 1:colcon.colcon_core.package_identification:_identify(src/ros2_ouster_drivers/build/CMakeFiles/pkgRedirects) by extension 'ignore'
[1.772s] Level 1:colcon.colcon_core.package_identification:_identify(src/ros2_ouster_drivers/build/CMakeFiles/pkgRedirects) by extension 'ignore_ament_install'
[1.772s] Level 1:colcon.colcon_core.package_identification:_identify(src/ros2_ouster_drivers/build/CMakeFiles/pkgRedirects) by extensions ['colcon_pkg']
[1.772s] Level 1:colcon.colcon_core.package_identification:_identify(src/ros2_ouster_drivers/build/CMakeFiles/pkgRedirects) by extension 'colcon_pkg'
[1.773s] Level 1:colcon.colcon_core.package_identification:_identify(src/ros2_ouster_drivers/build/CMakeFiles/pkgRedirects) by extensions ['colcon_meta']
[1.773s] Level 1:colcon.colcon_core.package_identification:_identify(src/ros2_ouster_drivers/build/CMakeFiles/pkgRedirects) by extension 'colcon_meta'
[1.773s] Level 1:colcon.colcon_core.package_identification:_identify(src/ros2_ouster_drivers/build/CMakeFiles/pkgRedirects) by extensions ['ros']
[1.773s] Level 1:colcon.colcon_core.package_identification:_identify(src/ros2_ouster_drivers/build/CMakeFiles/pkgRedirects) by extension 'ros'
[1.773s] Level 1:colcon.colcon_core.package_identification:_identify(src/ros2_ouster_drivers/build/CMakeFiles/pkgRedirects) by extensions ['cmake', 'python']
[1.773s] Level 1:colcon.colcon_core.package_identification:_identify(src/ros2_ouster_drivers/build/CMakeFiles/pkgRedirects) by extension 'cmake'
[1.773s] Level 1:colcon.colcon_core.package_identification:_identify(src/ros2_ouster_drivers/build/CMakeFiles/pkgRedirects) by extension 'python'
[1.773s] Level 1:colcon.colcon_core.package_identification:_identify(src/ros2_ouster_drivers/build/CMakeFiles/pkgRedirects) by extensions ['python_setup_py']
[1.773s] Level 1:colcon.colcon_core.package_identification:_identify(src/ros2_ouster_drivers/build/CMakeFiles/pkgRedirects) by extension 'python_setup_py'
[1.773s] Level 1:colcon.colcon_core.package_identification:_identify(src/ros2_ouster_drivers/build/ament_cmake_core) by extensions ['ignore', 'ignore_ament_install']
[1.773s] Level 1:colcon.colcon_core.package_identification:_identify(src/ros2_ouster_drivers/build/ament_cmake_core) by extension 'ignore'
[1.773s] Level 1:colcon.colcon_core.package_identification:_identify(src/ros2_ouster_drivers/build/ament_cmake_core) by extension 'ignore_ament_install'
[1.773s] Level 1:colcon.colcon_core.package_identification:_identify(src/ros2_ouster_drivers/build/ament_cmake_core) by extensions ['colcon_pkg']
[1.773s] Level 1:colcon.colcon_core.package_identification:_identify(src/ros2_ouster_drivers/build/ament_cmake_core) by extension 'colcon_pkg'
[1.773s] Level 1:colcon.colcon_core.package_identification:_identify(src/ros2_ouster_drivers/build/ament_cmake_core) by extensions ['colcon_meta']
[1.774s] Level 1:colcon.colcon_core.package_identification:_identify(src/ros2_ouster_drivers/build/ament_cmake_core) by extension 'colcon_meta'
[1.774s] Level 1:colcon.colcon_core.package_identification:_identify(src/ros2_ouster_drivers/build/ament_cmake_core) by extensions ['ros']
[1.774s] Level 1:colcon.colcon_core.package_identification:_identify(src/ros2_ouster_drivers/build/ament_cmake_core) by extension 'ros'
[1.774s] Level 1:colcon.colcon_core.package_identification:_identify(src/ros2_ouster_drivers/build/ament_cmake_core) by extensions ['cmake', 'python']
[1.774s] Level 1:colcon.colcon_core.package_identification:_identify(src/ros2_ouster_drivers/build/ament_cmake_core) by extension 'cmake'
[1.774s] Level 1:colcon.colcon_core.package_identification:_identify(src/ros2_ouster_drivers/build/ament_cmake_core) by extension 'python'
[1.774s] Level 1:colcon.colcon_core.package_identification:_identify(src/ros2_ouster_drivers/build/ament_cmake_core) by extensions ['python_setup_py']
[1.774s] Level 1:colcon.colcon_core.package_identification:_identify(src/ros2_ouster_drivers/build/ament_cmake_core) by extension 'python_setup_py'
[1.774s] Level 1:colcon.colcon_core.package_identification:_identify(src/ros2_ouster_drivers/build/ament_cmake_core/stamps) by extensions ['ignore', 'ignore_ament_install']
[1.774s] Level 1:colcon.colcon_core.package_identification:_identify(src/ros2_ouster_drivers/build/ament_cmake_core/stamps) by extension 'ignore'
[1.774s] Level 1:colcon.colcon_core.package_identification:_identify(src/ros2_ouster_drivers/build/ament_cmake_core/stamps) by extension 'ignore_ament_install'
[1.775s] Level 1:colcon.colcon_core.package_identification:_identify(src/ros2_ouster_drivers/build/ament_cmake_core/stamps) by extensions ['colcon_pkg']
[1.775s] Level 1:colcon.colcon_core.package_identification:_identify(src/ros2_ouster_drivers/build/ament_cmake_core/stamps) by extension 'colcon_pkg'
[1.775s] Level 1:colcon.colcon_core.package_identification:_identify(src/ros2_ouster_drivers/build/ament_cmake_core/stamps) by extensions ['colcon_meta']
[1.775s] Level 1:colcon.colcon_core.package_identification:_identify(src/ros2_ouster_drivers/build/ament_cmake_core/stamps) by extension 'colcon_meta'
[1.775s] Level 1:colcon.colcon_core.package_identification:_identify(src/ros2_ouster_drivers/build/ament_cmake_core/stamps) by extensions ['ros']
[1.775s] Level 1:colcon.colcon_core.package_identification:_identify(src/ros2_ouster_drivers/build/ament_cmake_core/stamps) by extension 'ros'
[1.775s] Level 1:colcon.colcon_core.package_identification:_identify(src/ros2_ouster_drivers/build/ament_cmake_core/stamps) by extensions ['cmake', 'python']
[1.775s] Level 1:colcon.colcon_core.package_identification:_identify(src/ros2_ouster_drivers/build/ament_cmake_core/stamps) by extension 'cmake'
[1.775s] Level 1:colcon.colcon_core.package_identification:_identify(src/ros2_ouster_drivers/build/ament_cmake_core/stamps) by extension 'python'
[1.775s] Level 1:colcon.colcon_core.package_identification:_identify(src/ros2_ouster_drivers/build/ament_cmake_core/stamps) by extensions ['python_setup_py']
[1.775s] Level 1:colcon.colcon_core.package_identification:_identify(src/ros2_ouster_drivers/build/ament_cmake_core/stamps) by extension 'python_setup_py'
[1.776s] Level 1:colcon.colcon_core.package_identification:_identify(src/ros2_ouster_drivers/build/ament_cmake_package_templates) by extensions ['ignore', 'ignore_ament_install']
[1.776s] Level 1:colcon.colcon_core.package_identification:_identify(src/ros2_ouster_drivers/build/ament_cmake_package_templates) by extension 'ignore'
[1.776s] Level 1:colcon.colcon_core.package_identification:_identify(src/ros2_ouster_drivers/build/ament_cmake_package_templates) by extension 'ignore_ament_install'
[1.776s] Level 1:colcon.colcon_core.package_identification:_identify(src/ros2_ouster_drivers/build/ament_cmake_package_templates) by extensions ['colcon_pkg']
[1.776s] Level 1:colcon.colcon_core.package_identification:_identify(src/ros2_ouster_drivers/build/ament_cmake_package_templates) by extension 'colcon_pkg'
[1.776s] Level 1:colcon.colcon_core.package_identification:_identify(src/ros2_ouster_drivers/build/ament_cmake_package_templates) by extensions ['colcon_meta']
[1.776s] Level 1:colcon.colcon_core.package_identification:_identify(src/ros2_ouster_drivers/build/ament_cmake_package_templates) by extension 'colcon_meta'
[1.776s] Level 1:colcon.colcon_core.package_identification:_identify(src/ros2_ouster_drivers/build/ament_cmake_package_templates) by extensions ['ros']
[1.776s] Level 1:colcon.colcon_core.package_identification:_identify(src/ros2_ouster_drivers/build/ament_cmake_package_templates) by extension 'ros'
[1.776s] Level 1:colcon.colcon_core.package_identification:_identify(src/ros2_ouster_drivers/build/ament_cmake_package_templates) by extensions ['cmake', 'python']
[1.776s] Level 1:colcon.colcon_core.package_identification:_identify(src/ros2_ouster_drivers/build/ament_cmake_package_templates) by extension 'cmake'
[1.776s] Level 1:colcon.colcon_core.package_identification:_identify(src/ros2_ouster_drivers/build/ament_cmake_package_templates) by extension 'python'
[1.776s] Level 1:colcon.colcon_core.package_identification:_identify(src/ros2_ouster_drivers/build/ament_cmake_package_templates) by extensions ['python_setup_py']
[1.776s] Level 1:colcon.colcon_core.package_identification:_identify(src/ros2_ouster_drivers/build/ament_cmake_package_templates) by extension 'python_setup_py'
[1.776s] Level 1:colcon.colcon_core.package_identification:_identify(src/ros2_ouster_drivers/build/ament_cmake_uninstall_target) by extensions ['ignore', 'ignore_ament_install']
[1.777s] Level 1:colcon.colcon_core.package_identification:_identify(src/ros2_ouster_drivers/build/ament_cmake_uninstall_target) by extension 'ignore'
[1.777s] Level 1:colcon.colcon_core.package_identification:_identify(src/ros2_ouster_drivers/build/ament_cmake_uninstall_target) by extension 'ignore_ament_install'
[1.777s] Level 1:colcon.colcon_core.package_identification:_identify(src/ros2_ouster_drivers/build/ament_cmake_uninstall_target) by extensions ['colcon_pkg']
[1.777s] Level 1:colcon.colcon_core.package_identification:_identify(src/ros2_ouster_drivers/build/ament_cmake_uninstall_target) by extension 'colcon_pkg'
[1.777s] Level 1:colcon.colcon_core.package_identification:_identify(src/ros2_ouster_drivers/build/ament_cmake_uninstall_target) by extensions ['colcon_meta']
[1.777s] Level 1:colcon.colcon_core.package_identification:_identify(src/ros2_ouster_drivers/build/ament_cmake_uninstall_target) by extension 'colcon_meta'
[1.777s] Level 1:colcon.colcon_core.package_identification:_identify(src/ros2_ouster_drivers/build/ament_cmake_uninstall_target) by extensions ['ros']
[1.777s] Level 1:colcon.colcon_core.package_identification:_identify(src/ros2_ouster_drivers/build/ament_cmake_uninstall_target) by extension 'ros'
[1.777s] Level 1:colcon.colcon_core.package_identification:_identify(src/ros2_ouster_drivers/build/ament_cmake_uninstall_target) by extensions ['cmake', 'python']
[1.777s] Level 1:colcon.colcon_core.package_identification:_identify(src/ros2_ouster_drivers/build/ament_cmake_uninstall_target) by extension 'cmake'
[1.777s] Level 1:colcon.colcon_core.package_identification:_identify(src/ros2_ouster_drivers/build/ament_cmake_uninstall_target) by extension 'python'
[1.777s] Level 1:colcon.colcon_core.package_identification:_identify(src/ros2_ouster_drivers/build/ament_cmake_uninstall_target) by extensions ['python_setup_py']
[1.777s] Level 1:colcon.colcon_core.package_identification:_identify(src/ros2_ouster_drivers/build/ament_cmake_uninstall_target) by extension 'python_setup_py'
[1.777s] Level 1:colcon.colcon_core.package_identification:_identify(src/ros2_ouster_drivers/ouster_msgs) by extensions ['ignore', 'ignore_ament_install']
[1.778s] Level 1:colcon.colcon_core.package_identification:_identify(src/ros2_ouster_drivers/ouster_msgs) by extension 'ignore'
[1.778s] Level 1:colcon.colcon_core.package_identification:_identify(src/ros2_ouster_drivers/ouster_msgs) by extension 'ignore_ament_install'
[1.778s] Level 1:colcon.colcon_core.package_identification:_identify(src/ros2_ouster_drivers/ouster_msgs) by extensions ['colcon_pkg']
[1.778s] Level 1:colcon.colcon_core.package_identification:_identify(src/ros2_ouster_drivers/ouster_msgs) by extension 'colcon_pkg'
[1.778s] Level 1:colcon.colcon_core.package_identification:_identify(src/ros2_ouster_drivers/ouster_msgs) by extensions ['colcon_meta']
[1.778s] Level 1:colcon.colcon_core.package_identification:_identify(src/ros2_ouster_drivers/ouster_msgs) by extension 'colcon_meta'
[1.778s] Level 1:colcon.colcon_core.package_identification:_identify(src/ros2_ouster_drivers/ouster_msgs) by extensions ['ros']
[1.778s] Level 1:colcon.colcon_core.package_identification:_identify(src/ros2_ouster_drivers/ouster_msgs) by extension 'ros'
[1.779s] DEBUG:colcon.colcon_core.package_identification:Package 'src/ros2_ouster_drivers/ouster_msgs' with type 'ros.ament_cmake' and name 'ouster_msgs'
[1.779s] Level 1:colcon.colcon_core.package_identification:_identify(src/ros2_ouster_drivers/ros2_ouster) by extensions ['ignore', 'ignore_ament_install']
[1.779s] Level 1:colcon.colcon_core.package_identification:_identify(src/ros2_ouster_drivers/ros2_ouster) by extension 'ignore'
[1.779s] Level 1:colcon.colcon_core.package_identification:_identify(src/ros2_ouster_drivers/ros2_ouster) by extension 'ignore_ament_install'
[1.779s] Level 1:colcon.colcon_core.package_identification:_identify(src/ros2_ouster_drivers/ros2_ouster) by extensions ['colcon_pkg']
[1.779s] Level 1:colcon.colcon_core.package_identification:_identify(src/ros2_ouster_drivers/ros2_ouster) by extension 'colcon_pkg'
[1.779s] Level 1:colcon.colcon_core.package_identification:_identify(src/ros2_ouster_drivers/ros2_ouster) by extensions ['colcon_meta']
[1.779s] Level 1:colcon.colcon_core.package_identification:_identify(src/ros2_ouster_drivers/ros2_ouster) by extension 'colcon_meta'
[1.780s] Level 1:colcon.colcon_core.package_identification:_identify(src/ros2_ouster_drivers/ros2_ouster) by extensions ['ros']
[1.780s] Level 1:colcon.colcon_core.package_identification:_identify(src/ros2_ouster_drivers/ros2_ouster) by extension 'ros'
[1.782s] DEBUG:colcon.colcon_core.package_identification:Package 'src/ros2_ouster_drivers/ros2_ouster' with type 'ros.ament_cmake' and name 'ros2_ouster'
[1.782s] Level 1:colcon.colcon_core.package_discovery:discover_packages(recursive) using defaults
[1.782s] Level 1:colcon.colcon_core.package_discovery:discover_packages(ignore) discover
[1.782s] Level 1:colcon.colcon_core.package_discovery:discover_packages(ignore) using defaults
[1.782s] Level 1:colcon.colcon_core.package_discovery:discover_packages(path) discover
[1.782s] Level 1:colcon.colcon_core.package_discovery:discover_packages(path) using defaults
[1.911s] Level 5:colcon.colcon_core.verb:set package 'ouster_msgs' build argument 'cmake_args' from command line to 'None'
[1.911s] Level 5:colcon.colcon_core.verb:set package 'ouster_msgs' build argument 'cmake_target' from command line to 'None'
[1.911s] Level 5:colcon.colcon_core.verb:set package 'ouster_msgs' build argument 'cmake_target_skip_unavailable' from command line to 'False'
[1.911s] Level 5:colcon.colcon_core.verb:set package 'ouster_msgs' build argument 'cmake_clean_cache' from command line to 'False'
[1.912s] Level 5:colcon.colcon_core.verb:set package 'ouster_msgs' build argument 'cmake_clean_first' from command line to 'False'
[1.912s] Level 5:colcon.colcon_core.verb:set package 'ouster_msgs' build argument 'cmake_force_configure' from command line to 'False'
[1.912s] Level 5:colcon.colcon_core.verb:set package 'ouster_msgs' build argument 'ament_cmake_args' from command line to 'None'
[1.912s] Level 5:colcon.colcon_core.verb:set package 'ouster_msgs' build argument 'catkin_cmake_args' from command line to 'None'
[1.912s] Level 5:colcon.colcon_core.verb:set package 'ouster_msgs' build argument 'catkin_skip_building_tests' from command line to 'False'
[1.912s] DEBUG:colcon.colcon_core.verb:Building package 'ouster_msgs' with the following arguments: {'ament_cmake_args': None, 'build_base': '/home/brown/Projects/MiningRobot/autonomy/ros2_workspace/build/ouster_msgs', 'catkin_cmake_args': None, 'catkin_skip_building_tests': False, 'cmake_args': None, 'cmake_clean_cache': False, 'cmake_clean_first': False, 'cmake_force_configure': False, 'cmake_target': None, 'cmake_target_skip_unavailable': False, 'install_base': '/home/brown/Projects/MiningRobot/autonomy/ros2_workspace/install/ouster_msgs', 'merge_install': False, 'path': '/home/brown/Projects/MiningRobot/autonomy/ros2_workspace/src/ros2_ouster_drivers/ouster_msgs', 'symlink_install': False, 'test_result_base': None}
[1.936s] Level 5:colcon.colcon_core.verb:set package 'pcl_msgs' build argument 'cmake_args' from command line to 'None'
[1.936s] Level 5:colcon.colcon_core.verb:set package 'pcl_msgs' build argument 'cmake_target' from command line to 'None'
[1.936s] Level 5:colcon.colcon_core.verb:set package 'pcl_msgs' build argument 'cmake_target_skip_unavailable' from command line to 'False'
[1.936s] Level 5:colcon.colcon_core.verb:set package 'pcl_msgs' build argument 'cmake_clean_cache' from command line to 'False'
[1.937s] Level 5:colcon.colcon_core.verb:set package 'pcl_msgs' build argument 'cmake_clean_first' from command line to 'False'
[1.937s] Level 5:colcon.colcon_core.verb:set package 'pcl_msgs' build argument 'cmake_force_configure' from command line to 'False'
[1.937s] Level 5:colcon.colcon_core.verb:set package 'pcl_msgs' build argument 'ament_cmake_args' from command line to 'None'
[1.937s] Level 5:colcon.colcon_core.verb:set package 'pcl_msgs' build argument 'catkin_cmake_args' from command line to 'None'
[1.937s] Level 5:colcon.colcon_core.verb:set package 'pcl_msgs' build argument 'catkin_skip_building_tests' from command line to 'False'
[1.937s] DEBUG:colcon.colcon_core.verb:Building package 'pcl_msgs' with the following arguments: {'ament_cmake_args': None, 'build_base': '/home/brown/Projects/MiningRobot/autonomy/ros2_workspace/build/pcl_msgs', 'catkin_cmake_args': None, 'catkin_skip_building_tests': False, 'cmake_args': None, 'cmake_clean_cache': False, 'cmake_clean_first': False, 'cmake_force_configure': False, 'cmake_target': None, 'cmake_target_skip_unavailable': False, 'install_base': '/home/brown/Projects/MiningRobot/autonomy/ros2_workspace/install/pcl_msgs', 'merge_install': False, 'path': '/home/brown/Projects/MiningRobot/autonomy/ros2_workspace/src/pcl_msgs', 'symlink_install': False, 'test_result_base': None}
[1.961s] Level 5:colcon.colcon_core.verb:set package 'pcl_conversions' build argument 'cmake_args' from command line to 'None'
[1.961s] Level 5:colcon.colcon_core.verb:set package 'pcl_conversions' build argument 'cmake_target' from command line to 'None'
[1.961s] Level 5:colcon.colcon_core.verb:set package 'pcl_conversions' build argument 'cmake_target_skip_unavailable' from command line to 'False'
[1.961s] Level 5:colcon.colcon_core.verb:set package 'pcl_conversions' build argument 'cmake_clean_cache' from command line to 'False'
[1.961s] Level 5:colcon.colcon_core.verb:set package 'pcl_conversions' build argument 'cmake_clean_first' from command line to 'False'
[1.961s] Level 5:colcon.colcon_core.verb:set package 'pcl_conversions' build argument 'cmake_force_configure' from command line to 'False'
[1.961s] Level 5:colcon.colcon_core.verb:set package 'pcl_conversions' build argument 'ament_cmake_args' from command line to 'None'
[1.961s] Level 5:colcon.colcon_core.verb:set package 'pcl_conversions' build argument 'catkin_cmake_args' from command line to 'None'
[1.961s] Level 5:colcon.colcon_core.verb:set package 'pcl_conversions' build argument 'catkin_skip_building_tests' from command line to 'False'
[1.961s] DEBUG:colcon.colcon_core.verb:Building package 'pcl_conversions' with the following arguments: {'ament_cmake_args': None, 'build_base': '/home/brown/Projects/MiningRobot/autonomy/ros2_workspace/build/pcl_conversions', 'catkin_cmake_args': None, 'catkin_skip_building_tests': False, 'cmake_args': None, 'cmake_clean_cache': False, 'cmake_clean_first': False, 'cmake_force_configure': False, 'cmake_target': None, 'cmake_target_skip_unavailable': False, 'install_base': '/home/brown/Projects/MiningRobot/autonomy/ros2_workspace/install/pcl_conversions', 'merge_install': False, 'path': '/home/brown/Projects/MiningRobot/autonomy/ros2_workspace/src/perception_pcl/pcl_conversions', 'symlink_install': False, 'test_result_base': None}
[1.986s] Level 5:colcon.colcon_core.verb:set package 'pcl_ros' build argument 'cmake_args' from command line to 'None'
[1.986s] Level 5:colcon.colcon_core.verb:set package 'pcl_ros' build argument 'cmake_target' from command line to 'None'
[1.986s] Level 5:colcon.colcon_core.verb:set package 'pcl_ros' build argument 'cmake_target_skip_unavailable' from command line to 'False'
[1.986s] Level 5:colcon.colcon_core.verb:set package 'pcl_ros' build argument 'cmake_clean_cache' from command line to 'False'
[1.986s] Level 5:colcon.colcon_core.verb:set package 'pcl_ros' build argument 'cmake_clean_first' from command line to 'False'
[1.986s] Level 5:colcon.colcon_core.verb:set package 'pcl_ros' build argument 'cmake_force_configure' from command line to 'False'
[1.986s] Level 5:colcon.colcon_core.verb:set package 'pcl_ros' build argument 'ament_cmake_args' from command line to 'None'
[1.986s] Level 5:colcon.colcon_core.verb:set package 'pcl_ros' build argument 'catkin_cmake_args' from command line to 'None'
[1.986s] Level 5:colcon.colcon_core.verb:set package 'pcl_ros' build argument 'catkin_skip_building_tests' from command line to 'False'
[1.986s] DEBUG:colcon.colcon_core.verb:Building package 'pcl_ros' with the following arguments: {'ament_cmake_args': None, 'build_base': '/home/brown/Projects/MiningRobot/autonomy/ros2_workspace/build/pcl_ros', 'catkin_cmake_args': None, 'catkin_skip_building_tests': False, 'cmake_args': None, 'cmake_clean_cache': False, 'cmake_clean_first': False, 'cmake_force_configure': False, 'cmake_target': None, 'cmake_target_skip_unavailable': False, 'install_base': '/home/brown/Projects/MiningRobot/autonomy/ros2_workspace/install/pcl_ros', 'merge_install': False, 'path': '/home/brown/Projects/MiningRobot/autonomy/ros2_workspace/src/perception_pcl/pcl_ros', 'symlink_install': False, 'test_result_base': None}
[2.010s] Level 5:colcon.colcon_core.verb:set package 'ros2_ouster' build argument 'cmake_args' from command line to 'None'
[2.010s] Level 5:colcon.colcon_core.verb:set package 'ros2_ouster' build argument 'cmake_target' from command line to 'None'
[2.010s] Level 5:colcon.colcon_core.verb:set package 'ros2_ouster' build argument 'cmake_target_skip_unavailable' from command line to 'False'
[2.010s] Level 5:colcon.colcon_core.verb:set package 'ros2_ouster' build argument 'cmake_clean_cache' from command line to 'False'
[2.011s] Level 5:colcon.colcon_core.verb:set package 'ros2_ouster' build argument 'cmake_clean_first' from command line to 'False'
[2.011s] Level 5:colcon.colcon_core.verb:set package 'ros2_ouster' build argument 'cmake_force_configure' from command line to 'False'
[2.011s] Level 5:colcon.colcon_core.verb:set package 'ros2_ouster' build argument 'ament_cmake_args' from command line to 'None'
[2.011s] Level 5:colcon.colcon_core.verb:set package 'ros2_ouster' build argument 'catkin_cmake_args' from command line to 'None'
[2.011s] Level 5:colcon.colcon_core.verb:set package 'ros2_ouster' build argument 'catkin_skip_building_tests' from command line to 'False'
[2.011s] DEBUG:colcon.colcon_core.verb:Building package 'ros2_ouster' with the following arguments: {'ament_cmake_args': None, 'build_base': '/home/brown/Projects/MiningRobot/autonomy/ros2_workspace/build/ros2_ouster', 'catkin_cmake_args': None, 'catkin_skip_building_tests': False, 'cmake_args': None, 'cmake_clean_cache': False, 'cmake_clean_first': False, 'cmake_force_configure': False, 'cmake_target': None, 'cmake_target_skip_unavailable': False, 'install_base': '/home/brown/Projects/MiningRobot/autonomy/ros2_workspace/install/ros2_ouster', 'merge_install': False, 'path': '/home/brown/Projects/MiningRobot/autonomy/ros2_workspace/src/ros2_ouster_drivers/ros2_ouster', 'symlink_install': False, 'test_result_base': None}
[2.035s] Level 5:colcon.colcon_core.verb:set package 'aurora_core' build argument 'cmake_args' from command line to 'None'
[2.035s] Level 5:colcon.colcon_core.verb:set package 'aurora_core' build argument 'cmake_target' from command line to 'None'
[2.035s] Level 5:colcon.colcon_core.verb:set package 'aurora_core' build argument 'cmake_target_skip_unavailable' from command line to 'False'
[2.035s] Level 5:colcon.colcon_core.verb:set package 'aurora_core' build argument 'cmake_clean_cache' from command line to 'False'
[2.035s] Level 5:colcon.colcon_core.verb:set package 'aurora_core' build argument 'cmake_clean_first' from command line to 'False'
[2.035s] Level 5:colcon.colcon_core.verb:set package 'aurora_core' build argument 'cmake_force_configure' from command line to 'False'
[2.036s] Level 5:colcon.colcon_core.verb:set package 'aurora_core' build argument 'ament_cmake_args' from command line to 'None'
[2.036s] Level 5:colcon.colcon_core.verb:set package 'aurora_core' build argument 'catkin_cmake_args' from command line to 'None'
[2.036s] Level 5:colcon.colcon_core.verb:set package 'aurora_core' build argument 'catkin_skip_building_tests' from command line to 'False'
[2.036s] DEBUG:colcon.colcon_core.verb:Building package 'aurora_core' with the following arguments: {'ament_cmake_args': None, 'build_base': '/home/brown/Projects/MiningRobot/autonomy/ros2_workspace/build/aurora_core', 'catkin_cmake_args': None, 'catkin_skip_building_tests': False, 'cmake_args': None, 'cmake_clean_cache': False, 'cmake_clean_first': False, 'cmake_force_configure': False, 'cmake_target': None, 'cmake_target_skip_unavailable': False, 'install_base': '/home/brown/Projects/MiningRobot/autonomy/ros2_workspace/install/aurora_core', 'merge_install': False, 'path': '/home/brown/Projects/MiningRobot/autonomy/ros2_workspace/aurora_core_sl', 'symlink_install': False, 'test_result_base': None}
[2.065s] Level 5:colcon.colcon_core.verb:set package 'perception_pcl' build argument 'cmake_args' from command line to 'None'
[2.065s] Level 5:colcon.colcon_core.verb:set package 'perception_pcl' build argument 'cmake_target' from command line to 'None'
[2.065s] Level 5:colcon.colcon_core.verb:set package 'perception_pcl' build argument 'cmake_target_skip_unavailable' from command line to 'False'
[2.065s] Level 5:colcon.colcon_core.verb:set package 'perception_pcl' build argument 'cmake_clean_cache' from command line to 'False'
[2.065s] Level 5:colcon.colcon_core.verb:set package 'perception_pcl' build argument 'cmake_clean_first' from command line to 'False'
[2.065s] Level 5:colcon.colcon_core.verb:set package 'perception_pcl' build argument 'cmake_force_configure' from command line to 'False'
[2.065s] Level 5:colcon.colcon_core.verb:set package 'perception_pcl' build argument 'ament_cmake_args' from command line to 'None'
[2.065s] Level 5:colcon.colcon_core.verb:set package 'perception_pcl' build argument 'catkin_cmake_args' from command line to 'None'
[2.066s] Level 5:colcon.colcon_core.verb:set package 'perception_pcl' build argument 'catkin_skip_building_tests' from command line to 'False'
[2.066s] DEBUG:colcon.colcon_core.verb:Building package 'perception_pcl' with the following arguments: {'ament_cmake_args': None, 'build_base': '/home/brown/Projects/MiningRobot/autonomy/ros2_workspace/build/perception_pcl', 'catkin_cmake_args': None, 'catkin_skip_building_tests': False, 'cmake_args': None, 'cmake_clean_cache': False, 'cmake_clean_first': False, 'cmake_force_configure': False, 'cmake_target': None, 'cmake_target_skip_unavailable': False, 'install_base': '/home/brown/Projects/MiningRobot/autonomy/ros2_workspace/install/perception_pcl', 'merge_install': False, 'path': '/home/brown/Projects/MiningRobot/autonomy/ros2_workspace/src/perception_pcl/perception_pcl', 'symlink_install': False, 'test_result_base': None}
[2.092s] INFO:colcon.colcon_core.executor:Executing jobs using 'parallel' executor
[2.117s] DEBUG:colcon.colcon_parallel_executor.executor.parallel:run_until_complete
[2.117s] INFO:colcon.colcon_ros.task.ament_cmake.build:Building ROS package in '/home/brown/Projects/MiningRobot/autonomy/ros2_workspace/src/pcl_msgs' with build type 'ament_cmake'
[2.118s] INFO:colcon.colcon_cmake.task.cmake.build:Building CMake package in '/home/brown/Projects/MiningRobot/autonomy/ros2_workspace/src/pcl_msgs'
[2.152s] INFO:colcon.colcon_core.plugin_system:Skipping extension 'colcon_core.shell.bat': Not used on non-Windows systems
[2.152s] INFO:colcon.colcon_core.shell:Skip shell extension 'powershell' for command environment: Not usable outside of PowerShell
[2.152s] DEBUG:colcon.colcon_core.shell:Skip shell extension 'dsv' for command environment
[2.180s] WARNING:colcon.colcon_core.prefix_path.colcon:The path '/home/brown/Projects/MiningRobot/ros2_workspace/install' in the environment variable COLCON_PREFIX_PATH doesn't exist
[2.181s] WARNING:colcon.colcon_ros.prefix_path.ament:The path '/home/brown/Projects/MiningRobot/ros2_workspace/install/aurora_core' in the environment variable AMENT_PREFIX_PATH doesn't exist
[2.181s] WARNING:colcon.colcon_ros.prefix_path.ament:The path '/home/brown/Projects/MiningRobot/ros2_workspace/install/ros2_ouster' in the environment variable AMENT_PREFIX_PATH doesn't exist
[2.181s] WARNING:colcon.colcon_ros.prefix_path.ament:The path '/home/brown/Projects/MiningRobot/ros2_workspace/install/perception_pcl' in the environment variable AMENT_PREFIX_PATH doesn't exist
[2.181s] WARNING:colcon.colcon_ros.prefix_path.ament:The path '/home/brown/Projects/MiningRobot/ros2_workspace/install/pcl_ros' in the environment variable AMENT_PREFIX_PATH doesn't exist
[2.181s] WARNING:colcon.colcon_ros.prefix_path.ament:The path '/home/brown/Projects/MiningRobot/ros2_workspace/install/pcl_conversions' in the environment variable AMENT_PREFIX_PATH doesn't exist
[2.181s] WARNING:colcon.colcon_ros.prefix_path.ament:The path '/home/brown/Projects/MiningRobot/ros2_workspace/install/pcl_msgs' in the environment variable AMENT_PREFIX_PATH doesn't exist
[2.182s] WARNING:colcon.colcon_ros.prefix_path.ament:The path '/home/brown/Projects/MiningRobot/ros2_workspace/install/ouster_msgs' in the environment variable AMENT_PREFIX_PATH doesn't exist
[2.182s] WARNING:colcon.colcon_ros.prefix_path.catkin:The path '/home/brown/Projects/MiningRobot/ros2_workspace/install/aurora_core' in the environment variable CMAKE_PREFIX_PATH doesn't exist
[2.182s] WARNING:colcon.colcon_ros.prefix_path.catkin:The path '/home/brown/Projects/MiningRobot/ros2_workspace/install/ros2_ouster' in the environment variable CMAKE_PREFIX_PATH doesn't exist
[2.182s] WARNING:colcon.colcon_ros.prefix_path.catkin:The path '/home/brown/Projects/MiningRobot/ros2_workspace/install/perception_pcl' in the environment variable CMAKE_PREFIX_PATH doesn't exist
[2.182s] WARNING:colcon.colcon_ros.prefix_path.catkin:The path '/home/brown/Projects/MiningRobot/ros2_workspace/install/pcl_ros' in the environment variable CMAKE_PREFIX_PATH doesn't exist
[2.182s] WARNING:colcon.colcon_ros.prefix_path.catkin:The path '/home/brown/Projects/MiningRobot/ros2_workspace/install/pcl_conversions' in the environment variable CMAKE_PREFIX_PATH doesn't exist
[2.182s] WARNING:colcon.colcon_ros.prefix_path.catkin:The path '/home/brown/Projects/MiningRobot/ros2_workspace/install/pcl_msgs' in the environment variable CMAKE_PREFIX_PATH doesn't exist
[2.182s] WARNING:colcon.colcon_ros.prefix_path.catkin:The path '/home/brown/Projects/MiningRobot/ros2_workspace/install/ouster_msgs' in the environment variable CMAKE_PREFIX_PATH doesn't exist
[2.255s] INFO:colcon.colcon_ros.task.ament_cmake.build:Building ROS package in '/home/brown/Projects/MiningRobot/autonomy/ros2_workspace/src/ros2_ouster_drivers/ouster_msgs' with build type 'ament_cmake'
[2.256s] INFO:colcon.colcon_cmake.task.cmake.build:Building CMake package in '/home/brown/Projects/MiningRobot/autonomy/ros2_workspace/src/ros2_ouster_drivers/ouster_msgs'
[2.306s] INFO:colcon.colcon_core.shell:Skip shell extension 'powershell' for command environment: Not usable outside of PowerShell
[2.307s] DEBUG:colcon.colcon_core.shell:Skip shell extension 'dsv' for command environment
[2.408s] DEBUG:colcon.colcon_core.event_handler.log_command:Invoking command in '/home/brown/Projects/MiningRobot/autonomy/ros2_workspace/build/pcl_msgs': _=/usr/bin/env /usr/bin/cmake --build /home/brown/Projects/MiningRobot/autonomy/ros2_workspace/build/pcl_msgs -- -j4 -l4
[2.415s] DEBUG:colcon.colcon_core.event_handler.log_command:Invoking command in '/home/brown/Projects/MiningRobot/autonomy/ros2_workspace/build/ouster_msgs': _=/usr/bin/env /usr/bin/cmake --build /home/brown/Projects/MiningRobot/autonomy/ros2_workspace/build/ouster_msgs -- -j4 -l4
[2.451s] DEBUG:colcon.colcon_core.event_handler.log_command:Invoked command in '/home/brown/Projects/MiningRobot/autonomy/ros2_workspace/build/ouster_msgs' returned '2': _=/usr/bin/env /usr/bin/cmake --build /home/brown/Projects/MiningRobot/autonomy/ros2_workspace/build/ouster_msgs -- -j4 -l4
[2.453s] DEBUG:colcon.colcon_core.event_handler.log_command:Invoked command in '/home/brown/Projects/MiningRobot/autonomy/ros2_workspace/build/pcl_msgs' returned '2': _=/usr/bin/env /usr/bin/cmake --build /home/brown/Projects/MiningRobot/autonomy/ros2_workspace/build/pcl_msgs -- -j4 -l4
[2.824s] Level 1:colcon.colcon_core.environment:create_environment_scripts_only(ouster_msgs)
[2.857s] Level 1:colcon.colcon_core.environment:checking '/home/brown/Projects/MiningRobot/autonomy/ros2_workspace/install/ouster_msgs' for CMake module files
[2.858s] Level 1:colcon.colcon_core.environment:checking '/home/brown/Projects/MiningRobot/autonomy/ros2_workspace/install/ouster_msgs' for CMake config files
[2.859s] Level 1:colcon.colcon_core.shell:create_environment_hook('ouster_msgs', 'cmake_prefix_path')
[2.885s] INFO:colcon.colcon_core.shell:Creating environment hook '/home/brown/Projects/MiningRobot/autonomy/ros2_workspace/install/ouster_msgs/share/ouster_msgs/hook/cmake_prefix_path.ps1'
[2.886s] INFO:colcon.colcon_core.shell:Creating environment descriptor '/home/brown/Projects/MiningRobot/autonomy/ros2_workspace/install/ouster_msgs/share/ouster_msgs/hook/cmake_prefix_path.dsv'
[2.886s] INFO:colcon.colcon_core.shell:Creating environment hook '/home/brown/Projects/MiningRobot/autonomy/ros2_workspace/install/ouster_msgs/share/ouster_msgs/hook/cmake_prefix_path.sh'
[2.888s] Level 1:colcon.colcon_core.environment:checking '/home/brown/Projects/MiningRobot/autonomy/ros2_workspace/install/ouster_msgs/lib'
[2.888s] Level 1:colcon.colcon_core.shell:create_environment_hook('ouster_msgs', 'ld_library_path_lib')
[2.913s] INFO:colcon.colcon_core.shell:Creating environment hook '/home/brown/Projects/MiningRobot/autonomy/ros2_workspace/install/ouster_msgs/share/ouster_msgs/hook/ld_library_path_lib.ps1'
[2.914s] INFO:colcon.colcon_core.shell:Creating environment descriptor '/home/brown/Projects/MiningRobot/autonomy/ros2_workspace/install/ouster_msgs/share/ouster_msgs/hook/ld_library_path_lib.dsv'
[2.914s] INFO:colcon.colcon_core.shell:Creating environment hook '/home/brown/Projects/MiningRobot/autonomy/ros2_workspace/install/ouster_msgs/share/ouster_msgs/hook/ld_library_path_lib.sh'
[2.915s] Level 1:colcon.colcon_core.environment:checking '/home/brown/Projects/MiningRobot/autonomy/ros2_workspace/install/ouster_msgs/bin'
[2.915s] Level 1:colcon.colcon_core.environment:checking '/home/brown/Projects/MiningRobot/autonomy/ros2_workspace/install/ouster_msgs/lib/pkgconfig/ouster_msgs.pc'
[2.917s] Level 1:colcon.colcon_core.environment:checking '/home/brown/Projects/MiningRobot/autonomy/ros2_workspace/install/ouster_msgs/lib/python3.11/site-packages'
[2.917s] Level 1:colcon.colcon_core.shell:create_environment_hook('ouster_msgs', 'pythonpath')
[2.945s] INFO:colcon.colcon_core.shell:Creating environment hook '/home/brown/Projects/MiningRobot/autonomy/ros2_workspace/install/ouster_msgs/share/ouster_msgs/hook/pythonpath.ps1'
[2.946s] INFO:colcon.colcon_core.shell:Creating environment descriptor '/home/brown/Projects/MiningRobot/autonomy/ros2_workspace/install/ouster_msgs/share/ouster_msgs/hook/pythonpath.dsv'
[2.946s] INFO:colcon.colcon_core.shell:Creating environment hook '/home/brown/Projects/MiningRobot/autonomy/ros2_workspace/install/ouster_msgs/share/ouster_msgs/hook/pythonpath.sh'
[2.947s] Level 1:colcon.colcon_core.environment:checking '/home/brown/Projects/MiningRobot/autonomy/ros2_workspace/install/ouster_msgs/bin'
[2.972s] INFO:colcon.colcon_core.shell:Creating package script '/home/brown/Projects/MiningRobot/autonomy/ros2_workspace/install/ouster_msgs/share/ouster_msgs/package.ps1'
[2.973s] INFO:colcon.colcon_core.shell:Creating package descriptor '/home/brown/Projects/MiningRobot/autonomy/ros2_workspace/install/ouster_msgs/share/ouster_msgs/package.dsv'
[2.974s] INFO:colcon.colcon_core.shell:Creating package script '/home/brown/Projects/MiningRobot/autonomy/ros2_workspace/install/ouster_msgs/share/ouster_msgs/package.sh'
[2.975s] INFO:colcon.colcon_core.shell:Creating package script '/home/brown/Projects/MiningRobot/autonomy/ros2_workspace/install/ouster_msgs/share/ouster_msgs/package.bash'
[2.976s] INFO:colcon.colcon_core.shell:Creating package script '/home/brown/Projects/MiningRobot/autonomy/ros2_workspace/install/ouster_msgs/share/ouster_msgs/package.zsh'
[2.977s] Level 1:colcon.colcon_core.environment:create_file_with_runtime_dependencies(/home/brown/Projects/MiningRobot/autonomy/ros2_workspace/install/ouster_msgs/share/colcon-core/packages/ouster_msgs)
[3.100s] DEBUG:colcon.colcon_parallel_executor.executor.parallel:closing loop
[3.100s] DEBUG:colcon.colcon_parallel_executor.executor.parallel:loop closed
[3.100s] DEBUG:colcon.colcon_parallel_executor.executor.parallel:run_until_complete finished with '2'
[3.101s] DEBUG:colcon.colcon_core.event_reactor:joining thread
[3.150s] INFO:colcon.colcon_core.plugin_system:Skipping extension 'colcon_notification.desktop_notification.terminal_notifier': Not used on non-Darwin systems
[3.150s] INFO:colcon.colcon_core.plugin_system:Skipping extension 'colcon_notification.desktop_notification.win32': Not used on non-Windows systems
[3.150s] INFO:colcon.colcon_notification.desktop_notification:Sending desktop notification using 'notify2'
[3.198s] DEBUG:colcon.colcon_core.event_reactor:joined thread
[3.233s] INFO:colcon.colcon_core.shell:Creating prefix script '/home/brown/Projects/MiningRobot/autonomy/ros2_workspace/install/local_setup.ps1'
[3.234s] INFO:colcon.colcon_core.shell:Creating prefix util module '/home/brown/Projects/MiningRobot/autonomy/ros2_workspace/install/_local_setup_util_ps1.py'
[3.241s] INFO:colcon.colcon_core.shell:Creating prefix chain script '/home/brown/Projects/MiningRobot/autonomy/ros2_workspace/install/setup.ps1'
[3.269s] INFO:colcon.colcon_core.shell:Creating prefix script '/home/brown/Projects/MiningRobot/autonomy/ros2_workspace/install/local_setup.sh'
[3.270s] INFO:colcon.colcon_core.shell:Creating prefix util module '/home/brown/Projects/MiningRobot/autonomy/ros2_workspace/install/_local_setup_util_sh.py'
[3.270s] INFO:colcon.colcon_core.shell:Creating prefix chain script '/home/brown/Projects/MiningRobot/autonomy/ros2_workspace/install/setup.sh'
[3.305s] INFO:colcon.colcon_core.shell:Creating prefix script '/home/brown/Projects/MiningRobot/autonomy/ros2_workspace/install/local_setup.bash'
[3.305s] INFO:colcon.colcon_core.shell:Creating prefix chain script '/home/brown/Projects/MiningRobot/autonomy/ros2_workspace/install/setup.bash'
[3.333s] INFO:colcon.colcon_core.shell:Creating prefix script '/home/brown/Projects/MiningRobot/autonomy/ros2_workspace/install/local_setup.zsh'
[3.334s] INFO:colcon.colcon_core.shell:Creating prefix chain script '/home/brown/Projects/MiningRobot/autonomy/ros2_workspace/install/setup.zsh'
