[2.296s] DEBUG:colcon:Command line arguments: ['/usr/bin/colcon', 'build', '--packages-select', 'aurora_core']
[2.296s] DEBUG:colcon:Parsed command line arguments: Namespace(log_base=None, log_level=None, verb_name='build', build_base='build', install_base='install', merge_install=False, symlink_install=False, test_result_base=None, continue_on_error=False, executor='parallel', parallel_workers=4, event_handlers=None, ignore_user_meta=False, metas=['./colcon.meta'], base_paths=['.'], packages_ignore=None, packages_ignore_regex=None, paths=None, packages_up_to=None, packages_up_to_regex=None, packages_above=None, packages_above_and_dependencies=None, packages_above_depth=None, packages_select_by_dep=None, packages_skip_by_dep=None, packages_skip_up_to=None, packages_select_build_failed=False, packages_skip_build_finished=False, packages_select_test_failures=False, packages_skip_test_passed=False, packages_select=['aurora_core'], packages_skip=None, packages_select_regex=None, packages_skip_regex=None, packages_start=None, packages_end=None, cmake_args=None, cmake_target=None, cmake_target_skip_unavailable=False, cmake_clean_cache=False, cmake_clean_first=False, cmake_force_configure=False, ament_cmake_args=None, catkin_cmake_args=None, catkin_skip_building_tests=False, verb_parser=<colcon_defaults.argument_parser.defaults.DefaultArgumentsDecorator object at 0x7f46a4234650>, verb_extension=<colcon_core.verb.build.BuildVerb object at 0x7f46a2eb8c50>, main=<bound method BuildVerb.main of <colcon_core.verb.build.BuildVerb object at 0x7f46a2eb8c50>>)
[2.433s] Level 1:colcon.colcon_core.package_discovery:discover_packages(colcon_meta) check parameters
[2.433s] Level 1:colcon.colcon_core.package_discovery:discover_packages(recursive) check parameters
[2.433s] Level 1:colcon.colcon_core.package_discovery:discover_packages(ignore) check parameters
[2.433s] Level 1:colcon.colcon_core.package_discovery:discover_packages(path) check parameters
[2.434s] Level 1:colcon.colcon_core.package_discovery:discover_packages(colcon_meta) discover
[2.434s] Level 1:colcon.colcon_core.package_discovery:discover_packages(recursive) discover
[2.434s] INFO:colcon.colcon_core.package_discovery:Crawling recursively for packages in '/home/brown/Projects/MiningRobot/ros2_workspace'
[2.434s] Level 1:colcon.colcon_core.package_identification:_identify(.) by extensions ['ignore', 'ignore_ament_install']
[2.435s] Level 1:colcon.colcon_core.package_identification:_identify(.) by extension 'ignore'
[2.435s] Level 1:colcon.colcon_core.package_identification:_identify(.) by extension 'ignore_ament_install'
[2.435s] Level 1:colcon.colcon_core.package_identification:_identify(.) by extensions ['colcon_pkg']
[2.435s] Level 1:colcon.colcon_core.package_identification:_identify(.) by extension 'colcon_pkg'
[2.435s] Level 1:colcon.colcon_core.package_identification:_identify(.) by extensions ['colcon_meta']
[2.435s] Level 1:colcon.colcon_core.package_identification:_identify(.) by extension 'colcon_meta'
[2.435s] Level 1:colcon.colcon_core.package_identification:_identify(.) by extensions ['ros']
[2.435s] Level 1:colcon.colcon_core.package_identification:_identify(.) by extension 'ros'
[2.492s] Level 1:colcon.colcon_core.package_identification:_identify(.) by extensions ['cmake', 'python']
[2.492s] Level 1:colcon.colcon_core.package_identification:_identify(.) by extension 'cmake'
[2.492s] Level 1:colcon.colcon_core.package_identification:_identify(.) by extension 'python'
[2.492s] Level 1:colcon.colcon_core.package_identification:_identify(.) by extensions ['python_setup_py']
[2.492s] Level 1:colcon.colcon_core.package_identification:_identify(.) by extension 'python_setup_py'
[2.492s] Level 1:colcon.colcon_core.package_identification:_identify(aurora_core_sl) by extensions ['ignore', 'ignore_ament_install']
[2.492s] Level 1:colcon.colcon_core.package_identification:_identify(aurora_core_sl) by extension 'ignore'
[2.492s] Level 1:colcon.colcon_core.package_identification:_identify(aurora_core_sl) by extension 'ignore_ament_install'
[2.492s] Level 1:colcon.colcon_core.package_identification:_identify(aurora_core_sl) by extensions ['colcon_pkg']
[2.492s] Level 1:colcon.colcon_core.package_identification:_identify(aurora_core_sl) by extension 'colcon_pkg'
[2.493s] Level 1:colcon.colcon_core.package_identification:_identify(aurora_core_sl) by extensions ['colcon_meta']
[2.493s] Level 1:colcon.colcon_core.package_identification:_identify(aurora_core_sl) by extension 'colcon_meta'
[2.493s] Level 1:colcon.colcon_core.package_identification:_identify(aurora_core_sl) by extensions ['ros']
[2.493s] Level 1:colcon.colcon_core.package_identification:_identify(aurora_core_sl) by extension 'ros'
[2.499s] DEBUG:colcon.colcon_core.package_identification:Package 'aurora_core_sl' with type 'ros.ament_cmake' and name 'aurora_core'
[2.499s] Level 1:colcon.colcon_core.package_identification:_identify(build) by extensions ['ignore', 'ignore_ament_install']
[2.500s] Level 1:colcon.colcon_core.package_identification:_identify(build) by extension 'ignore'
[2.500s] Level 1:colcon.colcon_core.package_identification:_identify(build) ignored
[2.500s] Level 1:colcon.colcon_core.package_identification:_identify(install) by extensions ['ignore', 'ignore_ament_install']
[2.500s] Level 1:colcon.colcon_core.package_identification:_identify(install) by extension 'ignore'
[2.501s] Level 1:colcon.colcon_core.package_identification:_identify(install) ignored
[2.501s] Level 1:colcon.colcon_core.package_identification:_identify(log) by extensions ['ignore', 'ignore_ament_install']
[2.501s] Level 1:colcon.colcon_core.package_identification:_identify(log) by extension 'ignore'
[2.501s] Level 1:colcon.colcon_core.package_identification:_identify(log) ignored
[2.501s] Level 1:colcon.colcon_core.package_identification:_identify(src) by extensions ['ignore', 'ignore_ament_install']
[2.502s] Level 1:colcon.colcon_core.package_identification:_identify(src) by extension 'ignore'
[2.502s] Level 1:colcon.colcon_core.package_identification:_identify(src) by extension 'ignore_ament_install'
[2.502s] Level 1:colcon.colcon_core.package_identification:_identify(src) by extensions ['colcon_pkg']
[2.502s] Level 1:colcon.colcon_core.package_identification:_identify(src) by extension 'colcon_pkg'
[2.502s] Level 1:colcon.colcon_core.package_identification:_identify(src) by extensions ['colcon_meta']
[2.502s] Level 1:colcon.colcon_core.package_identification:_identify(src) by extension 'colcon_meta'
[2.502s] Level 1:colcon.colcon_core.package_identification:_identify(src) by extensions ['ros']
[2.502s] Level 1:colcon.colcon_core.package_identification:_identify(src) by extension 'ros'
[2.502s] Level 1:colcon.colcon_core.package_identification:_identify(src) by extensions ['cmake', 'python']
[2.503s] Level 1:colcon.colcon_core.package_identification:_identify(src) by extension 'cmake'
[2.503s] Level 1:colcon.colcon_core.package_identification:_identify(src) by extension 'python'
[2.503s] Level 1:colcon.colcon_core.package_identification:_identify(src) by extensions ['python_setup_py']
[2.503s] Level 1:colcon.colcon_core.package_identification:_identify(src) by extension 'python_setup_py'
[2.503s] Level 1:colcon.colcon_core.package_identification:_identify(src/pcl_msgs) by extensions ['ignore', 'ignore_ament_install']
[2.504s] Level 1:colcon.colcon_core.package_identification:_identify(src/pcl_msgs) by extension 'ignore'
[2.504s] Level 1:colcon.colcon_core.package_identification:_identify(src/pcl_msgs) by extension 'ignore_ament_install'
[2.504s] Level 1:colcon.colcon_core.package_identification:_identify(src/pcl_msgs) by extensions ['colcon_pkg']
[2.504s] Level 1:colcon.colcon_core.package_identification:_identify(src/pcl_msgs) by extension 'colcon_pkg'
[2.504s] Level 1:colcon.colcon_core.package_identification:_identify(src/pcl_msgs) by extensions ['colcon_meta']
[2.504s] Level 1:colcon.colcon_core.package_identification:_identify(src/pcl_msgs) by extension 'colcon_meta'
[2.505s] Level 1:colcon.colcon_core.package_identification:_identify(src/pcl_msgs) by extensions ['ros']
[2.505s] Level 1:colcon.colcon_core.package_identification:_identify(src/pcl_msgs) by extension 'ros'
[2.506s] DEBUG:colcon.colcon_core.package_identification:Package 'src/pcl_msgs' with type 'ros.ament_cmake' and name 'pcl_msgs'
[2.506s] Level 1:colcon.colcon_core.package_identification:_identify(src/perception_pcl) by extensions ['ignore', 'ignore_ament_install']
[2.506s] Level 1:colcon.colcon_core.package_identification:_identify(src/perception_pcl) by extension 'ignore'
[2.506s] Level 1:colcon.colcon_core.package_identification:_identify(src/perception_pcl) by extension 'ignore_ament_install'
[2.506s] Level 1:colcon.colcon_core.package_identification:_identify(src/perception_pcl) by extensions ['colcon_pkg']
[2.507s] Level 1:colcon.colcon_core.package_identification:_identify(src/perception_pcl) by extension 'colcon_pkg'
[2.507s] Level 1:colcon.colcon_core.package_identification:_identify(src/perception_pcl) by extensions ['colcon_meta']
[2.507s] Level 1:colcon.colcon_core.package_identification:_identify(src/perception_pcl) by extension 'colcon_meta'
[2.507s] Level 1:colcon.colcon_core.package_identification:_identify(src/perception_pcl) by extensions ['ros']
[2.507s] Level 1:colcon.colcon_core.package_identification:_identify(src/perception_pcl) by extension 'ros'
[2.507s] Level 1:colcon.colcon_core.package_identification:_identify(src/perception_pcl) by extensions ['cmake', 'python']
[2.507s] Level 1:colcon.colcon_core.package_identification:_identify(src/perception_pcl) by extension 'cmake'
[2.507s] Level 1:colcon.colcon_core.package_identification:_identify(src/perception_pcl) by extension 'python'
[2.507s] Level 1:colcon.colcon_core.package_identification:_identify(src/perception_pcl) by extensions ['python_setup_py']
[2.507s] Level 1:colcon.colcon_core.package_identification:_identify(src/perception_pcl) by extension 'python_setup_py'
[2.507s] Level 1:colcon.colcon_core.package_identification:_identify(src/perception_pcl/pcl_conversions) by extensions ['ignore', 'ignore_ament_install']
[2.508s] Level 1:colcon.colcon_core.package_identification:_identify(src/perception_pcl/pcl_conversions) by extension 'ignore'
[2.508s] Level 1:colcon.colcon_core.package_identification:_identify(src/perception_pcl/pcl_conversions) by extension 'ignore_ament_install'
[2.508s] Level 1:colcon.colcon_core.package_identification:_identify(src/perception_pcl/pcl_conversions) by extensions ['colcon_pkg']
[2.508s] Level 1:colcon.colcon_core.package_identification:_identify(src/perception_pcl/pcl_conversions) by extension 'colcon_pkg'
[2.508s] Level 1:colcon.colcon_core.package_identification:_identify(src/perception_pcl/pcl_conversions) by extensions ['colcon_meta']
[2.508s] Level 1:colcon.colcon_core.package_identification:_identify(src/perception_pcl/pcl_conversions) by extension 'colcon_meta'
[2.508s] Level 1:colcon.colcon_core.package_identification:_identify(src/perception_pcl/pcl_conversions) by extensions ['ros']
[2.508s] Level 1:colcon.colcon_core.package_identification:_identify(src/perception_pcl/pcl_conversions) by extension 'ros'
[2.509s] DEBUG:colcon.colcon_core.package_identification:Package 'src/perception_pcl/pcl_conversions' with type 'ros.ament_cmake' and name 'pcl_conversions'
[2.510s] Level 1:colcon.colcon_core.package_identification:_identify(src/perception_pcl/pcl_ros) by extensions ['ignore', 'ignore_ament_install']
[2.510s] Level 1:colcon.colcon_core.package_identification:_identify(src/perception_pcl/pcl_ros) by extension 'ignore'
[2.510s] Level 1:colcon.colcon_core.package_identification:_identify(src/perception_pcl/pcl_ros) by extension 'ignore_ament_install'
[2.510s] Level 1:colcon.colcon_core.package_identification:_identify(src/perception_pcl/pcl_ros) by extensions ['colcon_pkg']
[2.510s] Level 1:colcon.colcon_core.package_identification:_identify(src/perception_pcl/pcl_ros) by extension 'colcon_pkg'
[2.510s] Level 1:colcon.colcon_core.package_identification:_identify(src/perception_pcl/pcl_ros) by extensions ['colcon_meta']
[2.510s] Level 1:colcon.colcon_core.package_identification:_identify(src/perception_pcl/pcl_ros) by extension 'colcon_meta'
[2.510s] Level 1:colcon.colcon_core.package_identification:_identify(src/perception_pcl/pcl_ros) by extensions ['ros']
[2.510s] Level 1:colcon.colcon_core.package_identification:_identify(src/perception_pcl/pcl_ros) by extension 'ros'
[2.514s] DEBUG:colcon.colcon_core.package_identification:Package 'src/perception_pcl/pcl_ros' with type 'ros.ament_cmake' and name 'pcl_ros'
[2.514s] Level 1:colcon.colcon_core.package_identification:_identify(src/perception_pcl/perception_pcl) by extensions ['ignore', 'ignore_ament_install']
[2.515s] Level 1:colcon.colcon_core.package_identification:_identify(src/perception_pcl/perception_pcl) by extension 'ignore'
[2.515s] Level 1:colcon.colcon_core.package_identification:_identify(src/perception_pcl/perception_pcl) by extension 'ignore_ament_install'
[2.515s] Level 1:colcon.colcon_core.package_identification:_identify(src/perception_pcl/perception_pcl) by extensions ['colcon_pkg']
[2.515s] Level 1:colcon.colcon_core.package_identification:_identify(src/perception_pcl/perception_pcl) by extension 'colcon_pkg'
[2.516s] Level 1:colcon.colcon_core.package_identification:_identify(src/perception_pcl/perception_pcl) by extensions ['colcon_meta']
[2.516s] Level 1:colcon.colcon_core.package_identification:_identify(src/perception_pcl/perception_pcl) by extension 'colcon_meta'
[2.516s] Level 1:colcon.colcon_core.package_identification:_identify(src/perception_pcl/perception_pcl) by extensions ['ros']
[2.516s] Level 1:colcon.colcon_core.package_identification:_identify(src/perception_pcl/perception_pcl) by extension 'ros'
[2.518s] DEBUG:colcon.colcon_core.package_identification:Package 'src/perception_pcl/perception_pcl' with type 'ros.ament_cmake' and name 'perception_pcl'
[2.518s] Level 1:colcon.colcon_core.package_identification:_identify(src/ros2_ouster_drivers) by extensions ['ignore', 'ignore_ament_install']
[2.518s] Level 1:colcon.colcon_core.package_identification:_identify(src/ros2_ouster_drivers) by extension 'ignore'
[2.518s] Level 1:colcon.colcon_core.package_identification:_identify(src/ros2_ouster_drivers) by extension 'ignore_ament_install'
[2.519s] Level 1:colcon.colcon_core.package_identification:_identify(src/ros2_ouster_drivers) by extensions ['colcon_pkg']
[2.519s] Level 1:colcon.colcon_core.package_identification:_identify(src/ros2_ouster_drivers) by extension 'colcon_pkg'
[2.519s] Level 1:colcon.colcon_core.package_identification:_identify(src/ros2_ouster_drivers) by extensions ['colcon_meta']
[2.519s] Level 1:colcon.colcon_core.package_identification:_identify(src/ros2_ouster_drivers) by extension 'colcon_meta'
[2.519s] Level 1:colcon.colcon_core.package_identification:_identify(src/ros2_ouster_drivers) by extensions ['ros']
[2.519s] Level 1:colcon.colcon_core.package_identification:_identify(src/ros2_ouster_drivers) by extension 'ros'
[2.519s] Level 1:colcon.colcon_core.package_identification:_identify(src/ros2_ouster_drivers) by extensions ['cmake', 'python']
[2.519s] Level 1:colcon.colcon_core.package_identification:_identify(src/ros2_ouster_drivers) by extension 'cmake'
[2.520s] Level 1:colcon.colcon_core.package_identification:_identify(src/ros2_ouster_drivers) by extension 'python'
[2.520s] Level 1:colcon.colcon_core.package_identification:_identify(src/ros2_ouster_drivers) by extensions ['python_setup_py']
[2.520s] Level 1:colcon.colcon_core.package_identification:_identify(src/ros2_ouster_drivers) by extension 'python_setup_py'
[2.520s] Level 1:colcon.colcon_core.package_identification:_identify(src/ros2_ouster_drivers/build) by extensions ['ignore', 'ignore_ament_install']
[2.520s] Level 1:colcon.colcon_core.package_identification:_identify(src/ros2_ouster_drivers/build) by extension 'ignore'
[2.521s] Level 1:colcon.colcon_core.package_identification:_identify(src/ros2_ouster_drivers/build) by extension 'ignore_ament_install'
[2.521s] Level 1:colcon.colcon_core.package_identification:_identify(src/ros2_ouster_drivers/build) by extensions ['colcon_pkg']
[2.521s] Level 1:colcon.colcon_core.package_identification:_identify(src/ros2_ouster_drivers/build) by extension 'colcon_pkg'
[2.521s] Level 1:colcon.colcon_core.package_identification:_identify(src/ros2_ouster_drivers/build) by extensions ['colcon_meta']
[2.521s] Level 1:colcon.colcon_core.package_identification:_identify(src/ros2_ouster_drivers/build) by extension 'colcon_meta'
[2.521s] Level 1:colcon.colcon_core.package_identification:_identify(src/ros2_ouster_drivers/build) by extensions ['ros']
[2.521s] Level 1:colcon.colcon_core.package_identification:_identify(src/ros2_ouster_drivers/build) by extension 'ros'
[2.521s] Level 1:colcon.colcon_core.package_identification:_identify(src/ros2_ouster_drivers/build) by extensions ['cmake', 'python']
[2.521s] Level 1:colcon.colcon_core.package_identification:_identify(src/ros2_ouster_drivers/build) by extension 'cmake'
[2.521s] Level 1:colcon.colcon_core.package_identification:_identify(src/ros2_ouster_drivers/build) by extension 'python'
[2.521s] Level 1:colcon.colcon_core.package_identification:_identify(src/ros2_ouster_drivers/build) by extensions ['python_setup_py']
[2.521s] Level 1:colcon.colcon_core.package_identification:_identify(src/ros2_ouster_drivers/build) by extension 'python_setup_py'
[2.521s] Level 1:colcon.colcon_core.package_identification:_identify(src/ros2_ouster_drivers/build/CMakeFiles) by extensions ['ignore', 'ignore_ament_install']
[2.522s] Level 1:colcon.colcon_core.package_identification:_identify(src/ros2_ouster_drivers/build/CMakeFiles) by extension 'ignore'
[2.522s] Level 1:colcon.colcon_core.package_identification:_identify(src/ros2_ouster_drivers/build/CMakeFiles) by extension 'ignore_ament_install'
[2.522s] Level 1:colcon.colcon_core.package_identification:_identify(src/ros2_ouster_drivers/build/CMakeFiles) by extensions ['colcon_pkg']
[2.522s] Level 1:colcon.colcon_core.package_identification:_identify(src/ros2_ouster_drivers/build/CMakeFiles) by extension 'colcon_pkg'
[2.522s] Level 1:colcon.colcon_core.package_identification:_identify(src/ros2_ouster_drivers/build/CMakeFiles) by extensions ['colcon_meta']
[2.522s] Level 1:colcon.colcon_core.package_identification:_identify(src/ros2_ouster_drivers/build/CMakeFiles) by extension 'colcon_meta'
[2.522s] Level 1:colcon.colcon_core.package_identification:_identify(src/ros2_ouster_drivers/build/CMakeFiles) by extensions ['ros']
[2.522s] Level 1:colcon.colcon_core.package_identification:_identify(src/ros2_ouster_drivers/build/CMakeFiles) by extension 'ros'
[2.522s] Level 1:colcon.colcon_core.package_identification:_identify(src/ros2_ouster_drivers/build/CMakeFiles) by extensions ['cmake', 'python']
[2.522s] Level 1:colcon.colcon_core.package_identification:_identify(src/ros2_ouster_drivers/build/CMakeFiles) by extension 'cmake'
[2.522s] Level 1:colcon.colcon_core.package_identification:_identify(src/ros2_ouster_drivers/build/CMakeFiles) by extension 'python'
[2.522s] Level 1:colcon.colcon_core.package_identification:_identify(src/ros2_ouster_drivers/build/CMakeFiles) by extensions ['python_setup_py']
[2.522s] Level 1:colcon.colcon_core.package_identification:_identify(src/ros2_ouster_drivers/build/CMakeFiles) by extension 'python_setup_py'
[2.523s] Level 1:colcon.colcon_core.package_identification:_identify(src/ros2_ouster_drivers/build/CMakeFiles/3.27.6) by extensions ['ignore', 'ignore_ament_install']
[2.523s] Level 1:colcon.colcon_core.package_identification:_identify(src/ros2_ouster_drivers/build/CMakeFiles/3.27.6) by extension 'ignore'
[2.523s] Level 1:colcon.colcon_core.package_identification:_identify(src/ros2_ouster_drivers/build/CMakeFiles/3.27.6) by extension 'ignore_ament_install'
[2.523s] Level 1:colcon.colcon_core.package_identification:_identify(src/ros2_ouster_drivers/build/CMakeFiles/3.27.6) by extensions ['colcon_pkg']
[2.523s] Level 1:colcon.colcon_core.package_identification:_identify(src/ros2_ouster_drivers/build/CMakeFiles/3.27.6) by extension 'colcon_pkg'
[2.523s] Level 1:colcon.colcon_core.package_identification:_identify(src/ros2_ouster_drivers/build/CMakeFiles/3.27.6) by extensions ['colcon_meta']
[2.523s] Level 1:colcon.colcon_core.package_identification:_identify(src/ros2_ouster_drivers/build/CMakeFiles/3.27.6) by extension 'colcon_meta'
[2.523s] Level 1:colcon.colcon_core.package_identification:_identify(src/ros2_ouster_drivers/build/CMakeFiles/3.27.6) by extensions ['ros']
[2.523s] Level 1:colcon.colcon_core.package_identification:_identify(src/ros2_ouster_drivers/build/CMakeFiles/3.27.6) by extension 'ros'
[2.523s] Level 1:colcon.colcon_core.package_identification:_identify(src/ros2_ouster_drivers/build/CMakeFiles/3.27.6) by extensions ['cmake', 'python']
[2.523s] Level 1:colcon.colcon_core.package_identification:_identify(src/ros2_ouster_drivers/build/CMakeFiles/3.27.6) by extension 'cmake'
[2.523s] Level 1:colcon.colcon_core.package_identification:_identify(src/ros2_ouster_drivers/build/CMakeFiles/3.27.6) by extension 'python'
[2.523s] Level 1:colcon.colcon_core.package_identification:_identify(src/ros2_ouster_drivers/build/CMakeFiles/3.27.6) by extensions ['python_setup_py']
[2.523s] Level 1:colcon.colcon_core.package_identification:_identify(src/ros2_ouster_drivers/build/CMakeFiles/3.27.6) by extension 'python_setup_py'
[2.524s] Level 1:colcon.colcon_core.package_identification:_identify(src/ros2_ouster_drivers/build/CMakeFiles/3.27.6/CompilerIdC) by extensions ['ignore', 'ignore_ament_install']
[2.524s] Level 1:colcon.colcon_core.package_identification:_identify(src/ros2_ouster_drivers/build/CMakeFiles/3.27.6/CompilerIdC) by extension 'ignore'
[2.524s] Level 1:colcon.colcon_core.package_identification:_identify(src/ros2_ouster_drivers/build/CMakeFiles/3.27.6/CompilerIdC) by extension 'ignore_ament_install'
[2.524s] Level 1:colcon.colcon_core.package_identification:_identify(src/ros2_ouster_drivers/build/CMakeFiles/3.27.6/CompilerIdC) by extensions ['colcon_pkg']
[2.524s] Level 1:colcon.colcon_core.package_identification:_identify(src/ros2_ouster_drivers/build/CMakeFiles/3.27.6/CompilerIdC) by extension 'colcon_pkg'
[2.524s] Level 1:colcon.colcon_core.package_identification:_identify(src/ros2_ouster_drivers/build/CMakeFiles/3.27.6/CompilerIdC) by extensions ['colcon_meta']
[2.524s] Level 1:colcon.colcon_core.package_identification:_identify(src/ros2_ouster_drivers/build/CMakeFiles/3.27.6/CompilerIdC) by extension 'colcon_meta'
[2.524s] Level 1:colcon.colcon_core.package_identification:_identify(src/ros2_ouster_drivers/build/CMakeFiles/3.27.6/CompilerIdC) by extensions ['ros']
[2.524s] Level 1:colcon.colcon_core.package_identification:_identify(src/ros2_ouster_drivers/build/CMakeFiles/3.27.6/CompilerIdC) by extension 'ros'
[2.524s] Level 1:colcon.colcon_core.package_identification:_identify(src/ros2_ouster_drivers/build/CMakeFiles/3.27.6/CompilerIdC) by extensions ['cmake', 'python']
[2.524s] Level 1:colcon.colcon_core.package_identification:_identify(src/ros2_ouster_drivers/build/CMakeFiles/3.27.6/CompilerIdC) by extension 'cmake'
[2.524s] Level 1:colcon.colcon_core.package_identification:_identify(src/ros2_ouster_drivers/build/CMakeFiles/3.27.6/CompilerIdC) by extension 'python'
[2.524s] Level 1:colcon.colcon_core.package_identification:_identify(src/ros2_ouster_drivers/build/CMakeFiles/3.27.6/CompilerIdC) by extensions ['python_setup_py']
[2.524s] Level 1:colcon.colcon_core.package_identification:_identify(src/ros2_ouster_drivers/build/CMakeFiles/3.27.6/CompilerIdC) by extension 'python_setup_py'
[2.525s] Level 1:colcon.colcon_core.package_identification:_identify(src/ros2_ouster_drivers/build/CMakeFiles/3.27.6/CompilerIdC/tmp) by extensions ['ignore', 'ignore_ament_install']
[2.525s] Level 1:colcon.colcon_core.package_identification:_identify(src/ros2_ouster_drivers/build/CMakeFiles/3.27.6/CompilerIdC/tmp) by extension 'ignore'
[2.525s] Level 1:colcon.colcon_core.package_identification:_identify(src/ros2_ouster_drivers/build/CMakeFiles/3.27.6/CompilerIdC/tmp) by extension 'ignore_ament_install'
[2.525s] Level 1:colcon.colcon_core.package_identification:_identify(src/ros2_ouster_drivers/build/CMakeFiles/3.27.6/CompilerIdC/tmp) by extensions ['colcon_pkg']
[2.525s] Level 1:colcon.colcon_core.package_identification:_identify(src/ros2_ouster_drivers/build/CMakeFiles/3.27.6/CompilerIdC/tmp) by extension 'colcon_pkg'
[2.525s] Level 1:colcon.colcon_core.package_identification:_identify(src/ros2_ouster_drivers/build/CMakeFiles/3.27.6/CompilerIdC/tmp) by extensions ['colcon_meta']
[2.525s] Level 1:colcon.colcon_core.package_identification:_identify(src/ros2_ouster_drivers/build/CMakeFiles/3.27.6/CompilerIdC/tmp) by extension 'colcon_meta'
[2.526s] Level 1:colcon.colcon_core.package_identification:_identify(src/ros2_ouster_drivers/build/CMakeFiles/3.27.6/CompilerIdC/tmp) by extensions ['ros']
[2.526s] Level 1:colcon.colcon_core.package_identification:_identify(src/ros2_ouster_drivers/build/CMakeFiles/3.27.6/CompilerIdC/tmp) by extension 'ros'
[2.526s] Level 1:colcon.colcon_core.package_identification:_identify(src/ros2_ouster_drivers/build/CMakeFiles/3.27.6/CompilerIdC/tmp) by extensions ['cmake', 'python']
[2.526s] Level 1:colcon.colcon_core.package_identification:_identify(src/ros2_ouster_drivers/build/CMakeFiles/3.27.6/CompilerIdC/tmp) by extension 'cmake'
[2.526s] Level 1:colcon.colcon_core.package_identification:_identify(src/ros2_ouster_drivers/build/CMakeFiles/3.27.6/CompilerIdC/tmp) by extension 'python'
[2.526s] Level 1:colcon.colcon_core.package_identification:_identify(src/ros2_ouster_drivers/build/CMakeFiles/3.27.6/CompilerIdC/tmp) by extensions ['python_setup_py']
[2.526s] Level 1:colcon.colcon_core.package_identification:_identify(src/ros2_ouster_drivers/build/CMakeFiles/3.27.6/CompilerIdC/tmp) by extension 'python_setup_py'
[2.526s] Level 1:colcon.colcon_core.package_identification:_identify(src/ros2_ouster_drivers/build/CMakeFiles/3.27.6/CompilerIdCXX) by extensions ['ignore', 'ignore_ament_install']
[2.526s] Level 1:colcon.colcon_core.package_identification:_identify(src/ros2_ouster_drivers/build/CMakeFiles/3.27.6/CompilerIdCXX) by extension 'ignore'
[2.526s] Level 1:colcon.colcon_core.package_identification:_identify(src/ros2_ouster_drivers/build/CMakeFiles/3.27.6/CompilerIdCXX) by extension 'ignore_ament_install'
[2.526s] Level 1:colcon.colcon_core.package_identification:_identify(src/ros2_ouster_drivers/build/CMakeFiles/3.27.6/CompilerIdCXX) by extensions ['colcon_pkg']
[2.526s] Level 1:colcon.colcon_core.package_identification:_identify(src/ros2_ouster_drivers/build/CMakeFiles/3.27.6/CompilerIdCXX) by extension 'colcon_pkg'
[2.527s] Level 1:colcon.colcon_core.package_identification:_identify(src/ros2_ouster_drivers/build/CMakeFiles/3.27.6/CompilerIdCXX) by extensions ['colcon_meta']
[2.527s] Level 1:colcon.colcon_core.package_identification:_identify(src/ros2_ouster_drivers/build/CMakeFiles/3.27.6/CompilerIdCXX) by extension 'colcon_meta'
[2.527s] Level 1:colcon.colcon_core.package_identification:_identify(src/ros2_ouster_drivers/build/CMakeFiles/3.27.6/CompilerIdCXX) by extensions ['ros']
[2.527s] Level 1:colcon.colcon_core.package_identification:_identify(src/ros2_ouster_drivers/build/CMakeFiles/3.27.6/CompilerIdCXX) by extension 'ros'
[2.527s] Level 1:colcon.colcon_core.package_identification:_identify(src/ros2_ouster_drivers/build/CMakeFiles/3.27.6/CompilerIdCXX) by extensions ['cmake', 'python']
[2.527s] Level 1:colcon.colcon_core.package_identification:_identify(src/ros2_ouster_drivers/build/CMakeFiles/3.27.6/CompilerIdCXX) by extension 'cmake'
[2.527s] Level 1:colcon.colcon_core.package_identification:_identify(src/ros2_ouster_drivers/build/CMakeFiles/3.27.6/CompilerIdCXX) by extension 'python'
[2.527s] Level 1:colcon.colcon_core.package_identification:_identify(src/ros2_ouster_drivers/build/CMakeFiles/3.27.6/CompilerIdCXX) by extensions ['python_setup_py']
[2.527s] Level 1:colcon.colcon_core.package_identification:_identify(src/ros2_ouster_drivers/build/CMakeFiles/3.27.6/CompilerIdCXX) by extension 'python_setup_py'
[2.527s] Level 1:colcon.colcon_core.package_identification:_identify(src/ros2_ouster_drivers/build/CMakeFiles/3.27.6/CompilerIdCXX/tmp) by extensions ['ignore', 'ignore_ament_install']
[2.528s] Level 1:colcon.colcon_core.package_identification:_identify(src/ros2_ouster_drivers/build/CMakeFiles/3.27.6/CompilerIdCXX/tmp) by extension 'ignore'
[2.528s] Level 1:colcon.colcon_core.package_identification:_identify(src/ros2_ouster_drivers/build/CMakeFiles/3.27.6/CompilerIdCXX/tmp) by extension 'ignore_ament_install'
[2.528s] Level 1:colcon.colcon_core.package_identification:_identify(src/ros2_ouster_drivers/build/CMakeFiles/3.27.6/CompilerIdCXX/tmp) by extensions ['colcon_pkg']
[2.528s] Level 1:colcon.colcon_core.package_identification:_identify(src/ros2_ouster_drivers/build/CMakeFiles/3.27.6/CompilerIdCXX/tmp) by extension 'colcon_pkg'
[2.528s] Level 1:colcon.colcon_core.package_identification:_identify(src/ros2_ouster_drivers/build/CMakeFiles/3.27.6/CompilerIdCXX/tmp) by extensions ['colcon_meta']
[2.529s] Level 1:colcon.colcon_core.package_identification:_identify(src/ros2_ouster_drivers/build/CMakeFiles/3.27.6/CompilerIdCXX/tmp) by extension 'colcon_meta'
[2.529s] Level 1:colcon.colcon_core.package_identification:_identify(src/ros2_ouster_drivers/build/CMakeFiles/3.27.6/CompilerIdCXX/tmp) by extensions ['ros']
[2.529s] Level 1:colcon.colcon_core.package_identification:_identify(src/ros2_ouster_drivers/build/CMakeFiles/3.27.6/CompilerIdCXX/tmp) by extension 'ros'
[2.529s] Level 1:colcon.colcon_core.package_identification:_identify(src/ros2_ouster_drivers/build/CMakeFiles/3.27.6/CompilerIdCXX/tmp) by extensions ['cmake', 'python']
[2.529s] Level 1:colcon.colcon_core.package_identification:_identify(src/ros2_ouster_drivers/build/CMakeFiles/3.27.6/CompilerIdCXX/tmp) by extension 'cmake'
[2.529s] Level 1:colcon.colcon_core.package_identification:_identify(src/ros2_ouster_drivers/build/CMakeFiles/3.27.6/CompilerIdCXX/tmp) by extension 'python'
[2.529s] Level 1:colcon.colcon_core.package_identification:_identify(src/ros2_ouster_drivers/build/CMakeFiles/3.27.6/CompilerIdCXX/tmp) by extensions ['python_setup_py']
[2.529s] Level 1:colcon.colcon_core.package_identification:_identify(src/ros2_ouster_drivers/build/CMakeFiles/3.27.6/CompilerIdCXX/tmp) by extension 'python_setup_py'
[2.530s] Level 1:colcon.colcon_core.package_identification:_identify(src/ros2_ouster_drivers/build/CMakeFiles/pkgRedirects) by extensions ['ignore', 'ignore_ament_install']
[2.530s] Level 1:colcon.colcon_core.package_identification:_identify(src/ros2_ouster_drivers/build/CMakeFiles/pkgRedirects) by extension 'ignore'
[2.530s] Level 1:colcon.colcon_core.package_identification:_identify(src/ros2_ouster_drivers/build/CMakeFiles/pkgRedirects) by extension 'ignore_ament_install'
[2.530s] Level 1:colcon.colcon_core.package_identification:_identify(src/ros2_ouster_drivers/build/CMakeFiles/pkgRedirects) by extensions ['colcon_pkg']
[2.530s] Level 1:colcon.colcon_core.package_identification:_identify(src/ros2_ouster_drivers/build/CMakeFiles/pkgRedirects) by extension 'colcon_pkg'
[2.530s] Level 1:colcon.colcon_core.package_identification:_identify(src/ros2_ouster_drivers/build/CMakeFiles/pkgRedirects) by extensions ['colcon_meta']
[2.530s] Level 1:colcon.colcon_core.package_identification:_identify(src/ros2_ouster_drivers/build/CMakeFiles/pkgRedirects) by extension 'colcon_meta'
[2.530s] Level 1:colcon.colcon_core.package_identification:_identify(src/ros2_ouster_drivers/build/CMakeFiles/pkgRedirects) by extensions ['ros']
[2.530s] Level 1:colcon.colcon_core.package_identification:_identify(src/ros2_ouster_drivers/build/CMakeFiles/pkgRedirects) by extension 'ros'
[2.531s] Level 1:colcon.colcon_core.package_identification:_identify(src/ros2_ouster_drivers/build/CMakeFiles/pkgRedirects) by extensions ['cmake', 'python']
[2.531s] Level 1:colcon.colcon_core.package_identification:_identify(src/ros2_ouster_drivers/build/CMakeFiles/pkgRedirects) by extension 'cmake'
[2.531s] Level 1:colcon.colcon_core.package_identification:_identify(src/ros2_ouster_drivers/build/CMakeFiles/pkgRedirects) by extension 'python'
[2.531s] Level 1:colcon.colcon_core.package_identification:_identify(src/ros2_ouster_drivers/build/CMakeFiles/pkgRedirects) by extensions ['python_setup_py']
[2.531s] Level 1:colcon.colcon_core.package_identification:_identify(src/ros2_ouster_drivers/build/CMakeFiles/pkgRedirects) by extension 'python_setup_py'
[2.531s] Level 1:colcon.colcon_core.package_identification:_identify(src/ros2_ouster_drivers/build/ament_cmake_core) by extensions ['ignore', 'ignore_ament_install']
[2.532s] Level 1:colcon.colcon_core.package_identification:_identify(src/ros2_ouster_drivers/build/ament_cmake_core) by extension 'ignore'
[2.532s] Level 1:colcon.colcon_core.package_identification:_identify(src/ros2_ouster_drivers/build/ament_cmake_core) by extension 'ignore_ament_install'
[2.532s] Level 1:colcon.colcon_core.package_identification:_identify(src/ros2_ouster_drivers/build/ament_cmake_core) by extensions ['colcon_pkg']
[2.532s] Level 1:colcon.colcon_core.package_identification:_identify(src/ros2_ouster_drivers/build/ament_cmake_core) by extension 'colcon_pkg'
[2.532s] Level 1:colcon.colcon_core.package_identification:_identify(src/ros2_ouster_drivers/build/ament_cmake_core) by extensions ['colcon_meta']
[2.532s] Level 1:colcon.colcon_core.package_identification:_identify(src/ros2_ouster_drivers/build/ament_cmake_core) by extension 'colcon_meta'
[2.532s] Level 1:colcon.colcon_core.package_identification:_identify(src/ros2_ouster_drivers/build/ament_cmake_core) by extensions ['ros']
[2.532s] Level 1:colcon.colcon_core.package_identification:_identify(src/ros2_ouster_drivers/build/ament_cmake_core) by extension 'ros'
[2.532s] Level 1:colcon.colcon_core.package_identification:_identify(src/ros2_ouster_drivers/build/ament_cmake_core) by extensions ['cmake', 'python']
[2.533s] Level 1:colcon.colcon_core.package_identification:_identify(src/ros2_ouster_drivers/build/ament_cmake_core) by extension 'cmake'
[2.533s] Level 1:colcon.colcon_core.package_identification:_identify(src/ros2_ouster_drivers/build/ament_cmake_core) by extension 'python'
[2.533s] Level 1:colcon.colcon_core.package_identification:_identify(src/ros2_ouster_drivers/build/ament_cmake_core) by extensions ['python_setup_py']
[2.533s] Level 1:colcon.colcon_core.package_identification:_identify(src/ros2_ouster_drivers/build/ament_cmake_core) by extension 'python_setup_py'
[2.533s] Level 1:colcon.colcon_core.package_identification:_identify(src/ros2_ouster_drivers/build/ament_cmake_core/stamps) by extensions ['ignore', 'ignore_ament_install']
[2.533s] Level 1:colcon.colcon_core.package_identification:_identify(src/ros2_ouster_drivers/build/ament_cmake_core/stamps) by extension 'ignore'
[2.533s] Level 1:colcon.colcon_core.package_identification:_identify(src/ros2_ouster_drivers/build/ament_cmake_core/stamps) by extension 'ignore_ament_install'
[2.533s] Level 1:colcon.colcon_core.package_identification:_identify(src/ros2_ouster_drivers/build/ament_cmake_core/stamps) by extensions ['colcon_pkg']
[2.533s] Level 1:colcon.colcon_core.package_identification:_identify(src/ros2_ouster_drivers/build/ament_cmake_core/stamps) by extension 'colcon_pkg'
[2.534s] Level 1:colcon.colcon_core.package_identification:_identify(src/ros2_ouster_drivers/build/ament_cmake_core/stamps) by extensions ['colcon_meta']
[2.534s] Level 1:colcon.colcon_core.package_identification:_identify(src/ros2_ouster_drivers/build/ament_cmake_core/stamps) by extension 'colcon_meta'
[2.534s] Level 1:colcon.colcon_core.package_identification:_identify(src/ros2_ouster_drivers/build/ament_cmake_core/stamps) by extensions ['ros']
[2.534s] Level 1:colcon.colcon_core.package_identification:_identify(src/ros2_ouster_drivers/build/ament_cmake_core/stamps) by extension 'ros'
[2.534s] Level 1:colcon.colcon_core.package_identification:_identify(src/ros2_ouster_drivers/build/ament_cmake_core/stamps) by extensions ['cmake', 'python']
[2.534s] Level 1:colcon.colcon_core.package_identification:_identify(src/ros2_ouster_drivers/build/ament_cmake_core/stamps) by extension 'cmake'
[2.534s] Level 1:colcon.colcon_core.package_identification:_identify(src/ros2_ouster_drivers/build/ament_cmake_core/stamps) by extension 'python'
[2.534s] Level 1:colcon.colcon_core.package_identification:_identify(src/ros2_ouster_drivers/build/ament_cmake_core/stamps) by extensions ['python_setup_py']
[2.534s] Level 1:colcon.colcon_core.package_identification:_identify(src/ros2_ouster_drivers/build/ament_cmake_core/stamps) by extension 'python_setup_py'
[2.535s] Level 1:colcon.colcon_core.package_identification:_identify(src/ros2_ouster_drivers/build/ament_cmake_package_templates) by extensions ['ignore', 'ignore_ament_install']
[2.535s] Level 1:colcon.colcon_core.package_identification:_identify(src/ros2_ouster_drivers/build/ament_cmake_package_templates) by extension 'ignore'
[2.535s] Level 1:colcon.colcon_core.package_identification:_identify(src/ros2_ouster_drivers/build/ament_cmake_package_templates) by extension 'ignore_ament_install'
[2.535s] Level 1:colcon.colcon_core.package_identification:_identify(src/ros2_ouster_drivers/build/ament_cmake_package_templates) by extensions ['colcon_pkg']
[2.535s] Level 1:colcon.colcon_core.package_identification:_identify(src/ros2_ouster_drivers/build/ament_cmake_package_templates) by extension 'colcon_pkg'
[2.535s] Level 1:colcon.colcon_core.package_identification:_identify(src/ros2_ouster_drivers/build/ament_cmake_package_templates) by extensions ['colcon_meta']
[2.535s] Level 1:colcon.colcon_core.package_identification:_identify(src/ros2_ouster_drivers/build/ament_cmake_package_templates) by extension 'colcon_meta'
[2.535s] Level 1:colcon.colcon_core.package_identification:_identify(src/ros2_ouster_drivers/build/ament_cmake_package_templates) by extensions ['ros']
[2.535s] Level 1:colcon.colcon_core.package_identification:_identify(src/ros2_ouster_drivers/build/ament_cmake_package_templates) by extension 'ros'
[2.535s] Level 1:colcon.colcon_core.package_identification:_identify(src/ros2_ouster_drivers/build/ament_cmake_package_templates) by extensions ['cmake', 'python']
[2.536s] Level 1:colcon.colcon_core.package_identification:_identify(src/ros2_ouster_drivers/build/ament_cmake_package_templates) by extension 'cmake'
[2.536s] Level 1:colcon.colcon_core.package_identification:_identify(src/ros2_ouster_drivers/build/ament_cmake_package_templates) by extension 'python'
[2.536s] Level 1:colcon.colcon_core.package_identification:_identify(src/ros2_ouster_drivers/build/ament_cmake_package_templates) by extensions ['python_setup_py']
[2.536s] Level 1:colcon.colcon_core.package_identification:_identify(src/ros2_ouster_drivers/build/ament_cmake_package_templates) by extension 'python_setup_py'
[2.536s] Level 1:colcon.colcon_core.package_identification:_identify(src/ros2_ouster_drivers/build/ament_cmake_uninstall_target) by extensions ['ignore', 'ignore_ament_install']
[2.536s] Level 1:colcon.colcon_core.package_identification:_identify(src/ros2_ouster_drivers/build/ament_cmake_uninstall_target) by extension 'ignore'
[2.536s] Level 1:colcon.colcon_core.package_identification:_identify(src/ros2_ouster_drivers/build/ament_cmake_uninstall_target) by extension 'ignore_ament_install'
[2.536s] Level 1:colcon.colcon_core.package_identification:_identify(src/ros2_ouster_drivers/build/ament_cmake_uninstall_target) by extensions ['colcon_pkg']
[2.536s] Level 1:colcon.colcon_core.package_identification:_identify(src/ros2_ouster_drivers/build/ament_cmake_uninstall_target) by extension 'colcon_pkg'
[2.537s] Level 1:colcon.colcon_core.package_identification:_identify(src/ros2_ouster_drivers/build/ament_cmake_uninstall_target) by extensions ['colcon_meta']
[2.537s] Level 1:colcon.colcon_core.package_identification:_identify(src/ros2_ouster_drivers/build/ament_cmake_uninstall_target) by extension 'colcon_meta'
[2.537s] Level 1:colcon.colcon_core.package_identification:_identify(src/ros2_ouster_drivers/build/ament_cmake_uninstall_target) by extensions ['ros']
[2.537s] Level 1:colcon.colcon_core.package_identification:_identify(src/ros2_ouster_drivers/build/ament_cmake_uninstall_target) by extension 'ros'
[2.537s] Level 1:colcon.colcon_core.package_identification:_identify(src/ros2_ouster_drivers/build/ament_cmake_uninstall_target) by extensions ['cmake', 'python']
[2.537s] Level 1:colcon.colcon_core.package_identification:_identify(src/ros2_ouster_drivers/build/ament_cmake_uninstall_target) by extension 'cmake'
[2.537s] Level 1:colcon.colcon_core.package_identification:_identify(src/ros2_ouster_drivers/build/ament_cmake_uninstall_target) by extension 'python'
[2.537s] Level 1:colcon.colcon_core.package_identification:_identify(src/ros2_ouster_drivers/build/ament_cmake_uninstall_target) by extensions ['python_setup_py']
[2.537s] Level 1:colcon.colcon_core.package_identification:_identify(src/ros2_ouster_drivers/build/ament_cmake_uninstall_target) by extension 'python_setup_py'
[2.538s] Level 1:colcon.colcon_core.package_identification:_identify(src/ros2_ouster_drivers/ouster_msgs) by extensions ['ignore', 'ignore_ament_install']
[2.538s] Level 1:colcon.colcon_core.package_identification:_identify(src/ros2_ouster_drivers/ouster_msgs) by extension 'ignore'
[2.538s] Level 1:colcon.colcon_core.package_identification:_identify(src/ros2_ouster_drivers/ouster_msgs) by extension 'ignore_ament_install'
[2.538s] Level 1:colcon.colcon_core.package_identification:_identify(src/ros2_ouster_drivers/ouster_msgs) by extensions ['colcon_pkg']
[2.538s] Level 1:colcon.colcon_core.package_identification:_identify(src/ros2_ouster_drivers/ouster_msgs) by extension 'colcon_pkg'
[2.538s] Level 1:colcon.colcon_core.package_identification:_identify(src/ros2_ouster_drivers/ouster_msgs) by extensions ['colcon_meta']
[2.538s] Level 1:colcon.colcon_core.package_identification:_identify(src/ros2_ouster_drivers/ouster_msgs) by extension 'colcon_meta'
[2.538s] Level 1:colcon.colcon_core.package_identification:_identify(src/ros2_ouster_drivers/ouster_msgs) by extensions ['ros']
[2.538s] Level 1:colcon.colcon_core.package_identification:_identify(src/ros2_ouster_drivers/ouster_msgs) by extension 'ros'
[2.539s] DEBUG:colcon.colcon_core.package_identification:Package 'src/ros2_ouster_drivers/ouster_msgs' with type 'ros.ament_cmake' and name 'ouster_msgs'
[2.540s] Level 1:colcon.colcon_core.package_identification:_identify(src/ros2_ouster_drivers/ros2_ouster) by extensions ['ignore', 'ignore_ament_install']
[2.540s] Level 1:colcon.colcon_core.package_identification:_identify(src/ros2_ouster_drivers/ros2_ouster) by extension 'ignore'
[2.540s] Level 1:colcon.colcon_core.package_identification:_identify(src/ros2_ouster_drivers/ros2_ouster) by extension 'ignore_ament_install'
[2.540s] Level 1:colcon.colcon_core.package_identification:_identify(src/ros2_ouster_drivers/ros2_ouster) by extensions ['colcon_pkg']
[2.540s] Level 1:colcon.colcon_core.package_identification:_identify(src/ros2_ouster_drivers/ros2_ouster) by extension 'colcon_pkg'
[2.540s] Level 1:colcon.colcon_core.package_identification:_identify(src/ros2_ouster_drivers/ros2_ouster) by extensions ['colcon_meta']
[2.540s] Level 1:colcon.colcon_core.package_identification:_identify(src/ros2_ouster_drivers/ros2_ouster) by extension 'colcon_meta'
[2.540s] Level 1:colcon.colcon_core.package_identification:_identify(src/ros2_ouster_drivers/ros2_ouster) by extensions ['ros']
[2.540s] Level 1:colcon.colcon_core.package_identification:_identify(src/ros2_ouster_drivers/ros2_ouster) by extension 'ros'
[2.543s] DEBUG:colcon.colcon_core.package_identification:Package 'src/ros2_ouster_drivers/ros2_ouster' with type 'ros.ament_cmake' and name 'ros2_ouster'
[2.543s] Level 1:colcon.colcon_core.package_discovery:discover_packages(recursive) using defaults
[2.543s] Level 1:colcon.colcon_core.package_discovery:discover_packages(ignore) discover
[2.543s] Level 1:colcon.colcon_core.package_discovery:discover_packages(ignore) using defaults
[2.543s] Level 1:colcon.colcon_core.package_discovery:discover_packages(path) discover
[2.543s] Level 1:colcon.colcon_core.package_discovery:discover_packages(path) using defaults
[2.691s] INFO:colcon.colcon_core.package_selection:Skipping not selected package 'ouster_msgs' in 'src/ros2_ouster_drivers/ouster_msgs'
[2.691s] INFO:colcon.colcon_core.package_selection:Skipping not selected package 'pcl_msgs' in 'src/pcl_msgs'
[2.691s] INFO:colcon.colcon_core.package_selection:Skipping not selected package 'pcl_conversions' in 'src/perception_pcl/pcl_conversions'
[2.691s] INFO:colcon.colcon_core.package_selection:Skipping not selected package 'pcl_ros' in 'src/perception_pcl/pcl_ros'
[2.691s] INFO:colcon.colcon_core.package_selection:Skipping not selected package 'ros2_ouster' in 'src/ros2_ouster_drivers/ros2_ouster'
[2.691s] INFO:colcon.colcon_core.package_selection:Skipping not selected package 'perception_pcl' in 'src/perception_pcl/perception_pcl'
[2.723s] Level 5:colcon.colcon_core.verb:set package 'aurora_core' build argument 'cmake_args' from command line to 'None'
[2.723s] Level 5:colcon.colcon_core.verb:set package 'aurora_core' build argument 'cmake_target' from command line to 'None'
[2.723s] Level 5:colcon.colcon_core.verb:set package 'aurora_core' build argument 'cmake_target_skip_unavailable' from command line to 'False'
[2.723s] Level 5:colcon.colcon_core.verb:set package 'aurora_core' build argument 'cmake_clean_cache' from command line to 'False'
[2.723s] Level 5:colcon.colcon_core.verb:set package 'aurora_core' build argument 'cmake_clean_first' from command line to 'False'
[2.723s] Level 5:colcon.colcon_core.verb:set package 'aurora_core' build argument 'cmake_force_configure' from command line to 'False'
[2.723s] Level 5:colcon.colcon_core.verb:set package 'aurora_core' build argument 'ament_cmake_args' from command line to 'None'
[2.724s] Level 5:colcon.colcon_core.verb:set package 'aurora_core' build argument 'catkin_cmake_args' from command line to 'None'
[2.724s] Level 5:colcon.colcon_core.verb:set package 'aurora_core' build argument 'catkin_skip_building_tests' from command line to 'False'
[2.724s] DEBUG:colcon.colcon_core.verb:Building package 'aurora_core' with the following arguments: {'ament_cmake_args': None, 'build_base': '/home/brown/Projects/MiningRobot/ros2_workspace/build/aurora_core', 'catkin_cmake_args': None, 'catkin_skip_building_tests': False, 'cmake_args': None, 'cmake_clean_cache': False, 'cmake_clean_first': False, 'cmake_force_configure': False, 'cmake_target': None, 'cmake_target_skip_unavailable': False, 'install_base': '/home/brown/Projects/MiningRobot/ros2_workspace/install/aurora_core', 'merge_install': False, 'path': '/home/brown/Projects/MiningRobot/ros2_workspace/aurora_core_sl', 'symlink_install': False, 'test_result_base': None}
[2.756s] INFO:colcon.colcon_core.executor:Executing jobs using 'parallel' executor
[2.792s] DEBUG:colcon.colcon_parallel_executor.executor.parallel:run_until_complete
[2.792s] INFO:colcon.colcon_ros.task.ament_cmake.build:Building ROS package in '/home/brown/Projects/MiningRobot/ros2_workspace/aurora_core_sl' with build type 'ament_cmake'
[2.793s] INFO:colcon.colcon_cmake.task.cmake.build:Building CMake package in '/home/brown/Projects/MiningRobot/ros2_workspace/aurora_core_sl'
[2.836s] INFO:colcon.colcon_core.plugin_system:Skipping extension 'colcon_core.shell.bat': Not used on non-Windows systems
[2.837s] INFO:colcon.colcon_core.shell:Skip shell extension 'powershell' for command environment: Not usable outside of PowerShell
[2.837s] DEBUG:colcon.colcon_core.shell:Skip shell extension 'dsv' for command environment
[3.035s] DEBUG:colcon.colcon_core.event_handler.log_command:Invoking command in '/home/brown/Projects/MiningRobot/ros2_workspace/build/aurora_core': CMAKE_PREFIX_PATH=/home/brown/Projects/MiningRobot/ros2_workspace/install/ros2_ouster:/home/brown/Projects/MiningRobot/ros2_workspace/install/pcl_conversions:/home/brown/Projects/MiningRobot/ros2_workspace/install/pcl_msgs:/home/brown/Projects/MiningRobot/ros2_workspace/install/ouster_msgs:/home/brown/Projects/MiningRobot/ros2_workspace/install/aurora_core:/home/brown/Projects/MiningRobot/ros2_workspace/install/perception_pcl:/home/brown/Projects/MiningRobot/ros2_workspace/install/pcl_ros:/opt/ros/humble LD_LIBRARY_PATH=/home/brown/Projects/MiningRobot/ros2_workspace/install/ros2_ouster/lib:/home/brown/Projects/MiningRobot/ros2_workspace/install/pcl_msgs/lib:/home/brown/Projects/MiningRobot/ros2_workspace/install/ouster_msgs/lib:/home/brown/Projects/MiningRobot/ros2_workspace/install/pcl_ros/lib:/opt/ros/humble/opt/yaml_cpp_vendor/lib:/opt/ros/humble/opt/rviz_ogre_vendor/lib:/opt/ros/humble/lib _=/usr/bin/env /usr/bin/cmake --build /home/brown/Projects/MiningRobot/ros2_workspace/build/aurora_core -- -j4 -l4
[16.068s] DEBUG:colcon.colcon_core.event_handler.log_command:Invoked command in '/home/brown/Projects/MiningRobot/ros2_workspace/build/aurora_core' returned '0': CMAKE_PREFIX_PATH=/home/brown/Projects/MiningRobot/ros2_workspace/install/ros2_ouster:/home/brown/Projects/MiningRobot/ros2_workspace/install/pcl_conversions:/home/brown/Projects/MiningRobot/ros2_workspace/install/pcl_msgs:/home/brown/Projects/MiningRobot/ros2_workspace/install/ouster_msgs:/home/brown/Projects/MiningRobot/ros2_workspace/install/aurora_core:/home/brown/Projects/MiningRobot/ros2_workspace/install/perception_pcl:/home/brown/Projects/MiningRobot/ros2_workspace/install/pcl_ros:/opt/ros/humble LD_LIBRARY_PATH=/home/brown/Projects/MiningRobot/ros2_workspace/install/ros2_ouster/lib:/home/brown/Projects/MiningRobot/ros2_workspace/install/pcl_msgs/lib:/home/brown/Projects/MiningRobot/ros2_workspace/install/ouster_msgs/lib:/home/brown/Projects/MiningRobot/ros2_workspace/install/pcl_ros/lib:/opt/ros/humble/opt/yaml_cpp_vendor/lib:/opt/ros/humble/opt/rviz_ogre_vendor/lib:/opt/ros/humble/lib _=/usr/bin/env /usr/bin/cmake --build /home/brown/Projects/MiningRobot/ros2_workspace/build/aurora_core -- -j4 -l4
[16.197s] DEBUG:colcon.colcon_core.event_handler.log_command:Invoking command in '/home/brown/Projects/MiningRobot/ros2_workspace/build/aurora_core': CMAKE_PREFIX_PATH=/home/brown/Projects/MiningRobot/ros2_workspace/install/ros2_ouster:/home/brown/Projects/MiningRobot/ros2_workspace/install/pcl_conversions:/home/brown/Projects/MiningRobot/ros2_workspace/install/pcl_msgs:/home/brown/Projects/MiningRobot/ros2_workspace/install/ouster_msgs:/home/brown/Projects/MiningRobot/ros2_workspace/install/aurora_core:/home/brown/Projects/MiningRobot/ros2_workspace/install/perception_pcl:/home/brown/Projects/MiningRobot/ros2_workspace/install/pcl_ros:/opt/ros/humble LD_LIBRARY_PATH=/home/brown/Projects/MiningRobot/ros2_workspace/install/ros2_ouster/lib:/home/brown/Projects/MiningRobot/ros2_workspace/install/pcl_msgs/lib:/home/brown/Projects/MiningRobot/ros2_workspace/install/ouster_msgs/lib:/home/brown/Projects/MiningRobot/ros2_workspace/install/pcl_ros/lib:/opt/ros/humble/opt/yaml_cpp_vendor/lib:/opt/ros/humble/opt/rviz_ogre_vendor/lib:/opt/ros/humble/lib _=/usr/bin/env /usr/bin/cmake --install /home/brown/Projects/MiningRobot/ros2_workspace/build/aurora_core
[16.230s] Level 1:colcon.colcon_core.environment:create_environment_scripts_only(aurora_core)
[16.240s] DEBUG:colcon.colcon_core.event_handler.log_command:Invoked command in '/home/brown/Projects/MiningRobot/ros2_workspace/build/aurora_core' returned '0': CMAKE_PREFIX_PATH=/home/brown/Projects/MiningRobot/ros2_workspace/install/ros2_ouster:/home/brown/Projects/MiningRobot/ros2_workspace/install/pcl_conversions:/home/brown/Projects/MiningRobot/ros2_workspace/install/pcl_msgs:/home/brown/Projects/MiningRobot/ros2_workspace/install/ouster_msgs:/home/brown/Projects/MiningRobot/ros2_workspace/install/aurora_core:/home/brown/Projects/MiningRobot/ros2_workspace/install/perception_pcl:/home/brown/Projects/MiningRobot/ros2_workspace/install/pcl_ros:/opt/ros/humble LD_LIBRARY_PATH=/home/brown/Projects/MiningRobot/ros2_workspace/install/ros2_ouster/lib:/home/brown/Projects/MiningRobot/ros2_workspace/install/pcl_msgs/lib:/home/brown/Projects/MiningRobot/ros2_workspace/install/ouster_msgs/lib:/home/brown/Projects/MiningRobot/ros2_workspace/install/pcl_ros/lib:/opt/ros/humble/opt/yaml_cpp_vendor/lib:/opt/ros/humble/opt/rviz_ogre_vendor/lib:/opt/ros/humble/lib _=/usr/bin/env /usr/bin/cmake --install /home/brown/Projects/MiningRobot/ros2_workspace/build/aurora_core
[16.296s] Level 1:colcon.colcon_core.environment:checking '/home/brown/Projects/MiningRobot/ros2_workspace/install/aurora_core' for CMake module files
[16.297s] Level 1:colcon.colcon_core.environment:checking '/home/brown/Projects/MiningRobot/ros2_workspace/install/aurora_core' for CMake config files
[16.298s] Level 1:colcon.colcon_core.shell:create_environment_hook('aurora_core', 'cmake_prefix_path')
[16.356s] INFO:colcon.colcon_core.shell:Creating environment hook '/home/brown/Projects/MiningRobot/ros2_workspace/install/aurora_core/share/aurora_core/hook/cmake_prefix_path.ps1'
[16.359s] INFO:colcon.colcon_core.shell:Creating environment descriptor '/home/brown/Projects/MiningRobot/ros2_workspace/install/aurora_core/share/aurora_core/hook/cmake_prefix_path.dsv'
[16.360s] INFO:colcon.colcon_core.shell:Creating environment hook '/home/brown/Projects/MiningRobot/ros2_workspace/install/aurora_core/share/aurora_core/hook/cmake_prefix_path.sh'
[16.362s] Level 1:colcon.colcon_core.environment:checking '/home/brown/Projects/MiningRobot/ros2_workspace/install/aurora_core/lib'
[16.362s] Level 1:colcon.colcon_core.environment:checking '/home/brown/Projects/MiningRobot/ros2_workspace/install/aurora_core/bin'
[16.362s] Level 1:colcon.colcon_core.environment:checking '/home/brown/Projects/MiningRobot/ros2_workspace/install/aurora_core/lib/pkgconfig/aurora_core.pc'
[16.365s] Level 1:colcon.colcon_core.environment:checking '/home/brown/Projects/MiningRobot/ros2_workspace/install/aurora_core/lib/python3.11/site-packages'
[16.365s] Level 1:colcon.colcon_core.environment:checking '/home/brown/Projects/MiningRobot/ros2_workspace/install/aurora_core/bin'
[16.420s] INFO:colcon.colcon_core.shell:Creating package script '/home/brown/Projects/MiningRobot/ros2_workspace/install/aurora_core/share/aurora_core/package.ps1'
[16.423s] INFO:colcon.colcon_core.shell:Creating package descriptor '/home/brown/Projects/MiningRobot/ros2_workspace/install/aurora_core/share/aurora_core/package.dsv'
[16.426s] INFO:colcon.colcon_core.shell:Creating package script '/home/brown/Projects/MiningRobot/ros2_workspace/install/aurora_core/share/aurora_core/package.sh'
[16.429s] INFO:colcon.colcon_core.shell:Creating package script '/home/brown/Projects/MiningRobot/ros2_workspace/install/aurora_core/share/aurora_core/package.bash'
[16.431s] INFO:colcon.colcon_core.shell:Creating package script '/home/brown/Projects/MiningRobot/ros2_workspace/install/aurora_core/share/aurora_core/package.zsh'
[16.433s] Level 1:colcon.colcon_core.environment:create_file_with_runtime_dependencies(/home/brown/Projects/MiningRobot/ros2_workspace/install/aurora_core/share/colcon-core/packages/aurora_core)
[16.700s] Level 1:colcon.colcon_core.environment:create_environment_scripts_only(aurora_core)
[16.754s] Level 1:colcon.colcon_core.environment:checking '/home/brown/Projects/MiningRobot/ros2_workspace/install/aurora_core' for CMake module files
[16.755s] Level 1:colcon.colcon_core.environment:checking '/home/brown/Projects/MiningRobot/ros2_workspace/install/aurora_core' for CMake config files
[16.755s] Level 1:colcon.colcon_core.shell:create_environment_hook('aurora_core', 'cmake_prefix_path')
[16.791s] INFO:colcon.colcon_core.shell:Creating environment hook '/home/brown/Projects/MiningRobot/ros2_workspace/install/aurora_core/share/aurora_core/hook/cmake_prefix_path.ps1'
[16.793s] INFO:colcon.colcon_core.shell:Creating environment descriptor '/home/brown/Projects/MiningRobot/ros2_workspace/install/aurora_core/share/aurora_core/hook/cmake_prefix_path.dsv'
[16.794s] INFO:colcon.colcon_core.shell:Creating environment hook '/home/brown/Projects/MiningRobot/ros2_workspace/install/aurora_core/share/aurora_core/hook/cmake_prefix_path.sh'
[16.795s] Level 1:colcon.colcon_core.environment:checking '/home/brown/Projects/MiningRobot/ros2_workspace/install/aurora_core/lib'
[16.795s] Level 1:colcon.colcon_core.environment:checking '/home/brown/Projects/MiningRobot/ros2_workspace/install/aurora_core/bin'
[16.795s] Level 1:colcon.colcon_core.environment:checking '/home/brown/Projects/MiningRobot/ros2_workspace/install/aurora_core/lib/pkgconfig/aurora_core.pc'
[16.796s] Level 1:colcon.colcon_core.environment:checking '/home/brown/Projects/MiningRobot/ros2_workspace/install/aurora_core/lib/python3.11/site-packages'
[16.796s] Level 1:colcon.colcon_core.environment:checking '/home/brown/Projects/MiningRobot/ros2_workspace/install/aurora_core/bin'
[16.828s] INFO:colcon.colcon_core.shell:Creating package script '/home/brown/Projects/MiningRobot/ros2_workspace/install/aurora_core/share/aurora_core/package.ps1'
[16.829s] INFO:colcon.colcon_core.shell:Creating package descriptor '/home/brown/Projects/MiningRobot/ros2_workspace/install/aurora_core/share/aurora_core/package.dsv'
[16.831s] INFO:colcon.colcon_core.shell:Creating package script '/home/brown/Projects/MiningRobot/ros2_workspace/install/aurora_core/share/aurora_core/package.sh'
[16.832s] INFO:colcon.colcon_core.shell:Creating package script '/home/brown/Projects/MiningRobot/ros2_workspace/install/aurora_core/share/aurora_core/package.bash'
[16.832s] INFO:colcon.colcon_core.shell:Creating package script '/home/brown/Projects/MiningRobot/ros2_workspace/install/aurora_core/share/aurora_core/package.zsh'
[16.833s] Level 1:colcon.colcon_core.environment:create_file_with_runtime_dependencies(/home/brown/Projects/MiningRobot/ros2_workspace/install/aurora_core/share/colcon-core/packages/aurora_core)
[16.833s] DEBUG:colcon.colcon_parallel_executor.executor.parallel:closing loop
[16.834s] DEBUG:colcon.colcon_parallel_executor.executor.parallel:loop closed
[16.834s] DEBUG:colcon.colcon_parallel_executor.executor.parallel:run_until_complete finished with '0'
[16.834s] DEBUG:colcon.colcon_core.event_reactor:joining thread
[16.894s] INFO:colcon.colcon_core.plugin_system:Skipping extension 'colcon_notification.desktop_notification.terminal_notifier': Not used on non-Darwin systems
[16.895s] INFO:colcon.colcon_core.plugin_system:Skipping extension 'colcon_notification.desktop_notification.win32': Not used on non-Windows systems
[16.895s] INFO:colcon.colcon_notification.desktop_notification:Sending desktop notification using 'notify2'
[16.951s] DEBUG:colcon.colcon_core.event_reactor:joined thread
[16.979s] INFO:colcon.colcon_core.shell:Creating prefix script '/home/brown/Projects/MiningRobot/ros2_workspace/install/local_setup.ps1'
[16.980s] INFO:colcon.colcon_core.shell:Creating prefix util module '/home/brown/Projects/MiningRobot/ros2_workspace/install/_local_setup_util_ps1.py'
[16.982s] INFO:colcon.colcon_core.shell:Creating prefix chain script '/home/brown/Projects/MiningRobot/ros2_workspace/install/setup.ps1'
[17.025s] INFO:colcon.colcon_core.shell:Creating prefix script '/home/brown/Projects/MiningRobot/ros2_workspace/install/local_setup.sh'
[17.026s] INFO:colcon.colcon_core.shell:Creating prefix util module '/home/brown/Projects/MiningRobot/ros2_workspace/install/_local_setup_util_sh.py'
[17.027s] INFO:colcon.colcon_core.shell:Creating prefix chain script '/home/brown/Projects/MiningRobot/ros2_workspace/install/setup.sh'
[17.055s] INFO:colcon.colcon_core.shell:Creating prefix script '/home/brown/Projects/MiningRobot/ros2_workspace/install/local_setup.bash'
[17.056s] INFO:colcon.colcon_core.shell:Creating prefix chain script '/home/brown/Projects/MiningRobot/ros2_workspace/install/setup.bash'
[17.090s] INFO:colcon.colcon_core.shell:Creating prefix script '/home/brown/Projects/MiningRobot/ros2_workspace/install/local_setup.zsh'
[17.091s] INFO:colcon.colcon_core.shell:Creating prefix chain script '/home/brown/Projects/MiningRobot/ros2_workspace/install/setup.zsh'
