[0.321s] Invoking command in '/home/brown/Projects/MiningRobot/autonomy/ros2_workspace/build/pcl_ros': CMAKE_PREFIX_PATH=/home/brown/Projects/MiningRobot/autonomy/ros2_workspace/install/pcl_conversions:/home/brown/Projects/MiningRobot/autonomy/ros2_workspace/install/pcl_msgs:/home/brown/Projects/MiningRobot/autonomy/ros2_workspace/install/aurora_core:/home/brown/Projects/MiningRobot/autonomy/ros2_workspace/install/ros2_ouster:/home/brown/Projects/MiningRobot/autonomy/ros2_workspace/install/perception_pcl:/home/brown/Projects/MiningRobot/autonomy/ros2_workspace/install/pcl_ros:/home/brown/Projects/MiningRobot/autonomy/ros2_workspace/install/ouster_msgs:/home/brown/Projects/MiningRobot/ros2_workspace/install/aurora_core:/home/brown/Projects/MiningRobot/ros2_workspace/install/ros2_ouster:/home/brown/Projects/MiningRobot/ros2_workspace/install/perception_pcl:/home/brown/Projects/MiningRobot/ros2_workspace/install/pcl_ros:/home/brown/Projects/MiningRobot/ros2_workspace/install/pcl_conversions:/home/brown/Projects/MiningRobot/ros2_workspace/install/pcl_msgs:/home/brown/Projects/MiningRobot/ros2_workspace/install/ouster_msgs:/opt/ros/humble LD_LIBRARY_PATH=/home/brown/Projects/MiningRobot/autonomy/ros2_workspace/install/pcl_msgs/lib:/home/brown/Projects/MiningRobot/autonomy/ros2_workspace/install/ros2_ouster/lib:/home/brown/Projects/MiningRobot/autonomy/ros2_workspace/install/pcl_ros/lib:/home/brown/Projects/MiningRobot/autonomy/ros2_workspace/install/ouster_msgs/lib:/home/brown/Projects/MiningRobot/ros2_workspace/install/ros2_ouster/lib:/home/brown/Projects/MiningRobot/ros2_workspace/install/pcl_ros/lib:/home/brown/Projects/MiningRobot/ros2_workspace/install/pcl_msgs/lib:/home/brown/Projects/MiningRobot/ros2_workspace/install/ouster_msgs/lib:/opt/ros/humble/opt/yaml_cpp_vendor/lib:/opt/ros/humble/opt/rviz_ogre_vendor/lib:/opt/ros/humble/lib _=/usr/bin/env /usr/bin/cmake /home/brown/Projects/MiningRobot/autonomy/ros2_workspace/src/perception_pcl/pcl_ros -DCMAKE_INSTALL_PREFIX=/home/brown/Projects/MiningRobot/autonomy/ros2_workspace/install/pcl_ros
[0.440s] -- The C compiler identification is GNU 13.2.1
[0.650s] -- The CXX compiler identification is GNU 13.2.1
[0.692s] -- Detecting C compiler ABI info
[0.852s] -- Detecting C compiler ABI info - done
[0.872s] -- Check for working C compiler: /usr/bin/cc - skipped
[0.873s] -- Detecting C compile features
[0.873s] -- Detecting C compile features - done
[0.893s] -- Detecting CXX compiler ABI info
[1.109s] -- Detecting CXX compiler ABI info - done
[1.123s] -- Check for working CXX compiler: /usr/bin/c++ - skipped
[1.124s] -- Detecting CXX compile features
[1.124s] -- Detecting CXX compile features - done
[1.185s] [33mCMake Warning (dev) at /usr/share/pcl-1.13/PCLConfig.cmake:143 (find_package):
[1.185s]   Policy CMP0144 is not set: find_package uses upper-case <PACKAGENAME>_ROOT
[1.185s]   variables.  Run "cmake --help-policy CMP0144" for policy details.  Use the
[1.185s]   cmake_policy command to set the policy and suppress this warning.
[1.185s] 
[1.186s]   CMake variable EIGEN_ROOT is set to:
[1.186s] 
[1.186s]     /usr/include/eigen3
[1.186s] 
[1.186s]   For compatibility, find_package is ignoring the variable, but code in a
[1.186s]   .cmake module might still use it.
[1.187s] Call Stack (most recent call first):
[1.187s]   /usr/share/pcl-1.13/PCLConfig.cmake:296 (find_eigen)
[1.187s]   /usr/share/pcl-1.13/PCLConfig.cmake:549 (find_external_library)
[1.187s]   CMakeLists.txt:13 (find_package)
[1.187s] This warning is for project developers.  Use -Wno-dev to suppress it.
[1.187s] [0m
[1.192s] -- Checking for module 'eigen3'
[1.214s] --   Found eigen3, version 3.4.0
[1.260s] -- Found Eigen: /usr/include/eigen3 (Required is at least version "3.3") 
[1.260s] -- Eigen found (include: /usr/include/eigen3, version: 3.4.0)
[1.332s] [33mCMake Warning (dev) at /usr/share/pcl-1.13/Modules/FindFLANN.cmake:45 (find_package):
[1.332s]   Policy CMP0144 is not set: find_package uses upper-case <PACKAGENAME>_ROOT
[1.332s]   variables.  Run "cmake --help-policy CMP0144" for policy details.  Use the
[1.332s]   cmake_policy command to set the policy and suppress this warning.
[1.332s] 
[1.332s]   CMake variable FLANN_ROOT is set to:
[1.333s] 
[1.333s]     /usr
[1.333s] 
[1.333s]   For compatibility, find_package is ignoring the variable, but code in a
[1.333s]   .cmake module might still use it.
[1.333s] Call Stack (most recent call first):
[1.334s]   /usr/share/pcl-1.13/PCLConfig.cmake:253 (find_package)
[1.334s]   /usr/share/pcl-1.13/PCLConfig.cmake:298 (find_flann)
[1.334s]   /usr/share/pcl-1.13/PCLConfig.cmake:549 (find_external_library)
[1.334s]   CMakeLists.txt:13 (find_package)
[1.334s] This warning is for project developers.  Use -Wno-dev to suppress it.
[1.335s] [0m
[1.335s] -- Found flann version 1.9.2
[1.963s] -- Performing Test CMAKE_HAVE_LIBC_PTHREAD
[2.105s] -- Performing Test CMAKE_HAVE_LIBC_PTHREAD - Success
[2.107s] -- Found Threads: TRUE  
[2.515s] -- Found MPI_C: /usr/lib/libmpi.so (found version "3.1") 
[5.779s] -- Found MPI_CXX: /usr/lib/libmpi_cxx.so (found version "3.1") 
[5.779s] -- Found MPI: TRUE (found version "3.1")  
[8.160s] -- Found Pcap: /usr/lib/libpcap.so  
[8.196s] -- Found ZLIB: /usr/lib/libz.so (found version "1.3")  
[8.240s] -- Found PNG: /usr/lib/libpng.so (found version "1.6.40") 
[8.830s] -- Checking for module 'libusb-1.0'
[8.848s] --   Found libusb-1.0, version 1.0.26
[8.901s] -- Found libusb: /usr/lib/libusb-1.0.so  
[8.928s] -- Eigen found (include: /usr/include/eigen3, version: 3.4.0)
[8.939s] -- Found Qhull version 8.0.2
[9.550s] -- Found PCL_COMMON: /usr/lib/libpcl_common.so  
[9.553s] -- Found PCL_KDTREE: /usr/lib/libpcl_kdtree.so  
[9.556s] -- Found PCL_OCTREE: /usr/lib/libpcl_octree.so  
[9.559s] -- Found PCL_SEARCH: /usr/lib/libpcl_search.so  
[9.560s] -- Found PCL_2D: /usr/include/pcl-1.13  
[9.562s] -- Found PCL_FEATURES: /usr/lib/libpcl_features.so  
[9.565s] -- Found PCL_SAMPLE_CONSENSUS: /usr/lib/libpcl_sample_consensus.so  
[9.568s] -- Found PCL_FILTERS: /usr/lib/libpcl_filters.so  
[9.571s] -- Found PCL_IO: /usr/lib/libpcl_io.so  
[9.572s] -- Found PCL_GEOMETRY: /usr/include/pcl-1.13  
[9.576s] -- Found PCL_ML: /usr/lib/libpcl_ml.so  
[9.580s] -- Found PCL_SEGMENTATION: /usr/lib/libpcl_segmentation.so  
[9.584s] -- Found PCL_SURFACE: /usr/lib/libpcl_surface.so  
[9.591s] -- Found ament_cmake: 1.3.5 (/opt/ros/humble/share/ament_cmake/cmake)
[10.592s] -- Found Python3: /usr/bin/python3.11 (found version "3.11.5") found components: Interpreter 
[10.775s] -- Found pcl_conversions: 2.4.1 (/home/brown/Projects/MiningRobot/autonomy/ros2_workspace/install/pcl_conversions/share/pcl_conversions/cmake)
[10.852s] -- Found rosidl_generator_c: 3.1.5 (/opt/ros/humble/share/rosidl_generator_c/cmake)
[10.861s] -- Found rosidl_adapter: 3.1.5 (/opt/ros/humble/share/rosidl_adapter/cmake)
[10.880s] -- Found rosidl_generator_cpp: 3.1.5 (/opt/ros/humble/share/rosidl_generator_cpp/cmake)
[10.908s] -- Using all available rosidl_typesupport_c: rosidl_typesupport_fastrtps_c;rosidl_typesupport_introspection_c
[10.947s] -- Using all available rosidl_typesupport_cpp: rosidl_typesupport_fastrtps_cpp;rosidl_typesupport_introspection_cpp
[11.126s] -- Found rmw_implementation_cmake: 6.1.1 (/opt/ros/humble/share/rmw_implementation_cmake/cmake)
[11.133s] -- Found rmw_fastrtps_cpp: 6.2.4 (/opt/ros/humble/share/rmw_fastrtps_cpp/cmake)
[11.400s] -- Found OpenSSL: /usr/lib/libcrypto.so (found version "3.1.3")  
[11.447s] -- Found FastRTPS: /opt/ros/humble/include  
[11.501s] -- Using RMW implementation 'rmw_fastrtps_cpp' as default
[12.478s] -- Found rclcpp_components: 16.0.6 (/opt/ros/humble/share/rclcpp_components/cmake)
[12.595s] -- Found tf2: 0.25.4 (/opt/ros/humble/share/tf2/cmake)
[12.611s] -- Found tf2_geometry_msgs: 0.25.4 (/opt/ros/humble/share/tf2_geometry_msgs/cmake)
[12.625s] -- Found eigen3_cmake_module: 0.1.1 (/opt/ros/humble/share/eigen3_cmake_module/cmake)
[12.627s] -- Found Eigen3: TRUE (found version "3.4.0") 
[12.628s] -- Ensuring Eigen3 include directory is part of orocos-kdl CMake target
[13.758s] -- Checking to see if CXX compiler accepts flag -Wl,--version-script,"/home/brown/Projects/MiningRobot/autonomy/ros2_workspace/build/pcl_ros/class_loader_hide_library_symbols__pcl_ros_filters.script"
[13.952s] -- Checking to see if CXX compiler accepts flag -Wl,--version-script,"/home/brown/Projects/MiningRobot/autonomy/ros2_workspace/build/pcl_ros/class_loader_hide_library_symbols__pcl_ros_filters.script" - yes
[14.212s] -- Found ament_lint_auto: 0.12.8 (/opt/ros/humble/share/ament_lint_auto/cmake)
[39.382s] -- Added test 'cppcheck' to perform static code analysis on C / C++ code
[39.386s] -- Configured cppcheck include dirs: $<BUILD_INTERFACE:/home/brown/Projects/MiningRobot/autonomy/ros2_workspace/src/perception_pcl/pcl_ros/include>
[39.386s] -- Configured cppcheck exclude dirs and/or files: 
[39.444s] -- Added test 'cpplint' to check C / C++ code against the Google style
[39.449s] -- Configured cpplint exclude dirs and/or files: 
[39.455s] -- Added test 'flake8' to check Python code syntax and style conventions
[39.466s] -- Added test 'lint_cmake' to check CMake code style
[39.475s] -- Added test 'pep257' to check Python code against some of the docstring style conventions in PEP 257
[39.517s] -- Added test 'uncrustify' to check C / C++ code style
[39.518s] -- Configured uncrustify additional arguments: 
[39.532s] -- Added test 'xmllint' to check XML markup files
[39.564s] -- Configuring done (39.2s)
[40.329s] -- Generating done (0.5s)
[40.339s] -- Build files have been written to: /home/brown/Projects/MiningRobot/autonomy/ros2_workspace/build/pcl_ros
[40.500s] Invoked command in '/home/brown/Projects/MiningRobot/autonomy/ros2_workspace/build/pcl_ros' returned '0': CMAKE_PREFIX_PATH=/home/brown/Projects/MiningRobot/autonomy/ros2_workspace/install/pcl_conversions:/home/brown/Projects/MiningRobot/autonomy/ros2_workspace/install/pcl_msgs:/home/brown/Projects/MiningRobot/autonomy/ros2_workspace/install/aurora_core:/home/brown/Projects/MiningRobot/autonomy/ros2_workspace/install/ros2_ouster:/home/brown/Projects/MiningRobot/autonomy/ros2_workspace/install/perception_pcl:/home/brown/Projects/MiningRobot/autonomy/ros2_workspace/install/pcl_ros:/home/brown/Projects/MiningRobot/autonomy/ros2_workspace/install/ouster_msgs:/home/brown/Projects/MiningRobot/ros2_workspace/install/aurora_core:/home/brown/Projects/MiningRobot/ros2_workspace/install/ros2_ouster:/home/brown/Projects/MiningRobot/ros2_workspace/install/perception_pcl:/home/brown/Projects/MiningRobot/ros2_workspace/install/pcl_ros:/home/brown/Projects/MiningRobot/ros2_workspace/install/pcl_conversions:/home/brown/Projects/MiningRobot/ros2_workspace/install/pcl_msgs:/home/brown/Projects/MiningRobot/ros2_workspace/install/ouster_msgs:/opt/ros/humble LD_LIBRARY_PATH=/home/brown/Projects/MiningRobot/autonomy/ros2_workspace/install/pcl_msgs/lib:/home/brown/Projects/MiningRobot/autonomy/ros2_workspace/install/ros2_ouster/lib:/home/brown/Projects/MiningRobot/autonomy/ros2_workspace/install/pcl_ros/lib:/home/brown/Projects/MiningRobot/autonomy/ros2_workspace/install/ouster_msgs/lib:/home/brown/Projects/MiningRobot/ros2_workspace/install/ros2_ouster/lib:/home/brown/Projects/MiningRobot/ros2_workspace/install/pcl_ros/lib:/home/brown/Projects/MiningRobot/ros2_workspace/install/pcl_msgs/lib:/home/brown/Projects/MiningRobot/ros2_workspace/install/ouster_msgs/lib:/opt/ros/humble/opt/yaml_cpp_vendor/lib:/opt/ros/humble/opt/rviz_ogre_vendor/lib:/opt/ros/humble/lib _=/usr/bin/env /usr/bin/cmake /home/brown/Projects/MiningRobot/autonomy/ros2_workspace/src/perception_pcl/pcl_ros -DCMAKE_INSTALL_PREFIX=/home/brown/Projects/MiningRobot/autonomy/ros2_workspace/install/pcl_ros
[40.512s] Invoking command in '/home/brown/Projects/MiningRobot/autonomy/ros2_workspace/build/pcl_ros': CMAKE_PREFIX_PATH=/home/brown/Projects/MiningRobot/autonomy/ros2_workspace/install/pcl_conversions:/home/brown/Projects/MiningRobot/autonomy/ros2_workspace/install/pcl_msgs:/home/brown/Projects/MiningRobot/autonomy/ros2_workspace/install/aurora_core:/home/brown/Projects/MiningRobot/autonomy/ros2_workspace/install/ros2_ouster:/home/brown/Projects/MiningRobot/autonomy/ros2_workspace/install/perception_pcl:/home/brown/Projects/MiningRobot/autonomy/ros2_workspace/install/pcl_ros:/home/brown/Projects/MiningRobot/autonomy/ros2_workspace/install/ouster_msgs:/home/brown/Projects/MiningRobot/ros2_workspace/install/aurora_core:/home/brown/Projects/MiningRobot/ros2_workspace/install/ros2_ouster:/home/brown/Projects/MiningRobot/ros2_workspace/install/perception_pcl:/home/brown/Projects/MiningRobot/ros2_workspace/install/pcl_ros:/home/brown/Projects/MiningRobot/ros2_workspace/install/pcl_conversions:/home/brown/Projects/MiningRobot/ros2_workspace/install/pcl_msgs:/home/brown/Projects/MiningRobot/ros2_workspace/install/ouster_msgs:/opt/ros/humble LD_LIBRARY_PATH=/home/brown/Projects/MiningRobot/autonomy/ros2_workspace/install/pcl_msgs/lib:/home/brown/Projects/MiningRobot/autonomy/ros2_workspace/install/ros2_ouster/lib:/home/brown/Projects/MiningRobot/autonomy/ros2_workspace/install/pcl_ros/lib:/home/brown/Projects/MiningRobot/autonomy/ros2_workspace/install/ouster_msgs/lib:/home/brown/Projects/MiningRobot/ros2_workspace/install/ros2_ouster/lib:/home/brown/Projects/MiningRobot/ros2_workspace/install/pcl_ros/lib:/home/brown/Projects/MiningRobot/ros2_workspace/install/pcl_msgs/lib:/home/brown/Projects/MiningRobot/ros2_workspace/install/ouster_msgs/lib:/opt/ros/humble/opt/yaml_cpp_vendor/lib:/opt/ros/humble/opt/rviz_ogre_vendor/lib:/opt/ros/humble/lib _=/usr/bin/env /usr/bin/cmake --build /home/brown/Projects/MiningRobot/autonomy/ros2_workspace/build/pcl_ros -- -j4 -l4
[40.973s] [  3%] [32mBuilding CXX object CMakeFiles/pcl_ros_tf.dir/src/transforms.cpp.o[0m
[61.007s] [  6%] [32mBuilding CXX object CMakeFiles/filter_project_inliers_node.dir/rclcpp_components/node_main_filter_project_inliers_node.cpp.o[0m
[73.806s] [  9%] [32m[1mLinking CXX executable filter_project_inliers_node[0m
[74.254s] [  9%] Built target filter_project_inliers_node
[74.331s] [ 12%] [32mBuilding CXX object CMakeFiles/filter_passthrough_node.dir/rclcpp_components/node_main_filter_passthrough_node.cpp.o[0m
[84.577s] [ 16%] [32m[1mLinking CXX static library libpcl_ros_tf.a[0m
[85.036s] [ 16%] Built target pcl_ros_tf
[85.229s] [ 19%] [32m[1mLinking CXX executable filter_passthrough_node[0m
[85.903s] [ 19%] Built target filter_passthrough_node
[86.064s] [ 22%] [32mBuilding CXX object CMakeFiles/filter_statistical_outlier_removal_node.dir/rclcpp_components/node_main_filter_statistical_outlier_removal_node.cpp.o[0m
[102.838s] [ 25%] [32m[1mLinking CXX executable filter_statistical_outlier_removal_node[0m
[103.374s] [ 25%] Built target filter_statistical_outlier_removal_node
[103.468s] [ 29%] [32mBuilding CXX object CMakeFiles/filter_crop_box_node.dir/rclcpp_components/node_main_filter_crop_box_node.cpp.o[0m
[115.530s] [ 32%] [32mBuilding CXX object CMakeFiles/filter_radius_outlier_removal_node.dir/rclcpp_components/node_main_filter_radius_outlier_removal_node.cpp.o[0m
[115.616s] [ 35%] [32mBuilding CXX object CMakeFiles/filter_voxel_grid_node.dir/rclcpp_components/node_main_filter_voxel_grid_node.cpp.o[0m
[122.272s] [ 38%] [32m[1mLinking CXX executable filter_crop_box_node[0m
[123.621s] [ 38%] Built target filter_crop_box_node
[133.092s] [ 41%] [32m[1mLinking CXX executable filter_voxel_grid_node[0m
[134.141s] [ 41%] Built target filter_voxel_grid_node
[136.302s] [ 45%] [32m[1mLinking CXX executable filter_radius_outlier_removal_node[0m
[136.795s] [ 45%] Built target filter_radius_outlier_removal_node
[136.909s] [ 48%] [32mBuilding CXX object CMakeFiles/pcd_to_pointcloud.dir/rclcpp_components/node_main_pcd_to_pointcloud.cpp.o[0m
[152.896s] [ 51%] [32m[1mLinking CXX executable pcd_to_pointcloud[0m
[153.438s] [ 51%] Built target pcd_to_pointcloud
[153.532s] [ 54%] [32mBuilding CXX object tests/filters/CMakeFiles/dummy_topics.dir/dummy_topics.cpp.o[0m
[196.740s] [ 58%] [32m[1mLinking CXX shared library libdummy_topics.so[0m
[201.536s] [ 58%] Built target dummy_topics
[201.658s] [ 61%] [32mBuilding CXX object CMakeFiles/pcl_ros_filters.dir/src/pcl_ros/filters/extract_indices.cpp.o[0m
[209.741s] [ 64%] [32mBuilding CXX object CMakeFiles/pcl_ros_filters.dir/src/pcl_ros/filters/filter.cpp.o[0m
[264.455s] [ 67%] [32mBuilding CXX object CMakeFiles/pcl_ros_filters.dir/src/pcl_ros/filters/passthrough.cpp.o[0m
[296.253s] [ 70%] [32mBuilding CXX object CMakeFiles/pcl_ros_filters.dir/src/pcl_ros/filters/project_inliers.cpp.o[0m
[370.098s] [ 74%] [32mBuilding CXX object CMakeFiles/pcl_ros_filters.dir/src/pcl_ros/filters/radius_outlier_removal.cpp.o[0m
[404.240s] [ 77%] [32mBuilding CXX object CMakeFiles/pcl_ros_filters.dir/src/pcl_ros/filters/statistical_outlier_removal.cpp.o[0m
[445.849s] [ 80%] [32mBuilding CXX object CMakeFiles/pcl_ros_filters.dir/src/pcl_ros/filters/voxel_grid.cpp.o[0m
[519.439s] [ 83%] [32mBuilding CXX object CMakeFiles/pcl_ros_filters.dir/src/pcl_ros/filters/crop_box.cpp.o[0m
[597.728s] [ 87%] [32m[1mLinking CXX shared library libpcl_ros_filters.so[0m
[606.035s] [ 87%] Built target pcl_ros_filters
[606.137s] [ 90%] [32mBuilding CXX object CMakeFiles/pcd_to_pointcloud_lib.dir/tools/pcd_to_pointcloud.cpp.o[0m
[642.681s] [ 93%] [32m[1mLinking CXX shared library libpcd_to_pointcloud_lib.so[0m
[647.064s] [ 93%] Built target pcd_to_pointcloud_lib
[647.147s] [ 96%] [32mBuilding CXX object CMakeFiles/filter_extract_indices_node.dir/rclcpp_components/node_main_filter_extract_indices_node.cpp.o[0m
[663.879s] [100%] [32m[1mLinking CXX executable filter_extract_indices_node[0m
[664.475s] [100%] Built target filter_extract_indices_node
[664.527s] Invoked command in '/home/brown/Projects/MiningRobot/autonomy/ros2_workspace/build/pcl_ros' returned '0': CMAKE_PREFIX_PATH=/home/brown/Projects/MiningRobot/autonomy/ros2_workspace/install/pcl_conversions:/home/brown/Projects/MiningRobot/autonomy/ros2_workspace/install/pcl_msgs:/home/brown/Projects/MiningRobot/autonomy/ros2_workspace/install/aurora_core:/home/brown/Projects/MiningRobot/autonomy/ros2_workspace/install/ros2_ouster:/home/brown/Projects/MiningRobot/autonomy/ros2_workspace/install/perception_pcl:/home/brown/Projects/MiningRobot/autonomy/ros2_workspace/install/pcl_ros:/home/brown/Projects/MiningRobot/autonomy/ros2_workspace/install/ouster_msgs:/home/brown/Projects/MiningRobot/ros2_workspace/install/aurora_core:/home/brown/Projects/MiningRobot/ros2_workspace/install/ros2_ouster:/home/brown/Projects/MiningRobot/ros2_workspace/install/perception_pcl:/home/brown/Projects/MiningRobot/ros2_workspace/install/pcl_ros:/home/brown/Projects/MiningRobot/ros2_workspace/install/pcl_conversions:/home/brown/Projects/MiningRobot/ros2_workspace/install/pcl_msgs:/home/brown/Projects/MiningRobot/ros2_workspace/install/ouster_msgs:/opt/ros/humble LD_LIBRARY_PATH=/home/brown/Projects/MiningRobot/autonomy/ros2_workspace/install/pcl_msgs/lib:/home/brown/Projects/MiningRobot/autonomy/ros2_workspace/install/ros2_ouster/lib:/home/brown/Projects/MiningRobot/autonomy/ros2_workspace/install/pcl_ros/lib:/home/brown/Projects/MiningRobot/autonomy/ros2_workspace/install/ouster_msgs/lib:/home/brown/Projects/MiningRobot/ros2_workspace/install/ros2_ouster/lib:/home/brown/Projects/MiningRobot/ros2_workspace/install/pcl_ros/lib:/home/brown/Projects/MiningRobot/ros2_workspace/install/pcl_msgs/lib:/home/brown/Projects/MiningRobot/ros2_workspace/install/ouster_msgs/lib:/opt/ros/humble/opt/yaml_cpp_vendor/lib:/opt/ros/humble/opt/rviz_ogre_vendor/lib:/opt/ros/humble/lib _=/usr/bin/env /usr/bin/cmake --build /home/brown/Projects/MiningRobot/autonomy/ros2_workspace/build/pcl_ros -- -j4 -l4
[665.530s] Invoking command in '/home/brown/Projects/MiningRobot/autonomy/ros2_workspace/build/pcl_ros': CMAKE_PREFIX_PATH=/home/brown/Projects/MiningRobot/autonomy/ros2_workspace/install/pcl_conversions:/home/brown/Projects/MiningRobot/autonomy/ros2_workspace/install/pcl_msgs:/home/brown/Projects/MiningRobot/autonomy/ros2_workspace/install/aurora_core:/home/brown/Projects/MiningRobot/autonomy/ros2_workspace/install/ros2_ouster:/home/brown/Projects/MiningRobot/autonomy/ros2_workspace/install/perception_pcl:/home/brown/Projects/MiningRobot/autonomy/ros2_workspace/install/pcl_ros:/home/brown/Projects/MiningRobot/autonomy/ros2_workspace/install/ouster_msgs:/home/brown/Projects/MiningRobot/ros2_workspace/install/aurora_core:/home/brown/Projects/MiningRobot/ros2_workspace/install/ros2_ouster:/home/brown/Projects/MiningRobot/ros2_workspace/install/perception_pcl:/home/brown/Projects/MiningRobot/ros2_workspace/install/pcl_ros:/home/brown/Projects/MiningRobot/ros2_workspace/install/pcl_conversions:/home/brown/Projects/MiningRobot/ros2_workspace/install/pcl_msgs:/home/brown/Projects/MiningRobot/ros2_workspace/install/ouster_msgs:/opt/ros/humble LD_LIBRARY_PATH=/home/brown/Projects/MiningRobot/autonomy/ros2_workspace/install/pcl_msgs/lib:/home/brown/Projects/MiningRobot/autonomy/ros2_workspace/install/ros2_ouster/lib:/home/brown/Projects/MiningRobot/autonomy/ros2_workspace/install/pcl_ros/lib:/home/brown/Projects/MiningRobot/autonomy/ros2_workspace/install/ouster_msgs/lib:/home/brown/Projects/MiningRobot/ros2_workspace/install/ros2_ouster/lib:/home/brown/Projects/MiningRobot/ros2_workspace/install/pcl_ros/lib:/home/brown/Projects/MiningRobot/ros2_workspace/install/pcl_msgs/lib:/home/brown/Projects/MiningRobot/ros2_workspace/install/ouster_msgs/lib:/opt/ros/humble/opt/yaml_cpp_vendor/lib:/opt/ros/humble/opt/rviz_ogre_vendor/lib:/opt/ros/humble/lib _=/usr/bin/env /usr/bin/cmake --install /home/brown/Projects/MiningRobot/autonomy/ros2_workspace/build/pcl_ros
[665.564s] -- Install configuration: ""
[665.569s] -- Installing: /home/brown/Projects/MiningRobot/autonomy/ros2_workspace/install/pcl_ros/lib/pcl_ros/filter_extract_indices_node
[665.575s] -- Set runtime path of "/home/brown/Projects/MiningRobot/autonomy/ros2_workspace/install/pcl_ros/lib/pcl_ros/filter_extract_indices_node" to ""
[665.584s] -- Installing: /home/brown/Projects/MiningRobot/autonomy/ros2_workspace/install/pcl_ros/lib/pcl_ros/filter_passthrough_node
[665.593s] -- Set runtime path of "/home/brown/Projects/MiningRobot/autonomy/ros2_workspace/install/pcl_ros/lib/pcl_ros/filter_passthrough_node" to ""
[665.594s] -- Installing: /home/brown/Projects/MiningRobot/autonomy/ros2_workspace/install/pcl_ros/lib/pcl_ros/filter_project_inliers_node
[665.594s] -- Set runtime path of "/home/brown/Projects/MiningRobot/autonomy/ros2_workspace/install/pcl_ros/lib/pcl_ros/filter_project_inliers_node" to ""
[665.603s] -- Installing: /home/brown/Projects/MiningRobot/autonomy/ros2_workspace/install/pcl_ros/lib/pcl_ros/filter_radius_outlier_removal_node
[665.611s] -- Set runtime path of "/home/brown/Projects/MiningRobot/autonomy/ros2_workspace/install/pcl_ros/lib/pcl_ros/filter_radius_outlier_removal_node" to ""
[665.614s] -- Installing: /home/brown/Projects/MiningRobot/autonomy/ros2_workspace/install/pcl_ros/lib/pcl_ros/filter_statistical_outlier_removal_node
[665.619s] -- Set runtime path of "/home/brown/Projects/MiningRobot/autonomy/ros2_workspace/install/pcl_ros/lib/pcl_ros/filter_statistical_outlier_removal_node" to ""
[665.634s] -- Installing: /home/brown/Projects/MiningRobot/autonomy/ros2_workspace/install/pcl_ros/lib/pcl_ros/filter_crop_box_node
[665.637s] -- Set runtime path of "/home/brown/Projects/MiningRobot/autonomy/ros2_workspace/install/pcl_ros/lib/pcl_ros/filter_crop_box_node" to ""
[665.646s] -- Installing: /home/brown/Projects/MiningRobot/autonomy/ros2_workspace/install/pcl_ros/lib/pcl_ros/filter_voxel_grid_node
[665.653s] -- Set runtime path of "/home/brown/Projects/MiningRobot/autonomy/ros2_workspace/install/pcl_ros/lib/pcl_ros/filter_voxel_grid_node" to ""
[665.657s] -- Installing: /home/brown/Projects/MiningRobot/autonomy/ros2_workspace/install/pcl_ros/lib/pcl_ros/pcd_to_pointcloud
[665.660s] -- Set runtime path of "/home/brown/Projects/MiningRobot/autonomy/ros2_workspace/install/pcl_ros/lib/pcl_ros/pcd_to_pointcloud" to ""
[665.661s] -- Up-to-date: /home/brown/Projects/MiningRobot/autonomy/ros2_workspace/install/pcl_ros/include/pcl_ros
[665.661s] -- Up-to-date: /home/brown/Projects/MiningRobot/autonomy/ros2_workspace/install/pcl_ros/include/pcl_ros/pcl_ros
[665.661s] -- Up-to-date: /home/brown/Projects/MiningRobot/autonomy/ros2_workspace/install/pcl_ros/include/pcl_ros/pcl_ros/segmentation
[665.663s] -- Up-to-date: /home/brown/Projects/MiningRobot/autonomy/ros2_workspace/install/pcl_ros/include/pcl_ros/pcl_ros/segmentation/segment_differences.hpp
[665.665s] -- Up-to-date: /home/brown/Projects/MiningRobot/autonomy/ros2_workspace/install/pcl_ros/include/pcl_ros/pcl_ros/segmentation/extract_clusters.hpp
[665.665s] -- Up-to-date: /home/brown/Projects/MiningRobot/autonomy/ros2_workspace/install/pcl_ros/include/pcl_ros/pcl_ros/segmentation/extract_polygonal_prism_data.hpp
[665.666s] -- Up-to-date: /home/brown/Projects/MiningRobot/autonomy/ros2_workspace/install/pcl_ros/include/pcl_ros/pcl_ros/segmentation/sac_segmentation.hpp
[665.668s] -- Up-to-date: /home/brown/Projects/MiningRobot/autonomy/ros2_workspace/install/pcl_ros/include/pcl_ros/pcl_ros/point_cloud.hpp
[665.669s] -- Up-to-date: /home/brown/Projects/MiningRobot/autonomy/ros2_workspace/install/pcl_ros/include/pcl_ros/pcl_ros/impl
[665.670s] -- Up-to-date: /home/brown/Projects/MiningRobot/autonomy/ros2_workspace/install/pcl_ros/include/pcl_ros/pcl_ros/impl/transforms.hpp
[665.670s] -- Up-to-date: /home/brown/Projects/MiningRobot/autonomy/ros2_workspace/install/pcl_ros/include/pcl_ros/pcl_ros/io
[665.671s] -- Up-to-date: /home/brown/Projects/MiningRobot/autonomy/ros2_workspace/install/pcl_ros/include/pcl_ros/pcl_ros/io/concatenate_data.hpp
[665.671s] -- Up-to-date: /home/brown/Projects/MiningRobot/autonomy/ros2_workspace/install/pcl_ros/include/pcl_ros/pcl_ros/io/bag_io.hpp
[665.672s] -- Up-to-date: /home/brown/Projects/MiningRobot/autonomy/ros2_workspace/install/pcl_ros/include/pcl_ros/pcl_ros/io/concatenate_fields.hpp
[665.673s] -- Up-to-date: /home/brown/Projects/MiningRobot/autonomy/ros2_workspace/install/pcl_ros/include/pcl_ros/pcl_ros/io/pcd_io.hpp
[665.673s] -- Up-to-date: /home/brown/Projects/MiningRobot/autonomy/ros2_workspace/install/pcl_ros/include/pcl_ros/pcl_ros/transforms.hpp
[665.674s] -- Up-to-date: /home/brown/Projects/MiningRobot/autonomy/ros2_workspace/install/pcl_ros/include/pcl_ros/pcl_ros/publisher.hpp
[665.674s] -- Up-to-date: /home/brown/Projects/MiningRobot/autonomy/ros2_workspace/install/pcl_ros/include/pcl_ros/pcl_ros/filters
[665.675s] -- Up-to-date: /home/brown/Projects/MiningRobot/autonomy/ros2_workspace/install/pcl_ros/include/pcl_ros/pcl_ros/filters/voxel_grid.hpp
[665.676s] -- Up-to-date: /home/brown/Projects/MiningRobot/autonomy/ros2_workspace/install/pcl_ros/include/pcl_ros/pcl_ros/filters/statistical_outlier_removal.hpp
[665.676s] -- Up-to-date: /home/brown/Projects/MiningRobot/autonomy/ros2_workspace/install/pcl_ros/include/pcl_ros/pcl_ros/filters/radius_outlier_removal.hpp
[665.676s] -- Up-to-date: /home/brown/Projects/MiningRobot/autonomy/ros2_workspace/install/pcl_ros/include/pcl_ros/pcl_ros/filters/filter.hpp
[665.677s] -- Up-to-date: /home/brown/Projects/MiningRobot/autonomy/ros2_workspace/install/pcl_ros/include/pcl_ros/pcl_ros/filters/project_inliers.hpp
[665.677s] -- Up-to-date: /home/brown/Projects/MiningRobot/autonomy/ros2_workspace/install/pcl_ros/include/pcl_ros/pcl_ros/filters/extract_indices.hpp
[665.677s] -- Up-to-date: /home/brown/Projects/MiningRobot/autonomy/ros2_workspace/install/pcl_ros/include/pcl_ros/pcl_ros/filters/passthrough.hpp
[665.677s] -- Up-to-date: /home/brown/Projects/MiningRobot/autonomy/ros2_workspace/install/pcl_ros/include/pcl_ros/pcl_ros/filters/crop_box.hpp
[665.678s] -- Up-to-date: /home/brown/Projects/MiningRobot/autonomy/ros2_workspace/install/pcl_ros/include/pcl_ros/pcl_ros/surface
[665.678s] -- Up-to-date: /home/brown/Projects/MiningRobot/autonomy/ros2_workspace/install/pcl_ros/include/pcl_ros/pcl_ros/surface/convex_hull.hpp
[665.678s] -- Up-to-date: /home/brown/Projects/MiningRobot/autonomy/ros2_workspace/install/pcl_ros/include/pcl_ros/pcl_ros/surface/moving_least_squares.hpp
[665.679s] -- Up-to-date: /home/brown/Projects/MiningRobot/autonomy/ros2_workspace/install/pcl_ros/include/pcl_ros/pcl_ros/pcl_node.hpp
[665.679s] -- Up-to-date: /home/brown/Projects/MiningRobot/autonomy/ros2_workspace/install/pcl_ros/include/pcl_ros/pcl_ros/features
[665.679s] -- Up-to-date: /home/brown/Projects/MiningRobot/autonomy/ros2_workspace/install/pcl_ros/include/pcl_ros/pcl_ros/features/shot.hpp
[665.679s] -- Up-to-date: /home/brown/Projects/MiningRobot/autonomy/ros2_workspace/install/pcl_ros/include/pcl_ros/pcl_ros/features/fpfh.hpp
[665.680s] -- Up-to-date: /home/brown/Projects/MiningRobot/autonomy/ros2_workspace/install/pcl_ros/include/pcl_ros/pcl_ros/features/fpfh_omp.hpp
[665.680s] -- Up-to-date: /home/brown/Projects/MiningRobot/autonomy/ros2_workspace/install/pcl_ros/include/pcl_ros/pcl_ros/features/shot_omp.hpp
[665.681s] -- Up-to-date: /home/brown/Projects/MiningRobot/autonomy/ros2_workspace/install/pcl_ros/include/pcl_ros/pcl_ros/features/feature.hpp
[665.681s] -- Up-to-date: /home/brown/Projects/MiningRobot/autonomy/ros2_workspace/install/pcl_ros/include/pcl_ros/pcl_ros/features/boundary.hpp
[665.681s] -- Up-to-date: /home/brown/Projects/MiningRobot/autonomy/ros2_workspace/install/pcl_ros/include/pcl_ros/pcl_ros/features/pfh.hpp
[665.681s] -- Up-to-date: /home/brown/Projects/MiningRobot/autonomy/ros2_workspace/install/pcl_ros/include/pcl_ros/pcl_ros/features/normal_3d_omp.hpp
[665.682s] -- Up-to-date: /home/brown/Projects/MiningRobot/autonomy/ros2_workspace/install/pcl_ros/include/pcl_ros/pcl_ros/features/moment_invariants.hpp
[665.682s] -- Up-to-date: /home/brown/Projects/MiningRobot/autonomy/ros2_workspace/install/pcl_ros/include/pcl_ros/pcl_ros/features/normal_3d_tbb.hpp
[665.682s] -- Up-to-date: /home/brown/Projects/MiningRobot/autonomy/ros2_workspace/install/pcl_ros/include/pcl_ros/pcl_ros/features/principal_curvatures.hpp
[665.682s] -- Up-to-date: /home/brown/Projects/MiningRobot/autonomy/ros2_workspace/install/pcl_ros/include/pcl_ros/pcl_ros/features/vfh.hpp
[665.682s] -- Up-to-date: /home/brown/Projects/MiningRobot/autonomy/ros2_workspace/install/pcl_ros/include/pcl_ros/pcl_ros/features/normal_3d.hpp
[665.683s] -- Installing: /home/brown/Projects/MiningRobot/autonomy/ros2_workspace/install/pcl_ros/lib/libpcl_ros_tf.a
[665.688s] -- Installing: /home/brown/Projects/MiningRobot/autonomy/ros2_workspace/install/pcl_ros/lib/libpcd_to_pointcloud_lib.so
[665.699s] -- Set runtime path of "/home/brown/Projects/MiningRobot/autonomy/ros2_workspace/install/pcl_ros/lib/libpcd_to_pointcloud_lib.so" to ""
[665.705s] -- Installing: /home/brown/Projects/MiningRobot/autonomy/ros2_workspace/install/pcl_ros/lib/libpcl_ros_filters.so
[665.768s] -- Set runtime path of "/home/brown/Projects/MiningRobot/autonomy/ros2_workspace/install/pcl_ros/lib/libpcl_ros_filters.so" to ""
[665.769s] -- Up-to-date: /home/brown/Projects/MiningRobot/autonomy/ros2_workspace/install/pcl_ros/share/pcl_ros/plugins
[665.769s] -- Up-to-date: /home/brown/Projects/MiningRobot/autonomy/ros2_workspace/install/pcl_ros/share/pcl_ros/plugins/nodelet
[665.770s] -- Up-to-date: /home/brown/Projects/MiningRobot/autonomy/ros2_workspace/install/pcl_ros/share/pcl_ros/plugins/nodelet/libpcl_ros_features.xml
[665.770s] -- Up-to-date: /home/brown/Projects/MiningRobot/autonomy/ros2_workspace/install/pcl_ros/share/pcl_ros/plugins/nodelet/libpcl_ros_filters.xml
[665.770s] -- Up-to-date: /home/brown/Projects/MiningRobot/autonomy/ros2_workspace/install/pcl_ros/share/pcl_ros/plugins/nodelet/libpcl_ros_surface.xml
[665.770s] -- Up-to-date: /home/brown/Projects/MiningRobot/autonomy/ros2_workspace/install/pcl_ros/share/pcl_ros/plugins/nodelet/libpcl_ros_io.xml
[665.771s] -- Up-to-date: /home/brown/Projects/MiningRobot/autonomy/ros2_workspace/install/pcl_ros/share/pcl_ros/plugins/nodelet/libpcl_ros_segmentation.xml
[665.771s] -- Up-to-date: /home/brown/Projects/MiningRobot/autonomy/ros2_workspace/install/pcl_ros/share/pcl_ros/samples
[665.772s] -- Up-to-date: /home/brown/Projects/MiningRobot/autonomy/ros2_workspace/install/pcl_ros/share/pcl_ros/samples/pcl_ros
[665.772s] -- Up-to-date: /home/brown/Projects/MiningRobot/autonomy/ros2_workspace/install/pcl_ros/share/pcl_ros/samples/pcl_ros/segmentation
[665.773s] -- Up-to-date: /home/brown/Projects/MiningRobot/autonomy/ros2_workspace/install/pcl_ros/share/pcl_ros/samples/pcl_ros/segmentation/sample_extract_clusters.launch
[665.773s] -- Up-to-date: /home/brown/Projects/MiningRobot/autonomy/ros2_workspace/install/pcl_ros/share/pcl_ros/samples/pcl_ros/io
[665.774s] -- Up-to-date: /home/brown/Projects/MiningRobot/autonomy/ros2_workspace/install/pcl_ros/share/pcl_ros/samples/pcl_ros/io/sample_concatenate_data.launch
[665.774s] -- Up-to-date: /home/brown/Projects/MiningRobot/autonomy/ros2_workspace/install/pcl_ros/share/pcl_ros/samples/pcl_ros/filters
[665.775s] -- Up-to-date: /home/brown/Projects/MiningRobot/autonomy/ros2_workspace/install/pcl_ros/share/pcl_ros/samples/pcl_ros/filters/config
[665.775s] -- Up-to-date: /home/brown/Projects/MiningRobot/autonomy/ros2_workspace/install/pcl_ros/share/pcl_ros/samples/pcl_ros/filters/config/voxel_grid.rviz
[665.776s] -- Up-to-date: /home/brown/Projects/MiningRobot/autonomy/ros2_workspace/install/pcl_ros/share/pcl_ros/samples/pcl_ros/filters/config/statistical_outlier_removal.rviz
[665.776s] -- Up-to-date: /home/brown/Projects/MiningRobot/autonomy/ros2_workspace/install/pcl_ros/share/pcl_ros/samples/pcl_ros/filters/sample_voxel_grid.launch
[665.776s] -- Up-to-date: /home/brown/Projects/MiningRobot/autonomy/ros2_workspace/install/pcl_ros/share/pcl_ros/samples/pcl_ros/filters/sample_statistical_outlier_removal.launch
[665.777s] -- Up-to-date: /home/brown/Projects/MiningRobot/autonomy/ros2_workspace/install/pcl_ros/share/pcl_ros/samples/pcl_ros/surface
[665.777s] -- Up-to-date: /home/brown/Projects/MiningRobot/autonomy/ros2_workspace/install/pcl_ros/share/pcl_ros/samples/pcl_ros/surface/sample_convex_hull.launch
[665.777s] -- Up-to-date: /home/brown/Projects/MiningRobot/autonomy/ros2_workspace/install/pcl_ros/share/pcl_ros/samples/pcl_ros/features
[665.778s] -- Up-to-date: /home/brown/Projects/MiningRobot/autonomy/ros2_workspace/install/pcl_ros/share/pcl_ros/samples/pcl_ros/features/sample_normal_3d.launch
[665.778s] -- Up-to-date: /home/brown/Projects/MiningRobot/autonomy/ros2_workspace/install/pcl_ros/share/pcl_ros/samples/data
[665.779s] -- Up-to-date: /home/brown/Projects/MiningRobot/autonomy/ros2_workspace/install/pcl_ros/share/pcl_ros/samples/data/.gitignore
[665.779s] -- Up-to-date: /home/brown/Projects/MiningRobot/autonomy/ros2_workspace/install/pcl_ros/share/pcl_ros/environment/library_path.sh
[665.779s] -- Installing: /home/brown/Projects/MiningRobot/autonomy/ros2_workspace/install/pcl_ros/share/pcl_ros/environment/library_path.dsv
[665.779s] -- Installing: /home/brown/Projects/MiningRobot/autonomy/ros2_workspace/install/pcl_ros/share/ament_index/resource_index/package_run_dependencies/pcl_ros
[665.780s] -- Installing: /home/brown/Projects/MiningRobot/autonomy/ros2_workspace/install/pcl_ros/share/ament_index/resource_index/parent_prefix_path/pcl_ros
[665.781s] -- Up-to-date: /home/brown/Projects/MiningRobot/autonomy/ros2_workspace/install/pcl_ros/share/pcl_ros/environment/ament_prefix_path.sh
[665.781s] -- Installing: /home/brown/Projects/MiningRobot/autonomy/ros2_workspace/install/pcl_ros/share/pcl_ros/environment/ament_prefix_path.dsv
[665.781s] -- Up-to-date: /home/brown/Projects/MiningRobot/autonomy/ros2_workspace/install/pcl_ros/share/pcl_ros/environment/path.sh
[665.782s] -- Installing: /home/brown/Projects/MiningRobot/autonomy/ros2_workspace/install/pcl_ros/share/pcl_ros/environment/path.dsv
[665.785s] -- Installing: /home/brown/Projects/MiningRobot/autonomy/ros2_workspace/install/pcl_ros/share/pcl_ros/local_setup.bash
[665.789s] -- Installing: /home/brown/Projects/MiningRobot/autonomy/ros2_workspace/install/pcl_ros/share/pcl_ros/local_setup.sh
[665.790s] -- Installing: /home/brown/Projects/MiningRobot/autonomy/ros2_workspace/install/pcl_ros/share/pcl_ros/local_setup.zsh
[665.790s] -- Installing: /home/brown/Projects/MiningRobot/autonomy/ros2_workspace/install/pcl_ros/share/pcl_ros/local_setup.dsv
[665.790s] -- Installing: /home/brown/Projects/MiningRobot/autonomy/ros2_workspace/install/pcl_ros/share/pcl_ros/package.dsv
[665.790s] -- Installing: /home/brown/Projects/MiningRobot/autonomy/ros2_workspace/install/pcl_ros/share/ament_index/resource_index/packages/pcl_ros
[665.791s] -- Installing: /home/brown/Projects/MiningRobot/autonomy/ros2_workspace/install/pcl_ros/share/ament_index/resource_index/rclcpp_components/pcl_ros
[665.791s] -- Old export file "/home/brown/Projects/MiningRobot/autonomy/ros2_workspace/install/pcl_ros/share/pcl_ros/cmake/export_pcl_rosExport.cmake" will be replaced.  Removing files [/home/brown/Projects/MiningRobot/autonomy/ros2_workspace/install/pcl_ros/share/pcl_ros/cmake/export_pcl_rosExport-noconfig.cmake].
[665.791s] -- Installing: /home/brown/Projects/MiningRobot/autonomy/ros2_workspace/install/pcl_ros/share/pcl_ros/cmake/export_pcl_rosExport.cmake
[665.796s] -- Installing: /home/brown/Projects/MiningRobot/autonomy/ros2_workspace/install/pcl_ros/share/pcl_ros/cmake/export_pcl_rosExport-noconfig.cmake
[665.797s] -- Installing: /home/brown/Projects/MiningRobot/autonomy/ros2_workspace/install/pcl_ros/share/pcl_ros/cmake/ament_cmake_export_include_directories-extras.cmake
[665.797s] -- Installing: /home/brown/Projects/MiningRobot/autonomy/ros2_workspace/install/pcl_ros/share/pcl_ros/cmake/ament_cmake_export_libraries-extras.cmake
[665.801s] -- Installing: /home/brown/Projects/MiningRobot/autonomy/ros2_workspace/install/pcl_ros/share/pcl_ros/cmake/ament_cmake_export_targets-extras.cmake
[665.802s] -- Installing: /home/brown/Projects/MiningRobot/autonomy/ros2_workspace/install/pcl_ros/share/pcl_ros/cmake/ament_cmake_export_dependencies-extras.cmake
[665.802s] -- Installing: /home/brown/Projects/MiningRobot/autonomy/ros2_workspace/install/pcl_ros/share/pcl_ros/cmake/pcl_rosConfig.cmake
[665.803s] -- Installing: /home/brown/Projects/MiningRobot/autonomy/ros2_workspace/install/pcl_ros/share/pcl_ros/cmake/pcl_rosConfig-version.cmake
[665.803s] -- Up-to-date: /home/brown/Projects/MiningRobot/autonomy/ros2_workspace/install/pcl_ros/share/pcl_ros/package.xml
[665.814s] Invoked command in '/home/brown/Projects/MiningRobot/autonomy/ros2_workspace/build/pcl_ros' returned '0': CMAKE_PREFIX_PATH=/home/brown/Projects/MiningRobot/autonomy/ros2_workspace/install/pcl_conversions:/home/brown/Projects/MiningRobot/autonomy/ros2_workspace/install/pcl_msgs:/home/brown/Projects/MiningRobot/autonomy/ros2_workspace/install/aurora_core:/home/brown/Projects/MiningRobot/autonomy/ros2_workspace/install/ros2_ouster:/home/brown/Projects/MiningRobot/autonomy/ros2_workspace/install/perception_pcl:/home/brown/Projects/MiningRobot/autonomy/ros2_workspace/install/pcl_ros:/home/brown/Projects/MiningRobot/autonomy/ros2_workspace/install/ouster_msgs:/home/brown/Projects/MiningRobot/ros2_workspace/install/aurora_core:/home/brown/Projects/MiningRobot/ros2_workspace/install/ros2_ouster:/home/brown/Projects/MiningRobot/ros2_workspace/install/perception_pcl:/home/brown/Projects/MiningRobot/ros2_workspace/install/pcl_ros:/home/brown/Projects/MiningRobot/ros2_workspace/install/pcl_conversions:/home/brown/Projects/MiningRobot/ros2_workspace/install/pcl_msgs:/home/brown/Projects/MiningRobot/ros2_workspace/install/ouster_msgs:/opt/ros/humble LD_LIBRARY_PATH=/home/brown/Projects/MiningRobot/autonomy/ros2_workspace/install/pcl_msgs/lib:/home/brown/Projects/MiningRobot/autonomy/ros2_workspace/install/ros2_ouster/lib:/home/brown/Projects/MiningRobot/autonomy/ros2_workspace/install/pcl_ros/lib:/home/brown/Projects/MiningRobot/autonomy/ros2_workspace/install/ouster_msgs/lib:/home/brown/Projects/MiningRobot/ros2_workspace/install/ros2_ouster/lib:/home/brown/Projects/MiningRobot/ros2_workspace/install/pcl_ros/lib:/home/brown/Projects/MiningRobot/ros2_workspace/install/pcl_msgs/lib:/home/brown/Projects/MiningRobot/ros2_workspace/install/ouster_msgs/lib:/opt/ros/humble/opt/yaml_cpp_vendor/lib:/opt/ros/humble/opt/rviz_ogre_vendor/lib:/opt/ros/humble/lib _=/usr/bin/env /usr/bin/cmake --install /home/brown/Projects/MiningRobot/autonomy/ros2_workspace/build/pcl_ros
