[0.000000] (-) TimerEvent: {}
[0.001274] (-) JobUnselected: {'identifier': 'ouster_msgs'}
[0.001433] (-) JobUnselected: {'identifier': 'pcl_conversions'}
[0.001720] (-) JobUnselected: {'identifier': 'pcl_msgs'}
[0.001804] (-) JobUnselected: {'identifier': 'pcl_ros'}
[0.001879] (-) JobUnselected: {'identifier': 'perception_pcl'}
[0.002106] (-) JobUnselected: {'identifier': 'ros2_ouster'}
[0.002283] (aurora_core) JobQueued: {'identifier': 'aurora_core', 'dependencies': OrderedDict([('ouster_msgs', '/home/brown/Projects/MiningRobot/ros2_workspace/install/ouster_msgs'), ('pcl_msgs', '/home/brown/Projects/MiningRobot/ros2_workspace/install/pcl_msgs'), ('pcl_conversions', '/home/brown/Projects/MiningRobot/ros2_workspace/install/pcl_conversions'), ('ros2_ouster', '/home/brown/Projects/MiningRobot/ros2_workspace/install/ros2_ouster')])}
[0.002490] (aurora_core) JobStarted: {'identifier': 'aurora_core'}
[0.095238] (-) TimerEvent: {}
[0.195830] (-) TimerEvent: {}
[0.298791] (-) TimerEvent: {}
[0.394375] (aurora_core) JobProgress: {'identifier': 'aurora_core', 'progress': 'cmake'}
[0.400878] (aurora_core) JobProgress: {'identifier': 'aurora_core', 'progress': 'build'}
[0.401168] (-) TimerEvent: {}
[0.401710] (aurora_core) Command: {'cmd': ['/usr/bin/cmake', '--build', '/home/brown/Projects/MiningRobot/ros2_workspace/build/aurora_core', '--', '-j4', '-l4'], 'cwd': '/home/brown/Projects/MiningRobot/ros2_workspace/build/aurora_core', 'env': OrderedDict([('SHELL', '/bin/bash'), ('ROS_VERSION', '2'), ('WINDOWID', '1'), ('COLORTERM', 'truecolor'), ('XDG_CONFIG_DIRS', '/home/brown/.config/kdedefaults:/etc/xdg'), ('KGLOBALACCELD_PLATFORM', 'org.kde.kwin'), ('TERM_PROGRAM_VERSION', '3.3a'), ('TMUX', '/tmp/tmux-1000/default,1806,0'), ('PKG_CONFIG_PATH', '/opt/ros/humble/lib/pkgconfig'), ('ROS_PYTHON_VERSION', '3'), ('LANGUAGE', ''), ('SHELL_SESSION_ID', 'adab33755f16428db603933a933b68e7'), ('MEMORY_PRESSURE_WRITE', 'c29tZSAyMDAwMDAgMjAwMDAwMAA='), ('XCURSOR_SIZE', '24'), ('EDITOR', '/usr/bin/nvim'), ('XDG_SEAT', 'seat0'), ('PWD', '/home/brown/Projects/MiningRobot/ros2_workspace/build/aurora_core'), ('LOGNAME', 'brown'), ('XDG_SESSION_TYPE', 'wayland'), ('SYSTEMD_EXEC_PID', '506'), ('XAUTHORITY', '/run/user/1000/xauth_qwjjoz'), ('MOTD_SHOWN', 'pam'), ('HOME', '/home/brown'), ('LANG', 'C.UTF-8'), ('XDG_CURRENT_DESKTOP', 'KDE'), ('KONSOLE_DBUS_SERVICE', ':1.86'), ('MEMORY_PRESSURE_WATCH', '/sys/fs/cgroup/user.slice/user-1000.slice/user@1000.service/session.slice/plasma-kwin_wayland.service/memory.pressure'), ('WAYLAND_DISPLAY', 'wayland-0'), ('KONSOLE_DBUS_SESSION', '/Sessions/2'), ('PROFILEHOME', ''), ('AMENT_PREFIX_PATH', '/home/brown/Projects/MiningRobot/ros2_workspace/install/aurora_core:/home/brown/Projects/MiningRobot/ros2_workspace/install/ros2_ouster:/home/brown/Projects/MiningRobot/ros2_workspace/install/perception_pcl:/home/brown/Projects/MiningRobot/ros2_workspace/install/pcl_ros:/home/brown/Projects/MiningRobot/ros2_workspace/install/pcl_conversions:/home/brown/Projects/MiningRobot/ros2_workspace/install/pcl_msgs:/home/brown/Projects/MiningRobot/ros2_workspace/install/ouster_msgs:/opt/ros/humble'), ('CMAKE_PREFIX_PATH', '/home/brown/Projects/MiningRobot/ros2_workspace/install/ros2_ouster:/home/brown/Projects/MiningRobot/ros2_workspace/install/pcl_conversions:/home/brown/Projects/MiningRobot/ros2_workspace/install/pcl_msgs:/home/brown/Projects/MiningRobot/ros2_workspace/install/ouster_msgs:/home/brown/Projects/MiningRobot/ros2_workspace/install/aurora_core:/home/brown/Projects/MiningRobot/ros2_workspace/install/perception_pcl:/home/brown/Projects/MiningRobot/ros2_workspace/install/pcl_ros:/opt/ros/humble'), ('COLCON_PREFIX_PATH', '/home/brown/Projects/MiningRobot/ros2_workspace/install:/opt/ros/humble'), ('INVOCATION_ID', '0451ff8a5b7f45339296dc187b8cbfb5'), ('KONSOLE_VERSION', '230801'), ('MANAGERPID', '465'), ('KDE_SESSION_UID', '1000'), ('XDG_ACTIVATION_TOKEN', 'kwin-2'), ('XDG_SESSION_CLASS', 'user'), ('PYTHONPATH', '/home/brown/Projects/MiningRobot/ros2_workspace/install/pcl_msgs/lib/python3.11/site-packages:/home/brown/Projects/MiningRobot/ros2_workspace/install/ouster_msgs/lib/python3.11/site-packages:/home/brown/.cache/yay/ros2-humble/src/install/lib/python3.11/dist-packages:/opt/ros/humble/lib/python3.11/site-packages'), ('COLCON', '1'), ('TERM', 'xterm-256color'), ('USER', 'brown'), ('TMUX_PANE', '%6'), ('CUDA_PATH', '/opt/cuda'), ('COLORFGBG', '15;0'), ('PLASMA_USE_QT_SCALING', '1'), ('KDE_SESSION_VERSION', '5'), ('QT_WAYLAND_FORCE_DPI', '96'), ('DISPLAY', ':0'), ('SHLVL', '3'), ('XDG_VTNR', '1'), ('XDG_SESSION_ID', '1'), ('LD_LIBRARY_PATH', '/home/brown/Projects/MiningRobot/ros2_workspace/install/ros2_ouster/lib:/home/brown/Projects/MiningRobot/ros2_workspace/install/pcl_msgs/lib:/home/brown/Projects/MiningRobot/ros2_workspace/install/ouster_msgs/lib:/home/brown/Projects/MiningRobot/ros2_workspace/install/pcl_ros/lib:/opt/ros/humble/opt/yaml_cpp_vendor/lib:/opt/ros/humble/opt/rviz_ogre_vendor/lib:/opt/ros/humble/lib'), ('XDG_RUNTIME_DIR', '/run/user/1000'), ('ROS_LOCALHOST_ONLY', '0'), ('DEBUGINFOD_URLS', 'https://debuginfod.archlinux.org'), ('QT_AUTO_SCREEN_SCALE_FACTOR', '0'), ('JOURNAL_STREAM', '8:14885'), ('XCURSOR_THEME', 'breeze_cursors'), ('XDG_DATA_DIRS', '/home/brown/.local/share/flatpak/exports/share:/var/lib/flatpak/exports/share:/usr/local/share/:/usr/share/'), ('KDE_FULL_SESSION', 'true'), ('QSG_RENDER_LOOP', 'basic'), ('PATH', '/opt/ros/humble/bin:/home/brown/.local/bin:/home/brown/.local/bin:/home/brown/.local/bin:/usr/local/sbin:/usr/local/bin:/usr/bin:/opt/cuda/bin:/opt/cuda/nsight_compute:/opt/cuda/nsight_systems/bin:/var/lib/flatpak/exports/bin:/usr/lib/jvm/default/bin:/usr/bin/site_perl:/usr/bin/vendor_perl:/usr/bin/core_perl:/opt/cuda/bin:/opt/cuda/nsight_compute:/opt/cuda/nsight_systems/bin'), ('DBUS_SESSION_BUS_ADDRESS', 'unix:path=/run/user/1000/bus'), ('KDE_APPLICATIONS_AS_SCOPE', '1'), ('MAIL', '/var/spool/mail/brown'), ('ROS_DISTRO', 'humble'), ('OLDPWD', '/home/brown/Projects/MiningRobot/autonomy/lunabug'), ('TERM_PROGRAM', 'tmux'), ('KONSOLE_DBUS_WINDOW', '/Windows/1'), ('_', '/usr/bin/env')]), 'shell': False}
[0.501479] (-) TimerEvent: {}
[0.602331] (-) TimerEvent: {}
[0.689438] (aurora_core) StdoutLine: {'line': b'[ 50%] \x1b[32mBuilding CXX object CMakeFiles/aurora_node_core.dir/src/aurora_node_core.cpp.o\x1b[0m\n'}
[0.702534] (-) TimerEvent: {}
[0.810446] (-) TimerEvent: {}
[0.911196] (-) TimerEvent: {}
[1.011979] (-) TimerEvent: {}
[1.113657] (-) TimerEvent: {}
[1.217023] (-) TimerEvent: {}
[1.317931] (-) TimerEvent: {}
[1.418611] (-) TimerEvent: {}
[1.519698] (-) TimerEvent: {}
[1.620614] (-) TimerEvent: {}
[1.721579] (-) TimerEvent: {}
[1.822342] (-) TimerEvent: {}
[1.922980] (-) TimerEvent: {}
[2.023994] (-) TimerEvent: {}
[2.125324] (-) TimerEvent: {}
[2.227032] (-) TimerEvent: {}
[2.329314] (-) TimerEvent: {}
[2.430054] (-) TimerEvent: {}
[2.531181] (-) TimerEvent: {}
[2.634151] (-) TimerEvent: {}
[2.734787] (-) TimerEvent: {}
[2.836625] (-) TimerEvent: {}
[2.938454] (-) TimerEvent: {}
[3.039219] (-) TimerEvent: {}
[3.140111] (-) TimerEvent: {}
[3.240865] (-) TimerEvent: {}
[3.343393] (-) TimerEvent: {}
[3.444284] (-) TimerEvent: {}
[3.546788] (-) TimerEvent: {}
[3.648816] (-) TimerEvent: {}
[3.749989] (-) TimerEvent: {}
[3.850747] (-) TimerEvent: {}
[3.951521] (-) TimerEvent: {}
[4.052112] (-) TimerEvent: {}
[4.153047] (-) TimerEvent: {}
[4.253769] (-) TimerEvent: {}
[4.354332] (-) TimerEvent: {}
[4.455194] (-) TimerEvent: {}
[4.556036] (-) TimerEvent: {}
[4.656547] (-) TimerEvent: {}
[4.757268] (-) TimerEvent: {}
[4.858299] (-) TimerEvent: {}
[4.958919] (-) TimerEvent: {}
[5.059633] (-) TimerEvent: {}
[5.160868] (-) TimerEvent: {}
[5.261737] (-) TimerEvent: {}
[5.364735] (-) TimerEvent: {}
[5.465585] (-) TimerEvent: {}
[5.566756] (-) TimerEvent: {}
[5.667735] (-) TimerEvent: {}
[5.768459] (-) TimerEvent: {}
[5.869222] (-) TimerEvent: {}
[5.969630] (-) TimerEvent: {}
[6.070292] (-) TimerEvent: {}
[6.171293] (-) TimerEvent: {}
[6.272355] (-) TimerEvent: {}
[6.373594] (-) TimerEvent: {}
[6.474694] (-) TimerEvent: {}
[6.575621] (-) TimerEvent: {}
[6.676946] (-) TimerEvent: {}
[6.777871] (-) TimerEvent: {}
[6.878538] (-) TimerEvent: {}
[6.979549] (-) TimerEvent: {}
[7.081594] (-) TimerEvent: {}
[7.182550] (-) TimerEvent: {}
[7.284608] (-) TimerEvent: {}
[7.385359] (-) TimerEvent: {}
[7.486634] (-) TimerEvent: {}
[7.587459] (-) TimerEvent: {}
[7.688559] (-) TimerEvent: {}
[7.789539] (-) TimerEvent: {}
[7.890321] (-) TimerEvent: {}
[7.991181] (-) TimerEvent: {}
[8.095116] (-) TimerEvent: {}
[8.196251] (-) TimerEvent: {}
[8.296716] (-) TimerEvent: {}
[8.397771] (-) TimerEvent: {}
[8.498627] (-) TimerEvent: {}
[8.599934] (-) TimerEvent: {}
[8.700608] (-) TimerEvent: {}
[8.801256] (-) TimerEvent: {}
[8.902190] (-) TimerEvent: {}
[9.003280] (-) TimerEvent: {}
[9.104212] (-) TimerEvent: {}
[9.205400] (-) TimerEvent: {}
[9.306424] (-) TimerEvent: {}
[9.407273] (-) TimerEvent: {}
[9.508024] (-) TimerEvent: {}
[9.532688] (aurora_core) StderrLine: {'line': b'\x1b[01m\x1b[K/home/brown/Projects/MiningRobot/ros2_workspace/src/aurora_core/src/aurora_node_core.cpp:\x1b[m\x1b[K In function \xe2\x80\x98\x1b[01m\x1b[Kint\x1b[01;32m\x1b[K main\x1b[m\x1b[K(int, char**)\x1b[m\x1b[K\xe2\x80\x99:\n'}
[9.533268] (aurora_core) StderrLine: {'line': b'\x1b[01m\x1b[K/home/brown/Projects/MiningRobot/ros2_workspace/src/aurora_core/src/aurora_node_core.cpp:82:9:\x1b[m\x1b[K \x1b[01;35m\x1b[Kwarning: \x1b[m\x1b[Kvariable \xe2\x80\x98\x1b[01m\x1b[Kmillisleep\x1b[m\x1b[K\xe2\x80\x99 set but not used [\x1b[01;35m\x1b[K\x1b]8;;https://gcc.gnu.org/onlinedocs/gcc/Warning-Options.html#index-Wunused-but-set-variable\x07-Wunused-but-set-variable\x1b]8;;\x07\x1b[m\x1b[K]\n'}
[9.533626] (aurora_core) StderrLine: {'line': b'   82 |     int \x1b[01;35m\x1b[Kmillisleep\x1b[m\x1b[K=10; // <- run at 100Hz max\n'}
[9.533799] (aurora_core) StderrLine: {'line': b'      |         \x1b[01;35m\x1b[K^~~~~~~~~~\x1b[m\x1b[K\n'}
[9.608045] (-) TimerEvent: {}
[9.708540] (-) TimerEvent: {}
[9.809518] (-) TimerEvent: {}
[9.910411] (-) TimerEvent: {}
[10.012023] (-) TimerEvent: {}
[10.113997] (-) TimerEvent: {}
[10.216077] (-) TimerEvent: {}
[10.317545] (-) TimerEvent: {}
[10.419414] (-) TimerEvent: {}
[10.520385] (-) TimerEvent: {}
[10.621432] (-) TimerEvent: {}
[10.724045] (-) TimerEvent: {}
[10.825032] (-) TimerEvent: {}
[10.925930] (-) TimerEvent: {}
[11.026562] (-) TimerEvent: {}
[11.127761] (-) TimerEvent: {}
[11.229714] (-) TimerEvent: {}
[11.330212] (-) TimerEvent: {}
[11.430914] (-) TimerEvent: {}
[11.531810] (-) TimerEvent: {}
[11.633440] (-) TimerEvent: {}
[11.734299] (-) TimerEvent: {}
[11.834902] (-) TimerEvent: {}
[11.935998] (-) TimerEvent: {}
[12.037143] (-) TimerEvent: {}
[12.138311] (-) TimerEvent: {}
[12.239029] (-) TimerEvent: {}
[12.340688] (-) TimerEvent: {}
[12.442489] (-) TimerEvent: {}
[12.543503] (-) TimerEvent: {}
[12.644330] (-) TimerEvent: {}
[12.745316] (-) TimerEvent: {}
[12.846320] (-) TimerEvent: {}
[12.947393] (-) TimerEvent: {}
[13.048300] (-) TimerEvent: {}
[13.149874] (-) TimerEvent: {}
[13.250946] (-) TimerEvent: {}
[13.352083] (-) TimerEvent: {}
[13.454070] (-) TimerEvent: {}
[13.497144] (aurora_core) StdoutLine: {'line': b'[100%] \x1b[32m\x1b[1mLinking CXX executable aurora_node_core\x1b[0m\n'}
[13.557829] (-) TimerEvent: {}
[13.658667] (-) TimerEvent: {}
[13.761498] (-) TimerEvent: {}
[13.862307] (-) TimerEvent: {}
[13.964113] (-) TimerEvent: {}
[14.065181] (-) TimerEvent: {}
[14.170111] (-) TimerEvent: {}
[14.270971] (-) TimerEvent: {}
[14.371842] (-) TimerEvent: {}
[14.472523] (-) TimerEvent: {}
[14.573889] (-) TimerEvent: {}
[14.675154] (-) TimerEvent: {}
[14.776414] (-) TimerEvent: {}
[14.877912] (-) TimerEvent: {}
[14.979123] (-) TimerEvent: {}
[15.079728] (-) TimerEvent: {}
[15.180641] (-) TimerEvent: {}
[15.281693] (-) TimerEvent: {}
[15.382761] (-) TimerEvent: {}
[15.483662] (-) TimerEvent: {}
[15.584525] (-) TimerEvent: {}
[15.686906] (-) TimerEvent: {}
[15.790105] (-) TimerEvent: {}
[15.892746] (-) TimerEvent: {}
[15.993846] (-) TimerEvent: {}
[16.094856] (-) TimerEvent: {}
[16.195604] (-) TimerEvent: {}
[16.296889] (-) TimerEvent: {}
[16.397793] (-) TimerEvent: {}
[16.499336] (-) TimerEvent: {}
[16.599844] (-) TimerEvent: {}
[16.700282] (-) TimerEvent: {}
[16.800875] (-) TimerEvent: {}
[16.901591] (-) TimerEvent: {}
[17.002851] (-) TimerEvent: {}
[17.104968] (-) TimerEvent: {}
[17.205773] (-) TimerEvent: {}
[17.307967] (-) TimerEvent: {}
[17.409686] (-) TimerEvent: {}
[17.510734] (-) TimerEvent: {}
[17.613056] (-) TimerEvent: {}
[17.714114] (-) TimerEvent: {}
[17.815046] (-) TimerEvent: {}
[17.915947] (-) TimerEvent: {}
[18.017752] (-) TimerEvent: {}
[18.118644] (-) TimerEvent: {}
[18.219606] (-) TimerEvent: {}
[18.321039] (-) TimerEvent: {}
[18.421775] (-) TimerEvent: {}
[18.525450] (-) TimerEvent: {}
[18.627258] (-) TimerEvent: {}
[18.728575] (-) TimerEvent: {}
[18.829400] (-) TimerEvent: {}
[18.930867] (-) TimerEvent: {}
[19.032027] (-) TimerEvent: {}
[19.133186] (-) TimerEvent: {}
[19.234240] (-) TimerEvent: {}
[19.335193] (-) TimerEvent: {}
[19.436079] (-) TimerEvent: {}
[19.538053] (-) TimerEvent: {}
[19.582766] (aurora_core) StdoutLine: {'line': b'[100%] Built target aurora_node_core\n'}
[19.615637] (aurora_core) CommandEnded: {'returncode': 0}
[19.638327] (-) TimerEvent: {}
[19.740014] (-) TimerEvent: {}
[19.812270] (aurora_core) JobProgress: {'identifier': 'aurora_core', 'progress': 'install'}
[19.840332] (-) TimerEvent: {}
[19.856626] (aurora_core) Command: {'cmd': ['/usr/bin/cmake', '--install', '/home/brown/Projects/MiningRobot/ros2_workspace/build/aurora_core'], 'cwd': '/home/brown/Projects/MiningRobot/ros2_workspace/build/aurora_core', 'env': OrderedDict([('SHELL', '/bin/bash'), ('ROS_VERSION', '2'), ('WINDOWID', '1'), ('COLORTERM', 'truecolor'), ('XDG_CONFIG_DIRS', '/home/brown/.config/kdedefaults:/etc/xdg'), ('KGLOBALACCELD_PLATFORM', 'org.kde.kwin'), ('TERM_PROGRAM_VERSION', '3.3a'), ('TMUX', '/tmp/tmux-1000/default,1806,0'), ('PKG_CONFIG_PATH', '/opt/ros/humble/lib/pkgconfig'), ('ROS_PYTHON_VERSION', '3'), ('LANGUAGE', ''), ('SHELL_SESSION_ID', 'adab33755f16428db603933a933b68e7'), ('MEMORY_PRESSURE_WRITE', 'c29tZSAyMDAwMDAgMjAwMDAwMAA='), ('XCURSOR_SIZE', '24'), ('EDITOR', '/usr/bin/nvim'), ('XDG_SEAT', 'seat0'), ('PWD', '/home/brown/Projects/MiningRobot/ros2_workspace/build/aurora_core'), ('LOGNAME', 'brown'), ('XDG_SESSION_TYPE', 'wayland'), ('SYSTEMD_EXEC_PID', '506'), ('XAUTHORITY', '/run/user/1000/xauth_qwjjoz'), ('MOTD_SHOWN', 'pam'), ('HOME', '/home/brown'), ('LANG', 'C.UTF-8'), ('XDG_CURRENT_DESKTOP', 'KDE'), ('KONSOLE_DBUS_SERVICE', ':1.86'), ('MEMORY_PRESSURE_WATCH', '/sys/fs/cgroup/user.slice/user-1000.slice/user@1000.service/session.slice/plasma-kwin_wayland.service/memory.pressure'), ('WAYLAND_DISPLAY', 'wayland-0'), ('KONSOLE_DBUS_SESSION', '/Sessions/2'), ('PROFILEHOME', ''), ('AMENT_PREFIX_PATH', '/home/brown/Projects/MiningRobot/ros2_workspace/install/aurora_core:/home/brown/Projects/MiningRobot/ros2_workspace/install/ros2_ouster:/home/brown/Projects/MiningRobot/ros2_workspace/install/perception_pcl:/home/brown/Projects/MiningRobot/ros2_workspace/install/pcl_ros:/home/brown/Projects/MiningRobot/ros2_workspace/install/pcl_conversions:/home/brown/Projects/MiningRobot/ros2_workspace/install/pcl_msgs:/home/brown/Projects/MiningRobot/ros2_workspace/install/ouster_msgs:/opt/ros/humble'), ('CMAKE_PREFIX_PATH', '/home/brown/Projects/MiningRobot/ros2_workspace/install/ros2_ouster:/home/brown/Projects/MiningRobot/ros2_workspace/install/pcl_conversions:/home/brown/Projects/MiningRobot/ros2_workspace/install/pcl_msgs:/home/brown/Projects/MiningRobot/ros2_workspace/install/ouster_msgs:/home/brown/Projects/MiningRobot/ros2_workspace/install/aurora_core:/home/brown/Projects/MiningRobot/ros2_workspace/install/perception_pcl:/home/brown/Projects/MiningRobot/ros2_workspace/install/pcl_ros:/opt/ros/humble'), ('COLCON_PREFIX_PATH', '/home/brown/Projects/MiningRobot/ros2_workspace/install:/opt/ros/humble'), ('INVOCATION_ID', '0451ff8a5b7f45339296dc187b8cbfb5'), ('KONSOLE_VERSION', '230801'), ('MANAGERPID', '465'), ('KDE_SESSION_UID', '1000'), ('XDG_ACTIVATION_TOKEN', 'kwin-2'), ('XDG_SESSION_CLASS', 'user'), ('PYTHONPATH', '/home/brown/Projects/MiningRobot/ros2_workspace/install/pcl_msgs/lib/python3.11/site-packages:/home/brown/Projects/MiningRobot/ros2_workspace/install/ouster_msgs/lib/python3.11/site-packages:/home/brown/.cache/yay/ros2-humble/src/install/lib/python3.11/dist-packages:/opt/ros/humble/lib/python3.11/site-packages'), ('COLCON', '1'), ('TERM', 'xterm-256color'), ('USER', 'brown'), ('TMUX_PANE', '%6'), ('CUDA_PATH', '/opt/cuda'), ('COLORFGBG', '15;0'), ('PLASMA_USE_QT_SCALING', '1'), ('KDE_SESSION_VERSION', '5'), ('QT_WAYLAND_FORCE_DPI', '96'), ('DISPLAY', ':0'), ('SHLVL', '3'), ('XDG_VTNR', '1'), ('XDG_SESSION_ID', '1'), ('LD_LIBRARY_PATH', '/home/brown/Projects/MiningRobot/ros2_workspace/install/ros2_ouster/lib:/home/brown/Projects/MiningRobot/ros2_workspace/install/pcl_msgs/lib:/home/brown/Projects/MiningRobot/ros2_workspace/install/ouster_msgs/lib:/home/brown/Projects/MiningRobot/ros2_workspace/install/pcl_ros/lib:/opt/ros/humble/opt/yaml_cpp_vendor/lib:/opt/ros/humble/opt/rviz_ogre_vendor/lib:/opt/ros/humble/lib'), ('XDG_RUNTIME_DIR', '/run/user/1000'), ('ROS_LOCALHOST_ONLY', '0'), ('DEBUGINFOD_URLS', 'https://debuginfod.archlinux.org'), ('QT_AUTO_SCREEN_SCALE_FACTOR', '0'), ('JOURNAL_STREAM', '8:14885'), ('XCURSOR_THEME', 'breeze_cursors'), ('XDG_DATA_DIRS', '/home/brown/.local/share/flatpak/exports/share:/var/lib/flatpak/exports/share:/usr/local/share/:/usr/share/'), ('KDE_FULL_SESSION', 'true'), ('QSG_RENDER_LOOP', 'basic'), ('PATH', '/opt/ros/humble/bin:/home/brown/.local/bin:/home/brown/.local/bin:/home/brown/.local/bin:/usr/local/sbin:/usr/local/bin:/usr/bin:/opt/cuda/bin:/opt/cuda/nsight_compute:/opt/cuda/nsight_systems/bin:/var/lib/flatpak/exports/bin:/usr/lib/jvm/default/bin:/usr/bin/site_perl:/usr/bin/vendor_perl:/usr/bin/core_perl:/opt/cuda/bin:/opt/cuda/nsight_compute:/opt/cuda/nsight_systems/bin'), ('DBUS_SESSION_BUS_ADDRESS', 'unix:path=/run/user/1000/bus'), ('KDE_APPLICATIONS_AS_SCOPE', '1'), ('MAIL', '/var/spool/mail/brown'), ('ROS_DISTRO', 'humble'), ('OLDPWD', '/home/brown/Projects/MiningRobot/autonomy/lunabug'), ('TERM_PROGRAM', 'tmux'), ('KONSOLE_DBUS_WINDOW', '/Windows/1'), ('_', '/usr/bin/env')]), 'shell': False}
[19.886365] (aurora_core) StdoutLine: {'line': b'-- Install configuration: ""\n'}
[19.887265] (aurora_core) StdoutLine: {'line': b'-- Installing: /home/brown/Projects/MiningRobot/ros2_workspace/install/aurora_core/lib/aurora_core/aurora_node_core\n'}
[19.897550] (aurora_core) StdoutLine: {'line': b'-- Set runtime path of "/home/brown/Projects/MiningRobot/ros2_workspace/install/aurora_core/lib/aurora_core/aurora_node_core" to ""\n'}
[19.898175] (aurora_core) StdoutLine: {'line': b'-- Up-to-date: /home/brown/Projects/MiningRobot/ros2_workspace/install/aurora_core/share/ament_index/resource_index/package_run_dependencies/aurora_core\n'}
[19.898633] (aurora_core) StdoutLine: {'line': b'-- Up-to-date: /home/brown/Projects/MiningRobot/ros2_workspace/install/aurora_core/share/ament_index/resource_index/parent_prefix_path/aurora_core\n'}
[19.899036] (aurora_core) StdoutLine: {'line': b'-- Up-to-date: /home/brown/Projects/MiningRobot/ros2_workspace/install/aurora_core/share/aurora_core/environment/ament_prefix_path.sh\n'}
[19.899529] (aurora_core) StdoutLine: {'line': b'-- Up-to-date: /home/brown/Projects/MiningRobot/ros2_workspace/install/aurora_core/share/aurora_core/environment/ament_prefix_path.dsv\n'}
[19.899801] (aurora_core) StdoutLine: {'line': b'-- Up-to-date: /home/brown/Projects/MiningRobot/ros2_workspace/install/aurora_core/share/aurora_core/environment/path.sh\n'}
[19.900077] (aurora_core) StdoutLine: {'line': b'-- Up-to-date: /home/brown/Projects/MiningRobot/ros2_workspace/install/aurora_core/share/aurora_core/environment/path.dsv\n'}
[19.900471] (aurora_core) StdoutLine: {'line': b'-- Up-to-date: /home/brown/Projects/MiningRobot/ros2_workspace/install/aurora_core/share/aurora_core/local_setup.bash\n'}
[19.903926] (aurora_core) StdoutLine: {'line': b'-- Up-to-date: /home/brown/Projects/MiningRobot/ros2_workspace/install/aurora_core/share/aurora_core/local_setup.sh\n'}
[19.917096] (aurora_core) StdoutLine: {'line': b'-- Up-to-date: /home/brown/Projects/MiningRobot/ros2_workspace/install/aurora_core/share/aurora_core/local_setup.zsh\n'}
[19.918012] (aurora_core) StdoutLine: {'line': b'-- Up-to-date: /home/brown/Projects/MiningRobot/ros2_workspace/install/aurora_core/share/aurora_core/local_setup.dsv\n'}
[19.918917] (aurora_core) StdoutLine: {'line': b'-- Installing: /home/brown/Projects/MiningRobot/ros2_workspace/install/aurora_core/share/aurora_core/package.dsv\n'}
[19.920241] (aurora_core) StdoutLine: {'line': b'-- Up-to-date: /home/brown/Projects/MiningRobot/ros2_workspace/install/aurora_core/share/ament_index/resource_index/packages/aurora_core\n'}
[19.920889] (aurora_core) StdoutLine: {'line': b'-- Up-to-date: /home/brown/Projects/MiningRobot/ros2_workspace/install/aurora_core/share/aurora_core/cmake/aurora_coreConfig.cmake\n'}
[19.922116] (aurora_core) StdoutLine: {'line': b'-- Up-to-date: /home/brown/Projects/MiningRobot/ros2_workspace/install/aurora_core/share/aurora_core/cmake/aurora_coreConfig-version.cmake\n'}
[19.931426] (aurora_core) StdoutLine: {'line': b'-- Up-to-date: /home/brown/Projects/MiningRobot/ros2_workspace/install/aurora_core/share/aurora_core/package.xml\n'}
[19.931913] (aurora_core) CommandEnded: {'returncode': 0}
[19.940960] (-) TimerEvent: {}
[20.041801] (-) TimerEvent: {}
[20.156709] (-) TimerEvent: {}
[20.258092] (-) TimerEvent: {}
[20.359416] (-) TimerEvent: {}
[20.463822] (-) TimerEvent: {}
[20.565767] (-) TimerEvent: {}
[20.668916] (-) TimerEvent: {}
[20.770115] (-) TimerEvent: {}
[20.871281] (-) TimerEvent: {}
[20.879611] (aurora_core) JobEnded: {'identifier': 'aurora_core', 'rc': 0}
[20.900526] (-) EventReactorShutdown: {}
