[0.174s] Invoking command in '/home/brown/Projects/MiningRobot/ros2_workspace/build/aurora_core': CMAKE_PREFIX_PATH=/home/brown/Projects/MiningRobot/ros2_workspace/install/ros2_ouster:/home/brown/Projects/MiningRobot/ros2_workspace/install/pcl_conversions:/home/brown/Projects/MiningRobot/ros2_workspace/install/pcl_msgs:/home/brown/Projects/MiningRobot/ros2_workspace/install/ouster_msgs:/home/brown/Projects/MiningRobot/ros2_workspace/install/aurora_core:/home/brown/Projects/MiningRobot/ros2_workspace/install/perception_pcl:/home/brown/Projects/MiningRobot/ros2_workspace/install/pcl_ros:/opt/ros/humble LD_LIBRARY_PATH=/home/brown/Projects/MiningRobot/ros2_workspace/install/ros2_ouster/lib:/home/brown/Projects/MiningRobot/ros2_workspace/install/pcl_msgs/lib:/home/brown/Projects/MiningRobot/ros2_workspace/install/ouster_msgs/lib:/home/brown/Projects/MiningRobot/ros2_workspace/install/pcl_ros/lib:/opt/ros/humble/opt/yaml_cpp_vendor/lib:/opt/ros/humble/opt/rviz_ogre_vendor/lib:/opt/ros/humble/lib _=/usr/bin/env /usr/bin/cmake --build /home/brown/Projects/MiningRobot/ros2_workspace/build/aurora_core -- -j4 -l4
[0.220s] [31mCMake Error at CMakeLists.txt:4 (target_include_directories):
[0.220s]   Cannot specify include directories for target "aurora_core" which is not
[0.220s]   built by this project.
[0.221s] 
[0.221s] [0m
[0.221s] -- Found ament_cmake: 1.3.5 (/opt/ros/humble/share/ament_cmake/cmake)
[0.575s] -- Found ament_lint_auto: 0.12.8 (/opt/ros/humble/share/ament_lint_auto/cmake)
[0.707s] -- Found rclcpp: 16.0.6 (/opt/ros/humble/share/rclcpp/cmake)
[0.757s] -- Found rosidl_generator_c: 3.1.5 (/opt/ros/humble/share/rosidl_generator_c/cmake)
[0.761s] -- Found rosidl_adapter: 3.1.5 (/opt/ros/humble/share/rosidl_adapter/cmake)
[0.771s] -- Found rosidl_generator_cpp: 3.1.5 (/opt/ros/humble/share/rosidl_generator_cpp/cmake)
[0.791s] -- Using all available rosidl_typesupport_c: rosidl_typesupport_fastrtps_c;rosidl_typesupport_introspection_c
[0.821s] -- Using all available rosidl_typesupport_cpp: rosidl_typesupport_fastrtps_cpp;rosidl_typesupport_introspection_cpp
[0.925s] -- Found rmw_implementation_cmake: 6.1.1 (/opt/ros/humble/share/rmw_implementation_cmake/cmake)
[0.927s] -- Found rmw_fastrtps_cpp: 6.2.4 (/opt/ros/humble/share/rmw_fastrtps_cpp/cmake)
[1.070s] -- Using RMW implementation 'rmw_fastrtps_cpp' as default
[1.363s] -- Found ros2_ouster: 0.5.0 (/home/brown/Projects/MiningRobot/ros2_workspace/install/ros2_ouster/share/ros2_ouster/cmake)
[2.462s] -- Found eigen3_cmake_module: 0.1.1 (/opt/ros/humble/share/eigen3_cmake_module/cmake)
[2.464s] -- Ensuring Eigen3 include directory is part of orocos-kdl CMake target
[2.709s] [33mCMake Warning (dev) at /usr/share/pcl-1.13/PCLConfig.cmake:143 (find_package):
[2.709s]   Policy CMP0144 is not set: find_package uses upper-case <PACKAGENAME>_ROOT
[2.709s]   variables.  Run "cmake --help-policy CMP0144" for policy details.  Use the
[2.709s]   cmake_policy command to set the policy and suppress this warning.
[2.710s] 
[2.710s]   CMake variable EIGEN_ROOT is set to:
[2.710s] 
[2.710s]     /usr/include/eigen3
[2.710s] 
[2.710s]   For compatibility, find_package is ignoring the variable, but code in a
[2.711s]   .cmake module might still use it.
[2.711s] Call Stack (most recent call first):
[2.711s]   /usr/share/pcl-1.13/PCLConfig.cmake:296 (find_eigen)
[2.711s]   /usr/share/pcl-1.13/PCLConfig.cmake:549 (find_external_library)
[2.711s]   /home/brown/Projects/MiningRobot/ros2_workspace/install/pcl_conversions/share/pcl_conversions/cmake/ament_cmake_export_dependencies-extras.cmake:21 (find_package)
[2.711s]   /home/brown/Projects/MiningRobot/ros2_workspace/install/pcl_conversions/share/pcl_conversions/cmake/pcl_conversionsConfig.cmake:41 (include)
[2.712s]   /home/brown/Projects/MiningRobot/ros2_workspace/install/ros2_ouster/share/ros2_ouster/cmake/ament_cmake_export_dependencies-extras.cmake:21 (find_package)
[2.712s]   /home/brown/Projects/MiningRobot/ros2_workspace/install/ros2_ouster/share/ros2_ouster/cmake/ros2_ousterConfig.cmake:41 (include)
[2.712s]   CMakeLists.txt:29 (find_package)
[2.712s] This warning is for project developers.  Use -Wno-dev to suppress it.
[2.712s] [0m
[2.719s] -- Eigen found (include: /usr/include/eigen3, version: 3.4.0)
[2.735s] [33mCMake Warning (dev) at /usr/share/pcl-1.13/Modules/FindFLANN.cmake:45 (find_package):
[2.735s]   Policy CMP0144 is not set: find_package uses upper-case <PACKAGENAME>_ROOT
[2.735s]   variables.  Run "cmake --help-policy CMP0144" for policy details.  Use the
[2.736s]   cmake_policy command to set the policy and suppress this warning.
[2.736s] 
[2.736s]   CMake variable FLANN_ROOT is set to:
[2.736s] 
[2.736s]     /usr
[2.736s] 
[2.737s]   For compatibility, find_package is ignoring the variable, but code in a
[2.737s]   .cmake module might still use it.
[2.737s] Call Stack (most recent call first):
[2.737s]   /usr/share/pcl-1.13/PCLConfig.cmake:253 (find_package)
[2.737s]   /usr/share/pcl-1.13/PCLConfig.cmake:298 (find_flann)
[2.737s]   /usr/share/pcl-1.13/PCLConfig.cmake:549 (find_external_library)
[2.737s]   /home/brown/Projects/MiningRobot/ros2_workspace/install/pcl_conversions/share/pcl_conversions/cmake/ament_cmake_export_dependencies-extras.cmake:21 (find_package)
[2.737s]   /home/brown/Projects/MiningRobot/ros2_workspace/install/pcl_conversions/share/pcl_conversions/cmake/pcl_conversionsConfig.cmake:41 (include)
[2.738s]   /home/brown/Projects/MiningRobot/ros2_workspace/install/ros2_ouster/share/ros2_ouster/cmake/ament_cmake_export_dependencies-extras.cmake:21 (find_package)
[2.738s]   /home/brown/Projects/MiningRobot/ros2_workspace/install/ros2_ouster/share/ros2_ouster/cmake/ros2_ousterConfig.cmake:41 (include)
[2.738s]   CMakeLists.txt:29 (find_package)
[2.738s] This warning is for project developers.  Use -Wno-dev to suppress it.
[2.738s] [0m
[2.738s] -- Found flann version 1.9.2
[6.127s] -- Eigen found (include: /usr/include/eigen3, version: 3.4.0)
[6.667s] -- Found Qhull version 8.0.2
[7.869s] -- Added test 'cppcheck' to perform static code analysis on C / C++ code
[7.870s] -- Configured cppcheck include dirs: 
[7.870s] -- Configured cppcheck exclude dirs and/or files: 
[7.878s] -- Added test 'lint_cmake' to check CMake code style
[7.900s] -- Added test 'uncrustify' to check C / C++ code style
[7.900s] -- Configured uncrustify additional arguments: 
[7.903s] -- Added test 'xmllint' to check XML markup files
[7.904s] -- Configuring incomplete, errors occurred!
[7.935s] make: *** [Makefile:267: cmake_check_build_system] Error 1
[7.939s] Invoked command in '/home/brown/Projects/MiningRobot/ros2_workspace/build/aurora_core' returned '2': CMAKE_PREFIX_PATH=/home/brown/Projects/MiningRobot/ros2_workspace/install/ros2_ouster:/home/brown/Projects/MiningRobot/ros2_workspace/install/pcl_conversions:/home/brown/Projects/MiningRobot/ros2_workspace/install/pcl_msgs:/home/brown/Projects/MiningRobot/ros2_workspace/install/ouster_msgs:/home/brown/Projects/MiningRobot/ros2_workspace/install/aurora_core:/home/brown/Projects/MiningRobot/ros2_workspace/install/perception_pcl:/home/brown/Projects/MiningRobot/ros2_workspace/install/pcl_ros:/opt/ros/humble LD_LIBRARY_PATH=/home/brown/Projects/MiningRobot/ros2_workspace/install/ros2_ouster/lib:/home/brown/Projects/MiningRobot/ros2_workspace/install/pcl_msgs/lib:/home/brown/Projects/MiningRobot/ros2_workspace/install/ouster_msgs/lib:/home/brown/Projects/MiningRobot/ros2_workspace/install/pcl_ros/lib:/opt/ros/humble/opt/yaml_cpp_vendor/lib:/opt/ros/humble/opt/rviz_ogre_vendor/lib:/opt/ros/humble/lib _=/usr/bin/env /usr/bin/cmake --build /home/brown/Projects/MiningRobot/ros2_workspace/build/aurora_core -- -j4 -l4
