[0.000000] (-) TimerEvent: {}
[0.000298] (-) JobUnselected: {'identifier': 'ouster_msgs'}
[0.000405] (-) JobUnselected: {'identifier': 'pcl_conversions'}
[0.000454] (-) JobUnselected: {'identifier': 'pcl_msgs'}
[0.000522] (-) JobUnselected: {'identifier': 'pcl_ros'}
[0.000599] (-) JobUnselected: {'identifier': 'perception_pcl'}
[0.000727] (-) JobUnselected: {'identifier': 'ros2_ouster'}
[0.000811] (aurora_core) JobQueued: {'identifier': 'aurora_core', 'dependencies': OrderedDict([('ouster_msgs', '/home/brown/Projects/MiningRobot/autonomy/ros2_workspace/install/ouster_msgs'), ('pcl_msgs', '/home/brown/Projects/MiningRobot/autonomy/ros2_workspace/install/pcl_msgs'), ('pcl_conversions', '/home/brown/Projects/MiningRobot/autonomy/ros2_workspace/install/pcl_conversions'), ('ros2_ouster', '/home/brown/Projects/MiningRobot/autonomy/ros2_workspace/install/ros2_ouster')])}
[0.000956] (aurora_core) JobStarted: {'identifier': 'aurora_core'}
[0.100103] (-) TimerEvent: {}
[0.180525] (aurora_core) JobProgress: {'identifier': 'aurora_core', 'progress': 'cmake'}
[0.182532] (aurora_core) JobProgress: {'identifier': 'aurora_core', 'progress': 'build'}
[0.184322] (aurora_core) Command: {'cmd': ['/usr/bin/cmake', '--build', '/home/brown/Projects/MiningRobot/autonomy/ros2_workspace/build/aurora_core', '--', '-j4', '-l4'], 'cwd': '/home/brown/Projects/MiningRobot/autonomy/ros2_workspace/build/aurora_core', 'env': OrderedDict([('SHELL', '/bin/bash'), ('ROS_VERSION', '2'), ('WINDOWID', '1'), ('COLORTERM', 'truecolor'), ('XDG_CONFIG_DIRS', '/home/brown/.config/kdedefaults:/etc/xdg'), ('KGLOBALACCELD_PLATFORM', 'org.kde.kwin'), ('TERM_PROGRAM_VERSION', '3.3a'), ('TMUX', '/tmp/tmux-1000/default,1806,0'), ('PKG_CONFIG_PATH', '/opt/ros/humble/lib/pkgconfig'), ('ROS_PYTHON_VERSION', '3'), ('LANGUAGE', ''), ('SHELL_SESSION_ID', 'adab33755f16428db603933a933b68e7'), ('MEMORY_PRESSURE_WRITE', 'c29tZSAyMDAwMDAgMjAwMDAwMAA='), ('XCURSOR_SIZE', '24'), ('EDITOR', '/usr/bin/nvim'), ('XDG_SEAT', 'seat0'), ('PWD', '/home/brown/Projects/MiningRobot/autonomy/ros2_workspace/build/aurora_core'), ('LOGNAME', 'brown'), ('XDG_SESSION_TYPE', 'wayland'), ('SYSTEMD_EXEC_PID', '506'), ('XAUTHORITY', '/run/user/1000/xauth_qwjjoz'), ('MOTD_SHOWN', 'pam'), ('HOME', '/home/brown'), ('LANG', 'C.UTF-8'), ('XDG_CURRENT_DESKTOP', 'KDE'), ('KONSOLE_DBUS_SERVICE', ':1.86'), ('MEMORY_PRESSURE_WATCH', '/sys/fs/cgroup/user.slice/user-1000.slice/user@1000.service/session.slice/plasma-kwin_wayland.service/memory.pressure'), ('WAYLAND_DISPLAY', 'wayland-0'), ('KONSOLE_DBUS_SESSION', '/Sessions/2'), ('PROFILEHOME', ''), ('AMENT_PREFIX_PATH', '/home/brown/Projects/MiningRobot/autonomy/ros2_workspace/install/aurora_core:/home/brown/Projects/MiningRobot/autonomy/ros2_workspace/install/ros2_ouster:/home/brown/Projects/MiningRobot/autonomy/ros2_workspace/install/perception_pcl:/home/brown/Projects/MiningRobot/autonomy/ros2_workspace/install/pcl_ros:/home/brown/Projects/MiningRobot/autonomy/ros2_workspace/install/pcl_conversions:/home/brown/Projects/MiningRobot/autonomy/ros2_workspace/install/pcl_msgs:/home/brown/Projects/MiningRobot/autonomy/ros2_workspace/install/ouster_msgs:/opt/ros/humble'), ('CMAKE_PREFIX_PATH', '/home/brown/Projects/MiningRobot/autonomy/ros2_workspace/install/ros2_ouster:/home/brown/Projects/MiningRobot/autonomy/ros2_workspace/install/pcl_conversions:/home/brown/Projects/MiningRobot/autonomy/ros2_workspace/install/pcl_msgs:/home/brown/Projects/MiningRobot/autonomy/ros2_workspace/install/ouster_msgs:/home/brown/Projects/MiningRobot/autonomy/ros2_workspace/install/aurora_core:/home/brown/Projects/MiningRobot/autonomy/ros2_workspace/install/perception_pcl:/home/brown/Projects/MiningRobot/autonomy/ros2_workspace/install/pcl_ros:/opt/ros/humble'), ('COLCON_PREFIX_PATH', '/home/brown/Projects/MiningRobot/autonomy/ros2_workspace/install:/opt/ros/humble'), ('INVOCATION_ID', '0451ff8a5b7f45339296dc187b8cbfb5'), ('KONSOLE_VERSION', '230801'), ('MANAGERPID', '465'), ('KDE_SESSION_UID', '1000'), ('XDG_ACTIVATION_TOKEN', 'kwin-2'), ('XDG_SESSION_CLASS', 'user'), ('PYTHONPATH', '/home/brown/Projects/MiningRobot/autonomy/ros2_workspace/install/pcl_msgs/lib/python3.11/site-packages:/home/brown/Projects/MiningRobot/autonomy/ros2_workspace/install/ouster_msgs/lib/python3.11/site-packages:/home/brown/.cache/yay/ros2-humble/src/install/lib/python3.11/dist-packages:/opt/ros/humble/lib/python3.11/site-packages'), ('COLCON', '1'), ('TERM', 'xterm-256color'), ('USER', 'brown'), ('TMUX_PANE', '%9'), ('CUDA_PATH', '/opt/cuda'), ('COLORFGBG', '15;0'), ('PLASMA_USE_QT_SCALING', '1'), ('KDE_SESSION_VERSION', '5'), ('QT_WAYLAND_FORCE_DPI', '96'), ('DISPLAY', ':0'), ('SHLVL', '3'), ('XDG_VTNR', '1'), ('XDG_SESSION_ID', '1'), ('LD_LIBRARY_PATH', '/home/brown/Projects/MiningRobot/autonomy/ros2_workspace/install/ros2_ouster/lib:/home/brown/Projects/MiningRobot/autonomy/ros2_workspace/install/pcl_msgs/lib:/home/brown/Projects/MiningRobot/autonomy/ros2_workspace/install/ouster_msgs/lib:/home/brown/Projects/MiningRobot/autonomy/ros2_workspace/install/pcl_ros/lib:/opt/ros/humble/opt/yaml_cpp_vendor/lib:/opt/ros/humble/opt/rviz_ogre_vendor/lib:/opt/ros/humble/lib'), ('XDG_RUNTIME_DIR', '/run/user/1000'), ('ROS_LOCALHOST_ONLY', '0'), ('DEBUGINFOD_URLS', 'https://debuginfod.archlinux.org'), ('QT_AUTO_SCREEN_SCALE_FACTOR', '0'), ('JOURNAL_STREAM', '8:14885'), ('XCURSOR_THEME', 'breeze_cursors'), ('XDG_DATA_DIRS', '/home/brown/.local/share/flatpak/exports/share:/var/lib/flatpak/exports/share:/usr/local/share/:/usr/share/'), ('KDE_FULL_SESSION', 'true'), ('QSG_RENDER_LOOP', 'basic'), ('PATH', '/opt/ros/humble/bin:/home/brown/.local/bin:/home/brown/.local/bin:/home/brown/.local/bin:/usr/local/sbin:/usr/local/bin:/usr/bin:/opt/cuda/bin:/opt/cuda/nsight_compute:/opt/cuda/nsight_systems/bin:/var/lib/flatpak/exports/bin:/usr/lib/jvm/default/bin:/usr/bin/site_perl:/usr/bin/vendor_perl:/usr/bin/core_perl:/opt/cuda/bin:/opt/cuda/nsight_compute:/opt/cuda/nsight_systems/bin'), ('DBUS_SESSION_BUS_ADDRESS', 'unix:path=/run/user/1000/bus'), ('KDE_APPLICATIONS_AS_SCOPE', '1'), ('MAIL', '/var/spool/mail/brown'), ('ROS_DISTRO', 'humble'), ('OLDPWD', '/home/brown'), ('TERM_PROGRAM', 'tmux'), ('KONSOLE_DBUS_WINDOW', '/Windows/1'), ('_', '/usr/bin/env')]), 'shell': False}
[0.200233] (-) TimerEvent: {}
[0.291553] (aurora_core) StdoutLine: {'line': b'[ 50%] \x1b[32mBuilding CXX object CMakeFiles/aurora_node_core.dir/src/aurora_node_core.cpp.o\x1b[0m\n'}
[0.300374] (-) TimerEvent: {}
[0.400780] (-) TimerEvent: {}
[0.501170] (-) TimerEvent: {}
[0.601631] (-) TimerEvent: {}
[0.702042] (-) TimerEvent: {}
[0.802413] (-) TimerEvent: {}
[0.902874] (-) TimerEvent: {}
[1.003219] (-) TimerEvent: {}
[1.103615] (-) TimerEvent: {}
[1.204050] (-) TimerEvent: {}
[1.304469] (-) TimerEvent: {}
[1.404828] (-) TimerEvent: {}
[1.505221] (-) TimerEvent: {}
[1.605559] (-) TimerEvent: {}
[1.705907] (-) TimerEvent: {}
[1.806262] (-) TimerEvent: {}
[1.906608] (-) TimerEvent: {}
[2.007010] (-) TimerEvent: {}
[2.107403] (-) TimerEvent: {}
[2.207806] (-) TimerEvent: {}
[2.308225] (-) TimerEvent: {}
[2.408645] (-) TimerEvent: {}
[2.509062] (-) TimerEvent: {}
[2.609457] (-) TimerEvent: {}
[2.709857] (-) TimerEvent: {}
[2.810286] (-) TimerEvent: {}
[2.910689] (-) TimerEvent: {}
[3.011122] (-) TimerEvent: {}
[3.111475] (-) TimerEvent: {}
[3.211833] (-) TimerEvent: {}
[3.312208] (-) TimerEvent: {}
[3.412592] (-) TimerEvent: {}
[3.512937] (-) TimerEvent: {}
[3.613299] (-) TimerEvent: {}
[3.654861] (aurora_core) StderrLine: {'line': b'In file included from \x1b[01m\x1b[K/home/brown/Projects/MiningRobot/autonomy/ros2_workspace/aurora_core_sl/include/base/include/aurora/../osl/vec2.h:9\x1b[m\x1b[K,\n'}
[3.655102] (aurora_core) StderrLine: {'line': b'                 from \x1b[01m\x1b[K/home/brown/Projects/MiningRobot/autonomy/ros2_workspace/aurora_core_sl/include/base/include/aurora/coords.h:30\x1b[m\x1b[K,\n'}
[3.655209] (aurora_core) StderrLine: {'line': b'                 from \x1b[01m\x1b[K/home/brown/Projects/MiningRobot/autonomy/ros2_workspace/aurora_core_sl/include/base/include/aurora/robot_base.h:10\x1b[m\x1b[K,\n'}
[3.655306] (aurora_core) StderrLine: {'line': b'                 from \x1b[01m\x1b[K/home/brown/Projects/MiningRobot/autonomy/ros2_workspace/aurora_core_sl/src/aurora_node_core.cpp:10\x1b[m\x1b[K:\n'}
[3.655408] (aurora_core) StderrLine: {'line': b'\x1b[01m\x1b[K/home/brown/Projects/MiningRobot/autonomy/ros2_workspace/aurora_core_sl/include/base/include/aurora/../osl/vector2d.h:\x1b[m\x1b[K In copy constructor \xe2\x80\x98\x1b[01m\x1b[Kosl::Vector2d::\x1b[01;32m\x1b[KVector2d\x1b[m\x1b[K(const osl::Vector2d&)\x1b[m\x1b[K\xe2\x80\x99:\n'}
[3.655505] (aurora_core) StderrLine: {'line': b'\x1b[01m\x1b[K/home/brown/Projects/MiningRobot/autonomy/ros2_workspace/aurora_core_sl/include/base/include/aurora/../osl/vector2d.h:157:9:\x1b[m\x1b[K \x1b[01;35m\x1b[Kwarning: \x1b[m\x1b[Kbase class \xe2\x80\x98\x1b[01m\x1b[Kclass osl::Vector2dT<double, osl::Vector2d>\x1b[m\x1b[K\xe2\x80\x99 should be explicitly initialized in the copy constructor [\x1b[01;35m\x1b[K\x1b]8;;https://gcc.gnu.org/onlinedocs/gcc/Warning-Options.html#index-Wextra\x07-Wextra\x1b]8;;\x07\x1b[m\x1b[K]\n'}
[3.655605] (aurora_core) StderrLine: {'line': b'  157 |         \x1b[01;35m\x1b[KVector2d\x1b[m\x1b[K(const Vector2d &copy) {x=copy.x;y=copy.y;}\n'}
[3.655697] (aurora_core) StderrLine: {'line': b'      |         \x1b[01;35m\x1b[K^~~~~~~~\x1b[m\x1b[K\n'}
[3.658152] (aurora_core) StderrLine: {'line': b'\x1b[01m\x1b[K/home/brown/Projects/MiningRobot/autonomy/ros2_workspace/aurora_core_sl/include/base/include/aurora/../osl/vector2d.h:\x1b[m\x1b[K In member function \xe2\x80\x98\x1b[01m\x1b[Kbool osl::LineSeg::\x1b[01;32m\x1b[Kintersects\x1b[m\x1b[K(const osl::LineSeg&, bool, osl::Vector2d*) const\x1b[m\x1b[K\xe2\x80\x99:\n'}
[3.658330] (aurora_core) StderrLine: {'line': b'\x1b[01m\x1b[K/home/brown/Projects/MiningRobot/autonomy/ros2_workspace/aurora_core_sl/include/base/include/aurora/../osl/vector2d.h:244:34:\x1b[m\x1b[K \x1b[01;35m\x1b[Kwarning: \x1b[m\x1b[Kimplicitly-declared \xe2\x80\x98\x1b[01m\x1b[Kosl::Vector2d& osl::Vector2d::\x1b[01;32m\x1b[Koperator=\x1b[m\x1b[K(const osl::Vector2d&)\x1b[m\x1b[K\xe2\x80\x99 is deprecated [\x1b[01;35m\x1b[K\x1b]8;;https://gcc.gnu.org/onlinedocs/gcc/Warning-Options.html#index-Wdeprecated-copy\x07-Wdeprecated-copy\x1b]8;;\x07\x1b[m\x1b[K]\n'}
[3.658443] (aurora_core) StderrLine: {'line': b'  244 |                         *ret=at(t\x1b[01;35m\x1b[K)\x1b[m\x1b[K;\n'}
[3.658544] (aurora_core) StderrLine: {'line': b'      |                                  \x1b[01;35m\x1b[K^\x1b[m\x1b[K\n'}
[3.658645] (aurora_core) StderrLine: {'line': b'\x1b[01m\x1b[K/home/brown/Projects/MiningRobot/autonomy/ros2_workspace/aurora_core_sl/include/base/include/aurora/../osl/vector2d.h:157:9:\x1b[m\x1b[K \x1b[01;36m\x1b[Knote: \x1b[m\x1b[Kbecause \xe2\x80\x98\x1b[01m\x1b[Kosl::Vector2d\x1b[m\x1b[K\xe2\x80\x99 has user-provided \xe2\x80\x98\x1b[01m\x1b[Kosl::Vector2d::\x1b[01;32m\x1b[KVector2d\x1b[m\x1b[K(const osl::Vector2d&)\x1b[m\x1b[K\xe2\x80\x99\n'}
[3.658748] (aurora_core) StderrLine: {'line': b'  157 |         \x1b[01;36m\x1b[KVector2d\x1b[m\x1b[K(const Vector2d &copy) {x=copy.x;y=copy.y;}\n'}
[3.658846] (aurora_core) StderrLine: {'line': b'      |         \x1b[01;36m\x1b[K^~~~~~~~\x1b[m\x1b[K\n'}
[3.659022] (aurora_core) StderrLine: {'line': b'\x1b[01m\x1b[K/home/brown/Projects/MiningRobot/autonomy/ros2_workspace/aurora_core_sl/include/base/include/aurora/../osl/vector2d.h:247:34:\x1b[m\x1b[K \x1b[01;35m\x1b[Kwarning: \x1b[m\x1b[Kimplicitly-declared \xe2\x80\x98\x1b[01m\x1b[Kosl::Vector2d& osl::Vector2d::\x1b[01;32m\x1b[Koperator=\x1b[m\x1b[K(const osl::Vector2d&)\x1b[m\x1b[K\xe2\x80\x99 is deprecated [\x1b[01;35m\x1b[K\x1b]8;;https://gcc.gnu.org/onlinedocs/gcc/Warning-Options.html#index-Wdeprecated-copy\x07-Wdeprecated-copy\x1b]8;;\x07\x1b[m\x1b[K]\n'}
[3.659189] (aurora_core) StderrLine: {'line': b'  247 |                         *ret=at(t\x1b[01;35m\x1b[K)\x1b[m\x1b[K;\n'}
[3.659284] (aurora_core) StderrLine: {'line': b'      |                                  \x1b[01;35m\x1b[K^\x1b[m\x1b[K\n'}
[3.659381] (aurora_core) StderrLine: {'line': b'\x1b[01m\x1b[K/home/brown/Projects/MiningRobot/autonomy/ros2_workspace/aurora_core_sl/include/base/include/aurora/../osl/vector2d.h:157:9:\x1b[m\x1b[K \x1b[01;36m\x1b[Knote: \x1b[m\x1b[Kbecause \xe2\x80\x98\x1b[01m\x1b[Kosl::Vector2d\x1b[m\x1b[K\xe2\x80\x99 has user-provided \xe2\x80\x98\x1b[01m\x1b[Kosl::Vector2d::\x1b[01;32m\x1b[KVector2d\x1b[m\x1b[K(const osl::Vector2d&)\x1b[m\x1b[K\xe2\x80\x99\n'}
[3.659569] (aurora_core) StderrLine: {'line': b'  157 |         \x1b[01;36m\x1b[KVector2d\x1b[m\x1b[K(const Vector2d &copy) {x=copy.x;y=copy.y;}\n'}
[3.659668] (aurora_core) StderrLine: {'line': b'      |         \x1b[01;36m\x1b[K^~~~~~~~\x1b[m\x1b[K\n'}
[3.659765] (aurora_core) StderrLine: {'line': b'\x1b[01m\x1b[K/home/brown/Projects/MiningRobot/autonomy/ros2_workspace/aurora_core_sl/include/base/include/aurora/../osl/vector2d.h:\x1b[m\x1b[K In member function \xe2\x80\x98\x1b[01m\x1b[Kvoid osl::Halfspace2d::\x1b[01;32m\x1b[KinitCheck\x1b[m\x1b[K(cv&, cv&, cv&)\x1b[m\x1b[K\xe2\x80\x99:\n'}
[3.659864] (aurora_core) StderrLine: {'line': b'\x1b[01m\x1b[K/home/brown/Projects/MiningRobot/autonomy/ros2_workspace/aurora_core_sl/include/base/include/aurora/../osl/vector2d.h:279:43:\x1b[m\x1b[K \x1b[01;35m\x1b[Kwarning: \x1b[m\x1b[Kimplicitly-declared \xe2\x80\x98\x1b[01m\x1b[Kosl::Vector2d& osl::Vector2d::\x1b[01;32m\x1b[Koperator=\x1b[m\x1b[K(const osl::Vector2d&)\x1b[m\x1b[K\xe2\x80\x99 is deprecated [\x1b[01;35m\x1b[K\x1b]8;;https://gcc.gnu.org/onlinedocs/gcc/Warning-Options.html#index-Wdeprecated-copy\x07-Wdeprecated-copy\x1b]8;;\x07\x1b[m\x1b[K]\n'}
[3.660027] (aurora_core) StderrLine: {'line': b'  279 |         { init(p1,p2);if (side(in)<0) {n=-\x1b[01;35m\x1b[Kn\x1b[m\x1b[K;d=-d;} }\n'}
[3.660120] (aurora_core) StderrLine: {'line': b'      |                                           \x1b[01;35m\x1b[K^\x1b[m\x1b[K\n'}
[3.660210] (aurora_core) StderrLine: {'line': b'\x1b[01m\x1b[K/home/brown/Projects/MiningRobot/autonomy/ros2_workspace/aurora_core_sl/include/base/include/aurora/../osl/vector2d.h:157:9:\x1b[m\x1b[K \x1b[01;36m\x1b[Knote: \x1b[m\x1b[Kbecause \xe2\x80\x98\x1b[01m\x1b[Kosl::Vector2d\x1b[m\x1b[K\xe2\x80\x99 has user-provided \xe2\x80\x98\x1b[01m\x1b[Kosl::Vector2d::\x1b[01;32m\x1b[KVector2d\x1b[m\x1b[K(const osl::Vector2d&)\x1b[m\x1b[K\xe2\x80\x99\n'}
[3.660304] (aurora_core) StderrLine: {'line': b'  157 |         \x1b[01;36m\x1b[KVector2d\x1b[m\x1b[K(const Vector2d &copy) {x=copy.x;y=copy.y;}\n'}
[3.660395] (aurora_core) StderrLine: {'line': b'      |         \x1b[01;36m\x1b[K^~~~~~~~\x1b[m\x1b[K\n'}
[3.713409] (-) TimerEvent: {}
[3.718683] (aurora_core) StderrLine: {'line': b'In file included from \x1b[01m\x1b[K/home/brown/Projects/MiningRobot/autonomy/ros2_workspace/aurora_core_sl/include/base/include/aurora/../nanoslot/nanoslot_IMU.h:10\x1b[m\x1b[K,\n'}
[3.718883] (aurora_core) StderrLine: {'line': b'                 from \x1b[01m\x1b[K/home/brown/Projects/MiningRobot/autonomy/ros2_workspace/aurora_core_sl/include/base/include/aurora/../nanoslot/nanoslot_exchange.h:21\x1b[m\x1b[K,\n'}
[3.719124] (aurora_core) StderrLine: {'line': b'                 from \x1b[01m\x1b[K/home/brown/Projects/MiningRobot/autonomy/ros2_workspace/aurora_core_sl/include/base/include/aurora/lunatic.h:43\x1b[m\x1b[K,\n'}
[3.719273] (aurora_core) StderrLine: {'line': b'                 from \x1b[01m\x1b[K/home/brown/Projects/MiningRobot/autonomy/ros2_workspace/aurora_core_sl/src/aurora_node_core.cpp:12\x1b[m\x1b[K:\n'}
[3.719453] (aurora_core) StderrLine: {'line': b'\x1b[01m\x1b[K/home/brown/Projects/MiningRobot/autonomy/ros2_workspace/aurora_core_sl/include/base/include/aurora/../nanoslot/FusionMath.h:\x1b[m\x1b[K In function \xe2\x80\x98\x1b[01m\x1b[KFusionVector\x1b[01;32m\x1b[K FusionVectorAdd\x1b[m\x1b[K(FusionVector, FusionVector)\x1b[m\x1b[K\xe2\x80\x99:\n'}
[3.719741] (aurora_core) StderrLine: {'line': b'\x1b[01m\x1b[K/home/brown/Projects/MiningRobot/autonomy/ros2_workspace/aurora_core_sl/include/base/include/aurora/../nanoslot/FusionMath.h:207:34:\x1b[m\x1b[K \x1b[01;35m\x1b[Kwarning: \x1b[m\x1b[KC++ designated initializers only available with \xe2\x80\x98\x1b[01m\x1b[K-std=c++20\x1b[m\x1b[K\xe2\x80\x99 or \xe2\x80\x98\x1b[01m\x1b[K-std=gnu++20\x1b[m\x1b[K\xe2\x80\x99 [\x1b[01;35m\x1b[K\x1b]8;;https://gcc.gnu.org/onlinedocs/gcc/Warning-Options.html#index-Wc++20-extensions\x07-Wc++20-extensions\x1b]8;;\x07\x1b[m\x1b[K]\n'}
[3.719885] (aurora_core) StderrLine: {'line': b'  207 |     const FusionVector result = {\x1b[01;35m\x1b[K.\x1b[m\x1b[Kaxis = {\n'}
[3.719994] (aurora_core) StderrLine: {'line': b'      |                                  \x1b[01;35m\x1b[K^\x1b[m\x1b[K\n'}
[3.720094] (aurora_core) StderrLine: {'line': b'\x1b[01m\x1b[K/home/brown/Projects/MiningRobot/autonomy/ros2_workspace/aurora_core_sl/include/base/include/aurora/../nanoslot/FusionMath.h:208:13:\x1b[m\x1b[K \x1b[01;35m\x1b[Kwarning: \x1b[m\x1b[KC++ designated initializers only available with \xe2\x80\x98\x1b[01m\x1b[K-std=c++20\x1b[m\x1b[K\xe2\x80\x99 or \xe2\x80\x98\x1b[01m\x1b[K-std=gnu++20\x1b[m\x1b[K\xe2\x80\x99 [\x1b[01;35m\x1b[K\x1b]8;;https://gcc.gnu.org/onlinedocs/gcc/Warning-Options.html#index-Wc++20-extensions\x07-Wc++20-extensions\x1b]8;;\x07\x1b[m\x1b[K]\n'}
[3.720271] (aurora_core) StderrLine: {'line': b'  208 |             \x1b[01;35m\x1b[K.\x1b[m\x1b[Kx = vectorA.axis.x + vectorB.axis.x,\n'}
[3.720385] (aurora_core) StderrLine: {'line': b'      |             \x1b[01;35m\x1b[K^\x1b[m\x1b[K\n'}
[3.720492] (aurora_core) StderrLine: {'line': b'\x1b[01m\x1b[K/home/brown/Projects/MiningRobot/autonomy/ros2_workspace/aurora_core_sl/include/base/include/aurora/../nanoslot/FusionMath.h:209:13:\x1b[m\x1b[K \x1b[01;35m\x1b[Kwarning: \x1b[m\x1b[KC++ designated initializers only available with \xe2\x80\x98\x1b[01m\x1b[K-std=c++20\x1b[m\x1b[K\xe2\x80\x99 or \xe2\x80\x98\x1b[01m\x1b[K-std=gnu++20\x1b[m\x1b[K\xe2\x80\x99 [\x1b[01;35m\x1b[K\x1b]8;;https://gcc.gnu.org/onlinedocs/gcc/Warning-Options.html#index-Wc++20-extensions\x07-Wc++20-extensions\x1b]8;;\x07\x1b[m\x1b[K]\n'}
[3.720599] (aurora_core) StderrLine: {'line': b'  209 |             \x1b[01;35m\x1b[K.\x1b[m\x1b[Ky = vectorA.axis.y + vectorB.axis.y,\n'}
[3.720698] (aurora_core) StderrLine: {'line': b'      |             \x1b[01;35m\x1b[K^\x1b[m\x1b[K\n'}
[3.720795] (aurora_core) StderrLine: {'line': b'\x1b[01m\x1b[K/home/brown/Projects/MiningRobot/autonomy/ros2_workspace/aurora_core_sl/include/base/include/aurora/../nanoslot/FusionMath.h:210:13:\x1b[m\x1b[K \x1b[01;35m\x1b[Kwarning: \x1b[m\x1b[KC++ designated initializers only available with \xe2\x80\x98\x1b[01m\x1b[K-std=c++20\x1b[m\x1b[K\xe2\x80\x99 or \xe2\x80\x98\x1b[01m\x1b[K-std=gnu++20\x1b[m\x1b[K\xe2\x80\x99 [\x1b[01;35m\x1b[K\x1b]8;;https://gcc.gnu.org/onlinedocs/gcc/Warning-Options.html#index-Wc++20-extensions\x07-Wc++20-extensions\x1b]8;;\x07\x1b[m\x1b[K]\n'}
[3.720897] (aurora_core) StderrLine: {'line': b'  210 |             \x1b[01;35m\x1b[K.\x1b[m\x1b[Kz = vectorA.axis.z + vectorB.axis.z,\n'}
[3.720994] (aurora_core) StderrLine: {'line': b'      |             \x1b[01;35m\x1b[K^\x1b[m\x1b[K\n'}
[3.721101] (aurora_core) StderrLine: {'line': b'\x1b[01m\x1b[K/home/brown/Projects/MiningRobot/autonomy/ros2_workspace/aurora_core_sl/include/base/include/aurora/../nanoslot/FusionMath.h:\x1b[m\x1b[K In function \xe2\x80\x98\x1b[01m\x1b[KFusionVector\x1b[01;32m\x1b[K FusionVectorSubtract\x1b[m\x1b[K(FusionVector, FusionVector)\x1b[m\x1b[K\xe2\x80\x99:\n'}
[3.721219] (aurora_core) StderrLine: {'line': b'\x1b[01m\x1b[K/home/brown/Projects/MiningRobot/autonomy/ros2_workspace/aurora_core_sl/include/base/include/aurora/../nanoslot/FusionMath.h:222:34:\x1b[m\x1b[K \x1b[01;35m\x1b[Kwarning: \x1b[m\x1b[KC++ designated initializers only available with \xe2\x80\x98\x1b[01m\x1b[K-std=c++20\x1b[m\x1b[K\xe2\x80\x99 or \xe2\x80\x98\x1b[01m\x1b[K-std=gnu++20\x1b[m\x1b[K\xe2\x80\x99 [\x1b[01;35m\x1b[K\x1b]8;;https://gcc.gnu.org/onlinedocs/gcc/Warning-Options.html#index-Wc++20-extensions\x07-Wc++20-extensions\x1b]8;;\x07\x1b[m\x1b[K]\n'}
[3.721654] (aurora_core) StderrLine: {'line': b'  222 |     const FusionVector result = {\x1b[01;35m\x1b[K.\x1b[m\x1b[Kaxis = {\n'}
[3.721855] (aurora_core) StderrLine: {'line': b'      |                                  \x1b[01;35m\x1b[K^\x1b[m\x1b[K\n'}
[3.722036] (aurora_core) StderrLine: {'line': b'\x1b[01m\x1b[K/home/brown/Projects/MiningRobot/autonomy/ros2_workspace/aurora_core_sl/include/base/include/aurora/../nanoslot/FusionMath.h:223:13:\x1b[m\x1b[K \x1b[01;35m\x1b[Kwarning: \x1b[m\x1b[KC++ designated initializers only available with \xe2\x80\x98\x1b[01m\x1b[K-std=c++20\x1b[m\x1b[K\xe2\x80\x99 or \xe2\x80\x98\x1b[01m\x1b[K-std=gnu++20\x1b[m\x1b[K\xe2\x80\x99 [\x1b[01;35m\x1b[K\x1b]8;;https://gcc.gnu.org/onlinedocs/gcc/Warning-Options.html#index-Wc++20-extensions\x07-Wc++20-extensions\x1b]8;;\x07\x1b[m\x1b[K]\n'}
[3.722151] (aurora_core) StderrLine: {'line': b'  223 |             \x1b[01;35m\x1b[K.\x1b[m\x1b[Kx = vectorA.axis.x - vectorB.axis.x,\n'}
[3.722248] (aurora_core) StderrLine: {'line': b'      |             \x1b[01;35m\x1b[K^\x1b[m\x1b[K\n'}
[3.722352] (aurora_core) StderrLine: {'line': b'\x1b[01m\x1b[K/home/brown/Projects/MiningRobot/autonomy/ros2_workspace/aurora_core_sl/include/base/include/aurora/../nanoslot/FusionMath.h:224:13:\x1b[m\x1b[K \x1b[01;35m\x1b[Kwarning: \x1b[m\x1b[KC++ designated initializers only available with \xe2\x80\x98\x1b[01m\x1b[K-std=c++20\x1b[m\x1b[K\xe2\x80\x99 or \xe2\x80\x98\x1b[01m\x1b[K-std=gnu++20\x1b[m\x1b[K\xe2\x80\x99 [\x1b[01;35m\x1b[K\x1b]8;;https://gcc.gnu.org/onlinedocs/gcc/Warning-Options.html#index-Wc++20-extensions\x07-Wc++20-extensions\x1b]8;;\x07\x1b[m\x1b[K]\n'}
[3.722822] (aurora_core) StderrLine: {'line': b'  224 |             \x1b[01;35m\x1b[K.\x1b[m\x1b[Ky = vectorA.axis.y - vectorB.axis.y,\n'}
[3.723003] (aurora_core) StderrLine: {'line': b'      |             \x1b[01;35m\x1b[K^\x1b[m\x1b[K\n'}
[3.723284] (aurora_core) StderrLine: {'line': b'\x1b[01m\x1b[K/home/brown/Projects/MiningRobot/autonomy/ros2_workspace/aurora_core_sl/include/base/include/aurora/../nanoslot/FusionMath.h:225:13:\x1b[m\x1b[K \x1b[01;35m\x1b[Kwarning: \x1b[m\x1b[KC++ designated initializers only available with \xe2\x80\x98\x1b[01m\x1b[K-std=c++20\x1b[m\x1b[K\xe2\x80\x99 or \xe2\x80\x98\x1b[01m\x1b[K-std=gnu++20\x1b[m\x1b[K\xe2\x80\x99 [\x1b[01;35m\x1b[K\x1b]8;;https://gcc.gnu.org/onlinedocs/gcc/Warning-Options.html#index-Wc++20-extensions\x07-Wc++20-extensions\x1b]8;;\x07\x1b[m\x1b[K]\n'}
[3.723535] (aurora_core) StderrLine: {'line': b'  225 |             \x1b[01;35m\x1b[K.\x1b[m\x1b[Kz = vectorA.axis.z - vectorB.axis.z,\n'}
[3.723699] (aurora_core) StderrLine: {'line': b'      |             \x1b[01;35m\x1b[K^\x1b[m\x1b[K\n'}
[3.723870] (aurora_core) StderrLine: {'line': b'\x1b[01m\x1b[K/home/brown/Projects/MiningRobot/autonomy/ros2_workspace/aurora_core_sl/include/base/include/aurora/../nanoslot/FusionMath.h:\x1b[m\x1b[K In function \xe2\x80\x98\x1b[01m\x1b[KFusionVector\x1b[01;32m\x1b[K FusionVectorMultiplyScalar\x1b[m\x1b[K(FusionVector, float)\x1b[m\x1b[K\xe2\x80\x99:\n'}
[3.724302] (aurora_core) StderrLine: {'line': b'\x1b[01m\x1b[K/home/brown/Projects/MiningRobot/autonomy/ros2_workspace/aurora_core_sl/include/base/include/aurora/../nanoslot/FusionMath.h:246:34:\x1b[m\x1b[K \x1b[01;35m\x1b[Kwarning: \x1b[m\x1b[KC++ designated initializers only available with \xe2\x80\x98\x1b[01m\x1b[K-std=c++20\x1b[m\x1b[K\xe2\x80\x99 or \xe2\x80\x98\x1b[01m\x1b[K-std=gnu++20\x1b[m\x1b[K\xe2\x80\x99 [\x1b[01;35m\x1b[K\x1b]8;;https://gcc.gnu.org/onlinedocs/gcc/Warning-Options.html#index-Wc++20-extensions\x07-Wc++20-extensions\x1b]8;;\x07\x1b[m\x1b[K]\n'}
[3.724507] (aurora_core) StderrLine: {'line': b'  246 |     const FusionVector result = {\x1b[01;35m\x1b[K.\x1b[m\x1b[Kaxis = {\n'}
[3.724682] (aurora_core) StderrLine: {'line': b'      |                                  \x1b[01;35m\x1b[K^\x1b[m\x1b[K\n'}
[3.724878] (aurora_core) StderrLine: {'line': b'\x1b[01m\x1b[K/home/brown/Projects/MiningRobot/autonomy/ros2_workspace/aurora_core_sl/include/base/include/aurora/../nanoslot/FusionMath.h:247:13:\x1b[m\x1b[K \x1b[01;35m\x1b[Kwarning: \x1b[m\x1b[KC++ designated initializers only available with \xe2\x80\x98\x1b[01m\x1b[K-std=c++20\x1b[m\x1b[K\xe2\x80\x99 or \xe2\x80\x98\x1b[01m\x1b[K-std=gnu++20\x1b[m\x1b[K\xe2\x80\x99 [\x1b[01;35m\x1b[K\x1b]8;;https://gcc.gnu.org/onlinedocs/gcc/Warning-Options.html#index-Wc++20-extensions\x07-Wc++20-extensions\x1b]8;;\x07\x1b[m\x1b[K]\n'}
[3.725401] (aurora_core) StderrLine: {'line': b'  247 |             \x1b[01;35m\x1b[K.\x1b[m\x1b[Kx = vector.axis.x * scalar,\n'}
[3.725566] (aurora_core) StderrLine: {'line': b'      |             \x1b[01;35m\x1b[K^\x1b[m\x1b[K\n'}
[3.725961] (aurora_core) StderrLine: {'line': b'\x1b[01m\x1b[K/home/brown/Projects/MiningRobot/autonomy/ros2_workspace/aurora_core_sl/include/base/include/aurora/../nanoslot/FusionMath.h:248:13:\x1b[m\x1b[K \x1b[01;35m\x1b[Kwarning: \x1b[m\x1b[KC++ designated initializers only available with \xe2\x80\x98\x1b[01m\x1b[K-std=c++20\x1b[m\x1b[K\xe2\x80\x99 or \xe2\x80\x98\x1b[01m\x1b[K-std=gnu++20\x1b[m\x1b[K\xe2\x80\x99 [\x1b[01;35m\x1b[K\x1b]8;;https://gcc.gnu.org/onlinedocs/gcc/Warning-Options.html#index-Wc++20-extensions\x07-Wc++20-extensions\x1b]8;;\x07\x1b[m\x1b[K]\n'}
[3.726135] (aurora_core) StderrLine: {'line': b'  248 |             \x1b[01;35m\x1b[K.\x1b[m\x1b[Ky = vector.axis.y * scalar,\n'}
[3.726291] (aurora_core) StderrLine: {'line': b'      |             \x1b[01;35m\x1b[K^\x1b[m\x1b[K\n'}
[3.726442] (aurora_core) StderrLine: {'line': b'\x1b[01m\x1b[K/home/brown/Projects/MiningRobot/autonomy/ros2_workspace/aurora_core_sl/include/base/include/aurora/../nanoslot/FusionMath.h:249:13:\x1b[m\x1b[K \x1b[01;35m\x1b[Kwarning: \x1b[m\x1b[KC++ designated initializers only available with \xe2\x80\x98\x1b[01m\x1b[K-std=c++20\x1b[m\x1b[K\xe2\x80\x99 or \xe2\x80\x98\x1b[01m\x1b[K-std=gnu++20\x1b[m\x1b[K\xe2\x80\x99 [\x1b[01;35m\x1b[K\x1b]8;;https://gcc.gnu.org/onlinedocs/gcc/Warning-Options.html#index-Wc++20-extensions\x07-Wc++20-extensions\x1b]8;;\x07\x1b[m\x1b[K]\n'}
[3.726636] (aurora_core) StderrLine: {'line': b'  249 |             \x1b[01;35m\x1b[K.\x1b[m\x1b[Kz = vector.axis.z * scalar,\n'}
[3.726789] (aurora_core) StderrLine: {'line': b'      |             \x1b[01;35m\x1b[K^\x1b[m\x1b[K\n'}
[3.726943] (aurora_core) StderrLine: {'line': b'\x1b[01m\x1b[K/home/brown/Projects/MiningRobot/autonomy/ros2_workspace/aurora_core_sl/include/base/include/aurora/../nanoslot/FusionMath.h:\x1b[m\x1b[K In function \xe2\x80\x98\x1b[01m\x1b[KFusionVector\x1b[01;32m\x1b[K FusionVectorHadamardProduct\x1b[m\x1b[K(FusionVector, FusionVector)\x1b[m\x1b[K\xe2\x80\x99:\n'}
[3.727118] (aurora_core) StderrLine: {'line': b'\x1b[01m\x1b[K/home/brown/Projects/MiningRobot/autonomy/ros2_workspace/aurora_core_sl/include/base/include/aurora/../nanoslot/FusionMath.h:261:34:\x1b[m\x1b[K \x1b[01;35m\x1b[Kwarning: \x1b[m\x1b[KC++ designated initializers only available with \xe2\x80\x98\x1b[01m\x1b[K-std=c++20\x1b[m\x1b[K\xe2\x80\x99 or \xe2\x80\x98\x1b[01m\x1b[K-std=gnu++20\x1b[m\x1b[K\xe2\x80\x99 [\x1b[01;35m\x1b[K\x1b]8;;https://gcc.gnu.org/onlinedocs/gcc/Warning-Options.html#index-Wc++20-extensions\x07-Wc++20-extensions\x1b]8;;\x07\x1b[m\x1b[K]\n'}
[3.727422] (aurora_core) StderrLine: {'line': b'  261 |     const FusionVector result = {\x1b[01;35m\x1b[K.\x1b[m\x1b[Kaxis = {\n'}
[3.727531] (aurora_core) StderrLine: {'line': b'      |                                  \x1b[01;35m\x1b[K^\x1b[m\x1b[K\n'}
[3.727634] (aurora_core) StderrLine: {'line': b'\x1b[01m\x1b[K/home/brown/Projects/MiningRobot/autonomy/ros2_workspace/aurora_core_sl/include/base/include/aurora/../nanoslot/FusionMath.h:262:13:\x1b[m\x1b[K \x1b[01;35m\x1b[Kwarning: \x1b[m\x1b[KC++ designated initializers only available with \xe2\x80\x98\x1b[01m\x1b[K-std=c++20\x1b[m\x1b[K\xe2\x80\x99 or \xe2\x80\x98\x1b[01m\x1b[K-std=gnu++20\x1b[m\x1b[K\xe2\x80\x99 [\x1b[01;35m\x1b[K\x1b]8;;https://gcc.gnu.org/onlinedocs/gcc/Warning-Options.html#index-Wc++20-extensions\x07-Wc++20-extensions\x1b]8;;\x07\x1b[m\x1b[K]\n'}
[3.727802] (aurora_core) StderrLine: {'line': b'  262 |             \x1b[01;35m\x1b[K.\x1b[m\x1b[Kx = vectorA.axis.x * vectorB.axis.x,\n'}
[3.727922] (aurora_core) StderrLine: {'line': b'      |             \x1b[01;35m\x1b[K^\x1b[m\x1b[K\n'}
[3.728032] (aurora_core) StderrLine: {'line': b'\x1b[01m\x1b[K/home/brown/Projects/MiningRobot/autonomy/ros2_workspace/aurora_core_sl/include/base/include/aurora/../nanoslot/FusionMath.h:263:13:\x1b[m\x1b[K \x1b[01;35m\x1b[Kwarning: \x1b[m\x1b[KC++ designated initializers only available with \xe2\x80\x98\x1b[01m\x1b[K-std=c++20\x1b[m\x1b[K\xe2\x80\x99 or \xe2\x80\x98\x1b[01m\x1b[K-std=gnu++20\x1b[m\x1b[K\xe2\x80\x99 [\x1b[01;35m\x1b[K\x1b]8;;https://gcc.gnu.org/onlinedocs/gcc/Warning-Options.html#index-Wc++20-extensions\x07-Wc++20-extensions\x1b]8;;\x07\x1b[m\x1b[K]\n'}
[3.728612] (aurora_core) StderrLine: {'line': b'  263 |             \x1b[01;35m\x1b[K.\x1b[m\x1b[Ky = vectorA.axis.y * vectorB.axis.y,\n'}
[3.728772] (aurora_core) StderrLine: {'line': b'      |             \x1b[01;35m\x1b[K^\x1b[m\x1b[K\n'}
[3.728918] (aurora_core) StderrLine: {'line': b'\x1b[01m\x1b[K/home/brown/Projects/MiningRobot/autonomy/ros2_workspace/aurora_core_sl/include/base/include/aurora/../nanoslot/FusionMath.h:264:13:\x1b[m\x1b[K \x1b[01;35m\x1b[Kwarning: \x1b[m\x1b[KC++ designated initializers only available with \xe2\x80\x98\x1b[01m\x1b[K-std=c++20\x1b[m\x1b[K\xe2\x80\x99 or \xe2\x80\x98\x1b[01m\x1b[K-std=gnu++20\x1b[m\x1b[K\xe2\x80\x99 [\x1b[01;35m\x1b[K\x1b]8;;https://gcc.gnu.org/onlinedocs/gcc/Warning-Options.html#index-Wc++20-extensions\x07-Wc++20-extensions\x1b]8;;\x07\x1b[m\x1b[K]\n'}
[3.729074] (aurora_core) StderrLine: {'line': b'  264 |             \x1b[01;35m\x1b[K.\x1b[m\x1b[Kz = vectorA.axis.z * vectorB.axis.z,\n'}
[3.729222] (aurora_core) StderrLine: {'line': b'      |             \x1b[01;35m\x1b[K^\x1b[m\x1b[K\n'}
[3.729379] (aurora_core) StderrLine: {'line': b'\x1b[01m\x1b[K/home/brown/Projects/MiningRobot/autonomy/ros2_workspace/aurora_core_sl/include/base/include/aurora/../nanoslot/FusionMath.h:\x1b[m\x1b[K In function \xe2\x80\x98\x1b[01m\x1b[KFusionVector\x1b[01;32m\x1b[K FusionVectorCrossProduct\x1b[m\x1b[K(FusionVector, FusionVector)\x1b[m\x1b[K\xe2\x80\x99:\n'}
[3.729877] (aurora_core) StderrLine: {'line': b'\x1b[01m\x1b[K/home/brown/Projects/MiningRobot/autonomy/ros2_workspace/aurora_core_sl/include/base/include/aurora/../nanoslot/FusionMath.h:290:34:\x1b[m\x1b[K \x1b[01;35m\x1b[Kwarning: \x1b[m\x1b[KC++ designated initializers only available with \xe2\x80\x98\x1b[01m\x1b[K-std=c++20\x1b[m\x1b[K\xe2\x80\x99 or \xe2\x80\x98\x1b[01m\x1b[K-std=gnu++20\x1b[m\x1b[K\xe2\x80\x99 [\x1b[01;35m\x1b[K\x1b]8;;https://gcc.gnu.org/onlinedocs/gcc/Warning-Options.html#index-Wc++20-extensions\x07-Wc++20-extensions\x1b]8;;\x07\x1b[m\x1b[K]\n'}
[3.729982] (aurora_core) StderrLine: {'line': b'  290 |     const FusionVector result = {\x1b[01;35m\x1b[K.\x1b[m\x1b[Kaxis = {\n'}
[3.730073] (aurora_core) StderrLine: {'line': b'      |                                  \x1b[01;35m\x1b[K^\x1b[m\x1b[K\n'}
[3.730200] (aurora_core) StderrLine: {'line': b'\x1b[01m\x1b[K/home/brown/Projects/MiningRobot/autonomy/ros2_workspace/aurora_core_sl/include/base/include/aurora/../nanoslot/FusionMath.h:291:13:\x1b[m\x1b[K \x1b[01;35m\x1b[Kwarning: \x1b[m\x1b[KC++ designated initializers only available with \xe2\x80\x98\x1b[01m\x1b[K-std=c++20\x1b[m\x1b[K\xe2\x80\x99 or \xe2\x80\x98\x1b[01m\x1b[K-std=gnu++20\x1b[m\x1b[K\xe2\x80\x99 [\x1b[01;35m\x1b[K\x1b]8;;https://gcc.gnu.org/onlinedocs/gcc/Warning-Options.html#index-Wc++20-extensions\x07-Wc++20-extensions\x1b]8;;\x07\x1b[m\x1b[K]\n'}
[3.730333] (aurora_core) StderrLine: {'line': b'  291 |             \x1b[01;35m\x1b[K.\x1b[m\x1b[Kx = A.y * B.z - A.z * B.y,\n'}
[3.730458] (aurora_core) StderrLine: {'line': b'      |             \x1b[01;35m\x1b[K^\x1b[m\x1b[K\n'}
[3.730687] (aurora_core) StderrLine: {'line': b'\x1b[01m\x1b[K/home/brown/Projects/MiningRobot/autonomy/ros2_workspace/aurora_core_sl/include/base/include/aurora/../nanoslot/FusionMath.h:292:13:\x1b[m\x1b[K \x1b[01;35m\x1b[Kwarning: \x1b[m\x1b[KC++ designated initializers only available with \xe2\x80\x98\x1b[01m\x1b[K-std=c++20\x1b[m\x1b[K\xe2\x80\x99 or \xe2\x80\x98\x1b[01m\x1b[K-std=gnu++20\x1b[m\x1b[K\xe2\x80\x99 [\x1b[01;35m\x1b[K\x1b]8;;https://gcc.gnu.org/onlinedocs/gcc/Warning-Options.html#index-Wc++20-extensions\x07-Wc++20-extensions\x1b]8;;\x07\x1b[m\x1b[K]\n'}
[3.730799] (aurora_core) StderrLine: {'line': b'  292 |             \x1b[01;35m\x1b[K.\x1b[m\x1b[Ky = A.z * B.x - A.x * B.z,\n'}
[3.730890] (aurora_core) StderrLine: {'line': b'      |             \x1b[01;35m\x1b[K^\x1b[m\x1b[K\n'}
[3.730981] (aurora_core) StderrLine: {'line': b'\x1b[01m\x1b[K/home/brown/Projects/MiningRobot/autonomy/ros2_workspace/aurora_core_sl/include/base/include/aurora/../nanoslot/FusionMath.h:293:13:\x1b[m\x1b[K \x1b[01;35m\x1b[Kwarning: \x1b[m\x1b[KC++ designated initializers only available with \xe2\x80\x98\x1b[01m\x1b[K-std=c++20\x1b[m\x1b[K\xe2\x80\x99 or \xe2\x80\x98\x1b[01m\x1b[K-std=gnu++20\x1b[m\x1b[K\xe2\x80\x99 [\x1b[01;35m\x1b[K\x1b]8;;https://gcc.gnu.org/onlinedocs/gcc/Warning-Options.html#index-Wc++20-extensions\x07-Wc++20-extensions\x1b]8;;\x07\x1b[m\x1b[K]\n'}
[3.731075] (aurora_core) StderrLine: {'line': b'  293 |             \x1b[01;35m\x1b[K.\x1b[m\x1b[Kz = A.x * B.y - A.y * B.x,\n'}
[3.731164] (aurora_core) StderrLine: {'line': b'      |             \x1b[01;35m\x1b[K^\x1b[m\x1b[K\n'}
[3.731253] (aurora_core) StderrLine: {'line': b'\x1b[01m\x1b[K/home/brown/Projects/MiningRobot/autonomy/ros2_workspace/aurora_core_sl/include/base/include/aurora/../nanoslot/FusionMath.h:\x1b[m\x1b[K In function \xe2\x80\x98\x1b[01m\x1b[KFusionQuaternion\x1b[01;32m\x1b[K FusionQuaternionZradians\x1b[m\x1b[K(float)\x1b[m\x1b[K\xe2\x80\x99:\n'}
[3.731346] (aurora_core) StderrLine: {'line': b'\x1b[01m\x1b[K/home/brown/Projects/MiningRobot/autonomy/ros2_workspace/aurora_core_sl/include/base/include/aurora/../nanoslot/FusionMath.h:339:33:\x1b[m\x1b[K \x1b[01;35m\x1b[Kwarning: \x1b[m\x1b[KC++ designated initializers only available with \xe2\x80\x98\x1b[01m\x1b[K-std=c++20\x1b[m\x1b[K\xe2\x80\x99 or \xe2\x80\x98\x1b[01m\x1b[K-std=gnu++20\x1b[m\x1b[K\xe2\x80\x99 [\x1b[01;35m\x1b[K\x1b]8;;https://gcc.gnu.org/onlinedocs/gcc/Warning-Options.html#index-Wc++20-extensions\x07-Wc++20-extensions\x1b]8;;\x07\x1b[m\x1b[K]\n'}
[3.731463] (aurora_core) StderrLine: {'line': b'  339 |     const FusionQuaternion Q = {\x1b[01;35m\x1b[K.\x1b[m\x1b[Kelement = {\n'}
[3.731556] (aurora_core) StderrLine: {'line': b'      |                                 \x1b[01;35m\x1b[K^\x1b[m\x1b[K\n'}
[3.731645] (aurora_core) StderrLine: {'line': b'\x1b[01m\x1b[K/home/brown/Projects/MiningRobot/autonomy/ros2_workspace/aurora_core_sl/include/base/include/aurora/../nanoslot/FusionMath.h:340:13:\x1b[m\x1b[K \x1b[01;35m\x1b[Kwarning: \x1b[m\x1b[KC++ designated initializers only available with \xe2\x80\x98\x1b[01m\x1b[K-std=c++20\x1b[m\x1b[K\xe2\x80\x99 or \xe2\x80\x98\x1b[01m\x1b[K-std=gnu++20\x1b[m\x1b[K\xe2\x80\x99 [\x1b[01;35m\x1b[K\x1b]8;;https://gcc.gnu.org/onlinedocs/gcc/Warning-Options.html#index-Wc++20-extensions\x07-Wc++20-extensions\x1b]8;;\x07\x1b[m\x1b[K]\n'}
[3.731746] (aurora_core) StderrLine: {'line': b'  340 |             \x1b[01;35m\x1b[K.\x1b[m\x1b[Kw = cosf(a),\n'}
[3.731837] (aurora_core) StderrLine: {'line': b'      |             \x1b[01;35m\x1b[K^\x1b[m\x1b[K\n'}
[3.731926] (aurora_core) StderrLine: {'line': b'\x1b[01m\x1b[K/home/brown/Projects/MiningRobot/autonomy/ros2_workspace/aurora_core_sl/include/base/include/aurora/../nanoslot/FusionMath.h:341:13:\x1b[m\x1b[K \x1b[01;35m\x1b[Kwarning: \x1b[m\x1b[KC++ designated initializers only available with \xe2\x80\x98\x1b[01m\x1b[K-std=c++20\x1b[m\x1b[K\xe2\x80\x99 or \xe2\x80\x98\x1b[01m\x1b[K-std=gnu++20\x1b[m\x1b[K\xe2\x80\x99 [\x1b[01;35m\x1b[K\x1b]8;;https://gcc.gnu.org/onlinedocs/gcc/Warning-Options.html#index-Wc++20-extensions\x07-Wc++20-extensions\x1b]8;;\x07\x1b[m\x1b[K]\n'}
[3.732019] (aurora_core) StderrLine: {'line': b'  341 |             \x1b[01;35m\x1b[K.\x1b[m\x1b[Kx = 0.0f,\n'}
[3.732109] (aurora_core) StderrLine: {'line': b'      |             \x1b[01;35m\x1b[K^\x1b[m\x1b[K\n'}
[3.732199] (aurora_core) StderrLine: {'line': b'\x1b[01m\x1b[K/home/brown/Projects/MiningRobot/autonomy/ros2_workspace/aurora_core_sl/include/base/include/aurora/../nanoslot/FusionMath.h:342:13:\x1b[m\x1b[K \x1b[01;35m\x1b[Kwarning: \x1b[m\x1b[KC++ designated initializers only available with \xe2\x80\x98\x1b[01m\x1b[K-std=c++20\x1b[m\x1b[K\xe2\x80\x99 or \xe2\x80\x98\x1b[01m\x1b[K-std=gnu++20\x1b[m\x1b[K\xe2\x80\x99 [\x1b[01;35m\x1b[K\x1b]8;;https://gcc.gnu.org/onlinedocs/gcc/Warning-Options.html#index-Wc++20-extensions\x07-Wc++20-extensions\x1b]8;;\x07\x1b[m\x1b[K]\n'}
[3.732298] (aurora_core) StderrLine: {'line': b'  342 |             \x1b[01;35m\x1b[K.\x1b[m\x1b[Ky = 0.0f,\n'}
[3.732388] (aurora_core) StderrLine: {'line': b'      |             \x1b[01;35m\x1b[K^\x1b[m\x1b[K\n'}
[3.732504] (aurora_core) StderrLine: {'line': b'\x1b[01m\x1b[K/home/brown/Projects/MiningRobot/autonomy/ros2_workspace/aurora_core_sl/include/base/include/aurora/../nanoslot/FusionMath.h:343:13:\x1b[m\x1b[K \x1b[01;35m\x1b[Kwarning: \x1b[m\x1b[KC++ designated initializers only available with \xe2\x80\x98\x1b[01m\x1b[K-std=c++20\x1b[m\x1b[K\xe2\x80\x99 or \xe2\x80\x98\x1b[01m\x1b[K-std=gnu++20\x1b[m\x1b[K\xe2\x80\x99 [\x1b[01;35m\x1b[K\x1b]8;;https://gcc.gnu.org/onlinedocs/gcc/Warning-Options.html#index-Wc++20-extensions\x07-Wc++20-extensions\x1b]8;;\x07\x1b[m\x1b[K]\n'}
[3.732608] (aurora_core) StderrLine: {'line': b'  343 |             \x1b[01;35m\x1b[K.\x1b[m\x1b[Kz = 1.0f * sinf(a),\n'}
[3.732698] (aurora_core) StderrLine: {'line': b'      |             \x1b[01;35m\x1b[K^\x1b[m\x1b[K\n'}
[3.732788] (aurora_core) StderrLine: {'line': b'\x1b[01m\x1b[K/home/brown/Projects/MiningRobot/autonomy/ros2_workspace/aurora_core_sl/include/base/include/aurora/../nanoslot/FusionMath.h:\x1b[m\x1b[K In function \xe2\x80\x98\x1b[01m\x1b[KFusionQuaternion\x1b[01;32m\x1b[K FusionQuaternionAdd\x1b[m\x1b[K(FusionQuaternion, FusionQuaternion)\x1b[m\x1b[K\xe2\x80\x99:\n'}
[3.732888] (aurora_core) StderrLine: {'line': b'\x1b[01m\x1b[K/home/brown/Projects/MiningRobot/autonomy/ros2_workspace/aurora_core_sl/include/base/include/aurora/../nanoslot/FusionMath.h:363:38:\x1b[m\x1b[K \x1b[01;35m\x1b[Kwarning: \x1b[m\x1b[KC++ designated initializers only available with \xe2\x80\x98\x1b[01m\x1b[K-std=c++20\x1b[m\x1b[K\xe2\x80\x99 or \xe2\x80\x98\x1b[01m\x1b[K-std=gnu++20\x1b[m\x1b[K\xe2\x80\x99 [\x1b[01;35m\x1b[K\x1b]8;;https://gcc.gnu.org/onlinedocs/gcc/Warning-Options.html#index-Wc++20-extensions\x07-Wc++20-extensions\x1b]8;;\x07\x1b[m\x1b[K]\n'}
[3.733029] (aurora_core) StderrLine: {'line': b'  363 |     const FusionQuaternion result = {\x1b[01;35m\x1b[K.\x1b[m\x1b[Kelement = {\n'}
[3.733120] (aurora_core) StderrLine: {'line': b'      |                                      \x1b[01;35m\x1b[K^\x1b[m\x1b[K\n'}
[3.733210] (aurora_core) StderrLine: {'line': b'\x1b[01m\x1b[K/home/brown/Projects/MiningRobot/autonomy/ros2_workspace/aurora_core_sl/include/base/include/aurora/../nanoslot/FusionMath.h:364:13:\x1b[m\x1b[K \x1b[01;35m\x1b[Kwarning: \x1b[m\x1b[KC++ designated initializers only available with \xe2\x80\x98\x1b[01m\x1b[K-std=c++20\x1b[m\x1b[K\xe2\x80\x99 or \xe2\x80\x98\x1b[01m\x1b[K-std=gnu++20\x1b[m\x1b[K\xe2\x80\x99 [\x1b[01;35m\x1b[K\x1b]8;;https://gcc.gnu.org/onlinedocs/gcc/Warning-Options.html#index-Wc++20-extensions\x07-Wc++20-extensions\x1b]8;;\x07\x1b[m\x1b[K]\n'}
[3.733304] (aurora_core) StderrLine: {'line': b'  364 |             \x1b[01;35m\x1b[K.\x1b[m\x1b[Kw = quaternionA.element.w + quaternionB.element.w,\n'}
[3.733394] (aurora_core) StderrLine: {'line': b'      |             \x1b[01;35m\x1b[K^\x1b[m\x1b[K\n'}
[3.733484] (aurora_core) StderrLine: {'line': b'\x1b[01m\x1b[K/home/brown/Projects/MiningRobot/autonomy/ros2_workspace/aurora_core_sl/include/base/include/aurora/../nanoslot/FusionMath.h:365:13:\x1b[m\x1b[K \x1b[01;35m\x1b[Kwarning: \x1b[m\x1b[KC++ designated initializers only available with \xe2\x80\x98\x1b[01m\x1b[K-std=c++20\x1b[m\x1b[K\xe2\x80\x99 or \xe2\x80\x98\x1b[01m\x1b[K-std=gnu++20\x1b[m\x1b[K\xe2\x80\x99 [\x1b[01;35m\x1b[K\x1b]8;;https://gcc.gnu.org/onlinedocs/gcc/Warning-Options.html#index-Wc++20-extensions\x07-Wc++20-extensions\x1b]8;;\x07\x1b[m\x1b[K]\n'}
[3.733578] (aurora_core) StderrLine: {'line': b'  365 |             \x1b[01;35m\x1b[K.\x1b[m\x1b[Kx = quaternionA.element.x + quaternionB.element.x,\n'}
[3.733673] (aurora_core) StderrLine: {'line': b'      |             \x1b[01;35m\x1b[K^\x1b[m\x1b[K\n'}
[3.733763] (aurora_core) StderrLine: {'line': b'\x1b[01m\x1b[K/home/brown/Projects/MiningRobot/autonomy/ros2_workspace/aurora_core_sl/include/base/include/aurora/../nanoslot/FusionMath.h:366:13:\x1b[m\x1b[K \x1b[01;35m\x1b[Kwarning: \x1b[m\x1b[KC++ designated initializers only available with \xe2\x80\x98\x1b[01m\x1b[K-std=c++20\x1b[m\x1b[K\xe2\x80\x99 or \xe2\x80\x98\x1b[01m\x1b[K-std=gnu++20\x1b[m\x1b[K\xe2\x80\x99 [\x1b[01;35m\x1b[K\x1b]8;;https://gcc.gnu.org/onlinedocs/gcc/Warning-Options.html#index-Wc++20-extensions\x07-Wc++20-extensions\x1b]8;;\x07\x1b[m\x1b[K]\n'}
[3.733862] (aurora_core) StderrLine: {'line': b'  366 |             \x1b[01;35m\x1b[K.\x1b[m\x1b[Ky = quaternionA.element.y + quaternionB.element.y,\n'}
[3.733952] (aurora_core) StderrLine: {'line': b'      |             \x1b[01;35m\x1b[K^\x1b[m\x1b[K\n'}
[3.734041] (aurora_core) StderrLine: {'line': b'\x1b[01m\x1b[K/home/brown/Projects/MiningRobot/autonomy/ros2_workspace/aurora_core_sl/include/base/include/aurora/../nanoslot/FusionMath.h:367:13:\x1b[m\x1b[K \x1b[01;35m\x1b[Kwarning: \x1b[m\x1b[KC++ designated initializers only available with \xe2\x80\x98\x1b[01m\x1b[K-std=c++20\x1b[m\x1b[K\xe2\x80\x99 or \xe2\x80\x98\x1b[01m\x1b[K-std=gnu++20\x1b[m\x1b[K\xe2\x80\x99 [\x1b[01;35m\x1b[K\x1b]8;;https://gcc.gnu.org/onlinedocs/gcc/Warning-Options.html#index-Wc++20-extensions\x07-Wc++20-extensions\x1b]8;;\x07\x1b[m\x1b[K]\n'}
[3.734135] (aurora_core) StderrLine: {'line': b'  367 |             \x1b[01;35m\x1b[K.\x1b[m\x1b[Kz = quaternionA.element.z + quaternionB.element.z,\n'}
[3.734225] (aurora_core) StderrLine: {'line': b'      |             \x1b[01;35m\x1b[K^\x1b[m\x1b[K\n'}
[3.734346] (aurora_core) StderrLine: {'line': b'\x1b[01m\x1b[K/home/brown/Projects/MiningRobot/autonomy/ros2_workspace/aurora_core_sl/include/base/include/aurora/../nanoslot/FusionMath.h:\x1b[m\x1b[K In function \xe2\x80\x98\x1b[01m\x1b[KFusionQuaternion\x1b[01;32m\x1b[K FusionQuaternionMultiply\x1b[m\x1b[K(FusionQuaternion, FusionQuaternion)\x1b[m\x1b[K\xe2\x80\x99:\n'}
[3.734443] (aurora_core) StderrLine: {'line': b'\x1b[01m\x1b[K/home/brown/Projects/MiningRobot/autonomy/ros2_workspace/aurora_core_sl/include/base/include/aurora/../nanoslot/FusionMath.h:381:38:\x1b[m\x1b[K \x1b[01;35m\x1b[Kwarning: \x1b[m\x1b[KC++ designated initializers only available with \xe2\x80\x98\x1b[01m\x1b[K-std=c++20\x1b[m\x1b[K\xe2\x80\x99 or \xe2\x80\x98\x1b[01m\x1b[K-std=gnu++20\x1b[m\x1b[K\xe2\x80\x99 [\x1b[01;35m\x1b[K\x1b]8;;https://gcc.gnu.org/onlinedocs/gcc/Warning-Options.html#index-Wc++20-extensions\x07-Wc++20-extensions\x1b]8;;\x07\x1b[m\x1b[K]\n'}
[3.734537] (aurora_core) StderrLine: {'line': b'  381 |     const FusionQuaternion result = {\x1b[01;35m\x1b[K.\x1b[m\x1b[Kelement = {\n'}
[3.734626] (aurora_core) StderrLine: {'line': b'      |                                      \x1b[01;35m\x1b[K^\x1b[m\x1b[K\n'}
[3.734715] (aurora_core) StderrLine: {'line': b'\x1b[01m\x1b[K/home/brown/Projects/MiningRobot/autonomy/ros2_workspace/aurora_core_sl/include/base/include/aurora/../nanoslot/FusionMath.h:382:13:\x1b[m\x1b[K \x1b[01;35m\x1b[Kwarning: \x1b[m\x1b[KC++ designated initializers only available with \xe2\x80\x98\x1b[01m\x1b[K-std=c++20\x1b[m\x1b[K\xe2\x80\x99 or \xe2\x80\x98\x1b[01m\x1b[K-std=gnu++20\x1b[m\x1b[K\xe2\x80\x99 [\x1b[01;35m\x1b[K\x1b]8;;https://gcc.gnu.org/onlinedocs/gcc/Warning-Options.html#index-Wc++20-extensions\x07-Wc++20-extensions\x1b]8;;\x07\x1b[m\x1b[K]\n'}
[3.734840] (aurora_core) StderrLine: {'line': b'  382 |             \x1b[01;35m\x1b[K.\x1b[m\x1b[Kw = A.w * B.w - A.x * B.x - A.y * B.y - A.z * B.z,\n'}
[3.734938] (aurora_core) StderrLine: {'line': b'      |             \x1b[01;35m\x1b[K^\x1b[m\x1b[K\n'}
[3.735028] (aurora_core) StderrLine: {'line': b'\x1b[01m\x1b[K/home/brown/Projects/MiningRobot/autonomy/ros2_workspace/aurora_core_sl/include/base/include/aurora/../nanoslot/FusionMath.h:383:13:\x1b[m\x1b[K \x1b[01;35m\x1b[Kwarning: \x1b[m\x1b[KC++ designated initializers only available with \xe2\x80\x98\x1b[01m\x1b[K-std=c++20\x1b[m\x1b[K\xe2\x80\x99 or \xe2\x80\x98\x1b[01m\x1b[K-std=gnu++20\x1b[m\x1b[K\xe2\x80\x99 [\x1b[01;35m\x1b[K\x1b]8;;https://gcc.gnu.org/onlinedocs/gcc/Warning-Options.html#index-Wc++20-extensions\x07-Wc++20-extensions\x1b]8;;\x07\x1b[m\x1b[K]\n'}
[3.735133] (aurora_core) StderrLine: {'line': b'  383 |             \x1b[01;35m\x1b[K.\x1b[m\x1b[Kx = A.w * B.x + A.x * B.w + A.y * B.z - A.z * B.y,\n'}
[3.735222] (aurora_core) StderrLine: {'line': b'      |             \x1b[01;35m\x1b[K^\x1b[m\x1b[K\n'}
[3.735311] (aurora_core) StderrLine: {'line': b'\x1b[01m\x1b[K/home/brown/Projects/MiningRobot/autonomy/ros2_workspace/aurora_core_sl/include/base/include/aurora/../nanoslot/FusionMath.h:384:13:\x1b[m\x1b[K \x1b[01;35m\x1b[Kwarning: \x1b[m\x1b[KC++ designated initializers only available with \xe2\x80\x98\x1b[01m\x1b[K-std=c++20\x1b[m\x1b[K\xe2\x80\x99 or \xe2\x80\x98\x1b[01m\x1b[K-std=gnu++20\x1b[m\x1b[K\xe2\x80\x99 [\x1b[01;35m\x1b[K\x1b]8;;https://gcc.gnu.org/onlinedocs/gcc/Warning-Options.html#index-Wc++20-extensions\x07-Wc++20-extensions\x1b]8;;\x07\x1b[m\x1b[K]\n'}
[3.735404] (aurora_core) StderrLine: {'line': b'  384 |             \x1b[01;35m\x1b[K.\x1b[m\x1b[Ky = A.w * B.y - A.x * B.z + A.y * B.w + A.z * B.x,\n'}
[3.735494] (aurora_core) StderrLine: {'line': b'      |             \x1b[01;35m\x1b[K^\x1b[m\x1b[K\n'}
[3.735582] (aurora_core) StderrLine: {'line': b'\x1b[01m\x1b[K/home/brown/Projects/MiningRobot/autonomy/ros2_workspace/aurora_core_sl/include/base/include/aurora/../nanoslot/FusionMath.h:385:13:\x1b[m\x1b[K \x1b[01;35m\x1b[Kwarning: \x1b[m\x1b[KC++ designated initializers only available with \xe2\x80\x98\x1b[01m\x1b[K-std=c++20\x1b[m\x1b[K\xe2\x80\x99 or \xe2\x80\x98\x1b[01m\x1b[K-std=gnu++20\x1b[m\x1b[K\xe2\x80\x99 [\x1b[01;35m\x1b[K\x1b]8;;https://gcc.gnu.org/onlinedocs/gcc/Warning-Options.html#index-Wc++20-extensions\x07-Wc++20-extensions\x1b]8;;\x07\x1b[m\x1b[K]\n'}
[3.735676] (aurora_core) StderrLine: {'line': b'  385 |             \x1b[01;35m\x1b[K.\x1b[m\x1b[Kz = A.w * B.z + A.x * B.y - A.y * B.x + A.z * B.w,\n'}
[3.735772] (aurora_core) StderrLine: {'line': b'      |             \x1b[01;35m\x1b[K^\x1b[m\x1b[K\n'}
[3.735862] (aurora_core) StderrLine: {'line': b'\x1b[01m\x1b[K/home/brown/Projects/MiningRobot/autonomy/ros2_workspace/aurora_core_sl/include/base/include/aurora/../nanoslot/FusionMath.h:\x1b[m\x1b[K In function \xe2\x80\x98\x1b[01m\x1b[KFusionQuaternion\x1b[01;32m\x1b[K FusionQuaternionMultiplyVector\x1b[m\x1b[K(FusionQuaternion, FusionVector)\x1b[m\x1b[K\xe2\x80\x99:\n'}
[3.735954] (aurora_core) StderrLine: {'line': b'\x1b[01m\x1b[K/home/brown/Projects/MiningRobot/autonomy/ros2_workspace/aurora_core_sl/include/base/include/aurora/../nanoslot/FusionMath.h:404:38:\x1b[m\x1b[K \x1b[01;35m\x1b[Kwarning: \x1b[m\x1b[KC++ designated initializers only available with \xe2\x80\x98\x1b[01m\x1b[K-std=c++20\x1b[m\x1b[K\xe2\x80\x99 or \xe2\x80\x98\x1b[01m\x1b[K-std=gnu++20\x1b[m\x1b[K\xe2\x80\x99 [\x1b[01;35m\x1b[K\x1b]8;;https://gcc.gnu.org/onlinedocs/gcc/Warning-Options.html#index-Wc++20-extensions\x07-Wc++20-extensions\x1b]8;;\x07\x1b[m\x1b[K]\n'}
[3.736047] (aurora_core) StderrLine: {'line': b'  404 |     const FusionQuaternion result = {\x1b[01;35m\x1b[K.\x1b[m\x1b[Kelement = {\n'}
[3.736137] (aurora_core) StderrLine: {'line': b'      |                                      \x1b[01;35m\x1b[K^\x1b[m\x1b[K\n'}
[3.736227] (aurora_core) StderrLine: {'line': b'\x1b[01m\x1b[K/home/brown/Projects/MiningRobot/autonomy/ros2_workspace/aurora_core_sl/include/base/include/aurora/../nanoslot/FusionMath.h:405:13:\x1b[m\x1b[K \x1b[01;35m\x1b[Kwarning: \x1b[m\x1b[KC++ designated initializers only available with \xe2\x80\x98\x1b[01m\x1b[K-std=c++20\x1b[m\x1b[K\xe2\x80\x99 or \xe2\x80\x98\x1b[01m\x1b[K-std=gnu++20\x1b[m\x1b[K\xe2\x80\x99 [\x1b[01;35m\x1b[K\x1b]8;;https://gcc.gnu.org/onlinedocs/gcc/Warning-Options.html#index-Wc++20-extensions\x07-Wc++20-extensions\x1b]8;;\x07\x1b[m\x1b[K]\n'}
[3.736320] (aurora_core) StderrLine: {'line': b'  405 |             \x1b[01;35m\x1b[K.\x1b[m\x1b[Kw = -Q.x * V.x - Q.y * V.y - Q.z * V.z,\n'}
[3.736416] (aurora_core) StderrLine: {'line': b'      |             \x1b[01;35m\x1b[K^\x1b[m\x1b[K\n'}
[3.736506] (aurora_core) StderrLine: {'line': b'\x1b[01m\x1b[K/home/brown/Projects/MiningRobot/autonomy/ros2_workspace/aurora_core_sl/include/base/include/aurora/../nanoslot/FusionMath.h:406:13:\x1b[m\x1b[K \x1b[01;35m\x1b[Kwarning: \x1b[m\x1b[KC++ designated initializers only available with \xe2\x80\x98\x1b[01m\x1b[K-std=c++20\x1b[m\x1b[K\xe2\x80\x99 or \xe2\x80\x98\x1b[01m\x1b[K-std=gnu++20\x1b[m\x1b[K\xe2\x80\x99 [\x1b[01;35m\x1b[K\x1b]8;;https://gcc.gnu.org/onlinedocs/gcc/Warning-Options.html#index-Wc++20-extensions\x07-Wc++20-extensions\x1b]8;;\x07\x1b[m\x1b[K]\n'}
[3.736600] (aurora_core) StderrLine: {'line': b'  406 |             \x1b[01;35m\x1b[K.\x1b[m\x1b[Kx = Q.w * V.x + Q.y * V.z - Q.z * V.y,\n'}
[3.736688] (aurora_core) StderrLine: {'line': b'      |             \x1b[01;35m\x1b[K^\x1b[m\x1b[K\n'}
[3.736777] (aurora_core) StderrLine: {'line': b'\x1b[01m\x1b[K/home/brown/Projects/MiningRobot/autonomy/ros2_workspace/aurora_core_sl/include/base/include/aurora/../nanoslot/FusionMath.h:407:13:\x1b[m\x1b[K \x1b[01;35m\x1b[Kwarning: \x1b[m\x1b[KC++ designated initializers only available with \xe2\x80\x98\x1b[01m\x1b[K-std=c++20\x1b[m\x1b[K\xe2\x80\x99 or \xe2\x80\x98\x1b[01m\x1b[K-std=gnu++20\x1b[m\x1b[K\xe2\x80\x99 [\x1b[01;35m\x1b[K\x1b]8;;https://gcc.gnu.org/onlinedocs/gcc/Warning-Options.html#index-Wc++20-extensions\x07-Wc++20-extensions\x1b]8;;\x07\x1b[m\x1b[K]\n'}
[3.736871] (aurora_core) StderrLine: {'line': b'  407 |             \x1b[01;35m\x1b[K.\x1b[m\x1b[Ky = Q.w * V.y - Q.x * V.z + Q.z * V.x,\n'}
[3.736960] (aurora_core) StderrLine: {'line': b'      |             \x1b[01;35m\x1b[K^\x1b[m\x1b[K\n'}
[3.737055] (aurora_core) StderrLine: {'line': b'\x1b[01m\x1b[K/home/brown/Projects/MiningRobot/autonomy/ros2_workspace/aurora_core_sl/include/base/include/aurora/../nanoslot/FusionMath.h:408:13:\x1b[m\x1b[K \x1b[01;35m\x1b[Kwarning: \x1b[m\x1b[KC++ designated initializers only available with \xe2\x80\x98\x1b[01m\x1b[K-std=c++20\x1b[m\x1b[K\xe2\x80\x99 or \xe2\x80\x98\x1b[01m\x1b[K-std=gnu++20\x1b[m\x1b[K\xe2\x80\x99 [\x1b[01;35m\x1b[K\x1b]8;;https://gcc.gnu.org/onlinedocs/gcc/Warning-Options.html#index-Wc++20-extensions\x07-Wc++20-extensions\x1b]8;;\x07\x1b[m\x1b[K]\n'}
[3.737155] (aurora_core) StderrLine: {'line': b'  408 |             \x1b[01;35m\x1b[K.\x1b[m\x1b[Kz = Q.w * V.z + Q.x * V.y - Q.y * V.x,\n'}
[3.737245] (aurora_core) StderrLine: {'line': b'      |             \x1b[01;35m\x1b[K^\x1b[m\x1b[K\n'}
[3.737334] (aurora_core) StderrLine: {'line': b'\x1b[01m\x1b[K/home/brown/Projects/MiningRobot/autonomy/ros2_workspace/aurora_core_sl/include/base/include/aurora/../nanoslot/FusionMath.h:\x1b[m\x1b[K In function \xe2\x80\x98\x1b[01m\x1b[KFusionQuaternion\x1b[01;32m\x1b[K FusionQuaternionConjugate\x1b[m\x1b[K(FusionQuaternion)\x1b[m\x1b[K\xe2\x80\x99:\n'}
[3.737427] (aurora_core) StderrLine: {'line': b'\x1b[01m\x1b[K/home/brown/Projects/MiningRobot/autonomy/ros2_workspace/aurora_core_sl/include/base/include/aurora/../nanoslot/FusionMath.h:424:38:\x1b[m\x1b[K \x1b[01;35m\x1b[Kwarning: \x1b[m\x1b[KC++ designated initializers only available with \xe2\x80\x98\x1b[01m\x1b[K-std=c++20\x1b[m\x1b[K\xe2\x80\x99 or \xe2\x80\x98\x1b[01m\x1b[K-std=gnu++20\x1b[m\x1b[K\xe2\x80\x99 [\x1b[01;35m\x1b[K\x1b]8;;https://gcc.gnu.org/onlinedocs/gcc/Warning-Options.html#index-Wc++20-extensions\x07-Wc++20-extensions\x1b]8;;\x07\x1b[m\x1b[K]\n'}
[3.737521] (aurora_core) StderrLine: {'line': b'  424 |     const FusionQuaternion result = {\x1b[01;35m\x1b[K.\x1b[m\x1b[Kelement = {\n'}
[3.737611] (aurora_core) StderrLine: {'line': b'      |                                      \x1b[01;35m\x1b[K^\x1b[m\x1b[K\n'}
[3.737700] (aurora_core) StderrLine: {'line': b'\x1b[01m\x1b[K/home/brown/Projects/MiningRobot/autonomy/ros2_workspace/aurora_core_sl/include/base/include/aurora/../nanoslot/FusionMath.h:425:13:\x1b[m\x1b[K \x1b[01;35m\x1b[Kwarning: \x1b[m\x1b[KC++ designated initializers only available with \xe2\x80\x98\x1b[01m\x1b[K-std=c++20\x1b[m\x1b[K\xe2\x80\x99 or \xe2\x80\x98\x1b[01m\x1b[K-std=gnu++20\x1b[m\x1b[K\xe2\x80\x99 [\x1b[01;35m\x1b[K\x1b]8;;https://gcc.gnu.org/onlinedocs/gcc/Warning-Options.html#index-Wc++20-extensions\x07-Wc++20-extensions\x1b]8;;\x07\x1b[m\x1b[K]\n'}
[3.737805] (aurora_core) StderrLine: {'line': b'  425 |             \x1b[01;35m\x1b[K.\x1b[m\x1b[Kw = Q.w,\n'}
[3.737895] (aurora_core) StderrLine: {'line': b'      |             \x1b[01;35m\x1b[K^\x1b[m\x1b[K\n'}
[3.737985] (aurora_core) StderrLine: {'line': b'\x1b[01m\x1b[K/home/brown/Projects/MiningRobot/autonomy/ros2_workspace/aurora_core_sl/include/base/include/aurora/../nanoslot/FusionMath.h:426:13:\x1b[m\x1b[K \x1b[01;35m\x1b[Kwarning: \x1b[m\x1b[KC++ designated initializers only available with \xe2\x80\x98\x1b[01m\x1b[K-std=c++20\x1b[m\x1b[K\xe2\x80\x99 or \xe2\x80\x98\x1b[01m\x1b[K-std=gnu++20\x1b[m\x1b[K\xe2\x80\x99 [\x1b[01;35m\x1b[K\x1b]8;;https://gcc.gnu.org/onlinedocs/gcc/Warning-Options.html#index-Wc++20-extensions\x07-Wc++20-extensions\x1b]8;;\x07\x1b[m\x1b[K]\n'}
[3.738121] (aurora_core) StderrLine: {'line': b'  426 |             \x1b[01;35m\x1b[K.\x1b[m\x1b[Kx = -Q.x,\n'}
[3.738238] (aurora_core) StderrLine: {'line': b'      |             \x1b[01;35m\x1b[K^\x1b[m\x1b[K\n'}
[3.738331] (aurora_core) StderrLine: {'line': b'\x1b[01m\x1b[K/home/brown/Projects/MiningRobot/autonomy/ros2_workspace/aurora_core_sl/include/base/include/aurora/../nanoslot/FusionMath.h:427:13:\x1b[m\x1b[K \x1b[01;35m\x1b[Kwarning: \x1b[m\x1b[KC++ designated initializers only available with \xe2\x80\x98\x1b[01m\x1b[K-std=c++20\x1b[m\x1b[K\xe2\x80\x99 or \xe2\x80\x98\x1b[01m\x1b[K-std=gnu++20\x1b[m\x1b[K\xe2\x80\x99 [\x1b[01;35m\x1b[K\x1b]8;;https://gcc.gnu.org/onlinedocs/gcc/Warning-Options.html#index-Wc++20-extensions\x07-Wc++20-extensions\x1b]8;;\x07\x1b[m\x1b[K]\n'}
[3.738424] (aurora_core) StderrLine: {'line': b'  427 |             \x1b[01;35m\x1b[K.\x1b[m\x1b[Ky = -Q.y,\n'}
[3.738514] (aurora_core) StderrLine: {'line': b'      |             \x1b[01;35m\x1b[K^\x1b[m\x1b[K\n'}
[3.738602] (aurora_core) StderrLine: {'line': b'\x1b[01m\x1b[K/home/brown/Projects/MiningRobot/autonomy/ros2_workspace/aurora_core_sl/include/base/include/aurora/../nanoslot/FusionMath.h:428:13:\x1b[m\x1b[K \x1b[01;35m\x1b[Kwarning: \x1b[m\x1b[KC++ designated initializers only available with \xe2\x80\x98\x1b[01m\x1b[K-std=c++20\x1b[m\x1b[K\xe2\x80\x99 or \xe2\x80\x98\x1b[01m\x1b[K-std=gnu++20\x1b[m\x1b[K\xe2\x80\x99 [\x1b[01;35m\x1b[K\x1b]8;;https://gcc.gnu.org/onlinedocs/gcc/Warning-Options.html#index-Wc++20-extensions\x07-Wc++20-extensions\x1b]8;;\x07\x1b[m\x1b[K]\n'}
[3.738696] (aurora_core) StderrLine: {'line': b'  428 |             \x1b[01;35m\x1b[K.\x1b[m\x1b[Kz = -Q.z,\n'}
[3.738785] (aurora_core) StderrLine: {'line': b'      |             \x1b[01;35m\x1b[K^\x1b[m\x1b[K\n'}
[3.738874] (aurora_core) StderrLine: {'line': b'\x1b[01m\x1b[K/home/brown/Projects/MiningRobot/autonomy/ros2_workspace/aurora_core_sl/include/base/include/aurora/../nanoslot/FusionMath.h:\x1b[m\x1b[K In function \xe2\x80\x98\x1b[01m\x1b[KFusionQuaternion\x1b[01;32m\x1b[K FusionQuaternionNormalise\x1b[m\x1b[K(FusionQuaternion)\x1b[m\x1b[K\xe2\x80\x99:\n'}
[3.738966] (aurora_core) StderrLine: {'line': b'\x1b[01m\x1b[K/home/brown/Projects/MiningRobot/autonomy/ros2_workspace/aurora_core_sl/include/base/include/aurora/../nanoslot/FusionMath.h:448:38:\x1b[m\x1b[K \x1b[01;35m\x1b[Kwarning: \x1b[m\x1b[KC++ designated initializers only available with \xe2\x80\x98\x1b[01m\x1b[K-std=c++20\x1b[m\x1b[K\xe2\x80\x99 or \xe2\x80\x98\x1b[01m\x1b[K-std=gnu++20\x1b[m\x1b[K\xe2\x80\x99 [\x1b[01;35m\x1b[K\x1b]8;;https://gcc.gnu.org/onlinedocs/gcc/Warning-Options.html#index-Wc++20-extensions\x07-Wc++20-extensions\x1b]8;;\x07\x1b[m\x1b[K]\n'}
[3.739060] (aurora_core) StderrLine: {'line': b'  448 |     const FusionQuaternion result = {\x1b[01;35m\x1b[K.\x1b[m\x1b[Kelement = {\n'}
[3.739158] (aurora_core) StderrLine: {'line': b'      |                                      \x1b[01;35m\x1b[K^\x1b[m\x1b[K\n'}
[3.739254] (aurora_core) StderrLine: {'line': b'\x1b[01m\x1b[K/home/brown/Projects/MiningRobot/autonomy/ros2_workspace/aurora_core_sl/include/base/include/aurora/../nanoslot/FusionMath.h:449:13:\x1b[m\x1b[K \x1b[01;35m\x1b[Kwarning: \x1b[m\x1b[KC++ designated initializers only available with \xe2\x80\x98\x1b[01m\x1b[K-std=c++20\x1b[m\x1b[K\xe2\x80\x99 or \xe2\x80\x98\x1b[01m\x1b[K-std=gnu++20\x1b[m\x1b[K\xe2\x80\x99 [\x1b[01;35m\x1b[K\x1b]8;;https://gcc.gnu.org/onlinedocs/gcc/Warning-Options.html#index-Wc++20-extensions\x07-Wc++20-extensions\x1b]8;;\x07\x1b[m\x1b[K]\n'}
[3.739354] (aurora_core) StderrLine: {'line': b'  449 |             \x1b[01;35m\x1b[K.\x1b[m\x1b[Kw = Q.w * magnitudeReciprocal,\n'}
[3.739443] (aurora_core) StderrLine: {'line': b'      |             \x1b[01;35m\x1b[K^\x1b[m\x1b[K\n'}
[3.739532] (aurora_core) StderrLine: {'line': b'\x1b[01m\x1b[K/home/brown/Projects/MiningRobot/autonomy/ros2_workspace/aurora_core_sl/include/base/include/aurora/../nanoslot/FusionMath.h:450:13:\x1b[m\x1b[K \x1b[01;35m\x1b[Kwarning: \x1b[m\x1b[KC++ designated initializers only available with \xe2\x80\x98\x1b[01m\x1b[K-std=c++20\x1b[m\x1b[K\xe2\x80\x99 or \xe2\x80\x98\x1b[01m\x1b[K-std=gnu++20\x1b[m\x1b[K\xe2\x80\x99 [\x1b[01;35m\x1b[K\x1b]8;;https://gcc.gnu.org/onlinedocs/gcc/Warning-Options.html#index-Wc++20-extensions\x07-Wc++20-extensions\x1b]8;;\x07\x1b[m\x1b[K]\n'}
[3.739626] (aurora_core) StderrLine: {'line': b'  450 |             \x1b[01;35m\x1b[K.\x1b[m\x1b[Kx = Q.x * magnitudeReciprocal,\n'}
[3.739716] (aurora_core) StderrLine: {'line': b'      |             \x1b[01;35m\x1b[K^\x1b[m\x1b[K\n'}
[3.739844] (aurora_core) StderrLine: {'line': b'\x1b[01m\x1b[K/home/brown/Projects/MiningRobot/autonomy/ros2_workspace/aurora_core_sl/include/base/include/aurora/../nanoslot/FusionMath.h:451:13:\x1b[m\x1b[K \x1b[01;35m\x1b[Kwarning: \x1b[m\x1b[KC++ designated initializers only available with \xe2\x80\x98\x1b[01m\x1b[K-std=c++20\x1b[m\x1b[K\xe2\x80\x99 or \xe2\x80\x98\x1b[01m\x1b[K-std=gnu++20\x1b[m\x1b[K\xe2\x80\x99 [\x1b[01;35m\x1b[K\x1b]8;;https://gcc.gnu.org/onlinedocs/gcc/Warning-Options.html#index-Wc++20-extensions\x07-Wc++20-extensions\x1b]8;;\x07\x1b[m\x1b[K]\n'}
[3.739945] (aurora_core) StderrLine: {'line': b'  451 |             \x1b[01;35m\x1b[K.\x1b[m\x1b[Ky = Q.y * magnitudeReciprocal,\n'}
[3.740035] (aurora_core) StderrLine: {'line': b'      |             \x1b[01;35m\x1b[K^\x1b[m\x1b[K\n'}
[3.740124] (aurora_core) StderrLine: {'line': b'\x1b[01m\x1b[K/home/brown/Projects/MiningRobot/autonomy/ros2_workspace/aurora_core_sl/include/base/include/aurora/../nanoslot/FusionMath.h:452:13:\x1b[m\x1b[K \x1b[01;35m\x1b[Kwarning: \x1b[m\x1b[KC++ designated initializers only available with \xe2\x80\x98\x1b[01m\x1b[K-std=c++20\x1b[m\x1b[K\xe2\x80\x99 or \xe2\x80\x98\x1b[01m\x1b[K-std=gnu++20\x1b[m\x1b[K\xe2\x80\x99 [\x1b[01;35m\x1b[K\x1b]8;;https://gcc.gnu.org/onlinedocs/gcc/Warning-Options.html#index-Wc++20-extensions\x07-Wc++20-extensions\x1b]8;;\x07\x1b[m\x1b[K]\n'}
[3.740217] (aurora_core) StderrLine: {'line': b'  452 |             \x1b[01;35m\x1b[K.\x1b[m\x1b[Kz = Q.z * magnitudeReciprocal,\n'}
[3.740307] (aurora_core) StderrLine: {'line': b'      |             \x1b[01;35m\x1b[K^\x1b[m\x1b[K\n'}
[3.740396] (aurora_core) StderrLine: {'line': b'\x1b[01m\x1b[K/home/brown/Projects/MiningRobot/autonomy/ros2_workspace/aurora_core_sl/include/base/include/aurora/../nanoslot/FusionMath.h:\x1b[m\x1b[K In function \xe2\x80\x98\x1b[01m\x1b[KFusionVector\x1b[01;32m\x1b[K FusionMatrixMultiplyVector\x1b[m\x1b[K(FusionMatrix, FusionVector)\x1b[m\x1b[K\xe2\x80\x99:\n'}
[3.740488] (aurora_core) StderrLine: {'line': b'\x1b[01m\x1b[K/home/brown/Projects/MiningRobot/autonomy/ros2_workspace/aurora_core_sl/include/base/include/aurora/../nanoslot/FusionMath.h:469:34:\x1b[m\x1b[K \x1b[01;35m\x1b[Kwarning: \x1b[m\x1b[KC++ designated initializers only available with \xe2\x80\x98\x1b[01m\x1b[K-std=c++20\x1b[m\x1b[K\xe2\x80\x99 or \xe2\x80\x98\x1b[01m\x1b[K-std=gnu++20\x1b[m\x1b[K\xe2\x80\x99 [\x1b[01;35m\x1b[K\x1b]8;;https://gcc.gnu.org/onlinedocs/gcc/Warning-Options.html#index-Wc++20-extensions\x07-Wc++20-extensions\x1b]8;;\x07\x1b[m\x1b[K]\n'}
[3.740588] (aurora_core) StderrLine: {'line': b'  469 |     const FusionVector result = {\x1b[01;35m\x1b[K.\x1b[m\x1b[Kaxis = {\n'}
[3.740677] (aurora_core) StderrLine: {'line': b'      |                                  \x1b[01;35m\x1b[K^\x1b[m\x1b[K\n'}
[3.740767] (aurora_core) StderrLine: {'line': b'\x1b[01m\x1b[K/home/brown/Projects/MiningRobot/autonomy/ros2_workspace/aurora_core_sl/include/base/include/aurora/../nanoslot/FusionMath.h:470:13:\x1b[m\x1b[K \x1b[01;35m\x1b[Kwarning: \x1b[m\x1b[KC++ designated initializers only available with \xe2\x80\x98\x1b[01m\x1b[K-std=c++20\x1b[m\x1b[K\xe2\x80\x99 or \xe2\x80\x98\x1b[01m\x1b[K-std=gnu++20\x1b[m\x1b[K\xe2\x80\x99 [\x1b[01;35m\x1b[K\x1b]8;;https://gcc.gnu.org/onlinedocs/gcc/Warning-Options.html#index-Wc++20-extensions\x07-Wc++20-extensions\x1b]8;;\x07\x1b[m\x1b[K]\n'}
[3.740861] (aurora_core) StderrLine: {'line': b'  470 |             \x1b[01;35m\x1b[K.\x1b[m\x1b[Kx = R.xx * vector.axis.x + R.xy * vector.axis.y + R.xz * vector.axis.z,\n'}
[3.740951] (aurora_core) StderrLine: {'line': b'      |             \x1b[01;35m\x1b[K^\x1b[m\x1b[K\n'}
[3.741040] (aurora_core) StderrLine: {'line': b'\x1b[01m\x1b[K/home/brown/Projects/MiningRobot/autonomy/ros2_workspace/aurora_core_sl/include/base/include/aurora/../nanoslot/FusionMath.h:471:13:\x1b[m\x1b[K \x1b[01;35m\x1b[Kwarning: \x1b[m\x1b[KC++ designated initializers only available with \xe2\x80\x98\x1b[01m\x1b[K-std=c++20\x1b[m\x1b[K\xe2\x80\x99 or \xe2\x80\x98\x1b[01m\x1b[K-std=gnu++20\x1b[m\x1b[K\xe2\x80\x99 [\x1b[01;35m\x1b[K\x1b]8;;https://gcc.gnu.org/onlinedocs/gcc/Warning-Options.html#index-Wc++20-extensions\x07-Wc++20-extensions\x1b]8;;\x07\x1b[m\x1b[K]\n'}
[3.741134] (aurora_core) StderrLine: {'line': b'  471 |             \x1b[01;35m\x1b[K.\x1b[m\x1b[Ky = R.yx * vector.axis.x + R.yy * vector.axis.y + R.yz * vector.axis.z,\n'}
[3.741223] (aurora_core) StderrLine: {'line': b'      |             \x1b[01;35m\x1b[K^\x1b[m\x1b[K\n'}
[3.741318] (aurora_core) StderrLine: {'line': b'\x1b[01m\x1b[K/home/brown/Projects/MiningRobot/autonomy/ros2_workspace/aurora_core_sl/include/base/include/aurora/../nanoslot/FusionMath.h:472:13:\x1b[m\x1b[K \x1b[01;35m\x1b[Kwarning: \x1b[m\x1b[KC++ designated initializers only available with \xe2\x80\x98\x1b[01m\x1b[K-std=c++20\x1b[m\x1b[K\xe2\x80\x99 or \xe2\x80\x98\x1b[01m\x1b[K-std=gnu++20\x1b[m\x1b[K\xe2\x80\x99 [\x1b[01;35m\x1b[K\x1b]8;;https://gcc.gnu.org/onlinedocs/gcc/Warning-Options.html#index-Wc++20-extensions\x07-Wc++20-extensions\x1b]8;;\x07\x1b[m\x1b[K]\n'}
[3.741462] (aurora_core) StderrLine: {'line': b'  472 |             \x1b[01;35m\x1b[K.\x1b[m\x1b[Kz = R.zx * vector.axis.x + R.zy * vector.axis.y + R.zz * vector.axis.z,\n'}
[3.741557] (aurora_core) StderrLine: {'line': b'      |             \x1b[01;35m\x1b[K^\x1b[m\x1b[K\n'}
[3.741646] (aurora_core) StderrLine: {'line': b'\x1b[01m\x1b[K/home/brown/Projects/MiningRobot/autonomy/ros2_workspace/aurora_core_sl/include/base/include/aurora/../nanoslot/FusionMath.h:\x1b[m\x1b[K In function \xe2\x80\x98\x1b[01m\x1b[KFusionVector\x1b[01;32m\x1b[K FusionQuaternionXaxis\x1b[m\x1b[K(FusionQuaternion)\x1b[m\x1b[K\xe2\x80\x99:\n'}
[3.741738] (aurora_core) StderrLine: {'line': b'\x1b[01m\x1b[K/home/brown/Projects/MiningRobot/autonomy/ros2_workspace/aurora_core_sl/include/base/include/aurora/../nanoslot/FusionMath.h:484:34:\x1b[m\x1b[K \x1b[01;35m\x1b[Kwarning: \x1b[m\x1b[KC++ designated initializers only available with \xe2\x80\x98\x1b[01m\x1b[K-std=c++20\x1b[m\x1b[K\xe2\x80\x99 or \xe2\x80\x98\x1b[01m\x1b[K-std=gnu++20\x1b[m\x1b[K\xe2\x80\x99 [\x1b[01;35m\x1b[K\x1b]8;;https://gcc.gnu.org/onlinedocs/gcc/Warning-Options.html#index-Wc++20-extensions\x07-Wc++20-extensions\x1b]8;;\x07\x1b[m\x1b[K]\n'}
[3.741837] (aurora_core) StderrLine: {'line': b'  484 |     const FusionVector result = {\x1b[01;35m\x1b[K.\x1b[m\x1b[Kaxis={\n'}
[3.741928] (aurora_core) StderrLine: {'line': b'      |                                  \x1b[01;35m\x1b[K^\x1b[m\x1b[K\n'}
[3.742026] (aurora_core) StderrLine: {'line': b'\x1b[01m\x1b[K/home/brown/Projects/MiningRobot/autonomy/ros2_workspace/aurora_core_sl/include/base/include/aurora/../nanoslot/FusionMath.h:485:5:\x1b[m\x1b[K \x1b[01;35m\x1b[Kwarning: \x1b[m\x1b[KC++ designated initializers only available with \xe2\x80\x98\x1b[01m\x1b[K-std=c++20\x1b[m\x1b[K\xe2\x80\x99 or \xe2\x80\x98\x1b[01m\x1b[K-std=gnu++20\x1b[m\x1b[K\xe2\x80\x99 [\x1b[01;35m\x1b[K\x1b]8;;https://gcc.gnu.org/onlinedocs/gcc/Warning-Options.html#index-Wc++20-extensions\x07-Wc++20-extensions\x1b]8;;\x07\x1b[m\x1b[K]\n'}
[3.742120] (aurora_core) StderrLine: {'line': b'  485 |     \x1b[01;35m\x1b[K.\x1b[m\x1b[Kx = 2.0f * (Q.w*Q.w - 0.5f + Q.x * Q.x),\n'}
[3.742210] (aurora_core) StderrLine: {'line': b'      |     \x1b[01;35m\x1b[K^\x1b[m\x1b[K\n'}
[3.742299] (aurora_core) StderrLine: {'line': b'\x1b[01m\x1b[K/home/brown/Projects/MiningRobot/autonomy/ros2_workspace/aurora_core_sl/include/base/include/aurora/../nanoslot/FusionMath.h:486:5:\x1b[m\x1b[K \x1b[01;35m\x1b[Kwarning: \x1b[m\x1b[KC++ designated initializers only available with \xe2\x80\x98\x1b[01m\x1b[K-std=c++20\x1b[m\x1b[K\xe2\x80\x99 or \xe2\x80\x98\x1b[01m\x1b[K-std=gnu++20\x1b[m\x1b[K\xe2\x80\x99 [\x1b[01;35m\x1b[K\x1b]8;;https://gcc.gnu.org/onlinedocs/gcc/Warning-Options.html#index-Wc++20-extensions\x07-Wc++20-extensions\x1b]8;;\x07\x1b[m\x1b[K]\n'}
[3.742393] (aurora_core) StderrLine: {'line': b'  486 |     \x1b[01;35m\x1b[K.\x1b[m\x1b[Ky = 2.0f * (Q.x*Q.y + Q.w*Q.z),\n'}
[3.742482] (aurora_core) StderrLine: {'line': b'      |     \x1b[01;35m\x1b[K^\x1b[m\x1b[K\n'}
[3.742571] (aurora_core) StderrLine: {'line': b'\x1b[01m\x1b[K/home/brown/Projects/MiningRobot/autonomy/ros2_workspace/aurora_core_sl/include/base/include/aurora/../nanoslot/FusionMath.h:487:5:\x1b[m\x1b[K \x1b[01;35m\x1b[Kwarning: \x1b[m\x1b[KC++ designated initializers only available with \xe2\x80\x98\x1b[01m\x1b[K-std=c++20\x1b[m\x1b[K\xe2\x80\x99 or \xe2\x80\x98\x1b[01m\x1b[K-std=gnu++20\x1b[m\x1b[K\xe2\x80\x99 [\x1b[01;35m\x1b[K\x1b]8;;https://gcc.gnu.org/onlinedocs/gcc/Warning-Options.html#index-Wc++20-extensions\x07-Wc++20-extensions\x1b]8;;\x07\x1b[m\x1b[K]\n'}
[3.742664] (aurora_core) StderrLine: {'line': b'  487 |     \x1b[01;35m\x1b[K.\x1b[m\x1b[Kz = 2.0f * (Q.x*Q.z - Q.w*Q.y),\n'}
[3.742753] (aurora_core) StderrLine: {'line': b'      |     \x1b[01;35m\x1b[K^\x1b[m\x1b[K\n'}
[3.742842] (aurora_core) StderrLine: {'line': b'\x1b[01m\x1b[K/home/brown/Projects/MiningRobot/autonomy/ros2_workspace/aurora_core_sl/include/base/include/aurora/../nanoslot/FusionMath.h:\x1b[m\x1b[K In function \xe2\x80\x98\x1b[01m\x1b[KFusionVector\x1b[01;32m\x1b[K FusionQuaternionYaxis\x1b[m\x1b[K(FusionQuaternion)\x1b[m\x1b[K\xe2\x80\x99:\n'}
[3.742933] (aurora_core) StderrLine: {'line': b'\x1b[01m\x1b[K/home/brown/Projects/MiningRobot/autonomy/ros2_workspace/aurora_core_sl/include/base/include/aurora/../nanoslot/FusionMath.h:495:34:\x1b[m\x1b[K \x1b[01;35m\x1b[Kwarning: \x1b[m\x1b[KC++ designated initializers only available with \xe2\x80\x98\x1b[01m\x1b[K-std=c++20\x1b[m\x1b[K\xe2\x80\x99 or \xe2\x80\x98\x1b[01m\x1b[K-std=gnu++20\x1b[m\x1b[K\xe2\x80\x99 [\x1b[01;35m\x1b[K\x1b]8;;https://gcc.gnu.org/onlinedocs/gcc/Warning-Options.html#index-Wc++20-extensions\x07-Wc++20-extensions\x1b]8;;\x07\x1b[m\x1b[K]\n'}
[3.743027] (aurora_core) StderrLine: {'line': b'  495 |     const FusionVector result = {\x1b[01;35m\x1b[K.\x1b[m\x1b[Kaxis={\n'}
[3.743116] (aurora_core) StderrLine: {'line': b'      |                                  \x1b[01;35m\x1b[K^\x1b[m\x1b[K\n'}
[3.743204] (aurora_core) StderrLine: {'line': b'\x1b[01m\x1b[K/home/brown/Projects/MiningRobot/autonomy/ros2_workspace/aurora_core_sl/include/base/include/aurora/../nanoslot/FusionMath.h:496:5:\x1b[m\x1b[K \x1b[01;35m\x1b[Kwarning: \x1b[m\x1b[KC++ designated initializers only available with \xe2\x80\x98\x1b[01m\x1b[K-std=c++20\x1b[m\x1b[K\xe2\x80\x99 or \xe2\x80\x98\x1b[01m\x1b[K-std=gnu++20\x1b[m\x1b[K\xe2\x80\x99 [\x1b[01;35m\x1b[K\x1b]8;;https://gcc.gnu.org/onlinedocs/gcc/Warning-Options.html#index-Wc++20-extensions\x07-Wc++20-extensions\x1b]8;;\x07\x1b[m\x1b[K]\n'}
[3.743314] (aurora_core) StderrLine: {'line': b'  496 |     \x1b[01;35m\x1b[K.\x1b[m\x1b[Kx = 2.0f * (Q.x*Q.y - Q.w*Q.z),\n'}
[3.743403] (aurora_core) StderrLine: {'line': b'      |     \x1b[01;35m\x1b[K^\x1b[m\x1b[K\n'}
[3.743498] (aurora_core) StderrLine: {'line': b'\x1b[01m\x1b[K/home/brown/Projects/MiningRobot/autonomy/ros2_workspace/aurora_core_sl/include/base/include/aurora/../nanoslot/FusionMath.h:497:5:\x1b[m\x1b[K \x1b[01;35m\x1b[Kwarning: \x1b[m\x1b[KC++ designated initializers only available with \xe2\x80\x98\x1b[01m\x1b[K-std=c++20\x1b[m\x1b[K\xe2\x80\x99 or \xe2\x80\x98\x1b[01m\x1b[K-std=gnu++20\x1b[m\x1b[K\xe2\x80\x99 [\x1b[01;35m\x1b[K\x1b]8;;https://gcc.gnu.org/onlinedocs/gcc/Warning-Options.html#index-Wc++20-extensions\x07-Wc++20-extensions\x1b]8;;\x07\x1b[m\x1b[K]\n'}
[3.743592] (aurora_core) StderrLine: {'line': b'  497 |     \x1b[01;35m\x1b[K.\x1b[m\x1b[Ky = 2.0f * (Q.w*Q.w - 0.5f + Q.y * Q.y),\n'}
[3.743681] (aurora_core) StderrLine: {'line': b'      |     \x1b[01;35m\x1b[K^\x1b[m\x1b[K\n'}
[3.743770] (aurora_core) StderrLine: {'line': b'\x1b[01m\x1b[K/home/brown/Projects/MiningRobot/autonomy/ros2_workspace/aurora_core_sl/include/base/include/aurora/../nanoslot/FusionMath.h:498:5:\x1b[m\x1b[K \x1b[01;35m\x1b[Kwarning: \x1b[m\x1b[KC++ designated initializers only available with \xe2\x80\x98\x1b[01m\x1b[K-std=c++20\x1b[m\x1b[K\xe2\x80\x99 or \xe2\x80\x98\x1b[01m\x1b[K-std=gnu++20\x1b[m\x1b[K\xe2\x80\x99 [\x1b[01;35m\x1b[K\x1b]8;;https://gcc.gnu.org/onlinedocs/gcc/Warning-Options.html#index-Wc++20-extensions\x07-Wc++20-extensions\x1b]8;;\x07\x1b[m\x1b[K]\n'}
[3.743868] (aurora_core) StderrLine: {'line': b'  498 |     \x1b[01;35m\x1b[K.\x1b[m\x1b[Kz = 2.0f * (Q.y*Q.z + Q.w*Q.x),\n'}
[3.743959] (aurora_core) StderrLine: {'line': b'      |     \x1b[01;35m\x1b[K^\x1b[m\x1b[K\n'}
[3.744048] (aurora_core) StderrLine: {'line': b'\x1b[01m\x1b[K/home/brown/Projects/MiningRobot/autonomy/ros2_workspace/aurora_core_sl/include/base/include/aurora/../nanoslot/FusionMath.h:\x1b[m\x1b[K In function \xe2\x80\x98\x1b[01m\x1b[KFusionVector\x1b[01;32m\x1b[K FusionQuaternionZaxis\x1b[m\x1b[K(FusionQuaternion)\x1b[m\x1b[K\xe2\x80\x99:\n'}
[3.744139] (aurora_core) StderrLine: {'line': b'\x1b[01m\x1b[K/home/brown/Projects/MiningRobot/autonomy/ros2_workspace/aurora_core_sl/include/base/include/aurora/../nanoslot/FusionMath.h:506:34:\x1b[m\x1b[K \x1b[01;35m\x1b[Kwarning: \x1b[m\x1b[KC++ designated initializers only available with \xe2\x80\x98\x1b[01m\x1b[K-std=c++20\x1b[m\x1b[K\xe2\x80\x99 or \xe2\x80\x98\x1b[01m\x1b[K-std=gnu++20\x1b[m\x1b[K\xe2\x80\x99 [\x1b[01;35m\x1b[K\x1b]8;;https://gcc.gnu.org/onlinedocs/gcc/Warning-Options.html#index-Wc++20-extensions\x07-Wc++20-extensions\x1b]8;;\x07\x1b[m\x1b[K]\n'}
[3.744232] (aurora_core) StderrLine: {'line': b'  506 |     const FusionVector result = {\x1b[01;35m\x1b[K.\x1b[m\x1b[Kaxis={\n'}
[3.744389] (aurora_core) StderrLine: {'line': b'      |                                  \x1b[01;35m\x1b[K^\x1b[m\x1b[K\n'}
[3.744550] (aurora_core) StderrLine: {'line': b'\x1b[01m\x1b[K/home/brown/Projects/MiningRobot/autonomy/ros2_workspace/aurora_core_sl/include/base/include/aurora/../nanoslot/FusionMath.h:507:5:\x1b[m\x1b[K \x1b[01;35m\x1b[Kwarning: \x1b[m\x1b[KC++ designated initializers only available with \xe2\x80\x98\x1b[01m\x1b[K-std=c++20\x1b[m\x1b[K\xe2\x80\x99 or \xe2\x80\x98\x1b[01m\x1b[K-std=gnu++20\x1b[m\x1b[K\xe2\x80\x99 [\x1b[01;35m\x1b[K\x1b]8;;https://gcc.gnu.org/onlinedocs/gcc/Warning-Options.html#index-Wc++20-extensions\x07-Wc++20-extensions\x1b]8;;\x07\x1b[m\x1b[K]\n'}
[3.744708] (aurora_core) StderrLine: {'line': b'  507 |     \x1b[01;35m\x1b[K.\x1b[m\x1b[Kx = 2.0f * (Q.x*Q.z + Q.w*Q.y),\n'}
[3.744875] (aurora_core) StderrLine: {'line': b'      |     \x1b[01;35m\x1b[K^\x1b[m\x1b[K\n'}
[3.745016] (aurora_core) StderrLine: {'line': b'\x1b[01m\x1b[K/home/brown/Projects/MiningRobot/autonomy/ros2_workspace/aurora_core_sl/include/base/include/aurora/../nanoslot/FusionMath.h:508:5:\x1b[m\x1b[K \x1b[01;35m\x1b[Kwarning: \x1b[m\x1b[KC++ designated initializers only available with \xe2\x80\x98\x1b[01m\x1b[K-std=c++20\x1b[m\x1b[K\xe2\x80\x99 or \xe2\x80\x98\x1b[01m\x1b[K-std=gnu++20\x1b[m\x1b[K\xe2\x80\x99 [\x1b[01;35m\x1b[K\x1b]8;;https://gcc.gnu.org/onlinedocs/gcc/Warning-Options.html#index-Wc++20-extensions\x07-Wc++20-extensions\x1b]8;;\x07\x1b[m\x1b[K]\n'}
[3.745942] (aurora_core) StderrLine: {'line': b'  508 |     \x1b[01;35m\x1b[K.\x1b[m\x1b[Ky = 2.0f * (Q.y*Q.z - Q.w*Q.x),\n'}
[3.746146] (aurora_core) StderrLine: {'line': b'      |     \x1b[01;35m\x1b[K^\x1b[m\x1b[K\n'}
[3.746313] (aurora_core) StderrLine: {'line': b'\x1b[01m\x1b[K/home/brown/Projects/MiningRobot/autonomy/ros2_workspace/aurora_core_sl/include/base/include/aurora/../nanoslot/FusionMath.h:509:5:\x1b[m\x1b[K \x1b[01;35m\x1b[Kwarning: \x1b[m\x1b[KC++ designated initializers only available with \xe2\x80\x98\x1b[01m\x1b[K-std=c++20\x1b[m\x1b[K\xe2\x80\x99 or \xe2\x80\x98\x1b[01m\x1b[K-std=gnu++20\x1b[m\x1b[K\xe2\x80\x99 [\x1b[01;35m\x1b[K\x1b]8;;https://gcc.gnu.org/onlinedocs/gcc/Warning-Options.html#index-Wc++20-extensions\x07-Wc++20-extensions\x1b]8;;\x07\x1b[m\x1b[K]\n'}
[3.746420] (aurora_core) StderrLine: {'line': b'  509 |     \x1b[01;35m\x1b[K.\x1b[m\x1b[Kz = 2.0f * (Q.w*Q.w - 0.5f + Q.z * Q.z),\n'}
[3.746512] (aurora_core) StderrLine: {'line': b'      |     \x1b[01;35m\x1b[K^\x1b[m\x1b[K\n'}
[3.746602] (aurora_core) StderrLine: {'line': b'\x1b[01m\x1b[K/home/brown/Projects/MiningRobot/autonomy/ros2_workspace/aurora_core_sl/include/base/include/aurora/../nanoslot/FusionMath.h:\x1b[m\x1b[K In function \xe2\x80\x98\x1b[01m\x1b[KFusionMatrix\x1b[01;32m\x1b[K FusionQuaternionToMatrix\x1b[m\x1b[K(FusionQuaternion)\x1b[m\x1b[K\xe2\x80\x99:\n'}
[3.746697] (aurora_core) StderrLine: {'line': b'\x1b[01m\x1b[K/home/brown/Projects/MiningRobot/autonomy/ros2_workspace/aurora_core_sl/include/base/include/aurora/../nanoslot/FusionMath.h:530:34:\x1b[m\x1b[K \x1b[01;35m\x1b[Kwarning: \x1b[m\x1b[KC++ designated initializers only available with \xe2\x80\x98\x1b[01m\x1b[K-std=c++20\x1b[m\x1b[K\xe2\x80\x99 or \xe2\x80\x98\x1b[01m\x1b[K-std=gnu++20\x1b[m\x1b[K\xe2\x80\x99 [\x1b[01;35m\x1b[K\x1b]8;;https://gcc.gnu.org/onlinedocs/gcc/Warning-Options.html#index-Wc++20-extensions\x07-Wc++20-extensions\x1b]8;;\x07\x1b[m\x1b[K]\n'}
[3.746806] (aurora_core) StderrLine: {'line': b'  530 |     const FusionMatrix matrix = {\x1b[01;35m\x1b[K.\x1b[m\x1b[Kelement = {\n'}
[3.746904] (aurora_core) StderrLine: {'line': b'      |                                  \x1b[01;35m\x1b[K^\x1b[m\x1b[K\n'}
[3.746995] (aurora_core) StderrLine: {'line': b'\x1b[01m\x1b[K/home/brown/Projects/MiningRobot/autonomy/ros2_workspace/aurora_core_sl/include/base/include/aurora/../nanoslot/FusionMath.h:531:13:\x1b[m\x1b[K \x1b[01;35m\x1b[Kwarning: \x1b[m\x1b[KC++ designated initializers only available with \xe2\x80\x98\x1b[01m\x1b[K-std=c++20\x1b[m\x1b[K\xe2\x80\x99 or \xe2\x80\x98\x1b[01m\x1b[K-std=gnu++20\x1b[m\x1b[K\xe2\x80\x99 [\x1b[01;35m\x1b[K\x1b]8;;https://gcc.gnu.org/onlinedocs/gcc/Warning-Options.html#index-Wc++20-extensions\x07-Wc++20-extensions\x1b]8;;\x07\x1b[m\x1b[K]\n'}
[3.747090] (aurora_core) StderrLine: {'line': b'  531 |             \x1b[01;35m\x1b[K.\x1b[m\x1b[Kxx = 2.0f * (qwqw - 0.5f + Q.x * Q.x),\n'}
[3.747186] (aurora_core) StderrLine: {'line': b'      |             \x1b[01;35m\x1b[K^\x1b[m\x1b[K\n'}
[3.747278] (aurora_core) StderrLine: {'line': b'\x1b[01m\x1b[K/home/brown/Projects/MiningRobot/autonomy/ros2_workspace/aurora_core_sl/include/base/include/aurora/../nanoslot/FusionMath.h:532:13:\x1b[m\x1b[K \x1b[01;35m\x1b[Kwarning: \x1b[m\x1b[KC++ designated initializers only available with \xe2\x80\x98\x1b[01m\x1b[K-std=c++20\x1b[m\x1b[K\xe2\x80\x99 or \xe2\x80\x98\x1b[01m\x1b[K-std=gnu++20\x1b[m\x1b[K\xe2\x80\x99 [\x1b[01;35m\x1b[K\x1b]8;;https://gcc.gnu.org/onlinedocs/gcc/Warning-Options.html#index-Wc++20-extensions\x07-Wc++20-extensions\x1b]8;;\x07\x1b[m\x1b[K]\n'}
[3.747372] (aurora_core) StderrLine: {'line': b'  532 |             \x1b[01;35m\x1b[K.\x1b[m\x1b[Kxy = 2.0f * (qxqy - qwqz),\n'}
[3.747469] (aurora_core) StderrLine: {'line': b'      |             \x1b[01;35m\x1b[K^\x1b[m\x1b[K\n'}
[3.747585] (aurora_core) StderrLine: {'line': b'\x1b[01m\x1b[K/home/brown/Projects/MiningRobot/autonomy/ros2_workspace/aurora_core_sl/include/base/include/aurora/../nanoslot/FusionMath.h:533:13:\x1b[m\x1b[K \x1b[01;35m\x1b[Kwarning: \x1b[m\x1b[KC++ designated initializers only available with \xe2\x80\x98\x1b[01m\x1b[K-std=c++20\x1b[m\x1b[K\xe2\x80\x99 or \xe2\x80\x98\x1b[01m\x1b[K-std=gnu++20\x1b[m\x1b[K\xe2\x80\x99 [\x1b[01;35m\x1b[K\x1b]8;;https://gcc.gnu.org/onlinedocs/gcc/Warning-Options.html#index-Wc++20-extensions\x07-Wc++20-extensions\x1b]8;;\x07\x1b[m\x1b[K]\n'}
[3.747702] (aurora_core) StderrLine: {'line': b'  533 |             \x1b[01;35m\x1b[K.\x1b[m\x1b[Kxz = 2.0f * (qxqz + qwqy),\n'}
[3.747794] (aurora_core) StderrLine: {'line': b'      |             \x1b[01;35m\x1b[K^\x1b[m\x1b[K\n'}
[3.747884] (aurora_core) StderrLine: {'line': b'\x1b[01m\x1b[K/home/brown/Projects/MiningRobot/autonomy/ros2_workspace/aurora_core_sl/include/base/include/aurora/../nanoslot/FusionMath.h:535:13:\x1b[m\x1b[K \x1b[01;35m\x1b[Kwarning: \x1b[m\x1b[KC++ designated initializers only available with \xe2\x80\x98\x1b[01m\x1b[K-std=c++20\x1b[m\x1b[K\xe2\x80\x99 or \xe2\x80\x98\x1b[01m\x1b[K-std=gnu++20\x1b[m\x1b[K\xe2\x80\x99 [\x1b[01;35m\x1b[K\x1b]8;;https://gcc.gnu.org/onlinedocs/gcc/Warning-Options.html#index-Wc++20-extensions\x07-Wc++20-extensions\x1b]8;;\x07\x1b[m\x1b[K]\n'}
[3.747977] (aurora_core) StderrLine: {'line': b'  535 |             \x1b[01;35m\x1b[K.\x1b[m\x1b[Kyx = 2.0f * (qxqy + qwqz),\n'}
[3.748083] (aurora_core) StderrLine: {'line': b'      |             \x1b[01;35m\x1b[K^\x1b[m\x1b[K\n'}
[3.748181] (aurora_core) StderrLine: {'line': b'\x1b[01m\x1b[K/home/brown/Projects/MiningRobot/autonomy/ros2_workspace/aurora_core_sl/include/base/include/aurora/../nanoslot/FusionMath.h:536:13:\x1b[m\x1b[K \x1b[01;35m\x1b[Kwarning: \x1b[m\x1b[KC++ designated initializers only available with \xe2\x80\x98\x1b[01m\x1b[K-std=c++20\x1b[m\x1b[K\xe2\x80\x99 or \xe2\x80\x98\x1b[01m\x1b[K-std=gnu++20\x1b[m\x1b[K\xe2\x80\x99 [\x1b[01;35m\x1b[K\x1b]8;;https://gcc.gnu.org/onlinedocs/gcc/Warning-Options.html#index-Wc++20-extensions\x07-Wc++20-extensions\x1b]8;;\x07\x1b[m\x1b[K]\n'}
[3.748274] (aurora_core) StderrLine: {'line': b'  536 |             \x1b[01;35m\x1b[K.\x1b[m\x1b[Kyy = 2.0f * (qwqw - 0.5f + Q.y * Q.y),\n'}
[3.748364] (aurora_core) StderrLine: {'line': b'      |             \x1b[01;35m\x1b[K^\x1b[m\x1b[K\n'}
[3.748452] (aurora_core) StderrLine: {'line': b'\x1b[01m\x1b[K/home/brown/Projects/MiningRobot/autonomy/ros2_workspace/aurora_core_sl/include/base/include/aurora/../nanoslot/FusionMath.h:537:13:\x1b[m\x1b[K \x1b[01;35m\x1b[Kwarning: \x1b[m\x1b[KC++ designated initializers only available with \xe2\x80\x98\x1b[01m\x1b[K-std=c++20\x1b[m\x1b[K\xe2\x80\x99 or \xe2\x80\x98\x1b[01m\x1b[K-std=gnu++20\x1b[m\x1b[K\xe2\x80\x99 [\x1b[01;35m\x1b[K\x1b]8;;https://gcc.gnu.org/onlinedocs/gcc/Warning-Options.html#index-Wc++20-extensions\x07-Wc++20-extensions\x1b]8;;\x07\x1b[m\x1b[K]\n'}
[3.748546] (aurora_core) StderrLine: {'line': b'  537 |             \x1b[01;35m\x1b[K.\x1b[m\x1b[Kyz = 2.0f * (qyqz - qwqx),\n'}
[3.748635] (aurora_core) StderrLine: {'line': b'      |             \x1b[01;35m\x1b[K^\x1b[m\x1b[K\n'}
[3.748723] (aurora_core) StderrLine: {'line': b'\x1b[01m\x1b[K/home/brown/Projects/MiningRobot/autonomy/ros2_workspace/aurora_core_sl/include/base/include/aurora/../nanoslot/FusionMath.h:539:13:\x1b[m\x1b[K \x1b[01;35m\x1b[Kwarning: \x1b[m\x1b[KC++ designated initializers only available with \xe2\x80\x98\x1b[01m\x1b[K-std=c++20\x1b[m\x1b[K\xe2\x80\x99 or \xe2\x80\x98\x1b[01m\x1b[K-std=gnu++20\x1b[m\x1b[K\xe2\x80\x99 [\x1b[01;35m\x1b[K\x1b]8;;https://gcc.gnu.org/onlinedocs/gcc/Warning-Options.html#index-Wc++20-extensions\x07-Wc++20-extensions\x1b]8;;\x07\x1b[m\x1b[K]\n'}
[3.748817] (aurora_core) StderrLine: {'line': b'  539 |             \x1b[01;35m\x1b[K.\x1b[m\x1b[Kzx = 2.0f * (qxqz - qwqy),\n'}
[3.748914] (aurora_core) StderrLine: {'line': b'      |             \x1b[01;35m\x1b[K^\x1b[m\x1b[K\n'}
[3.749003] (aurora_core) StderrLine: {'line': b'\x1b[01m\x1b[K/home/brown/Projects/MiningRobot/autonomy/ros2_workspace/aurora_core_sl/include/base/include/aurora/../nanoslot/FusionMath.h:540:13:\x1b[m\x1b[K \x1b[01;35m\x1b[Kwarning: \x1b[m\x1b[KC++ designated initializers only available with \xe2\x80\x98\x1b[01m\x1b[K-std=c++20\x1b[m\x1b[K\xe2\x80\x99 or \xe2\x80\x98\x1b[01m\x1b[K-std=gnu++20\x1b[m\x1b[K\xe2\x80\x99 [\x1b[01;35m\x1b[K\x1b]8;;https://gcc.gnu.org/onlinedocs/gcc/Warning-Options.html#index-Wc++20-extensions\x07-Wc++20-extensions\x1b]8;;\x07\x1b[m\x1b[K]\n'}
[3.749108] (aurora_core) StderrLine: {'line': b'  540 |             \x1b[01;35m\x1b[K.\x1b[m\x1b[Kzy = 2.0f * (qyqz + qwqx),\n'}
[3.749197] (aurora_core) StderrLine: {'line': b'      |             \x1b[01;35m\x1b[K^\x1b[m\x1b[K\n'}
[3.749286] (aurora_core) StderrLine: {'line': b'\x1b[01m\x1b[K/home/brown/Projects/MiningRobot/autonomy/ros2_workspace/aurora_core_sl/include/base/include/aurora/../nanoslot/FusionMath.h:541:13:\x1b[m\x1b[K \x1b[01;35m\x1b[Kwarning: \x1b[m\x1b[KC++ designated initializers only available with \xe2\x80\x98\x1b[01m\x1b[K-std=c++20\x1b[m\x1b[K\xe2\x80\x99 or \xe2\x80\x98\x1b[01m\x1b[K-std=gnu++20\x1b[m\x1b[K\xe2\x80\x99 [\x1b[01;35m\x1b[K\x1b]8;;https://gcc.gnu.org/onlinedocs/gcc/Warning-Options.html#index-Wc++20-extensions\x07-Wc++20-extensions\x1b]8;;\x07\x1b[m\x1b[K]\n'}
[3.749385] (aurora_core) StderrLine: {'line': b'  541 |             \x1b[01;35m\x1b[K.\x1b[m\x1b[Kzz = 2.0f * (qwqw - 0.5f + Q.z * Q.z),\n'}
[3.749475] (aurora_core) StderrLine: {'line': b'      |             \x1b[01;35m\x1b[K^\x1b[m\x1b[K\n'}
[3.749565] (aurora_core) StderrLine: {'line': b'\x1b[01m\x1b[K/home/brown/Projects/MiningRobot/autonomy/ros2_workspace/aurora_core_sl/include/base/include/aurora/../nanoslot/FusionMath.h:\x1b[m\x1b[K In function \xe2\x80\x98\x1b[01m\x1b[KFusionEuler\x1b[01;32m\x1b[K FusionQuaternionToEuler\x1b[m\x1b[K(FusionQuaternion)\x1b[m\x1b[K\xe2\x80\x99:\n'}
[3.749658] (aurora_core) StderrLine: {'line': b'\x1b[01m\x1b[K/home/brown/Projects/MiningRobot/autonomy/ros2_workspace/aurora_core_sl/include/base/include/aurora/../nanoslot/FusionMath.h:555:32:\x1b[m\x1b[K \x1b[01;35m\x1b[Kwarning: \x1b[m\x1b[KC++ designated initializers only available with \xe2\x80\x98\x1b[01m\x1b[K-std=c++20\x1b[m\x1b[K\xe2\x80\x99 or \xe2\x80\x98\x1b[01m\x1b[K-std=gnu++20\x1b[m\x1b[K\xe2\x80\x99 [\x1b[01;35m\x1b[K\x1b]8;;https://gcc.gnu.org/onlinedocs/gcc/Warning-Options.html#index-Wc++20-extensions\x07-Wc++20-extensions\x1b]8;;\x07\x1b[m\x1b[K]\n'}
[3.749751] (aurora_core) StderrLine: {'line': b'  555 |     const FusionEuler euler = {\x1b[01;35m\x1b[K.\x1b[m\x1b[Kangle = {\n'}
[3.749841] (aurora_core) StderrLine: {'line': b'      |                                \x1b[01;35m\x1b[K^\x1b[m\x1b[K\n'}
[3.749930] (aurora_core) StderrLine: {'line': b'\x1b[01m\x1b[K/home/brown/Projects/MiningRobot/autonomy/ros2_workspace/aurora_core_sl/include/base/include/aurora/../nanoslot/FusionMath.h:556:13:\x1b[m\x1b[K \x1b[01;35m\x1b[Kwarning: \x1b[m\x1b[KC++ designated initializers only available with \xe2\x80\x98\x1b[01m\x1b[K-std=c++20\x1b[m\x1b[K\xe2\x80\x99 or \xe2\x80\x98\x1b[01m\x1b[K-std=gnu++20\x1b[m\x1b[K\xe2\x80\x99 [\x1b[01;35m\x1b[K\x1b]8;;https://gcc.gnu.org/onlinedocs/gcc/Warning-Options.html#index-Wc++20-extensions\x07-Wc++20-extensions\x1b]8;;\x07\x1b[m\x1b[K]\n'}
[3.750024] (aurora_core) StderrLine: {'line': b'  556 |             \x1b[01;35m\x1b[K.\x1b[m\x1b[Kroll = FusionRadiansToDegrees(atan2f(Q.w * Q.x + Q.y * Q.z, halfMinusQySquared - Q.x * Q.x)),\n'}
[3.750115] (aurora_core) StderrLine: {'line': b'      |             \x1b[01;35m\x1b[K^\x1b[m\x1b[K\n'}
[3.750204] (aurora_core) StderrLine: {'line': b'\x1b[01m\x1b[K/home/brown/Projects/MiningRobot/autonomy/ros2_workspace/aurora_core_sl/include/base/include/aurora/../nanoslot/FusionMath.h:557:13:\x1b[m\x1b[K \x1b[01;35m\x1b[Kwarning: \x1b[m\x1b[KC++ designated initializers only available with \xe2\x80\x98\x1b[01m\x1b[K-std=c++20\x1b[m\x1b[K\xe2\x80\x99 or \xe2\x80\x98\x1b[01m\x1b[K-std=gnu++20\x1b[m\x1b[K\xe2\x80\x99 [\x1b[01;35m\x1b[K\x1b]8;;https://gcc.gnu.org/onlinedocs/gcc/Warning-Options.html#index-Wc++20-extensions\x07-Wc++20-extensions\x1b]8;;\x07\x1b[m\x1b[K]\n'}
[3.750307] (aurora_core) StderrLine: {'line': b'  557 |             \x1b[01;35m\x1b[K.\x1b[m\x1b[Kpitch = FusionRadiansToDegrees(FusionAsin(2.0f * (Q.w * Q.y - Q.z * Q.x))),\n'}
[3.750416] (aurora_core) StderrLine: {'line': b'      |             \x1b[01;35m\x1b[K^\x1b[m\x1b[K\n'}
[3.750522] (aurora_core) StderrLine: {'line': b'\x1b[01m\x1b[K/home/brown/Projects/MiningRobot/autonomy/ros2_workspace/aurora_core_sl/include/base/include/aurora/../nanoslot/FusionMath.h:558:13:\x1b[m\x1b[K \x1b[01;35m\x1b[Kwarning: \x1b[m\x1b[KC++ designated initializers only available with \xe2\x80\x98\x1b[01m\x1b[K-std=c++20\x1b[m\x1b[K\xe2\x80\x99 or \xe2\x80\x98\x1b[01m\x1b[K-std=gnu++20\x1b[m\x1b[K\xe2\x80\x99 [\x1b[01;35m\x1b[K\x1b]8;;https://gcc.gnu.org/onlinedocs/gcc/Warning-Options.html#index-Wc++20-extensions\x07-Wc++20-extensions\x1b]8;;\x07\x1b[m\x1b[K]\n'}
[3.750617] (aurora_core) StderrLine: {'line': b'  558 |             \x1b[01;35m\x1b[K.\x1b[m\x1b[Kyaw = FusionRadiansToDegrees(atan2f(Q.w * Q.z + Q.x * Q.y, halfMinusQySquared - Q.z * Q.z)),\n'}
[3.750708] (aurora_core) StderrLine: {'line': b'      |             \x1b[01;35m\x1b[K^\x1b[m\x1b[K\n'}
[3.813548] (-) TimerEvent: {}
[3.913918] (-) TimerEvent: {}
[4.014294] (-) TimerEvent: {}
[4.114694] (-) TimerEvent: {}
[4.215071] (-) TimerEvent: {}
[4.315417] (-) TimerEvent: {}
[4.415768] (-) TimerEvent: {}
[4.516113] (-) TimerEvent: {}
[4.616456] (-) TimerEvent: {}
[4.716799] (-) TimerEvent: {}
[4.817149] (-) TimerEvent: {}
[4.917486] (-) TimerEvent: {}
[4.998701] (aurora_core) StdoutLine: {'line': b'[100%] \x1b[32m\x1b[1mLinking CXX executable aurora_node_core\x1b[0m\n'}
[5.017615] (-) TimerEvent: {}
[5.118006] (-) TimerEvent: {}
[5.218390] (-) TimerEvent: {}
[5.318905] (-) TimerEvent: {}
[5.419277] (-) TimerEvent: {}
[5.519670] (-) TimerEvent: {}
[5.620075] (-) TimerEvent: {}
[5.720459] (-) TimerEvent: {}
[5.820866] (-) TimerEvent: {}
[5.921252] (-) TimerEvent: {}
[6.021649] (-) TimerEvent: {}
[6.122003] (-) TimerEvent: {}
[6.222348] (-) TimerEvent: {}
[6.322713] (-) TimerEvent: {}
[6.423062] (-) TimerEvent: {}
[6.523477] (-) TimerEvent: {}
[6.623881] (-) TimerEvent: {}
[6.724304] (-) TimerEvent: {}
[6.782123] (aurora_core) StdoutLine: {'line': b'[100%] Built target aurora_node_core\n'}
[6.795288] (aurora_core) CommandEnded: {'returncode': 0}
[6.824428] (-) TimerEvent: {}
[6.879189] (aurora_core) JobProgress: {'identifier': 'aurora_core', 'progress': 'install'}
[6.890038] (aurora_core) Command: {'cmd': ['/usr/bin/cmake', '--install', '/home/brown/Projects/MiningRobot/autonomy/ros2_workspace/build/aurora_core'], 'cwd': '/home/brown/Projects/MiningRobot/autonomy/ros2_workspace/build/aurora_core', 'env': OrderedDict([('SHELL', '/bin/bash'), ('ROS_VERSION', '2'), ('WINDOWID', '1'), ('COLORTERM', 'truecolor'), ('XDG_CONFIG_DIRS', '/home/brown/.config/kdedefaults:/etc/xdg'), ('KGLOBALACCELD_PLATFORM', 'org.kde.kwin'), ('TERM_PROGRAM_VERSION', '3.3a'), ('TMUX', '/tmp/tmux-1000/default,1806,0'), ('PKG_CONFIG_PATH', '/opt/ros/humble/lib/pkgconfig'), ('ROS_PYTHON_VERSION', '3'), ('LANGUAGE', ''), ('SHELL_SESSION_ID', 'adab33755f16428db603933a933b68e7'), ('MEMORY_PRESSURE_WRITE', 'c29tZSAyMDAwMDAgMjAwMDAwMAA='), ('XCURSOR_SIZE', '24'), ('EDITOR', '/usr/bin/nvim'), ('XDG_SEAT', 'seat0'), ('PWD', '/home/brown/Projects/MiningRobot/autonomy/ros2_workspace/build/aurora_core'), ('LOGNAME', 'brown'), ('XDG_SESSION_TYPE', 'wayland'), ('SYSTEMD_EXEC_PID', '506'), ('XAUTHORITY', '/run/user/1000/xauth_qwjjoz'), ('MOTD_SHOWN', 'pam'), ('HOME', '/home/brown'), ('LANG', 'C.UTF-8'), ('XDG_CURRENT_DESKTOP', 'KDE'), ('KONSOLE_DBUS_SERVICE', ':1.86'), ('MEMORY_PRESSURE_WATCH', '/sys/fs/cgroup/user.slice/user-1000.slice/user@1000.service/session.slice/plasma-kwin_wayland.service/memory.pressure'), ('WAYLAND_DISPLAY', 'wayland-0'), ('KONSOLE_DBUS_SESSION', '/Sessions/2'), ('PROFILEHOME', ''), ('AMENT_PREFIX_PATH', '/home/brown/Projects/MiningRobot/autonomy/ros2_workspace/install/aurora_core:/home/brown/Projects/MiningRobot/autonomy/ros2_workspace/install/ros2_ouster:/home/brown/Projects/MiningRobot/autonomy/ros2_workspace/install/perception_pcl:/home/brown/Projects/MiningRobot/autonomy/ros2_workspace/install/pcl_ros:/home/brown/Projects/MiningRobot/autonomy/ros2_workspace/install/pcl_conversions:/home/brown/Projects/MiningRobot/autonomy/ros2_workspace/install/pcl_msgs:/home/brown/Projects/MiningRobot/autonomy/ros2_workspace/install/ouster_msgs:/opt/ros/humble'), ('CMAKE_PREFIX_PATH', '/home/brown/Projects/MiningRobot/autonomy/ros2_workspace/install/ros2_ouster:/home/brown/Projects/MiningRobot/autonomy/ros2_workspace/install/pcl_conversions:/home/brown/Projects/MiningRobot/autonomy/ros2_workspace/install/pcl_msgs:/home/brown/Projects/MiningRobot/autonomy/ros2_workspace/install/ouster_msgs:/home/brown/Projects/MiningRobot/autonomy/ros2_workspace/install/aurora_core:/home/brown/Projects/MiningRobot/autonomy/ros2_workspace/install/perception_pcl:/home/brown/Projects/MiningRobot/autonomy/ros2_workspace/install/pcl_ros:/opt/ros/humble'), ('COLCON_PREFIX_PATH', '/home/brown/Projects/MiningRobot/autonomy/ros2_workspace/install:/opt/ros/humble'), ('INVOCATION_ID', '0451ff8a5b7f45339296dc187b8cbfb5'), ('KONSOLE_VERSION', '230801'), ('MANAGERPID', '465'), ('KDE_SESSION_UID', '1000'), ('XDG_ACTIVATION_TOKEN', 'kwin-2'), ('XDG_SESSION_CLASS', 'user'), ('PYTHONPATH', '/home/brown/Projects/MiningRobot/autonomy/ros2_workspace/install/pcl_msgs/lib/python3.11/site-packages:/home/brown/Projects/MiningRobot/autonomy/ros2_workspace/install/ouster_msgs/lib/python3.11/site-packages:/home/brown/.cache/yay/ros2-humble/src/install/lib/python3.11/dist-packages:/opt/ros/humble/lib/python3.11/site-packages'), ('COLCON', '1'), ('TERM', 'xterm-256color'), ('USER', 'brown'), ('TMUX_PANE', '%9'), ('CUDA_PATH', '/opt/cuda'), ('COLORFGBG', '15;0'), ('PLASMA_USE_QT_SCALING', '1'), ('KDE_SESSION_VERSION', '5'), ('QT_WAYLAND_FORCE_DPI', '96'), ('DISPLAY', ':0'), ('SHLVL', '3'), ('XDG_VTNR', '1'), ('XDG_SESSION_ID', '1'), ('LD_LIBRARY_PATH', '/home/brown/Projects/MiningRobot/autonomy/ros2_workspace/install/ros2_ouster/lib:/home/brown/Projects/MiningRobot/autonomy/ros2_workspace/install/pcl_msgs/lib:/home/brown/Projects/MiningRobot/autonomy/ros2_workspace/install/ouster_msgs/lib:/home/brown/Projects/MiningRobot/autonomy/ros2_workspace/install/pcl_ros/lib:/opt/ros/humble/opt/yaml_cpp_vendor/lib:/opt/ros/humble/opt/rviz_ogre_vendor/lib:/opt/ros/humble/lib'), ('XDG_RUNTIME_DIR', '/run/user/1000'), ('ROS_LOCALHOST_ONLY', '0'), ('DEBUGINFOD_URLS', 'https://debuginfod.archlinux.org'), ('QT_AUTO_SCREEN_SCALE_FACTOR', '0'), ('JOURNAL_STREAM', '8:14885'), ('XCURSOR_THEME', 'breeze_cursors'), ('XDG_DATA_DIRS', '/home/brown/.local/share/flatpak/exports/share:/var/lib/flatpak/exports/share:/usr/local/share/:/usr/share/'), ('KDE_FULL_SESSION', 'true'), ('QSG_RENDER_LOOP', 'basic'), ('PATH', '/opt/ros/humble/bin:/home/brown/.local/bin:/home/brown/.local/bin:/home/brown/.local/bin:/usr/local/sbin:/usr/local/bin:/usr/bin:/opt/cuda/bin:/opt/cuda/nsight_compute:/opt/cuda/nsight_systems/bin:/var/lib/flatpak/exports/bin:/usr/lib/jvm/default/bin:/usr/bin/site_perl:/usr/bin/vendor_perl:/usr/bin/core_perl:/opt/cuda/bin:/opt/cuda/nsight_compute:/opt/cuda/nsight_systems/bin'), ('DBUS_SESSION_BUS_ADDRESS', 'unix:path=/run/user/1000/bus'), ('KDE_APPLICATIONS_AS_SCOPE', '1'), ('MAIL', '/var/spool/mail/brown'), ('ROS_DISTRO', 'humble'), ('OLDPWD', '/home/brown'), ('TERM_PROGRAM', 'tmux'), ('KONSOLE_DBUS_WINDOW', '/Windows/1'), ('_', '/usr/bin/env')]), 'shell': False}
[6.900138] (aurora_core) StdoutLine: {'line': b'-- Install configuration: ""\n'}
[6.900982] (aurora_core) StdoutLine: {'line': b'-- Installing: /home/brown/Projects/MiningRobot/autonomy/ros2_workspace/install/aurora_core/lib/aurora_core/aurora_node_core\n'}
[6.902840] (aurora_core) StdoutLine: {'line': b'-- Set runtime path of "/home/brown/Projects/MiningRobot/autonomy/ros2_workspace/install/aurora_core/lib/aurora_core/aurora_node_core" to ""\n'}
[6.903157] (aurora_core) StdoutLine: {'line': b'-- Up-to-date: /home/brown/Projects/MiningRobot/autonomy/ros2_workspace/install/aurora_core/share/ament_index/resource_index/package_run_dependencies/aurora_core\n'}
[6.903333] (aurora_core) StdoutLine: {'line': b'-- Up-to-date: /home/brown/Projects/MiningRobot/autonomy/ros2_workspace/install/aurora_core/share/ament_index/resource_index/parent_prefix_path/aurora_core\n'}
[6.903538] (aurora_core) StdoutLine: {'line': b'-- Up-to-date: /home/brown/Projects/MiningRobot/autonomy/ros2_workspace/install/aurora_core/share/aurora_core/environment/ament_prefix_path.sh\n'}
[6.903756] (aurora_core) StdoutLine: {'line': b'-- Up-to-date: /home/brown/Projects/MiningRobot/autonomy/ros2_workspace/install/aurora_core/share/aurora_core/environment/ament_prefix_path.dsv\n'}
[6.903856] (aurora_core) StdoutLine: {'line': b'-- Up-to-date: /home/brown/Projects/MiningRobot/autonomy/ros2_workspace/install/aurora_core/share/aurora_core/environment/path.sh\n'}
[6.903953] (aurora_core) StdoutLine: {'line': b'-- Up-to-date: /home/brown/Projects/MiningRobot/autonomy/ros2_workspace/install/aurora_core/share/aurora_core/environment/path.dsv\n'}
[6.904078] (aurora_core) StdoutLine: {'line': b'-- Up-to-date: /home/brown/Projects/MiningRobot/autonomy/ros2_workspace/install/aurora_core/share/aurora_core/local_setup.bash\n'}
[6.904299] (aurora_core) StdoutLine: {'line': b'-- Up-to-date: /home/brown/Projects/MiningRobot/autonomy/ros2_workspace/install/aurora_core/share/aurora_core/local_setup.sh\n'}
[6.904457] (aurora_core) StdoutLine: {'line': b'-- Up-to-date: /home/brown/Projects/MiningRobot/autonomy/ros2_workspace/install/aurora_core/share/aurora_core/local_setup.zsh\n'}
[6.904556] (aurora_core) StdoutLine: {'line': b'-- Up-to-date: /home/brown/Projects/MiningRobot/autonomy/ros2_workspace/install/aurora_core/share/aurora_core/local_setup.dsv\n'}
[6.904650] (aurora_core) StdoutLine: {'line': b'-- Installing: /home/brown/Projects/MiningRobot/autonomy/ros2_workspace/install/aurora_core/share/aurora_core/package.dsv\n'}
[6.904761] (aurora_core) StdoutLine: {'line': b'-- Up-to-date: /home/brown/Projects/MiningRobot/autonomy/ros2_workspace/install/aurora_core/share/ament_index/resource_index/packages/aurora_core\n'}
[6.904861] (aurora_core) StdoutLine: {'line': b'-- Up-to-date: /home/brown/Projects/MiningRobot/autonomy/ros2_workspace/install/aurora_core/share/aurora_core/cmake/aurora_coreConfig.cmake\n'}
[6.904954] (aurora_core) StdoutLine: {'line': b'-- Up-to-date: /home/brown/Projects/MiningRobot/autonomy/ros2_workspace/install/aurora_core/share/aurora_core/cmake/aurora_coreConfig-version.cmake\n'}
[6.905047] (aurora_core) StdoutLine: {'line': b'-- Up-to-date: /home/brown/Projects/MiningRobot/autonomy/ros2_workspace/install/aurora_core/share/aurora_core/package.xml\n'}
[6.906066] (aurora_core) CommandEnded: {'returncode': 0}
[6.924919] (-) TimerEvent: {}
[7.025302] (-) TimerEvent: {}
[7.125706] (-) TimerEvent: {}
[7.207188] (aurora_core) JobEnded: {'identifier': 'aurora_core', 'rc': 0}
[7.218441] (-) EventReactorShutdown: {}
