[0.155s] Invoking command in '/home/brown/Projects/MiningRobot/autonomy/ros2_workspace/build/ouster_msgs': _=/usr/bin/env /usr/bin/cmake /home/brown/Projects/MiningRobot/autonomy/ros2_workspace/src/ros2_ouster_drivers/ouster_msgs -DCMAKE_INSTALL_PREFIX=/home/brown/Projects/MiningRobot/autonomy/ros2_workspace/install/ouster_msgs
[0.369s] -- The C compiler identification is GNU 13.2.1
[0.509s] -- The CXX compiler identification is GNU 13.2.1
[0.543s] -- Detecting C compiler ABI info
[0.677s] -- Detecting C compiler ABI info - done
[0.699s] -- Check for working C compiler: /usr/bin/cc - skipped
[0.699s] -- Detecting C compile features
[0.700s] -- Detecting C compile features - done
[0.723s] -- Detecting CXX compiler ABI info
[0.936s] -- Detecting CXX compiler ABI info - done
[0.958s] -- Check for working CXX compiler: /usr/bin/c++ - skipped
[0.959s] -- Detecting CXX compile features
[0.960s] -- Detecting CXX compile features - done
[0.982s] -- Found ament_cmake: 1.3.5 (/opt/ros/humble/share/ament_cmake/cmake)
[1.953s] -- Found Python3: /usr/bin/python3.11 (found version "3.11.5") found components: Interpreter 
[2.170s] -- Found builtin_interfaces: 1.2.1 (/opt/ros/humble/share/builtin_interfaces/cmake)
[2.254s] -- Found rosidl_generator_c: 3.1.5 (/opt/ros/humble/share/rosidl_generator_c/cmake)
[2.263s] -- Found rosidl_adapter: 3.1.5 (/opt/ros/humble/share/rosidl_adapter/cmake)
[2.280s] -- Found rosidl_generator_cpp: 3.1.5 (/opt/ros/humble/share/rosidl_generator_cpp/cmake)
[2.326s] -- Using all available rosidl_typesupport_c: rosidl_typesupport_fastrtps_c;rosidl_typesupport_introspection_c
[2.386s] -- Using all available rosidl_typesupport_cpp: rosidl_typesupport_fastrtps_cpp;rosidl_typesupport_introspection_cpp
[2.441s] -- Found rosidl_default_generators: 1.2.0 (/opt/ros/humble/share/rosidl_default_generators/cmake)
[2.471s] -- Found std_msgs: 4.2.3 (/opt/ros/humble/share/std_msgs/cmake)
[3.308s] -- Found ament_cmake_ros: 0.10.0 (/opt/ros/humble/share/ament_cmake_ros/cmake)
[4.680s] -- Using all available rosidl_typesupport_c: rosidl_typesupport_fastrtps_c;rosidl_typesupport_introspection_c
[5.235s] -- Using all available rosidl_typesupport_cpp: rosidl_typesupport_fastrtps_cpp;rosidl_typesupport_introspection_cpp
[5.240s] [33mCMake Warning (dev) at /opt/ros/humble/share/rosidl_generator_py/cmake/rosidl_generator_py_generate_interfaces.cmake:20 (find_package):
[5.240s]   Policy CMP0148 is not set: The FindPythonInterp and FindPythonLibs modules
[5.240s]   are removed.  Run "cmake --help-policy CMP0148" for policy details.  Use
[5.240s]   the cmake_policy command to set the policy and suppress this warning.
[5.241s] 
[5.241s] Call Stack (most recent call first):
[5.241s]   /opt/ros/humble/share/ament_cmake_core/cmake/core/ament_execute_extensions.cmake:48 (include)
[5.241s]   /opt/ros/humble/share/rosidl_cmake/cmake/rosidl_generate_interfaces.cmake:286 (ament_execute_extensions)
[5.241s]   CMakeLists.txt:9 (rosidl_generate_interfaces)
[5.241s] This warning is for project developers.  Use -Wno-dev to suppress it.
[5.242s] [0m
[5.278s] -- Found PythonInterp: /usr/bin/python3 (found suitable version "3.11.5", minimum required is "3.6") 
[5.282s] -- Found python_cmake_module: 0.10.0 (/opt/ros/humble/share/python_cmake_module/cmake)
[5.283s] [33mCMake Warning (dev) at /opt/ros/humble/share/python_cmake_module/cmake/Modules/FindPythonExtra.cmake:52 (find_package):
[5.283s]   Policy CMP0148 is not set: The FindPythonInterp and FindPythonLibs modules
[5.283s]   are removed.  Run "cmake --help-policy CMP0148" for policy details.  Use
[5.283s]   the cmake_policy command to set the policy and suppress this warning.
[5.284s] 
[5.284s] Call Stack (most recent call first):
[5.284s]   /opt/ros/humble/share/rosidl_generator_py/cmake/rosidl_generator_py_generate_interfaces.cmake:23 (find_package)
[5.284s]   /opt/ros/humble/share/ament_cmake_core/cmake/core/ament_execute_extensions.cmake:48 (include)
[5.284s]   /opt/ros/humble/share/rosidl_cmake/cmake/rosidl_generate_interfaces.cmake:286 (ament_execute_extensions)
[5.284s]   CMakeLists.txt:9 (rosidl_generate_interfaces)
[5.285s] This warning is for project developers.  Use -Wno-dev to suppress it.
[5.285s] [0m
[5.316s] [33mCMake Warning (dev) at /opt/ros/humble/share/python_cmake_module/cmake/Modules/FindPythonExtra.cmake:140 (find_package):
[5.316s]   Policy CMP0148 is not set: The FindPythonInterp and FindPythonLibs modules
[5.316s]   are removed.  Run "cmake --help-policy CMP0148" for policy details.  Use
[5.316s]   the cmake_policy command to set the policy and suppress this warning.
[5.317s] 
[5.317s] Call Stack (most recent call first):
[5.317s]   /opt/ros/humble/share/rosidl_generator_py/cmake/rosidl_generator_py_generate_interfaces.cmake:23 (find_package)
[5.317s]   /opt/ros/humble/share/ament_cmake_core/cmake/core/ament_execute_extensions.cmake:48 (include)
[5.317s]   /opt/ros/humble/share/rosidl_cmake/cmake/rosidl_generate_interfaces.cmake:286 (ament_execute_extensions)
[5.317s]   CMakeLists.txt:9 (rosidl_generate_interfaces)
[5.317s] This warning is for project developers.  Use -Wno-dev to suppress it.
[5.317s] [0m
[5.331s] -- Found PythonLibs: /usr/lib/libpython3.11.so (found suitable version "3.11.5", minimum required is "3.5") 
[5.331s] -- Using PYTHON_EXECUTABLE: /usr/bin/python3
[5.331s] -- Using PYTHON_INCLUDE_DIRS: /usr/include/python3.11
[5.332s] -- Using PYTHON_LIBRARIES: /usr/lib/libpython3.11.so
[5.362s] -- Found PythonExtra: .so  
[5.736s] -- Using numpy include directory: /usr/lib/python3.11/site-packages/numpy/core/include
[5.816s] -- Configuring done (5.6s)
[5.880s] -- Generating done (0.0s)
[5.884s] -- Build files have been written to: /home/brown/Projects/MiningRobot/autonomy/ros2_workspace/build/ouster_msgs
[5.895s] Invoked command in '/home/brown/Projects/MiningRobot/autonomy/ros2_workspace/build/ouster_msgs' returned '0': _=/usr/bin/env /usr/bin/cmake /home/brown/Projects/MiningRobot/autonomy/ros2_workspace/src/ros2_ouster_drivers/ouster_msgs -DCMAKE_INSTALL_PREFIX=/home/brown/Projects/MiningRobot/autonomy/ros2_workspace/install/ouster_msgs
[5.898s] Invoking command in '/home/brown/Projects/MiningRobot/autonomy/ros2_workspace/build/ouster_msgs': _=/usr/bin/env /usr/bin/cmake --build /home/brown/Projects/MiningRobot/autonomy/ros2_workspace/build/ouster_msgs -- -j4 -l4
[5.966s] [  2%] [34m[1mGenerating C code for ROS interfaces[0m
[5.995s] [  5%] [34m[1mGenerating C++ code for ROS interfaces[0m
[6.010s] [  5%] Built target ament_cmake_python_copy_ouster_msgs
[6.619s] running egg_info
[6.625s] creating ouster_msgs.egg-info
[6.669s] writing ouster_msgs.egg-info/PKG-INFO
[6.670s] writing dependency_links to ouster_msgs.egg-info/dependency_links.txt
[6.671s] writing top-level names to ouster_msgs.egg-info/top_level.txt
[6.671s] writing manifest file 'ouster_msgs.egg-info/SOURCES.txt'
[6.832s] reading manifest file 'ouster_msgs.egg-info/SOURCES.txt'
[6.833s] writing manifest file 'ouster_msgs.egg-info/SOURCES.txt'
[6.919s] [  5%] Built target ament_cmake_python_build_ouster_msgs_egg
[6.954s] [  5%] Built target ouster_msgs__cpp
[6.981s] [  7%] [34m[1mGenerating C++ introspection for ROS interfaces[0m
[7.027s] [ 10%] [32mBuilding C object CMakeFiles/ouster_msgs__rosidl_generator_c.dir/rosidl_generator_c/ouster_msgs/srv/detail/get_metadata__functions.c.o[0m
[7.211s] [ 12%] [32mBuilding C object CMakeFiles/ouster_msgs__rosidl_generator_c.dir/rosidl_generator_c/ouster_msgs/msg/detail/metadata__functions.c.o[0m
[7.353s] [ 15%] [32m[1mLinking C shared library libouster_msgs__rosidl_generator_c.so[0m
[7.452s] [ 15%] Built target ouster_msgs__rosidl_generator_c
[7.602s] [ 17%] [32mBuilding CXX object CMakeFiles/ouster_msgs__rosidl_typesupport_introspection_cpp.dir/rosidl_typesupport_introspection_cpp/ouster_msgs/srv/detail/get_metadata__type_support.cpp.o[0m
[8.375s] [ 20%] [32mBuilding CXX object CMakeFiles/ouster_msgs__rosidl_typesupport_introspection_cpp.dir/rosidl_typesupport_introspection_cpp/ouster_msgs/msg/detail/metadata__type_support.cpp.o[0m
[8.606s] [ 23%] [34m[1mGenerating C introspection for ROS interfaces[0m
[9.414s] [ 25%] [32mBuilding C object CMakeFiles/ouster_msgs__rosidl_typesupport_introspection_c.dir/rosidl_typesupport_introspection_c/ouster_msgs/srv/detail/get_metadata__type_support.c.o[0m
[9.505s] [ 28%] [32m[1mLinking CXX shared library libouster_msgs__rosidl_typesupport_introspection_cpp.so[0m
[9.524s] [ 30%] [32mBuilding C object CMakeFiles/ouster_msgs__rosidl_typesupport_introspection_c.dir/rosidl_typesupport_introspection_c/ouster_msgs/msg/detail/metadata__type_support.c.o[0m
[9.661s] [ 33%] [32m[1mLinking C shared library libouster_msgs__rosidl_typesupport_introspection_c.so[0m
[9.689s] [ 33%] Built target ouster_msgs__rosidl_typesupport_introspection_cpp
[9.743s] [ 33%] Built target ouster_msgs__rosidl_typesupport_introspection_c
[9.753s] [ 35%] [34m[1mGenerating C type support dispatch for ROS interfaces[0m
[10.374s] [ 38%] [32mBuilding CXX object CMakeFiles/ouster_msgs__rosidl_typesupport_c.dir/rosidl_typesupport_c/ouster_msgs/srv/get_metadata__type_support.cpp.o[0m
[10.485s] [ 41%] [32mBuilding CXX object CMakeFiles/ouster_msgs__rosidl_typesupport_c.dir/rosidl_typesupport_c/ouster_msgs/msg/metadata__type_support.cpp.o[0m
[10.614s] [ 43%] [32m[1mLinking CXX shared library libouster_msgs__rosidl_typesupport_c.so[0m
[10.876s] [ 43%] Built target ouster_msgs__rosidl_typesupport_c
[10.908s] [ 46%] [34m[1mGenerating C type support for eProsima Fast-RTPS[0m
[11.900s] [ 48%] [32mBuilding CXX object CMakeFiles/ouster_msgs__rosidl_typesupport_fastrtps_c.dir/rosidl_typesupport_fastrtps_c/ouster_msgs/srv/detail/get_metadata__type_support_c.cpp.o[0m
[13.430s] [ 51%] [32mBuilding CXX object CMakeFiles/ouster_msgs__rosidl_typesupport_fastrtps_c.dir/rosidl_typesupport_fastrtps_c/ouster_msgs/msg/detail/metadata__type_support_c.cpp.o[0m
[14.741s] [ 53%] [32m[1mLinking CXX shared library libouster_msgs__rosidl_typesupport_fastrtps_c.so[0m
[14.928s] [ 53%] Built target ouster_msgs__rosidl_typesupport_fastrtps_c
[14.958s] [ 56%] [34m[1mGenerating C++ type support for eProsima Fast-RTPS[0m
[15.845s] [ 58%] [32mBuilding CXX object CMakeFiles/ouster_msgs__rosidl_typesupport_fastrtps_cpp.dir/rosidl_typesupport_fastrtps_cpp/ouster_msgs/srv/detail/dds_fastrtps/get_metadata__type_support.cpp.o[0m
[17.168s] [ 61%] [32mBuilding CXX object CMakeFiles/ouster_msgs__rosidl_typesupport_fastrtps_cpp.dir/rosidl_typesupport_fastrtps_cpp/ouster_msgs/msg/detail/dds_fastrtps/metadata__type_support.cpp.o[0m
[18.607s] [ 64%] [32m[1mLinking CXX shared library libouster_msgs__rosidl_typesupport_fastrtps_cpp.so[0m
[18.749s] [ 64%] Built target ouster_msgs__rosidl_typesupport_fastrtps_cpp
[18.779s] [ 66%] [34m[1mGenerating C++ type support dispatch for ROS interfaces[0m
[19.621s] [ 69%] [32mBuilding CXX object CMakeFiles/ouster_msgs__rosidl_typesupport_cpp.dir/rosidl_typesupport_cpp/ouster_msgs/srv/get_metadata__type_support.cpp.o[0m
[20.489s] [ 71%] [32mBuilding CXX object CMakeFiles/ouster_msgs__rosidl_typesupport_cpp.dir/rosidl_typesupport_cpp/ouster_msgs/msg/metadata__type_support.cpp.o[0m
[21.223s] [ 74%] [32m[1mLinking CXX shared library libouster_msgs__rosidl_typesupport_cpp.so[0m
[21.340s] [ 74%] Built target ouster_msgs__rosidl_typesupport_cpp
[21.377s] [ 74%] Built target ouster_msgs
[21.417s] [ 76%] [34m[1mGenerating Python code for ROS interfaces[0m
[22.350s] [ 76%] Built target ouster_msgs__py
[22.405s] [ 79%] [32mBuilding C object CMakeFiles/ouster_msgs__rosidl_generator_py.dir/rosidl_generator_py/ouster_msgs/msg/_metadata_s.c.o[0m
[22.410s] [ 82%] [32mBuilding C object CMakeFiles/ouster_msgs__rosidl_generator_py.dir/rosidl_generator_py/ouster_msgs/srv/_get_metadata_s.c.o[0m
[22.959s] [ 84%] [32m[1mLinking C shared library rosidl_generator_py/ouster_msgs/libouster_msgs__rosidl_generator_py.so[0m
[23.029s] [ 84%] Built target ouster_msgs__rosidl_generator_py
[23.082s] [ 89%] [32mBuilding C object CMakeFiles/ouster_msgs__rosidl_typesupport_introspection_c__pyext.dir/rosidl_generator_py/ouster_msgs/_ouster_msgs_s.ep.rosidl_typesupport_introspection_c.c.o[0m
[23.082s] [ 89%] [32mBuilding C object CMakeFiles/ouster_msgs__rosidl_typesupport_fastrtps_c__pyext.dir/rosidl_generator_py/ouster_msgs/_ouster_msgs_s.ep.rosidl_typesupport_fastrtps_c.c.o[0m
[23.084s] [ 92%] [32mBuilding C object CMakeFiles/ouster_msgs__rosidl_typesupport_c__pyext.dir/rosidl_generator_py/ouster_msgs/_ouster_msgs_s.ep.rosidl_typesupport_c.c.o[0m
[23.410s] [ 94%] [32m[1mLinking C shared library rosidl_generator_py/ouster_msgs/ouster_msgs_s__rosidl_typesupport_fastrtps_c.cpython-311-x86_64-linux-gnu.so[0m
[23.422s] [ 97%] [32m[1mLinking C shared library rosidl_generator_py/ouster_msgs/ouster_msgs_s__rosidl_typesupport_introspection_c.cpython-311-x86_64-linux-gnu.so[0m
[23.437s] [100%] [32m[1mLinking C shared library rosidl_generator_py/ouster_msgs/ouster_msgs_s__rosidl_typesupport_c.cpython-311-x86_64-linux-gnu.so[0m
[23.525s] [100%] Built target ouster_msgs__rosidl_typesupport_fastrtps_c__pyext
[23.540s] [100%] Built target ouster_msgs__rosidl_typesupport_introspection_c__pyext
[23.544s] [100%] Built target ouster_msgs__rosidl_typesupport_c__pyext
[23.563s] Invoked command in '/home/brown/Projects/MiningRobot/autonomy/ros2_workspace/build/ouster_msgs' returned '0': _=/usr/bin/env /usr/bin/cmake --build /home/brown/Projects/MiningRobot/autonomy/ros2_workspace/build/ouster_msgs -- -j4 -l4
[24.100s] Invoking command in '/home/brown/Projects/MiningRobot/autonomy/ros2_workspace/build/ouster_msgs': _=/usr/bin/env /usr/bin/cmake --install /home/brown/Projects/MiningRobot/autonomy/ros2_workspace/build/ouster_msgs
[24.119s] -- Install configuration: ""
[24.130s] -- Installing: /home/brown/Projects/MiningRobot/autonomy/ros2_workspace/install/ouster_msgs/share/ament_index/resource_index/rosidl_interfaces/ouster_msgs
[24.132s] -- Up-to-date: /home/brown/Projects/MiningRobot/autonomy/ros2_workspace/install/ouster_msgs/include/ouster_msgs/ouster_msgs
[24.132s] -- Up-to-date: /home/brown/Projects/MiningRobot/autonomy/ros2_workspace/install/ouster_msgs/include/ouster_msgs/ouster_msgs/srv
[24.133s] -- Up-to-date: /home/brown/Projects/MiningRobot/autonomy/ros2_workspace/install/ouster_msgs/include/ouster_msgs/ouster_msgs/srv/detail
[24.134s] -- Installing: /home/brown/Projects/MiningRobot/autonomy/ros2_workspace/install/ouster_msgs/include/ouster_msgs/ouster_msgs/srv/detail/get_metadata__type_support.h
[24.134s] -- Installing: /home/brown/Projects/MiningRobot/autonomy/ros2_workspace/install/ouster_msgs/include/ouster_msgs/ouster_msgs/srv/detail/get_metadata__functions.h
[24.136s] -- Installing: /home/brown/Projects/MiningRobot/autonomy/ros2_workspace/install/ouster_msgs/include/ouster_msgs/ouster_msgs/srv/detail/get_metadata__functions.c
[24.136s] -- Installing: /home/brown/Projects/MiningRobot/autonomy/ros2_workspace/install/ouster_msgs/include/ouster_msgs/ouster_msgs/srv/detail/get_metadata__struct.h
[24.137s] -- Installing: /home/brown/Projects/MiningRobot/autonomy/ros2_workspace/install/ouster_msgs/include/ouster_msgs/ouster_msgs/srv/get_metadata.h
[24.137s] -- Up-to-date: /home/brown/Projects/MiningRobot/autonomy/ros2_workspace/install/ouster_msgs/include/ouster_msgs/ouster_msgs/msg
[24.138s] -- Up-to-date: /home/brown/Projects/MiningRobot/autonomy/ros2_workspace/install/ouster_msgs/include/ouster_msgs/ouster_msgs/msg/detail
[24.138s] -- Installing: /home/brown/Projects/MiningRobot/autonomy/ros2_workspace/install/ouster_msgs/include/ouster_msgs/ouster_msgs/msg/detail/metadata__functions.h
[24.140s] -- Installing: /home/brown/Projects/MiningRobot/autonomy/ros2_workspace/install/ouster_msgs/include/ouster_msgs/ouster_msgs/msg/detail/metadata__struct.h
[24.140s] -- Installing: /home/brown/Projects/MiningRobot/autonomy/ros2_workspace/install/ouster_msgs/include/ouster_msgs/ouster_msgs/msg/detail/metadata__type_support.h
[24.141s] -- Installing: /home/brown/Projects/MiningRobot/autonomy/ros2_workspace/install/ouster_msgs/include/ouster_msgs/ouster_msgs/msg/detail/metadata__functions.c
[24.141s] -- Installing: /home/brown/Projects/MiningRobot/autonomy/ros2_workspace/install/ouster_msgs/include/ouster_msgs/ouster_msgs/msg/metadata.h
[24.142s] -- Installing: /home/brown/Projects/MiningRobot/autonomy/ros2_workspace/install/ouster_msgs/include/ouster_msgs/ouster_msgs/msg/rosidl_generator_c__visibility_control.h
[24.143s] -- Up-to-date: /home/brown/Projects/MiningRobot/autonomy/ros2_workspace/install/ouster_msgs/share/ouster_msgs/environment/library_path.sh
[24.143s] -- Installing: /home/brown/Projects/MiningRobot/autonomy/ros2_workspace/install/ouster_msgs/share/ouster_msgs/environment/library_path.dsv
[24.145s] -- Installing: /home/brown/Projects/MiningRobot/autonomy/ros2_workspace/install/ouster_msgs/lib/libouster_msgs__rosidl_generator_c.so
[24.147s] -- Set runtime path of "/home/brown/Projects/MiningRobot/autonomy/ros2_workspace/install/ouster_msgs/lib/libouster_msgs__rosidl_generator_c.so" to ""
[24.148s] -- Up-to-date: /home/brown/Projects/MiningRobot/autonomy/ros2_workspace/install/ouster_msgs/include/ouster_msgs/ouster_msgs
[24.148s] -- Up-to-date: /home/brown/Projects/MiningRobot/autonomy/ros2_workspace/install/ouster_msgs/include/ouster_msgs/ouster_msgs/srv
[24.148s] -- Up-to-date: /home/brown/Projects/MiningRobot/autonomy/ros2_workspace/install/ouster_msgs/include/ouster_msgs/ouster_msgs/srv/detail
[24.149s] -- Installing: /home/brown/Projects/MiningRobot/autonomy/ros2_workspace/install/ouster_msgs/include/ouster_msgs/ouster_msgs/srv/detail/get_metadata__rosidl_typesupport_fastrtps_c.h
[24.149s] -- Up-to-date: /home/brown/Projects/MiningRobot/autonomy/ros2_workspace/install/ouster_msgs/include/ouster_msgs/ouster_msgs/msg
[24.150s] -- Up-to-date: /home/brown/Projects/MiningRobot/autonomy/ros2_workspace/install/ouster_msgs/include/ouster_msgs/ouster_msgs/msg/detail
[24.150s] -- Installing: /home/brown/Projects/MiningRobot/autonomy/ros2_workspace/install/ouster_msgs/include/ouster_msgs/ouster_msgs/msg/detail/metadata__rosidl_typesupport_fastrtps_c.h
[24.151s] -- Installing: /home/brown/Projects/MiningRobot/autonomy/ros2_workspace/install/ouster_msgs/include/ouster_msgs/ouster_msgs/msg/rosidl_typesupport_fastrtps_c__visibility_control.h
[24.152s] -- Installing: /home/brown/Projects/MiningRobot/autonomy/ros2_workspace/install/ouster_msgs/lib/libouster_msgs__rosidl_typesupport_fastrtps_c.so
[24.154s] -- Set runtime path of "/home/brown/Projects/MiningRobot/autonomy/ros2_workspace/install/ouster_msgs/lib/libouster_msgs__rosidl_typesupport_fastrtps_c.so" to ""
[24.154s] -- Up-to-date: /home/brown/Projects/MiningRobot/autonomy/ros2_workspace/install/ouster_msgs/include/ouster_msgs/ouster_msgs
[24.155s] -- Up-to-date: /home/brown/Projects/MiningRobot/autonomy/ros2_workspace/install/ouster_msgs/include/ouster_msgs/ouster_msgs/srv
[24.155s] -- Up-to-date: /home/brown/Projects/MiningRobot/autonomy/ros2_workspace/install/ouster_msgs/include/ouster_msgs/ouster_msgs/srv/detail
[24.155s] -- Installing: /home/brown/Projects/MiningRobot/autonomy/ros2_workspace/install/ouster_msgs/include/ouster_msgs/ouster_msgs/srv/detail/get_metadata__builder.hpp
[24.156s] -- Installing: /home/brown/Projects/MiningRobot/autonomy/ros2_workspace/install/ouster_msgs/include/ouster_msgs/ouster_msgs/srv/detail/get_metadata__struct.hpp
[24.157s] -- Installing: /home/brown/Projects/MiningRobot/autonomy/ros2_workspace/install/ouster_msgs/include/ouster_msgs/ouster_msgs/srv/detail/get_metadata__traits.hpp
[24.157s] -- Installing: /home/brown/Projects/MiningRobot/autonomy/ros2_workspace/install/ouster_msgs/include/ouster_msgs/ouster_msgs/srv/get_metadata.hpp
[24.158s] -- Up-to-date: /home/brown/Projects/MiningRobot/autonomy/ros2_workspace/install/ouster_msgs/include/ouster_msgs/ouster_msgs/msg
[24.159s] -- Up-to-date: /home/brown/Projects/MiningRobot/autonomy/ros2_workspace/install/ouster_msgs/include/ouster_msgs/ouster_msgs/msg/detail
[24.159s] -- Installing: /home/brown/Projects/MiningRobot/autonomy/ros2_workspace/install/ouster_msgs/include/ouster_msgs/ouster_msgs/msg/detail/metadata__struct.hpp
[24.159s] -- Installing: /home/brown/Projects/MiningRobot/autonomy/ros2_workspace/install/ouster_msgs/include/ouster_msgs/ouster_msgs/msg/detail/metadata__builder.hpp
[24.159s] -- Installing: /home/brown/Projects/MiningRobot/autonomy/ros2_workspace/install/ouster_msgs/include/ouster_msgs/ouster_msgs/msg/detail/metadata__traits.hpp
[24.160s] -- Installing: /home/brown/Projects/MiningRobot/autonomy/ros2_workspace/install/ouster_msgs/include/ouster_msgs/ouster_msgs/msg/metadata.hpp
[24.160s] -- Up-to-date: /home/brown/Projects/MiningRobot/autonomy/ros2_workspace/install/ouster_msgs/include/ouster_msgs/ouster_msgs
[24.160s] -- Up-to-date: /home/brown/Projects/MiningRobot/autonomy/ros2_workspace/install/ouster_msgs/include/ouster_msgs/ouster_msgs/srv
[24.161s] -- Up-to-date: /home/brown/Projects/MiningRobot/autonomy/ros2_workspace/install/ouster_msgs/include/ouster_msgs/ouster_msgs/srv/detail
[24.161s] -- Up-to-date: /home/brown/Projects/MiningRobot/autonomy/ros2_workspace/install/ouster_msgs/include/ouster_msgs/ouster_msgs/srv/detail/dds_fastrtps
[24.161s] -- Installing: /home/brown/Projects/MiningRobot/autonomy/ros2_workspace/install/ouster_msgs/include/ouster_msgs/ouster_msgs/srv/detail/get_metadata__rosidl_typesupport_fastrtps_cpp.hpp
[24.161s] -- Up-to-date: /home/brown/Projects/MiningRobot/autonomy/ros2_workspace/install/ouster_msgs/include/ouster_msgs/ouster_msgs/msg
[24.161s] -- Up-to-date: /home/brown/Projects/MiningRobot/autonomy/ros2_workspace/install/ouster_msgs/include/ouster_msgs/ouster_msgs/msg/detail
[24.162s] -- Installing: /home/brown/Projects/MiningRobot/autonomy/ros2_workspace/install/ouster_msgs/include/ouster_msgs/ouster_msgs/msg/detail/metadata__rosidl_typesupport_fastrtps_cpp.hpp
[24.162s] -- Up-to-date: /home/brown/Projects/MiningRobot/autonomy/ros2_workspace/install/ouster_msgs/include/ouster_msgs/ouster_msgs/msg/detail/dds_fastrtps
[24.162s] -- Installing: /home/brown/Projects/MiningRobot/autonomy/ros2_workspace/install/ouster_msgs/include/ouster_msgs/ouster_msgs/msg/rosidl_typesupport_fastrtps_cpp__visibility_control.h
[24.163s] -- Installing: /home/brown/Projects/MiningRobot/autonomy/ros2_workspace/install/ouster_msgs/lib/libouster_msgs__rosidl_typesupport_fastrtps_cpp.so
[24.164s] -- Set runtime path of "/home/brown/Projects/MiningRobot/autonomy/ros2_workspace/install/ouster_msgs/lib/libouster_msgs__rosidl_typesupport_fastrtps_cpp.so" to ""
[24.165s] -- Up-to-date: /home/brown/Projects/MiningRobot/autonomy/ros2_workspace/install/ouster_msgs/include/ouster_msgs/ouster_msgs
[24.165s] -- Up-to-date: /home/brown/Projects/MiningRobot/autonomy/ros2_workspace/install/ouster_msgs/include/ouster_msgs/ouster_msgs/srv
[24.165s] -- Up-to-date: /home/brown/Projects/MiningRobot/autonomy/ros2_workspace/install/ouster_msgs/include/ouster_msgs/ouster_msgs/srv/detail
[24.166s] -- Installing: /home/brown/Projects/MiningRobot/autonomy/ros2_workspace/install/ouster_msgs/include/ouster_msgs/ouster_msgs/srv/detail/get_metadata__type_support.c
[24.166s] -- Installing: /home/brown/Projects/MiningRobot/autonomy/ros2_workspace/install/ouster_msgs/include/ouster_msgs/ouster_msgs/srv/detail/get_metadata__rosidl_typesupport_introspection_c.h
[24.167s] -- Up-to-date: /home/brown/Projects/MiningRobot/autonomy/ros2_workspace/install/ouster_msgs/include/ouster_msgs/ouster_msgs/msg
[24.167s] -- Installing: /home/brown/Projects/MiningRobot/autonomy/ros2_workspace/install/ouster_msgs/include/ouster_msgs/ouster_msgs/msg/rosidl_typesupport_introspection_c__visibility_control.h
[24.168s] -- Up-to-date: /home/brown/Projects/MiningRobot/autonomy/ros2_workspace/install/ouster_msgs/include/ouster_msgs/ouster_msgs/msg/detail
[24.168s] -- Installing: /home/brown/Projects/MiningRobot/autonomy/ros2_workspace/install/ouster_msgs/include/ouster_msgs/ouster_msgs/msg/detail/metadata__type_support.c
[24.169s] -- Installing: /home/brown/Projects/MiningRobot/autonomy/ros2_workspace/install/ouster_msgs/include/ouster_msgs/ouster_msgs/msg/detail/metadata__rosidl_typesupport_introspection_c.h
[24.170s] -- Installing: /home/brown/Projects/MiningRobot/autonomy/ros2_workspace/install/ouster_msgs/lib/libouster_msgs__rosidl_typesupport_introspection_c.so
[24.171s] -- Set runtime path of "/home/brown/Projects/MiningRobot/autonomy/ros2_workspace/install/ouster_msgs/lib/libouster_msgs__rosidl_typesupport_introspection_c.so" to ""
[24.173s] -- Installing: /home/brown/Projects/MiningRobot/autonomy/ros2_workspace/install/ouster_msgs/lib/libouster_msgs__rosidl_typesupport_c.so
[24.176s] -- Set runtime path of "/home/brown/Projects/MiningRobot/autonomy/ros2_workspace/install/ouster_msgs/lib/libouster_msgs__rosidl_typesupport_c.so" to ""
[24.176s] -- Up-to-date: /home/brown/Projects/MiningRobot/autonomy/ros2_workspace/install/ouster_msgs/include/ouster_msgs/ouster_msgs
[24.176s] -- Up-to-date: /home/brown/Projects/MiningRobot/autonomy/ros2_workspace/install/ouster_msgs/include/ouster_msgs/ouster_msgs/srv
[24.176s] -- Up-to-date: /home/brown/Projects/MiningRobot/autonomy/ros2_workspace/install/ouster_msgs/include/ouster_msgs/ouster_msgs/srv/detail
[24.176s] -- Installing: /home/brown/Projects/MiningRobot/autonomy/ros2_workspace/install/ouster_msgs/include/ouster_msgs/ouster_msgs/srv/detail/get_metadata__type_support.cpp
[24.176s] -- Installing: /home/brown/Projects/MiningRobot/autonomy/ros2_workspace/install/ouster_msgs/include/ouster_msgs/ouster_msgs/srv/detail/get_metadata__rosidl_typesupport_introspection_cpp.hpp
[24.177s] -- Up-to-date: /home/brown/Projects/MiningRobot/autonomy/ros2_workspace/install/ouster_msgs/include/ouster_msgs/ouster_msgs/msg
[24.177s] -- Up-to-date: /home/brown/Projects/MiningRobot/autonomy/ros2_workspace/install/ouster_msgs/include/ouster_msgs/ouster_msgs/msg/detail
[24.177s] -- Installing: /home/brown/Projects/MiningRobot/autonomy/ros2_workspace/install/ouster_msgs/include/ouster_msgs/ouster_msgs/msg/detail/metadata__type_support.cpp
[24.177s] -- Installing: /home/brown/Projects/MiningRobot/autonomy/ros2_workspace/install/ouster_msgs/include/ouster_msgs/ouster_msgs/msg/detail/metadata__rosidl_typesupport_introspection_cpp.hpp
[24.178s] -- Installing: /home/brown/Projects/MiningRobot/autonomy/ros2_workspace/install/ouster_msgs/lib/libouster_msgs__rosidl_typesupport_introspection_cpp.so
[24.179s] -- Set runtime path of "/home/brown/Projects/MiningRobot/autonomy/ros2_workspace/install/ouster_msgs/lib/libouster_msgs__rosidl_typesupport_introspection_cpp.so" to ""
[24.180s] -- Installing: /home/brown/Projects/MiningRobot/autonomy/ros2_workspace/install/ouster_msgs/lib/libouster_msgs__rosidl_typesupport_cpp.so
[24.181s] -- Set runtime path of "/home/brown/Projects/MiningRobot/autonomy/ros2_workspace/install/ouster_msgs/lib/libouster_msgs__rosidl_typesupport_cpp.so" to ""
[24.181s] -- Installing: /home/brown/Projects/MiningRobot/autonomy/ros2_workspace/install/ouster_msgs/share/ouster_msgs/environment/pythonpath.sh
[24.182s] -- Installing: /home/brown/Projects/MiningRobot/autonomy/ros2_workspace/install/ouster_msgs/share/ouster_msgs/environment/pythonpath.dsv
[24.184s] -- Up-to-date: /home/brown/Projects/MiningRobot/autonomy/ros2_workspace/install/ouster_msgs/lib/python3.11/site-packages/ouster_msgs-0.5.0-py3.11.egg-info
[24.184s] -- Installing: /home/brown/Projects/MiningRobot/autonomy/ros2_workspace/install/ouster_msgs/lib/python3.11/site-packages/ouster_msgs-0.5.0-py3.11.egg-info/dependency_links.txt
[24.184s] -- Installing: /home/brown/Projects/MiningRobot/autonomy/ros2_workspace/install/ouster_msgs/lib/python3.11/site-packages/ouster_msgs-0.5.0-py3.11.egg-info/top_level.txt
[24.185s] -- Installing: /home/brown/Projects/MiningRobot/autonomy/ros2_workspace/install/ouster_msgs/lib/python3.11/site-packages/ouster_msgs-0.5.0-py3.11.egg-info/PKG-INFO
[24.186s] -- Installing: /home/brown/Projects/MiningRobot/autonomy/ros2_workspace/install/ouster_msgs/lib/python3.11/site-packages/ouster_msgs-0.5.0-py3.11.egg-info/SOURCES.txt
[24.186s] -- Up-to-date: /home/brown/Projects/MiningRobot/autonomy/ros2_workspace/install/ouster_msgs/lib/python3.11/site-packages/ouster_msgs
[24.187s] -- Installing: /home/brown/Projects/MiningRobot/autonomy/ros2_workspace/install/ouster_msgs/lib/python3.11/site-packages/ouster_msgs/__init__.py
[24.187s] -- Installing: /home/brown/Projects/MiningRobot/autonomy/ros2_workspace/install/ouster_msgs/lib/python3.11/site-packages/ouster_msgs/libouster_msgs__rosidl_generator_py.so
[24.188s] -- Installing: /home/brown/Projects/MiningRobot/autonomy/ros2_workspace/install/ouster_msgs/lib/python3.11/site-packages/ouster_msgs/_ouster_msgs_s.ep.rosidl_typesupport_introspection_c.c
[24.189s] -- Installing: /home/brown/Projects/MiningRobot/autonomy/ros2_workspace/install/ouster_msgs/lib/python3.11/site-packages/ouster_msgs/_ouster_msgs_s.ep.rosidl_typesupport_c.c
[24.189s] -- Installing: /home/brown/Projects/MiningRobot/autonomy/ros2_workspace/install/ouster_msgs/lib/python3.11/site-packages/ouster_msgs/_ouster_msgs_s.ep.rosidl_typesupport_fastrtps_c.c
[24.190s] -- Up-to-date: /home/brown/Projects/MiningRobot/autonomy/ros2_workspace/install/ouster_msgs/lib/python3.11/site-packages/ouster_msgs/srv
[24.190s] -- Installing: /home/brown/Projects/MiningRobot/autonomy/ros2_workspace/install/ouster_msgs/lib/python3.11/site-packages/ouster_msgs/srv/__init__.py
[24.191s] -- Installing: /home/brown/Projects/MiningRobot/autonomy/ros2_workspace/install/ouster_msgs/lib/python3.11/site-packages/ouster_msgs/srv/_get_metadata.py
[24.191s] -- Installing: /home/brown/Projects/MiningRobot/autonomy/ros2_workspace/install/ouster_msgs/lib/python3.11/site-packages/ouster_msgs/srv/_get_metadata_s.c
[24.192s] -- Up-to-date: /home/brown/Projects/MiningRobot/autonomy/ros2_workspace/install/ouster_msgs/lib/python3.11/site-packages/ouster_msgs/msg
[24.192s] -- Installing: /home/brown/Projects/MiningRobot/autonomy/ros2_workspace/install/ouster_msgs/lib/python3.11/site-packages/ouster_msgs/msg/__init__.py
[24.194s] -- Installing: /home/brown/Projects/MiningRobot/autonomy/ros2_workspace/install/ouster_msgs/lib/python3.11/site-packages/ouster_msgs/msg/_metadata.py
[24.195s] -- Installing: /home/brown/Projects/MiningRobot/autonomy/ros2_workspace/install/ouster_msgs/lib/python3.11/site-packages/ouster_msgs/msg/_metadata_s.c
[24.195s] -- Installing: /home/brown/Projects/MiningRobot/autonomy/ros2_workspace/install/ouster_msgs/lib/python3.11/site-packages/ouster_msgs/ouster_msgs_s__rosidl_typesupport_introspection_c.cpython-311-x86_64-linux-gnu.so
[24.197s] -- Installing: /home/brown/Projects/MiningRobot/autonomy/ros2_workspace/install/ouster_msgs/lib/python3.11/site-packages/ouster_msgs/ouster_msgs_s__rosidl_typesupport_fastrtps_c.cpython-311-x86_64-linux-gnu.so
[24.198s] -- Installing: /home/brown/Projects/MiningRobot/autonomy/ros2_workspace/install/ouster_msgs/lib/python3.11/site-packages/ouster_msgs/ouster_msgs_s__rosidl_typesupport_c.cpython-311-x86_64-linux-gnu.so
[24.295s] Listing '/home/brown/Projects/MiningRobot/autonomy/ros2_workspace/install/ouster_msgs/lib/python3.11/site-packages/ouster_msgs'...
[24.295s] Compiling '/home/brown/Projects/MiningRobot/autonomy/ros2_workspace/install/ouster_msgs/lib/python3.11/site-packages/ouster_msgs/__init__.py'...
[24.297s] Listing '/home/brown/Projects/MiningRobot/autonomy/ros2_workspace/install/ouster_msgs/lib/python3.11/site-packages/ouster_msgs/msg'...
[24.297s] Compiling '/home/brown/Projects/MiningRobot/autonomy/ros2_workspace/install/ouster_msgs/lib/python3.11/site-packages/ouster_msgs/msg/__init__.py'...
[24.297s] Compiling '/home/brown/Projects/MiningRobot/autonomy/ros2_workspace/install/ouster_msgs/lib/python3.11/site-packages/ouster_msgs/msg/_metadata.py'...
[24.297s] Listing '/home/brown/Projects/MiningRobot/autonomy/ros2_workspace/install/ouster_msgs/lib/python3.11/site-packages/ouster_msgs/srv'...
[24.297s] Compiling '/home/brown/Projects/MiningRobot/autonomy/ros2_workspace/install/ouster_msgs/lib/python3.11/site-packages/ouster_msgs/srv/__init__.py'...
[24.298s] Compiling '/home/brown/Projects/MiningRobot/autonomy/ros2_workspace/install/ouster_msgs/lib/python3.11/site-packages/ouster_msgs/srv/_get_metadata.py'...
[24.305s] -- Installing: /home/brown/Projects/MiningRobot/autonomy/ros2_workspace/install/ouster_msgs/lib/python3.11/site-packages/ouster_msgs/ouster_msgs_s__rosidl_typesupport_fastrtps_c.cpython-311-x86_64-linux-gnu.so
[24.306s] -- Set runtime path of "/home/brown/Projects/MiningRobot/autonomy/ros2_workspace/install/ouster_msgs/lib/python3.11/site-packages/ouster_msgs/ouster_msgs_s__rosidl_typesupport_fastrtps_c.cpython-311-x86_64-linux-gnu.so" to ""
[24.306s] -- Installing: /home/brown/Projects/MiningRobot/autonomy/ros2_workspace/install/ouster_msgs/lib/python3.11/site-packages/ouster_msgs/ouster_msgs_s__rosidl_typesupport_introspection_c.cpython-311-x86_64-linux-gnu.so
[24.307s] -- Set runtime path of "/home/brown/Projects/MiningRobot/autonomy/ros2_workspace/install/ouster_msgs/lib/python3.11/site-packages/ouster_msgs/ouster_msgs_s__rosidl_typesupport_introspection_c.cpython-311-x86_64-linux-gnu.so" to ""
[24.308s] -- Installing: /home/brown/Projects/MiningRobot/autonomy/ros2_workspace/install/ouster_msgs/lib/python3.11/site-packages/ouster_msgs/ouster_msgs_s__rosidl_typesupport_c.cpython-311-x86_64-linux-gnu.so
[24.309s] -- Set runtime path of "/home/brown/Projects/MiningRobot/autonomy/ros2_workspace/install/ouster_msgs/lib/python3.11/site-packages/ouster_msgs/ouster_msgs_s__rosidl_typesupport_c.cpython-311-x86_64-linux-gnu.so" to ""
[24.309s] -- Installing: /home/brown/Projects/MiningRobot/autonomy/ros2_workspace/install/ouster_msgs/lib/libouster_msgs__rosidl_generator_py.so
[24.310s] -- Set runtime path of "/home/brown/Projects/MiningRobot/autonomy/ros2_workspace/install/ouster_msgs/lib/libouster_msgs__rosidl_generator_py.so" to ""
[24.310s] -- Installing: /home/brown/Projects/MiningRobot/autonomy/ros2_workspace/install/ouster_msgs/share/ouster_msgs/srv/GetMetadata.idl
[24.311s] -- Installing: /home/brown/Projects/MiningRobot/autonomy/ros2_workspace/install/ouster_msgs/share/ouster_msgs/msg/Metadata.idl
[24.311s] -- Up-to-date: /home/brown/Projects/MiningRobot/autonomy/ros2_workspace/install/ouster_msgs/share/ouster_msgs/srv/GetMetadata.srv
[24.311s] -- Installing: /home/brown/Projects/MiningRobot/autonomy/ros2_workspace/install/ouster_msgs/share/ouster_msgs/srv/GetMetadata_Request.msg
[24.311s] -- Installing: /home/brown/Projects/MiningRobot/autonomy/ros2_workspace/install/ouster_msgs/share/ouster_msgs/srv/GetMetadata_Response.msg
[24.312s] -- Up-to-date: /home/brown/Projects/MiningRobot/autonomy/ros2_workspace/install/ouster_msgs/share/ouster_msgs/msg/Metadata.msg
[24.312s] -- Installing: /home/brown/Projects/MiningRobot/autonomy/ros2_workspace/install/ouster_msgs/share/ament_index/resource_index/package_run_dependencies/ouster_msgs
[24.312s] -- Installing: /home/brown/Projects/MiningRobot/autonomy/ros2_workspace/install/ouster_msgs/share/ament_index/resource_index/parent_prefix_path/ouster_msgs
[24.313s] -- Up-to-date: /home/brown/Projects/MiningRobot/autonomy/ros2_workspace/install/ouster_msgs/share/ouster_msgs/environment/ament_prefix_path.sh
[24.313s] -- Installing: /home/brown/Projects/MiningRobot/autonomy/ros2_workspace/install/ouster_msgs/share/ouster_msgs/environment/ament_prefix_path.dsv
[24.314s] -- Up-to-date: /home/brown/Projects/MiningRobot/autonomy/ros2_workspace/install/ouster_msgs/share/ouster_msgs/environment/path.sh
[24.314s] -- Installing: /home/brown/Projects/MiningRobot/autonomy/ros2_workspace/install/ouster_msgs/share/ouster_msgs/environment/path.dsv
[24.314s] -- Installing: /home/brown/Projects/MiningRobot/autonomy/ros2_workspace/install/ouster_msgs/share/ouster_msgs/local_setup.bash
[24.314s] -- Installing: /home/brown/Projects/MiningRobot/autonomy/ros2_workspace/install/ouster_msgs/share/ouster_msgs/local_setup.sh
[24.315s] -- Installing: /home/brown/Projects/MiningRobot/autonomy/ros2_workspace/install/ouster_msgs/share/ouster_msgs/local_setup.zsh
[24.315s] -- Installing: /home/brown/Projects/MiningRobot/autonomy/ros2_workspace/install/ouster_msgs/share/ouster_msgs/local_setup.dsv
[24.315s] -- Installing: /home/brown/Projects/MiningRobot/autonomy/ros2_workspace/install/ouster_msgs/share/ouster_msgs/package.dsv
[24.316s] -- Installing: /home/brown/Projects/MiningRobot/autonomy/ros2_workspace/install/ouster_msgs/share/ament_index/resource_index/packages/ouster_msgs
[24.317s] -- Installing: /home/brown/Projects/MiningRobot/autonomy/ros2_workspace/install/ouster_msgs/share/ouster_msgs/cmake/export_ouster_msgs__rosidl_generator_cExport.cmake
[24.317s] -- Installing: /home/brown/Projects/MiningRobot/autonomy/ros2_workspace/install/ouster_msgs/share/ouster_msgs/cmake/export_ouster_msgs__rosidl_generator_cExport-noconfig.cmake
[24.317s] -- Installing: /home/brown/Projects/MiningRobot/autonomy/ros2_workspace/install/ouster_msgs/share/ouster_msgs/cmake/export_ouster_msgs__rosidl_typesupport_fastrtps_cExport.cmake
[24.318s] -- Installing: /home/brown/Projects/MiningRobot/autonomy/ros2_workspace/install/ouster_msgs/share/ouster_msgs/cmake/export_ouster_msgs__rosidl_typesupport_fastrtps_cExport-noconfig.cmake
[24.318s] -- Installing: /home/brown/Projects/MiningRobot/autonomy/ros2_workspace/install/ouster_msgs/share/ouster_msgs/cmake/export_ouster_msgs__rosidl_generator_cppExport.cmake
[24.319s] -- Installing: /home/brown/Projects/MiningRobot/autonomy/ros2_workspace/install/ouster_msgs/share/ouster_msgs/cmake/export_ouster_msgs__rosidl_typesupport_fastrtps_cppExport.cmake
[24.319s] -- Installing: /home/brown/Projects/MiningRobot/autonomy/ros2_workspace/install/ouster_msgs/share/ouster_msgs/cmake/export_ouster_msgs__rosidl_typesupport_fastrtps_cppExport-noconfig.cmake
[24.320s] -- Installing: /home/brown/Projects/MiningRobot/autonomy/ros2_workspace/install/ouster_msgs/share/ouster_msgs/cmake/ouster_msgs__rosidl_typesupport_introspection_cExport.cmake
[24.320s] -- Installing: /home/brown/Projects/MiningRobot/autonomy/ros2_workspace/install/ouster_msgs/share/ouster_msgs/cmake/ouster_msgs__rosidl_typesupport_introspection_cExport-noconfig.cmake
[24.320s] -- Installing: /home/brown/Projects/MiningRobot/autonomy/ros2_workspace/install/ouster_msgs/share/ouster_msgs/cmake/ouster_msgs__rosidl_typesupport_cExport.cmake
[24.321s] -- Installing: /home/brown/Projects/MiningRobot/autonomy/ros2_workspace/install/ouster_msgs/share/ouster_msgs/cmake/ouster_msgs__rosidl_typesupport_cExport-noconfig.cmake
[24.321s] -- Installing: /home/brown/Projects/MiningRobot/autonomy/ros2_workspace/install/ouster_msgs/share/ouster_msgs/cmake/ouster_msgs__rosidl_typesupport_introspection_cppExport.cmake
[24.322s] -- Installing: /home/brown/Projects/MiningRobot/autonomy/ros2_workspace/install/ouster_msgs/share/ouster_msgs/cmake/ouster_msgs__rosidl_typesupport_introspection_cppExport-noconfig.cmake
[24.322s] -- Installing: /home/brown/Projects/MiningRobot/autonomy/ros2_workspace/install/ouster_msgs/share/ouster_msgs/cmake/ouster_msgs__rosidl_typesupport_cppExport.cmake
[24.322s] -- Installing: /home/brown/Projects/MiningRobot/autonomy/ros2_workspace/install/ouster_msgs/share/ouster_msgs/cmake/ouster_msgs__rosidl_typesupport_cppExport-noconfig.cmake
[24.323s] -- Installing: /home/brown/Projects/MiningRobot/autonomy/ros2_workspace/install/ouster_msgs/share/ouster_msgs/cmake/export_ouster_msgs__rosidl_generator_pyExport.cmake
[24.323s] -- Installing: /home/brown/Projects/MiningRobot/autonomy/ros2_workspace/install/ouster_msgs/share/ouster_msgs/cmake/export_ouster_msgs__rosidl_generator_pyExport-noconfig.cmake
[24.324s] -- Installing: /home/brown/Projects/MiningRobot/autonomy/ros2_workspace/install/ouster_msgs/share/ouster_msgs/cmake/rosidl_cmake-extras.cmake
[24.324s] -- Installing: /home/brown/Projects/MiningRobot/autonomy/ros2_workspace/install/ouster_msgs/share/ouster_msgs/cmake/ament_cmake_export_dependencies-extras.cmake
[24.324s] -- Installing: /home/brown/Projects/MiningRobot/autonomy/ros2_workspace/install/ouster_msgs/share/ouster_msgs/cmake/ament_cmake_export_include_directories-extras.cmake
[24.324s] -- Installing: /home/brown/Projects/MiningRobot/autonomy/ros2_workspace/install/ouster_msgs/share/ouster_msgs/cmake/ament_cmake_export_libraries-extras.cmake
[24.325s] -- Installing: /home/brown/Projects/MiningRobot/autonomy/ros2_workspace/install/ouster_msgs/share/ouster_msgs/cmake/ament_cmake_export_targets-extras.cmake
[24.325s] -- Installing: /home/brown/Projects/MiningRobot/autonomy/ros2_workspace/install/ouster_msgs/share/ouster_msgs/cmake/rosidl_cmake_export_typesupport_targets-extras.cmake
[24.325s] -- Installing: /home/brown/Projects/MiningRobot/autonomy/ros2_workspace/install/ouster_msgs/share/ouster_msgs/cmake/rosidl_cmake_export_typesupport_libraries-extras.cmake
[24.326s] -- Installing: /home/brown/Projects/MiningRobot/autonomy/ros2_workspace/install/ouster_msgs/share/ouster_msgs/cmake/ouster_msgsConfig.cmake
[24.326s] -- Installing: /home/brown/Projects/MiningRobot/autonomy/ros2_workspace/install/ouster_msgs/share/ouster_msgs/cmake/ouster_msgsConfig-version.cmake
[24.326s] -- Up-to-date: /home/brown/Projects/MiningRobot/autonomy/ros2_workspace/install/ouster_msgs/share/ouster_msgs/package.xml
[24.330s] Invoked command in '/home/brown/Projects/MiningRobot/autonomy/ros2_workspace/build/ouster_msgs' returned '0': _=/usr/bin/env /usr/bin/cmake --install /home/brown/Projects/MiningRobot/autonomy/ros2_workspace/build/ouster_msgs
