-- Found ament_cmake: 1.3.5 (/opt/ros/humble/share/ament_cmake/cmake)
-- Found message_filters: 4.3.3 (/opt/ros/humble/share/message_filters/cmake)
-- Found rosidl_generator_c: 3.1.5 (/opt/ros/humble/share/rosidl_generator_c/cmake)
-- Found rosidl_adapter: 3.1.5 (/opt/ros/humble/share/rosidl_adapter/cmake)
-- Found rosidl_generator_cpp: 3.1.5 (/opt/ros/humble/share/rosidl_generator_cpp/cmake)
-- Using all available rosidl_typesupport_c: rosidl_typesupport_fastrtps_c;rosidl_typesupport_introspection_c
-- Using all available rosidl_typesupport_cpp: rosidl_typesupport_fastrtps_cpp;rosidl_typesupport_introspection_cpp
-- Found rmw_implementation_cmake: 6.1.1 (/opt/ros/humble/share/rmw_implementation_cmake/cmake)
-- Found rmw_fastrtps_cpp: 6.2.4 (/opt/ros/humble/share/rmw_fastrtps_cpp/cmake)
-- Using RMW implementation 'rmw_fastrtps_cpp' as default
-- Eigen found (include: /usr/include/eigen3, version: 3.4.0)
-- Eigen found (include: /usr/include/eigen3, version: 3.4.0)
-- Found pcl_msgs: 1.0.0 (/home/brown/Projects/MiningRobot/ros2_workspace/install/pcl_msgs/share/pcl_msgs/cmake)
-- Found ament_cmake_gtest: 1.3.5 (/opt/ros/humble/share/ament_cmake_gtest/cmake)
-- Found gtest sources under '/opt/ros/humble/src/gtest_vendor': C++ tests using 'Google Test' will be built
-- Configuring done (5.0s)
-- Generating done (0.0s)
-- Build files have been written to: /home/brown/Projects/MiningRobot/ros2_workspace/build/pcl_conversions
[ 33%] Built target gtest_main
[ 66%] Built target gtest
[ 83%] [32mBuilding CXX object CMakeFiles/pcl_conversions-test.dir/test/test_pcl_conversions.cpp.o[0m
[100%] [32m[1mLinking CXX executable pcl_conversions-test[0m
[100%] Built target pcl_conversions-test
-- Install configuration: ""
-- Up-to-date: /home/brown/Projects/MiningRobot/ros2_workspace/install/pcl_conversions/include/pcl_conversions
-- Up-to-date: /home/brown/Projects/MiningRobot/ros2_workspace/install/pcl_conversions/include/pcl_conversions/pcl_conversions
-- Installing: /home/brown/Projects/MiningRobot/ros2_workspace/install/pcl_conversions/include/pcl_conversions/pcl_conversions/pcl_conversions.h
-- Up-to-date: /home/brown/Projects/MiningRobot/ros2_workspace/install/pcl_conversions/share/ament_index/resource_index/package_run_dependencies/pcl_conversions
-- Installing: /home/brown/Projects/MiningRobot/ros2_workspace/install/pcl_conversions/share/ament_index/resource_index/parent_prefix_path/pcl_conversions
-- Installing: /home/brown/Projects/MiningRobot/ros2_workspace/install/pcl_conversions/share/pcl_conversions/environment/ament_prefix_path.sh
-- Installing: /home/brown/Projects/MiningRobot/ros2_workspace/install/pcl_conversions/share/pcl_conversions/environment/ament_prefix_path.dsv
-- Installing: /home/brown/Projects/MiningRobot/ros2_workspace/install/pcl_conversions/share/pcl_conversions/environment/path.sh
-- Installing: /home/brown/Projects/MiningRobot/ros2_workspace/install/pcl_conversions/share/pcl_conversions/environment/path.dsv
-- Up-to-date: /home/brown/Projects/MiningRobot/ros2_workspace/install/pcl_conversions/share/pcl_conversions/local_setup.bash
-- Up-to-date: /home/brown/Projects/MiningRobot/ros2_workspace/install/pcl_conversions/share/pcl_conversions/local_setup.sh
-- Up-to-date: /home/brown/Projects/MiningRobot/ros2_workspace/install/pcl_conversions/share/pcl_conversions/local_setup.zsh
-- Installing: /home/brown/Projects/MiningRobot/ros2_workspace/install/pcl_conversions/share/pcl_conversions/local_setup.dsv
-- Installing: /home/brown/Projects/MiningRobot/ros2_workspace/install/pcl_conversions/share/pcl_conversions/package.dsv
-- Up-to-date: /home/brown/Projects/MiningRobot/ros2_workspace/install/pcl_conversions/share/ament_index/resource_index/packages/pcl_conversions
-- Up-to-date: /home/brown/Projects/MiningRobot/ros2_workspace/install/pcl_conversions/share/pcl_conversions/cmake/ament_cmake_export_include_directories-extras.cmake
-- Up-to-date: /home/brown/Projects/MiningRobot/ros2_workspace/install/pcl_conversions/share/pcl_conversions/cmake/ament_cmake_export_dependencies-extras.cmake
-- Up-to-date: /home/brown/Projects/MiningRobot/ros2_workspace/install/pcl_conversions/share/pcl_conversions/cmake/pcl_conversionsConfig.cmake
-- Up-to-date: /home/brown/Projects/MiningRobot/ros2_workspace/install/pcl_conversions/share/pcl_conversions/cmake/pcl_conversionsConfig-version.cmake
-- Installing: /home/brown/Projects/MiningRobot/ros2_workspace/install/pcl_conversions/share/pcl_conversions/package.xml
