[0.000000] (-) TimerEvent: {}
[0.000457] (-) JobUnselected: {'identifier': 'ouster_msgs'}
[0.000543] (-) JobUnselected: {'identifier': 'pcl_conversions'}
[0.000936] (-) JobUnselected: {'identifier': 'pcl_msgs'}
[0.001541] (-) JobUnselected: {'identifier': 'pcl_ros'}
[0.001678] (-) JobUnselected: {'identifier': 'perception_pcl'}
[0.001746] (-) JobUnselected: {'identifier': 'ros2_ouster'}
[0.001823] (aurora_core) JobQueued: {'identifier': 'aurora_core', 'dependencies': OrderedDict([('ouster_msgs', '/home/brown/Projects/MiningRobot/ros2_workspace/install/ouster_msgs'), ('pcl_msgs', '/home/brown/Projects/MiningRobot/ros2_workspace/install/pcl_msgs'), ('pcl_conversions', '/home/brown/Projects/MiningRobot/ros2_workspace/install/pcl_conversions'), ('ros2_ouster', '/home/brown/Projects/MiningRobot/ros2_workspace/install/ros2_ouster')])}
[0.002012] (aurora_core) JobStarted: {'identifier': 'aurora_core'}
[0.099632] (-) TimerEvent: {}
[0.194993] (aurora_core) JobProgress: {'identifier': 'aurora_core', 'progress': 'cmake'}
[0.196541] (aurora_core) JobProgress: {'identifier': 'aurora_core', 'progress': 'build'}
[0.197625] (aurora_core) Command: {'cmd': ['/usr/bin/cmake', '--build', '/home/brown/Projects/MiningRobot/ros2_workspace/build/aurora_core', '--', '-j4', '-l4'], 'cwd': '/home/brown/Projects/MiningRobot/ros2_workspace/build/aurora_core', 'env': OrderedDict([('SHELL', '/bin/bash'), ('ROS_VERSION', '2'), ('WINDOWID', '1'), ('COLORTERM', 'truecolor'), ('XDG_CONFIG_DIRS', '/home/brown/.config/kdedefaults:/etc/xdg'), ('KGLOBALACCELD_PLATFORM', 'org.kde.kwin'), ('TERM_PROGRAM_VERSION', '3.3a'), ('TMUX', '/tmp/tmux-1000/default,1806,0'), ('PKG_CONFIG_PATH', '/opt/ros/humble/lib/pkgconfig'), ('ROS_PYTHON_VERSION', '3'), ('LANGUAGE', ''), ('SHELL_SESSION_ID', 'adab33755f16428db603933a933b68e7'), ('MEMORY_PRESSURE_WRITE', 'c29tZSAyMDAwMDAgMjAwMDAwMAA='), ('XCURSOR_SIZE', '24'), ('EDITOR', '/usr/bin/nvim'), ('XDG_SEAT', 'seat0'), ('PWD', '/home/brown/Projects/MiningRobot/ros2_workspace/build/aurora_core'), ('LOGNAME', 'brown'), ('XDG_SESSION_TYPE', 'wayland'), ('SYSTEMD_EXEC_PID', '506'), ('XAUTHORITY', '/run/user/1000/xauth_qwjjoz'), ('MOTD_SHOWN', 'pam'), ('HOME', '/home/brown'), ('LANG', 'C.UTF-8'), ('XDG_CURRENT_DESKTOP', 'KDE'), ('KONSOLE_DBUS_SERVICE', ':1.86'), ('MEMORY_PRESSURE_WATCH', '/sys/fs/cgroup/user.slice/user-1000.slice/user@1000.service/session.slice/plasma-kwin_wayland.service/memory.pressure'), ('WAYLAND_DISPLAY', 'wayland-0'), ('KONSOLE_DBUS_SESSION', '/Sessions/2'), ('PROFILEHOME', ''), ('AMENT_PREFIX_PATH', '/home/brown/Projects/MiningRobot/ros2_workspace/install/aurora_core:/home/brown/Projects/MiningRobot/ros2_workspace/install/ros2_ouster:/home/brown/Projects/MiningRobot/ros2_workspace/install/perception_pcl:/home/brown/Projects/MiningRobot/ros2_workspace/install/pcl_ros:/home/brown/Projects/MiningRobot/ros2_workspace/install/pcl_conversions:/home/brown/Projects/MiningRobot/ros2_workspace/install/pcl_msgs:/home/brown/Projects/MiningRobot/ros2_workspace/install/ouster_msgs:/opt/ros/humble'), ('CMAKE_PREFIX_PATH', '/home/brown/Projects/MiningRobot/ros2_workspace/install/ros2_ouster:/home/brown/Projects/MiningRobot/ros2_workspace/install/pcl_conversions:/home/brown/Projects/MiningRobot/ros2_workspace/install/pcl_msgs:/home/brown/Projects/MiningRobot/ros2_workspace/install/ouster_msgs:/home/brown/Projects/MiningRobot/ros2_workspace/install/aurora_core:/home/brown/Projects/MiningRobot/ros2_workspace/install/perception_pcl:/home/brown/Projects/MiningRobot/ros2_workspace/install/pcl_ros:/opt/ros/humble'), ('COLCON_PREFIX_PATH', '/home/brown/Projects/MiningRobot/ros2_workspace/install:/opt/ros/humble'), ('INVOCATION_ID', '0451ff8a5b7f45339296dc187b8cbfb5'), ('KONSOLE_VERSION', '230801'), ('MANAGERPID', '465'), ('KDE_SESSION_UID', '1000'), ('XDG_ACTIVATION_TOKEN', 'kwin-2'), ('XDG_SESSION_CLASS', 'user'), ('PYTHONPATH', '/home/brown/Projects/MiningRobot/ros2_workspace/install/pcl_msgs/lib/python3.11/site-packages:/home/brown/Projects/MiningRobot/ros2_workspace/install/ouster_msgs/lib/python3.11/site-packages:/home/brown/.cache/yay/ros2-humble/src/install/lib/python3.11/dist-packages:/opt/ros/humble/lib/python3.11/site-packages'), ('COLCON', '1'), ('TERM', 'xterm-256color'), ('USER', 'brown'), ('TMUX_PANE', '%6'), ('CUDA_PATH', '/opt/cuda'), ('COLORFGBG', '15;0'), ('PLASMA_USE_QT_SCALING', '1'), ('KDE_SESSION_VERSION', '5'), ('QT_WAYLAND_FORCE_DPI', '96'), ('DISPLAY', ':0'), ('SHLVL', '3'), ('XDG_VTNR', '1'), ('XDG_SESSION_ID', '1'), ('LD_LIBRARY_PATH', '/home/brown/Projects/MiningRobot/ros2_workspace/install/ros2_ouster/lib:/home/brown/Projects/MiningRobot/ros2_workspace/install/pcl_msgs/lib:/home/brown/Projects/MiningRobot/ros2_workspace/install/ouster_msgs/lib:/home/brown/Projects/MiningRobot/ros2_workspace/install/pcl_ros/lib:/opt/ros/humble/opt/yaml_cpp_vendor/lib:/opt/ros/humble/opt/rviz_ogre_vendor/lib:/opt/ros/humble/lib'), ('XDG_RUNTIME_DIR', '/run/user/1000'), ('ROS_LOCALHOST_ONLY', '0'), ('DEBUGINFOD_URLS', 'https://debuginfod.archlinux.org'), ('QT_AUTO_SCREEN_SCALE_FACTOR', '0'), ('JOURNAL_STREAM', '8:14885'), ('XCURSOR_THEME', 'breeze_cursors'), ('XDG_DATA_DIRS', '/home/brown/.local/share/flatpak/exports/share:/var/lib/flatpak/exports/share:/usr/local/share/:/usr/share/'), ('KDE_FULL_SESSION', 'true'), ('QSG_RENDER_LOOP', 'basic'), ('PATH', '/opt/ros/humble/bin:/home/brown/.local/bin:/home/brown/.local/bin:/home/brown/.local/bin:/usr/local/sbin:/usr/local/bin:/usr/bin:/opt/cuda/bin:/opt/cuda/nsight_compute:/opt/cuda/nsight_systems/bin:/var/lib/flatpak/exports/bin:/usr/lib/jvm/default/bin:/usr/bin/site_perl:/usr/bin/vendor_perl:/usr/bin/core_perl:/opt/cuda/bin:/opt/cuda/nsight_compute:/opt/cuda/nsight_systems/bin'), ('DBUS_SESSION_BUS_ADDRESS', 'unix:path=/run/user/1000/bus'), ('KDE_APPLICATIONS_AS_SCOPE', '1'), ('MAIL', '/var/spool/mail/brown'), ('ROS_DISTRO', 'humble'), ('OLDPWD', '/home/brown/Projects/MiningRobot/autonomy/lunabug'), ('TERM_PROGRAM', 'tmux'), ('KONSOLE_DBUS_WINDOW', '/Windows/1'), ('_', '/usr/bin/env')]), 'shell': False}
[0.200403] (-) TimerEvent: {}
[0.301719] (-) TimerEvent: {}
[0.328756] (aurora_core) StdoutLine: {'line': b'[ 50%] \x1b[32mBuilding CXX object CMakeFiles/aurora_node_core.dir/src/aurora_node_core.cpp.o\x1b[0m\n'}
[0.401841] (-) TimerEvent: {}
[0.502228] (-) TimerEvent: {}
[0.602662] (-) TimerEvent: {}
[0.703111] (-) TimerEvent: {}
[0.803518] (-) TimerEvent: {}
[0.903938] (-) TimerEvent: {}
[1.004391] (-) TimerEvent: {}
[1.104995] (-) TimerEvent: {}
[1.207469] (-) TimerEvent: {}
[1.308274] (-) TimerEvent: {}
[1.410434] (-) TimerEvent: {}
[1.512579] (-) TimerEvent: {}
[1.614064] (-) TimerEvent: {}
[1.714518] (-) TimerEvent: {}
[1.815632] (-) TimerEvent: {}
[1.916831] (-) TimerEvent: {}
[2.017402] (-) TimerEvent: {}
[2.118137] (-) TimerEvent: {}
[2.219019] (-) TimerEvent: {}
[2.319686] (-) TimerEvent: {}
[2.420335] (-) TimerEvent: {}
[2.521252] (-) TimerEvent: {}
[2.621872] (-) TimerEvent: {}
[2.722317] (-) TimerEvent: {}
[2.822733] (-) TimerEvent: {}
[2.923250] (-) TimerEvent: {}
[3.023630] (-) TimerEvent: {}
[3.124055] (-) TimerEvent: {}
[3.224659] (-) TimerEvent: {}
[3.325265] (-) TimerEvent: {}
[3.425660] (-) TimerEvent: {}
[3.526354] (-) TimerEvent: {}
[3.627630] (-) TimerEvent: {}
[3.728339] (-) TimerEvent: {}
[3.829064] (-) TimerEvent: {}
[3.929826] (-) TimerEvent: {}
[4.030730] (-) TimerEvent: {}
[4.131477] (-) TimerEvent: {}
[4.232090] (-) TimerEvent: {}
[4.332786] (-) TimerEvent: {}
[4.433388] (-) TimerEvent: {}
[4.533840] (-) TimerEvent: {}
[4.634300] (-) TimerEvent: {}
[4.734690] (-) TimerEvent: {}
[4.835062] (-) TimerEvent: {}
[4.935394] (-) TimerEvent: {}
[5.035775] (-) TimerEvent: {}
[5.136176] (-) TimerEvent: {}
[5.236696] (-) TimerEvent: {}
[5.337092] (-) TimerEvent: {}
[5.437512] (-) TimerEvent: {}
[5.537848] (-) TimerEvent: {}
[5.638200] (-) TimerEvent: {}
[5.738579] (-) TimerEvent: {}
[5.838953] (-) TimerEvent: {}
[5.939401] (-) TimerEvent: {}
[5.960705] (aurora_core) StderrLine: {'line': b'\x1b[01m\x1b[K/home/brown/Projects/MiningRobot/ros2_workspace/src/aurora_core/src/aurora_node_core.cpp:\x1b[m\x1b[K In function \xe2\x80\x98\x1b[01m\x1b[Kint\x1b[01;32m\x1b[K main\x1b[m\x1b[K(int, char**)\x1b[m\x1b[K\xe2\x80\x99:\n'}
[5.961119] (aurora_core) StderrLine: {'line': b'\x1b[01m\x1b[K/home/brown/Projects/MiningRobot/ros2_workspace/src/aurora_core/src/aurora_node_core.cpp:79:68:\x1b[m\x1b[K \x1b[01;31m\x1b[Kerror: \x1b[m\x1b[K\xe2\x80\x98\x1b[01m\x1b[Kemulate_tty\x1b[m\x1b[K\xe2\x80\x99 was not declared in this scope\n'}
[5.961451] (aurora_core) StderrLine: {'line': b'   79 |     auto node = std::make_shared<rclcpp::Node>("aurora_node_core", \x1b[01;31m\x1b[Kemulate_tty\x1b[m\x1b[K=True);\n'}
[5.961587] (aurora_core) StderrLine: {'line': b'      |                                                                    \x1b[01;31m\x1b[K^~~~~~~~~~~\x1b[m\x1b[K\n'}
[5.965886] (aurora_core) StderrLine: {'line': b'\x1b[01m\x1b[K/home/brown/Projects/MiningRobot/ros2_workspace/src/aurora_core/src/aurora_node_core.cpp:79:80:\x1b[m\x1b[K \x1b[01;31m\x1b[Kerror: \x1b[m\x1b[K\xe2\x80\x98\x1b[01m\x1b[KTrue\x1b[m\x1b[K\xe2\x80\x99 was not declared in this scope\n'}
[5.966183] (aurora_core) StderrLine: {'line': b'   79 |     auto node = std::make_shared<rclcpp::Node>("aurora_node_core", emulate_tty=\x1b[01;31m\x1b[KTrue\x1b[m\x1b[K);\n'}
[5.966353] (aurora_core) StderrLine: {'line': b'      |                                                                                \x1b[01;31m\x1b[K^~~~\x1b[m\x1b[K\n'}
[5.989349] (aurora_core) StderrLine: {'line': b'In file included from \x1b[01m\x1b[K/opt/ros/humble/include/rclcpp/rclcpp/client.hpp:40\x1b[m\x1b[K,\n'}
[5.989637] (aurora_core) StderrLine: {'line': b'                 from \x1b[01m\x1b[K/opt/ros/humble/include/rclcpp/rclcpp/callback_group.hpp:24\x1b[m\x1b[K,\n'}
[5.989756] (aurora_core) StderrLine: {'line': b'                 from \x1b[01m\x1b[K/opt/ros/humble/include/rclcpp/rclcpp/any_executable.hpp:20\x1b[m\x1b[K,\n'}
[5.989862] (aurora_core) StderrLine: {'line': b'                 from \x1b[01m\x1b[K/opt/ros/humble/include/rclcpp/rclcpp/memory_strategy.hpp:25\x1b[m\x1b[K,\n'}
[5.989965] (aurora_core) StderrLine: {'line': b'                 from \x1b[01m\x1b[K/opt/ros/humble/include/rclcpp/rclcpp/memory_strategies.hpp:18\x1b[m\x1b[K,\n'}
[5.990067] (aurora_core) StderrLine: {'line': b'                 from \x1b[01m\x1b[K/opt/ros/humble/include/rclcpp/rclcpp/executor_options.hpp:20\x1b[m\x1b[K,\n'}
[5.990169] (aurora_core) StderrLine: {'line': b'                 from \x1b[01m\x1b[K/opt/ros/humble/include/rclcpp/rclcpp/executor.hpp:37\x1b[m\x1b[K,\n'}
[5.990271] (aurora_core) StderrLine: {'line': b'                 from \x1b[01m\x1b[K/opt/ros/humble/include/rclcpp/rclcpp/executors/multi_threaded_executor.hpp:25\x1b[m\x1b[K,\n'}
[5.990374] (aurora_core) StderrLine: {'line': b'                 from \x1b[01m\x1b[K/opt/ros/humble/include/rclcpp/rclcpp/executors.hpp:21\x1b[m\x1b[K,\n'}
[5.990475] (aurora_core) StderrLine: {'line': b'                 from \x1b[01m\x1b[K/opt/ros/humble/include/rclcpp/rclcpp/rclcpp.hpp:155\x1b[m\x1b[K,\n'}
[5.990577] (aurora_core) StderrLine: {'line': b'                 from \x1b[01m\x1b[K/home/brown/Projects/MiningRobot/ros2_workspace/src/aurora_core/src/aurora_node_core.cpp:10\x1b[m\x1b[K:\n'}
[5.990681] (aurora_core) StderrLine: {'line': b'\x1b[01m\x1b[K/home/brown/Projects/MiningRobot/ros2_workspace/src/aurora_core/src/aurora_node_core.cpp:141:5:\x1b[m\x1b[K \x1b[01;31m\x1b[Kerror: \x1b[m\x1b[Ktemplate argument 1 is invalid\n'}
[5.990783] (aurora_core) StderrLine: {'line': b'  141 |     \x1b[01;31m\x1b[KRCLCPP_INFO\x1b[m\x1b[K(node->get_logger(), "Reached bottom");\n'}
[5.990885] (aurora_core) StderrLine: {'line': b'      |     \x1b[01;31m\x1b[K^~~~~~~~~~~\x1b[m\x1b[K\n'}
[5.990988] (aurora_core) StderrLine: {'line': b'\x1b[01m\x1b[K/home/brown/Projects/MiningRobot/ros2_workspace/src/aurora_core/src/aurora_node_core.cpp:141:5:\x1b[m\x1b[K \x1b[01;31m\x1b[Kerror: \x1b[m\x1b[K\xe2\x80\x98\x1b[01m\x1b[K<declaration error>\x1b[m\x1b[K\xe2\x80\x99 is not a template [\x1b[01;31m\x1b[K\x1b]8;;https://gcc.gnu.org/onlinedocs/gcc/Warning-Options.html#index-fpermissive\x07-fpermissive\x1b]8;;\x07\x1b[m\x1b[K]\n'}
[5.991137] (aurora_core) StderrLine: {'line': b'  141 |     \x1b[01;31m\x1b[KRCLCPP_INFO\x1b[m\x1b[K(node->get_logger(), "Reached bottom");\n'}
[5.991255] (aurora_core) StderrLine: {'line': b'      |     \x1b[01;31m\x1b[K^~~~~~~~~~~\x1b[m\x1b[K\n'}
[5.991358] (aurora_core) StderrLine: {'line': b'\x1b[01m\x1b[K/home/brown/Projects/MiningRobot/ros2_workspace/src/aurora_core/src/aurora_node_core.cpp:141:5:\x1b[m\x1b[K \x1b[01;31m\x1b[Kerror: \x1b[m\x1b[Ktemplate argument 1 is invalid\n'}
[5.991464] (aurora_core) StderrLine: {'line': b'  141 |     \x1b[01;31m\x1b[KRCLCPP_INFO\x1b[m\x1b[K(node->get_logger(), "Reached bottom");\n'}
[5.991589] (aurora_core) StderrLine: {'line': b'      |     \x1b[01;31m\x1b[K^~~~~~~~~~~\x1b[m\x1b[K\n'}
[5.991689] (aurora_core) StderrLine: {'line': b'\x1b[01m\x1b[K/home/brown/Projects/MiningRobot/ros2_workspace/src/aurora_core/src/aurora_node_core.cpp:141:5:\x1b[m\x1b[K \x1b[01;31m\x1b[Kerror: \x1b[m\x1b[K\xe2\x80\x98\x1b[01m\x1b[K<declaration error>\x1b[m\x1b[K\xe2\x80\x99 is not a template [\x1b[01;31m\x1b[K\x1b]8;;https://gcc.gnu.org/onlinedocs/gcc/Warning-Options.html#index-fpermissive\x07-fpermissive\x1b]8;;\x07\x1b[m\x1b[K]\n'}
[5.991793] (aurora_core) StderrLine: {'line': b'  141 |     \x1b[01;31m\x1b[KRCLCPP_INFO\x1b[m\x1b[K(node->get_logger(), "Reached bottom");\n'}
[5.991896] (aurora_core) StderrLine: {'line': b'      |     \x1b[01;31m\x1b[K^~~~~~~~~~~\x1b[m\x1b[K\n'}
[5.992005] (aurora_core) StderrLine: {'line': b'\x1b[01m\x1b[K/home/brown/Projects/MiningRobot/ros2_workspace/src/aurora_core/src/aurora_node_core.cpp:141:5:\x1b[m\x1b[K \x1b[01;31m\x1b[Kerror: \x1b[m\x1b[Ktemplate argument 1 is invalid\n'}
[5.992133] (aurora_core) StderrLine: {'line': b'  141 |     \x1b[01;31m\x1b[KRCLCPP_INFO\x1b[m\x1b[K(node->get_logger(), "Reached bottom");\n'}
[5.992325] (aurora_core) StderrLine: {'line': b'      |     \x1b[01;31m\x1b[K^~~~~~~~~~~\x1b[m\x1b[K\n'}
[6.039552] (-) TimerEvent: {}
[6.140221] (-) TimerEvent: {}
[6.240677] (-) TimerEvent: {}
[6.341052] (-) TimerEvent: {}
[6.441491] (-) TimerEvent: {}
[6.541945] (-) TimerEvent: {}
[6.642363] (-) TimerEvent: {}
[6.742718] (-) TimerEvent: {}
[6.843077] (-) TimerEvent: {}
[6.943439] (-) TimerEvent: {}
[7.043997] (-) TimerEvent: {}
[7.144432] (-) TimerEvent: {}
[7.244826] (-) TimerEvent: {}
[7.345183] (-) TimerEvent: {}
[7.445582] (-) TimerEvent: {}
[7.545944] (-) TimerEvent: {}
[7.566834] (aurora_core) StderrLine: {'line': b'make[2]: *** [CMakeFiles/aurora_node_core.dir/build.make:76: CMakeFiles/aurora_node_core.dir/src/aurora_node_core.cpp.o] Error 1\n'}
[7.567788] (aurora_core) StderrLine: {'line': b'make[1]: *** [CMakeFiles/Makefile2:137: CMakeFiles/aurora_node_core.dir/all] Error 2\n'}
[7.568079] (aurora_core) StderrLine: {'line': b'make: *** [Makefile:146: all] Error 2\n'}
[7.571451] (aurora_core) CommandEnded: {'returncode': 2}
[7.646077] (-) TimerEvent: {}
[7.746532] (-) TimerEvent: {}
[7.847307] (-) TimerEvent: {}
[7.886165] (aurora_core) JobEnded: {'identifier': 'aurora_core', 'rc': 2}
[7.897546] (-) EventReactorShutdown: {}
