[01m[K/home/brown/Projects/MiningRobot/ros2_workspace/src/aurora_core/src/aurora_node_core.cpp:[m[K In function ‘[01m[Kint[01;32m[K main[m[K(int, char**)[m[K’:
[01m[K/home/brown/Projects/MiningRobot/ros2_workspace/src/aurora_core/src/aurora_node_core.cpp:79:68:[m[K [01;31m[Kerror: [m[K‘[01m[Kemulate_tty[m[K’ was not declared in this scope
   79 |     auto node = std::make_shared<rclcpp::Node>("aurora_node_core", [01;31m[Kemulate_tty[m[K=True);
      |                                                                    [01;31m[K^~~~~~~~~~~[m[K
[01m[K/home/brown/Projects/MiningRobot/ros2_workspace/src/aurora_core/src/aurora_node_core.cpp:79:80:[m[K [01;31m[Kerror: [m[K‘[01m[KTrue[m[K’ was not declared in this scope
   79 |     auto node = std::make_shared<rclcpp::Node>("aurora_node_core", emulate_tty=[01;31m[KTrue[m[K);
      |                                                                                [01;31m[K^~~~[m[K
In file included from [01m[K/opt/ros/humble/include/rclcpp/rclcpp/client.hpp:40[m[K,
                 from [01m[K/opt/ros/humble/include/rclcpp/rclcpp/callback_group.hpp:24[m[K,
                 from [01m[K/opt/ros/humble/include/rclcpp/rclcpp/any_executable.hpp:20[m[K,
                 from [01m[K/opt/ros/humble/include/rclcpp/rclcpp/memory_strategy.hpp:25[m[K,
                 from [01m[K/opt/ros/humble/include/rclcpp/rclcpp/memory_strategies.hpp:18[m[K,
                 from [01m[K/opt/ros/humble/include/rclcpp/rclcpp/executor_options.hpp:20[m[K,
                 from [01m[K/opt/ros/humble/include/rclcpp/rclcpp/executor.hpp:37[m[K,
                 from [01m[K/opt/ros/humble/include/rclcpp/rclcpp/executors/multi_threaded_executor.hpp:25[m[K,
                 from [01m[K/opt/ros/humble/include/rclcpp/rclcpp/executors.hpp:21[m[K,
                 from [01m[K/opt/ros/humble/include/rclcpp/rclcpp/rclcpp.hpp:155[m[K,
                 from [01m[K/home/brown/Projects/MiningRobot/ros2_workspace/src/aurora_core/src/aurora_node_core.cpp:10[m[K:
[01m[K/home/brown/Projects/MiningRobot/ros2_workspace/src/aurora_core/src/aurora_node_core.cpp:141:5:[m[K [01;31m[Kerror: [m[Ktemplate argument 1 is invalid
  141 |     [01;31m[KRCLCPP_INFO[m[K(node->get_logger(), "Reached bottom");
      |     [01;31m[K^~~~~~~~~~~[m[K
[01m[K/home/brown/Projects/MiningRobot/ros2_workspace/src/aurora_core/src/aurora_node_core.cpp:141:5:[m[K [01;31m[Kerror: [m[K‘[01m[K<declaration error>[m[K’ is not a template [[01;31m[K]8;;https://gcc.gnu.org/onlinedocs/gcc/Warning-Options.html#index-fpermissive-fpermissive]8;;[m[K]
  141 |     [01;31m[KRCLCPP_INFO[m[K(node->get_logger(), "Reached bottom");
      |     [01;31m[K^~~~~~~~~~~[m[K
[01m[K/home/brown/Projects/MiningRobot/ros2_workspace/src/aurora_core/src/aurora_node_core.cpp:141:5:[m[K [01;31m[Kerror: [m[Ktemplate argument 1 is invalid
  141 |     [01;31m[KRCLCPP_INFO[m[K(node->get_logger(), "Reached bottom");
      |     [01;31m[K^~~~~~~~~~~[m[K
[01m[K/home/brown/Projects/MiningRobot/ros2_workspace/src/aurora_core/src/aurora_node_core.cpp:141:5:[m[K [01;31m[Kerror: [m[K‘[01m[K<declaration error>[m[K’ is not a template [[01;31m[K]8;;https://gcc.gnu.org/onlinedocs/gcc/Warning-Options.html#index-fpermissive-fpermissive]8;;[m[K]
  141 |     [01;31m[KRCLCPP_INFO[m[K(node->get_logger(), "Reached bottom");
      |     [01;31m[K^~~~~~~~~~~[m[K
[01m[K/home/brown/Projects/MiningRobot/ros2_workspace/src/aurora_core/src/aurora_node_core.cpp:141:5:[m[K [01;31m[Kerror: [m[Ktemplate argument 1 is invalid
  141 |     [01;31m[KRCLCPP_INFO[m[K(node->get_logger(), "Reached bottom");
      |     [01;31m[K^~~~~~~~~~~[m[K
make[2]: *** [CMakeFiles/aurora_node_core.dir/build.make:76: CMakeFiles/aurora_node_core.dir/src/aurora_node_core.cpp.o] Error 1
make[1]: *** [CMakeFiles/Makefile2:137: CMakeFiles/aurora_node_core.dir/all] Error 2
make: *** [Makefile:146: all] Error 2
