[0.408s] Invoking command in '/home/brown/Projects/MiningRobot/ros2_workspace/build/aurora_core': CMAKE_PREFIX_PATH=/home/brown/Projects/MiningRobot/ros2_workspace/install/ros2_ouster:/home/brown/Projects/MiningRobot/ros2_workspace/install/pcl_conversions:/home/brown/Projects/MiningRobot/ros2_workspace/install/pcl_msgs:/home/brown/Projects/MiningRobot/ros2_workspace/install/ouster_msgs:/home/brown/Projects/MiningRobot/ros2_workspace/install/aurora_core:/home/brown/Projects/MiningRobot/ros2_workspace/install/perception_pcl:/home/brown/Projects/MiningRobot/ros2_workspace/install/pcl_ros:/opt/ros/humble LD_LIBRARY_PATH=/home/brown/Projects/MiningRobot/ros2_workspace/install/ros2_ouster/lib:/home/brown/Projects/MiningRobot/ros2_workspace/install/pcl_msgs/lib:/home/brown/Projects/MiningRobot/ros2_workspace/install/ouster_msgs/lib:/home/brown/Projects/MiningRobot/ros2_workspace/install/pcl_ros/lib:/opt/ros/humble/opt/yaml_cpp_vendor/lib:/opt/ros/humble/opt/rviz_ogre_vendor/lib:/opt/ros/humble/lib _=/usr/bin/env /usr/bin/cmake --build /home/brown/Projects/MiningRobot/ros2_workspace/build/aurora_core -- -j4 -l4
[0.688s] [ 50%] [32mBuilding CXX object CMakeFiles/aurora_node_core.dir/src/aurora_node_core.cpp.o[0m
[9.531s] [01m[K/home/brown/Projects/MiningRobot/ros2_workspace/src/aurora_core/src/aurora_node_core.cpp:[m[K In function ‘[01m[Kint[01;32m[K main[m[K(int, char**)[m[K’:
[9.531s] [01m[K/home/brown/Projects/MiningRobot/ros2_workspace/src/aurora_core/src/aurora_node_core.cpp:82:9:[m[K [01;35m[Kwarning: [m[Kvariable ‘[01m[Kmillisleep[m[K’ set but not used [[01;35m[K]8;;https://gcc.gnu.org/onlinedocs/gcc/Warning-Options.html#index-Wunused-but-set-variable-Wunused-but-set-variable]8;;[m[K]
[9.531s]    82 |     int [01;35m[Kmillisleep[m[K=10; // <- run at 100Hz max
[9.531s]       |         [01;35m[K^~~~~~~~~~[m[K
[13.495s] [100%] [32m[1mLinking CXX executable aurora_node_core[0m
[19.581s] [100%] Built target aurora_node_core
[19.614s] Invoked command in '/home/brown/Projects/MiningRobot/ros2_workspace/build/aurora_core' returned '0': CMAKE_PREFIX_PATH=/home/brown/Projects/MiningRobot/ros2_workspace/install/ros2_ouster:/home/brown/Projects/MiningRobot/ros2_workspace/install/pcl_conversions:/home/brown/Projects/MiningRobot/ros2_workspace/install/pcl_msgs:/home/brown/Projects/MiningRobot/ros2_workspace/install/ouster_msgs:/home/brown/Projects/MiningRobot/ros2_workspace/install/aurora_core:/home/brown/Projects/MiningRobot/ros2_workspace/install/perception_pcl:/home/brown/Projects/MiningRobot/ros2_workspace/install/pcl_ros:/opt/ros/humble LD_LIBRARY_PATH=/home/brown/Projects/MiningRobot/ros2_workspace/install/ros2_ouster/lib:/home/brown/Projects/MiningRobot/ros2_workspace/install/pcl_msgs/lib:/home/brown/Projects/MiningRobot/ros2_workspace/install/ouster_msgs/lib:/home/brown/Projects/MiningRobot/ros2_workspace/install/pcl_ros/lib:/opt/ros/humble/opt/yaml_cpp_vendor/lib:/opt/ros/humble/opt/rviz_ogre_vendor/lib:/opt/ros/humble/lib _=/usr/bin/env /usr/bin/cmake --build /home/brown/Projects/MiningRobot/ros2_workspace/build/aurora_core -- -j4 -l4
[19.858s] Invoking command in '/home/brown/Projects/MiningRobot/ros2_workspace/build/aurora_core': CMAKE_PREFIX_PATH=/home/brown/Projects/MiningRobot/ros2_workspace/install/ros2_ouster:/home/brown/Projects/MiningRobot/ros2_workspace/install/pcl_conversions:/home/brown/Projects/MiningRobot/ros2_workspace/install/pcl_msgs:/home/brown/Projects/MiningRobot/ros2_workspace/install/ouster_msgs:/home/brown/Projects/MiningRobot/ros2_workspace/install/aurora_core:/home/brown/Projects/MiningRobot/ros2_workspace/install/perception_pcl:/home/brown/Projects/MiningRobot/ros2_workspace/install/pcl_ros:/opt/ros/humble LD_LIBRARY_PATH=/home/brown/Projects/MiningRobot/ros2_workspace/install/ros2_ouster/lib:/home/brown/Projects/MiningRobot/ros2_workspace/install/pcl_msgs/lib:/home/brown/Projects/MiningRobot/ros2_workspace/install/ouster_msgs/lib:/home/brown/Projects/MiningRobot/ros2_workspace/install/pcl_ros/lib:/opt/ros/humble/opt/yaml_cpp_vendor/lib:/opt/ros/humble/opt/rviz_ogre_vendor/lib:/opt/ros/humble/lib _=/usr/bin/env /usr/bin/cmake --install /home/brown/Projects/MiningRobot/ros2_workspace/build/aurora_core
[19.884s] -- Install configuration: ""
[19.885s] -- Installing: /home/brown/Projects/MiningRobot/ros2_workspace/install/aurora_core/lib/aurora_core/aurora_node_core
[19.895s] -- Set runtime path of "/home/brown/Projects/MiningRobot/ros2_workspace/install/aurora_core/lib/aurora_core/aurora_node_core" to ""
[19.896s] -- Up-to-date: /home/brown/Projects/MiningRobot/ros2_workspace/install/aurora_core/share/ament_index/resource_index/package_run_dependencies/aurora_core
[19.896s] -- Up-to-date: /home/brown/Projects/MiningRobot/ros2_workspace/install/aurora_core/share/ament_index/resource_index/parent_prefix_path/aurora_core
[19.897s] -- Up-to-date: /home/brown/Projects/MiningRobot/ros2_workspace/install/aurora_core/share/aurora_core/environment/ament_prefix_path.sh
[19.897s] -- Up-to-date: /home/brown/Projects/MiningRobot/ros2_workspace/install/aurora_core/share/aurora_core/environment/ament_prefix_path.dsv
[19.897s] -- Up-to-date: /home/brown/Projects/MiningRobot/ros2_workspace/install/aurora_core/share/aurora_core/environment/path.sh
[19.898s] -- Up-to-date: /home/brown/Projects/MiningRobot/ros2_workspace/install/aurora_core/share/aurora_core/environment/path.dsv
[19.901s] -- Up-to-date: /home/brown/Projects/MiningRobot/ros2_workspace/install/aurora_core/share/aurora_core/local_setup.bash
[19.902s] -- Up-to-date: /home/brown/Projects/MiningRobot/ros2_workspace/install/aurora_core/share/aurora_core/local_setup.sh
[19.915s] -- Up-to-date: /home/brown/Projects/MiningRobot/ros2_workspace/install/aurora_core/share/aurora_core/local_setup.zsh
[19.916s] -- Up-to-date: /home/brown/Projects/MiningRobot/ros2_workspace/install/aurora_core/share/aurora_core/local_setup.dsv
[19.917s] -- Installing: /home/brown/Projects/MiningRobot/ros2_workspace/install/aurora_core/share/aurora_core/package.dsv
[19.918s] -- Up-to-date: /home/brown/Projects/MiningRobot/ros2_workspace/install/aurora_core/share/ament_index/resource_index/packages/aurora_core
[19.919s] -- Up-to-date: /home/brown/Projects/MiningRobot/ros2_workspace/install/aurora_core/share/aurora_core/cmake/aurora_coreConfig.cmake
[19.920s] -- Up-to-date: /home/brown/Projects/MiningRobot/ros2_workspace/install/aurora_core/share/aurora_core/cmake/aurora_coreConfig-version.cmake
[19.929s] -- Up-to-date: /home/brown/Projects/MiningRobot/ros2_workspace/install/aurora_core/share/aurora_core/package.xml
[19.931s] Invoked command in '/home/brown/Projects/MiningRobot/ros2_workspace/build/aurora_core' returned '0': CMAKE_PREFIX_PATH=/home/brown/Projects/MiningRobot/ros2_workspace/install/ros2_ouster:/home/brown/Projects/MiningRobot/ros2_workspace/install/pcl_conversions:/home/brown/Projects/MiningRobot/ros2_workspace/install/pcl_msgs:/home/brown/Projects/MiningRobot/ros2_workspace/install/ouster_msgs:/home/brown/Projects/MiningRobot/ros2_workspace/install/aurora_core:/home/brown/Projects/MiningRobot/ros2_workspace/install/perception_pcl:/home/brown/Projects/MiningRobot/ros2_workspace/install/pcl_ros:/opt/ros/humble LD_LIBRARY_PATH=/home/brown/Projects/MiningRobot/ros2_workspace/install/ros2_ouster/lib:/home/brown/Projects/MiningRobot/ros2_workspace/install/pcl_msgs/lib:/home/brown/Projects/MiningRobot/ros2_workspace/install/ouster_msgs/lib:/home/brown/Projects/MiningRobot/ros2_workspace/install/pcl_ros/lib:/opt/ros/humble/opt/yaml_cpp_vendor/lib:/opt/ros/humble/opt/rviz_ogre_vendor/lib:/opt/ros/humble/lib _=/usr/bin/env /usr/bin/cmake --install /home/brown/Projects/MiningRobot/ros2_workspace/build/aurora_core
