[0.000000] (-) TimerEvent: {}
[0.000389] (-) JobUnselected: {'identifier': 'ouster_msgs'}
[0.000850] (-) JobUnselected: {'identifier': 'pcl_conversions'}
[0.001125] (-) JobUnselected: {'identifier': 'pcl_msgs'}
[0.001423] (-) JobUnselected: {'identifier': 'pcl_ros'}
[0.001580] (-) JobUnselected: {'identifier': 'perception_pcl'}
[0.001754] (-) JobUnselected: {'identifier': 'ros2_ouster'}
[0.001930] (aurora_core) JobQueued: {'identifier': 'aurora_core', 'dependencies': OrderedDict([('ouster_msgs', '/home/brown/Projects/MiningRobot/ros2_workspace/install/ouster_msgs'), ('pcl_msgs', '/home/brown/Projects/MiningRobot/ros2_workspace/install/pcl_msgs'), ('pcl_conversions', '/home/brown/Projects/MiningRobot/ros2_workspace/install/pcl_conversions'), ('ros2_ouster', '/home/brown/Projects/MiningRobot/ros2_workspace/install/ros2_ouster')])}
[0.002132] (aurora_core) JobStarted: {'identifier': 'aurora_core'}
[0.099561] (-) TimerEvent: {}
[0.174125] (aurora_core) JobProgress: {'identifier': 'aurora_core', 'progress': 'cmake'}
[0.175443] (aurora_core) JobProgress: {'identifier': 'aurora_core', 'progress': 'build'}
[0.176550] (aurora_core) Command: {'cmd': ['/usr/bin/cmake', '--build', '/home/brown/Projects/MiningRobot/ros2_workspace/build/aurora_core', '--', '-j4', '-l4'], 'cwd': '/home/brown/Projects/MiningRobot/ros2_workspace/build/aurora_core', 'env': OrderedDict([('SHELL', '/bin/bash'), ('ROS_VERSION', '2'), ('WINDOWID', '1'), ('COLORTERM', 'truecolor'), ('XDG_CONFIG_DIRS', '/home/brown/.config/kdedefaults:/etc/xdg'), ('KGLOBALACCELD_PLATFORM', 'org.kde.kwin'), ('TERM_PROGRAM_VERSION', '3.3a'), ('TMUX', '/tmp/tmux-1000/default,1806,0'), ('PKG_CONFIG_PATH', '/opt/ros/humble/lib/pkgconfig'), ('ROS_PYTHON_VERSION', '3'), ('LANGUAGE', ''), ('SHELL_SESSION_ID', 'adab33755f16428db603933a933b68e7'), ('MEMORY_PRESSURE_WRITE', 'c29tZSAyMDAwMDAgMjAwMDAwMAA='), ('XCURSOR_SIZE', '24'), ('EDITOR', '/usr/bin/nvim'), ('XDG_SEAT', 'seat0'), ('PWD', '/home/brown/Projects/MiningRobot/ros2_workspace/build/aurora_core'), ('LOGNAME', 'brown'), ('XDG_SESSION_TYPE', 'wayland'), ('SYSTEMD_EXEC_PID', '506'), ('XAUTHORITY', '/run/user/1000/xauth_qwjjoz'), ('MOTD_SHOWN', 'pam'), ('HOME', '/home/brown'), ('LANG', 'C.UTF-8'), ('XDG_CURRENT_DESKTOP', 'KDE'), ('KONSOLE_DBUS_SERVICE', ':1.86'), ('MEMORY_PRESSURE_WATCH', '/sys/fs/cgroup/user.slice/user-1000.slice/user@1000.service/session.slice/plasma-kwin_wayland.service/memory.pressure'), ('WAYLAND_DISPLAY', 'wayland-0'), ('KONSOLE_DBUS_SESSION', '/Sessions/2'), ('PROFILEHOME', ''), ('AMENT_PREFIX_PATH', '/home/brown/Projects/MiningRobot/ros2_workspace/install/aurora_core:/home/brown/Projects/MiningRobot/ros2_workspace/install/ros2_ouster:/home/brown/Projects/MiningRobot/ros2_workspace/install/perception_pcl:/home/brown/Projects/MiningRobot/ros2_workspace/install/pcl_ros:/home/brown/Projects/MiningRobot/ros2_workspace/install/pcl_conversions:/home/brown/Projects/MiningRobot/ros2_workspace/install/pcl_msgs:/home/brown/Projects/MiningRobot/ros2_workspace/install/ouster_msgs:/opt/ros/humble'), ('CMAKE_PREFIX_PATH', '/home/brown/Projects/MiningRobot/ros2_workspace/install/ros2_ouster:/home/brown/Projects/MiningRobot/ros2_workspace/install/pcl_conversions:/home/brown/Projects/MiningRobot/ros2_workspace/install/pcl_msgs:/home/brown/Projects/MiningRobot/ros2_workspace/install/ouster_msgs:/home/brown/Projects/MiningRobot/ros2_workspace/install/aurora_core:/home/brown/Projects/MiningRobot/ros2_workspace/install/perception_pcl:/home/brown/Projects/MiningRobot/ros2_workspace/install/pcl_ros:/opt/ros/humble'), ('COLCON_PREFIX_PATH', '/home/brown/Projects/MiningRobot/ros2_workspace/install:/opt/ros/humble'), ('INVOCATION_ID', '0451ff8a5b7f45339296dc187b8cbfb5'), ('KONSOLE_VERSION', '230801'), ('MANAGERPID', '465'), ('KDE_SESSION_UID', '1000'), ('XDG_ACTIVATION_TOKEN', 'kwin-2'), ('XDG_SESSION_CLASS', 'user'), ('PYTHONPATH', '/home/brown/Projects/MiningRobot/ros2_workspace/install/pcl_msgs/lib/python3.11/site-packages:/home/brown/Projects/MiningRobot/ros2_workspace/install/ouster_msgs/lib/python3.11/site-packages:/home/brown/.cache/yay/ros2-humble/src/install/lib/python3.11/dist-packages:/opt/ros/humble/lib/python3.11/site-packages'), ('COLCON', '1'), ('TERM', 'xterm-256color'), ('USER', 'brown'), ('TMUX_PANE', '%6'), ('CUDA_PATH', '/opt/cuda'), ('COLORFGBG', '15;0'), ('PLASMA_USE_QT_SCALING', '1'), ('KDE_SESSION_VERSION', '5'), ('QT_WAYLAND_FORCE_DPI', '96'), ('DISPLAY', ':0'), ('SHLVL', '2'), ('XDG_VTNR', '1'), ('XDG_SESSION_ID', '1'), ('LD_LIBRARY_PATH', '/home/brown/Projects/MiningRobot/ros2_workspace/install/ros2_ouster/lib:/home/brown/Projects/MiningRobot/ros2_workspace/install/pcl_msgs/lib:/home/brown/Projects/MiningRobot/ros2_workspace/install/ouster_msgs/lib:/home/brown/Projects/MiningRobot/ros2_workspace/install/pcl_ros/lib:/opt/ros/humble/opt/yaml_cpp_vendor/lib:/opt/ros/humble/opt/rviz_ogre_vendor/lib:/opt/ros/humble/lib'), ('XDG_RUNTIME_DIR', '/run/user/1000'), ('ROS_LOCALHOST_ONLY', '0'), ('DEBUGINFOD_URLS', 'https://debuginfod.archlinux.org'), ('QT_AUTO_SCREEN_SCALE_FACTOR', '0'), ('JOURNAL_STREAM', '8:14885'), ('XCURSOR_THEME', 'breeze_cursors'), ('XDG_DATA_DIRS', '/home/brown/.local/share/flatpak/exports/share:/var/lib/flatpak/exports/share:/usr/local/share/:/usr/share/'), ('KDE_FULL_SESSION', 'true'), ('QSG_RENDER_LOOP', 'basic'), ('PATH', '/opt/ros/humble/bin:/home/brown/.local/bin:/home/brown/.local/bin:/home/brown/.local/bin:/usr/local/sbin:/usr/local/bin:/usr/bin:/opt/cuda/bin:/opt/cuda/nsight_compute:/opt/cuda/nsight_systems/bin:/var/lib/flatpak/exports/bin:/usr/lib/jvm/default/bin:/usr/bin/site_perl:/usr/bin/vendor_perl:/usr/bin/core_perl:/opt/cuda/bin:/opt/cuda/nsight_compute:/opt/cuda/nsight_systems/bin'), ('DBUS_SESSION_BUS_ADDRESS', 'unix:path=/run/user/1000/bus'), ('KDE_APPLICATIONS_AS_SCOPE', '1'), ('MAIL', '/var/spool/mail/brown'), ('ROS_DISTRO', 'humble'), ('OLDPWD', '/home/brown/Projects/MiningRobot/ros2_workspace/src/aurora_core'), ('TERM_PROGRAM', 'tmux'), ('KONSOLE_DBUS_WINDOW', '/Windows/1'), ('_', '/usr/bin/env')]), 'shell': False}
[0.199691] (-) TimerEvent: {}
[0.220960] (aurora_core) StdoutLine: {'line': b'-- Found ament_cmake: 1.3.5 (/opt/ros/humble/share/ament_cmake/cmake)\n'}
[0.299800] (-) TimerEvent: {}
[0.400162] (-) TimerEvent: {}
[0.500466] (-) TimerEvent: {}
[0.582820] (aurora_core) StdoutLine: {'line': b'-- Found ament_lint_auto: 0.12.8 (/opt/ros/humble/share/ament_lint_auto/cmake)\n'}
[0.600581] (-) TimerEvent: {}
[0.700949] (-) TimerEvent: {}
[0.727173] (aurora_core) StdoutLine: {'line': b'-- Found rclcpp: 16.0.6 (/opt/ros/humble/share/rclcpp/cmake)\n'}
[0.793715] (aurora_core) StdoutLine: {'line': b'-- Found rosidl_generator_c: 3.1.5 (/opt/ros/humble/share/rosidl_generator_c/cmake)\n'}
[0.797980] (aurora_core) StdoutLine: {'line': b'-- Found rosidl_adapter: 3.1.5 (/opt/ros/humble/share/rosidl_adapter/cmake)\n'}
[0.801033] (-) TimerEvent: {}
[0.808065] (aurora_core) StdoutLine: {'line': b'-- Found rosidl_generator_cpp: 3.1.5 (/opt/ros/humble/share/rosidl_generator_cpp/cmake)\n'}
[0.828277] (aurora_core) StdoutLine: {'line': b'-- Using all available rosidl_typesupport_c: rosidl_typesupport_fastrtps_c;rosidl_typesupport_introspection_c\n'}
[0.856112] (aurora_core) StdoutLine: {'line': b'-- Using all available rosidl_typesupport_cpp: rosidl_typesupport_fastrtps_cpp;rosidl_typesupport_introspection_cpp\n'}
[0.901161] (-) TimerEvent: {}
[0.958489] (aurora_core) StdoutLine: {'line': b'-- Found rmw_implementation_cmake: 6.1.1 (/opt/ros/humble/share/rmw_implementation_cmake/cmake)\n'}
[0.960873] (aurora_core) StdoutLine: {'line': b'-- Found rmw_fastrtps_cpp: 6.2.4 (/opt/ros/humble/share/rmw_fastrtps_cpp/cmake)\n'}
[1.001274] (-) TimerEvent: {}
[1.101626] (-) TimerEvent: {}
[1.103079] (aurora_core) StdoutLine: {'line': b"-- Using RMW implementation 'rmw_fastrtps_cpp' as default\n"}
[1.201736] (-) TimerEvent: {}
[1.302139] (-) TimerEvent: {}
[1.401861] (aurora_core) StdoutLine: {'line': b'-- Found ros2_ouster: 0.5.0 (/home/brown/Projects/MiningRobot/ros2_workspace/install/ros2_ouster/share/ros2_ouster/cmake)\n'}
[1.402143] (-) TimerEvent: {}
[1.502425] (-) TimerEvent: {}
[1.602780] (-) TimerEvent: {}
[1.703256] (-) TimerEvent: {}
[1.803612] (-) TimerEvent: {}
[1.903984] (-) TimerEvent: {}
[2.004345] (-) TimerEvent: {}
[2.104720] (-) TimerEvent: {}
[2.205094] (-) TimerEvent: {}
[2.305439] (-) TimerEvent: {}
[2.405801] (-) TimerEvent: {}
[2.493474] (aurora_core) StdoutLine: {'line': b'-- Found eigen3_cmake_module: 0.1.1 (/opt/ros/humble/share/eigen3_cmake_module/cmake)\n'}
[2.495534] (aurora_core) StdoutLine: {'line': b'-- Ensuring Eigen3 include directory is part of orocos-kdl CMake target\n'}
[2.505888] (-) TimerEvent: {}
[2.606195] (-) TimerEvent: {}
[2.706570] (-) TimerEvent: {}
[2.738542] (aurora_core) StderrLine: {'line': b'\x1b[33mCMake Warning (dev) at /usr/share/pcl-1.13/PCLConfig.cmake:143 (find_package):\n'}
[2.738797] (aurora_core) StderrLine: {'line': b'  Policy CMP0144 is not set: find_package uses upper-case <PACKAGENAME>_ROOT\n'}
[2.738907] (aurora_core) StderrLine: {'line': b'  variables.  Run "cmake --help-policy CMP0144" for policy details.  Use the\n'}
[2.739009] (aurora_core) StderrLine: {'line': b'  cmake_policy command to set the policy and suppress this warning.\n'}
[2.739108] (aurora_core) StderrLine: {'line': b'\n'}
[2.739207] (aurora_core) StderrLine: {'line': b'  CMake variable EIGEN_ROOT is set to:\n'}
[2.739306] (aurora_core) StderrLine: {'line': b'\n'}
[2.739404] (aurora_core) StderrLine: {'line': b'    /usr/include/eigen3\n'}
[2.739502] (aurora_core) StderrLine: {'line': b'\n'}
[2.739598] (aurora_core) StderrLine: {'line': b'  For compatibility, find_package is ignoring the variable, but code in a\n'}
[2.739696] (aurora_core) StderrLine: {'line': b'  .cmake module might still use it.\n'}
[2.739794] (aurora_core) StderrLine: {'line': b'Call Stack (most recent call first):\n'}
[2.739893] (aurora_core) StderrLine: {'line': b'  /usr/share/pcl-1.13/PCLConfig.cmake:296 (find_eigen)\n'}
[2.739992] (aurora_core) StderrLine: {'line': b'  /usr/share/pcl-1.13/PCLConfig.cmake:549 (find_external_library)\n'}
[2.740089] (aurora_core) StderrLine: {'line': b'  /home/brown/Projects/MiningRobot/ros2_workspace/install/pcl_conversions/share/pcl_conversions/cmake/ament_cmake_export_dependencies-extras.cmake:21 (find_package)\n'}
[2.740188] (aurora_core) StderrLine: {'line': b'  /home/brown/Projects/MiningRobot/ros2_workspace/install/pcl_conversions/share/pcl_conversions/cmake/pcl_conversionsConfig.cmake:41 (include)\n'}
[2.740286] (aurora_core) StderrLine: {'line': b'  /home/brown/Projects/MiningRobot/ros2_workspace/install/ros2_ouster/share/ros2_ouster/cmake/ament_cmake_export_dependencies-extras.cmake:21 (find_package)\n'}
[2.740383] (aurora_core) StderrLine: {'line': b'  /home/brown/Projects/MiningRobot/ros2_workspace/install/ros2_ouster/share/ros2_ouster/cmake/ros2_ousterConfig.cmake:41 (include)\n'}
[2.740480] (aurora_core) StderrLine: {'line': b'  CMakeLists.txt:27 (find_package)\n'}
[2.740577] (aurora_core) StderrLine: {'line': b'This warning is for project developers.  Use -Wno-dev to suppress it.\n'}
[2.740672] (aurora_core) StderrLine: {'line': b'\x1b[0m\n'}
[2.746007] (aurora_core) StdoutLine: {'line': b'-- Eigen found (include: /usr/include/eigen3, version: 3.4.0)\n'}
[2.761834] (aurora_core) StderrLine: {'line': b'\x1b[33mCMake Warning (dev) at /usr/share/pcl-1.13/Modules/FindFLANN.cmake:45 (find_package):\n'}
[2.762050] (aurora_core) StderrLine: {'line': b'  Policy CMP0144 is not set: find_package uses upper-case <PACKAGENAME>_ROOT\n'}
[2.762157] (aurora_core) StderrLine: {'line': b'  variables.  Run "cmake --help-policy CMP0144" for policy details.  Use the\n'}
[2.762258] (aurora_core) StderrLine: {'line': b'  cmake_policy command to set the policy and suppress this warning.\n'}
[2.762358] (aurora_core) StderrLine: {'line': b'\n'}
[2.762459] (aurora_core) StderrLine: {'line': b'  CMake variable FLANN_ROOT is set to:\n'}
[2.762577] (aurora_core) StderrLine: {'line': b'\n'}
[2.762678] (aurora_core) StderrLine: {'line': b'    /usr\n'}
[2.762778] (aurora_core) StderrLine: {'line': b'\n'}
[2.762876] (aurora_core) StderrLine: {'line': b'  For compatibility, find_package is ignoring the variable, but code in a\n'}
[2.762983] (aurora_core) StderrLine: {'line': b'  .cmake module might still use it.\n'}
[2.763081] (aurora_core) StderrLine: {'line': b'Call Stack (most recent call first):\n'}
[2.763179] (aurora_core) StderrLine: {'line': b'  /usr/share/pcl-1.13/PCLConfig.cmake:253 (find_package)\n'}
[2.763276] (aurora_core) StderrLine: {'line': b'  /usr/share/pcl-1.13/PCLConfig.cmake:298 (find_flann)\n'}
[2.763375] (aurora_core) StderrLine: {'line': b'  /usr/share/pcl-1.13/PCLConfig.cmake:549 (find_external_library)\n'}
[2.763534] (aurora_core) StderrLine: {'line': b'  /home/brown/Projects/MiningRobot/ros2_workspace/install/pcl_conversions/share/pcl_conversions/cmake/ament_cmake_export_dependencies-extras.cmake:21 (find_package)\n'}
[2.763637] (aurora_core) StderrLine: {'line': b'  /home/brown/Projects/MiningRobot/ros2_workspace/install/pcl_conversions/share/pcl_conversions/cmake/pcl_conversionsConfig.cmake:41 (include)\n'}
[2.763738] (aurora_core) StderrLine: {'line': b'  /home/brown/Projects/MiningRobot/ros2_workspace/install/ros2_ouster/share/ros2_ouster/cmake/ament_cmake_export_dependencies-extras.cmake:21 (find_package)\n'}
[2.763836] (aurora_core) StderrLine: {'line': b'  /home/brown/Projects/MiningRobot/ros2_workspace/install/ros2_ouster/share/ros2_ouster/cmake/ros2_ousterConfig.cmake:41 (include)\n'}
[2.763933] (aurora_core) StderrLine: {'line': b'  CMakeLists.txt:27 (find_package)\n'}
[2.764029] (aurora_core) StderrLine: {'line': b'This warning is for project developers.  Use -Wno-dev to suppress it.\n'}
[2.764126] (aurora_core) StderrLine: {'line': b'\x1b[0m\n'}
[2.764225] (aurora_core) StdoutLine: {'line': b'-- Found flann version 1.9.2\n'}
[2.806717] (-) TimerEvent: {}
[2.907199] (-) TimerEvent: {}
[3.007576] (-) TimerEvent: {}
[3.107985] (-) TimerEvent: {}
[3.208359] (-) TimerEvent: {}
[3.308711] (-) TimerEvent: {}
[3.409071] (-) TimerEvent: {}
[3.509432] (-) TimerEvent: {}
[3.609824] (-) TimerEvent: {}
[3.710214] (-) TimerEvent: {}
[3.810626] (-) TimerEvent: {}
[3.910991] (-) TimerEvent: {}
[4.011374] (-) TimerEvent: {}
[4.111810] (-) TimerEvent: {}
[4.212251] (-) TimerEvent: {}
[4.312644] (-) TimerEvent: {}
[4.413086] (-) TimerEvent: {}
[4.513523] (-) TimerEvent: {}
[4.613914] (-) TimerEvent: {}
[4.714309] (-) TimerEvent: {}
[4.814760] (-) TimerEvent: {}
[4.915184] (-) TimerEvent: {}
[5.015615] (-) TimerEvent: {}
[5.116040] (-) TimerEvent: {}
[5.216408] (-) TimerEvent: {}
[5.316790] (-) TimerEvent: {}
[5.417136] (-) TimerEvent: {}
[5.517568] (-) TimerEvent: {}
[5.617945] (-) TimerEvent: {}
[5.718338] (-) TimerEvent: {}
[5.818734] (-) TimerEvent: {}
[5.919147] (-) TimerEvent: {}
[6.019529] (-) TimerEvent: {}
[6.119897] (-) TimerEvent: {}
[6.220263] (-) TimerEvent: {}
[6.247442] (aurora_core) StdoutLine: {'line': b'-- Eigen found (include: /usr/include/eigen3, version: 3.4.0)\n'}
[6.320400] (-) TimerEvent: {}
[6.420807] (-) TimerEvent: {}
[6.521213] (-) TimerEvent: {}
[6.621578] (-) TimerEvent: {}
[6.721988] (-) TimerEvent: {}
[6.822361] (-) TimerEvent: {}
[6.838747] (aurora_core) StdoutLine: {'line': b'-- Found Qhull version 8.0.2\n'}
[6.922490] (-) TimerEvent: {}
[7.022900] (-) TimerEvent: {}
[7.123283] (-) TimerEvent: {}
[7.223640] (-) TimerEvent: {}
[7.323982] (-) TimerEvent: {}
[7.424336] (-) TimerEvent: {}
[7.524681] (-) TimerEvent: {}
[7.625058] (-) TimerEvent: {}
[7.725406] (-) TimerEvent: {}
[7.825751] (-) TimerEvent: {}
[7.926096] (-) TimerEvent: {}
[8.002464] (aurora_core) StdoutLine: {'line': b"-- Added test 'cppcheck' to perform static code analysis on C / C++ code\n"}
[8.002980] (aurora_core) StdoutLine: {'line': b'-- Configured cppcheck include dirs: \n'}
[8.003147] (aurora_core) StdoutLine: {'line': b'-- Configured cppcheck exclude dirs and/or files: \n'}
[8.011039] (aurora_core) StdoutLine: {'line': b"-- Added test 'lint_cmake' to check CMake code style\n"}
[8.026225] (-) TimerEvent: {}
[8.033596] (aurora_core) StdoutLine: {'line': b"-- Added test 'uncrustify' to check C / C++ code style\n"}
[8.033889] (aurora_core) StdoutLine: {'line': b'-- Configured uncrustify additional arguments: \n'}
[8.036670] (aurora_core) StdoutLine: {'line': b"-- Added test 'xmllint' to check XML markup files\n"}
[8.038064] (aurora_core) StdoutLine: {'line': b'-- Configuring done (7.8s)\n'}
[8.122200] (aurora_core) StdoutLine: {'line': b'-- Generating done (0.1s)\n'}
[8.126349] (-) TimerEvent: {}
[8.126884] (aurora_core) StdoutLine: {'line': b'-- Build files have been written to: /home/brown/Projects/MiningRobot/ros2_workspace/build/aurora_core\n'}
[8.224527] (aurora_core) StdoutLine: {'line': b'[ 50%] \x1b[32mBuilding CXX object CMakeFiles/aurora_node_core.dir/src/aurora_node_core.cpp.o\x1b[0m\n'}
[8.226454] (-) TimerEvent: {}
[8.248610] (aurora_core) StderrLine: {'line': b'\x1b[01m\x1b[K/home/brown/Projects/MiningRobot/ros2_workspace/src/aurora_core/src/aurora_node_core.cpp:5:10:\x1b[m\x1b[K \x1b[01;31m\x1b[Kfatal error: \x1b[m\x1b[Kbase/aurora/data_exchange.h: No such file or directory\n'}
[8.248833] (aurora_core) StderrLine: {'line': b'    5 | #include \x1b[01;31m\x1b[K<base/aurora/data_exchange.h>\x1b[m\x1b[K\n'}
[8.248938] (aurora_core) StderrLine: {'line': b'      |          \x1b[01;31m\x1b[K^~~~~~~~~~~~~~~~~~~~~~~~~~~~~\x1b[m\x1b[K\n'}
[8.249038] (aurora_core) StderrLine: {'line': b'compilation terminated.\n'}
[8.249530] (aurora_core) StderrLine: {'line': b'make[2]: *** [CMakeFiles/aurora_node_core.dir/build.make:76: CMakeFiles/aurora_node_core.dir/src/aurora_node_core.cpp.o] Error 1\n'}
[8.249995] (aurora_core) StderrLine: {'line': b'make[1]: *** [CMakeFiles/Makefile2:137: CMakeFiles/aurora_node_core.dir/all] Error 2\n'}
[8.250241] (aurora_core) StderrLine: {'line': b'make: *** [Makefile:146: all] Error 2\n'}
[8.253019] (aurora_core) CommandEnded: {'returncode': 2}
[8.326568] (-) TimerEvent: {}
[8.427515] (-) TimerEvent: {}
[8.470515] (aurora_core) JobEnded: {'identifier': 'aurora_core', 'rc': 2}
[8.472538] (-) EventReactorShutdown: {}
