[0.302s] Invoking command in '/home/brown/Projects/MiningRobot/autonomy/ros2_workspace/build/pcl_msgs': _=/usr/bin/env /usr/bin/cmake /home/brown/Projects/MiningRobot/autonomy/ros2_workspace/src/pcl_msgs -DCMAKE_INSTALL_PREFIX=/home/brown/Projects/MiningRobot/autonomy/ros2_workspace/install/pcl_msgs
[0.522s] -- The C compiler identification is GNU 13.2.1
[0.662s] -- The CXX compiler identification is GNU 13.2.1
[0.696s] -- Detecting C compiler ABI info
[0.834s] -- Detecting C compiler ABI info - done
[0.847s] -- Check for working C compiler: /usr/bin/cc - skipped
[0.848s] -- Detecting C compile features
[0.848s] -- Detecting C compile features - done
[0.873s] -- Detecting CXX compiler ABI info
[1.088s] -- Detecting CXX compiler ABI info - done
[1.111s] -- Check for working CXX compiler: /usr/bin/c++ - skipped
[1.112s] -- Detecting CXX compile features
[1.113s] -- Detecting CXX compile features - done
[1.135s] -- Found ament_cmake: 1.3.5 (/opt/ros/humble/share/ament_cmake/cmake)
[2.107s] -- Found Python3: /usr/bin/python3.11 (found version "3.11.5") found components: Interpreter 
[2.325s] -- Found rosidl_default_generators: 1.2.0 (/opt/ros/humble/share/rosidl_default_generators/cmake)
[2.339s] -- Using all available rosidl_typesupport_c: rosidl_typesupport_fastrtps_c;rosidl_typesupport_introspection_c
[2.358s] -- Found rosidl_adapter: 3.1.5 (/opt/ros/humble/share/rosidl_adapter/cmake)
[2.451s] -- Using all available rosidl_typesupport_cpp: rosidl_typesupport_fastrtps_cpp;rosidl_typesupport_introspection_cpp
[2.558s] -- Found sensor_msgs: 4.2.3 (/opt/ros/humble/share/sensor_msgs/cmake)
[3.947s] -- Found ament_cmake_cppcheck: 0.12.8 (/opt/ros/humble/share/ament_cmake_cppcheck/cmake)
[3.955s] -- Found ament_cmake_cpplint: 0.12.8 (/opt/ros/humble/share/ament_cmake_cpplint/cmake)
[3.961s] -- Found ament_cmake_uncrustify: 0.12.8 (/opt/ros/humble/share/ament_cmake_uncrustify/cmake)
[3.968s] -- Found ament_cmake_ros: 0.10.0 (/opt/ros/humble/share/ament_cmake_ros/cmake)
[4.959s] -- Using all available rosidl_typesupport_c: rosidl_typesupport_fastrtps_c;rosidl_typesupport_introspection_c
[6.388s] -- Using all available rosidl_typesupport_cpp: rosidl_typesupport_fastrtps_cpp;rosidl_typesupport_introspection_cpp
[6.398s] [33mCMake Warning (dev) at /opt/ros/humble/share/rosidl_generator_py/cmake/rosidl_generator_py_generate_interfaces.cmake:20 (find_package):
[6.398s]   Policy CMP0148 is not set: The FindPythonInterp and FindPythonLibs modules
[6.398s]   are removed.  Run "cmake --help-policy CMP0148" for policy details.  Use
[6.399s]   the cmake_policy command to set the policy and suppress this warning.
[6.399s] 
[6.399s] Call Stack (most recent call first):
[6.400s]   /opt/ros/humble/share/ament_cmake_core/cmake/core/ament_execute_extensions.cmake:48 (include)
[6.400s]   /opt/ros/humble/share/rosidl_cmake/cmake/rosidl_generate_interfaces.cmake:286 (ament_execute_extensions)
[6.400s]   CMakeLists.txt:31 (rosidl_generate_interfaces)
[6.400s] This warning is for project developers.  Use -Wno-dev to suppress it.
[6.401s] [0m
[6.452s] -- Found PythonInterp: /usr/bin/python3 (found suitable version "3.11.5", minimum required is "3.6") 
[6.457s] -- Found python_cmake_module: 0.10.0 (/opt/ros/humble/share/python_cmake_module/cmake)
[6.458s] [33mCMake Warning (dev) at /opt/ros/humble/share/python_cmake_module/cmake/Modules/FindPythonExtra.cmake:52 (find_package):
[6.459s]   Policy CMP0148 is not set: The FindPythonInterp and FindPythonLibs modules
[6.459s]   are removed.  Run "cmake --help-policy CMP0148" for policy details.  Use
[6.459s]   the cmake_policy command to set the policy and suppress this warning.
[6.459s] 
[6.460s] Call Stack (most recent call first):
[6.460s]   /opt/ros/humble/share/rosidl_generator_py/cmake/rosidl_generator_py_generate_interfaces.cmake:23 (find_package)
[6.460s]   /opt/ros/humble/share/ament_cmake_core/cmake/core/ament_execute_extensions.cmake:48 (include)
[6.460s]   /opt/ros/humble/share/rosidl_cmake/cmake/rosidl_generate_interfaces.cmake:286 (ament_execute_extensions)
[6.461s]   CMakeLists.txt:31 (rosidl_generate_interfaces)
[6.461s] This warning is for project developers.  Use -Wno-dev to suppress it.
[6.462s] [0m
[6.516s] [33mCMake Warning (dev) at /opt/ros/humble/share/python_cmake_module/cmake/Modules/FindPythonExtra.cmake:140 (find_package):
[6.516s]   Policy CMP0148 is not set: The FindPythonInterp and FindPythonLibs modules
[6.516s]   are removed.  Run "cmake --help-policy CMP0148" for policy details.  Use
[6.516s]   the cmake_policy command to set the policy and suppress this warning.
[6.517s] 
[6.517s] Call Stack (most recent call first):
[6.517s]   /opt/ros/humble/share/rosidl_generator_py/cmake/rosidl_generator_py_generate_interfaces.cmake:23 (find_package)
[6.517s]   /opt/ros/humble/share/ament_cmake_core/cmake/core/ament_execute_extensions.cmake:48 (include)
[6.518s]   /opt/ros/humble/share/rosidl_cmake/cmake/rosidl_generate_interfaces.cmake:286 (ament_execute_extensions)
[6.518s]   CMakeLists.txt:31 (rosidl_generate_interfaces)
[6.518s] This warning is for project developers.  Use -Wno-dev to suppress it.
[6.518s] [0m
[6.534s] -- Found PythonLibs: /usr/lib/libpython3.11.so (found suitable version "3.11.5", minimum required is "3.5") 
[6.534s] -- Using PYTHON_EXECUTABLE: /usr/bin/python3
[6.535s] -- Using PYTHON_INCLUDE_DIRS: /usr/include/python3.11
[6.535s] -- Using PYTHON_LIBRARIES: /usr/lib/libpython3.11.so
[6.589s] -- Found PythonExtra: .so  
[7.119s] -- Using numpy include directory: /usr/lib/python3.11/site-packages/numpy/core/include
[7.220s] -- Found ament_cmake_flake8: 0.12.8 (/opt/ros/humble/share/ament_cmake_flake8/cmake)
[7.227s] -- Found ament_cmake_pep257: 0.12.8 (/opt/ros/humble/share/ament_cmake_pep257/cmake)
[7.250s] -- Configuring done (6.9s)
[7.322s] -- Generating done (0.1s)
[7.327s] -- Build files have been written to: /home/brown/Projects/MiningRobot/autonomy/ros2_workspace/build/pcl_msgs
[7.346s] Invoked command in '/home/brown/Projects/MiningRobot/autonomy/ros2_workspace/build/pcl_msgs' returned '0': _=/usr/bin/env /usr/bin/cmake /home/brown/Projects/MiningRobot/autonomy/ros2_workspace/src/pcl_msgs -DCMAKE_INSTALL_PREFIX=/home/brown/Projects/MiningRobot/autonomy/ros2_workspace/install/pcl_msgs
[7.347s] Invoking command in '/home/brown/Projects/MiningRobot/autonomy/ros2_workspace/build/pcl_msgs': _=/usr/bin/env /usr/bin/cmake --build /home/brown/Projects/MiningRobot/autonomy/ros2_workspace/build/pcl_msgs -- -j4 -l4
[7.438s] [  1%] [34m[1mGenerating C code for ROS interfaces[0m
[7.468s] [  3%] [34m[1mGenerating C++ code for ROS interfaces[0m
[8.805s] [  3%] Built target pcl_msgs__cpp
[8.929s] [  6%] [32mBuilding C object CMakeFiles/pcl_msgs__rosidl_generator_c.dir/rosidl_generator_c/pcl_msgs/msg/detail/model_coefficients__functions.c.o[0m
[8.930s] [  6%] [34m[1mGenerating C++ type support for eProsima Fast-RTPS[0m
[9.084s] [  7%] [32mBuilding C object CMakeFiles/pcl_msgs__rosidl_generator_c.dir/rosidl_generator_c/pcl_msgs/msg/detail/point_indices__functions.c.o[0m
[9.243s] [  9%] [32mBuilding C object CMakeFiles/pcl_msgs__rosidl_generator_c.dir/rosidl_generator_c/pcl_msgs/msg/detail/polygon_mesh__functions.c.o[0m
[9.424s] [ 11%] [32mBuilding C object CMakeFiles/pcl_msgs__rosidl_generator_c.dir/rosidl_generator_c/pcl_msgs/msg/detail/vertices__functions.c.o[0m
[9.567s] [ 12%] [32mBuilding C object CMakeFiles/pcl_msgs__rosidl_generator_c.dir/rosidl_generator_c/pcl_msgs/srv/detail/update_filename__functions.c.o[0m
[9.727s] [ 14%] [32m[1mLinking C shared library libpcl_msgs__rosidl_generator_c.so[0m
[9.819s] [ 14%] Built target pcl_msgs__rosidl_generator_c
[9.847s] [ 15%] [34m[1mGenerating C++ type support dispatch for ROS interfaces[0m
[10.126s] [ 19%] [32mBuilding CXX object CMakeFiles/pcl_msgs__rosidl_typesupport_fastrtps_cpp.dir/rosidl_typesupport_fastrtps_cpp/pcl_msgs/msg/detail/dds_fastrtps/model_coefficients__type_support.cpp.o[0m
[10.126s] [ 19%] [34m[1mGenerating C++ introspection for ROS interfaces[0m
[10.736s] [ 20%] [32mBuilding CXX object CMakeFiles/pcl_msgs__rosidl_typesupport_cpp.dir/rosidl_typesupport_cpp/pcl_msgs/msg/model_coefficients__type_support.cpp.o[0m
[11.271s] [ 22%] [32mBuilding CXX object CMakeFiles/pcl_msgs__rosidl_typesupport_introspection_cpp.dir/rosidl_typesupport_introspection_cpp/pcl_msgs/msg/detail/model_coefficients__type_support.cpp.o[0m
[11.722s] [ 25%] [32mBuilding CXX object CMakeFiles/pcl_msgs__rosidl_typesupport_cpp.dir/rosidl_typesupport_cpp/pcl_msgs/msg/point_indices__type_support.cpp.o[0m
[11.722s] [ 25%] [32mBuilding CXX object CMakeFiles/pcl_msgs__rosidl_typesupport_fastrtps_cpp.dir/rosidl_typesupport_fastrtps_cpp/pcl_msgs/msg/detail/dds_fastrtps/point_indices__type_support.cpp.o[0m
[12.634s] [ 26%] [32mBuilding CXX object CMakeFiles/pcl_msgs__rosidl_typesupport_introspection_cpp.dir/rosidl_typesupport_introspection_cpp/pcl_msgs/msg/detail/point_indices__type_support.cpp.o[0m
[12.748s] [ 28%] [32mBuilding CXX object CMakeFiles/pcl_msgs__rosidl_typesupport_cpp.dir/rosidl_typesupport_cpp/pcl_msgs/msg/polygon_mesh__type_support.cpp.o[0m
[13.467s] [ 30%] [32mBuilding CXX object CMakeFiles/pcl_msgs__rosidl_typesupport_fastrtps_cpp.dir/rosidl_typesupport_fastrtps_cpp/pcl_msgs/msg/detail/dds_fastrtps/polygon_mesh__type_support.cpp.o[0m
[13.755s] [ 31%] [32mBuilding CXX object CMakeFiles/pcl_msgs__rosidl_typesupport_cpp.dir/rosidl_typesupport_cpp/pcl_msgs/msg/vertices__type_support.cpp.o[0m
[13.991s] [ 33%] [32mBuilding CXX object CMakeFiles/pcl_msgs__rosidl_typesupport_introspection_cpp.dir/rosidl_typesupport_introspection_cpp/pcl_msgs/msg/detail/polygon_mesh__type_support.cpp.o[0m
[14.670s] [ 34%] [32mBuilding CXX object CMakeFiles/pcl_msgs__rosidl_typesupport_cpp.dir/rosidl_typesupport_cpp/pcl_msgs/srv/update_filename__type_support.cpp.o[0m
[15.054s] [ 36%] [32mBuilding CXX object CMakeFiles/pcl_msgs__rosidl_typesupport_fastrtps_cpp.dir/rosidl_typesupport_fastrtps_cpp/pcl_msgs/msg/detail/dds_fastrtps/vertices__type_support.cpp.o[0m
[15.329s] [ 38%] [32mBuilding CXX object CMakeFiles/pcl_msgs__rosidl_typesupport_introspection_cpp.dir/rosidl_typesupport_introspection_cpp/pcl_msgs/msg/detail/vertices__type_support.cpp.o[0m
[15.623s] [ 39%] [32m[1mLinking CXX shared library libpcl_msgs__rosidl_typesupport_cpp.so[0m
[15.907s] [ 39%] Built target pcl_msgs__rosidl_typesupport_cpp
[16.362s] [ 41%] [32mBuilding CXX object CMakeFiles/pcl_msgs__rosidl_typesupport_fastrtps_cpp.dir/rosidl_typesupport_fastrtps_cpp/pcl_msgs/srv/detail/dds_fastrtps/update_filename__type_support.cpp.o[0m
[16.394s] [ 42%] [32mBuilding CXX object CMakeFiles/pcl_msgs__rosidl_typesupport_introspection_cpp.dir/rosidl_typesupport_introspection_cpp/pcl_msgs/srv/detail/update_filename__type_support.cpp.o[0m
[17.382s] [ 44%] [32m[1mLinking CXX shared library libpcl_msgs__rosidl_typesupport_introspection_cpp.so[0m
[17.401s] [ 46%] [32m[1mLinking CXX shared library libpcl_msgs__rosidl_typesupport_fastrtps_cpp.so[0m
[17.556s] [ 46%] Built target pcl_msgs__rosidl_typesupport_introspection_cpp
[17.562s] [ 47%] [34m[1mGenerating C type support for eProsima Fast-RTPS[0m
[17.594s] [ 49%] [34m[1mGenerating C introspection for ROS interfaces[0m
[17.597s] [ 49%] Built target pcl_msgs__rosidl_typesupport_fastrtps_cpp
[18.441s] [ 50%] [32mBuilding C object CMakeFiles/pcl_msgs__rosidl_typesupport_introspection_c.dir/rosidl_typesupport_introspection_c/pcl_msgs/msg/detail/model_coefficients__type_support.c.o[0m
[18.562s] [ 52%] [32mBuilding C object CMakeFiles/pcl_msgs__rosidl_typesupport_introspection_c.dir/rosidl_typesupport_introspection_c/pcl_msgs/msg/detail/point_indices__type_support.c.o[0m
[18.670s] [ 53%] [32mBuilding C object CMakeFiles/pcl_msgs__rosidl_typesupport_introspection_c.dir/rosidl_typesupport_introspection_c/pcl_msgs/msg/detail/polygon_mesh__type_support.c.o[0m
[18.710s] [ 55%] [32mBuilding CXX object CMakeFiles/pcl_msgs__rosidl_typesupport_fastrtps_c.dir/rosidl_typesupport_fastrtps_c/pcl_msgs/msg/detail/model_coefficients__type_support_c.cpp.o[0m
[18.776s] [ 57%] [32mBuilding C object CMakeFiles/pcl_msgs__rosidl_typesupport_introspection_c.dir/rosidl_typesupport_introspection_c/pcl_msgs/msg/detail/vertices__type_support.c.o[0m
[18.884s] [ 58%] [32mBuilding C object CMakeFiles/pcl_msgs__rosidl_typesupport_introspection_c.dir/rosidl_typesupport_introspection_c/pcl_msgs/srv/detail/update_filename__type_support.c.o[0m
[18.958s] [ 60%] [32m[1mLinking C shared library libpcl_msgs__rosidl_typesupport_introspection_c.so[0m
[19.024s] [ 60%] Built target pcl_msgs__rosidl_typesupport_introspection_c
[19.045s] [ 61%] [32mBuilding CXX object CMakeFiles/pcl_msgs__rosidl_typesupport_fastrtps_c.dir/rosidl_typesupport_fastrtps_c/pcl_msgs/msg/detail/point_indices__type_support_c.cpp.o[0m
[19.056s] [ 63%] [34m[1mGenerating C type support dispatch for ROS interfaces[0m
[20.011s] [ 65%] [32mBuilding CXX object CMakeFiles/pcl_msgs__rosidl_typesupport_c.dir/rosidl_typesupport_c/pcl_msgs/msg/model_coefficients__type_support.cpp.o[0m
[20.079s] [ 66%] [32mBuilding CXX object CMakeFiles/pcl_msgs__rosidl_typesupport_c.dir/rosidl_typesupport_c/pcl_msgs/msg/point_indices__type_support.cpp.o[0m
[20.131s] [ 68%] [32mBuilding CXX object CMakeFiles/pcl_msgs__rosidl_typesupport_c.dir/rosidl_typesupport_c/pcl_msgs/msg/polygon_mesh__type_support.cpp.o[0m
[20.196s] [ 69%] [32mBuilding CXX object CMakeFiles/pcl_msgs__rosidl_typesupport_c.dir/rosidl_typesupport_c/pcl_msgs/msg/vertices__type_support.cpp.o[0m
[20.200s] [ 71%] [32mBuilding CXX object CMakeFiles/pcl_msgs__rosidl_typesupport_fastrtps_c.dir/rosidl_typesupport_fastrtps_c/pcl_msgs/msg/detail/polygon_mesh__type_support_c.cpp.o[0m
[20.266s] [ 74%] [32mBuilding CXX object CMakeFiles/pcl_msgs__rosidl_typesupport_fastrtps_c.dir/rosidl_typesupport_fastrtps_c/pcl_msgs/msg/detail/vertices__type_support_c.cpp.o[0m
[20.266s] [ 74%] [32mBuilding CXX object CMakeFiles/pcl_msgs__rosidl_typesupport_c.dir/rosidl_typesupport_c/pcl_msgs/srv/update_filename__type_support.cpp.o[0m
[20.352s] [ 76%] [32m[1mLinking CXX shared library libpcl_msgs__rosidl_typesupport_c.so[0m
[20.548s] [ 76%] Built target pcl_msgs__rosidl_typesupport_c
[21.186s] [ 77%] [32mBuilding CXX object CMakeFiles/pcl_msgs__rosidl_typesupport_fastrtps_c.dir/rosidl_typesupport_fastrtps_c/pcl_msgs/srv/detail/update_filename__type_support_c.cpp.o[0m
[22.031s] [ 79%] [32m[1mLinking CXX shared library libpcl_msgs__rosidl_typesupport_fastrtps_c.so[0m
[22.200s] [ 79%] Built target pcl_msgs__rosidl_typesupport_fastrtps_c
[22.240s] [ 79%] Built target pcl_msgs
[22.264s] [ 79%] Built target ament_cmake_python_copy_pcl_msgs
[22.286s] [ 80%] [34m[1mGenerating Python code for ROS interfaces[0m
[22.793s] running egg_info
[22.795s] creating pcl_msgs.egg-info
[22.841s] writing pcl_msgs.egg-info/PKG-INFO
[22.843s] writing dependency_links to pcl_msgs.egg-info/dependency_links.txt
[22.844s] writing top-level names to pcl_msgs.egg-info/top_level.txt
[22.845s] writing manifest file 'pcl_msgs.egg-info/SOURCES.txt'
[22.988s] reading manifest file 'pcl_msgs.egg-info/SOURCES.txt'
[22.989s] writing manifest file 'pcl_msgs.egg-info/SOURCES.txt'
[23.072s] [ 80%] Built target ament_cmake_python_build_pcl_msgs_egg
[23.955s] [ 80%] Built target pcl_msgs__py
[24.002s] [ 85%] [32mBuilding C object CMakeFiles/pcl_msgs__rosidl_generator_py.dir/rosidl_generator_py/pcl_msgs/msg/_point_indices_s.c.o[0m
[24.002s] [ 85%] [32mBuilding C object CMakeFiles/pcl_msgs__rosidl_generator_py.dir/rosidl_generator_py/pcl_msgs/msg/_polygon_mesh_s.c.o[0m
[24.002s] [ 85%] [32mBuilding C object CMakeFiles/pcl_msgs__rosidl_generator_py.dir/rosidl_generator_py/pcl_msgs/msg/_model_coefficients_s.c.o[0m
[24.345s] [ 87%] [32mBuilding C object CMakeFiles/pcl_msgs__rosidl_generator_py.dir/rosidl_generator_py/pcl_msgs/srv/_update_filename_s.c.o[0m
[24.629s] [ 88%] [32mBuilding C object CMakeFiles/pcl_msgs__rosidl_generator_py.dir/rosidl_generator_py/pcl_msgs/msg/_vertices_s.c.o[0m
[24.911s] [ 90%] [32m[1mLinking C shared library rosidl_generator_py/pcl_msgs/libpcl_msgs__rosidl_generator_py.so[0m
[25.004s] [ 90%] Built target pcl_msgs__rosidl_generator_py
[25.057s] [ 92%] [32mBuilding C object CMakeFiles/pcl_msgs__rosidl_typesupport_c__pyext.dir/rosidl_generator_py/pcl_msgs/_pcl_msgs_s.ep.rosidl_typesupport_c.c.o[0m
[25.065s] [ 93%] [32mBuilding C object CMakeFiles/pcl_msgs__rosidl_typesupport_fastrtps_c__pyext.dir/rosidl_generator_py/pcl_msgs/_pcl_msgs_s.ep.rosidl_typesupport_fastrtps_c.c.o[0m
[25.076s] [ 95%] [32mBuilding C object CMakeFiles/pcl_msgs__rosidl_typesupport_introspection_c__pyext.dir/rosidl_generator_py/pcl_msgs/_pcl_msgs_s.ep.rosidl_typesupport_introspection_c.c.o[0m
[25.436s] [ 96%] [32m[1mLinking C shared library rosidl_generator_py/pcl_msgs/pcl_msgs_s__rosidl_typesupport_c.cpython-311-x86_64-linux-gnu.so[0m
[25.505s] [ 98%] [32m[1mLinking C shared library rosidl_generator_py/pcl_msgs/pcl_msgs_s__rosidl_typesupport_introspection_c.cpython-311-x86_64-linux-gnu.so[0m
[25.507s] [100%] [32m[1mLinking C shared library rosidl_generator_py/pcl_msgs/pcl_msgs_s__rosidl_typesupport_fastrtps_c.cpython-311-x86_64-linux-gnu.so[0m
[25.584s] [100%] Built target pcl_msgs__rosidl_typesupport_c__pyext
[25.651s] [100%] Built target pcl_msgs__rosidl_typesupport_fastrtps_c__pyext
[25.669s] [100%] Built target pcl_msgs__rosidl_typesupport_introspection_c__pyext
[25.684s] Invoked command in '/home/brown/Projects/MiningRobot/autonomy/ros2_workspace/build/pcl_msgs' returned '0': _=/usr/bin/env /usr/bin/cmake --build /home/brown/Projects/MiningRobot/autonomy/ros2_workspace/build/pcl_msgs -- -j4 -l4
[26.334s] Invoking command in '/home/brown/Projects/MiningRobot/autonomy/ros2_workspace/build/pcl_msgs': _=/usr/bin/env /usr/bin/cmake --install /home/brown/Projects/MiningRobot/autonomy/ros2_workspace/build/pcl_msgs
[26.344s] -- Install configuration: ""
[26.344s] -- Installing: /home/brown/Projects/MiningRobot/autonomy/ros2_workspace/install/pcl_msgs/share/ament_index/resource_index/rosidl_interfaces/pcl_msgs
[26.345s] -- Up-to-date: /home/brown/Projects/MiningRobot/autonomy/ros2_workspace/install/pcl_msgs/include/pcl_msgs/pcl_msgs
[26.345s] -- Up-to-date: /home/brown/Projects/MiningRobot/autonomy/ros2_workspace/install/pcl_msgs/include/pcl_msgs/pcl_msgs/srv
[26.345s] -- Installing: /home/brown/Projects/MiningRobot/autonomy/ros2_workspace/install/pcl_msgs/include/pcl_msgs/pcl_msgs/srv/update_filename.h
[26.345s] -- Up-to-date: /home/brown/Projects/MiningRobot/autonomy/ros2_workspace/install/pcl_msgs/include/pcl_msgs/pcl_msgs/srv/detail
[26.346s] -- Installing: /home/brown/Projects/MiningRobot/autonomy/ros2_workspace/install/pcl_msgs/include/pcl_msgs/pcl_msgs/srv/detail/update_filename__struct.h
[26.346s] -- Installing: /home/brown/Projects/MiningRobot/autonomy/ros2_workspace/install/pcl_msgs/include/pcl_msgs/pcl_msgs/srv/detail/update_filename__type_support.h
[26.346s] -- Installing: /home/brown/Projects/MiningRobot/autonomy/ros2_workspace/install/pcl_msgs/include/pcl_msgs/pcl_msgs/srv/detail/update_filename__functions.c
[26.346s] -- Installing: /home/brown/Projects/MiningRobot/autonomy/ros2_workspace/install/pcl_msgs/include/pcl_msgs/pcl_msgs/srv/detail/update_filename__functions.h
[26.347s] -- Up-to-date: /home/brown/Projects/MiningRobot/autonomy/ros2_workspace/install/pcl_msgs/include/pcl_msgs/pcl_msgs/msg
[26.347s] -- Installing: /home/brown/Projects/MiningRobot/autonomy/ros2_workspace/install/pcl_msgs/include/pcl_msgs/pcl_msgs/msg/vertices.h
[26.347s] -- Installing: /home/brown/Projects/MiningRobot/autonomy/ros2_workspace/install/pcl_msgs/include/pcl_msgs/pcl_msgs/msg/polygon_mesh.h
[26.347s] -- Up-to-date: /home/brown/Projects/MiningRobot/autonomy/ros2_workspace/install/pcl_msgs/include/pcl_msgs/pcl_msgs/msg/detail
[26.348s] -- Installing: /home/brown/Projects/MiningRobot/autonomy/ros2_workspace/install/pcl_msgs/include/pcl_msgs/pcl_msgs/msg/detail/polygon_mesh__functions.h
[26.348s] -- Installing: /home/brown/Projects/MiningRobot/autonomy/ros2_workspace/install/pcl_msgs/include/pcl_msgs/pcl_msgs/msg/detail/vertices__functions.c
[26.348s] -- Installing: /home/brown/Projects/MiningRobot/autonomy/ros2_workspace/install/pcl_msgs/include/pcl_msgs/pcl_msgs/msg/detail/polygon_mesh__type_support.h
[26.349s] -- Installing: /home/brown/Projects/MiningRobot/autonomy/ros2_workspace/install/pcl_msgs/include/pcl_msgs/pcl_msgs/msg/detail/vertices__functions.h
[26.349s] -- Installing: /home/brown/Projects/MiningRobot/autonomy/ros2_workspace/install/pcl_msgs/include/pcl_msgs/pcl_msgs/msg/detail/model_coefficients__type_support.h
[26.349s] -- Installing: /home/brown/Projects/MiningRobot/autonomy/ros2_workspace/install/pcl_msgs/include/pcl_msgs/pcl_msgs/msg/detail/vertices__type_support.h
[26.350s] -- Installing: /home/brown/Projects/MiningRobot/autonomy/ros2_workspace/install/pcl_msgs/include/pcl_msgs/pcl_msgs/msg/detail/vertices__struct.h
[26.350s] -- Installing: /home/brown/Projects/MiningRobot/autonomy/ros2_workspace/install/pcl_msgs/include/pcl_msgs/pcl_msgs/msg/detail/model_coefficients__functions.h
[26.350s] -- Installing: /home/brown/Projects/MiningRobot/autonomy/ros2_workspace/install/pcl_msgs/include/pcl_msgs/pcl_msgs/msg/detail/polygon_mesh__functions.c
[26.350s] -- Installing: /home/brown/Projects/MiningRobot/autonomy/ros2_workspace/install/pcl_msgs/include/pcl_msgs/pcl_msgs/msg/detail/point_indices__type_support.h
[26.351s] -- Installing: /home/brown/Projects/MiningRobot/autonomy/ros2_workspace/install/pcl_msgs/include/pcl_msgs/pcl_msgs/msg/detail/polygon_mesh__struct.h
[26.351s] -- Installing: /home/brown/Projects/MiningRobot/autonomy/ros2_workspace/install/pcl_msgs/include/pcl_msgs/pcl_msgs/msg/detail/model_coefficients__functions.c
[26.351s] -- Installing: /home/brown/Projects/MiningRobot/autonomy/ros2_workspace/install/pcl_msgs/include/pcl_msgs/pcl_msgs/msg/detail/point_indices__struct.h
[26.351s] -- Installing: /home/brown/Projects/MiningRobot/autonomy/ros2_workspace/install/pcl_msgs/include/pcl_msgs/pcl_msgs/msg/detail/point_indices__functions.h
[26.352s] -- Installing: /home/brown/Projects/MiningRobot/autonomy/ros2_workspace/install/pcl_msgs/include/pcl_msgs/pcl_msgs/msg/detail/point_indices__functions.c
[26.352s] -- Installing: /home/brown/Projects/MiningRobot/autonomy/ros2_workspace/install/pcl_msgs/include/pcl_msgs/pcl_msgs/msg/detail/model_coefficients__struct.h
[26.352s] -- Installing: /home/brown/Projects/MiningRobot/autonomy/ros2_workspace/install/pcl_msgs/include/pcl_msgs/pcl_msgs/msg/model_coefficients.h
[26.352s] -- Installing: /home/brown/Projects/MiningRobot/autonomy/ros2_workspace/install/pcl_msgs/include/pcl_msgs/pcl_msgs/msg/point_indices.h
[26.353s] -- Installing: /home/brown/Projects/MiningRobot/autonomy/ros2_workspace/install/pcl_msgs/include/pcl_msgs/pcl_msgs/msg/rosidl_generator_c__visibility_control.h
[26.353s] -- Up-to-date: /home/brown/Projects/MiningRobot/autonomy/ros2_workspace/install/pcl_msgs/share/pcl_msgs/environment/library_path.sh
[26.353s] -- Installing: /home/brown/Projects/MiningRobot/autonomy/ros2_workspace/install/pcl_msgs/share/pcl_msgs/environment/library_path.dsv
[26.354s] -- Installing: /home/brown/Projects/MiningRobot/autonomy/ros2_workspace/install/pcl_msgs/lib/libpcl_msgs__rosidl_generator_c.so
[26.355s] -- Set runtime path of "/home/brown/Projects/MiningRobot/autonomy/ros2_workspace/install/pcl_msgs/lib/libpcl_msgs__rosidl_generator_c.so" to ""
[26.355s] -- Up-to-date: /home/brown/Projects/MiningRobot/autonomy/ros2_workspace/install/pcl_msgs/include/pcl_msgs/pcl_msgs
[26.356s] -- Up-to-date: /home/brown/Projects/MiningRobot/autonomy/ros2_workspace/install/pcl_msgs/include/pcl_msgs/pcl_msgs/srv
[26.357s] -- Up-to-date: /home/brown/Projects/MiningRobot/autonomy/ros2_workspace/install/pcl_msgs/include/pcl_msgs/pcl_msgs/srv/detail
[26.357s] -- Installing: /home/brown/Projects/MiningRobot/autonomy/ros2_workspace/install/pcl_msgs/include/pcl_msgs/pcl_msgs/srv/detail/update_filename__rosidl_typesupport_fastrtps_c.h
[26.357s] -- Up-to-date: /home/brown/Projects/MiningRobot/autonomy/ros2_workspace/install/pcl_msgs/include/pcl_msgs/pcl_msgs/msg
[26.357s] -- Up-to-date: /home/brown/Projects/MiningRobot/autonomy/ros2_workspace/install/pcl_msgs/include/pcl_msgs/pcl_msgs/msg/detail
[26.358s] -- Installing: /home/brown/Projects/MiningRobot/autonomy/ros2_workspace/install/pcl_msgs/include/pcl_msgs/pcl_msgs/msg/detail/polygon_mesh__rosidl_typesupport_fastrtps_c.h
[26.358s] -- Installing: /home/brown/Projects/MiningRobot/autonomy/ros2_workspace/install/pcl_msgs/include/pcl_msgs/pcl_msgs/msg/detail/model_coefficients__rosidl_typesupport_fastrtps_c.h
[26.358s] -- Installing: /home/brown/Projects/MiningRobot/autonomy/ros2_workspace/install/pcl_msgs/include/pcl_msgs/pcl_msgs/msg/detail/point_indices__rosidl_typesupport_fastrtps_c.h
[26.358s] -- Installing: /home/brown/Projects/MiningRobot/autonomy/ros2_workspace/install/pcl_msgs/include/pcl_msgs/pcl_msgs/msg/detail/vertices__rosidl_typesupport_fastrtps_c.h
[26.358s] -- Installing: /home/brown/Projects/MiningRobot/autonomy/ros2_workspace/install/pcl_msgs/include/pcl_msgs/pcl_msgs/msg/rosidl_typesupport_fastrtps_c__visibility_control.h
[26.359s] -- Installing: /home/brown/Projects/MiningRobot/autonomy/ros2_workspace/install/pcl_msgs/lib/libpcl_msgs__rosidl_typesupport_fastrtps_c.so
[26.360s] -- Set runtime path of "/home/brown/Projects/MiningRobot/autonomy/ros2_workspace/install/pcl_msgs/lib/libpcl_msgs__rosidl_typesupport_fastrtps_c.so" to ""
[26.360s] -- Up-to-date: /home/brown/Projects/MiningRobot/autonomy/ros2_workspace/install/pcl_msgs/include/pcl_msgs/pcl_msgs
[26.360s] -- Up-to-date: /home/brown/Projects/MiningRobot/autonomy/ros2_workspace/install/pcl_msgs/include/pcl_msgs/pcl_msgs/srv
[26.360s] -- Up-to-date: /home/brown/Projects/MiningRobot/autonomy/ros2_workspace/install/pcl_msgs/include/pcl_msgs/pcl_msgs/srv/detail
[26.360s] -- Installing: /home/brown/Projects/MiningRobot/autonomy/ros2_workspace/install/pcl_msgs/include/pcl_msgs/pcl_msgs/srv/detail/update_filename__rosidl_typesupport_introspection_c.h
[26.361s] -- Installing: /home/brown/Projects/MiningRobot/autonomy/ros2_workspace/install/pcl_msgs/include/pcl_msgs/pcl_msgs/srv/detail/update_filename__type_support.c
[26.361s] -- Up-to-date: /home/brown/Projects/MiningRobot/autonomy/ros2_workspace/install/pcl_msgs/include/pcl_msgs/pcl_msgs/msg
[26.361s] -- Installing: /home/brown/Projects/MiningRobot/autonomy/ros2_workspace/install/pcl_msgs/include/pcl_msgs/pcl_msgs/msg/rosidl_typesupport_introspection_c__visibility_control.h
[26.361s] -- Up-to-date: /home/brown/Projects/MiningRobot/autonomy/ros2_workspace/install/pcl_msgs/include/pcl_msgs/pcl_msgs/msg/detail
[26.361s] -- Installing: /home/brown/Projects/MiningRobot/autonomy/ros2_workspace/install/pcl_msgs/include/pcl_msgs/pcl_msgs/msg/detail/point_indices__rosidl_typesupport_introspection_c.h
[26.361s] -- Installing: /home/brown/Projects/MiningRobot/autonomy/ros2_workspace/install/pcl_msgs/include/pcl_msgs/pcl_msgs/msg/detail/point_indices__type_support.c
[26.362s] -- Installing: /home/brown/Projects/MiningRobot/autonomy/ros2_workspace/install/pcl_msgs/include/pcl_msgs/pcl_msgs/msg/detail/vertices__type_support.c
[26.362s] -- Installing: /home/brown/Projects/MiningRobot/autonomy/ros2_workspace/install/pcl_msgs/include/pcl_msgs/pcl_msgs/msg/detail/polygon_mesh__type_support.c
[26.362s] -- Installing: /home/brown/Projects/MiningRobot/autonomy/ros2_workspace/install/pcl_msgs/include/pcl_msgs/pcl_msgs/msg/detail/polygon_mesh__rosidl_typesupport_introspection_c.h
[26.362s] -- Installing: /home/brown/Projects/MiningRobot/autonomy/ros2_workspace/install/pcl_msgs/include/pcl_msgs/pcl_msgs/msg/detail/vertices__rosidl_typesupport_introspection_c.h
[26.363s] -- Installing: /home/brown/Projects/MiningRobot/autonomy/ros2_workspace/install/pcl_msgs/include/pcl_msgs/pcl_msgs/msg/detail/model_coefficients__type_support.c
[26.363s] -- Installing: /home/brown/Projects/MiningRobot/autonomy/ros2_workspace/install/pcl_msgs/include/pcl_msgs/pcl_msgs/msg/detail/model_coefficients__rosidl_typesupport_introspection_c.h
[26.364s] -- Installing: /home/brown/Projects/MiningRobot/autonomy/ros2_workspace/install/pcl_msgs/lib/libpcl_msgs__rosidl_typesupport_introspection_c.so
[26.365s] -- Set runtime path of "/home/brown/Projects/MiningRobot/autonomy/ros2_workspace/install/pcl_msgs/lib/libpcl_msgs__rosidl_typesupport_introspection_c.so" to ""
[26.365s] -- Installing: /home/brown/Projects/MiningRobot/autonomy/ros2_workspace/install/pcl_msgs/lib/libpcl_msgs__rosidl_typesupport_c.so
[26.366s] -- Set runtime path of "/home/brown/Projects/MiningRobot/autonomy/ros2_workspace/install/pcl_msgs/lib/libpcl_msgs__rosidl_typesupport_c.so" to ""
[26.366s] -- Up-to-date: /home/brown/Projects/MiningRobot/autonomy/ros2_workspace/install/pcl_msgs/include/pcl_msgs/pcl_msgs
[26.366s] -- Up-to-date: /home/brown/Projects/MiningRobot/autonomy/ros2_workspace/install/pcl_msgs/include/pcl_msgs/pcl_msgs/srv
[26.366s] -- Up-to-date: /home/brown/Projects/MiningRobot/autonomy/ros2_workspace/install/pcl_msgs/include/pcl_msgs/pcl_msgs/srv/detail
[26.366s] -- Installing: /home/brown/Projects/MiningRobot/autonomy/ros2_workspace/install/pcl_msgs/include/pcl_msgs/pcl_msgs/srv/detail/update_filename__traits.hpp
[26.366s] -- Installing: /home/brown/Projects/MiningRobot/autonomy/ros2_workspace/install/pcl_msgs/include/pcl_msgs/pcl_msgs/srv/detail/update_filename__struct.hpp
[26.367s] -- Installing: /home/brown/Projects/MiningRobot/autonomy/ros2_workspace/install/pcl_msgs/include/pcl_msgs/pcl_msgs/srv/detail/update_filename__builder.hpp
[26.367s] -- Installing: /home/brown/Projects/MiningRobot/autonomy/ros2_workspace/install/pcl_msgs/include/pcl_msgs/pcl_msgs/srv/update_filename.hpp
[26.367s] -- Up-to-date: /home/brown/Projects/MiningRobot/autonomy/ros2_workspace/install/pcl_msgs/include/pcl_msgs/pcl_msgs/msg
[26.367s] -- Installing: /home/brown/Projects/MiningRobot/autonomy/ros2_workspace/install/pcl_msgs/include/pcl_msgs/pcl_msgs/msg/polygon_mesh.hpp
[26.367s] -- Up-to-date: /home/brown/Projects/MiningRobot/autonomy/ros2_workspace/install/pcl_msgs/include/pcl_msgs/pcl_msgs/msg/detail
[26.368s] -- Installing: /home/brown/Projects/MiningRobot/autonomy/ros2_workspace/install/pcl_msgs/include/pcl_msgs/pcl_msgs/msg/detail/vertices__traits.hpp
[26.368s] -- Installing: /home/brown/Projects/MiningRobot/autonomy/ros2_workspace/install/pcl_msgs/include/pcl_msgs/pcl_msgs/msg/detail/point_indices__builder.hpp
[26.368s] -- Installing: /home/brown/Projects/MiningRobot/autonomy/ros2_workspace/install/pcl_msgs/include/pcl_msgs/pcl_msgs/msg/detail/model_coefficients__traits.hpp
[26.368s] -- Installing: /home/brown/Projects/MiningRobot/autonomy/ros2_workspace/install/pcl_msgs/include/pcl_msgs/pcl_msgs/msg/detail/polygon_mesh__traits.hpp
[26.369s] -- Installing: /home/brown/Projects/MiningRobot/autonomy/ros2_workspace/install/pcl_msgs/include/pcl_msgs/pcl_msgs/msg/detail/polygon_mesh__struct.hpp
[26.369s] -- Installing: /home/brown/Projects/MiningRobot/autonomy/ros2_workspace/install/pcl_msgs/include/pcl_msgs/pcl_msgs/msg/detail/model_coefficients__struct.hpp
[26.369s] -- Installing: /home/brown/Projects/MiningRobot/autonomy/ros2_workspace/install/pcl_msgs/include/pcl_msgs/pcl_msgs/msg/detail/model_coefficients__builder.hpp
[26.369s] -- Installing: /home/brown/Projects/MiningRobot/autonomy/ros2_workspace/install/pcl_msgs/include/pcl_msgs/pcl_msgs/msg/detail/vertices__struct.hpp
[26.370s] -- Installing: /home/brown/Projects/MiningRobot/autonomy/ros2_workspace/install/pcl_msgs/include/pcl_msgs/pcl_msgs/msg/detail/vertices__builder.hpp
[26.370s] -- Installing: /home/brown/Projects/MiningRobot/autonomy/ros2_workspace/install/pcl_msgs/include/pcl_msgs/pcl_msgs/msg/detail/point_indices__traits.hpp
[26.370s] -- Installing: /home/brown/Projects/MiningRobot/autonomy/ros2_workspace/install/pcl_msgs/include/pcl_msgs/pcl_msgs/msg/detail/polygon_mesh__builder.hpp
[26.371s] -- Installing: /home/brown/Projects/MiningRobot/autonomy/ros2_workspace/install/pcl_msgs/include/pcl_msgs/pcl_msgs/msg/detail/point_indices__struct.hpp
[26.371s] -- Installing: /home/brown/Projects/MiningRobot/autonomy/ros2_workspace/install/pcl_msgs/include/pcl_msgs/pcl_msgs/msg/model_coefficients.hpp
[26.371s] -- Installing: /home/brown/Projects/MiningRobot/autonomy/ros2_workspace/install/pcl_msgs/include/pcl_msgs/pcl_msgs/msg/vertices.hpp
[26.371s] -- Installing: /home/brown/Projects/MiningRobot/autonomy/ros2_workspace/install/pcl_msgs/include/pcl_msgs/pcl_msgs/msg/point_indices.hpp
[26.372s] -- Up-to-date: /home/brown/Projects/MiningRobot/autonomy/ros2_workspace/install/pcl_msgs/include/pcl_msgs/pcl_msgs
[26.373s] -- Up-to-date: /home/brown/Projects/MiningRobot/autonomy/ros2_workspace/install/pcl_msgs/include/pcl_msgs/pcl_msgs/srv
[26.373s] -- Up-to-date: /home/brown/Projects/MiningRobot/autonomy/ros2_workspace/install/pcl_msgs/include/pcl_msgs/pcl_msgs/srv/detail
[26.373s] -- Installing: /home/brown/Projects/MiningRobot/autonomy/ros2_workspace/install/pcl_msgs/include/pcl_msgs/pcl_msgs/srv/detail/update_filename__rosidl_typesupport_fastrtps_cpp.hpp
[26.374s] -- Up-to-date: /home/brown/Projects/MiningRobot/autonomy/ros2_workspace/install/pcl_msgs/include/pcl_msgs/pcl_msgs/srv/detail/dds_fastrtps
[26.374s] -- Up-to-date: /home/brown/Projects/MiningRobot/autonomy/ros2_workspace/install/pcl_msgs/include/pcl_msgs/pcl_msgs/msg
[26.374s] -- Up-to-date: /home/brown/Projects/MiningRobot/autonomy/ros2_workspace/install/pcl_msgs/include/pcl_msgs/pcl_msgs/msg/detail
[26.374s] -- Installing: /home/brown/Projects/MiningRobot/autonomy/ros2_workspace/install/pcl_msgs/include/pcl_msgs/pcl_msgs/msg/detail/polygon_mesh__rosidl_typesupport_fastrtps_cpp.hpp
[26.374s] -- Installing: /home/brown/Projects/MiningRobot/autonomy/ros2_workspace/install/pcl_msgs/include/pcl_msgs/pcl_msgs/msg/detail/point_indices__rosidl_typesupport_fastrtps_cpp.hpp
[26.375s] -- Installing: /home/brown/Projects/MiningRobot/autonomy/ros2_workspace/install/pcl_msgs/include/pcl_msgs/pcl_msgs/msg/detail/vertices__rosidl_typesupport_fastrtps_cpp.hpp
[26.375s] -- Up-to-date: /home/brown/Projects/MiningRobot/autonomy/ros2_workspace/install/pcl_msgs/include/pcl_msgs/pcl_msgs/msg/detail/dds_fastrtps
[26.375s] -- Installing: /home/brown/Projects/MiningRobot/autonomy/ros2_workspace/install/pcl_msgs/include/pcl_msgs/pcl_msgs/msg/detail/model_coefficients__rosidl_typesupport_fastrtps_cpp.hpp
[26.375s] -- Installing: /home/brown/Projects/MiningRobot/autonomy/ros2_workspace/install/pcl_msgs/include/pcl_msgs/pcl_msgs/msg/rosidl_typesupport_fastrtps_cpp__visibility_control.h
[26.376s] -- Installing: /home/brown/Projects/MiningRobot/autonomy/ros2_workspace/install/pcl_msgs/lib/libpcl_msgs__rosidl_typesupport_fastrtps_cpp.so
[26.377s] -- Set runtime path of "/home/brown/Projects/MiningRobot/autonomy/ros2_workspace/install/pcl_msgs/lib/libpcl_msgs__rosidl_typesupport_fastrtps_cpp.so" to ""
[26.377s] -- Up-to-date: /home/brown/Projects/MiningRobot/autonomy/ros2_workspace/install/pcl_msgs/include/pcl_msgs/pcl_msgs
[26.377s] -- Up-to-date: /home/brown/Projects/MiningRobot/autonomy/ros2_workspace/install/pcl_msgs/include/pcl_msgs/pcl_msgs/srv
[26.377s] -- Up-to-date: /home/brown/Projects/MiningRobot/autonomy/ros2_workspace/install/pcl_msgs/include/pcl_msgs/pcl_msgs/srv/detail
[26.378s] -- Installing: /home/brown/Projects/MiningRobot/autonomy/ros2_workspace/install/pcl_msgs/include/pcl_msgs/pcl_msgs/srv/detail/update_filename__rosidl_typesupport_introspection_cpp.hpp
[26.378s] -- Installing: /home/brown/Projects/MiningRobot/autonomy/ros2_workspace/install/pcl_msgs/include/pcl_msgs/pcl_msgs/srv/detail/update_filename__type_support.cpp
[26.378s] -- Up-to-date: /home/brown/Projects/MiningRobot/autonomy/ros2_workspace/install/pcl_msgs/include/pcl_msgs/pcl_msgs/msg
[26.378s] -- Up-to-date: /home/brown/Projects/MiningRobot/autonomy/ros2_workspace/install/pcl_msgs/include/pcl_msgs/pcl_msgs/msg/detail
[26.378s] -- Installing: /home/brown/Projects/MiningRobot/autonomy/ros2_workspace/install/pcl_msgs/include/pcl_msgs/pcl_msgs/msg/detail/model_coefficients__type_support.cpp
[26.379s] -- Installing: /home/brown/Projects/MiningRobot/autonomy/ros2_workspace/install/pcl_msgs/include/pcl_msgs/pcl_msgs/msg/detail/model_coefficients__rosidl_typesupport_introspection_cpp.hpp
[26.379s] -- Installing: /home/brown/Projects/MiningRobot/autonomy/ros2_workspace/install/pcl_msgs/include/pcl_msgs/pcl_msgs/msg/detail/vertices__type_support.cpp
[26.379s] -- Installing: /home/brown/Projects/MiningRobot/autonomy/ros2_workspace/install/pcl_msgs/include/pcl_msgs/pcl_msgs/msg/detail/point_indices__rosidl_typesupport_introspection_cpp.hpp
[26.379s] -- Installing: /home/brown/Projects/MiningRobot/autonomy/ros2_workspace/install/pcl_msgs/include/pcl_msgs/pcl_msgs/msg/detail/point_indices__type_support.cpp
[26.380s] -- Installing: /home/brown/Projects/MiningRobot/autonomy/ros2_workspace/install/pcl_msgs/include/pcl_msgs/pcl_msgs/msg/detail/vertices__rosidl_typesupport_introspection_cpp.hpp
[26.380s] -- Installing: /home/brown/Projects/MiningRobot/autonomy/ros2_workspace/install/pcl_msgs/include/pcl_msgs/pcl_msgs/msg/detail/polygon_mesh__type_support.cpp
[26.380s] -- Installing: /home/brown/Projects/MiningRobot/autonomy/ros2_workspace/install/pcl_msgs/include/pcl_msgs/pcl_msgs/msg/detail/polygon_mesh__rosidl_typesupport_introspection_cpp.hpp
[26.382s] -- Installing: /home/brown/Projects/MiningRobot/autonomy/ros2_workspace/install/pcl_msgs/lib/libpcl_msgs__rosidl_typesupport_introspection_cpp.so
[26.382s] -- Set runtime path of "/home/brown/Projects/MiningRobot/autonomy/ros2_workspace/install/pcl_msgs/lib/libpcl_msgs__rosidl_typesupport_introspection_cpp.so" to ""
[26.383s] -- Installing: /home/brown/Projects/MiningRobot/autonomy/ros2_workspace/install/pcl_msgs/lib/libpcl_msgs__rosidl_typesupport_cpp.so
[26.383s] -- Set runtime path of "/home/brown/Projects/MiningRobot/autonomy/ros2_workspace/install/pcl_msgs/lib/libpcl_msgs__rosidl_typesupport_cpp.so" to ""
[26.384s] -- Installing: /home/brown/Projects/MiningRobot/autonomy/ros2_workspace/install/pcl_msgs/share/pcl_msgs/environment/pythonpath.sh
[26.384s] -- Installing: /home/brown/Projects/MiningRobot/autonomy/ros2_workspace/install/pcl_msgs/share/pcl_msgs/environment/pythonpath.dsv
[26.384s] -- Up-to-date: /home/brown/Projects/MiningRobot/autonomy/ros2_workspace/install/pcl_msgs/lib/python3.11/site-packages/pcl_msgs-1.0.0-py3.11.egg-info
[26.384s] -- Installing: /home/brown/Projects/MiningRobot/autonomy/ros2_workspace/install/pcl_msgs/lib/python3.11/site-packages/pcl_msgs-1.0.0-py3.11.egg-info/dependency_links.txt
[26.384s] -- Installing: /home/brown/Projects/MiningRobot/autonomy/ros2_workspace/install/pcl_msgs/lib/python3.11/site-packages/pcl_msgs-1.0.0-py3.11.egg-info/top_level.txt
[26.385s] -- Installing: /home/brown/Projects/MiningRobot/autonomy/ros2_workspace/install/pcl_msgs/lib/python3.11/site-packages/pcl_msgs-1.0.0-py3.11.egg-info/PKG-INFO
[26.385s] -- Installing: /home/brown/Projects/MiningRobot/autonomy/ros2_workspace/install/pcl_msgs/lib/python3.11/site-packages/pcl_msgs-1.0.0-py3.11.egg-info/SOURCES.txt
[26.385s] -- Up-to-date: /home/brown/Projects/MiningRobot/autonomy/ros2_workspace/install/pcl_msgs/lib/python3.11/site-packages/pcl_msgs
[26.385s] -- Installing: /home/brown/Projects/MiningRobot/autonomy/ros2_workspace/install/pcl_msgs/lib/python3.11/site-packages/pcl_msgs/_pcl_msgs_s.ep.rosidl_typesupport_fastrtps_c.c
[26.386s] -- Installing: /home/brown/Projects/MiningRobot/autonomy/ros2_workspace/install/pcl_msgs/lib/python3.11/site-packages/pcl_msgs/__init__.py
[26.386s] -- Installing: /home/brown/Projects/MiningRobot/autonomy/ros2_workspace/install/pcl_msgs/lib/python3.11/site-packages/pcl_msgs/pcl_msgs_s__rosidl_typesupport_c.cpython-311-x86_64-linux-gnu.so
[26.386s] -- Installing: /home/brown/Projects/MiningRobot/autonomy/ros2_workspace/install/pcl_msgs/lib/python3.11/site-packages/pcl_msgs/_pcl_msgs_s.ep.rosidl_typesupport_introspection_c.c
[26.386s] -- Installing: /home/brown/Projects/MiningRobot/autonomy/ros2_workspace/install/pcl_msgs/lib/python3.11/site-packages/pcl_msgs/libpcl_msgs__rosidl_generator_py.so
[26.387s] -- Up-to-date: /home/brown/Projects/MiningRobot/autonomy/ros2_workspace/install/pcl_msgs/lib/python3.11/site-packages/pcl_msgs/srv
[26.387s] -- Installing: /home/brown/Projects/MiningRobot/autonomy/ros2_workspace/install/pcl_msgs/lib/python3.11/site-packages/pcl_msgs/srv/__init__.py
[26.387s] -- Installing: /home/brown/Projects/MiningRobot/autonomy/ros2_workspace/install/pcl_msgs/lib/python3.11/site-packages/pcl_msgs/srv/_update_filename_s.c
[26.387s] -- Installing: /home/brown/Projects/MiningRobot/autonomy/ros2_workspace/install/pcl_msgs/lib/python3.11/site-packages/pcl_msgs/srv/_update_filename.py
[26.388s] -- Installing: /home/brown/Projects/MiningRobot/autonomy/ros2_workspace/install/pcl_msgs/lib/python3.11/site-packages/pcl_msgs/pcl_msgs_s__rosidl_typesupport_introspection_c.cpython-311-x86_64-linux-gnu.so
[26.388s] -- Installing: /home/brown/Projects/MiningRobot/autonomy/ros2_workspace/install/pcl_msgs/lib/python3.11/site-packages/pcl_msgs/pcl_msgs_s__rosidl_typesupport_fastrtps_c.cpython-311-x86_64-linux-gnu.so
[26.388s] -- Installing: /home/brown/Projects/MiningRobot/autonomy/ros2_workspace/install/pcl_msgs/lib/python3.11/site-packages/pcl_msgs/_pcl_msgs_s.ep.rosidl_typesupport_c.c
[26.389s] -- Up-to-date: /home/brown/Projects/MiningRobot/autonomy/ros2_workspace/install/pcl_msgs/lib/python3.11/site-packages/pcl_msgs/msg
[26.389s] -- Installing: /home/brown/Projects/MiningRobot/autonomy/ros2_workspace/install/pcl_msgs/lib/python3.11/site-packages/pcl_msgs/msg/__init__.py
[26.389s] -- Installing: /home/brown/Projects/MiningRobot/autonomy/ros2_workspace/install/pcl_msgs/lib/python3.11/site-packages/pcl_msgs/msg/_point_indices.py
[26.389s] -- Installing: /home/brown/Projects/MiningRobot/autonomy/ros2_workspace/install/pcl_msgs/lib/python3.11/site-packages/pcl_msgs/msg/_point_indices_s.c
[26.390s] -- Installing: /home/brown/Projects/MiningRobot/autonomy/ros2_workspace/install/pcl_msgs/lib/python3.11/site-packages/pcl_msgs/msg/_model_coefficients.py
[26.390s] -- Installing: /home/brown/Projects/MiningRobot/autonomy/ros2_workspace/install/pcl_msgs/lib/python3.11/site-packages/pcl_msgs/msg/_polygon_mesh.py
[26.390s] -- Installing: /home/brown/Projects/MiningRobot/autonomy/ros2_workspace/install/pcl_msgs/lib/python3.11/site-packages/pcl_msgs/msg/_model_coefficients_s.c
[26.390s] -- Installing: /home/brown/Projects/MiningRobot/autonomy/ros2_workspace/install/pcl_msgs/lib/python3.11/site-packages/pcl_msgs/msg/_vertices_s.c
[26.391s] -- Installing: /home/brown/Projects/MiningRobot/autonomy/ros2_workspace/install/pcl_msgs/lib/python3.11/site-packages/pcl_msgs/msg/_vertices.py
[26.391s] -- Installing: /home/brown/Projects/MiningRobot/autonomy/ros2_workspace/install/pcl_msgs/lib/python3.11/site-packages/pcl_msgs/msg/_polygon_mesh_s.c
[26.466s] Listing '/home/brown/Projects/MiningRobot/autonomy/ros2_workspace/install/pcl_msgs/lib/python3.11/site-packages/pcl_msgs'...
[26.466s] Compiling '/home/brown/Projects/MiningRobot/autonomy/ros2_workspace/install/pcl_msgs/lib/python3.11/site-packages/pcl_msgs/__init__.py'...
[26.466s] Listing '/home/brown/Projects/MiningRobot/autonomy/ros2_workspace/install/pcl_msgs/lib/python3.11/site-packages/pcl_msgs/msg'...
[26.466s] Compiling '/home/brown/Projects/MiningRobot/autonomy/ros2_workspace/install/pcl_msgs/lib/python3.11/site-packages/pcl_msgs/msg/__init__.py'...
[26.467s] Compiling '/home/brown/Projects/MiningRobot/autonomy/ros2_workspace/install/pcl_msgs/lib/python3.11/site-packages/pcl_msgs/msg/_model_coefficients.py'...
[26.467s] Compiling '/home/brown/Projects/MiningRobot/autonomy/ros2_workspace/install/pcl_msgs/lib/python3.11/site-packages/pcl_msgs/msg/_point_indices.py'...
[26.467s] Compiling '/home/brown/Projects/MiningRobot/autonomy/ros2_workspace/install/pcl_msgs/lib/python3.11/site-packages/pcl_msgs/msg/_polygon_mesh.py'...
[26.467s] Compiling '/home/brown/Projects/MiningRobot/autonomy/ros2_workspace/install/pcl_msgs/lib/python3.11/site-packages/pcl_msgs/msg/_vertices.py'...
[26.467s] Listing '/home/brown/Projects/MiningRobot/autonomy/ros2_workspace/install/pcl_msgs/lib/python3.11/site-packages/pcl_msgs/srv'...
[26.467s] Compiling '/home/brown/Projects/MiningRobot/autonomy/ros2_workspace/install/pcl_msgs/lib/python3.11/site-packages/pcl_msgs/srv/__init__.py'...
[26.467s] Compiling '/home/brown/Projects/MiningRobot/autonomy/ros2_workspace/install/pcl_msgs/lib/python3.11/site-packages/pcl_msgs/srv/_update_filename.py'...
[26.477s] -- Installing: /home/brown/Projects/MiningRobot/autonomy/ros2_workspace/install/pcl_msgs/lib/python3.11/site-packages/pcl_msgs/pcl_msgs_s__rosidl_typesupport_fastrtps_c.cpython-311-x86_64-linux-gnu.so
[26.478s] -- Set runtime path of "/home/brown/Projects/MiningRobot/autonomy/ros2_workspace/install/pcl_msgs/lib/python3.11/site-packages/pcl_msgs/pcl_msgs_s__rosidl_typesupport_fastrtps_c.cpython-311-x86_64-linux-gnu.so" to ""
[26.478s] -- Installing: /home/brown/Projects/MiningRobot/autonomy/ros2_workspace/install/pcl_msgs/lib/python3.11/site-packages/pcl_msgs/pcl_msgs_s__rosidl_typesupport_introspection_c.cpython-311-x86_64-linux-gnu.so
[26.479s] -- Set runtime path of "/home/brown/Projects/MiningRobot/autonomy/ros2_workspace/install/pcl_msgs/lib/python3.11/site-packages/pcl_msgs/pcl_msgs_s__rosidl_typesupport_introspection_c.cpython-311-x86_64-linux-gnu.so" to ""
[26.480s] -- Installing: /home/brown/Projects/MiningRobot/autonomy/ros2_workspace/install/pcl_msgs/lib/python3.11/site-packages/pcl_msgs/pcl_msgs_s__rosidl_typesupport_c.cpython-311-x86_64-linux-gnu.so
[26.480s] -- Set runtime path of "/home/brown/Projects/MiningRobot/autonomy/ros2_workspace/install/pcl_msgs/lib/python3.11/site-packages/pcl_msgs/pcl_msgs_s__rosidl_typesupport_c.cpython-311-x86_64-linux-gnu.so" to ""
[26.481s] -- Installing: /home/brown/Projects/MiningRobot/autonomy/ros2_workspace/install/pcl_msgs/lib/libpcl_msgs__rosidl_generator_py.so
[26.482s] -- Set runtime path of "/home/brown/Projects/MiningRobot/autonomy/ros2_workspace/install/pcl_msgs/lib/libpcl_msgs__rosidl_generator_py.so" to ""
[26.483s] -- Installing: /home/brown/Projects/MiningRobot/autonomy/ros2_workspace/install/pcl_msgs/share/pcl_msgs/msg/ModelCoefficients.idl
[26.483s] -- Installing: /home/brown/Projects/MiningRobot/autonomy/ros2_workspace/install/pcl_msgs/share/pcl_msgs/msg/PointIndices.idl
[26.483s] -- Installing: /home/brown/Projects/MiningRobot/autonomy/ros2_workspace/install/pcl_msgs/share/pcl_msgs/msg/PolygonMesh.idl
[26.484s] -- Installing: /home/brown/Projects/MiningRobot/autonomy/ros2_workspace/install/pcl_msgs/share/pcl_msgs/msg/Vertices.idl
[26.484s] -- Installing: /home/brown/Projects/MiningRobot/autonomy/ros2_workspace/install/pcl_msgs/share/pcl_msgs/srv/UpdateFilename.idl
[26.484s] -- Up-to-date: /home/brown/Projects/MiningRobot/autonomy/ros2_workspace/install/pcl_msgs/share/pcl_msgs/msg/ModelCoefficients.msg
[26.485s] -- Up-to-date: /home/brown/Projects/MiningRobot/autonomy/ros2_workspace/install/pcl_msgs/share/pcl_msgs/msg/PointIndices.msg
[26.485s] -- Up-to-date: /home/brown/Projects/MiningRobot/autonomy/ros2_workspace/install/pcl_msgs/share/pcl_msgs/msg/PolygonMesh.msg
[26.485s] -- Up-to-date: /home/brown/Projects/MiningRobot/autonomy/ros2_workspace/install/pcl_msgs/share/pcl_msgs/msg/Vertices.msg
[26.485s] -- Up-to-date: /home/brown/Projects/MiningRobot/autonomy/ros2_workspace/install/pcl_msgs/share/pcl_msgs/srv/UpdateFilename.srv
[26.485s] -- Installing: /home/brown/Projects/MiningRobot/autonomy/ros2_workspace/install/pcl_msgs/share/pcl_msgs/srv/UpdateFilename_Request.msg
[26.486s] -- Installing: /home/brown/Projects/MiningRobot/autonomy/ros2_workspace/install/pcl_msgs/share/pcl_msgs/srv/UpdateFilename_Response.msg
[26.486s] -- Installing: /home/brown/Projects/MiningRobot/autonomy/ros2_workspace/install/pcl_msgs/share/ament_index/resource_index/package_run_dependencies/pcl_msgs
[26.486s] -- Installing: /home/brown/Projects/MiningRobot/autonomy/ros2_workspace/install/pcl_msgs/share/ament_index/resource_index/parent_prefix_path/pcl_msgs
[26.486s] -- Up-to-date: /home/brown/Projects/MiningRobot/autonomy/ros2_workspace/install/pcl_msgs/share/pcl_msgs/environment/ament_prefix_path.sh
[26.487s] -- Installing: /home/brown/Projects/MiningRobot/autonomy/ros2_workspace/install/pcl_msgs/share/pcl_msgs/environment/ament_prefix_path.dsv
[26.487s] -- Up-to-date: /home/brown/Projects/MiningRobot/autonomy/ros2_workspace/install/pcl_msgs/share/pcl_msgs/environment/path.sh
[26.487s] -- Installing: /home/brown/Projects/MiningRobot/autonomy/ros2_workspace/install/pcl_msgs/share/pcl_msgs/environment/path.dsv
[26.487s] -- Installing: /home/brown/Projects/MiningRobot/autonomy/ros2_workspace/install/pcl_msgs/share/pcl_msgs/local_setup.bash
[26.487s] -- Installing: /home/brown/Projects/MiningRobot/autonomy/ros2_workspace/install/pcl_msgs/share/pcl_msgs/local_setup.sh
[26.487s] -- Installing: /home/brown/Projects/MiningRobot/autonomy/ros2_workspace/install/pcl_msgs/share/pcl_msgs/local_setup.zsh
[26.488s] -- Installing: /home/brown/Projects/MiningRobot/autonomy/ros2_workspace/install/pcl_msgs/share/pcl_msgs/local_setup.dsv
[26.488s] -- Installing: /home/brown/Projects/MiningRobot/autonomy/ros2_workspace/install/pcl_msgs/share/pcl_msgs/package.dsv
[26.488s] -- Installing: /home/brown/Projects/MiningRobot/autonomy/ros2_workspace/install/pcl_msgs/share/ament_index/resource_index/packages/pcl_msgs
[26.489s] -- Installing: /home/brown/Projects/MiningRobot/autonomy/ros2_workspace/install/pcl_msgs/share/pcl_msgs/cmake/export_pcl_msgs__rosidl_generator_cExport.cmake
[26.489s] -- Installing: /home/brown/Projects/MiningRobot/autonomy/ros2_workspace/install/pcl_msgs/share/pcl_msgs/cmake/export_pcl_msgs__rosidl_generator_cExport-noconfig.cmake
[26.490s] -- Installing: /home/brown/Projects/MiningRobot/autonomy/ros2_workspace/install/pcl_msgs/share/pcl_msgs/cmake/export_pcl_msgs__rosidl_typesupport_fastrtps_cExport.cmake
[26.490s] -- Installing: /home/brown/Projects/MiningRobot/autonomy/ros2_workspace/install/pcl_msgs/share/pcl_msgs/cmake/export_pcl_msgs__rosidl_typesupport_fastrtps_cExport-noconfig.cmake
[26.491s] -- Installing: /home/brown/Projects/MiningRobot/autonomy/ros2_workspace/install/pcl_msgs/share/pcl_msgs/cmake/pcl_msgs__rosidl_typesupport_introspection_cExport.cmake
[26.491s] -- Installing: /home/brown/Projects/MiningRobot/autonomy/ros2_workspace/install/pcl_msgs/share/pcl_msgs/cmake/pcl_msgs__rosidl_typesupport_introspection_cExport-noconfig.cmake
[26.492s] -- Installing: /home/brown/Projects/MiningRobot/autonomy/ros2_workspace/install/pcl_msgs/share/pcl_msgs/cmake/pcl_msgs__rosidl_typesupport_cExport.cmake
[26.492s] -- Installing: /home/brown/Projects/MiningRobot/autonomy/ros2_workspace/install/pcl_msgs/share/pcl_msgs/cmake/pcl_msgs__rosidl_typesupport_cExport-noconfig.cmake
[26.493s] -- Installing: /home/brown/Projects/MiningRobot/autonomy/ros2_workspace/install/pcl_msgs/share/pcl_msgs/cmake/export_pcl_msgs__rosidl_generator_cppExport.cmake
[26.493s] -- Installing: /home/brown/Projects/MiningRobot/autonomy/ros2_workspace/install/pcl_msgs/share/pcl_msgs/cmake/export_pcl_msgs__rosidl_typesupport_fastrtps_cppExport.cmake
[26.493s] -- Installing: /home/brown/Projects/MiningRobot/autonomy/ros2_workspace/install/pcl_msgs/share/pcl_msgs/cmake/export_pcl_msgs__rosidl_typesupport_fastrtps_cppExport-noconfig.cmake
[26.494s] -- Installing: /home/brown/Projects/MiningRobot/autonomy/ros2_workspace/install/pcl_msgs/share/pcl_msgs/cmake/pcl_msgs__rosidl_typesupport_introspection_cppExport.cmake
[26.494s] -- Installing: /home/brown/Projects/MiningRobot/autonomy/ros2_workspace/install/pcl_msgs/share/pcl_msgs/cmake/pcl_msgs__rosidl_typesupport_introspection_cppExport-noconfig.cmake
[26.495s] -- Installing: /home/brown/Projects/MiningRobot/autonomy/ros2_workspace/install/pcl_msgs/share/pcl_msgs/cmake/pcl_msgs__rosidl_typesupport_cppExport.cmake
[26.495s] -- Installing: /home/brown/Projects/MiningRobot/autonomy/ros2_workspace/install/pcl_msgs/share/pcl_msgs/cmake/pcl_msgs__rosidl_typesupport_cppExport-noconfig.cmake
[26.496s] -- Installing: /home/brown/Projects/MiningRobot/autonomy/ros2_workspace/install/pcl_msgs/share/pcl_msgs/cmake/export_pcl_msgs__rosidl_generator_pyExport.cmake
[26.496s] -- Installing: /home/brown/Projects/MiningRobot/autonomy/ros2_workspace/install/pcl_msgs/share/pcl_msgs/cmake/export_pcl_msgs__rosidl_generator_pyExport-noconfig.cmake
[26.496s] -- Installing: /home/brown/Projects/MiningRobot/autonomy/ros2_workspace/install/pcl_msgs/share/pcl_msgs/cmake/rosidl_cmake-extras.cmake
[26.496s] -- Installing: /home/brown/Projects/MiningRobot/autonomy/ros2_workspace/install/pcl_msgs/share/pcl_msgs/cmake/ament_cmake_export_dependencies-extras.cmake
[26.497s] -- Installing: /home/brown/Projects/MiningRobot/autonomy/ros2_workspace/install/pcl_msgs/share/pcl_msgs/cmake/ament_cmake_export_include_directories-extras.cmake
[26.497s] -- Installing: /home/brown/Projects/MiningRobot/autonomy/ros2_workspace/install/pcl_msgs/share/pcl_msgs/cmake/ament_cmake_export_libraries-extras.cmake
[26.497s] -- Installing: /home/brown/Projects/MiningRobot/autonomy/ros2_workspace/install/pcl_msgs/share/pcl_msgs/cmake/ament_cmake_export_targets-extras.cmake
[26.498s] -- Installing: /home/brown/Projects/MiningRobot/autonomy/ros2_workspace/install/pcl_msgs/share/pcl_msgs/cmake/rosidl_cmake_export_typesupport_targets-extras.cmake
[26.498s] -- Installing: /home/brown/Projects/MiningRobot/autonomy/ros2_workspace/install/pcl_msgs/share/pcl_msgs/cmake/rosidl_cmake_export_typesupport_libraries-extras.cmake
[26.498s] -- Installing: /home/brown/Projects/MiningRobot/autonomy/ros2_workspace/install/pcl_msgs/share/pcl_msgs/cmake/pcl_msgsConfig.cmake
[26.499s] -- Installing: /home/brown/Projects/MiningRobot/autonomy/ros2_workspace/install/pcl_msgs/share/pcl_msgs/cmake/pcl_msgsConfig-version.cmake
[26.499s] -- Up-to-date: /home/brown/Projects/MiningRobot/autonomy/ros2_workspace/install/pcl_msgs/share/pcl_msgs/package.xml
[26.502s] Invoked command in '/home/brown/Projects/MiningRobot/autonomy/ros2_workspace/build/pcl_msgs' returned '0': _=/usr/bin/env /usr/bin/cmake --install /home/brown/Projects/MiningRobot/autonomy/ros2_workspace/build/pcl_msgs
