[0.044s] Invoking command in '/home/brown/Projects/MiningRobot/autonomy/ros2_workspace/build/ouster_msgs': _=/usr/bin/env /usr/bin/cmake /home/brown/Projects/MiningRobot/autonomy/ros2_workspace/src/ros2_ouster_drivers/ouster_msgs -DCMAKE_INSTALL_PREFIX=/home/brown/Projects/MiningRobot/autonomy/ros2_workspace/install/ouster_msgs
[0.154s] -- The C compiler identification is GNU 13.2.1
[0.306s] -- The CXX compiler identification is GNU 13.2.1
[0.334s] -- Detecting C compiler ABI info
[0.448s] -- Detecting C compiler ABI info - done
[0.465s] -- Check for working C compiler: /usr/bin/cc - skipped
[0.466s] -- Detecting C compile features
[0.467s] -- Detecting C compile features - done
[0.486s] -- Detecting CXX compiler ABI info
[0.683s] -- Detecting CXX compiler ABI info - done
[0.706s] -- Check for working CXX compiler: /usr/bin/c++ - skipped
[0.706s] -- Detecting CXX compile features
[0.707s] -- Detecting CXX compile features - done
[0.736s] [31mCMake Error at CMakeLists.txt:4 (find_package):
[0.736s]   By not providing "Findament_cmake.cmake" in CMAKE_MODULE_PATH this project
[0.738s]   has asked CMake to find a package configuration file provided by
[0.738s]   "ament_cmake", but CMake did not find one.
[0.738s] 
[0.738s]   Could not find a package configuration file provided by "ament_cmake" with
[0.738s]   any of the following names:
[0.739s] 
[0.739s]     ament_cmakeConfig.cmake
[0.739s]     ament_cmake-config.cmake
[0.739s] 
[0.740s]   Add the installation prefix of "ament_cmake" to CMAKE_PREFIX_PATH or set
[0.740s]   "ament_cmake_DIR" to a directory containing one of the above files.  If
[0.740s]   "ament_cmake" provides a separate development package or SDK, be sure it
[0.740s]   has been installed.
[0.740s] 
[0.741s] [0m
[0.741s] -- Configuring incomplete, errors occurred!
[0.744s] Invoked command in '/home/brown/Projects/MiningRobot/autonomy/ros2_workspace/build/ouster_msgs' returned '1': _=/usr/bin/env /usr/bin/cmake /home/brown/Projects/MiningRobot/autonomy/ros2_workspace/src/ros2_ouster_drivers/ouster_msgs -DCMAKE_INSTALL_PREFIX=/home/brown/Projects/MiningRobot/autonomy/ros2_workspace/install/ouster_msgs
