-- Eigen found (include: /usr/include/eigen3, version: 3.4.0)
-- Found flann version 1.9.2
-- Eigen found (include: /usr/include/eigen3, version: 3.4.0)
-- Found Qhull version 8.0.2
-- Found ament_cmake: 1.3.5 (/opt/ros/humble/share/ament_cmake/cmake)
-- Found pcl_conversions: 2.4.1 (/home/brown/Projects/MiningRobot/ros2_workspace/install/pcl_conversions/share/pcl_conversions/cmake)
-- Found rosidl_generator_c: 3.1.5 (/opt/ros/humble/share/rosidl_generator_c/cmake)
-- Found rosidl_adapter: 3.1.5 (/opt/ros/humble/share/rosidl_adapter/cmake)
-- Found rosidl_generator_cpp: 3.1.5 (/opt/ros/humble/share/rosidl_generator_cpp/cmake)
-- Using all available rosidl_typesupport_c: rosidl_typesupport_fastrtps_c;rosidl_typesupport_introspection_c
-- Using all available rosidl_typesupport_cpp: rosidl_typesupport_fastrtps_cpp;rosidl_typesupport_introspection_cpp
-- Found rmw_implementation_cmake: 6.1.1 (/opt/ros/humble/share/rmw_implementation_cmake/cmake)
-- Found rmw_fastrtps_cpp: 6.2.4 (/opt/ros/humble/share/rmw_fastrtps_cpp/cmake)
-- Using RMW implementation 'rmw_fastrtps_cpp' as default
-- Found rclcpp_components: 16.0.6 (/opt/ros/humble/share/rclcpp_components/cmake)
-- Found tf2: 0.25.4 (/opt/ros/humble/share/tf2/cmake)
-- Found tf2_geometry_msgs: 0.25.4 (/opt/ros/humble/share/tf2_geometry_msgs/cmake)
-- Found eigen3_cmake_module: 0.1.1 (/opt/ros/humble/share/eigen3_cmake_module/cmake)
-- Ensuring Eigen3 include directory is part of orocos-kdl CMake target
-- Found ament_lint_auto: 0.12.8 (/opt/ros/humble/share/ament_lint_auto/cmake)
-- Added test 'cppcheck' to perform static code analysis on C / C++ code
-- Configured cppcheck include dirs: $<BUILD_INTERFACE:/home/brown/Projects/MiningRobot/ros2_workspace/src/perception_pcl/pcl_ros/include>
-- Configured cppcheck exclude dirs and/or files: 
-- Added test 'cpplint' to check C / C++ code against the Google style
-- Configured cpplint exclude dirs and/or files: 
-- Added test 'flake8' to check Python code syntax and style conventions
-- Added test 'lint_cmake' to check CMake code style
-- Added test 'pep257' to check Python code against some of the docstring style conventions in PEP 257
-- Added test 'uncrustify' to check C / C++ code style
-- Configured uncrustify additional arguments: 
-- Added test 'xmllint' to check XML markup files
-- Configuring done (21.8s)
-- Generating done (0.2s)
-- Build files have been written to: /home/brown/Projects/MiningRobot/ros2_workspace/build/pcl_ros
[  3%] [32mBuilding CXX object CMakeFiles/pcl_ros_tf.dir/src/transforms.cpp.o[0m
[  6%] [32mBuilding CXX object CMakeFiles/filter_project_inliers_node.dir/rclcpp_components/node_main_filter_project_inliers_node.cpp.o[0m
[  9%] [32m[1mLinking CXX executable filter_project_inliers_node[0m
[  9%] Built target filter_project_inliers_node
[ 12%] [32mBuilding CXX object CMakeFiles/filter_radius_outlier_removal_node.dir/rclcpp_components/node_main_filter_radius_outlier_removal_node.cpp.o[0m
[ 16%] [32mBuilding CXX object CMakeFiles/filter_passthrough_node.dir/rclcpp_components/node_main_filter_passthrough_node.cpp.o[0m
[ 19%] [32m[1mLinking CXX executable filter_radius_outlier_removal_node[0m
[ 19%] Built target filter_radius_outlier_removal_node
[ 22%] [32mBuilding CXX object CMakeFiles/filter_statistical_outlier_removal_node.dir/rclcpp_components/node_main_filter_statistical_outlier_removal_node.cpp.o[0m
[ 25%] [32m[1mLinking CXX executable filter_passthrough_node[0m
[ 25%] Built target filter_passthrough_node
[ 29%] [32m[1mLinking CXX static library libpcl_ros_tf.a[0m
[ 29%] Built target pcl_ros_tf
[ 32%] [32mBuilding CXX object CMakeFiles/filter_crop_box_node.dir/rclcpp_components/node_main_filter_crop_box_node.cpp.o[0m
[ 35%] [32mBuilding CXX object CMakeFiles/filter_voxel_grid_node.dir/rclcpp_components/node_main_filter_voxel_grid_node.cpp.o[0m
[ 38%] [32m[1mLinking CXX executable filter_statistical_outlier_removal_node[0m
[ 38%] Built target filter_statistical_outlier_removal_node
[ 41%] [32mBuilding CXX object CMakeFiles/pcd_to_pointcloud_lib.dir/tools/pcd_to_pointcloud.cpp.o[0m
[ 45%] [32m[1mLinking CXX executable filter_crop_box_node[0m
[ 48%] [32m[1mLinking CXX executable filter_voxel_grid_node[0m
[ 48%] Built target filter_crop_box_node
[ 48%] Built target filter_voxel_grid_node
[ 51%] [32mBuilding CXX object CMakeFiles/pcd_to_pointcloud.dir/rclcpp_components/node_main_pcd_to_pointcloud.cpp.o[0m
[ 54%] [32mBuilding CXX object tests/filters/CMakeFiles/dummy_topics.dir/dummy_topics.cpp.o[0m
[ 58%] [32m[1mLinking CXX executable pcd_to_pointcloud[0m
[ 58%] Built target pcd_to_pointcloud
[ 61%] [32m[1mLinking CXX shared library libpcd_to_pointcloud_lib.so[0m
[ 61%] Built target pcd_to_pointcloud_lib
[ 64%] [32mBuilding CXX object CMakeFiles/filter_extract_indices_node.dir/rclcpp_components/node_main_filter_extract_indices_node.cpp.o[0m
[ 67%] [32mBuilding CXX object CMakeFiles/pcl_ros_filters.dir/src/pcl_ros/filters/extract_indices.cpp.o[0m
[ 70%] [32m[1mLinking CXX executable filter_extract_indices_node[0m
[ 74%] [32m[1mLinking CXX shared library libdummy_topics.so[0m
[ 74%] Built target filter_extract_indices_node
[ 77%] [32mBuilding CXX object CMakeFiles/pcl_ros_filters.dir/src/pcl_ros/filters/passthrough.cpp.o[0m
[ 77%] Built target dummy_topics
[ 80%] [32mBuilding CXX object CMakeFiles/pcl_ros_filters.dir/src/pcl_ros/filters/project_inliers.cpp.o[0m
[ 83%] [32mBuilding CXX object CMakeFiles/pcl_ros_filters.dir/src/pcl_ros/filters/filter.cpp.o[0m
[ 87%] [32mBuilding CXX object CMakeFiles/pcl_ros_filters.dir/src/pcl_ros/filters/statistical_outlier_removal.cpp.o[0m
[ 90%] [32mBuilding CXX object CMakeFiles/pcl_ros_filters.dir/src/pcl_ros/filters/voxel_grid.cpp.o[0m
[ 93%] [32mBuilding CXX object CMakeFiles/pcl_ros_filters.dir/src/pcl_ros/filters/radius_outlier_removal.cpp.o[0m
[ 96%] [32mBuilding CXX object CMakeFiles/pcl_ros_filters.dir/src/pcl_ros/filters/crop_box.cpp.o[0m
[100%] [32m[1mLinking CXX shared library libpcl_ros_filters.so[0m
[100%] Built target pcl_ros_filters
-- Install configuration: ""
-- Installing: /home/brown/Projects/MiningRobot/ros2_workspace/install/pcl_ros/lib/pcl_ros/filter_extract_indices_node
-- Set runtime path of "/home/brown/Projects/MiningRobot/ros2_workspace/install/pcl_ros/lib/pcl_ros/filter_extract_indices_node" to ""
-- Installing: /home/brown/Projects/MiningRobot/ros2_workspace/install/pcl_ros/lib/pcl_ros/filter_passthrough_node
-- Set runtime path of "/home/brown/Projects/MiningRobot/ros2_workspace/install/pcl_ros/lib/pcl_ros/filter_passthrough_node" to ""
-- Installing: /home/brown/Projects/MiningRobot/ros2_workspace/install/pcl_ros/lib/pcl_ros/filter_project_inliers_node
-- Set runtime path of "/home/brown/Projects/MiningRobot/ros2_workspace/install/pcl_ros/lib/pcl_ros/filter_project_inliers_node" to ""
-- Installing: /home/brown/Projects/MiningRobot/ros2_workspace/install/pcl_ros/lib/pcl_ros/filter_radius_outlier_removal_node
-- Set runtime path of "/home/brown/Projects/MiningRobot/ros2_workspace/install/pcl_ros/lib/pcl_ros/filter_radius_outlier_removal_node" to ""
-- Installing: /home/brown/Projects/MiningRobot/ros2_workspace/install/pcl_ros/lib/pcl_ros/filter_statistical_outlier_removal_node
-- Set runtime path of "/home/brown/Projects/MiningRobot/ros2_workspace/install/pcl_ros/lib/pcl_ros/filter_statistical_outlier_removal_node" to ""
-- Installing: /home/brown/Projects/MiningRobot/ros2_workspace/install/pcl_ros/lib/pcl_ros/filter_crop_box_node
-- Set runtime path of "/home/brown/Projects/MiningRobot/ros2_workspace/install/pcl_ros/lib/pcl_ros/filter_crop_box_node" to ""
-- Installing: /home/brown/Projects/MiningRobot/ros2_workspace/install/pcl_ros/lib/pcl_ros/filter_voxel_grid_node
-- Set runtime path of "/home/brown/Projects/MiningRobot/ros2_workspace/install/pcl_ros/lib/pcl_ros/filter_voxel_grid_node" to ""
-- Installing: /home/brown/Projects/MiningRobot/ros2_workspace/install/pcl_ros/lib/pcl_ros/pcd_to_pointcloud
-- Set runtime path of "/home/brown/Projects/MiningRobot/ros2_workspace/install/pcl_ros/lib/pcl_ros/pcd_to_pointcloud" to ""
-- Up-to-date: /home/brown/Projects/MiningRobot/ros2_workspace/install/pcl_ros/include/pcl_ros
-- Up-to-date: /home/brown/Projects/MiningRobot/ros2_workspace/install/pcl_ros/include/pcl_ros/pcl_ros
-- Up-to-date: /home/brown/Projects/MiningRobot/ros2_workspace/install/pcl_ros/include/pcl_ros/pcl_ros/segmentation
-- Installing: /home/brown/Projects/MiningRobot/ros2_workspace/install/pcl_ros/include/pcl_ros/pcl_ros/segmentation/segment_differences.hpp
-- Installing: /home/brown/Projects/MiningRobot/ros2_workspace/install/pcl_ros/include/pcl_ros/pcl_ros/segmentation/extract_clusters.hpp
-- Installing: /home/brown/Projects/MiningRobot/ros2_workspace/install/pcl_ros/include/pcl_ros/pcl_ros/segmentation/extract_polygonal_prism_data.hpp
-- Installing: /home/brown/Projects/MiningRobot/ros2_workspace/install/pcl_ros/include/pcl_ros/pcl_ros/segmentation/sac_segmentation.hpp
-- Installing: /home/brown/Projects/MiningRobot/ros2_workspace/install/pcl_ros/include/pcl_ros/pcl_ros/point_cloud.hpp
-- Up-to-date: /home/brown/Projects/MiningRobot/ros2_workspace/install/pcl_ros/include/pcl_ros/pcl_ros/impl
-- Installing: /home/brown/Projects/MiningRobot/ros2_workspace/install/pcl_ros/include/pcl_ros/pcl_ros/impl/transforms.hpp
-- Up-to-date: /home/brown/Projects/MiningRobot/ros2_workspace/install/pcl_ros/include/pcl_ros/pcl_ros/io
-- Installing: /home/brown/Projects/MiningRobot/ros2_workspace/install/pcl_ros/include/pcl_ros/pcl_ros/io/concatenate_data.hpp
-- Installing: /home/brown/Projects/MiningRobot/ros2_workspace/install/pcl_ros/include/pcl_ros/pcl_ros/io/bag_io.hpp
-- Installing: /home/brown/Projects/MiningRobot/ros2_workspace/install/pcl_ros/include/pcl_ros/pcl_ros/io/concatenate_fields.hpp
-- Installing: /home/brown/Projects/MiningRobot/ros2_workspace/install/pcl_ros/include/pcl_ros/pcl_ros/io/pcd_io.hpp
-- Installing: /home/brown/Projects/MiningRobot/ros2_workspace/install/pcl_ros/include/pcl_ros/pcl_ros/transforms.hpp
-- Installing: /home/brown/Projects/MiningRobot/ros2_workspace/install/pcl_ros/include/pcl_ros/pcl_ros/publisher.hpp
-- Up-to-date: /home/brown/Projects/MiningRobot/ros2_workspace/install/pcl_ros/include/pcl_ros/pcl_ros/filters
-- Installing: /home/brown/Projects/MiningRobot/ros2_workspace/install/pcl_ros/include/pcl_ros/pcl_ros/filters/voxel_grid.hpp
-- Installing: /home/brown/Projects/MiningRobot/ros2_workspace/install/pcl_ros/include/pcl_ros/pcl_ros/filters/statistical_outlier_removal.hpp
-- Installing: /home/brown/Projects/MiningRobot/ros2_workspace/install/pcl_ros/include/pcl_ros/pcl_ros/filters/radius_outlier_removal.hpp
-- Installing: /home/brown/Projects/MiningRobot/ros2_workspace/install/pcl_ros/include/pcl_ros/pcl_ros/filters/filter.hpp
-- Installing: /home/brown/Projects/MiningRobot/ros2_workspace/install/pcl_ros/include/pcl_ros/pcl_ros/filters/project_inliers.hpp
-- Installing: /home/brown/Projects/MiningRobot/ros2_workspace/install/pcl_ros/include/pcl_ros/pcl_ros/filters/extract_indices.hpp
-- Installing: /home/brown/Projects/MiningRobot/ros2_workspace/install/pcl_ros/include/pcl_ros/pcl_ros/filters/passthrough.hpp
-- Installing: /home/brown/Projects/MiningRobot/ros2_workspace/install/pcl_ros/include/pcl_ros/pcl_ros/filters/crop_box.hpp
-- Up-to-date: /home/brown/Projects/MiningRobot/ros2_workspace/install/pcl_ros/include/pcl_ros/pcl_ros/surface
-- Installing: /home/brown/Projects/MiningRobot/ros2_workspace/install/pcl_ros/include/pcl_ros/pcl_ros/surface/convex_hull.hpp
-- Installing: /home/brown/Projects/MiningRobot/ros2_workspace/install/pcl_ros/include/pcl_ros/pcl_ros/surface/moving_least_squares.hpp
-- Installing: /home/brown/Projects/MiningRobot/ros2_workspace/install/pcl_ros/include/pcl_ros/pcl_ros/pcl_node.hpp
-- Up-to-date: /home/brown/Projects/MiningRobot/ros2_workspace/install/pcl_ros/include/pcl_ros/pcl_ros/features
-- Installing: /home/brown/Projects/MiningRobot/ros2_workspace/install/pcl_ros/include/pcl_ros/pcl_ros/features/shot.hpp
-- Installing: /home/brown/Projects/MiningRobot/ros2_workspace/install/pcl_ros/include/pcl_ros/pcl_ros/features/fpfh.hpp
-- Installing: /home/brown/Projects/MiningRobot/ros2_workspace/install/pcl_ros/include/pcl_ros/pcl_ros/features/fpfh_omp.hpp
-- Installing: /home/brown/Projects/MiningRobot/ros2_workspace/install/pcl_ros/include/pcl_ros/pcl_ros/features/shot_omp.hpp
-- Installing: /home/brown/Projects/MiningRobot/ros2_workspace/install/pcl_ros/include/pcl_ros/pcl_ros/features/feature.hpp
-- Installing: /home/brown/Projects/MiningRobot/ros2_workspace/install/pcl_ros/include/pcl_ros/pcl_ros/features/boundary.hpp
-- Installing: /home/brown/Projects/MiningRobot/ros2_workspace/install/pcl_ros/include/pcl_ros/pcl_ros/features/pfh.hpp
-- Installing: /home/brown/Projects/MiningRobot/ros2_workspace/install/pcl_ros/include/pcl_ros/pcl_ros/features/normal_3d_omp.hpp
-- Installing: /home/brown/Projects/MiningRobot/ros2_workspace/install/pcl_ros/include/pcl_ros/pcl_ros/features/moment_invariants.hpp
-- Installing: /home/brown/Projects/MiningRobot/ros2_workspace/install/pcl_ros/include/pcl_ros/pcl_ros/features/normal_3d_tbb.hpp
-- Installing: /home/brown/Projects/MiningRobot/ros2_workspace/install/pcl_ros/include/pcl_ros/pcl_ros/features/principal_curvatures.hpp
-- Installing: /home/brown/Projects/MiningRobot/ros2_workspace/install/pcl_ros/include/pcl_ros/pcl_ros/features/vfh.hpp
-- Installing: /home/brown/Projects/MiningRobot/ros2_workspace/install/pcl_ros/include/pcl_ros/pcl_ros/features/normal_3d.hpp
-- Installing: /home/brown/Projects/MiningRobot/ros2_workspace/install/pcl_ros/lib/libpcl_ros_tf.a
-- Installing: /home/brown/Projects/MiningRobot/ros2_workspace/install/pcl_ros/lib/libpcd_to_pointcloud_lib.so
-- Set runtime path of "/home/brown/Projects/MiningRobot/ros2_workspace/install/pcl_ros/lib/libpcd_to_pointcloud_lib.so" to ""
-- Installing: /home/brown/Projects/MiningRobot/ros2_workspace/install/pcl_ros/lib/libpcl_ros_filters.so
-- Set runtime path of "/home/brown/Projects/MiningRobot/ros2_workspace/install/pcl_ros/lib/libpcl_ros_filters.so" to ""
-- Up-to-date: /home/brown/Projects/MiningRobot/ros2_workspace/install/pcl_ros/share/pcl_ros/plugins
-- Up-to-date: /home/brown/Projects/MiningRobot/ros2_workspace/install/pcl_ros/share/pcl_ros/plugins/nodelet
-- Installing: /home/brown/Projects/MiningRobot/ros2_workspace/install/pcl_ros/share/pcl_ros/plugins/nodelet/libpcl_ros_features.xml
-- Installing: /home/brown/Projects/MiningRobot/ros2_workspace/install/pcl_ros/share/pcl_ros/plugins/nodelet/libpcl_ros_filters.xml
-- Installing: /home/brown/Projects/MiningRobot/ros2_workspace/install/pcl_ros/share/pcl_ros/plugins/nodelet/libpcl_ros_surface.xml
-- Installing: /home/brown/Projects/MiningRobot/ros2_workspace/install/pcl_ros/share/pcl_ros/plugins/nodelet/libpcl_ros_io.xml
-- Installing: /home/brown/Projects/MiningRobot/ros2_workspace/install/pcl_ros/share/pcl_ros/plugins/nodelet/libpcl_ros_segmentation.xml
-- Up-to-date: /home/brown/Projects/MiningRobot/ros2_workspace/install/pcl_ros/share/pcl_ros/samples
-- Up-to-date: /home/brown/Projects/MiningRobot/ros2_workspace/install/pcl_ros/share/pcl_ros/samples/pcl_ros
-- Up-to-date: /home/brown/Projects/MiningRobot/ros2_workspace/install/pcl_ros/share/pcl_ros/samples/pcl_ros/segmentation
-- Installing: /home/brown/Projects/MiningRobot/ros2_workspace/install/pcl_ros/share/pcl_ros/samples/pcl_ros/segmentation/sample_extract_clusters.launch
-- Up-to-date: /home/brown/Projects/MiningRobot/ros2_workspace/install/pcl_ros/share/pcl_ros/samples/pcl_ros/io
-- Installing: /home/brown/Projects/MiningRobot/ros2_workspace/install/pcl_ros/share/pcl_ros/samples/pcl_ros/io/sample_concatenate_data.launch
-- Up-to-date: /home/brown/Projects/MiningRobot/ros2_workspace/install/pcl_ros/share/pcl_ros/samples/pcl_ros/filters
-- Up-to-date: /home/brown/Projects/MiningRobot/ros2_workspace/install/pcl_ros/share/pcl_ros/samples/pcl_ros/filters/config
-- Installing: /home/brown/Projects/MiningRobot/ros2_workspace/install/pcl_ros/share/pcl_ros/samples/pcl_ros/filters/config/voxel_grid.rviz
-- Installing: /home/brown/Projects/MiningRobot/ros2_workspace/install/pcl_ros/share/pcl_ros/samples/pcl_ros/filters/config/statistical_outlier_removal.rviz
-- Installing: /home/brown/Projects/MiningRobot/ros2_workspace/install/pcl_ros/share/pcl_ros/samples/pcl_ros/filters/sample_voxel_grid.launch
-- Installing: /home/brown/Projects/MiningRobot/ros2_workspace/install/pcl_ros/share/pcl_ros/samples/pcl_ros/filters/sample_statistical_outlier_removal.launch
-- Up-to-date: /home/brown/Projects/MiningRobot/ros2_workspace/install/pcl_ros/share/pcl_ros/samples/pcl_ros/surface
-- Installing: /home/brown/Projects/MiningRobot/ros2_workspace/install/pcl_ros/share/pcl_ros/samples/pcl_ros/surface/sample_convex_hull.launch
-- Up-to-date: /home/brown/Projects/MiningRobot/ros2_workspace/install/pcl_ros/share/pcl_ros/samples/pcl_ros/features
-- Installing: /home/brown/Projects/MiningRobot/ros2_workspace/install/pcl_ros/share/pcl_ros/samples/pcl_ros/features/sample_normal_3d.launch
-- Up-to-date: /home/brown/Projects/MiningRobot/ros2_workspace/install/pcl_ros/share/pcl_ros/samples/data
-- Installing: /home/brown/Projects/MiningRobot/ros2_workspace/install/pcl_ros/share/pcl_ros/samples/data/.gitignore
-- Installing: /home/brown/Projects/MiningRobot/ros2_workspace/install/pcl_ros/share/pcl_ros/environment/library_path.sh
-- Installing: /home/brown/Projects/MiningRobot/ros2_workspace/install/pcl_ros/share/pcl_ros/environment/library_path.dsv
-- Up-to-date: /home/brown/Projects/MiningRobot/ros2_workspace/install/pcl_ros/share/ament_index/resource_index/package_run_dependencies/pcl_ros
-- Installing: /home/brown/Projects/MiningRobot/ros2_workspace/install/pcl_ros/share/ament_index/resource_index/parent_prefix_path/pcl_ros
-- Installing: /home/brown/Projects/MiningRobot/ros2_workspace/install/pcl_ros/share/pcl_ros/environment/ament_prefix_path.sh
-- Installing: /home/brown/Projects/MiningRobot/ros2_workspace/install/pcl_ros/share/pcl_ros/environment/ament_prefix_path.dsv
-- Installing: /home/brown/Projects/MiningRobot/ros2_workspace/install/pcl_ros/share/pcl_ros/environment/path.sh
-- Installing: /home/brown/Projects/MiningRobot/ros2_workspace/install/pcl_ros/share/pcl_ros/environment/path.dsv
-- Up-to-date: /home/brown/Projects/MiningRobot/ros2_workspace/install/pcl_ros/share/pcl_ros/local_setup.bash
-- Up-to-date: /home/brown/Projects/MiningRobot/ros2_workspace/install/pcl_ros/share/pcl_ros/local_setup.sh
-- Up-to-date: /home/brown/Projects/MiningRobot/ros2_workspace/install/pcl_ros/share/pcl_ros/local_setup.zsh
-- Installing: /home/brown/Projects/MiningRobot/ros2_workspace/install/pcl_ros/share/pcl_ros/local_setup.dsv
-- Installing: /home/brown/Projects/MiningRobot/ros2_workspace/install/pcl_ros/share/pcl_ros/package.dsv
-- Up-to-date: /home/brown/Projects/MiningRobot/ros2_workspace/install/pcl_ros/share/ament_index/resource_index/packages/pcl_ros
-- Up-to-date: /home/brown/Projects/MiningRobot/ros2_workspace/install/pcl_ros/share/ament_index/resource_index/rclcpp_components/pcl_ros
-- Installing: /home/brown/Projects/MiningRobot/ros2_workspace/install/pcl_ros/share/pcl_ros/cmake/export_pcl_rosExport.cmake
-- Installing: /home/brown/Projects/MiningRobot/ros2_workspace/install/pcl_ros/share/pcl_ros/cmake/export_pcl_rosExport-noconfig.cmake
-- Up-to-date: /home/brown/Projects/MiningRobot/ros2_workspace/install/pcl_ros/share/pcl_ros/cmake/ament_cmake_export_include_directories-extras.cmake
-- Up-to-date: /home/brown/Projects/MiningRobot/ros2_workspace/install/pcl_ros/share/pcl_ros/cmake/ament_cmake_export_libraries-extras.cmake
-- Up-to-date: /home/brown/Projects/MiningRobot/ros2_workspace/install/pcl_ros/share/pcl_ros/cmake/ament_cmake_export_targets-extras.cmake
-- Up-to-date: /home/brown/Projects/MiningRobot/ros2_workspace/install/pcl_ros/share/pcl_ros/cmake/ament_cmake_export_dependencies-extras.cmake
-- Up-to-date: /home/brown/Projects/MiningRobot/ros2_workspace/install/pcl_ros/share/pcl_ros/cmake/pcl_rosConfig.cmake
-- Up-to-date: /home/brown/Projects/MiningRobot/ros2_workspace/install/pcl_ros/share/pcl_ros/cmake/pcl_rosConfig-version.cmake
-- Installing: /home/brown/Projects/MiningRobot/ros2_workspace/install/pcl_ros/share/pcl_ros/package.xml
