[0.000000] (-) TimerEvent: {}
[0.000815] (-) JobUnselected: {'identifier': 'ouster_msgs'}
[0.001151] (-) JobUnselected: {'identifier': 'pcl_conversions'}
[0.001238] (-) JobUnselected: {'identifier': 'pcl_msgs'}
[0.001345] (-) JobUnselected: {'identifier': 'pcl_ros'}
[0.001443] (-) JobUnselected: {'identifier': 'perception_pcl'}
[0.001530] (-) JobUnselected: {'identifier': 'ros2_ouster'}
[0.001657] (aurora_core) JobQueued: {'identifier': 'aurora_core', 'dependencies': OrderedDict([('ouster_msgs', '/home/brown/Projects/MiningRobot/ros2_workspace/install/ouster_msgs'), ('pcl_msgs', '/home/brown/Projects/MiningRobot/ros2_workspace/install/pcl_msgs'), ('pcl_conversions', '/home/brown/Projects/MiningRobot/ros2_workspace/install/pcl_conversions'), ('ros2_ouster', '/home/brown/Projects/MiningRobot/ros2_workspace/install/ros2_ouster')])}
[0.001865] (aurora_core) JobStarted: {'identifier': 'aurora_core'}
[0.086540] (-) TimerEvent: {}
[0.187356] (-) TimerEvent: {}
[0.288538] (-) TimerEvent: {}
[0.389095] (-) TimerEvent: {}
[0.473422] (aurora_core) JobProgress: {'identifier': 'aurora_core', 'progress': 'cmake'}
[0.479313] (aurora_core) JobProgress: {'identifier': 'aurora_core', 'progress': 'build'}
[0.483725] (aurora_core) Command: {'cmd': ['/usr/bin/cmake', '--build', '/home/brown/Projects/MiningRobot/ros2_workspace/build/aurora_core', '--', '-j4', '-l4'], 'cwd': '/home/brown/Projects/MiningRobot/ros2_workspace/build/aurora_core', 'env': OrderedDict([('SHELL', '/bin/bash'), ('ROS_VERSION', '2'), ('WINDOWID', '1'), ('COLORTERM', 'truecolor'), ('XDG_CONFIG_DIRS', '/home/brown/.config/kdedefaults:/etc/xdg'), ('KGLOBALACCELD_PLATFORM', 'org.kde.kwin'), ('TERM_PROGRAM_VERSION', '3.3a'), ('TMUX', '/tmp/tmux-1000/default,1806,0'), ('PKG_CONFIG_PATH', '/opt/ros/humble/lib/pkgconfig'), ('ROS_PYTHON_VERSION', '3'), ('LANGUAGE', ''), ('SHELL_SESSION_ID', 'adab33755f16428db603933a933b68e7'), ('MEMORY_PRESSURE_WRITE', 'c29tZSAyMDAwMDAgMjAwMDAwMAA='), ('XCURSOR_SIZE', '24'), ('EDITOR', '/usr/bin/nvim'), ('XDG_SEAT', 'seat0'), ('PWD', '/home/brown/Projects/MiningRobot/ros2_workspace/build/aurora_core'), ('LOGNAME', 'brown'), ('XDG_SESSION_TYPE', 'wayland'), ('SYSTEMD_EXEC_PID', '506'), ('XAUTHORITY', '/run/user/1000/xauth_qwjjoz'), ('MOTD_SHOWN', 'pam'), ('HOME', '/home/brown'), ('LANG', 'C.UTF-8'), ('XDG_CURRENT_DESKTOP', 'KDE'), ('KONSOLE_DBUS_SERVICE', ':1.86'), ('MEMORY_PRESSURE_WATCH', '/sys/fs/cgroup/user.slice/user-1000.slice/user@1000.service/session.slice/plasma-kwin_wayland.service/memory.pressure'), ('WAYLAND_DISPLAY', 'wayland-0'), ('KONSOLE_DBUS_SESSION', '/Sessions/2'), ('PROFILEHOME', ''), ('AMENT_PREFIX_PATH', '/home/brown/Projects/MiningRobot/ros2_workspace/install/aurora_core:/home/brown/Projects/MiningRobot/ros2_workspace/install/ros2_ouster:/home/brown/Projects/MiningRobot/ros2_workspace/install/perception_pcl:/home/brown/Projects/MiningRobot/ros2_workspace/install/pcl_ros:/home/brown/Projects/MiningRobot/ros2_workspace/install/pcl_conversions:/home/brown/Projects/MiningRobot/ros2_workspace/install/pcl_msgs:/home/brown/Projects/MiningRobot/ros2_workspace/install/ouster_msgs:/opt/ros/humble'), ('CMAKE_PREFIX_PATH', '/home/brown/Projects/MiningRobot/ros2_workspace/install/ros2_ouster:/home/brown/Projects/MiningRobot/ros2_workspace/install/pcl_conversions:/home/brown/Projects/MiningRobot/ros2_workspace/install/pcl_msgs:/home/brown/Projects/MiningRobot/ros2_workspace/install/ouster_msgs:/home/brown/Projects/MiningRobot/ros2_workspace/install/aurora_core:/home/brown/Projects/MiningRobot/ros2_workspace/install/perception_pcl:/home/brown/Projects/MiningRobot/ros2_workspace/install/pcl_ros:/opt/ros/humble'), ('COLCON_PREFIX_PATH', '/home/brown/Projects/MiningRobot/ros2_workspace/install:/opt/ros/humble'), ('INVOCATION_ID', '0451ff8a5b7f45339296dc187b8cbfb5'), ('KONSOLE_VERSION', '230801'), ('MANAGERPID', '465'), ('KDE_SESSION_UID', '1000'), ('XDG_ACTIVATION_TOKEN', 'kwin-2'), ('XDG_SESSION_CLASS', 'user'), ('PYTHONPATH', '/home/brown/Projects/MiningRobot/ros2_workspace/install/pcl_msgs/lib/python3.11/site-packages:/home/brown/Projects/MiningRobot/ros2_workspace/install/ouster_msgs/lib/python3.11/site-packages:/home/brown/.cache/yay/ros2-humble/src/install/lib/python3.11/dist-packages:/opt/ros/humble/lib/python3.11/site-packages'), ('COLCON', '1'), ('TERM', 'xterm-256color'), ('USER', 'brown'), ('TMUX_PANE', '%6'), ('CUDA_PATH', '/opt/cuda'), ('COLORFGBG', '15;0'), ('PLASMA_USE_QT_SCALING', '1'), ('KDE_SESSION_VERSION', '5'), ('QT_WAYLAND_FORCE_DPI', '96'), ('DISPLAY', ':0'), ('SHLVL', '3'), ('XDG_VTNR', '1'), ('XDG_SESSION_ID', '1'), ('LD_LIBRARY_PATH', '/home/brown/Projects/MiningRobot/ros2_workspace/install/ros2_ouster/lib:/home/brown/Projects/MiningRobot/ros2_workspace/install/pcl_msgs/lib:/home/brown/Projects/MiningRobot/ros2_workspace/install/ouster_msgs/lib:/home/brown/Projects/MiningRobot/ros2_workspace/install/pcl_ros/lib:/opt/ros/humble/opt/yaml_cpp_vendor/lib:/opt/ros/humble/opt/rviz_ogre_vendor/lib:/opt/ros/humble/lib'), ('XDG_RUNTIME_DIR', '/run/user/1000'), ('ROS_LOCALHOST_ONLY', '0'), ('DEBUGINFOD_URLS', 'https://debuginfod.archlinux.org'), ('QT_AUTO_SCREEN_SCALE_FACTOR', '0'), ('JOURNAL_STREAM', '8:14885'), ('XCURSOR_THEME', 'breeze_cursors'), ('XDG_DATA_DIRS', '/home/brown/.local/share/flatpak/exports/share:/var/lib/flatpak/exports/share:/usr/local/share/:/usr/share/'), ('KDE_FULL_SESSION', 'true'), ('QSG_RENDER_LOOP', 'basic'), ('PATH', '/opt/ros/humble/bin:/home/brown/.local/bin:/home/brown/.local/bin:/home/brown/.local/bin:/usr/local/sbin:/usr/local/bin:/usr/bin:/opt/cuda/bin:/opt/cuda/nsight_compute:/opt/cuda/nsight_systems/bin:/var/lib/flatpak/exports/bin:/usr/lib/jvm/default/bin:/usr/bin/site_perl:/usr/bin/vendor_perl:/usr/bin/core_perl:/opt/cuda/bin:/opt/cuda/nsight_compute:/opt/cuda/nsight_systems/bin'), ('DBUS_SESSION_BUS_ADDRESS', 'unix:path=/run/user/1000/bus'), ('KDE_APPLICATIONS_AS_SCOPE', '1'), ('MAIL', '/var/spool/mail/brown'), ('ROS_DISTRO', 'humble'), ('OLDPWD', '/home/brown/Projects/MiningRobot/autonomy/lunabug'), ('TERM_PROGRAM', 'tmux'), ('KONSOLE_DBUS_WINDOW', '/Windows/1'), ('_', '/usr/bin/env')]), 'shell': False}
[0.496401] (-) TimerEvent: {}
[0.597348] (-) TimerEvent: {}
[0.698314] (-) TimerEvent: {}
[0.799301] (-) TimerEvent: {}
[0.807320] (aurora_core) StdoutLine: {'line': b'[ 50%] \x1b[32mBuilding CXX object CMakeFiles/aurora_node_core.dir/src/aurora_node_core.cpp.o\x1b[0m\n'}
[0.899555] (-) TimerEvent: {}
[1.000784] (-) TimerEvent: {}
[1.101257] (-) TimerEvent: {}
[1.201993] (-) TimerEvent: {}
[1.304359] (-) TimerEvent: {}
[1.404888] (-) TimerEvent: {}
[1.505630] (-) TimerEvent: {}
[1.606765] (-) TimerEvent: {}
[1.708546] (-) TimerEvent: {}
[1.810228] (-) TimerEvent: {}
[1.912419] (-) TimerEvent: {}
[2.013596] (-) TimerEvent: {}
[2.114959] (-) TimerEvent: {}
[2.216046] (-) TimerEvent: {}
[2.324542] (-) TimerEvent: {}
[2.425394] (-) TimerEvent: {}
[2.526477] (-) TimerEvent: {}
[2.628068] (-) TimerEvent: {}
[2.729918] (-) TimerEvent: {}
[2.831640] (-) TimerEvent: {}
[2.933017] (-) TimerEvent: {}
[3.036905] (-) TimerEvent: {}
[3.139854] (-) TimerEvent: {}
[3.243463] (-) TimerEvent: {}
[3.346608] (-) TimerEvent: {}
[3.449536] (-) TimerEvent: {}
[3.550738] (-) TimerEvent: {}
[3.652060] (-) TimerEvent: {}
[3.758791] (-) TimerEvent: {}
[3.859704] (-) TimerEvent: {}
[3.960459] (-) TimerEvent: {}
[4.064012] (-) TimerEvent: {}
[4.167535] (-) TimerEvent: {}
[4.269365] (-) TimerEvent: {}
[4.370398] (-) TimerEvent: {}
[4.471372] (-) TimerEvent: {}
[4.575011] (-) TimerEvent: {}
[4.676325] (-) TimerEvent: {}
[4.777501] (-) TimerEvent: {}
[4.878430] (-) TimerEvent: {}
[4.978983] (-) TimerEvent: {}
[5.080024] (-) TimerEvent: {}
[5.180983] (-) TimerEvent: {}
[5.282244] (-) TimerEvent: {}
[5.384926] (-) TimerEvent: {}
[5.486566] (-) TimerEvent: {}
[5.587694] (-) TimerEvent: {}
[5.688986] (-) TimerEvent: {}
[5.789878] (-) TimerEvent: {}
[5.891625] (-) TimerEvent: {}
[5.992508] (-) TimerEvent: {}
[6.093336] (-) TimerEvent: {}
[6.194786] (-) TimerEvent: {}
[6.295536] (-) TimerEvent: {}
[6.397377] (-) TimerEvent: {}
[6.498287] (-) TimerEvent: {}
[6.600428] (-) TimerEvent: {}
[6.702610] (-) TimerEvent: {}
[6.803548] (-) TimerEvent: {}
[6.904119] (-) TimerEvent: {}
[7.004853] (-) TimerEvent: {}
[7.105544] (-) TimerEvent: {}
[7.206395] (-) TimerEvent: {}
[7.307249] (-) TimerEvent: {}
[7.412245] (-) TimerEvent: {}
[7.513342] (-) TimerEvent: {}
[7.614402] (-) TimerEvent: {}
[7.715289] (-) TimerEvent: {}
[7.816355] (-) TimerEvent: {}
[7.917433] (-) TimerEvent: {}
[8.020120] (-) TimerEvent: {}
[8.122103] (-) TimerEvent: {}
[8.223227] (-) TimerEvent: {}
[8.325632] (-) TimerEvent: {}
[8.427801] (-) TimerEvent: {}
[8.528951] (-) TimerEvent: {}
[8.629865] (-) TimerEvent: {}
[8.736825] (-) TimerEvent: {}
[8.837910] (-) TimerEvent: {}
[8.940272] (-) TimerEvent: {}
[9.040931] (-) TimerEvent: {}
[9.144216] (-) TimerEvent: {}
[9.247855] (-) TimerEvent: {}
[9.348493] (-) TimerEvent: {}
[9.449578] (-) TimerEvent: {}
[9.550457] (-) TimerEvent: {}
[9.651305] (-) TimerEvent: {}
[9.752132] (-) TimerEvent: {}
[9.852751] (-) TimerEvent: {}
[9.953377] (-) TimerEvent: {}
[10.054235] (-) TimerEvent: {}
[10.155659] (-) TimerEvent: {}
[10.256360] (-) TimerEvent: {}
[10.369522] (-) TimerEvent: {}
[10.470272] (-) TimerEvent: {}
[10.571558] (-) TimerEvent: {}
[10.673010] (-) TimerEvent: {}
[10.774598] (-) TimerEvent: {}
[10.876641] (-) TimerEvent: {}
[10.977917] (-) TimerEvent: {}
[11.078723] (-) TimerEvent: {}
[11.179794] (-) TimerEvent: {}
[11.280416] (-) TimerEvent: {}
[11.381331] (-) TimerEvent: {}
[11.482307] (-) TimerEvent: {}
[11.584874] (-) TimerEvent: {}
[11.687996] (-) TimerEvent: {}
[11.788784] (-) TimerEvent: {}
[11.889787] (-) TimerEvent: {}
[11.962170] (aurora_core) StderrLine: {'line': b'\x1b[01m\x1b[K/home/brown/Projects/MiningRobot/ros2_workspace/src/aurora_core/src/aurora_node_core.cpp:\x1b[m\x1b[K In function \xe2\x80\x98\x1b[01m\x1b[Kint\x1b[01;32m\x1b[K main\x1b[m\x1b[K(int, char**)\x1b[m\x1b[K\xe2\x80\x99:\n'}
[11.962700] (aurora_core) StderrLine: {'line': b'\x1b[01m\x1b[K/home/brown/Projects/MiningRobot/ros2_workspace/src/aurora_core/src/aurora_node_core.cpp:112:18:\x1b[m\x1b[K \x1b[01;31m\x1b[Kerror: \x1b[m\x1b[Kcannot convert \xe2\x80\x98\x1b[01m\x1b[Kstd::ostream\x1b[m\x1b[K\xe2\x80\x99 {aka \xe2\x80\x98\x1b[01m\x1b[Kstd::basic_ostream<char>\x1b[m\x1b[K\xe2\x80\x99} to \xe2\x80\x98\x1b[01m\x1b[KFILE*\x1b[m\x1b[K\xe2\x80\x99 in initialization\n'}
[11.962840] (aurora_core) StderrLine: {'line': b'  112 |     FILE *f=\x1b[01;31m\x1b[Kstd::cerr\x1b[m\x1b[K;\n'}
[11.962987] (aurora_core) StderrLine: {'line': b'      |             \x1b[01;31m\x1b[K~~~~~^~~~\x1b[m\x1b[K\n'}
[11.963204] (aurora_core) StderrLine: {'line': b'      |                  \x1b[01;31m\x1b[K|\x1b[m\x1b[K\n'}
[11.963427] (aurora_core) StderrLine: {'line': b'      |                  \x1b[01;31m\x1b[Kstd::ostream {aka std::basic_ostream<char>}\x1b[m\x1b[K\n'}
[11.990099] (-) TimerEvent: {}
[12.091069] (-) TimerEvent: {}
[12.191484] (-) TimerEvent: {}
[12.292839] (-) TimerEvent: {}
[12.394240] (-) TimerEvent: {}
[12.494945] (-) TimerEvent: {}
[12.595975] (-) TimerEvent: {}
[12.697446] (-) TimerEvent: {}
[12.799918] (-) TimerEvent: {}
[12.901326] (-) TimerEvent: {}
[13.002327] (-) TimerEvent: {}
[13.103762] (-) TimerEvent: {}
[13.204774] (-) TimerEvent: {}
[13.306044] (-) TimerEvent: {}
[13.407048] (-) TimerEvent: {}
[13.509938] (-) TimerEvent: {}
[13.610824] (-) TimerEvent: {}
[13.713448] (-) TimerEvent: {}
[13.816175] (-) TimerEvent: {}
[13.917967] (-) TimerEvent: {}
[14.020739] (-) TimerEvent: {}
[14.121476] (-) TimerEvent: {}
[14.222866] (-) TimerEvent: {}
[14.325277] (-) TimerEvent: {}
[14.426311] (-) TimerEvent: {}
[14.527032] (-) TimerEvent: {}
[14.628056] (-) TimerEvent: {}
[14.728898] (-) TimerEvent: {}
[14.831481] (-) TimerEvent: {}
[14.932614] (-) TimerEvent: {}
[15.034540] (-) TimerEvent: {}
[15.137254] (-) TimerEvent: {}
[15.239150] (-) TimerEvent: {}
[15.338745] (aurora_core) StderrLine: {'line': b'make[2]: *** [CMakeFiles/aurora_node_core.dir/build.make:76: CMakeFiles/aurora_node_core.dir/src/aurora_node_core.cpp.o] Error 1\n'}
[15.339329] (-) TimerEvent: {}
[15.342247] (aurora_core) StderrLine: {'line': b'make[1]: *** [CMakeFiles/Makefile2:137: CMakeFiles/aurora_node_core.dir/all] Error 2\n'}
[15.343219] (aurora_core) StderrLine: {'line': b'make: *** [Makefile:146: all] Error 2\n'}
[15.349755] (aurora_core) CommandEnded: {'returncode': 2}
[15.439715] (-) TimerEvent: {}
[15.541394] (-) TimerEvent: {}
[15.642803] (-) TimerEvent: {}
[15.744312] (-) TimerEvent: {}
[15.848078] (-) TimerEvent: {}
[15.868073] (aurora_core) JobEnded: {'identifier': 'aurora_core', 'rc': 2}
[15.882776] (-) EventReactorShutdown: {}
