[0.284s] Invoking command in '/home/brown/Projects/MiningRobot/ros2_workspace/build/aurora_core': CMAKE_PREFIX_PATH=/home/brown/Projects/MiningRobot/ros2_workspace/install/ros2_ouster:/home/brown/Projects/MiningRobot/ros2_workspace/install/pcl_conversions:/home/brown/Projects/MiningRobot/ros2_workspace/install/pcl_msgs:/home/brown/Projects/MiningRobot/ros2_workspace/install/ouster_msgs:/home/brown/Projects/MiningRobot/ros2_workspace/install/perception_pcl:/home/brown/Projects/MiningRobot/ros2_workspace/install/pcl_ros:/opt/ros/humble LD_LIBRARY_PATH=/home/brown/Projects/MiningRobot/ros2_workspace/install/ros2_ouster/lib:/home/brown/Projects/MiningRobot/ros2_workspace/install/pcl_msgs/lib:/home/brown/Projects/MiningRobot/ros2_workspace/install/ouster_msgs/lib:/home/brown/Projects/MiningRobot/ros2_workspace/install/pcl_ros/lib:/opt/ros/humble/opt/yaml_cpp_vendor/lib:/opt/ros/humble/opt/rviz_ogre_vendor/lib:/opt/ros/humble/lib _=/usr/bin/env /usr/bin/cmake /home/brown/Projects/MiningRobot/ros2_workspace/src/aurora_core -DCMAKE_INSTALL_PREFIX=/home/brown/Projects/MiningRobot/ros2_workspace/install/aurora_core
[0.402s] -- The C compiler identification is GNU 13.2.1
[0.681s] -- The CXX compiler identification is GNU 13.2.1
[0.771s] -- Detecting C compiler ABI info
[1.275s] -- Detecting C compiler ABI info - done
[1.352s] -- Check for working C compiler: /usr/bin/cc - skipped
[1.361s] -- Detecting C compile features
[1.366s] -- Detecting C compile features - done
[1.426s] -- Detecting CXX compiler ABI info
[1.955s] -- Detecting CXX compiler ABI info - done
[1.985s] -- Check for working CXX compiler: /usr/bin/c++ - skipped
[1.987s] -- Detecting CXX compile features
[1.990s] -- Detecting CXX compile features - done
[2.023s] -- Found ament_cmake: 1.3.5 (/opt/ros/humble/share/ament_cmake/cmake)
[4.653s] -- Found Python3: /usr/bin/python3.11 (found version "3.11.5") found components: Interpreter 
[4.932s] -- Found ament_lint_auto: 0.12.8 (/opt/ros/humble/share/ament_lint_auto/cmake)
[5.259s] -- Found rclcpp: 16.0.6 (/opt/ros/humble/share/rclcpp/cmake)
[5.453s] -- Found rosidl_generator_c: 3.1.5 (/opt/ros/humble/share/rosidl_generator_c/cmake)
[5.471s] -- Found rosidl_adapter: 3.1.5 (/opt/ros/humble/share/rosidl_adapter/cmake)
[5.511s] -- Found rosidl_generator_cpp: 3.1.5 (/opt/ros/humble/share/rosidl_generator_cpp/cmake)
[5.573s] -- Using all available rosidl_typesupport_c: rosidl_typesupport_fastrtps_c;rosidl_typesupport_introspection_c
[5.669s] -- Using all available rosidl_typesupport_cpp: rosidl_typesupport_fastrtps_cpp;rosidl_typesupport_introspection_cpp
[5.932s] -- Found rmw_implementation_cmake: 6.1.1 (/opt/ros/humble/share/rmw_implementation_cmake/cmake)
[5.945s] -- Found rmw_fastrtps_cpp: 6.2.4 (/opt/ros/humble/share/rmw_fastrtps_cpp/cmake)
[6.309s] -- Found OpenSSL: /usr/lib/libcrypto.so (found version "3.1.3")  
[6.362s] -- Found FastRTPS: /opt/ros/humble/include  
[6.420s] -- Using RMW implementation 'rmw_fastrtps_cpp' as default
[6.454s] -- Performing Test CMAKE_HAVE_LIBC_PTHREAD
[6.663s] -- Performing Test CMAKE_HAVE_LIBC_PTHREAD - Success
[6.667s] -- Found Threads: TRUE  
[7.109s] -- Found ros2_ouster: 0.5.0 (/home/brown/Projects/MiningRobot/ros2_workspace/install/ros2_ouster/share/ros2_ouster/cmake)
[8.638s] -- Found eigen3_cmake_module: 0.1.1 (/opt/ros/humble/share/eigen3_cmake_module/cmake)
[8.642s] -- Found Eigen3: TRUE (found version "3.4.0") 
[8.642s] -- Ensuring Eigen3 include directory is part of orocos-kdl CMake target
[9.067s] [33mCMake Warning (dev) at /usr/share/pcl-1.13/PCLConfig.cmake:143 (find_package):
[9.067s]   Policy CMP0144 is not set: find_package uses upper-case <PACKAGENAME>_ROOT
[9.067s]   variables.  Run "cmake --help-policy CMP0144" for policy details.  Use the
[9.068s]   cmake_policy command to set the policy and suppress this warning.
[9.068s] 
[9.068s]   CMake variable EIGEN_ROOT is set to:
[9.068s] 
[9.068s]     /usr/include/eigen3
[9.068s] 
[9.069s]   For compatibility, find_package is ignoring the variable, but code in a
[9.069s]   .cmake module might still use it.
[9.069s] Call Stack (most recent call first):
[9.069s]   /usr/share/pcl-1.13/PCLConfig.cmake:296 (find_eigen)
[9.069s]   /usr/share/pcl-1.13/PCLConfig.cmake:549 (find_external_library)
[9.069s]   /home/brown/Projects/MiningRobot/ros2_workspace/install/pcl_conversions/share/pcl_conversions/cmake/ament_cmake_export_dependencies-extras.cmake:21 (find_package)
[9.070s]   /home/brown/Projects/MiningRobot/ros2_workspace/install/pcl_conversions/share/pcl_conversions/cmake/pcl_conversionsConfig.cmake:41 (include)
[9.070s]   /home/brown/Projects/MiningRobot/ros2_workspace/install/ros2_ouster/share/ros2_ouster/cmake/ament_cmake_export_dependencies-extras.cmake:21 (find_package)
[9.070s]   /home/brown/Projects/MiningRobot/ros2_workspace/install/ros2_ouster/share/ros2_ouster/cmake/ros2_ousterConfig.cmake:41 (include)
[9.070s]   CMakeLists.txt:27 (find_package)
[9.070s] This warning is for project developers.  Use -Wno-dev to suppress it.
[9.070s] [0m
[9.079s] -- Checking for module 'eigen3'
[9.106s] --   Found eigen3, version 3.4.0
[9.164s] -- Found Eigen: /usr/include/eigen3 (Required is at least version "3.3") 
[9.164s] -- Eigen found (include: /usr/include/eigen3, version: 3.4.0)
[9.225s] [33mCMake Warning (dev) at /usr/share/pcl-1.13/Modules/FindFLANN.cmake:45 (find_package):
[9.225s]   Policy CMP0144 is not set: find_package uses upper-case <PACKAGENAME>_ROOT
[9.225s]   variables.  Run "cmake --help-policy CMP0144" for policy details.  Use the
[9.225s]   cmake_policy command to set the policy and suppress this warning.
[9.226s] 
[9.226s]   CMake variable FLANN_ROOT is set to:
[9.226s] 
[9.226s]     /usr
[9.226s] 
[9.227s]   For compatibility, find_package is ignoring the variable, but code in a
[9.227s]   .cmake module might still use it.
[9.227s] Call Stack (most recent call first):
[9.227s]   /usr/share/pcl-1.13/PCLConfig.cmake:253 (find_package)
[9.227s]   /usr/share/pcl-1.13/PCLConfig.cmake:298 (find_flann)
[9.227s]   /usr/share/pcl-1.13/PCLConfig.cmake:549 (find_external_library)
[9.228s]   /home/brown/Projects/MiningRobot/ros2_workspace/install/pcl_conversions/share/pcl_conversions/cmake/ament_cmake_export_dependencies-extras.cmake:21 (find_package)
[9.228s]   /home/brown/Projects/MiningRobot/ros2_workspace/install/pcl_conversions/share/pcl_conversions/cmake/pcl_conversionsConfig.cmake:41 (include)
[9.228s]   /home/brown/Projects/MiningRobot/ros2_workspace/install/ros2_ouster/share/ros2_ouster/cmake/ament_cmake_export_dependencies-extras.cmake:21 (find_package)
[9.228s]   /home/brown/Projects/MiningRobot/ros2_workspace/install/ros2_ouster/share/ros2_ouster/cmake/ros2_ousterConfig.cmake:41 (include)
[9.228s]   CMakeLists.txt:27 (find_package)
[9.229s] This warning is for project developers.  Use -Wno-dev to suppress it.
[9.229s] [0m
[9.243s] -- Found flann version 1.9.2
[10.287s] -- Found MPI_C: /usr/lib/libmpi.so (found version "3.1") 
[14.028s] -- Found MPI_CXX: /usr/lib/libmpi_cxx.so (found version "3.1") 
[14.029s] -- Found MPI: TRUE (found version "3.1")  
[16.445s] -- Found Pcap: /usr/lib/libpcap.so  
[16.482s] -- Found ZLIB: /usr/lib/libz.so (found version "1.3")  
[16.552s] -- Found PNG: /usr/lib/libpng.so (found version "1.6.40") 
[17.869s] -- Checking for module 'libusb-1.0'
[18.006s] --   Found libusb-1.0, version 1.0.26
[18.163s] -- Found libusb: /usr/lib/libusb-1.0.so  
[18.203s] -- Eigen found (include: /usr/include/eigen3, version: 3.4.0)
[20.189s] -- Found Qhull version 8.0.2
[21.707s] -- Found PCL_COMMON: /usr/lib/libpcl_common.so  
[21.714s] -- Found PCL_KDTREE: /usr/lib/libpcl_kdtree.so  
[21.729s] -- Found PCL_OCTREE: /usr/lib/libpcl_octree.so  
[21.737s] -- Found PCL_SEARCH: /usr/lib/libpcl_search.so  
[21.743s] -- Found PCL_SAMPLE_CONSENSUS: /usr/lib/libpcl_sample_consensus.so  
[21.750s] -- Found PCL_FILTERS: /usr/lib/libpcl_filters.so  
[21.754s] -- Found PCL_2D: /usr/include/pcl-1.13  
[21.760s] -- Found PCL_GEOMETRY: /usr/include/pcl-1.13  
[21.771s] -- Found PCL_IO: /usr/lib/libpcl_io.so  
[21.783s] -- Found PCL_FEATURES: /usr/lib/libpcl_features.so  
[21.792s] -- Found PCL_ML: /usr/lib/libpcl_ml.so  
[21.805s] -- Found PCL_SEGMENTATION: /usr/lib/libpcl_segmentation.so  
[21.812s] -- Found PCL_VISUALIZATION: /usr/lib/libpcl_visualization.so  
[21.819s] -- Found PCL_SURFACE: /usr/lib/libpcl_surface.so  
[21.826s] -- Found PCL_REGISTRATION: /usr/lib/libpcl_registration.so  
[21.832s] -- Found PCL_KEYPOINTS: /usr/lib/libpcl_keypoints.so  
[21.840s] -- Found PCL_TRACKING: /usr/lib/libpcl_tracking.so  
[21.846s] -- Found PCL_RECOGNITION: /usr/lib/libpcl_recognition.so  
[21.854s] -- Found PCL_STEREO: /usr/lib/libpcl_stereo.so  
[21.860s] -- Found PCL_OUTOFCORE: /usr/lib/libpcl_outofcore.so  
[21.868s] -- Found PCL_PEOPLE: /usr/lib/libpcl_people.so  
[23.222s] -- Added test 'cppcheck' to perform static code analysis on C / C++ code
[23.222s] -- Configured cppcheck include dirs: 
[23.222s] -- Configured cppcheck exclude dirs and/or files: 
[23.233s] -- Added test 'lint_cmake' to check CMake code style
[23.244s] -- Added test 'uncrustify' to check C / C++ code style
[23.245s] -- Configured uncrustify additional arguments: 
[23.274s] -- Added test 'xmllint' to check XML markup files
[23.313s] -- Configuring done (23.0s)
[23.722s] -- Generating done (0.2s)
[23.743s] -- Build files have been written to: /home/brown/Projects/MiningRobot/ros2_workspace/build/aurora_core
[23.901s] Invoked command in '/home/brown/Projects/MiningRobot/ros2_workspace/build/aurora_core' returned '0': CMAKE_PREFIX_PATH=/home/brown/Projects/MiningRobot/ros2_workspace/install/ros2_ouster:/home/brown/Projects/MiningRobot/ros2_workspace/install/pcl_conversions:/home/brown/Projects/MiningRobot/ros2_workspace/install/pcl_msgs:/home/brown/Projects/MiningRobot/ros2_workspace/install/ouster_msgs:/home/brown/Projects/MiningRobot/ros2_workspace/install/perception_pcl:/home/brown/Projects/MiningRobot/ros2_workspace/install/pcl_ros:/opt/ros/humble LD_LIBRARY_PATH=/home/brown/Projects/MiningRobot/ros2_workspace/install/ros2_ouster/lib:/home/brown/Projects/MiningRobot/ros2_workspace/install/pcl_msgs/lib:/home/brown/Projects/MiningRobot/ros2_workspace/install/ouster_msgs/lib:/home/brown/Projects/MiningRobot/ros2_workspace/install/pcl_ros/lib:/opt/ros/humble/opt/yaml_cpp_vendor/lib:/opt/ros/humble/opt/rviz_ogre_vendor/lib:/opt/ros/humble/lib _=/usr/bin/env /usr/bin/cmake /home/brown/Projects/MiningRobot/ros2_workspace/src/aurora_core -DCMAKE_INSTALL_PREFIX=/home/brown/Projects/MiningRobot/ros2_workspace/install/aurora_core
[23.903s] Invoking command in '/home/brown/Projects/MiningRobot/ros2_workspace/build/aurora_core': CMAKE_PREFIX_PATH=/home/brown/Projects/MiningRobot/ros2_workspace/install/ros2_ouster:/home/brown/Projects/MiningRobot/ros2_workspace/install/pcl_conversions:/home/brown/Projects/MiningRobot/ros2_workspace/install/pcl_msgs:/home/brown/Projects/MiningRobot/ros2_workspace/install/ouster_msgs:/home/brown/Projects/MiningRobot/ros2_workspace/install/perception_pcl:/home/brown/Projects/MiningRobot/ros2_workspace/install/pcl_ros:/opt/ros/humble LD_LIBRARY_PATH=/home/brown/Projects/MiningRobot/ros2_workspace/install/ros2_ouster/lib:/home/brown/Projects/MiningRobot/ros2_workspace/install/pcl_msgs/lib:/home/brown/Projects/MiningRobot/ros2_workspace/install/ouster_msgs/lib:/home/brown/Projects/MiningRobot/ros2_workspace/install/pcl_ros/lib:/opt/ros/humble/opt/yaml_cpp_vendor/lib:/opt/ros/humble/opt/rviz_ogre_vendor/lib:/opt/ros/humble/lib _=/usr/bin/env /usr/bin/cmake --build /home/brown/Projects/MiningRobot/ros2_workspace/build/aurora_core -- -j4 -l4
[24.433s] [ 50%] [32mBuilding CXX object CMakeFiles/aurora_node_core.dir/src/aurora_node_core.cpp.o[0m
[40.807s] [100%] [32m[1mLinking CXX executable aurora_node_core[0m
[46.879s] [100%] Built target aurora_node_core
[46.936s] Invoked command in '/home/brown/Projects/MiningRobot/ros2_workspace/build/aurora_core' returned '0': CMAKE_PREFIX_PATH=/home/brown/Projects/MiningRobot/ros2_workspace/install/ros2_ouster:/home/brown/Projects/MiningRobot/ros2_workspace/install/pcl_conversions:/home/brown/Projects/MiningRobot/ros2_workspace/install/pcl_msgs:/home/brown/Projects/MiningRobot/ros2_workspace/install/ouster_msgs:/home/brown/Projects/MiningRobot/ros2_workspace/install/perception_pcl:/home/brown/Projects/MiningRobot/ros2_workspace/install/pcl_ros:/opt/ros/humble LD_LIBRARY_PATH=/home/brown/Projects/MiningRobot/ros2_workspace/install/ros2_ouster/lib:/home/brown/Projects/MiningRobot/ros2_workspace/install/pcl_msgs/lib:/home/brown/Projects/MiningRobot/ros2_workspace/install/ouster_msgs/lib:/home/brown/Projects/MiningRobot/ros2_workspace/install/pcl_ros/lib:/opt/ros/humble/opt/yaml_cpp_vendor/lib:/opt/ros/humble/opt/rviz_ogre_vendor/lib:/opt/ros/humble/lib _=/usr/bin/env /usr/bin/cmake --build /home/brown/Projects/MiningRobot/ros2_workspace/build/aurora_core -- -j4 -l4
[47.218s] Invoking command in '/home/brown/Projects/MiningRobot/ros2_workspace/build/aurora_core': CMAKE_PREFIX_PATH=/home/brown/Projects/MiningRobot/ros2_workspace/install/ros2_ouster:/home/brown/Projects/MiningRobot/ros2_workspace/install/pcl_conversions:/home/brown/Projects/MiningRobot/ros2_workspace/install/pcl_msgs:/home/brown/Projects/MiningRobot/ros2_workspace/install/ouster_msgs:/home/brown/Projects/MiningRobot/ros2_workspace/install/perception_pcl:/home/brown/Projects/MiningRobot/ros2_workspace/install/pcl_ros:/opt/ros/humble LD_LIBRARY_PATH=/home/brown/Projects/MiningRobot/ros2_workspace/install/ros2_ouster/lib:/home/brown/Projects/MiningRobot/ros2_workspace/install/pcl_msgs/lib:/home/brown/Projects/MiningRobot/ros2_workspace/install/ouster_msgs/lib:/home/brown/Projects/MiningRobot/ros2_workspace/install/pcl_ros/lib:/opt/ros/humble/opt/yaml_cpp_vendor/lib:/opt/ros/humble/opt/rviz_ogre_vendor/lib:/opt/ros/humble/lib _=/usr/bin/env /usr/bin/cmake --install /home/brown/Projects/MiningRobot/ros2_workspace/build/aurora_core
[47.243s] -- Install configuration: ""
[47.245s] -- Installing: /home/brown/Projects/MiningRobot/ros2_workspace/install/aurora_core/lib/aurora_core/aurora_node_core
[47.248s] -- Set runtime path of "/home/brown/Projects/MiningRobot/ros2_workspace/install/aurora_core/lib/aurora_core/aurora_node_core" to ""
[47.250s] -- Installing: /home/brown/Projects/MiningRobot/ros2_workspace/install/aurora_core/share/ament_index/resource_index/package_run_dependencies/aurora_core
[47.251s] -- Installing: /home/brown/Projects/MiningRobot/ros2_workspace/install/aurora_core/share/ament_index/resource_index/parent_prefix_path/aurora_core
[47.253s] -- Installing: /home/brown/Projects/MiningRobot/ros2_workspace/install/aurora_core/share/aurora_core/environment/ament_prefix_path.sh
[47.254s] -- Installing: /home/brown/Projects/MiningRobot/ros2_workspace/install/aurora_core/share/aurora_core/environment/ament_prefix_path.dsv
[47.255s] -- Installing: /home/brown/Projects/MiningRobot/ros2_workspace/install/aurora_core/share/aurora_core/environment/path.sh
[47.257s] -- Installing: /home/brown/Projects/MiningRobot/ros2_workspace/install/aurora_core/share/aurora_core/environment/path.dsv
[47.260s] -- Installing: /home/brown/Projects/MiningRobot/ros2_workspace/install/aurora_core/share/aurora_core/local_setup.bash
[47.262s] -- Installing: /home/brown/Projects/MiningRobot/ros2_workspace/install/aurora_core/share/aurora_core/local_setup.sh
[47.269s] -- Installing: /home/brown/Projects/MiningRobot/ros2_workspace/install/aurora_core/share/aurora_core/local_setup.zsh
[47.276s] -- Installing: /home/brown/Projects/MiningRobot/ros2_workspace/install/aurora_core/share/aurora_core/local_setup.dsv
[47.279s] -- Installing: /home/brown/Projects/MiningRobot/ros2_workspace/install/aurora_core/share/aurora_core/package.dsv
[47.282s] -- Installing: /home/brown/Projects/MiningRobot/ros2_workspace/install/aurora_core/share/ament_index/resource_index/packages/aurora_core
[47.284s] -- Installing: /home/brown/Projects/MiningRobot/ros2_workspace/install/aurora_core/share/aurora_core/cmake/aurora_coreConfig.cmake
[47.287s] -- Installing: /home/brown/Projects/MiningRobot/ros2_workspace/install/aurora_core/share/aurora_core/cmake/aurora_coreConfig-version.cmake
[47.289s] -- Installing: /home/brown/Projects/MiningRobot/ros2_workspace/install/aurora_core/share/aurora_core/package.xml
[47.298s] Invoked command in '/home/brown/Projects/MiningRobot/ros2_workspace/build/aurora_core' returned '0': CMAKE_PREFIX_PATH=/home/brown/Projects/MiningRobot/ros2_workspace/install/ros2_ouster:/home/brown/Projects/MiningRobot/ros2_workspace/install/pcl_conversions:/home/brown/Projects/MiningRobot/ros2_workspace/install/pcl_msgs:/home/brown/Projects/MiningRobot/ros2_workspace/install/ouster_msgs:/home/brown/Projects/MiningRobot/ros2_workspace/install/perception_pcl:/home/brown/Projects/MiningRobot/ros2_workspace/install/pcl_ros:/opt/ros/humble LD_LIBRARY_PATH=/home/brown/Projects/MiningRobot/ros2_workspace/install/ros2_ouster/lib:/home/brown/Projects/MiningRobot/ros2_workspace/install/pcl_msgs/lib:/home/brown/Projects/MiningRobot/ros2_workspace/install/ouster_msgs/lib:/home/brown/Projects/MiningRobot/ros2_workspace/install/pcl_ros/lib:/opt/ros/humble/opt/yaml_cpp_vendor/lib:/opt/ros/humble/opt/rviz_ogre_vendor/lib:/opt/ros/humble/lib _=/usr/bin/env /usr/bin/cmake --install /home/brown/Projects/MiningRobot/ros2_workspace/build/aurora_core
