[0.000000] (-) TimerEvent: {}
[0.000397] (-) JobUnselected: {'identifier': 'ouster_msgs'}
[0.000533] (-) JobUnselected: {'identifier': 'pcl_conversions'}
[0.000807] (-) JobUnselected: {'identifier': 'pcl_msgs'}
[0.000884] (-) JobUnselected: {'identifier': 'pcl_ros'}
[0.000953] (-) JobUnselected: {'identifier': 'perception_pcl'}
[0.001021] (-) JobUnselected: {'identifier': 'ros2_ouster'}
[0.001094] (aurora_core) JobQueued: {'identifier': 'aurora_core', 'dependencies': OrderedDict([('ouster_msgs', '/home/brown/Projects/MiningRobot/ros2_workspace/install/ouster_msgs'), ('pcl_msgs', '/home/brown/Projects/MiningRobot/ros2_workspace/install/pcl_msgs'), ('pcl_conversions', '/home/brown/Projects/MiningRobot/ros2_workspace/install/pcl_conversions'), ('ros2_ouster', '/home/brown/Projects/MiningRobot/ros2_workspace/install/ros2_ouster')])}
[0.001345] (aurora_core) JobStarted: {'identifier': 'aurora_core'}
[0.098752] (-) TimerEvent: {}
[0.179625] (aurora_core) JobProgress: {'identifier': 'aurora_core', 'progress': 'cmake'}
[0.181311] (aurora_core) JobProgress: {'identifier': 'aurora_core', 'progress': 'build'}
[0.182685] (aurora_core) Command: {'cmd': ['/usr/bin/cmake', '--build', '/home/brown/Projects/MiningRobot/ros2_workspace/build/aurora_core', '--', '-j4', '-l4'], 'cwd': '/home/brown/Projects/MiningRobot/ros2_workspace/build/aurora_core', 'env': OrderedDict([('SHELL', '/bin/bash'), ('ROS_VERSION', '2'), ('WINDOWID', '1'), ('COLORTERM', 'truecolor'), ('XDG_CONFIG_DIRS', '/home/brown/.config/kdedefaults:/etc/xdg'), ('KGLOBALACCELD_PLATFORM', 'org.kde.kwin'), ('TERM_PROGRAM_VERSION', '3.3a'), ('TMUX', '/tmp/tmux-1000/default,1806,0'), ('PKG_CONFIG_PATH', '/opt/ros/humble/lib/pkgconfig'), ('ROS_PYTHON_VERSION', '3'), ('LANGUAGE', ''), ('SHELL_SESSION_ID', 'adab33755f16428db603933a933b68e7'), ('MEMORY_PRESSURE_WRITE', 'c29tZSAyMDAwMDAgMjAwMDAwMAA='), ('XCURSOR_SIZE', '24'), ('EDITOR', '/usr/bin/nvim'), ('XDG_SEAT', 'seat0'), ('PWD', '/home/brown/Projects/MiningRobot/ros2_workspace/build/aurora_core'), ('LOGNAME', 'brown'), ('XDG_SESSION_TYPE', 'wayland'), ('SYSTEMD_EXEC_PID', '506'), ('XAUTHORITY', '/run/user/1000/xauth_qwjjoz'), ('MOTD_SHOWN', 'pam'), ('HOME', '/home/brown'), ('LANG', 'C.UTF-8'), ('XDG_CURRENT_DESKTOP', 'KDE'), ('KONSOLE_DBUS_SERVICE', ':1.86'), ('MEMORY_PRESSURE_WATCH', '/sys/fs/cgroup/user.slice/user-1000.slice/user@1000.service/session.slice/plasma-kwin_wayland.service/memory.pressure'), ('WAYLAND_DISPLAY', 'wayland-0'), ('KONSOLE_DBUS_SESSION', '/Sessions/2'), ('PROFILEHOME', ''), ('AMENT_PREFIX_PATH', '/home/brown/Projects/MiningRobot/ros2_workspace/install/aurora_core:/home/brown/Projects/MiningRobot/ros2_workspace/install/ros2_ouster:/home/brown/Projects/MiningRobot/ros2_workspace/install/perception_pcl:/home/brown/Projects/MiningRobot/ros2_workspace/install/pcl_ros:/home/brown/Projects/MiningRobot/ros2_workspace/install/pcl_conversions:/home/brown/Projects/MiningRobot/ros2_workspace/install/pcl_msgs:/home/brown/Projects/MiningRobot/ros2_workspace/install/ouster_msgs:/opt/ros/humble'), ('CMAKE_PREFIX_PATH', '/home/brown/Projects/MiningRobot/ros2_workspace/install/ros2_ouster:/home/brown/Projects/MiningRobot/ros2_workspace/install/pcl_conversions:/home/brown/Projects/MiningRobot/ros2_workspace/install/pcl_msgs:/home/brown/Projects/MiningRobot/ros2_workspace/install/ouster_msgs:/home/brown/Projects/MiningRobot/ros2_workspace/install/aurora_core:/home/brown/Projects/MiningRobot/ros2_workspace/install/perception_pcl:/home/brown/Projects/MiningRobot/ros2_workspace/install/pcl_ros:/opt/ros/humble'), ('COLCON_PREFIX_PATH', '/home/brown/Projects/MiningRobot/ros2_workspace/install:/opt/ros/humble'), ('INVOCATION_ID', '0451ff8a5b7f45339296dc187b8cbfb5'), ('KONSOLE_VERSION', '230801'), ('MANAGERPID', '465'), ('KDE_SESSION_UID', '1000'), ('XDG_ACTIVATION_TOKEN', 'kwin-2'), ('XDG_SESSION_CLASS', 'user'), ('PYTHONPATH', '/home/brown/Projects/MiningRobot/ros2_workspace/install/pcl_msgs/lib/python3.11/site-packages:/home/brown/Projects/MiningRobot/ros2_workspace/install/ouster_msgs/lib/python3.11/site-packages:/home/brown/.cache/yay/ros2-humble/src/install/lib/python3.11/dist-packages:/opt/ros/humble/lib/python3.11/site-packages'), ('COLCON', '1'), ('TERM', 'xterm-256color'), ('USER', 'brown'), ('TMUX_PANE', '%6'), ('CUDA_PATH', '/opt/cuda'), ('COLORFGBG', '15;0'), ('PLASMA_USE_QT_SCALING', '1'), ('KDE_SESSION_VERSION', '5'), ('QT_WAYLAND_FORCE_DPI', '96'), ('DISPLAY', ':0'), ('SHLVL', '3'), ('XDG_VTNR', '1'), ('XDG_SESSION_ID', '1'), ('LD_LIBRARY_PATH', '/home/brown/Projects/MiningRobot/ros2_workspace/install/ros2_ouster/lib:/home/brown/Projects/MiningRobot/ros2_workspace/install/pcl_msgs/lib:/home/brown/Projects/MiningRobot/ros2_workspace/install/ouster_msgs/lib:/home/brown/Projects/MiningRobot/ros2_workspace/install/pcl_ros/lib:/opt/ros/humble/opt/yaml_cpp_vendor/lib:/opt/ros/humble/opt/rviz_ogre_vendor/lib:/opt/ros/humble/lib'), ('XDG_RUNTIME_DIR', '/run/user/1000'), ('ROS_LOCALHOST_ONLY', '0'), ('DEBUGINFOD_URLS', 'https://debuginfod.archlinux.org'), ('QT_AUTO_SCREEN_SCALE_FACTOR', '0'), ('JOURNAL_STREAM', '8:14885'), ('XCURSOR_THEME', 'breeze_cursors'), ('XDG_DATA_DIRS', '/home/brown/.local/share/flatpak/exports/share:/var/lib/flatpak/exports/share:/usr/local/share/:/usr/share/'), ('KDE_FULL_SESSION', 'true'), ('QSG_RENDER_LOOP', 'basic'), ('PATH', '/opt/ros/humble/bin:/home/brown/.local/bin:/home/brown/.local/bin:/home/brown/.local/bin:/usr/local/sbin:/usr/local/bin:/usr/bin:/opt/cuda/bin:/opt/cuda/nsight_compute:/opt/cuda/nsight_systems/bin:/var/lib/flatpak/exports/bin:/usr/lib/jvm/default/bin:/usr/bin/site_perl:/usr/bin/vendor_perl:/usr/bin/core_perl:/opt/cuda/bin:/opt/cuda/nsight_compute:/opt/cuda/nsight_systems/bin'), ('DBUS_SESSION_BUS_ADDRESS', 'unix:path=/run/user/1000/bus'), ('KDE_APPLICATIONS_AS_SCOPE', '1'), ('MAIL', '/var/spool/mail/brown'), ('ROS_DISTRO', 'humble'), ('OLDPWD', '/home/brown/Projects/MiningRobot/autonomy/lunabug'), ('TERM_PROGRAM', 'tmux'), ('KONSOLE_DBUS_WINDOW', '/Windows/1'), ('_', '/usr/bin/env')]), 'shell': False}
[0.198893] (-) TimerEvent: {}
[0.288670] (aurora_core) StdoutLine: {'line': b'[ 50%] \x1b[32mBuilding CXX object CMakeFiles/aurora_node_core.dir/src/aurora_node_core.cpp.o\x1b[0m\n'}
[0.299025] (-) TimerEvent: {}
[0.399452] (-) TimerEvent: {}
[0.499908] (-) TimerEvent: {}
[0.600280] (-) TimerEvent: {}
[0.700680] (-) TimerEvent: {}
[0.801043] (-) TimerEvent: {}
[0.901423] (-) TimerEvent: {}
[1.001847] (-) TimerEvent: {}
[1.102234] (-) TimerEvent: {}
[1.202605] (-) TimerEvent: {}
[1.302997] (-) TimerEvent: {}
[1.403380] (-) TimerEvent: {}
[1.503798] (-) TimerEvent: {}
[1.604135] (-) TimerEvent: {}
[1.704487] (-) TimerEvent: {}
[1.804890] (-) TimerEvent: {}
[1.905245] (-) TimerEvent: {}
[2.005598] (-) TimerEvent: {}
[2.105952] (-) TimerEvent: {}
[2.206316] (-) TimerEvent: {}
[2.306683] (-) TimerEvent: {}
[2.407043] (-) TimerEvent: {}
[2.507413] (-) TimerEvent: {}
[2.607804] (-) TimerEvent: {}
[2.708178] (-) TimerEvent: {}
[2.808558] (-) TimerEvent: {}
[2.908935] (-) TimerEvent: {}
[3.009309] (-) TimerEvent: {}
[3.109685] (-) TimerEvent: {}
[3.210063] (-) TimerEvent: {}
[3.310500] (-) TimerEvent: {}
[3.410881] (-) TimerEvent: {}
[3.511262] (-) TimerEvent: {}
[3.611648] (-) TimerEvent: {}
[3.712059] (-) TimerEvent: {}
[3.812451] (-) TimerEvent: {}
[3.912798] (-) TimerEvent: {}
[4.013189] (-) TimerEvent: {}
[4.113570] (-) TimerEvent: {}
[4.213945] (-) TimerEvent: {}
[4.314323] (-) TimerEvent: {}
[4.414726] (-) TimerEvent: {}
[4.515106] (-) TimerEvent: {}
[4.615493] (-) TimerEvent: {}
[4.715883] (-) TimerEvent: {}
[4.816279] (-) TimerEvent: {}
[4.916671] (-) TimerEvent: {}
[5.017062] (-) TimerEvent: {}
[5.051987] (aurora_core) StdoutLine: {'line': b'[100%] \x1b[32m\x1b[1mLinking CXX executable aurora_node_core\x1b[0m\n'}
[5.117198] (-) TimerEvent: {}
[5.217604] (-) TimerEvent: {}
[5.317991] (-) TimerEvent: {}
[5.418405] (-) TimerEvent: {}
[5.518806] (-) TimerEvent: {}
[5.619246] (-) TimerEvent: {}
[5.719727] (-) TimerEvent: {}
[5.820198] (-) TimerEvent: {}
[5.920620] (-) TimerEvent: {}
[6.021029] (-) TimerEvent: {}
[6.121436] (-) TimerEvent: {}
[6.221873] (-) TimerEvent: {}
[6.322260] (-) TimerEvent: {}
[6.422681] (-) TimerEvent: {}
[6.523098] (-) TimerEvent: {}
[6.623547] (-) TimerEvent: {}
[6.723960] (-) TimerEvent: {}
[6.824499] (-) TimerEvent: {}
[6.836953] (aurora_core) StdoutLine: {'line': b'[100%] Built target aurora_node_core\n'}
[6.850199] (aurora_core) CommandEnded: {'returncode': 0}
[6.924611] (-) TimerEvent: {}
[6.932418] (aurora_core) JobProgress: {'identifier': 'aurora_core', 'progress': 'install'}
[6.945415] (aurora_core) Command: {'cmd': ['/usr/bin/cmake', '--install', '/home/brown/Projects/MiningRobot/ros2_workspace/build/aurora_core'], 'cwd': '/home/brown/Projects/MiningRobot/ros2_workspace/build/aurora_core', 'env': OrderedDict([('SHELL', '/bin/bash'), ('ROS_VERSION', '2'), ('WINDOWID', '1'), ('COLORTERM', 'truecolor'), ('XDG_CONFIG_DIRS', '/home/brown/.config/kdedefaults:/etc/xdg'), ('KGLOBALACCELD_PLATFORM', 'org.kde.kwin'), ('TERM_PROGRAM_VERSION', '3.3a'), ('TMUX', '/tmp/tmux-1000/default,1806,0'), ('PKG_CONFIG_PATH', '/opt/ros/humble/lib/pkgconfig'), ('ROS_PYTHON_VERSION', '3'), ('LANGUAGE', ''), ('SHELL_SESSION_ID', 'adab33755f16428db603933a933b68e7'), ('MEMORY_PRESSURE_WRITE', 'c29tZSAyMDAwMDAgMjAwMDAwMAA='), ('XCURSOR_SIZE', '24'), ('EDITOR', '/usr/bin/nvim'), ('XDG_SEAT', 'seat0'), ('PWD', '/home/brown/Projects/MiningRobot/ros2_workspace/build/aurora_core'), ('LOGNAME', 'brown'), ('XDG_SESSION_TYPE', 'wayland'), ('SYSTEMD_EXEC_PID', '506'), ('XAUTHORITY', '/run/user/1000/xauth_qwjjoz'), ('MOTD_SHOWN', 'pam'), ('HOME', '/home/brown'), ('LANG', 'C.UTF-8'), ('XDG_CURRENT_DESKTOP', 'KDE'), ('KONSOLE_DBUS_SERVICE', ':1.86'), ('MEMORY_PRESSURE_WATCH', '/sys/fs/cgroup/user.slice/user-1000.slice/user@1000.service/session.slice/plasma-kwin_wayland.service/memory.pressure'), ('WAYLAND_DISPLAY', 'wayland-0'), ('KONSOLE_DBUS_SESSION', '/Sessions/2'), ('PROFILEHOME', ''), ('AMENT_PREFIX_PATH', '/home/brown/Projects/MiningRobot/ros2_workspace/install/aurora_core:/home/brown/Projects/MiningRobot/ros2_workspace/install/ros2_ouster:/home/brown/Projects/MiningRobot/ros2_workspace/install/perception_pcl:/home/brown/Projects/MiningRobot/ros2_workspace/install/pcl_ros:/home/brown/Projects/MiningRobot/ros2_workspace/install/pcl_conversions:/home/brown/Projects/MiningRobot/ros2_workspace/install/pcl_msgs:/home/brown/Projects/MiningRobot/ros2_workspace/install/ouster_msgs:/opt/ros/humble'), ('CMAKE_PREFIX_PATH', '/home/brown/Projects/MiningRobot/ros2_workspace/install/ros2_ouster:/home/brown/Projects/MiningRobot/ros2_workspace/install/pcl_conversions:/home/brown/Projects/MiningRobot/ros2_workspace/install/pcl_msgs:/home/brown/Projects/MiningRobot/ros2_workspace/install/ouster_msgs:/home/brown/Projects/MiningRobot/ros2_workspace/install/aurora_core:/home/brown/Projects/MiningRobot/ros2_workspace/install/perception_pcl:/home/brown/Projects/MiningRobot/ros2_workspace/install/pcl_ros:/opt/ros/humble'), ('COLCON_PREFIX_PATH', '/home/brown/Projects/MiningRobot/ros2_workspace/install:/opt/ros/humble'), ('INVOCATION_ID', '0451ff8a5b7f45339296dc187b8cbfb5'), ('KONSOLE_VERSION', '230801'), ('MANAGERPID', '465'), ('KDE_SESSION_UID', '1000'), ('XDG_ACTIVATION_TOKEN', 'kwin-2'), ('XDG_SESSION_CLASS', 'user'), ('PYTHONPATH', '/home/brown/Projects/MiningRobot/ros2_workspace/install/pcl_msgs/lib/python3.11/site-packages:/home/brown/Projects/MiningRobot/ros2_workspace/install/ouster_msgs/lib/python3.11/site-packages:/home/brown/.cache/yay/ros2-humble/src/install/lib/python3.11/dist-packages:/opt/ros/humble/lib/python3.11/site-packages'), ('COLCON', '1'), ('TERM', 'xterm-256color'), ('USER', 'brown'), ('TMUX_PANE', '%6'), ('CUDA_PATH', '/opt/cuda'), ('COLORFGBG', '15;0'), ('PLASMA_USE_QT_SCALING', '1'), ('KDE_SESSION_VERSION', '5'), ('QT_WAYLAND_FORCE_DPI', '96'), ('DISPLAY', ':0'), ('SHLVL', '3'), ('XDG_VTNR', '1'), ('XDG_SESSION_ID', '1'), ('LD_LIBRARY_PATH', '/home/brown/Projects/MiningRobot/ros2_workspace/install/ros2_ouster/lib:/home/brown/Projects/MiningRobot/ros2_workspace/install/pcl_msgs/lib:/home/brown/Projects/MiningRobot/ros2_workspace/install/ouster_msgs/lib:/home/brown/Projects/MiningRobot/ros2_workspace/install/pcl_ros/lib:/opt/ros/humble/opt/yaml_cpp_vendor/lib:/opt/ros/humble/opt/rviz_ogre_vendor/lib:/opt/ros/humble/lib'), ('XDG_RUNTIME_DIR', '/run/user/1000'), ('ROS_LOCALHOST_ONLY', '0'), ('DEBUGINFOD_URLS', 'https://debuginfod.archlinux.org'), ('QT_AUTO_SCREEN_SCALE_FACTOR', '0'), ('JOURNAL_STREAM', '8:14885'), ('XCURSOR_THEME', 'breeze_cursors'), ('XDG_DATA_DIRS', '/home/brown/.local/share/flatpak/exports/share:/var/lib/flatpak/exports/share:/usr/local/share/:/usr/share/'), ('KDE_FULL_SESSION', 'true'), ('QSG_RENDER_LOOP', 'basic'), ('PATH', '/opt/ros/humble/bin:/home/brown/.local/bin:/home/brown/.local/bin:/home/brown/.local/bin:/usr/local/sbin:/usr/local/bin:/usr/bin:/opt/cuda/bin:/opt/cuda/nsight_compute:/opt/cuda/nsight_systems/bin:/var/lib/flatpak/exports/bin:/usr/lib/jvm/default/bin:/usr/bin/site_perl:/usr/bin/vendor_perl:/usr/bin/core_perl:/opt/cuda/bin:/opt/cuda/nsight_compute:/opt/cuda/nsight_systems/bin'), ('DBUS_SESSION_BUS_ADDRESS', 'unix:path=/run/user/1000/bus'), ('KDE_APPLICATIONS_AS_SCOPE', '1'), ('MAIL', '/var/spool/mail/brown'), ('ROS_DISTRO', 'humble'), ('OLDPWD', '/home/brown/Projects/MiningRobot/autonomy/lunabug'), ('TERM_PROGRAM', 'tmux'), ('KONSOLE_DBUS_WINDOW', '/Windows/1'), ('_', '/usr/bin/env')]), 'shell': False}
[6.954594] (aurora_core) StdoutLine: {'line': b'-- Install configuration: ""\n'}
[6.955357] (aurora_core) StdoutLine: {'line': b'-- Installing: /home/brown/Projects/MiningRobot/ros2_workspace/install/aurora_core/lib/aurora_core/aurora_node_core\n'}
[6.956997] (aurora_core) StdoutLine: {'line': b'-- Set runtime path of "/home/brown/Projects/MiningRobot/ros2_workspace/install/aurora_core/lib/aurora_core/aurora_node_core" to ""\n'}
[6.957316] (aurora_core) StdoutLine: {'line': b'-- Up-to-date: /home/brown/Projects/MiningRobot/ros2_workspace/install/aurora_core/share/ament_index/resource_index/package_run_dependencies/aurora_core\n'}
[6.957590] (aurora_core) StdoutLine: {'line': b'-- Up-to-date: /home/brown/Projects/MiningRobot/ros2_workspace/install/aurora_core/share/ament_index/resource_index/parent_prefix_path/aurora_core\n'}
[6.957853] (aurora_core) StdoutLine: {'line': b'-- Up-to-date: /home/brown/Projects/MiningRobot/ros2_workspace/install/aurora_core/share/aurora_core/environment/ament_prefix_path.sh\n'}
[6.958089] (aurora_core) StdoutLine: {'line': b'-- Up-to-date: /home/brown/Projects/MiningRobot/ros2_workspace/install/aurora_core/share/aurora_core/environment/ament_prefix_path.dsv\n'}
[6.958271] (aurora_core) StdoutLine: {'line': b'-- Up-to-date: /home/brown/Projects/MiningRobot/ros2_workspace/install/aurora_core/share/aurora_core/environment/path.sh\n'}
[6.958478] (aurora_core) StdoutLine: {'line': b'-- Up-to-date: /home/brown/Projects/MiningRobot/ros2_workspace/install/aurora_core/share/aurora_core/environment/path.dsv\n'}
[6.958729] (aurora_core) StdoutLine: {'line': b'-- Up-to-date: /home/brown/Projects/MiningRobot/ros2_workspace/install/aurora_core/share/aurora_core/local_setup.bash\n'}
[6.959013] (aurora_core) StdoutLine: {'line': b'-- Up-to-date: /home/brown/Projects/MiningRobot/ros2_workspace/install/aurora_core/share/aurora_core/local_setup.sh\n'}
[6.959178] (aurora_core) StdoutLine: {'line': b'-- Up-to-date: /home/brown/Projects/MiningRobot/ros2_workspace/install/aurora_core/share/aurora_core/local_setup.zsh\n'}
[6.959332] (aurora_core) StdoutLine: {'line': b'-- Up-to-date: /home/brown/Projects/MiningRobot/ros2_workspace/install/aurora_core/share/aurora_core/local_setup.dsv\n'}
[6.959479] (aurora_core) StdoutLine: {'line': b'-- Installing: /home/brown/Projects/MiningRobot/ros2_workspace/install/aurora_core/share/aurora_core/package.dsv\n'}
[6.959660] (aurora_core) StdoutLine: {'line': b'-- Up-to-date: /home/brown/Projects/MiningRobot/ros2_workspace/install/aurora_core/share/ament_index/resource_index/packages/aurora_core\n'}
[6.959817] (aurora_core) StdoutLine: {'line': b'-- Up-to-date: /home/brown/Projects/MiningRobot/ros2_workspace/install/aurora_core/share/aurora_core/cmake/aurora_coreConfig.cmake\n'}
[6.960002] (aurora_core) StdoutLine: {'line': b'-- Up-to-date: /home/brown/Projects/MiningRobot/ros2_workspace/install/aurora_core/share/aurora_core/cmake/aurora_coreConfig-version.cmake\n'}
[6.960173] (aurora_core) StdoutLine: {'line': b'-- Up-to-date: /home/brown/Projects/MiningRobot/ros2_workspace/install/aurora_core/share/aurora_core/package.xml\n'}
[6.961101] (aurora_core) CommandEnded: {'returncode': 0}
[7.024726] (-) TimerEvent: {}
[7.125131] (-) TimerEvent: {}
[7.225482] (-) TimerEvent: {}
[7.245873] (aurora_core) JobEnded: {'identifier': 'aurora_core', 'rc': 0}
[7.247288] (-) EventReactorShutdown: {}
