[0.000000] (-) TimerEvent: {}
[0.000466] (-) JobUnselected: {'identifier': 'ouster_msgs'}
[0.000561] (-) JobUnselected: {'identifier': 'pcl_conversions'}
[0.000645] (-) JobUnselected: {'identifier': 'pcl_msgs'}
[0.000729] (-) JobUnselected: {'identifier': 'pcl_ros'}
[0.001291] (-) JobUnselected: {'identifier': 'perception_pcl'}
[0.001446] (-) JobUnselected: {'identifier': 'ros2_ouster'}
[0.001540] (aurora_core) JobQueued: {'identifier': 'aurora_core', 'dependencies': OrderedDict([('ouster_msgs', '/home/brown/Projects/MiningRobot/autonomy/ros2_workspace/install/ouster_msgs'), ('pcl_msgs', '/home/brown/Projects/MiningRobot/autonomy/ros2_workspace/install/pcl_msgs'), ('pcl_conversions', '/home/brown/Projects/MiningRobot/autonomy/ros2_workspace/install/pcl_conversions'), ('ros2_ouster', '/home/brown/Projects/MiningRobot/autonomy/ros2_workspace/install/ros2_ouster')])}
[0.001751] (aurora_core) JobStarted: {'identifier': 'aurora_core'}
[0.099799] (-) TimerEvent: {}
[0.189716] (aurora_core) JobProgress: {'identifier': 'aurora_core', 'progress': 'cmake'}
[0.191784] (aurora_core) JobProgress: {'identifier': 'aurora_core', 'progress': 'build'}
[0.192936] (aurora_core) Command: {'cmd': ['/usr/bin/cmake', '--build', '/home/brown/Projects/MiningRobot/autonomy/ros2_workspace/build/aurora_core', '--', '-j4', '-l4'], 'cwd': '/home/brown/Projects/MiningRobot/autonomy/ros2_workspace/build/aurora_core', 'env': OrderedDict([('SHELL', '/bin/bash'), ('ROS_VERSION', '2'), ('WINDOWID', '1'), ('COLORTERM', 'truecolor'), ('XDG_CONFIG_DIRS', '/home/brown/.config/kdedefaults:/etc/xdg'), ('KGLOBALACCELD_PLATFORM', 'org.kde.kwin'), ('TERM_PROGRAM_VERSION', '3.3a'), ('TMUX', '/tmp/tmux-1000/default,1806,0'), ('PKG_CONFIG_PATH', '/opt/ros/humble/lib/pkgconfig'), ('ROS_PYTHON_VERSION', '3'), ('LANGUAGE', ''), ('SHELL_SESSION_ID', 'adab33755f16428db603933a933b68e7'), ('MEMORY_PRESSURE_WRITE', 'c29tZSAyMDAwMDAgMjAwMDAwMAA='), ('XCURSOR_SIZE', '24'), ('EDITOR', '/usr/bin/nvim'), ('XDG_SEAT', 'seat0'), ('PWD', '/home/brown/Projects/MiningRobot/autonomy/ros2_workspace/build/aurora_core'), ('LOGNAME', 'brown'), ('XDG_SESSION_TYPE', 'wayland'), ('SYSTEMD_EXEC_PID', '506'), ('XAUTHORITY', '/run/user/1000/xauth_qwjjoz'), ('MOTD_SHOWN', 'pam'), ('HOME', '/home/brown'), ('LANG', 'C.UTF-8'), ('XDG_CURRENT_DESKTOP', 'KDE'), ('KONSOLE_DBUS_SERVICE', ':1.86'), ('MEMORY_PRESSURE_WATCH', '/sys/fs/cgroup/user.slice/user-1000.slice/user@1000.service/session.slice/plasma-kwin_wayland.service/memory.pressure'), ('WAYLAND_DISPLAY', 'wayland-0'), ('KONSOLE_DBUS_SESSION', '/Sessions/2'), ('PROFILEHOME', ''), ('AMENT_PREFIX_PATH', '/home/brown/Projects/MiningRobot/autonomy/ros2_workspace/install/aurora_core:/home/brown/Projects/MiningRobot/autonomy/ros2_workspace/install/ros2_ouster:/home/brown/Projects/MiningRobot/autonomy/ros2_workspace/install/perception_pcl:/home/brown/Projects/MiningRobot/autonomy/ros2_workspace/install/pcl_ros:/home/brown/Projects/MiningRobot/autonomy/ros2_workspace/install/pcl_conversions:/home/brown/Projects/MiningRobot/autonomy/ros2_workspace/install/pcl_msgs:/home/brown/Projects/MiningRobot/autonomy/ros2_workspace/install/ouster_msgs:/opt/ros/humble'), ('CMAKE_PREFIX_PATH', '/home/brown/Projects/MiningRobot/autonomy/ros2_workspace/install/ros2_ouster:/home/brown/Projects/MiningRobot/autonomy/ros2_workspace/install/pcl_conversions:/home/brown/Projects/MiningRobot/autonomy/ros2_workspace/install/pcl_msgs:/home/brown/Projects/MiningRobot/autonomy/ros2_workspace/install/ouster_msgs:/home/brown/Projects/MiningRobot/autonomy/ros2_workspace/install/aurora_core:/home/brown/Projects/MiningRobot/autonomy/ros2_workspace/install/perception_pcl:/home/brown/Projects/MiningRobot/autonomy/ros2_workspace/install/pcl_ros:/opt/ros/humble'), ('COLCON_PREFIX_PATH', '/home/brown/Projects/MiningRobot/autonomy/ros2_workspace/install:/opt/ros/humble'), ('INVOCATION_ID', '0451ff8a5b7f45339296dc187b8cbfb5'), ('KONSOLE_VERSION', '230801'), ('MANAGERPID', '465'), ('KDE_SESSION_UID', '1000'), ('XDG_ACTIVATION_TOKEN', 'kwin-2'), ('XDG_SESSION_CLASS', 'user'), ('PYTHONPATH', '/home/brown/Projects/MiningRobot/autonomy/ros2_workspace/install/pcl_msgs/lib/python3.11/site-packages:/home/brown/Projects/MiningRobot/autonomy/ros2_workspace/install/ouster_msgs/lib/python3.11/site-packages:/home/brown/.cache/yay/ros2-humble/src/install/lib/python3.11/dist-packages:/opt/ros/humble/lib/python3.11/site-packages'), ('COLCON', '1'), ('TERM', 'xterm-256color'), ('USER', 'brown'), ('TMUX_PANE', '%9'), ('CUDA_PATH', '/opt/cuda'), ('COLORFGBG', '15;0'), ('PLASMA_USE_QT_SCALING', '1'), ('KDE_SESSION_VERSION', '5'), ('QT_WAYLAND_FORCE_DPI', '96'), ('DISPLAY', ':0'), ('SHLVL', '3'), ('XDG_VTNR', '1'), ('XDG_SESSION_ID', '1'), ('LD_LIBRARY_PATH', '/home/brown/Projects/MiningRobot/autonomy/ros2_workspace/install/ros2_ouster/lib:/home/brown/Projects/MiningRobot/autonomy/ros2_workspace/install/pcl_msgs/lib:/home/brown/Projects/MiningRobot/autonomy/ros2_workspace/install/ouster_msgs/lib:/home/brown/Projects/MiningRobot/autonomy/ros2_workspace/install/pcl_ros/lib:/opt/ros/humble/opt/yaml_cpp_vendor/lib:/opt/ros/humble/opt/rviz_ogre_vendor/lib:/opt/ros/humble/lib'), ('XDG_RUNTIME_DIR', '/run/user/1000'), ('ROS_LOCALHOST_ONLY', '0'), ('DEBUGINFOD_URLS', 'https://debuginfod.archlinux.org'), ('QT_AUTO_SCREEN_SCALE_FACTOR', '0'), ('JOURNAL_STREAM', '8:14885'), ('XCURSOR_THEME', 'breeze_cursors'), ('XDG_DATA_DIRS', '/home/brown/.local/share/flatpak/exports/share:/var/lib/flatpak/exports/share:/usr/local/share/:/usr/share/'), ('KDE_FULL_SESSION', 'true'), ('QSG_RENDER_LOOP', 'basic'), ('PATH', '/opt/ros/humble/bin:/home/brown/.local/bin:/home/brown/.local/bin:/home/brown/.local/bin:/usr/local/sbin:/usr/local/bin:/usr/bin:/opt/cuda/bin:/opt/cuda/nsight_compute:/opt/cuda/nsight_systems/bin:/var/lib/flatpak/exports/bin:/usr/lib/jvm/default/bin:/usr/bin/site_perl:/usr/bin/vendor_perl:/usr/bin/core_perl:/opt/cuda/bin:/opt/cuda/nsight_compute:/opt/cuda/nsight_systems/bin'), ('DBUS_SESSION_BUS_ADDRESS', 'unix:path=/run/user/1000/bus'), ('KDE_APPLICATIONS_AS_SCOPE', '1'), ('MAIL', '/var/spool/mail/brown'), ('ROS_DISTRO', 'humble'), ('OLDPWD', '/home/brown'), ('TERM_PROGRAM', 'tmux'), ('KONSOLE_DBUS_WINDOW', '/Windows/1'), ('_', '/usr/bin/env')]), 'shell': False}
[0.200133] (-) TimerEvent: {}
[0.300547] (-) TimerEvent: {}
[0.309020] (aurora_core) StdoutLine: {'line': b'[ 50%] \x1b[32mBuilding CXX object CMakeFiles/aurora_node_core.dir/src/aurora_node_core.cpp.o\x1b[0m\n'}
[0.400670] (-) TimerEvent: {}
[0.501063] (-) TimerEvent: {}
[0.601459] (-) TimerEvent: {}
[0.702226] (-) TimerEvent: {}
[0.802611] (-) TimerEvent: {}
[0.903054] (-) TimerEvent: {}
[1.003403] (-) TimerEvent: {}
[1.103763] (-) TimerEvent: {}
[1.204120] (-) TimerEvent: {}
[1.304511] (-) TimerEvent: {}
[1.404896] (-) TimerEvent: {}
[1.505239] (-) TimerEvent: {}
[1.605606] (-) TimerEvent: {}
[1.706833] (-) TimerEvent: {}
[1.807278] (-) TimerEvent: {}
[1.907712] (-) TimerEvent: {}
[2.008148] (-) TimerEvent: {}
[2.108518] (-) TimerEvent: {}
[2.208884] (-) TimerEvent: {}
[2.309238] (-) TimerEvent: {}
[2.409585] (-) TimerEvent: {}
[2.509960] (-) TimerEvent: {}
[2.610343] (-) TimerEvent: {}
[2.710714] (-) TimerEvent: {}
[2.811278] (-) TimerEvent: {}
[2.911620] (-) TimerEvent: {}
[3.012011] (-) TimerEvent: {}
[3.112366] (-) TimerEvent: {}
[3.212752] (-) TimerEvent: {}
[3.313136] (-) TimerEvent: {}
[3.413560] (-) TimerEvent: {}
[3.513897] (-) TimerEvent: {}
[3.614269] (-) TimerEvent: {}
[3.714674] (-) TimerEvent: {}
[3.794539] (aurora_core) StderrLine: {'line': b'In file included from \x1b[01m\x1b[K/home/brown/Projects/MiningRobot/autonomy/ros2_workspace/aurora_core_sl/include/base/include/aurora/../osl/vec2.h:9\x1b[m\x1b[K,\n'}
[3.794787] (aurora_core) StderrLine: {'line': b'                 from \x1b[01m\x1b[K/home/brown/Projects/MiningRobot/autonomy/ros2_workspace/aurora_core_sl/include/base/include/aurora/coords.h:30\x1b[m\x1b[K,\n'}
[3.794894] (aurora_core) StderrLine: {'line': b'                 from \x1b[01m\x1b[K/home/brown/Projects/MiningRobot/autonomy/ros2_workspace/aurora_core_sl/include/base/include/aurora/robot_base.h:10\x1b[m\x1b[K,\n'}
[3.794990] (aurora_core) StderrLine: {'line': b'                 from \x1b[01m\x1b[K/home/brown/Projects/MiningRobot/autonomy/ros2_workspace/aurora_core_sl/src/aurora_node_core.cpp:10\x1b[m\x1b[K:\n'}
[3.795092] (aurora_core) StderrLine: {'line': b'\x1b[01m\x1b[K/home/brown/Projects/MiningRobot/autonomy/ros2_workspace/aurora_core_sl/include/base/include/aurora/../osl/vector2d.h:\x1b[m\x1b[K In copy constructor \xe2\x80\x98\x1b[01m\x1b[Kosl::Vector2d::\x1b[01;32m\x1b[KVector2d\x1b[m\x1b[K(const osl::Vector2d&)\x1b[m\x1b[K\xe2\x80\x99:\n'}
[3.795188] (aurora_core) StderrLine: {'line': b'\x1b[01m\x1b[K/home/brown/Projects/MiningRobot/autonomy/ros2_workspace/aurora_core_sl/include/base/include/aurora/../osl/vector2d.h:157:9:\x1b[m\x1b[K \x1b[01;35m\x1b[Kwarning: \x1b[m\x1b[Kbase class \xe2\x80\x98\x1b[01m\x1b[Kclass osl::Vector2dT<double, osl::Vector2d>\x1b[m\x1b[K\xe2\x80\x99 should be explicitly initialized in the copy constructor [\x1b[01;35m\x1b[K\x1b]8;;https://gcc.gnu.org/onlinedocs/gcc/Warning-Options.html#index-Wextra\x07-Wextra\x1b]8;;\x07\x1b[m\x1b[K]\n'}
[3.795286] (aurora_core) StderrLine: {'line': b'  157 |         \x1b[01;35m\x1b[KVector2d\x1b[m\x1b[K(const Vector2d &copy) {x=copy.x;y=copy.y;}\n'}
[3.795377] (aurora_core) StderrLine: {'line': b'      |         \x1b[01;35m\x1b[K^~~~~~~~\x1b[m\x1b[K\n'}
[3.797924] (aurora_core) StderrLine: {'line': b'\x1b[01m\x1b[K/home/brown/Projects/MiningRobot/autonomy/ros2_workspace/aurora_core_sl/include/base/include/aurora/../osl/vector2d.h:\x1b[m\x1b[K In member function \xe2\x80\x98\x1b[01m\x1b[Kbool osl::LineSeg::\x1b[01;32m\x1b[Kintersects\x1b[m\x1b[K(const osl::LineSeg&, bool, osl::Vector2d*) const\x1b[m\x1b[K\xe2\x80\x99:\n'}
[3.798261] (aurora_core) StderrLine: {'line': b'\x1b[01m\x1b[K/home/brown/Projects/MiningRobot/autonomy/ros2_workspace/aurora_core_sl/include/base/include/aurora/../osl/vector2d.h:244:34:\x1b[m\x1b[K \x1b[01;35m\x1b[Kwarning: \x1b[m\x1b[Kimplicitly-declared \xe2\x80\x98\x1b[01m\x1b[Kosl::Vector2d& osl::Vector2d::\x1b[01;32m\x1b[Koperator=\x1b[m\x1b[K(const osl::Vector2d&)\x1b[m\x1b[K\xe2\x80\x99 is deprecated [\x1b[01;35m\x1b[K\x1b]8;;https://gcc.gnu.org/onlinedocs/gcc/Warning-Options.html#index-Wdeprecated-copy\x07-Wdeprecated-copy\x1b]8;;\x07\x1b[m\x1b[K]\n'}
[3.798427] (aurora_core) StderrLine: {'line': b'  244 |                         *ret=at(t\x1b[01;35m\x1b[K)\x1b[m\x1b[K;\n'}
[3.798572] (aurora_core) StderrLine: {'line': b'      |                                  \x1b[01;35m\x1b[K^\x1b[m\x1b[K\n'}
[3.798723] (aurora_core) StderrLine: {'line': b'\x1b[01m\x1b[K/home/brown/Projects/MiningRobot/autonomy/ros2_workspace/aurora_core_sl/include/base/include/aurora/../osl/vector2d.h:157:9:\x1b[m\x1b[K \x1b[01;36m\x1b[Knote: \x1b[m\x1b[Kbecause \xe2\x80\x98\x1b[01m\x1b[Kosl::Vector2d\x1b[m\x1b[K\xe2\x80\x99 has user-provided \xe2\x80\x98\x1b[01m\x1b[Kosl::Vector2d::\x1b[01;32m\x1b[KVector2d\x1b[m\x1b[K(const osl::Vector2d&)\x1b[m\x1b[K\xe2\x80\x99\n'}
[3.798837] (aurora_core) StderrLine: {'line': b'  157 |         \x1b[01;36m\x1b[KVector2d\x1b[m\x1b[K(const Vector2d &copy) {x=copy.x;y=copy.y;}\n'}
[3.798930] (aurora_core) StderrLine: {'line': b'      |         \x1b[01;36m\x1b[K^~~~~~~~\x1b[m\x1b[K\n'}
[3.799189] (aurora_core) StderrLine: {'line': b'\x1b[01m\x1b[K/home/brown/Projects/MiningRobot/autonomy/ros2_workspace/aurora_core_sl/include/base/include/aurora/../osl/vector2d.h:247:34:\x1b[m\x1b[K \x1b[01;35m\x1b[Kwarning: \x1b[m\x1b[Kimplicitly-declared \xe2\x80\x98\x1b[01m\x1b[Kosl::Vector2d& osl::Vector2d::\x1b[01;32m\x1b[Koperator=\x1b[m\x1b[K(const osl::Vector2d&)\x1b[m\x1b[K\xe2\x80\x99 is deprecated [\x1b[01;35m\x1b[K\x1b]8;;https://gcc.gnu.org/onlinedocs/gcc/Warning-Options.html#index-Wdeprecated-copy\x07-Wdeprecated-copy\x1b]8;;\x07\x1b[m\x1b[K]\n'}
[3.799409] (aurora_core) StderrLine: {'line': b'  247 |                         *ret=at(t\x1b[01;35m\x1b[K)\x1b[m\x1b[K;\n'}
[3.799588] (aurora_core) StderrLine: {'line': b'      |                                  \x1b[01;35m\x1b[K^\x1b[m\x1b[K\n'}
[3.799774] (aurora_core) StderrLine: {'line': b'\x1b[01m\x1b[K/home/brown/Projects/MiningRobot/autonomy/ros2_workspace/aurora_core_sl/include/base/include/aurora/../osl/vector2d.h:157:9:\x1b[m\x1b[K \x1b[01;36m\x1b[Knote: \x1b[m\x1b[Kbecause \xe2\x80\x98\x1b[01m\x1b[Kosl::Vector2d\x1b[m\x1b[K\xe2\x80\x99 has user-provided \xe2\x80\x98\x1b[01m\x1b[Kosl::Vector2d::\x1b[01;32m\x1b[KVector2d\x1b[m\x1b[K(const osl::Vector2d&)\x1b[m\x1b[K\xe2\x80\x99\n'}
[3.799988] (aurora_core) StderrLine: {'line': b'  157 |         \x1b[01;36m\x1b[KVector2d\x1b[m\x1b[K(const Vector2d &copy) {x=copy.x;y=copy.y;}\n'}
[3.800166] (aurora_core) StderrLine: {'line': b'      |         \x1b[01;36m\x1b[K^~~~~~~~\x1b[m\x1b[K\n'}
[3.800338] (aurora_core) StderrLine: {'line': b'\x1b[01m\x1b[K/home/brown/Projects/MiningRobot/autonomy/ros2_workspace/aurora_core_sl/include/base/include/aurora/../osl/vector2d.h:\x1b[m\x1b[K In member function \xe2\x80\x98\x1b[01m\x1b[Kvoid osl::Halfspace2d::\x1b[01;32m\x1b[KinitCheck\x1b[m\x1b[K(cv&, cv&, cv&)\x1b[m\x1b[K\xe2\x80\x99:\n'}
[3.800510] (aurora_core) StderrLine: {'line': b'\x1b[01m\x1b[K/home/brown/Projects/MiningRobot/autonomy/ros2_workspace/aurora_core_sl/include/base/include/aurora/../osl/vector2d.h:279:43:\x1b[m\x1b[K \x1b[01;35m\x1b[Kwarning: \x1b[m\x1b[Kimplicitly-declared \xe2\x80\x98\x1b[01m\x1b[Kosl::Vector2d& osl::Vector2d::\x1b[01;32m\x1b[Koperator=\x1b[m\x1b[K(const osl::Vector2d&)\x1b[m\x1b[K\xe2\x80\x99 is deprecated [\x1b[01;35m\x1b[K\x1b]8;;https://gcc.gnu.org/onlinedocs/gcc/Warning-Options.html#index-Wdeprecated-copy\x07-Wdeprecated-copy\x1b]8;;\x07\x1b[m\x1b[K]\n'}
[3.800720] (aurora_core) StderrLine: {'line': b'  279 |         { init(p1,p2);if (side(in)<0) {n=-\x1b[01;35m\x1b[Kn\x1b[m\x1b[K;d=-d;} }\n'}
[3.800893] (aurora_core) StderrLine: {'line': b'      |                                           \x1b[01;35m\x1b[K^\x1b[m\x1b[K\n'}
[3.801065] (aurora_core) StderrLine: {'line': b'\x1b[01m\x1b[K/home/brown/Projects/MiningRobot/autonomy/ros2_workspace/aurora_core_sl/include/base/include/aurora/../osl/vector2d.h:157:9:\x1b[m\x1b[K \x1b[01;36m\x1b[Knote: \x1b[m\x1b[Kbecause \xe2\x80\x98\x1b[01m\x1b[Kosl::Vector2d\x1b[m\x1b[K\xe2\x80\x99 has user-provided \xe2\x80\x98\x1b[01m\x1b[Kosl::Vector2d::\x1b[01;32m\x1b[KVector2d\x1b[m\x1b[K(const osl::Vector2d&)\x1b[m\x1b[K\xe2\x80\x99\n'}
[3.801245] (aurora_core) StderrLine: {'line': b'  157 |         \x1b[01;36m\x1b[KVector2d\x1b[m\x1b[K(const Vector2d &copy) {x=copy.x;y=copy.y;}\n'}
[3.801418] (aurora_core) StderrLine: {'line': b'      |         \x1b[01;36m\x1b[K^~~~~~~~\x1b[m\x1b[K\n'}
[3.814804] (-) TimerEvent: {}
[3.858718] (aurora_core) StderrLine: {'line': b'In file included from \x1b[01m\x1b[K/home/brown/Projects/MiningRobot/autonomy/ros2_workspace/aurora_core_sl/include/base/include/aurora/../nanoslot/nanoslot_IMU.h:10\x1b[m\x1b[K,\n'}
[3.859182] (aurora_core) StderrLine: {'line': b'                 from \x1b[01m\x1b[K/home/brown/Projects/MiningRobot/autonomy/ros2_workspace/aurora_core_sl/include/base/include/aurora/../nanoslot/nanoslot_exchange.h:21\x1b[m\x1b[K,\n'}
[3.859370] (aurora_core) StderrLine: {'line': b'                 from \x1b[01m\x1b[K/home/brown/Projects/MiningRobot/autonomy/ros2_workspace/aurora_core_sl/include/base/include/aurora/lunatic.h:43\x1b[m\x1b[K,\n'}
[3.859546] (aurora_core) StderrLine: {'line': b'                 from \x1b[01m\x1b[K/home/brown/Projects/MiningRobot/autonomy/ros2_workspace/aurora_core_sl/src/aurora_node_core.cpp:12\x1b[m\x1b[K:\n'}
[3.859959] (aurora_core) StderrLine: {'line': b'\x1b[01m\x1b[K/home/brown/Projects/MiningRobot/autonomy/ros2_workspace/aurora_core_sl/include/base/include/aurora/../nanoslot/FusionMath.h:\x1b[m\x1b[K In function \xe2\x80\x98\x1b[01m\x1b[KFusionVector\x1b[01;32m\x1b[K FusionVectorAdd\x1b[m\x1b[K(FusionVector, FusionVector)\x1b[m\x1b[K\xe2\x80\x99:\n'}
[3.860171] (aurora_core) StderrLine: {'line': b'\x1b[01m\x1b[K/home/brown/Projects/MiningRobot/autonomy/ros2_workspace/aurora_core_sl/include/base/include/aurora/../nanoslot/FusionMath.h:207:34:\x1b[m\x1b[K \x1b[01;35m\x1b[Kwarning: \x1b[m\x1b[KC++ designated initializers only available with \xe2\x80\x98\x1b[01m\x1b[K-std=c++20\x1b[m\x1b[K\xe2\x80\x99 or \xe2\x80\x98\x1b[01m\x1b[K-std=gnu++20\x1b[m\x1b[K\xe2\x80\x99 [\x1b[01;35m\x1b[K\x1b]8;;https://gcc.gnu.org/onlinedocs/gcc/Warning-Options.html#index-Wc++20-extensions\x07-Wc++20-extensions\x1b]8;;\x07\x1b[m\x1b[K]\n'}
[3.860379] (aurora_core) StderrLine: {'line': b'  207 |     const FusionVector result = {\x1b[01;35m\x1b[K.\x1b[m\x1b[Kaxis = {\n'}
[3.860691] (aurora_core) StderrLine: {'line': b'      |                                  \x1b[01;35m\x1b[K^\x1b[m\x1b[K\n'}
[3.860858] (aurora_core) StderrLine: {'line': b'\x1b[01m\x1b[K/home/brown/Projects/MiningRobot/autonomy/ros2_workspace/aurora_core_sl/include/base/include/aurora/../nanoslot/FusionMath.h:208:13:\x1b[m\x1b[K \x1b[01;35m\x1b[Kwarning: \x1b[m\x1b[KC++ designated initializers only available with \xe2\x80\x98\x1b[01m\x1b[K-std=c++20\x1b[m\x1b[K\xe2\x80\x99 or \xe2\x80\x98\x1b[01m\x1b[K-std=gnu++20\x1b[m\x1b[K\xe2\x80\x99 [\x1b[01;35m\x1b[K\x1b]8;;https://gcc.gnu.org/onlinedocs/gcc/Warning-Options.html#index-Wc++20-extensions\x07-Wc++20-extensions\x1b]8;;\x07\x1b[m\x1b[K]\n'}
[3.861059] (aurora_core) StderrLine: {'line': b'  208 |             \x1b[01;35m\x1b[K.\x1b[m\x1b[Kx = vectorA.axis.x + vectorB.axis.x,\n'}
[3.861235] (aurora_core) StderrLine: {'line': b'      |             \x1b[01;35m\x1b[K^\x1b[m\x1b[K\n'}
[3.861420] (aurora_core) StderrLine: {'line': b'\x1b[01m\x1b[K/home/brown/Projects/MiningRobot/autonomy/ros2_workspace/aurora_core_sl/include/base/include/aurora/../nanoslot/FusionMath.h:209:13:\x1b[m\x1b[K \x1b[01;35m\x1b[Kwarning: \x1b[m\x1b[KC++ designated initializers only available with \xe2\x80\x98\x1b[01m\x1b[K-std=c++20\x1b[m\x1b[K\xe2\x80\x99 or \xe2\x80\x98\x1b[01m\x1b[K-std=gnu++20\x1b[m\x1b[K\xe2\x80\x99 [\x1b[01;35m\x1b[K\x1b]8;;https://gcc.gnu.org/onlinedocs/gcc/Warning-Options.html#index-Wc++20-extensions\x07-Wc++20-extensions\x1b]8;;\x07\x1b[m\x1b[K]\n'}
[3.861751] (aurora_core) StderrLine: {'line': b'  209 |             \x1b[01;35m\x1b[K.\x1b[m\x1b[Ky = vectorA.axis.y + vectorB.axis.y,\n'}
[3.861925] (aurora_core) StderrLine: {'line': b'      |             \x1b[01;35m\x1b[K^\x1b[m\x1b[K\n'}
[3.862097] (aurora_core) StderrLine: {'line': b'\x1b[01m\x1b[K/home/brown/Projects/MiningRobot/autonomy/ros2_workspace/aurora_core_sl/include/base/include/aurora/../nanoslot/FusionMath.h:210:13:\x1b[m\x1b[K \x1b[01;35m\x1b[Kwarning: \x1b[m\x1b[KC++ designated initializers only available with \xe2\x80\x98\x1b[01m\x1b[K-std=c++20\x1b[m\x1b[K\xe2\x80\x99 or \xe2\x80\x98\x1b[01m\x1b[K-std=gnu++20\x1b[m\x1b[K\xe2\x80\x99 [\x1b[01;35m\x1b[K\x1b]8;;https://gcc.gnu.org/onlinedocs/gcc/Warning-Options.html#index-Wc++20-extensions\x07-Wc++20-extensions\x1b]8;;\x07\x1b[m\x1b[K]\n'}
[3.862412] (aurora_core) StderrLine: {'line': b'  210 |             \x1b[01;35m\x1b[K.\x1b[m\x1b[Kz = vectorA.axis.z + vectorB.axis.z,\n'}
[3.862581] (aurora_core) StderrLine: {'line': b'      |             \x1b[01;35m\x1b[K^\x1b[m\x1b[K\n'}
[3.862809] (aurora_core) StderrLine: {'line': b'\x1b[01m\x1b[K/home/brown/Projects/MiningRobot/autonomy/ros2_workspace/aurora_core_sl/include/base/include/aurora/../nanoslot/FusionMath.h:\x1b[m\x1b[K In function \xe2\x80\x98\x1b[01m\x1b[KFusionVector\x1b[01;32m\x1b[K FusionVectorSubtract\x1b[m\x1b[K(FusionVector, FusionVector)\x1b[m\x1b[K\xe2\x80\x99:\n'}
[3.863058] (aurora_core) StderrLine: {'line': b'\x1b[01m\x1b[K/home/brown/Projects/MiningRobot/autonomy/ros2_workspace/aurora_core_sl/include/base/include/aurora/../nanoslot/FusionMath.h:222:34:\x1b[m\x1b[K \x1b[01;35m\x1b[Kwarning: \x1b[m\x1b[KC++ designated initializers only available with \xe2\x80\x98\x1b[01m\x1b[K-std=c++20\x1b[m\x1b[K\xe2\x80\x99 or \xe2\x80\x98\x1b[01m\x1b[K-std=gnu++20\x1b[m\x1b[K\xe2\x80\x99 [\x1b[01;35m\x1b[K\x1b]8;;https://gcc.gnu.org/onlinedocs/gcc/Warning-Options.html#index-Wc++20-extensions\x07-Wc++20-extensions\x1b]8;;\x07\x1b[m\x1b[K]\n'}
[3.863296] (aurora_core) StderrLine: {'line': b'  222 |     const FusionVector result = {\x1b[01;35m\x1b[K.\x1b[m\x1b[Kaxis = {\n'}
[3.863462] (aurora_core) StderrLine: {'line': b'      |                                  \x1b[01;35m\x1b[K^\x1b[m\x1b[K\n'}
[3.863636] (aurora_core) StderrLine: {'line': b'\x1b[01m\x1b[K/home/brown/Projects/MiningRobot/autonomy/ros2_workspace/aurora_core_sl/include/base/include/aurora/../nanoslot/FusionMath.h:223:13:\x1b[m\x1b[K \x1b[01;35m\x1b[Kwarning: \x1b[m\x1b[KC++ designated initializers only available with \xe2\x80\x98\x1b[01m\x1b[K-std=c++20\x1b[m\x1b[K\xe2\x80\x99 or \xe2\x80\x98\x1b[01m\x1b[K-std=gnu++20\x1b[m\x1b[K\xe2\x80\x99 [\x1b[01;35m\x1b[K\x1b]8;;https://gcc.gnu.org/onlinedocs/gcc/Warning-Options.html#index-Wc++20-extensions\x07-Wc++20-extensions\x1b]8;;\x07\x1b[m\x1b[K]\n'}
[3.864114] (aurora_core) StderrLine: {'line': b'  223 |             \x1b[01;35m\x1b[K.\x1b[m\x1b[Kx = vectorA.axis.x - vectorB.axis.x,\n'}
[3.864278] (aurora_core) StderrLine: {'line': b'      |             \x1b[01;35m\x1b[K^\x1b[m\x1b[K\n'}
[3.864441] (aurora_core) StderrLine: {'line': b'\x1b[01m\x1b[K/home/brown/Projects/MiningRobot/autonomy/ros2_workspace/aurora_core_sl/include/base/include/aurora/../nanoslot/FusionMath.h:224:13:\x1b[m\x1b[K \x1b[01;35m\x1b[Kwarning: \x1b[m\x1b[KC++ designated initializers only available with \xe2\x80\x98\x1b[01m\x1b[K-std=c++20\x1b[m\x1b[K\xe2\x80\x99 or \xe2\x80\x98\x1b[01m\x1b[K-std=gnu++20\x1b[m\x1b[K\xe2\x80\x99 [\x1b[01;35m\x1b[K\x1b]8;;https://gcc.gnu.org/onlinedocs/gcc/Warning-Options.html#index-Wc++20-extensions\x07-Wc++20-extensions\x1b]8;;\x07\x1b[m\x1b[K]\n'}
[3.864818] (aurora_core) StderrLine: {'line': b'  224 |             \x1b[01;35m\x1b[K.\x1b[m\x1b[Ky = vectorA.axis.y - vectorB.axis.y,\n'}
[3.864989] (aurora_core) StderrLine: {'line': b'      |             \x1b[01;35m\x1b[K^\x1b[m\x1b[K\n'}
[3.865335] (aurora_core) StderrLine: {'line': b'\x1b[01m\x1b[K/home/brown/Projects/MiningRobot/autonomy/ros2_workspace/aurora_core_sl/include/base/include/aurora/../nanoslot/FusionMath.h:225:13:\x1b[m\x1b[K \x1b[01;35m\x1b[Kwarning: \x1b[m\x1b[KC++ designated initializers only available with \xe2\x80\x98\x1b[01m\x1b[K-std=c++20\x1b[m\x1b[K\xe2\x80\x99 or \xe2\x80\x98\x1b[01m\x1b[K-std=gnu++20\x1b[m\x1b[K\xe2\x80\x99 [\x1b[01;35m\x1b[K\x1b]8;;https://gcc.gnu.org/onlinedocs/gcc/Warning-Options.html#index-Wc++20-extensions\x07-Wc++20-extensions\x1b]8;;\x07\x1b[m\x1b[K]\n'}
[3.865471] (aurora_core) StderrLine: {'line': b'  225 |             \x1b[01;35m\x1b[K.\x1b[m\x1b[Kz = vectorA.axis.z - vectorB.axis.z,\n'}
[3.865608] (aurora_core) StderrLine: {'line': b'      |             \x1b[01;35m\x1b[K^\x1b[m\x1b[K\n'}
[3.865739] (aurora_core) StderrLine: {'line': b'\x1b[01m\x1b[K/home/brown/Projects/MiningRobot/autonomy/ros2_workspace/aurora_core_sl/include/base/include/aurora/../nanoslot/FusionMath.h:\x1b[m\x1b[K In function \xe2\x80\x98\x1b[01m\x1b[KFusionVector\x1b[01;32m\x1b[K FusionVectorMultiplyScalar\x1b[m\x1b[K(FusionVector, float)\x1b[m\x1b[K\xe2\x80\x99:\n'}
[3.865924] (aurora_core) StderrLine: {'line': b'\x1b[01m\x1b[K/home/brown/Projects/MiningRobot/autonomy/ros2_workspace/aurora_core_sl/include/base/include/aurora/../nanoslot/FusionMath.h:246:34:\x1b[m\x1b[K \x1b[01;35m\x1b[Kwarning: \x1b[m\x1b[KC++ designated initializers only available with \xe2\x80\x98\x1b[01m\x1b[K-std=c++20\x1b[m\x1b[K\xe2\x80\x99 or \xe2\x80\x98\x1b[01m\x1b[K-std=gnu++20\x1b[m\x1b[K\xe2\x80\x99 [\x1b[01;35m\x1b[K\x1b]8;;https://gcc.gnu.org/onlinedocs/gcc/Warning-Options.html#index-Wc++20-extensions\x07-Wc++20-extensions\x1b]8;;\x07\x1b[m\x1b[K]\n'}
[3.866187] (aurora_core) StderrLine: {'line': b'  246 |     const FusionVector result = {\x1b[01;35m\x1b[K.\x1b[m\x1b[Kaxis = {\n'}
[3.866283] (aurora_core) StderrLine: {'line': b'      |                                  \x1b[01;35m\x1b[K^\x1b[m\x1b[K\n'}
[3.866543] (aurora_core) StderrLine: {'line': b'\x1b[01m\x1b[K/home/brown/Projects/MiningRobot/autonomy/ros2_workspace/aurora_core_sl/include/base/include/aurora/../nanoslot/FusionMath.h:247:13:\x1b[m\x1b[K \x1b[01;35m\x1b[Kwarning: \x1b[m\x1b[KC++ designated initializers only available with \xe2\x80\x98\x1b[01m\x1b[K-std=c++20\x1b[m\x1b[K\xe2\x80\x99 or \xe2\x80\x98\x1b[01m\x1b[K-std=gnu++20\x1b[m\x1b[K\xe2\x80\x99 [\x1b[01;35m\x1b[K\x1b]8;;https://gcc.gnu.org/onlinedocs/gcc/Warning-Options.html#index-Wc++20-extensions\x07-Wc++20-extensions\x1b]8;;\x07\x1b[m\x1b[K]\n'}
[3.866695] (aurora_core) StderrLine: {'line': b'  247 |             \x1b[01;35m\x1b[K.\x1b[m\x1b[Kx = vector.axis.x * scalar,\n'}
[3.866941] (aurora_core) StderrLine: {'line': b'      |             \x1b[01;35m\x1b[K^\x1b[m\x1b[K\n'}
[3.867036] (aurora_core) StderrLine: {'line': b'\x1b[01m\x1b[K/home/brown/Projects/MiningRobot/autonomy/ros2_workspace/aurora_core_sl/include/base/include/aurora/../nanoslot/FusionMath.h:248:13:\x1b[m\x1b[K \x1b[01;35m\x1b[Kwarning: \x1b[m\x1b[KC++ designated initializers only available with \xe2\x80\x98\x1b[01m\x1b[K-std=c++20\x1b[m\x1b[K\xe2\x80\x99 or \xe2\x80\x98\x1b[01m\x1b[K-std=gnu++20\x1b[m\x1b[K\xe2\x80\x99 [\x1b[01;35m\x1b[K\x1b]8;;https://gcc.gnu.org/onlinedocs/gcc/Warning-Options.html#index-Wc++20-extensions\x07-Wc++20-extensions\x1b]8;;\x07\x1b[m\x1b[K]\n'}
[3.867133] (aurora_core) StderrLine: {'line': b'  248 |             \x1b[01;35m\x1b[K.\x1b[m\x1b[Ky = vector.axis.y * scalar,\n'}
[3.867224] (aurora_core) StderrLine: {'line': b'      |             \x1b[01;35m\x1b[K^\x1b[m\x1b[K\n'}
[3.867584] (aurora_core) StderrLine: {'line': b'\x1b[01m\x1b[K/home/brown/Projects/MiningRobot/autonomy/ros2_workspace/aurora_core_sl/include/base/include/aurora/../nanoslot/FusionMath.h:249:13:\x1b[m\x1b[K \x1b[01;35m\x1b[Kwarning: \x1b[m\x1b[KC++ designated initializers only available with \xe2\x80\x98\x1b[01m\x1b[K-std=c++20\x1b[m\x1b[K\xe2\x80\x99 or \xe2\x80\x98\x1b[01m\x1b[K-std=gnu++20\x1b[m\x1b[K\xe2\x80\x99 [\x1b[01;35m\x1b[K\x1b]8;;https://gcc.gnu.org/onlinedocs/gcc/Warning-Options.html#index-Wc++20-extensions\x07-Wc++20-extensions\x1b]8;;\x07\x1b[m\x1b[K]\n'}
[3.867792] (aurora_core) StderrLine: {'line': b'  249 |             \x1b[01;35m\x1b[K.\x1b[m\x1b[Kz = vector.axis.z * scalar,\n'}
[3.867885] (aurora_core) StderrLine: {'line': b'      |             \x1b[01;35m\x1b[K^\x1b[m\x1b[K\n'}
[3.867976] (aurora_core) StderrLine: {'line': b'\x1b[01m\x1b[K/home/brown/Projects/MiningRobot/autonomy/ros2_workspace/aurora_core_sl/include/base/include/aurora/../nanoslot/FusionMath.h:\x1b[m\x1b[K In function \xe2\x80\x98\x1b[01m\x1b[KFusionVector\x1b[01;32m\x1b[K FusionVectorHadamardProduct\x1b[m\x1b[K(FusionVector, FusionVector)\x1b[m\x1b[K\xe2\x80\x99:\n'}
[3.868068] (aurora_core) StderrLine: {'line': b'\x1b[01m\x1b[K/home/brown/Projects/MiningRobot/autonomy/ros2_workspace/aurora_core_sl/include/base/include/aurora/../nanoslot/FusionMath.h:261:34:\x1b[m\x1b[K \x1b[01;35m\x1b[Kwarning: \x1b[m\x1b[KC++ designated initializers only available with \xe2\x80\x98\x1b[01m\x1b[K-std=c++20\x1b[m\x1b[K\xe2\x80\x99 or \xe2\x80\x98\x1b[01m\x1b[K-std=gnu++20\x1b[m\x1b[K\xe2\x80\x99 [\x1b[01;35m\x1b[K\x1b]8;;https://gcc.gnu.org/onlinedocs/gcc/Warning-Options.html#index-Wc++20-extensions\x07-Wc++20-extensions\x1b]8;;\x07\x1b[m\x1b[K]\n'}
[3.868200] (aurora_core) StderrLine: {'line': b'  261 |     const FusionVector result = {\x1b[01;35m\x1b[K.\x1b[m\x1b[Kaxis = {\n'}
[3.868326] (aurora_core) StderrLine: {'line': b'      |                                  \x1b[01;35m\x1b[K^\x1b[m\x1b[K\n'}
[3.868570] (aurora_core) StderrLine: {'line': b'\x1b[01m\x1b[K/home/brown/Projects/MiningRobot/autonomy/ros2_workspace/aurora_core_sl/include/base/include/aurora/../nanoslot/FusionMath.h:262:13:\x1b[m\x1b[K \x1b[01;35m\x1b[Kwarning: \x1b[m\x1b[KC++ designated initializers only available with \xe2\x80\x98\x1b[01m\x1b[K-std=c++20\x1b[m\x1b[K\xe2\x80\x99 or \xe2\x80\x98\x1b[01m\x1b[K-std=gnu++20\x1b[m\x1b[K\xe2\x80\x99 [\x1b[01;35m\x1b[K\x1b]8;;https://gcc.gnu.org/onlinedocs/gcc/Warning-Options.html#index-Wc++20-extensions\x07-Wc++20-extensions\x1b]8;;\x07\x1b[m\x1b[K]\n'}
[3.868669] (aurora_core) StderrLine: {'line': b'  262 |             \x1b[01;35m\x1b[K.\x1b[m\x1b[Kx = vectorA.axis.x * vectorB.axis.x,\n'}
[3.868762] (aurora_core) StderrLine: {'line': b'      |             \x1b[01;35m\x1b[K^\x1b[m\x1b[K\n'}
[3.868862] (aurora_core) StderrLine: {'line': b'\x1b[01m\x1b[K/home/brown/Projects/MiningRobot/autonomy/ros2_workspace/aurora_core_sl/include/base/include/aurora/../nanoslot/FusionMath.h:263:13:\x1b[m\x1b[K \x1b[01;35m\x1b[Kwarning: \x1b[m\x1b[KC++ designated initializers only available with \xe2\x80\x98\x1b[01m\x1b[K-std=c++20\x1b[m\x1b[K\xe2\x80\x99 or \xe2\x80\x98\x1b[01m\x1b[K-std=gnu++20\x1b[m\x1b[K\xe2\x80\x99 [\x1b[01;35m\x1b[K\x1b]8;;https://gcc.gnu.org/onlinedocs/gcc/Warning-Options.html#index-Wc++20-extensions\x07-Wc++20-extensions\x1b]8;;\x07\x1b[m\x1b[K]\n'}
[3.868999] (aurora_core) StderrLine: {'line': b'  263 |             \x1b[01;35m\x1b[K.\x1b[m\x1b[Ky = vectorA.axis.y * vectorB.axis.y,\n'}
[3.869092] (aurora_core) StderrLine: {'line': b'      |             \x1b[01;35m\x1b[K^\x1b[m\x1b[K\n'}
[3.869189] (aurora_core) StderrLine: {'line': b'\x1b[01m\x1b[K/home/brown/Projects/MiningRobot/autonomy/ros2_workspace/aurora_core_sl/include/base/include/aurora/../nanoslot/FusionMath.h:264:13:\x1b[m\x1b[K \x1b[01;35m\x1b[Kwarning: \x1b[m\x1b[KC++ designated initializers only available with \xe2\x80\x98\x1b[01m\x1b[K-std=c++20\x1b[m\x1b[K\xe2\x80\x99 or \xe2\x80\x98\x1b[01m\x1b[K-std=gnu++20\x1b[m\x1b[K\xe2\x80\x99 [\x1b[01;35m\x1b[K\x1b]8;;https://gcc.gnu.org/onlinedocs/gcc/Warning-Options.html#index-Wc++20-extensions\x07-Wc++20-extensions\x1b]8;;\x07\x1b[m\x1b[K]\n'}
[3.869345] (aurora_core) StderrLine: {'line': b'  264 |             \x1b[01;35m\x1b[K.\x1b[m\x1b[Kz = vectorA.axis.z * vectorB.axis.z,\n'}
[3.869500] (aurora_core) StderrLine: {'line': b'      |             \x1b[01;35m\x1b[K^\x1b[m\x1b[K\n'}
[3.869598] (aurora_core) StderrLine: {'line': b'\x1b[01m\x1b[K/home/brown/Projects/MiningRobot/autonomy/ros2_workspace/aurora_core_sl/include/base/include/aurora/../nanoslot/FusionMath.h:\x1b[m\x1b[K In function \xe2\x80\x98\x1b[01m\x1b[KFusionVector\x1b[01;32m\x1b[K FusionVectorCrossProduct\x1b[m\x1b[K(FusionVector, FusionVector)\x1b[m\x1b[K\xe2\x80\x99:\n'}
[3.869692] (aurora_core) StderrLine: {'line': b'\x1b[01m\x1b[K/home/brown/Projects/MiningRobot/autonomy/ros2_workspace/aurora_core_sl/include/base/include/aurora/../nanoslot/FusionMath.h:290:34:\x1b[m\x1b[K \x1b[01;35m\x1b[Kwarning: \x1b[m\x1b[KC++ designated initializers only available with \xe2\x80\x98\x1b[01m\x1b[K-std=c++20\x1b[m\x1b[K\xe2\x80\x99 or \xe2\x80\x98\x1b[01m\x1b[K-std=gnu++20\x1b[m\x1b[K\xe2\x80\x99 [\x1b[01;35m\x1b[K\x1b]8;;https://gcc.gnu.org/onlinedocs/gcc/Warning-Options.html#index-Wc++20-extensions\x07-Wc++20-extensions\x1b]8;;\x07\x1b[m\x1b[K]\n'}
[3.869787] (aurora_core) StderrLine: {'line': b'  290 |     const FusionVector result = {\x1b[01;35m\x1b[K.\x1b[m\x1b[Kaxis = {\n'}
[3.869877] (aurora_core) StderrLine: {'line': b'      |                                  \x1b[01;35m\x1b[K^\x1b[m\x1b[K\n'}
[3.869990] (aurora_core) StderrLine: {'line': b'\x1b[01m\x1b[K/home/brown/Projects/MiningRobot/autonomy/ros2_workspace/aurora_core_sl/include/base/include/aurora/../nanoslot/FusionMath.h:291:13:\x1b[m\x1b[K \x1b[01;35m\x1b[Kwarning: \x1b[m\x1b[KC++ designated initializers only available with \xe2\x80\x98\x1b[01m\x1b[K-std=c++20\x1b[m\x1b[K\xe2\x80\x99 or \xe2\x80\x98\x1b[01m\x1b[K-std=gnu++20\x1b[m\x1b[K\xe2\x80\x99 [\x1b[01;35m\x1b[K\x1b]8;;https://gcc.gnu.org/onlinedocs/gcc/Warning-Options.html#index-Wc++20-extensions\x07-Wc++20-extensions\x1b]8;;\x07\x1b[m\x1b[K]\n'}
[3.870087] (aurora_core) StderrLine: {'line': b'  291 |             \x1b[01;35m\x1b[K.\x1b[m\x1b[Kx = A.y * B.z - A.z * B.y,\n'}
[3.870176] (aurora_core) StderrLine: {'line': b'      |             \x1b[01;35m\x1b[K^\x1b[m\x1b[K\n'}
[3.870274] (aurora_core) StderrLine: {'line': b'\x1b[01m\x1b[K/home/brown/Projects/MiningRobot/autonomy/ros2_workspace/aurora_core_sl/include/base/include/aurora/../nanoslot/FusionMath.h:292:13:\x1b[m\x1b[K \x1b[01;35m\x1b[Kwarning: \x1b[m\x1b[KC++ designated initializers only available with \xe2\x80\x98\x1b[01m\x1b[K-std=c++20\x1b[m\x1b[K\xe2\x80\x99 or \xe2\x80\x98\x1b[01m\x1b[K-std=gnu++20\x1b[m\x1b[K\xe2\x80\x99 [\x1b[01;35m\x1b[K\x1b]8;;https://gcc.gnu.org/onlinedocs/gcc/Warning-Options.html#index-Wc++20-extensions\x07-Wc++20-extensions\x1b]8;;\x07\x1b[m\x1b[K]\n'}
[3.870379] (aurora_core) StderrLine: {'line': b'  292 |             \x1b[01;35m\x1b[K.\x1b[m\x1b[Ky = A.z * B.x - A.x * B.z,\n'}
[3.870504] (aurora_core) StderrLine: {'line': b'      |             \x1b[01;35m\x1b[K^\x1b[m\x1b[K\n'}
[3.870598] (aurora_core) StderrLine: {'line': b'\x1b[01m\x1b[K/home/brown/Projects/MiningRobot/autonomy/ros2_workspace/aurora_core_sl/include/base/include/aurora/../nanoslot/FusionMath.h:293:13:\x1b[m\x1b[K \x1b[01;35m\x1b[Kwarning: \x1b[m\x1b[KC++ designated initializers only available with \xe2\x80\x98\x1b[01m\x1b[K-std=c++20\x1b[m\x1b[K\xe2\x80\x99 or \xe2\x80\x98\x1b[01m\x1b[K-std=gnu++20\x1b[m\x1b[K\xe2\x80\x99 [\x1b[01;35m\x1b[K\x1b]8;;https://gcc.gnu.org/onlinedocs/gcc/Warning-Options.html#index-Wc++20-extensions\x07-Wc++20-extensions\x1b]8;;\x07\x1b[m\x1b[K]\n'}
[3.870693] (aurora_core) StderrLine: {'line': b'  293 |             \x1b[01;35m\x1b[K.\x1b[m\x1b[Kz = A.x * B.y - A.y * B.x,\n'}
[3.870782] (aurora_core) StderrLine: {'line': b'      |             \x1b[01;35m\x1b[K^\x1b[m\x1b[K\n'}
[3.870870] (aurora_core) StderrLine: {'line': b'\x1b[01m\x1b[K/home/brown/Projects/MiningRobot/autonomy/ros2_workspace/aurora_core_sl/include/base/include/aurora/../nanoslot/FusionMath.h:\x1b[m\x1b[K In function \xe2\x80\x98\x1b[01m\x1b[KFusionQuaternion\x1b[01;32m\x1b[K FusionQuaternionZradians\x1b[m\x1b[K(float)\x1b[m\x1b[K\xe2\x80\x99:\n'}
[3.870963] (aurora_core) StderrLine: {'line': b'\x1b[01m\x1b[K/home/brown/Projects/MiningRobot/autonomy/ros2_workspace/aurora_core_sl/include/base/include/aurora/../nanoslot/FusionMath.h:339:33:\x1b[m\x1b[K \x1b[01;35m\x1b[Kwarning: \x1b[m\x1b[KC++ designated initializers only available with \xe2\x80\x98\x1b[01m\x1b[K-std=c++20\x1b[m\x1b[K\xe2\x80\x99 or \xe2\x80\x98\x1b[01m\x1b[K-std=gnu++20\x1b[m\x1b[K\xe2\x80\x99 [\x1b[01;35m\x1b[K\x1b]8;;https://gcc.gnu.org/onlinedocs/gcc/Warning-Options.html#index-Wc++20-extensions\x07-Wc++20-extensions\x1b]8;;\x07\x1b[m\x1b[K]\n'}
[3.871056] (aurora_core) StderrLine: {'line': b'  339 |     const FusionQuaternion Q = {\x1b[01;35m\x1b[K.\x1b[m\x1b[Kelement = {\n'}
[3.871145] (aurora_core) StderrLine: {'line': b'      |                                 \x1b[01;35m\x1b[K^\x1b[m\x1b[K\n'}
[3.871235] (aurora_core) StderrLine: {'line': b'\x1b[01m\x1b[K/home/brown/Projects/MiningRobot/autonomy/ros2_workspace/aurora_core_sl/include/base/include/aurora/../nanoslot/FusionMath.h:340:13:\x1b[m\x1b[K \x1b[01;35m\x1b[Kwarning: \x1b[m\x1b[KC++ designated initializers only available with \xe2\x80\x98\x1b[01m\x1b[K-std=c++20\x1b[m\x1b[K\xe2\x80\x99 or \xe2\x80\x98\x1b[01m\x1b[K-std=gnu++20\x1b[m\x1b[K\xe2\x80\x99 [\x1b[01;35m\x1b[K\x1b]8;;https://gcc.gnu.org/onlinedocs/gcc/Warning-Options.html#index-Wc++20-extensions\x07-Wc++20-extensions\x1b]8;;\x07\x1b[m\x1b[K]\n'}
[3.871334] (aurora_core) StderrLine: {'line': b'  340 |             \x1b[01;35m\x1b[K.\x1b[m\x1b[Kw = cosf(a),\n'}
[3.871424] (aurora_core) StderrLine: {'line': b'      |             \x1b[01;35m\x1b[K^\x1b[m\x1b[K\n'}
[3.871513] (aurora_core) StderrLine: {'line': b'\x1b[01m\x1b[K/home/brown/Projects/MiningRobot/autonomy/ros2_workspace/aurora_core_sl/include/base/include/aurora/../nanoslot/FusionMath.h:341:13:\x1b[m\x1b[K \x1b[01;35m\x1b[Kwarning: \x1b[m\x1b[KC++ designated initializers only available with \xe2\x80\x98\x1b[01m\x1b[K-std=c++20\x1b[m\x1b[K\xe2\x80\x99 or \xe2\x80\x98\x1b[01m\x1b[K-std=gnu++20\x1b[m\x1b[K\xe2\x80\x99 [\x1b[01;35m\x1b[K\x1b]8;;https://gcc.gnu.org/onlinedocs/gcc/Warning-Options.html#index-Wc++20-extensions\x07-Wc++20-extensions\x1b]8;;\x07\x1b[m\x1b[K]\n'}
[3.871606] (aurora_core) StderrLine: {'line': b'  341 |             \x1b[01;35m\x1b[K.\x1b[m\x1b[Kx = 0.0f,\n'}
[3.871694] (aurora_core) StderrLine: {'line': b'      |             \x1b[01;35m\x1b[K^\x1b[m\x1b[K\n'}
[3.871783] (aurora_core) StderrLine: {'line': b'\x1b[01m\x1b[K/home/brown/Projects/MiningRobot/autonomy/ros2_workspace/aurora_core_sl/include/base/include/aurora/../nanoslot/FusionMath.h:342:13:\x1b[m\x1b[K \x1b[01;35m\x1b[Kwarning: \x1b[m\x1b[KC++ designated initializers only available with \xe2\x80\x98\x1b[01m\x1b[K-std=c++20\x1b[m\x1b[K\xe2\x80\x99 or \xe2\x80\x98\x1b[01m\x1b[K-std=gnu++20\x1b[m\x1b[K\xe2\x80\x99 [\x1b[01;35m\x1b[K\x1b]8;;https://gcc.gnu.org/onlinedocs/gcc/Warning-Options.html#index-Wc++20-extensions\x07-Wc++20-extensions\x1b]8;;\x07\x1b[m\x1b[K]\n'}
[3.871882] (aurora_core) StderrLine: {'line': b'  342 |             \x1b[01;35m\x1b[K.\x1b[m\x1b[Ky = 0.0f,\n'}
[3.871971] (aurora_core) StderrLine: {'line': b'      |             \x1b[01;35m\x1b[K^\x1b[m\x1b[K\n'}
[3.872060] (aurora_core) StderrLine: {'line': b'\x1b[01m\x1b[K/home/brown/Projects/MiningRobot/autonomy/ros2_workspace/aurora_core_sl/include/base/include/aurora/../nanoslot/FusionMath.h:343:13:\x1b[m\x1b[K \x1b[01;35m\x1b[Kwarning: \x1b[m\x1b[KC++ designated initializers only available with \xe2\x80\x98\x1b[01m\x1b[K-std=c++20\x1b[m\x1b[K\xe2\x80\x99 or \xe2\x80\x98\x1b[01m\x1b[K-std=gnu++20\x1b[m\x1b[K\xe2\x80\x99 [\x1b[01;35m\x1b[K\x1b]8;;https://gcc.gnu.org/onlinedocs/gcc/Warning-Options.html#index-Wc++20-extensions\x07-Wc++20-extensions\x1b]8;;\x07\x1b[m\x1b[K]\n'}
[3.872153] (aurora_core) StderrLine: {'line': b'  343 |             \x1b[01;35m\x1b[K.\x1b[m\x1b[Kz = 1.0f * sinf(a),\n'}
[3.872242] (aurora_core) StderrLine: {'line': b'      |             \x1b[01;35m\x1b[K^\x1b[m\x1b[K\n'}
[3.872330] (aurora_core) StderrLine: {'line': b'\x1b[01m\x1b[K/home/brown/Projects/MiningRobot/autonomy/ros2_workspace/aurora_core_sl/include/base/include/aurora/../nanoslot/FusionMath.h:\x1b[m\x1b[K In function \xe2\x80\x98\x1b[01m\x1b[KFusionQuaternion\x1b[01;32m\x1b[K FusionQuaternionAdd\x1b[m\x1b[K(FusionQuaternion, FusionQuaternion)\x1b[m\x1b[K\xe2\x80\x99:\n'}
[3.872428] (aurora_core) StderrLine: {'line': b'\x1b[01m\x1b[K/home/brown/Projects/MiningRobot/autonomy/ros2_workspace/aurora_core_sl/include/base/include/aurora/../nanoslot/FusionMath.h:363:38:\x1b[m\x1b[K \x1b[01;35m\x1b[Kwarning: \x1b[m\x1b[KC++ designated initializers only available with \xe2\x80\x98\x1b[01m\x1b[K-std=c++20\x1b[m\x1b[K\xe2\x80\x99 or \xe2\x80\x98\x1b[01m\x1b[K-std=gnu++20\x1b[m\x1b[K\xe2\x80\x99 [\x1b[01;35m\x1b[K\x1b]8;;https://gcc.gnu.org/onlinedocs/gcc/Warning-Options.html#index-Wc++20-extensions\x07-Wc++20-extensions\x1b]8;;\x07\x1b[m\x1b[K]\n'}
[3.872528] (aurora_core) StderrLine: {'line': b'  363 |     const FusionQuaternion result = {\x1b[01;35m\x1b[K.\x1b[m\x1b[Kelement = {\n'}
[3.872618] (aurora_core) StderrLine: {'line': b'      |                                      \x1b[01;35m\x1b[K^\x1b[m\x1b[K\n'}
[3.872706] (aurora_core) StderrLine: {'line': b'\x1b[01m\x1b[K/home/brown/Projects/MiningRobot/autonomy/ros2_workspace/aurora_core_sl/include/base/include/aurora/../nanoslot/FusionMath.h:364:13:\x1b[m\x1b[K \x1b[01;35m\x1b[Kwarning: \x1b[m\x1b[KC++ designated initializers only available with \xe2\x80\x98\x1b[01m\x1b[K-std=c++20\x1b[m\x1b[K\xe2\x80\x99 or \xe2\x80\x98\x1b[01m\x1b[K-std=gnu++20\x1b[m\x1b[K\xe2\x80\x99 [\x1b[01;35m\x1b[K\x1b]8;;https://gcc.gnu.org/onlinedocs/gcc/Warning-Options.html#index-Wc++20-extensions\x07-Wc++20-extensions\x1b]8;;\x07\x1b[m\x1b[K]\n'}
[3.872800] (aurora_core) StderrLine: {'line': b'  364 |             \x1b[01;35m\x1b[K.\x1b[m\x1b[Kw = quaternionA.element.w + quaternionB.element.w,\n'}
[3.872890] (aurora_core) StderrLine: {'line': b'      |             \x1b[01;35m\x1b[K^\x1b[m\x1b[K\n'}
[3.872978] (aurora_core) StderrLine: {'line': b'\x1b[01m\x1b[K/home/brown/Projects/MiningRobot/autonomy/ros2_workspace/aurora_core_sl/include/base/include/aurora/../nanoslot/FusionMath.h:365:13:\x1b[m\x1b[K \x1b[01;35m\x1b[Kwarning: \x1b[m\x1b[KC++ designated initializers only available with \xe2\x80\x98\x1b[01m\x1b[K-std=c++20\x1b[m\x1b[K\xe2\x80\x99 or \xe2\x80\x98\x1b[01m\x1b[K-std=gnu++20\x1b[m\x1b[K\xe2\x80\x99 [\x1b[01;35m\x1b[K\x1b]8;;https://gcc.gnu.org/onlinedocs/gcc/Warning-Options.html#index-Wc++20-extensions\x07-Wc++20-extensions\x1b]8;;\x07\x1b[m\x1b[K]\n'}
[3.873071] (aurora_core) StderrLine: {'line': b'  365 |             \x1b[01;35m\x1b[K.\x1b[m\x1b[Kx = quaternionA.element.x + quaternionB.element.x,\n'}
[3.873167] (aurora_core) StderrLine: {'line': b'      |             \x1b[01;35m\x1b[K^\x1b[m\x1b[K\n'}
[3.873275] (aurora_core) StderrLine: {'line': b'\x1b[01m\x1b[K/home/brown/Projects/MiningRobot/autonomy/ros2_workspace/aurora_core_sl/include/base/include/aurora/../nanoslot/FusionMath.h:366:13:\x1b[m\x1b[K \x1b[01;35m\x1b[Kwarning: \x1b[m\x1b[KC++ designated initializers only available with \xe2\x80\x98\x1b[01m\x1b[K-std=c++20\x1b[m\x1b[K\xe2\x80\x99 or \xe2\x80\x98\x1b[01m\x1b[K-std=gnu++20\x1b[m\x1b[K\xe2\x80\x99 [\x1b[01;35m\x1b[K\x1b]8;;https://gcc.gnu.org/onlinedocs/gcc/Warning-Options.html#index-Wc++20-extensions\x07-Wc++20-extensions\x1b]8;;\x07\x1b[m\x1b[K]\n'}
[3.873378] (aurora_core) StderrLine: {'line': b'  366 |             \x1b[01;35m\x1b[K.\x1b[m\x1b[Ky = quaternionA.element.y + quaternionB.element.y,\n'}
[3.873469] (aurora_core) StderrLine: {'line': b'      |             \x1b[01;35m\x1b[K^\x1b[m\x1b[K\n'}
[3.873558] (aurora_core) StderrLine: {'line': b'\x1b[01m\x1b[K/home/brown/Projects/MiningRobot/autonomy/ros2_workspace/aurora_core_sl/include/base/include/aurora/../nanoslot/FusionMath.h:367:13:\x1b[m\x1b[K \x1b[01;35m\x1b[Kwarning: \x1b[m\x1b[KC++ designated initializers only available with \xe2\x80\x98\x1b[01m\x1b[K-std=c++20\x1b[m\x1b[K\xe2\x80\x99 or \xe2\x80\x98\x1b[01m\x1b[K-std=gnu++20\x1b[m\x1b[K\xe2\x80\x99 [\x1b[01;35m\x1b[K\x1b]8;;https://gcc.gnu.org/onlinedocs/gcc/Warning-Options.html#index-Wc++20-extensions\x07-Wc++20-extensions\x1b]8;;\x07\x1b[m\x1b[K]\n'}
[3.873651] (aurora_core) StderrLine: {'line': b'  367 |             \x1b[01;35m\x1b[K.\x1b[m\x1b[Kz = quaternionA.element.z + quaternionB.element.z,\n'}
[3.873740] (aurora_core) StderrLine: {'line': b'      |             \x1b[01;35m\x1b[K^\x1b[m\x1b[K\n'}
[3.873829] (aurora_core) StderrLine: {'line': b'\x1b[01m\x1b[K/home/brown/Projects/MiningRobot/autonomy/ros2_workspace/aurora_core_sl/include/base/include/aurora/../nanoslot/FusionMath.h:\x1b[m\x1b[K In function \xe2\x80\x98\x1b[01m\x1b[KFusionQuaternion\x1b[01;32m\x1b[K FusionQuaternionMultiply\x1b[m\x1b[K(FusionQuaternion, FusionQuaternion)\x1b[m\x1b[K\xe2\x80\x99:\n'}
[3.873921] (aurora_core) StderrLine: {'line': b'\x1b[01m\x1b[K/home/brown/Projects/MiningRobot/autonomy/ros2_workspace/aurora_core_sl/include/base/include/aurora/../nanoslot/FusionMath.h:381:38:\x1b[m\x1b[K \x1b[01;35m\x1b[Kwarning: \x1b[m\x1b[KC++ designated initializers only available with \xe2\x80\x98\x1b[01m\x1b[K-std=c++20\x1b[m\x1b[K\xe2\x80\x99 or \xe2\x80\x98\x1b[01m\x1b[K-std=gnu++20\x1b[m\x1b[K\xe2\x80\x99 [\x1b[01;35m\x1b[K\x1b]8;;https://gcc.gnu.org/onlinedocs/gcc/Warning-Options.html#index-Wc++20-extensions\x07-Wc++20-extensions\x1b]8;;\x07\x1b[m\x1b[K]\n'}
[3.874015] (aurora_core) StderrLine: {'line': b'  381 |     const FusionQuaternion result = {\x1b[01;35m\x1b[K.\x1b[m\x1b[Kelement = {\n'}
[3.874104] (aurora_core) StderrLine: {'line': b'      |                                      \x1b[01;35m\x1b[K^\x1b[m\x1b[K\n'}
[3.874193] (aurora_core) StderrLine: {'line': b'\x1b[01m\x1b[K/home/brown/Projects/MiningRobot/autonomy/ros2_workspace/aurora_core_sl/include/base/include/aurora/../nanoslot/FusionMath.h:382:13:\x1b[m\x1b[K \x1b[01;35m\x1b[Kwarning: \x1b[m\x1b[KC++ designated initializers only available with \xe2\x80\x98\x1b[01m\x1b[K-std=c++20\x1b[m\x1b[K\xe2\x80\x99 or \xe2\x80\x98\x1b[01m\x1b[K-std=gnu++20\x1b[m\x1b[K\xe2\x80\x99 [\x1b[01;35m\x1b[K\x1b]8;;https://gcc.gnu.org/onlinedocs/gcc/Warning-Options.html#index-Wc++20-extensions\x07-Wc++20-extensions\x1b]8;;\x07\x1b[m\x1b[K]\n'}
[3.874286] (aurora_core) StderrLine: {'line': b'  382 |             \x1b[01;35m\x1b[K.\x1b[m\x1b[Kw = A.w * B.w - A.x * B.x - A.y * B.y - A.z * B.z,\n'}
[3.874396] (aurora_core) StderrLine: {'line': b'      |             \x1b[01;35m\x1b[K^\x1b[m\x1b[K\n'}
[3.874514] (aurora_core) StderrLine: {'line': b'\x1b[01m\x1b[K/home/brown/Projects/MiningRobot/autonomy/ros2_workspace/aurora_core_sl/include/base/include/aurora/../nanoslot/FusionMath.h:383:13:\x1b[m\x1b[K \x1b[01;35m\x1b[Kwarning: \x1b[m\x1b[KC++ designated initializers only available with \xe2\x80\x98\x1b[01m\x1b[K-std=c++20\x1b[m\x1b[K\xe2\x80\x99 or \xe2\x80\x98\x1b[01m\x1b[K-std=gnu++20\x1b[m\x1b[K\xe2\x80\x99 [\x1b[01;35m\x1b[K\x1b]8;;https://gcc.gnu.org/onlinedocs/gcc/Warning-Options.html#index-Wc++20-extensions\x07-Wc++20-extensions\x1b]8;;\x07\x1b[m\x1b[K]\n'}
[3.874632] (aurora_core) StderrLine: {'line': b'  383 |             \x1b[01;35m\x1b[K.\x1b[m\x1b[Kx = A.w * B.x + A.x * B.w + A.y * B.z - A.z * B.y,\n'}
[3.874721] (aurora_core) StderrLine: {'line': b'      |             \x1b[01;35m\x1b[K^\x1b[m\x1b[K\n'}
[3.874809] (aurora_core) StderrLine: {'line': b'\x1b[01m\x1b[K/home/brown/Projects/MiningRobot/autonomy/ros2_workspace/aurora_core_sl/include/base/include/aurora/../nanoslot/FusionMath.h:384:13:\x1b[m\x1b[K \x1b[01;35m\x1b[Kwarning: \x1b[m\x1b[KC++ designated initializers only available with \xe2\x80\x98\x1b[01m\x1b[K-std=c++20\x1b[m\x1b[K\xe2\x80\x99 or \xe2\x80\x98\x1b[01m\x1b[K-std=gnu++20\x1b[m\x1b[K\xe2\x80\x99 [\x1b[01;35m\x1b[K\x1b]8;;https://gcc.gnu.org/onlinedocs/gcc/Warning-Options.html#index-Wc++20-extensions\x07-Wc++20-extensions\x1b]8;;\x07\x1b[m\x1b[K]\n'}
[3.874902] (aurora_core) StderrLine: {'line': b'  384 |             \x1b[01;35m\x1b[K.\x1b[m\x1b[Ky = A.w * B.y - A.x * B.z + A.y * B.w + A.z * B.x,\n'}
[3.874991] (aurora_core) StderrLine: {'line': b'      |             \x1b[01;35m\x1b[K^\x1b[m\x1b[K\n'}
[3.875079] (aurora_core) StderrLine: {'line': b'\x1b[01m\x1b[K/home/brown/Projects/MiningRobot/autonomy/ros2_workspace/aurora_core_sl/include/base/include/aurora/../nanoslot/FusionMath.h:385:13:\x1b[m\x1b[K \x1b[01;35m\x1b[Kwarning: \x1b[m\x1b[KC++ designated initializers only available with \xe2\x80\x98\x1b[01m\x1b[K-std=c++20\x1b[m\x1b[K\xe2\x80\x99 or \xe2\x80\x98\x1b[01m\x1b[K-std=gnu++20\x1b[m\x1b[K\xe2\x80\x99 [\x1b[01;35m\x1b[K\x1b]8;;https://gcc.gnu.org/onlinedocs/gcc/Warning-Options.html#index-Wc++20-extensions\x07-Wc++20-extensions\x1b]8;;\x07\x1b[m\x1b[K]\n'}
[3.875172] (aurora_core) StderrLine: {'line': b'  385 |             \x1b[01;35m\x1b[K.\x1b[m\x1b[Kz = A.w * B.z + A.x * B.y - A.y * B.x + A.z * B.w,\n'}
[3.875264] (aurora_core) StderrLine: {'line': b'      |             \x1b[01;35m\x1b[K^\x1b[m\x1b[K\n'}
[3.875354] (aurora_core) StderrLine: {'line': b'\x1b[01m\x1b[K/home/brown/Projects/MiningRobot/autonomy/ros2_workspace/aurora_core_sl/include/base/include/aurora/../nanoslot/FusionMath.h:\x1b[m\x1b[K In function \xe2\x80\x98\x1b[01m\x1b[KFusionQuaternion\x1b[01;32m\x1b[K FusionQuaternionMultiplyVector\x1b[m\x1b[K(FusionQuaternion, FusionVector)\x1b[m\x1b[K\xe2\x80\x99:\n'}
[3.875447] (aurora_core) StderrLine: {'line': b'\x1b[01m\x1b[K/home/brown/Projects/MiningRobot/autonomy/ros2_workspace/aurora_core_sl/include/base/include/aurora/../nanoslot/FusionMath.h:404:38:\x1b[m\x1b[K \x1b[01;35m\x1b[Kwarning: \x1b[m\x1b[KC++ designated initializers only available with \xe2\x80\x98\x1b[01m\x1b[K-std=c++20\x1b[m\x1b[K\xe2\x80\x99 or \xe2\x80\x98\x1b[01m\x1b[K-std=gnu++20\x1b[m\x1b[K\xe2\x80\x99 [\x1b[01;35m\x1b[K\x1b]8;;https://gcc.gnu.org/onlinedocs/gcc/Warning-Options.html#index-Wc++20-extensions\x07-Wc++20-extensions\x1b]8;;\x07\x1b[m\x1b[K]\n'}
[3.875540] (aurora_core) StderrLine: {'line': b'  404 |     const FusionQuaternion result = {\x1b[01;35m\x1b[K.\x1b[m\x1b[Kelement = {\n'}
[3.875629] (aurora_core) StderrLine: {'line': b'      |                                      \x1b[01;35m\x1b[K^\x1b[m\x1b[K\n'}
[3.875719] (aurora_core) StderrLine: {'line': b'\x1b[01m\x1b[K/home/brown/Projects/MiningRobot/autonomy/ros2_workspace/aurora_core_sl/include/base/include/aurora/../nanoslot/FusionMath.h:405:13:\x1b[m\x1b[K \x1b[01;35m\x1b[Kwarning: \x1b[m\x1b[KC++ designated initializers only available with \xe2\x80\x98\x1b[01m\x1b[K-std=c++20\x1b[m\x1b[K\xe2\x80\x99 or \xe2\x80\x98\x1b[01m\x1b[K-std=gnu++20\x1b[m\x1b[K\xe2\x80\x99 [\x1b[01;35m\x1b[K\x1b]8;;https://gcc.gnu.org/onlinedocs/gcc/Warning-Options.html#index-Wc++20-extensions\x07-Wc++20-extensions\x1b]8;;\x07\x1b[m\x1b[K]\n'}
[3.875838] (aurora_core) StderrLine: {'line': b'  405 |             \x1b[01;35m\x1b[K.\x1b[m\x1b[Kw = -Q.x * V.x - Q.y * V.y - Q.z * V.z,\n'}
[3.875931] (aurora_core) StderrLine: {'line': b'      |             \x1b[01;35m\x1b[K^\x1b[m\x1b[K\n'}
[3.876020] (aurora_core) StderrLine: {'line': b'\x1b[01m\x1b[K/home/brown/Projects/MiningRobot/autonomy/ros2_workspace/aurora_core_sl/include/base/include/aurora/../nanoslot/FusionMath.h:406:13:\x1b[m\x1b[K \x1b[01;35m\x1b[Kwarning: \x1b[m\x1b[KC++ designated initializers only available with \xe2\x80\x98\x1b[01m\x1b[K-std=c++20\x1b[m\x1b[K\xe2\x80\x99 or \xe2\x80\x98\x1b[01m\x1b[K-std=gnu++20\x1b[m\x1b[K\xe2\x80\x99 [\x1b[01;35m\x1b[K\x1b]8;;https://gcc.gnu.org/onlinedocs/gcc/Warning-Options.html#index-Wc++20-extensions\x07-Wc++20-extensions\x1b]8;;\x07\x1b[m\x1b[K]\n'}
[3.876113] (aurora_core) StderrLine: {'line': b'  406 |             \x1b[01;35m\x1b[K.\x1b[m\x1b[Kx = Q.w * V.x + Q.y * V.z - Q.z * V.y,\n'}
[3.876202] (aurora_core) StderrLine: {'line': b'      |             \x1b[01;35m\x1b[K^\x1b[m\x1b[K\n'}
[3.876290] (aurora_core) StderrLine: {'line': b'\x1b[01m\x1b[K/home/brown/Projects/MiningRobot/autonomy/ros2_workspace/aurora_core_sl/include/base/include/aurora/../nanoslot/FusionMath.h:407:13:\x1b[m\x1b[K \x1b[01;35m\x1b[Kwarning: \x1b[m\x1b[KC++ designated initializers only available with \xe2\x80\x98\x1b[01m\x1b[K-std=c++20\x1b[m\x1b[K\xe2\x80\x99 or \xe2\x80\x98\x1b[01m\x1b[K-std=gnu++20\x1b[m\x1b[K\xe2\x80\x99 [\x1b[01;35m\x1b[K\x1b]8;;https://gcc.gnu.org/onlinedocs/gcc/Warning-Options.html#index-Wc++20-extensions\x07-Wc++20-extensions\x1b]8;;\x07\x1b[m\x1b[K]\n'}
[3.876383] (aurora_core) StderrLine: {'line': b'  407 |             \x1b[01;35m\x1b[K.\x1b[m\x1b[Ky = Q.w * V.y - Q.x * V.z + Q.z * V.x,\n'}
[3.876472] (aurora_core) StderrLine: {'line': b'      |             \x1b[01;35m\x1b[K^\x1b[m\x1b[K\n'}
[3.876599] (aurora_core) StderrLine: {'line': b'\x1b[01m\x1b[K/home/brown/Projects/MiningRobot/autonomy/ros2_workspace/aurora_core_sl/include/base/include/aurora/../nanoslot/FusionMath.h:408:13:\x1b[m\x1b[K \x1b[01;35m\x1b[Kwarning: \x1b[m\x1b[KC++ designated initializers only available with \xe2\x80\x98\x1b[01m\x1b[K-std=c++20\x1b[m\x1b[K\xe2\x80\x99 or \xe2\x80\x98\x1b[01m\x1b[K-std=gnu++20\x1b[m\x1b[K\xe2\x80\x99 [\x1b[01;35m\x1b[K\x1b]8;;https://gcc.gnu.org/onlinedocs/gcc/Warning-Options.html#index-Wc++20-extensions\x07-Wc++20-extensions\x1b]8;;\x07\x1b[m\x1b[K]\n'}
[3.876707] (aurora_core) StderrLine: {'line': b'  408 |             \x1b[01;35m\x1b[K.\x1b[m\x1b[Kz = Q.w * V.z + Q.x * V.y - Q.y * V.x,\n'}
[3.876796] (aurora_core) StderrLine: {'line': b'      |             \x1b[01;35m\x1b[K^\x1b[m\x1b[K\n'}
[3.876885] (aurora_core) StderrLine: {'line': b'\x1b[01m\x1b[K/home/brown/Projects/MiningRobot/autonomy/ros2_workspace/aurora_core_sl/include/base/include/aurora/../nanoslot/FusionMath.h:\x1b[m\x1b[K In function \xe2\x80\x98\x1b[01m\x1b[KFusionQuaternion\x1b[01;32m\x1b[K FusionQuaternionConjugate\x1b[m\x1b[K(FusionQuaternion)\x1b[m\x1b[K\xe2\x80\x99:\n'}
[3.876977] (aurora_core) StderrLine: {'line': b'\x1b[01m\x1b[K/home/brown/Projects/MiningRobot/autonomy/ros2_workspace/aurora_core_sl/include/base/include/aurora/../nanoslot/FusionMath.h:424:38:\x1b[m\x1b[K \x1b[01;35m\x1b[Kwarning: \x1b[m\x1b[KC++ designated initializers only available with \xe2\x80\x98\x1b[01m\x1b[K-std=c++20\x1b[m\x1b[K\xe2\x80\x99 or \xe2\x80\x98\x1b[01m\x1b[K-std=gnu++20\x1b[m\x1b[K\xe2\x80\x99 [\x1b[01;35m\x1b[K\x1b]8;;https://gcc.gnu.org/onlinedocs/gcc/Warning-Options.html#index-Wc++20-extensions\x07-Wc++20-extensions\x1b]8;;\x07\x1b[m\x1b[K]\n'}
[3.877070] (aurora_core) StderrLine: {'line': b'  424 |     const FusionQuaternion result = {\x1b[01;35m\x1b[K.\x1b[m\x1b[Kelement = {\n'}
[3.877160] (aurora_core) StderrLine: {'line': b'      |                                      \x1b[01;35m\x1b[K^\x1b[m\x1b[K\n'}
[3.877249] (aurora_core) StderrLine: {'line': b'\x1b[01m\x1b[K/home/brown/Projects/MiningRobot/autonomy/ros2_workspace/aurora_core_sl/include/base/include/aurora/../nanoslot/FusionMath.h:425:13:\x1b[m\x1b[K \x1b[01;35m\x1b[Kwarning: \x1b[m\x1b[KC++ designated initializers only available with \xe2\x80\x98\x1b[01m\x1b[K-std=c++20\x1b[m\x1b[K\xe2\x80\x99 or \xe2\x80\x98\x1b[01m\x1b[K-std=gnu++20\x1b[m\x1b[K\xe2\x80\x99 [\x1b[01;35m\x1b[K\x1b]8;;https://gcc.gnu.org/onlinedocs/gcc/Warning-Options.html#index-Wc++20-extensions\x07-Wc++20-extensions\x1b]8;;\x07\x1b[m\x1b[K]\n'}
[3.877399] (aurora_core) StderrLine: {'line': b'  425 |             \x1b[01;35m\x1b[K.\x1b[m\x1b[Kw = Q.w,\n'}
[3.877493] (aurora_core) StderrLine: {'line': b'      |             \x1b[01;35m\x1b[K^\x1b[m\x1b[K\n'}
[3.877583] (aurora_core) StderrLine: {'line': b'\x1b[01m\x1b[K/home/brown/Projects/MiningRobot/autonomy/ros2_workspace/aurora_core_sl/include/base/include/aurora/../nanoslot/FusionMath.h:426:13:\x1b[m\x1b[K \x1b[01;35m\x1b[Kwarning: \x1b[m\x1b[KC++ designated initializers only available with \xe2\x80\x98\x1b[01m\x1b[K-std=c++20\x1b[m\x1b[K\xe2\x80\x99 or \xe2\x80\x98\x1b[01m\x1b[K-std=gnu++20\x1b[m\x1b[K\xe2\x80\x99 [\x1b[01;35m\x1b[K\x1b]8;;https://gcc.gnu.org/onlinedocs/gcc/Warning-Options.html#index-Wc++20-extensions\x07-Wc++20-extensions\x1b]8;;\x07\x1b[m\x1b[K]\n'}
[3.877677] (aurora_core) StderrLine: {'line': b'  426 |             \x1b[01;35m\x1b[K.\x1b[m\x1b[Kx = -Q.x,\n'}
[3.877766] (aurora_core) StderrLine: {'line': b'      |             \x1b[01;35m\x1b[K^\x1b[m\x1b[K\n'}
[3.877854] (aurora_core) StderrLine: {'line': b'\x1b[01m\x1b[K/home/brown/Projects/MiningRobot/autonomy/ros2_workspace/aurora_core_sl/include/base/include/aurora/../nanoslot/FusionMath.h:427:13:\x1b[m\x1b[K \x1b[01;35m\x1b[Kwarning: \x1b[m\x1b[KC++ designated initializers only available with \xe2\x80\x98\x1b[01m\x1b[K-std=c++20\x1b[m\x1b[K\xe2\x80\x99 or \xe2\x80\x98\x1b[01m\x1b[K-std=gnu++20\x1b[m\x1b[K\xe2\x80\x99 [\x1b[01;35m\x1b[K\x1b]8;;https://gcc.gnu.org/onlinedocs/gcc/Warning-Options.html#index-Wc++20-extensions\x07-Wc++20-extensions\x1b]8;;\x07\x1b[m\x1b[K]\n'}
[3.877948] (aurora_core) StderrLine: {'line': b'  427 |             \x1b[01;35m\x1b[K.\x1b[m\x1b[Ky = -Q.y,\n'}
[3.878037] (aurora_core) StderrLine: {'line': b'      |             \x1b[01;35m\x1b[K^\x1b[m\x1b[K\n'}
[3.878125] (aurora_core) StderrLine: {'line': b'\x1b[01m\x1b[K/home/brown/Projects/MiningRobot/autonomy/ros2_workspace/aurora_core_sl/include/base/include/aurora/../nanoslot/FusionMath.h:428:13:\x1b[m\x1b[K \x1b[01;35m\x1b[Kwarning: \x1b[m\x1b[KC++ designated initializers only available with \xe2\x80\x98\x1b[01m\x1b[K-std=c++20\x1b[m\x1b[K\xe2\x80\x99 or \xe2\x80\x98\x1b[01m\x1b[K-std=gnu++20\x1b[m\x1b[K\xe2\x80\x99 [\x1b[01;35m\x1b[K\x1b]8;;https://gcc.gnu.org/onlinedocs/gcc/Warning-Options.html#index-Wc++20-extensions\x07-Wc++20-extensions\x1b]8;;\x07\x1b[m\x1b[K]\n'}
[3.878219] (aurora_core) StderrLine: {'line': b'  428 |             \x1b[01;35m\x1b[K.\x1b[m\x1b[Kz = -Q.z,\n'}
[3.878307] (aurora_core) StderrLine: {'line': b'      |             \x1b[01;35m\x1b[K^\x1b[m\x1b[K\n'}
[3.878395] (aurora_core) StderrLine: {'line': b'\x1b[01m\x1b[K/home/brown/Projects/MiningRobot/autonomy/ros2_workspace/aurora_core_sl/include/base/include/aurora/../nanoslot/FusionMath.h:\x1b[m\x1b[K In function \xe2\x80\x98\x1b[01m\x1b[KFusionQuaternion\x1b[01;32m\x1b[K FusionQuaternionNormalise\x1b[m\x1b[K(FusionQuaternion)\x1b[m\x1b[K\xe2\x80\x99:\n'}
[3.878486] (aurora_core) StderrLine: {'line': b'\x1b[01m\x1b[K/home/brown/Projects/MiningRobot/autonomy/ros2_workspace/aurora_core_sl/include/base/include/aurora/../nanoslot/FusionMath.h:448:38:\x1b[m\x1b[K \x1b[01;35m\x1b[Kwarning: \x1b[m\x1b[KC++ designated initializers only available with \xe2\x80\x98\x1b[01m\x1b[K-std=c++20\x1b[m\x1b[K\xe2\x80\x99 or \xe2\x80\x98\x1b[01m\x1b[K-std=gnu++20\x1b[m\x1b[K\xe2\x80\x99 [\x1b[01;35m\x1b[K\x1b]8;;https://gcc.gnu.org/onlinedocs/gcc/Warning-Options.html#index-Wc++20-extensions\x07-Wc++20-extensions\x1b]8;;\x07\x1b[m\x1b[K]\n'}
[3.878580] (aurora_core) StderrLine: {'line': b'  448 |     const FusionQuaternion result = {\x1b[01;35m\x1b[K.\x1b[m\x1b[Kelement = {\n'}
[3.878677] (aurora_core) StderrLine: {'line': b'      |                                      \x1b[01;35m\x1b[K^\x1b[m\x1b[K\n'}
[3.878773] (aurora_core) StderrLine: {'line': b'\x1b[01m\x1b[K/home/brown/Projects/MiningRobot/autonomy/ros2_workspace/aurora_core_sl/include/base/include/aurora/../nanoslot/FusionMath.h:449:13:\x1b[m\x1b[K \x1b[01;35m\x1b[Kwarning: \x1b[m\x1b[KC++ designated initializers only available with \xe2\x80\x98\x1b[01m\x1b[K-std=c++20\x1b[m\x1b[K\xe2\x80\x99 or \xe2\x80\x98\x1b[01m\x1b[K-std=gnu++20\x1b[m\x1b[K\xe2\x80\x99 [\x1b[01;35m\x1b[K\x1b]8;;https://gcc.gnu.org/onlinedocs/gcc/Warning-Options.html#index-Wc++20-extensions\x07-Wc++20-extensions\x1b]8;;\x07\x1b[m\x1b[K]\n'}
[3.878873] (aurora_core) StderrLine: {'line': b'  449 |             \x1b[01;35m\x1b[K.\x1b[m\x1b[Kw = Q.w * magnitudeReciprocal,\n'}
[3.878962] (aurora_core) StderrLine: {'line': b'      |             \x1b[01;35m\x1b[K^\x1b[m\x1b[K\n'}
[3.879050] (aurora_core) StderrLine: {'line': b'\x1b[01m\x1b[K/home/brown/Projects/MiningRobot/autonomy/ros2_workspace/aurora_core_sl/include/base/include/aurora/../nanoslot/FusionMath.h:450:13:\x1b[m\x1b[K \x1b[01;35m\x1b[Kwarning: \x1b[m\x1b[KC++ designated initializers only available with \xe2\x80\x98\x1b[01m\x1b[K-std=c++20\x1b[m\x1b[K\xe2\x80\x99 or \xe2\x80\x98\x1b[01m\x1b[K-std=gnu++20\x1b[m\x1b[K\xe2\x80\x99 [\x1b[01;35m\x1b[K\x1b]8;;https://gcc.gnu.org/onlinedocs/gcc/Warning-Options.html#index-Wc++20-extensions\x07-Wc++20-extensions\x1b]8;;\x07\x1b[m\x1b[K]\n'}
[3.879144] (aurora_core) StderrLine: {'line': b'  450 |             \x1b[01;35m\x1b[K.\x1b[m\x1b[Kx = Q.x * magnitudeReciprocal,\n'}
[3.879233] (aurora_core) StderrLine: {'line': b'      |             \x1b[01;35m\x1b[K^\x1b[m\x1b[K\n'}
[3.879321] (aurora_core) StderrLine: {'line': b'\x1b[01m\x1b[K/home/brown/Projects/MiningRobot/autonomy/ros2_workspace/aurora_core_sl/include/base/include/aurora/../nanoslot/FusionMath.h:451:13:\x1b[m\x1b[K \x1b[01;35m\x1b[Kwarning: \x1b[m\x1b[KC++ designated initializers only available with \xe2\x80\x98\x1b[01m\x1b[K-std=c++20\x1b[m\x1b[K\xe2\x80\x99 or \xe2\x80\x98\x1b[01m\x1b[K-std=gnu++20\x1b[m\x1b[K\xe2\x80\x99 [\x1b[01;35m\x1b[K\x1b]8;;https://gcc.gnu.org/onlinedocs/gcc/Warning-Options.html#index-Wc++20-extensions\x07-Wc++20-extensions\x1b]8;;\x07\x1b[m\x1b[K]\n'}
[3.879419] (aurora_core) StderrLine: {'line': b'  451 |             \x1b[01;35m\x1b[K.\x1b[m\x1b[Ky = Q.y * magnitudeReciprocal,\n'}
[3.879509] (aurora_core) StderrLine: {'line': b'      |             \x1b[01;35m\x1b[K^\x1b[m\x1b[K\n'}
[3.879598] (aurora_core) StderrLine: {'line': b'\x1b[01m\x1b[K/home/brown/Projects/MiningRobot/autonomy/ros2_workspace/aurora_core_sl/include/base/include/aurora/../nanoslot/FusionMath.h:452:13:\x1b[m\x1b[K \x1b[01;35m\x1b[Kwarning: \x1b[m\x1b[KC++ designated initializers only available with \xe2\x80\x98\x1b[01m\x1b[K-std=c++20\x1b[m\x1b[K\xe2\x80\x99 or \xe2\x80\x98\x1b[01m\x1b[K-std=gnu++20\x1b[m\x1b[K\xe2\x80\x99 [\x1b[01;35m\x1b[K\x1b]8;;https://gcc.gnu.org/onlinedocs/gcc/Warning-Options.html#index-Wc++20-extensions\x07-Wc++20-extensions\x1b]8;;\x07\x1b[m\x1b[K]\n'}
[3.879692] (aurora_core) StderrLine: {'line': b'  452 |             \x1b[01;35m\x1b[K.\x1b[m\x1b[Kz = Q.z * magnitudeReciprocal,\n'}
[3.879782] (aurora_core) StderrLine: {'line': b'      |             \x1b[01;35m\x1b[K^\x1b[m\x1b[K\n'}
[3.879870] (aurora_core) StderrLine: {'line': b'\x1b[01m\x1b[K/home/brown/Projects/MiningRobot/autonomy/ros2_workspace/aurora_core_sl/include/base/include/aurora/../nanoslot/FusionMath.h:\x1b[m\x1b[K In function \xe2\x80\x98\x1b[01m\x1b[KFusionVector\x1b[01;32m\x1b[K FusionMatrixMultiplyVector\x1b[m\x1b[K(FusionMatrix, FusionVector)\x1b[m\x1b[K\xe2\x80\x99:\n'}
[3.880005] (aurora_core) StderrLine: {'line': b'\x1b[01m\x1b[K/home/brown/Projects/MiningRobot/autonomy/ros2_workspace/aurora_core_sl/include/base/include/aurora/../nanoslot/FusionMath.h:469:34:\x1b[m\x1b[K \x1b[01;35m\x1b[Kwarning: \x1b[m\x1b[KC++ designated initializers only available with \xe2\x80\x98\x1b[01m\x1b[K-std=c++20\x1b[m\x1b[K\xe2\x80\x99 or \xe2\x80\x98\x1b[01m\x1b[K-std=gnu++20\x1b[m\x1b[K\xe2\x80\x99 [\x1b[01;35m\x1b[K\x1b]8;;https://gcc.gnu.org/onlinedocs/gcc/Warning-Options.html#index-Wc++20-extensions\x07-Wc++20-extensions\x1b]8;;\x07\x1b[m\x1b[K]\n'}
[3.880107] (aurora_core) StderrLine: {'line': b'  469 |     const FusionVector result = {\x1b[01;35m\x1b[K.\x1b[m\x1b[Kaxis = {\n'}
[3.880197] (aurora_core) StderrLine: {'line': b'      |                                  \x1b[01;35m\x1b[K^\x1b[m\x1b[K\n'}
[3.880285] (aurora_core) StderrLine: {'line': b'\x1b[01m\x1b[K/home/brown/Projects/MiningRobot/autonomy/ros2_workspace/aurora_core_sl/include/base/include/aurora/../nanoslot/FusionMath.h:470:13:\x1b[m\x1b[K \x1b[01;35m\x1b[Kwarning: \x1b[m\x1b[KC++ designated initializers only available with \xe2\x80\x98\x1b[01m\x1b[K-std=c++20\x1b[m\x1b[K\xe2\x80\x99 or \xe2\x80\x98\x1b[01m\x1b[K-std=gnu++20\x1b[m\x1b[K\xe2\x80\x99 [\x1b[01;35m\x1b[K\x1b]8;;https://gcc.gnu.org/onlinedocs/gcc/Warning-Options.html#index-Wc++20-extensions\x07-Wc++20-extensions\x1b]8;;\x07\x1b[m\x1b[K]\n'}
[3.880379] (aurora_core) StderrLine: {'line': b'  470 |             \x1b[01;35m\x1b[K.\x1b[m\x1b[Kx = R.xx * vector.axis.x + R.xy * vector.axis.y + R.xz * vector.axis.z,\n'}
[3.880468] (aurora_core) StderrLine: {'line': b'      |             \x1b[01;35m\x1b[K^\x1b[m\x1b[K\n'}
[3.880557] (aurora_core) StderrLine: {'line': b'\x1b[01m\x1b[K/home/brown/Projects/MiningRobot/autonomy/ros2_workspace/aurora_core_sl/include/base/include/aurora/../nanoslot/FusionMath.h:471:13:\x1b[m\x1b[K \x1b[01;35m\x1b[Kwarning: \x1b[m\x1b[KC++ designated initializers only available with \xe2\x80\x98\x1b[01m\x1b[K-std=c++20\x1b[m\x1b[K\xe2\x80\x99 or \xe2\x80\x98\x1b[01m\x1b[K-std=gnu++20\x1b[m\x1b[K\xe2\x80\x99 [\x1b[01;35m\x1b[K\x1b]8;;https://gcc.gnu.org/onlinedocs/gcc/Warning-Options.html#index-Wc++20-extensions\x07-Wc++20-extensions\x1b]8;;\x07\x1b[m\x1b[K]\n'}
[3.880650] (aurora_core) StderrLine: {'line': b'  471 |             \x1b[01;35m\x1b[K.\x1b[m\x1b[Ky = R.yx * vector.axis.x + R.yy * vector.axis.y + R.yz * vector.axis.z,\n'}
[3.880739] (aurora_core) StderrLine: {'line': b'      |             \x1b[01;35m\x1b[K^\x1b[m\x1b[K\n'}
[3.880835] (aurora_core) StderrLine: {'line': b'\x1b[01m\x1b[K/home/brown/Projects/MiningRobot/autonomy/ros2_workspace/aurora_core_sl/include/base/include/aurora/../nanoslot/FusionMath.h:472:13:\x1b[m\x1b[K \x1b[01;35m\x1b[Kwarning: \x1b[m\x1b[KC++ designated initializers only available with \xe2\x80\x98\x1b[01m\x1b[K-std=c++20\x1b[m\x1b[K\xe2\x80\x99 or \xe2\x80\x98\x1b[01m\x1b[K-std=gnu++20\x1b[m\x1b[K\xe2\x80\x99 [\x1b[01;35m\x1b[K\x1b]8;;https://gcc.gnu.org/onlinedocs/gcc/Warning-Options.html#index-Wc++20-extensions\x07-Wc++20-extensions\x1b]8;;\x07\x1b[m\x1b[K]\n'}
[3.880993] (aurora_core) StderrLine: {'line': b'  472 |             \x1b[01;35m\x1b[K.\x1b[m\x1b[Kz = R.zx * vector.axis.x + R.zy * vector.axis.y + R.zz * vector.axis.z,\n'}
[3.881148] (aurora_core) StderrLine: {'line': b'      |             \x1b[01;35m\x1b[K^\x1b[m\x1b[K\n'}
[3.881300] (aurora_core) StderrLine: {'line': b'\x1b[01m\x1b[K/home/brown/Projects/MiningRobot/autonomy/ros2_workspace/aurora_core_sl/include/base/include/aurora/../nanoslot/FusionMath.h:\x1b[m\x1b[K In function \xe2\x80\x98\x1b[01m\x1b[KFusionVector\x1b[01;32m\x1b[K FusionQuaternionXaxis\x1b[m\x1b[K(FusionQuaternion)\x1b[m\x1b[K\xe2\x80\x99:\n'}
[3.881462] (aurora_core) StderrLine: {'line': b'\x1b[01m\x1b[K/home/brown/Projects/MiningRobot/autonomy/ros2_workspace/aurora_core_sl/include/base/include/aurora/../nanoslot/FusionMath.h:484:34:\x1b[m\x1b[K \x1b[01;35m\x1b[Kwarning: \x1b[m\x1b[KC++ designated initializers only available with \xe2\x80\x98\x1b[01m\x1b[K-std=c++20\x1b[m\x1b[K\xe2\x80\x99 or \xe2\x80\x98\x1b[01m\x1b[K-std=gnu++20\x1b[m\x1b[K\xe2\x80\x99 [\x1b[01;35m\x1b[K\x1b]8;;https://gcc.gnu.org/onlinedocs/gcc/Warning-Options.html#index-Wc++20-extensions\x07-Wc++20-extensions\x1b]8;;\x07\x1b[m\x1b[K]\n'}
[3.881619] (aurora_core) StderrLine: {'line': b'  484 |     const FusionVector result = {\x1b[01;35m\x1b[K.\x1b[m\x1b[Kaxis={\n'}
[3.881764] (aurora_core) StderrLine: {'line': b'      |                                  \x1b[01;35m\x1b[K^\x1b[m\x1b[K\n'}
[3.881917] (aurora_core) StderrLine: {'line': b'\x1b[01m\x1b[K/home/brown/Projects/MiningRobot/autonomy/ros2_workspace/aurora_core_sl/include/base/include/aurora/../nanoslot/FusionMath.h:485:5:\x1b[m\x1b[K \x1b[01;35m\x1b[Kwarning: \x1b[m\x1b[KC++ designated initializers only available with \xe2\x80\x98\x1b[01m\x1b[K-std=c++20\x1b[m\x1b[K\xe2\x80\x99 or \xe2\x80\x98\x1b[01m\x1b[K-std=gnu++20\x1b[m\x1b[K\xe2\x80\x99 [\x1b[01;35m\x1b[K\x1b]8;;https://gcc.gnu.org/onlinedocs/gcc/Warning-Options.html#index-Wc++20-extensions\x07-Wc++20-extensions\x1b]8;;\x07\x1b[m\x1b[K]\n'}
[3.882069] (aurora_core) StderrLine: {'line': b'  485 |     \x1b[01;35m\x1b[K.\x1b[m\x1b[Kx = 2.0f * (Q.w*Q.w - 0.5f + Q.x * Q.x),\n'}
[3.882210] (aurora_core) StderrLine: {'line': b'      |     \x1b[01;35m\x1b[K^\x1b[m\x1b[K\n'}
[3.882350] (aurora_core) StderrLine: {'line': b'\x1b[01m\x1b[K/home/brown/Projects/MiningRobot/autonomy/ros2_workspace/aurora_core_sl/include/base/include/aurora/../nanoslot/FusionMath.h:486:5:\x1b[m\x1b[K \x1b[01;35m\x1b[Kwarning: \x1b[m\x1b[KC++ designated initializers only available with \xe2\x80\x98\x1b[01m\x1b[K-std=c++20\x1b[m\x1b[K\xe2\x80\x99 or \xe2\x80\x98\x1b[01m\x1b[K-std=gnu++20\x1b[m\x1b[K\xe2\x80\x99 [\x1b[01;35m\x1b[K\x1b]8;;https://gcc.gnu.org/onlinedocs/gcc/Warning-Options.html#index-Wc++20-extensions\x07-Wc++20-extensions\x1b]8;;\x07\x1b[m\x1b[K]\n'}
[3.882692] (aurora_core) StderrLine: {'line': b'  486 |     \x1b[01;35m\x1b[K.\x1b[m\x1b[Ky = 2.0f * (Q.x*Q.y + Q.w*Q.z),\n'}
[3.882796] (aurora_core) StderrLine: {'line': b'      |     \x1b[01;35m\x1b[K^\x1b[m\x1b[K\n'}
[3.882886] (aurora_core) StderrLine: {'line': b'\x1b[01m\x1b[K/home/brown/Projects/MiningRobot/autonomy/ros2_workspace/aurora_core_sl/include/base/include/aurora/../nanoslot/FusionMath.h:487:5:\x1b[m\x1b[K \x1b[01;35m\x1b[Kwarning: \x1b[m\x1b[KC++ designated initializers only available with \xe2\x80\x98\x1b[01m\x1b[K-std=c++20\x1b[m\x1b[K\xe2\x80\x99 or \xe2\x80\x98\x1b[01m\x1b[K-std=gnu++20\x1b[m\x1b[K\xe2\x80\x99 [\x1b[01;35m\x1b[K\x1b]8;;https://gcc.gnu.org/onlinedocs/gcc/Warning-Options.html#index-Wc++20-extensions\x07-Wc++20-extensions\x1b]8;;\x07\x1b[m\x1b[K]\n'}
[3.882982] (aurora_core) StderrLine: {'line': b'  487 |     \x1b[01;35m\x1b[K.\x1b[m\x1b[Kz = 2.0f * (Q.x*Q.z - Q.w*Q.y),\n'}
[3.883093] (aurora_core) StderrLine: {'line': b'      |     \x1b[01;35m\x1b[K^\x1b[m\x1b[K\n'}
[3.883195] (aurora_core) StderrLine: {'line': b'\x1b[01m\x1b[K/home/brown/Projects/MiningRobot/autonomy/ros2_workspace/aurora_core_sl/include/base/include/aurora/../nanoslot/FusionMath.h:\x1b[m\x1b[K In function \xe2\x80\x98\x1b[01m\x1b[KFusionVector\x1b[01;32m\x1b[K FusionQuaternionYaxis\x1b[m\x1b[K(FusionQuaternion)\x1b[m\x1b[K\xe2\x80\x99:\n'}
[3.883318] (aurora_core) StderrLine: {'line': b'\x1b[01m\x1b[K/home/brown/Projects/MiningRobot/autonomy/ros2_workspace/aurora_core_sl/include/base/include/aurora/../nanoslot/FusionMath.h:495:34:\x1b[m\x1b[K \x1b[01;35m\x1b[Kwarning: \x1b[m\x1b[KC++ designated initializers only available with \xe2\x80\x98\x1b[01m\x1b[K-std=c++20\x1b[m\x1b[K\xe2\x80\x99 or \xe2\x80\x98\x1b[01m\x1b[K-std=gnu++20\x1b[m\x1b[K\xe2\x80\x99 [\x1b[01;35m\x1b[K\x1b]8;;https://gcc.gnu.org/onlinedocs/gcc/Warning-Options.html#index-Wc++20-extensions\x07-Wc++20-extensions\x1b]8;;\x07\x1b[m\x1b[K]\n'}
[3.883441] (aurora_core) StderrLine: {'line': b'  495 |     const FusionVector result = {\x1b[01;35m\x1b[K.\x1b[m\x1b[Kaxis={\n'}
[3.883556] (aurora_core) StderrLine: {'line': b'      |                                  \x1b[01;35m\x1b[K^\x1b[m\x1b[K\n'}
[3.883666] (aurora_core) StderrLine: {'line': b'\x1b[01m\x1b[K/home/brown/Projects/MiningRobot/autonomy/ros2_workspace/aurora_core_sl/include/base/include/aurora/../nanoslot/FusionMath.h:496:5:\x1b[m\x1b[K \x1b[01;35m\x1b[Kwarning: \x1b[m\x1b[KC++ designated initializers only available with \xe2\x80\x98\x1b[01m\x1b[K-std=c++20\x1b[m\x1b[K\xe2\x80\x99 or \xe2\x80\x98\x1b[01m\x1b[K-std=gnu++20\x1b[m\x1b[K\xe2\x80\x99 [\x1b[01;35m\x1b[K\x1b]8;;https://gcc.gnu.org/onlinedocs/gcc/Warning-Options.html#index-Wc++20-extensions\x07-Wc++20-extensions\x1b]8;;\x07\x1b[m\x1b[K]\n'}
[3.883782] (aurora_core) StderrLine: {'line': b'  496 |     \x1b[01;35m\x1b[K.\x1b[m\x1b[Kx = 2.0f * (Q.x*Q.y - Q.w*Q.z),\n'}
[3.883872] (aurora_core) StderrLine: {'line': b'      |     \x1b[01;35m\x1b[K^\x1b[m\x1b[K\n'}
[3.883968] (aurora_core) StderrLine: {'line': b'\x1b[01m\x1b[K/home/brown/Projects/MiningRobot/autonomy/ros2_workspace/aurora_core_sl/include/base/include/aurora/../nanoslot/FusionMath.h:497:5:\x1b[m\x1b[K \x1b[01;35m\x1b[Kwarning: \x1b[m\x1b[KC++ designated initializers only available with \xe2\x80\x98\x1b[01m\x1b[K-std=c++20\x1b[m\x1b[K\xe2\x80\x99 or \xe2\x80\x98\x1b[01m\x1b[K-std=gnu++20\x1b[m\x1b[K\xe2\x80\x99 [\x1b[01;35m\x1b[K\x1b]8;;https://gcc.gnu.org/onlinedocs/gcc/Warning-Options.html#index-Wc++20-extensions\x07-Wc++20-extensions\x1b]8;;\x07\x1b[m\x1b[K]\n'}
[3.884062] (aurora_core) StderrLine: {'line': b'  497 |     \x1b[01;35m\x1b[K.\x1b[m\x1b[Ky = 2.0f * (Q.w*Q.w - 0.5f + Q.y * Q.y),\n'}
[3.884151] (aurora_core) StderrLine: {'line': b'      |     \x1b[01;35m\x1b[K^\x1b[m\x1b[K\n'}
[3.884239] (aurora_core) StderrLine: {'line': b'\x1b[01m\x1b[K/home/brown/Projects/MiningRobot/autonomy/ros2_workspace/aurora_core_sl/include/base/include/aurora/../nanoslot/FusionMath.h:498:5:\x1b[m\x1b[K \x1b[01;35m\x1b[Kwarning: \x1b[m\x1b[KC++ designated initializers only available with \xe2\x80\x98\x1b[01m\x1b[K-std=c++20\x1b[m\x1b[K\xe2\x80\x99 or \xe2\x80\x98\x1b[01m\x1b[K-std=gnu++20\x1b[m\x1b[K\xe2\x80\x99 [\x1b[01;35m\x1b[K\x1b]8;;https://gcc.gnu.org/onlinedocs/gcc/Warning-Options.html#index-Wc++20-extensions\x07-Wc++20-extensions\x1b]8;;\x07\x1b[m\x1b[K]\n'}
[3.884338] (aurora_core) StderrLine: {'line': b'  498 |     \x1b[01;35m\x1b[K.\x1b[m\x1b[Kz = 2.0f * (Q.y*Q.z + Q.w*Q.x),\n'}
[3.884428] (aurora_core) StderrLine: {'line': b'      |     \x1b[01;35m\x1b[K^\x1b[m\x1b[K\n'}
[3.884516] (aurora_core) StderrLine: {'line': b'\x1b[01m\x1b[K/home/brown/Projects/MiningRobot/autonomy/ros2_workspace/aurora_core_sl/include/base/include/aurora/../nanoslot/FusionMath.h:\x1b[m\x1b[K In function \xe2\x80\x98\x1b[01m\x1b[KFusionVector\x1b[01;32m\x1b[K FusionQuaternionZaxis\x1b[m\x1b[K(FusionQuaternion)\x1b[m\x1b[K\xe2\x80\x99:\n'}
[3.884609] (aurora_core) StderrLine: {'line': b'\x1b[01m\x1b[K/home/brown/Projects/MiningRobot/autonomy/ros2_workspace/aurora_core_sl/include/base/include/aurora/../nanoslot/FusionMath.h:506:34:\x1b[m\x1b[K \x1b[01;35m\x1b[Kwarning: \x1b[m\x1b[KC++ designated initializers only available with \xe2\x80\x98\x1b[01m\x1b[K-std=c++20\x1b[m\x1b[K\xe2\x80\x99 or \xe2\x80\x98\x1b[01m\x1b[K-std=gnu++20\x1b[m\x1b[K\xe2\x80\x99 [\x1b[01;35m\x1b[K\x1b]8;;https://gcc.gnu.org/onlinedocs/gcc/Warning-Options.html#index-Wc++20-extensions\x07-Wc++20-extensions\x1b]8;;\x07\x1b[m\x1b[K]\n'}
[3.884702] (aurora_core) StderrLine: {'line': b'  506 |     const FusionVector result = {\x1b[01;35m\x1b[K.\x1b[m\x1b[Kaxis={\n'}
[3.884791] (aurora_core) StderrLine: {'line': b'      |                                  \x1b[01;35m\x1b[K^\x1b[m\x1b[K\n'}
[3.884880] (aurora_core) StderrLine: {'line': b'\x1b[01m\x1b[K/home/brown/Projects/MiningRobot/autonomy/ros2_workspace/aurora_core_sl/include/base/include/aurora/../nanoslot/FusionMath.h:507:5:\x1b[m\x1b[K \x1b[01;35m\x1b[Kwarning: \x1b[m\x1b[KC++ designated initializers only available with \xe2\x80\x98\x1b[01m\x1b[K-std=c++20\x1b[m\x1b[K\xe2\x80\x99 or \xe2\x80\x98\x1b[01m\x1b[K-std=gnu++20\x1b[m\x1b[K\xe2\x80\x99 [\x1b[01;35m\x1b[K\x1b]8;;https://gcc.gnu.org/onlinedocs/gcc/Warning-Options.html#index-Wc++20-extensions\x07-Wc++20-extensions\x1b]8;;\x07\x1b[m\x1b[K]\n'}
[3.884973] (aurora_core) StderrLine: {'line': b'  507 |     \x1b[01;35m\x1b[K.\x1b[m\x1b[Kx = 2.0f * (Q.x*Q.z + Q.w*Q.y),\n'}
[3.885061] (aurora_core) StderrLine: {'line': b'      |     \x1b[01;35m\x1b[K^\x1b[m\x1b[K\n'}
[3.885149] (aurora_core) StderrLine: {'line': b'\x1b[01m\x1b[K/home/brown/Projects/MiningRobot/autonomy/ros2_workspace/aurora_core_sl/include/base/include/aurora/../nanoslot/FusionMath.h:508:5:\x1b[m\x1b[K \x1b[01;35m\x1b[Kwarning: \x1b[m\x1b[KC++ designated initializers only available with \xe2\x80\x98\x1b[01m\x1b[K-std=c++20\x1b[m\x1b[K\xe2\x80\x99 or \xe2\x80\x98\x1b[01m\x1b[K-std=gnu++20\x1b[m\x1b[K\xe2\x80\x99 [\x1b[01;35m\x1b[K\x1b]8;;https://gcc.gnu.org/onlinedocs/gcc/Warning-Options.html#index-Wc++20-extensions\x07-Wc++20-extensions\x1b]8;;\x07\x1b[m\x1b[K]\n'}
[3.885248] (aurora_core) StderrLine: {'line': b'  508 |     \x1b[01;35m\x1b[K.\x1b[m\x1b[Ky = 2.0f * (Q.y*Q.z - Q.w*Q.x),\n'}
[3.885337] (aurora_core) StderrLine: {'line': b'      |     \x1b[01;35m\x1b[K^\x1b[m\x1b[K\n'}
[3.885426] (aurora_core) StderrLine: {'line': b'\x1b[01m\x1b[K/home/brown/Projects/MiningRobot/autonomy/ros2_workspace/aurora_core_sl/include/base/include/aurora/../nanoslot/FusionMath.h:509:5:\x1b[m\x1b[K \x1b[01;35m\x1b[Kwarning: \x1b[m\x1b[KC++ designated initializers only available with \xe2\x80\x98\x1b[01m\x1b[K-std=c++20\x1b[m\x1b[K\xe2\x80\x99 or \xe2\x80\x98\x1b[01m\x1b[K-std=gnu++20\x1b[m\x1b[K\xe2\x80\x99 [\x1b[01;35m\x1b[K\x1b]8;;https://gcc.gnu.org/onlinedocs/gcc/Warning-Options.html#index-Wc++20-extensions\x07-Wc++20-extensions\x1b]8;;\x07\x1b[m\x1b[K]\n'}
[3.885519] (aurora_core) StderrLine: {'line': b'  509 |     \x1b[01;35m\x1b[K.\x1b[m\x1b[Kz = 2.0f * (Q.w*Q.w - 0.5f + Q.z * Q.z),\n'}
[3.885608] (aurora_core) StderrLine: {'line': b'      |     \x1b[01;35m\x1b[K^\x1b[m\x1b[K\n'}
[3.885728] (aurora_core) StderrLine: {'line': b'\x1b[01m\x1b[K/home/brown/Projects/MiningRobot/autonomy/ros2_workspace/aurora_core_sl/include/base/include/aurora/../nanoslot/FusionMath.h:\x1b[m\x1b[K In function \xe2\x80\x98\x1b[01m\x1b[KFusionMatrix\x1b[01;32m\x1b[K FusionQuaternionToMatrix\x1b[m\x1b[K(FusionQuaternion)\x1b[m\x1b[K\xe2\x80\x99:\n'}
[3.885838] (aurora_core) StderrLine: {'line': b'\x1b[01m\x1b[K/home/brown/Projects/MiningRobot/autonomy/ros2_workspace/aurora_core_sl/include/base/include/aurora/../nanoslot/FusionMath.h:530:34:\x1b[m\x1b[K \x1b[01;35m\x1b[Kwarning: \x1b[m\x1b[KC++ designated initializers only available with \xe2\x80\x98\x1b[01m\x1b[K-std=c++20\x1b[m\x1b[K\xe2\x80\x99 or \xe2\x80\x98\x1b[01m\x1b[K-std=gnu++20\x1b[m\x1b[K\xe2\x80\x99 [\x1b[01;35m\x1b[K\x1b]8;;https://gcc.gnu.org/onlinedocs/gcc/Warning-Options.html#index-Wc++20-extensions\x07-Wc++20-extensions\x1b]8;;\x07\x1b[m\x1b[K]\n'}
[3.885939] (aurora_core) StderrLine: {'line': b'  530 |     const FusionMatrix matrix = {\x1b[01;35m\x1b[K.\x1b[m\x1b[Kelement = {\n'}
[3.886037] (aurora_core) StderrLine: {'line': b'      |                                  \x1b[01;35m\x1b[K^\x1b[m\x1b[K\n'}
[3.886126] (aurora_core) StderrLine: {'line': b'\x1b[01m\x1b[K/home/brown/Projects/MiningRobot/autonomy/ros2_workspace/aurora_core_sl/include/base/include/aurora/../nanoslot/FusionMath.h:531:13:\x1b[m\x1b[K \x1b[01;35m\x1b[Kwarning: \x1b[m\x1b[KC++ designated initializers only available with \xe2\x80\x98\x1b[01m\x1b[K-std=c++20\x1b[m\x1b[K\xe2\x80\x99 or \xe2\x80\x98\x1b[01m\x1b[K-std=gnu++20\x1b[m\x1b[K\xe2\x80\x99 [\x1b[01;35m\x1b[K\x1b]8;;https://gcc.gnu.org/onlinedocs/gcc/Warning-Options.html#index-Wc++20-extensions\x07-Wc++20-extensions\x1b]8;;\x07\x1b[m\x1b[K]\n'}
[3.886220] (aurora_core) StderrLine: {'line': b'  531 |             \x1b[01;35m\x1b[K.\x1b[m\x1b[Kxx = 2.0f * (qwqw - 0.5f + Q.x * Q.x),\n'}
[3.886315] (aurora_core) StderrLine: {'line': b'      |             \x1b[01;35m\x1b[K^\x1b[m\x1b[K\n'}
[3.886405] (aurora_core) StderrLine: {'line': b'\x1b[01m\x1b[K/home/brown/Projects/MiningRobot/autonomy/ros2_workspace/aurora_core_sl/include/base/include/aurora/../nanoslot/FusionMath.h:532:13:\x1b[m\x1b[K \x1b[01;35m\x1b[Kwarning: \x1b[m\x1b[KC++ designated initializers only available with \xe2\x80\x98\x1b[01m\x1b[K-std=c++20\x1b[m\x1b[K\xe2\x80\x99 or \xe2\x80\x98\x1b[01m\x1b[K-std=gnu++20\x1b[m\x1b[K\xe2\x80\x99 [\x1b[01;35m\x1b[K\x1b]8;;https://gcc.gnu.org/onlinedocs/gcc/Warning-Options.html#index-Wc++20-extensions\x07-Wc++20-extensions\x1b]8;;\x07\x1b[m\x1b[K]\n'}
[3.886499] (aurora_core) StderrLine: {'line': b'  532 |             \x1b[01;35m\x1b[K.\x1b[m\x1b[Kxy = 2.0f * (qxqy - qwqz),\n'}
[3.886646] (aurora_core) StderrLine: {'line': b'      |             \x1b[01;35m\x1b[K^\x1b[m\x1b[K\n'}
[3.886739] (aurora_core) StderrLine: {'line': b'\x1b[01m\x1b[K/home/brown/Projects/MiningRobot/autonomy/ros2_workspace/aurora_core_sl/include/base/include/aurora/../nanoslot/FusionMath.h:533:13:\x1b[m\x1b[K \x1b[01;35m\x1b[Kwarning: \x1b[m\x1b[KC++ designated initializers only available with \xe2\x80\x98\x1b[01m\x1b[K-std=c++20\x1b[m\x1b[K\xe2\x80\x99 or \xe2\x80\x98\x1b[01m\x1b[K-std=gnu++20\x1b[m\x1b[K\xe2\x80\x99 [\x1b[01;35m\x1b[K\x1b]8;;https://gcc.gnu.org/onlinedocs/gcc/Warning-Options.html#index-Wc++20-extensions\x07-Wc++20-extensions\x1b]8;;\x07\x1b[m\x1b[K]\n'}
[3.886832] (aurora_core) StderrLine: {'line': b'  533 |             \x1b[01;35m\x1b[K.\x1b[m\x1b[Kxz = 2.0f * (qxqz + qwqy),\n'}
[3.886921] (aurora_core) StderrLine: {'line': b'      |             \x1b[01;35m\x1b[K^\x1b[m\x1b[K\n'}
[3.887009] (aurora_core) StderrLine: {'line': b'\x1b[01m\x1b[K/home/brown/Projects/MiningRobot/autonomy/ros2_workspace/aurora_core_sl/include/base/include/aurora/../nanoslot/FusionMath.h:535:13:\x1b[m\x1b[K \x1b[01;35m\x1b[Kwarning: \x1b[m\x1b[KC++ designated initializers only available with \xe2\x80\x98\x1b[01m\x1b[K-std=c++20\x1b[m\x1b[K\xe2\x80\x99 or \xe2\x80\x98\x1b[01m\x1b[K-std=gnu++20\x1b[m\x1b[K\xe2\x80\x99 [\x1b[01;35m\x1b[K\x1b]8;;https://gcc.gnu.org/onlinedocs/gcc/Warning-Options.html#index-Wc++20-extensions\x07-Wc++20-extensions\x1b]8;;\x07\x1b[m\x1b[K]\n'}
[3.887102] (aurora_core) StderrLine: {'line': b'  535 |             \x1b[01;35m\x1b[K.\x1b[m\x1b[Kyx = 2.0f * (qxqy + qwqz),\n'}
[3.887190] (aurora_core) StderrLine: {'line': b'      |             \x1b[01;35m\x1b[K^\x1b[m\x1b[K\n'}
[3.887279] (aurora_core) StderrLine: {'line': b'\x1b[01m\x1b[K/home/brown/Projects/MiningRobot/autonomy/ros2_workspace/aurora_core_sl/include/base/include/aurora/../nanoslot/FusionMath.h:536:13:\x1b[m\x1b[K \x1b[01;35m\x1b[Kwarning: \x1b[m\x1b[KC++ designated initializers only available with \xe2\x80\x98\x1b[01m\x1b[K-std=c++20\x1b[m\x1b[K\xe2\x80\x99 or \xe2\x80\x98\x1b[01m\x1b[K-std=gnu++20\x1b[m\x1b[K\xe2\x80\x99 [\x1b[01;35m\x1b[K\x1b]8;;https://gcc.gnu.org/onlinedocs/gcc/Warning-Options.html#index-Wc++20-extensions\x07-Wc++20-extensions\x1b]8;;\x07\x1b[m\x1b[K]\n'}
[3.887372] (aurora_core) StderrLine: {'line': b'  536 |             \x1b[01;35m\x1b[K.\x1b[m\x1b[Kyy = 2.0f * (qwqw - 0.5f + Q.y * Q.y),\n'}
[3.887461] (aurora_core) StderrLine: {'line': b'      |             \x1b[01;35m\x1b[K^\x1b[m\x1b[K\n'}
[3.887549] (aurora_core) StderrLine: {'line': b'\x1b[01m\x1b[K/home/brown/Projects/MiningRobot/autonomy/ros2_workspace/aurora_core_sl/include/base/include/aurora/../nanoslot/FusionMath.h:537:13:\x1b[m\x1b[K \x1b[01;35m\x1b[Kwarning: \x1b[m\x1b[KC++ designated initializers only available with \xe2\x80\x98\x1b[01m\x1b[K-std=c++20\x1b[m\x1b[K\xe2\x80\x99 or \xe2\x80\x98\x1b[01m\x1b[K-std=gnu++20\x1b[m\x1b[K\xe2\x80\x99 [\x1b[01;35m\x1b[K\x1b]8;;https://gcc.gnu.org/onlinedocs/gcc/Warning-Options.html#index-Wc++20-extensions\x07-Wc++20-extensions\x1b]8;;\x07\x1b[m\x1b[K]\n'}
[3.887643] (aurora_core) StderrLine: {'line': b'  537 |             \x1b[01;35m\x1b[K.\x1b[m\x1b[Kyz = 2.0f * (qyqz - qwqx),\n'}
[3.887731] (aurora_core) StderrLine: {'line': b'      |             \x1b[01;35m\x1b[K^\x1b[m\x1b[K\n'}
[3.887820] (aurora_core) StderrLine: {'line': b'\x1b[01m\x1b[K/home/brown/Projects/MiningRobot/autonomy/ros2_workspace/aurora_core_sl/include/base/include/aurora/../nanoslot/FusionMath.h:539:13:\x1b[m\x1b[K \x1b[01;35m\x1b[Kwarning: \x1b[m\x1b[KC++ designated initializers only available with \xe2\x80\x98\x1b[01m\x1b[K-std=c++20\x1b[m\x1b[K\xe2\x80\x99 or \xe2\x80\x98\x1b[01m\x1b[K-std=gnu++20\x1b[m\x1b[K\xe2\x80\x99 [\x1b[01;35m\x1b[K\x1b]8;;https://gcc.gnu.org/onlinedocs/gcc/Warning-Options.html#index-Wc++20-extensions\x07-Wc++20-extensions\x1b]8;;\x07\x1b[m\x1b[K]\n'}
[3.887913] (aurora_core) StderrLine: {'line': b'  539 |             \x1b[01;35m\x1b[K.\x1b[m\x1b[Kzx = 2.0f * (qxqz - qwqy),\n'}
[3.888009] (aurora_core) StderrLine: {'line': b'      |             \x1b[01;35m\x1b[K^\x1b[m\x1b[K\n'}
[3.888098] (aurora_core) StderrLine: {'line': b'\x1b[01m\x1b[K/home/brown/Projects/MiningRobot/autonomy/ros2_workspace/aurora_core_sl/include/base/include/aurora/../nanoslot/FusionMath.h:540:13:\x1b[m\x1b[K \x1b[01;35m\x1b[Kwarning: \x1b[m\x1b[KC++ designated initializers only available with \xe2\x80\x98\x1b[01m\x1b[K-std=c++20\x1b[m\x1b[K\xe2\x80\x99 or \xe2\x80\x98\x1b[01m\x1b[K-std=gnu++20\x1b[m\x1b[K\xe2\x80\x99 [\x1b[01;35m\x1b[K\x1b]8;;https://gcc.gnu.org/onlinedocs/gcc/Warning-Options.html#index-Wc++20-extensions\x07-Wc++20-extensions\x1b]8;;\x07\x1b[m\x1b[K]\n'}
[3.888202] (aurora_core) StderrLine: {'line': b'  540 |             \x1b[01;35m\x1b[K.\x1b[m\x1b[Kzy = 2.0f * (qyqz + qwqx),\n'}
[3.888291] (aurora_core) StderrLine: {'line': b'      |             \x1b[01;35m\x1b[K^\x1b[m\x1b[K\n'}
[3.888379] (aurora_core) StderrLine: {'line': b'\x1b[01m\x1b[K/home/brown/Projects/MiningRobot/autonomy/ros2_workspace/aurora_core_sl/include/base/include/aurora/../nanoslot/FusionMath.h:541:13:\x1b[m\x1b[K \x1b[01;35m\x1b[Kwarning: \x1b[m\x1b[KC++ designated initializers only available with \xe2\x80\x98\x1b[01m\x1b[K-std=c++20\x1b[m\x1b[K\xe2\x80\x99 or \xe2\x80\x98\x1b[01m\x1b[K-std=gnu++20\x1b[m\x1b[K\xe2\x80\x99 [\x1b[01;35m\x1b[K\x1b]8;;https://gcc.gnu.org/onlinedocs/gcc/Warning-Options.html#index-Wc++20-extensions\x07-Wc++20-extensions\x1b]8;;\x07\x1b[m\x1b[K]\n'}
[3.888512] (aurora_core) StderrLine: {'line': b'  541 |             \x1b[01;35m\x1b[K.\x1b[m\x1b[Kzz = 2.0f * (qwqw - 0.5f + Q.z * Q.z),\n'}
[3.888605] (aurora_core) StderrLine: {'line': b'      |             \x1b[01;35m\x1b[K^\x1b[m\x1b[K\n'}
[3.888694] (aurora_core) StderrLine: {'line': b'\x1b[01m\x1b[K/home/brown/Projects/MiningRobot/autonomy/ros2_workspace/aurora_core_sl/include/base/include/aurora/../nanoslot/FusionMath.h:\x1b[m\x1b[K In function \xe2\x80\x98\x1b[01m\x1b[KFusionEuler\x1b[01;32m\x1b[K FusionQuaternionToEuler\x1b[m\x1b[K(FusionQuaternion)\x1b[m\x1b[K\xe2\x80\x99:\n'}
[3.888799] (aurora_core) StderrLine: {'line': b'\x1b[01m\x1b[K/home/brown/Projects/MiningRobot/autonomy/ros2_workspace/aurora_core_sl/include/base/include/aurora/../nanoslot/FusionMath.h:555:32:\x1b[m\x1b[K \x1b[01;35m\x1b[Kwarning: \x1b[m\x1b[KC++ designated initializers only available with \xe2\x80\x98\x1b[01m\x1b[K-std=c++20\x1b[m\x1b[K\xe2\x80\x99 or \xe2\x80\x98\x1b[01m\x1b[K-std=gnu++20\x1b[m\x1b[K\xe2\x80\x99 [\x1b[01;35m\x1b[K\x1b]8;;https://gcc.gnu.org/onlinedocs/gcc/Warning-Options.html#index-Wc++20-extensions\x07-Wc++20-extensions\x1b]8;;\x07\x1b[m\x1b[K]\n'}
[3.888894] (aurora_core) StderrLine: {'line': b'  555 |     const FusionEuler euler = {\x1b[01;35m\x1b[K.\x1b[m\x1b[Kangle = {\n'}
[3.888984] (aurora_core) StderrLine: {'line': b'      |                                \x1b[01;35m\x1b[K^\x1b[m\x1b[K\n'}
[3.889073] (aurora_core) StderrLine: {'line': b'\x1b[01m\x1b[K/home/brown/Projects/MiningRobot/autonomy/ros2_workspace/aurora_core_sl/include/base/include/aurora/../nanoslot/FusionMath.h:556:13:\x1b[m\x1b[K \x1b[01;35m\x1b[Kwarning: \x1b[m\x1b[KC++ designated initializers only available with \xe2\x80\x98\x1b[01m\x1b[K-std=c++20\x1b[m\x1b[K\xe2\x80\x99 or \xe2\x80\x98\x1b[01m\x1b[K-std=gnu++20\x1b[m\x1b[K\xe2\x80\x99 [\x1b[01;35m\x1b[K\x1b]8;;https://gcc.gnu.org/onlinedocs/gcc/Warning-Options.html#index-Wc++20-extensions\x07-Wc++20-extensions\x1b]8;;\x07\x1b[m\x1b[K]\n'}
[3.889165] (aurora_core) StderrLine: {'line': b'  556 |             \x1b[01;35m\x1b[K.\x1b[m\x1b[Kroll = FusionRadiansToDegrees(atan2f(Q.w * Q.x + Q.y * Q.z, halfMinusQySquared - Q.x * Q.x)),\n'}
[3.889256] (aurora_core) StderrLine: {'line': b'      |             \x1b[01;35m\x1b[K^\x1b[m\x1b[K\n'}
[3.889344] (aurora_core) StderrLine: {'line': b'\x1b[01m\x1b[K/home/brown/Projects/MiningRobot/autonomy/ros2_workspace/aurora_core_sl/include/base/include/aurora/../nanoslot/FusionMath.h:557:13:\x1b[m\x1b[K \x1b[01;35m\x1b[Kwarning: \x1b[m\x1b[KC++ designated initializers only available with \xe2\x80\x98\x1b[01m\x1b[K-std=c++20\x1b[m\x1b[K\xe2\x80\x99 or \xe2\x80\x98\x1b[01m\x1b[K-std=gnu++20\x1b[m\x1b[K\xe2\x80\x99 [\x1b[01;35m\x1b[K\x1b]8;;https://gcc.gnu.org/onlinedocs/gcc/Warning-Options.html#index-Wc++20-extensions\x07-Wc++20-extensions\x1b]8;;\x07\x1b[m\x1b[K]\n'}
[3.889445] (aurora_core) StderrLine: {'line': b'  557 |             \x1b[01;35m\x1b[K.\x1b[m\x1b[Kpitch = FusionRadiansToDegrees(FusionAsin(2.0f * (Q.w * Q.y - Q.z * Q.x))),\n'}
[3.889535] (aurora_core) StderrLine: {'line': b'      |             \x1b[01;35m\x1b[K^\x1b[m\x1b[K\n'}
[3.889623] (aurora_core) StderrLine: {'line': b'\x1b[01m\x1b[K/home/brown/Projects/MiningRobot/autonomy/ros2_workspace/aurora_core_sl/include/base/include/aurora/../nanoslot/FusionMath.h:558:13:\x1b[m\x1b[K \x1b[01;35m\x1b[Kwarning: \x1b[m\x1b[KC++ designated initializers only available with \xe2\x80\x98\x1b[01m\x1b[K-std=c++20\x1b[m\x1b[K\xe2\x80\x99 or \xe2\x80\x98\x1b[01m\x1b[K-std=gnu++20\x1b[m\x1b[K\xe2\x80\x99 [\x1b[01;35m\x1b[K\x1b]8;;https://gcc.gnu.org/onlinedocs/gcc/Warning-Options.html#index-Wc++20-extensions\x07-Wc++20-extensions\x1b]8;;\x07\x1b[m\x1b[K]\n'}
[3.889717] (aurora_core) StderrLine: {'line': b'  558 |             \x1b[01;35m\x1b[K.\x1b[m\x1b[Kyaw = FusionRadiansToDegrees(atan2f(Q.w * Q.z + Q.x * Q.y, halfMinusQySquared - Q.z * Q.z)),\n'}
[3.889807] (aurora_core) StderrLine: {'line': b'      |             \x1b[01;35m\x1b[K^\x1b[m\x1b[K\n'}
[3.915125] (-) TimerEvent: {}
[4.015533] (-) TimerEvent: {}
[4.115893] (-) TimerEvent: {}
[4.216655] (-) TimerEvent: {}
[4.317040] (-) TimerEvent: {}
[4.417388] (-) TimerEvent: {}
[4.517727] (-) TimerEvent: {}
[4.618061] (-) TimerEvent: {}
[4.718413] (-) TimerEvent: {}
[4.818799] (-) TimerEvent: {}
[4.919134] (-) TimerEvent: {}
[5.019478] (-) TimerEvent: {}
[5.119831] (-) TimerEvent: {}
[5.136030] (aurora_core) StdoutLine: {'line': b'[100%] \x1b[32m\x1b[1mLinking CXX executable aurora_node_core\x1b[0m\n'}
[5.219976] (-) TimerEvent: {}
[5.320362] (-) TimerEvent: {}
[5.420715] (-) TimerEvent: {}
[5.521107] (-) TimerEvent: {}
[5.621478] (-) TimerEvent: {}
[5.721850] (-) TimerEvent: {}
[5.822246] (-) TimerEvent: {}
[5.922608] (-) TimerEvent: {}
[6.023054] (-) TimerEvent: {}
[6.123465] (-) TimerEvent: {}
[6.223868] (-) TimerEvent: {}
[6.324290] (-) TimerEvent: {}
[6.424699] (-) TimerEvent: {}
[6.525087] (-) TimerEvent: {}
[6.625486] (-) TimerEvent: {}
[6.727678] (-) TimerEvent: {}
[6.828117] (-) TimerEvent: {}
[6.928552] (-) TimerEvent: {}
[7.028946] (-) TimerEvent: {}
[7.075013] (aurora_core) StdoutLine: {'line': b'[100%] Built target aurora_node_core\n'}
[7.087303] (aurora_core) CommandEnded: {'returncode': 0}
[7.129033] (-) TimerEvent: {}
[7.168790] (aurora_core) JobProgress: {'identifier': 'aurora_core', 'progress': 'install'}
[7.179100] (aurora_core) Command: {'cmd': ['/usr/bin/cmake', '--install', '/home/brown/Projects/MiningRobot/autonomy/ros2_workspace/build/aurora_core'], 'cwd': '/home/brown/Projects/MiningRobot/autonomy/ros2_workspace/build/aurora_core', 'env': OrderedDict([('SHELL', '/bin/bash'), ('ROS_VERSION', '2'), ('WINDOWID', '1'), ('COLORTERM', 'truecolor'), ('XDG_CONFIG_DIRS', '/home/brown/.config/kdedefaults:/etc/xdg'), ('KGLOBALACCELD_PLATFORM', 'org.kde.kwin'), ('TERM_PROGRAM_VERSION', '3.3a'), ('TMUX', '/tmp/tmux-1000/default,1806,0'), ('PKG_CONFIG_PATH', '/opt/ros/humble/lib/pkgconfig'), ('ROS_PYTHON_VERSION', '3'), ('LANGUAGE', ''), ('SHELL_SESSION_ID', 'adab33755f16428db603933a933b68e7'), ('MEMORY_PRESSURE_WRITE', 'c29tZSAyMDAwMDAgMjAwMDAwMAA='), ('XCURSOR_SIZE', '24'), ('EDITOR', '/usr/bin/nvim'), ('XDG_SEAT', 'seat0'), ('PWD', '/home/brown/Projects/MiningRobot/autonomy/ros2_workspace/build/aurora_core'), ('LOGNAME', 'brown'), ('XDG_SESSION_TYPE', 'wayland'), ('SYSTEMD_EXEC_PID', '506'), ('XAUTHORITY', '/run/user/1000/xauth_qwjjoz'), ('MOTD_SHOWN', 'pam'), ('HOME', '/home/brown'), ('LANG', 'C.UTF-8'), ('XDG_CURRENT_DESKTOP', 'KDE'), ('KONSOLE_DBUS_SERVICE', ':1.86'), ('MEMORY_PRESSURE_WATCH', '/sys/fs/cgroup/user.slice/user-1000.slice/user@1000.service/session.slice/plasma-kwin_wayland.service/memory.pressure'), ('WAYLAND_DISPLAY', 'wayland-0'), ('KONSOLE_DBUS_SESSION', '/Sessions/2'), ('PROFILEHOME', ''), ('AMENT_PREFIX_PATH', '/home/brown/Projects/MiningRobot/autonomy/ros2_workspace/install/aurora_core:/home/brown/Projects/MiningRobot/autonomy/ros2_workspace/install/ros2_ouster:/home/brown/Projects/MiningRobot/autonomy/ros2_workspace/install/perception_pcl:/home/brown/Projects/MiningRobot/autonomy/ros2_workspace/install/pcl_ros:/home/brown/Projects/MiningRobot/autonomy/ros2_workspace/install/pcl_conversions:/home/brown/Projects/MiningRobot/autonomy/ros2_workspace/install/pcl_msgs:/home/brown/Projects/MiningRobot/autonomy/ros2_workspace/install/ouster_msgs:/opt/ros/humble'), ('CMAKE_PREFIX_PATH', '/home/brown/Projects/MiningRobot/autonomy/ros2_workspace/install/ros2_ouster:/home/brown/Projects/MiningRobot/autonomy/ros2_workspace/install/pcl_conversions:/home/brown/Projects/MiningRobot/autonomy/ros2_workspace/install/pcl_msgs:/home/brown/Projects/MiningRobot/autonomy/ros2_workspace/install/ouster_msgs:/home/brown/Projects/MiningRobot/autonomy/ros2_workspace/install/aurora_core:/home/brown/Projects/MiningRobot/autonomy/ros2_workspace/install/perception_pcl:/home/brown/Projects/MiningRobot/autonomy/ros2_workspace/install/pcl_ros:/opt/ros/humble'), ('COLCON_PREFIX_PATH', '/home/brown/Projects/MiningRobot/autonomy/ros2_workspace/install:/opt/ros/humble'), ('INVOCATION_ID', '0451ff8a5b7f45339296dc187b8cbfb5'), ('KONSOLE_VERSION', '230801'), ('MANAGERPID', '465'), ('KDE_SESSION_UID', '1000'), ('XDG_ACTIVATION_TOKEN', 'kwin-2'), ('XDG_SESSION_CLASS', 'user'), ('PYTHONPATH', '/home/brown/Projects/MiningRobot/autonomy/ros2_workspace/install/pcl_msgs/lib/python3.11/site-packages:/home/brown/Projects/MiningRobot/autonomy/ros2_workspace/install/ouster_msgs/lib/python3.11/site-packages:/home/brown/.cache/yay/ros2-humble/src/install/lib/python3.11/dist-packages:/opt/ros/humble/lib/python3.11/site-packages'), ('COLCON', '1'), ('TERM', 'xterm-256color'), ('USER', 'brown'), ('TMUX_PANE', '%9'), ('CUDA_PATH', '/opt/cuda'), ('COLORFGBG', '15;0'), ('PLASMA_USE_QT_SCALING', '1'), ('KDE_SESSION_VERSION', '5'), ('QT_WAYLAND_FORCE_DPI', '96'), ('DISPLAY', ':0'), ('SHLVL', '3'), ('XDG_VTNR', '1'), ('XDG_SESSION_ID', '1'), ('LD_LIBRARY_PATH', '/home/brown/Projects/MiningRobot/autonomy/ros2_workspace/install/ros2_ouster/lib:/home/brown/Projects/MiningRobot/autonomy/ros2_workspace/install/pcl_msgs/lib:/home/brown/Projects/MiningRobot/autonomy/ros2_workspace/install/ouster_msgs/lib:/home/brown/Projects/MiningRobot/autonomy/ros2_workspace/install/pcl_ros/lib:/opt/ros/humble/opt/yaml_cpp_vendor/lib:/opt/ros/humble/opt/rviz_ogre_vendor/lib:/opt/ros/humble/lib'), ('XDG_RUNTIME_DIR', '/run/user/1000'), ('ROS_LOCALHOST_ONLY', '0'), ('DEBUGINFOD_URLS', 'https://debuginfod.archlinux.org'), ('QT_AUTO_SCREEN_SCALE_FACTOR', '0'), ('JOURNAL_STREAM', '8:14885'), ('XCURSOR_THEME', 'breeze_cursors'), ('XDG_DATA_DIRS', '/home/brown/.local/share/flatpak/exports/share:/var/lib/flatpak/exports/share:/usr/local/share/:/usr/share/'), ('KDE_FULL_SESSION', 'true'), ('QSG_RENDER_LOOP', 'basic'), ('PATH', '/opt/ros/humble/bin:/home/brown/.local/bin:/home/brown/.local/bin:/home/brown/.local/bin:/usr/local/sbin:/usr/local/bin:/usr/bin:/opt/cuda/bin:/opt/cuda/nsight_compute:/opt/cuda/nsight_systems/bin:/var/lib/flatpak/exports/bin:/usr/lib/jvm/default/bin:/usr/bin/site_perl:/usr/bin/vendor_perl:/usr/bin/core_perl:/opt/cuda/bin:/opt/cuda/nsight_compute:/opt/cuda/nsight_systems/bin'), ('DBUS_SESSION_BUS_ADDRESS', 'unix:path=/run/user/1000/bus'), ('KDE_APPLICATIONS_AS_SCOPE', '1'), ('MAIL', '/var/spool/mail/brown'), ('ROS_DISTRO', 'humble'), ('OLDPWD', '/home/brown'), ('TERM_PROGRAM', 'tmux'), ('KONSOLE_DBUS_WINDOW', '/Windows/1'), ('_', '/usr/bin/env')]), 'shell': False}
[7.189507] (aurora_core) StdoutLine: {'line': b'-- Install configuration: ""\n'}
[7.191599] (aurora_core) StdoutLine: {'line': b'-- Installing: /home/brown/Projects/MiningRobot/autonomy/ros2_workspace/install/aurora_core/lib/aurora_core/aurora_node_core\n'}
[7.193738] (aurora_core) StdoutLine: {'line': b'-- Set runtime path of "/home/brown/Projects/MiningRobot/autonomy/ros2_workspace/install/aurora_core/lib/aurora_core/aurora_node_core" to ""\n'}
[7.193977] (aurora_core) StdoutLine: {'line': b'-- Up-to-date: /home/brown/Projects/MiningRobot/autonomy/ros2_workspace/install/aurora_core/share/ament_index/resource_index/package_run_dependencies/aurora_core\n'}
[7.194226] (aurora_core) StdoutLine: {'line': b'-- Up-to-date: /home/brown/Projects/MiningRobot/autonomy/ros2_workspace/install/aurora_core/share/ament_index/resource_index/parent_prefix_path/aurora_core\n'}
[7.194445] (aurora_core) StdoutLine: {'line': b'-- Up-to-date: /home/brown/Projects/MiningRobot/autonomy/ros2_workspace/install/aurora_core/share/aurora_core/environment/ament_prefix_path.sh\n'}
[7.194655] (aurora_core) StdoutLine: {'line': b'-- Up-to-date: /home/brown/Projects/MiningRobot/autonomy/ros2_workspace/install/aurora_core/share/aurora_core/environment/ament_prefix_path.dsv\n'}
[7.194798] (aurora_core) StdoutLine: {'line': b'-- Up-to-date: /home/brown/Projects/MiningRobot/autonomy/ros2_workspace/install/aurora_core/share/aurora_core/environment/path.sh\n'}
[7.194939] (aurora_core) StdoutLine: {'line': b'-- Up-to-date: /home/brown/Projects/MiningRobot/autonomy/ros2_workspace/install/aurora_core/share/aurora_core/environment/path.dsv\n'}
[7.195092] (aurora_core) StdoutLine: {'line': b'-- Up-to-date: /home/brown/Projects/MiningRobot/autonomy/ros2_workspace/install/aurora_core/share/aurora_core/local_setup.bash\n'}
[7.195244] (aurora_core) StdoutLine: {'line': b'-- Up-to-date: /home/brown/Projects/MiningRobot/autonomy/ros2_workspace/install/aurora_core/share/aurora_core/local_setup.sh\n'}
[7.195390] (aurora_core) StdoutLine: {'line': b'-- Up-to-date: /home/brown/Projects/MiningRobot/autonomy/ros2_workspace/install/aurora_core/share/aurora_core/local_setup.zsh\n'}
[7.195601] (aurora_core) StdoutLine: {'line': b'-- Up-to-date: /home/brown/Projects/MiningRobot/autonomy/ros2_workspace/install/aurora_core/share/aurora_core/local_setup.dsv\n'}
[7.195741] (aurora_core) StdoutLine: {'line': b'-- Installing: /home/brown/Projects/MiningRobot/autonomy/ros2_workspace/install/aurora_core/share/aurora_core/package.dsv\n'}
[7.195879] (aurora_core) StdoutLine: {'line': b'-- Up-to-date: /home/brown/Projects/MiningRobot/autonomy/ros2_workspace/install/aurora_core/share/ament_index/resource_index/packages/aurora_core\n'}
[7.196019] (aurora_core) StdoutLine: {'line': b'-- Up-to-date: /home/brown/Projects/MiningRobot/autonomy/ros2_workspace/install/aurora_core/share/aurora_core/cmake/aurora_coreConfig.cmake\n'}
[7.196158] (aurora_core) StdoutLine: {'line': b'-- Up-to-date: /home/brown/Projects/MiningRobot/autonomy/ros2_workspace/install/aurora_core/share/aurora_core/cmake/aurora_coreConfig-version.cmake\n'}
[7.196331] (aurora_core) StdoutLine: {'line': b'-- Up-to-date: /home/brown/Projects/MiningRobot/autonomy/ros2_workspace/install/aurora_core/share/aurora_core/package.xml\n'}
[7.197339] (aurora_core) CommandEnded: {'returncode': 0}
[7.235519] (-) TimerEvent: {}
[7.341517] (-) TimerEvent: {}
[7.443672] (-) TimerEvent: {}
[7.544043] (-) TimerEvent: {}
[7.567357] (aurora_core) JobEnded: {'identifier': 'aurora_core', 'rc': 0}
[7.577706] (-) EventReactorShutdown: {}
