[0.000000] (-) TimerEvent: {}
[0.000415] (-) JobUnselected: {'identifier': 'ouster_msgs'}
[0.000636] (-) JobUnselected: {'identifier': 'pcl_conversions'}
[0.000772] (-) JobUnselected: {'identifier': 'pcl_msgs'}
[0.000894] (-) JobUnselected: {'identifier': 'pcl_ros'}
[0.001001] (-) JobUnselected: {'identifier': 'perception_pcl'}
[0.001094] (-) JobUnselected: {'identifier': 'ros2_ouster'}
[0.001162] (aurora_core) JobQueued: {'identifier': 'aurora_core', 'dependencies': OrderedDict([('ouster_msgs', '/home/brown/Projects/MiningRobot/ros2_workspace/install/ouster_msgs'), ('pcl_msgs', '/home/brown/Projects/MiningRobot/ros2_workspace/install/pcl_msgs'), ('pcl_conversions', '/home/brown/Projects/MiningRobot/ros2_workspace/install/pcl_conversions'), ('ros2_ouster', '/home/brown/Projects/MiningRobot/ros2_workspace/install/ros2_ouster')])}
[0.001293] (aurora_core) JobStarted: {'identifier': 'aurora_core'}
[0.088083] (-) TimerEvent: {}
[0.190483] (-) TimerEvent: {}
[0.294560] (-) TimerEvent: {}
[0.395056] (-) TimerEvent: {}
[0.496506] (-) TimerEvent: {}
[0.605637] (-) TimerEvent: {}
[0.632291] (aurora_core) JobProgress: {'identifier': 'aurora_core', 'progress': 'cmake'}
[0.638159] (aurora_core) JobProgress: {'identifier': 'aurora_core', 'progress': 'build'}
[0.641999] (aurora_core) Command: {'cmd': ['/usr/bin/cmake', '--build', '/home/brown/Projects/MiningRobot/ros2_workspace/build/aurora_core', '--', '-j4', '-l4'], 'cwd': '/home/brown/Projects/MiningRobot/ros2_workspace/build/aurora_core', 'env': OrderedDict([('SHELL', '/bin/bash'), ('ROS_VERSION', '2'), ('WINDOWID', '1'), ('COLORTERM', 'truecolor'), ('XDG_CONFIG_DIRS', '/home/brown/.config/kdedefaults:/etc/xdg'), ('KGLOBALACCELD_PLATFORM', 'org.kde.kwin'), ('TERM_PROGRAM_VERSION', '3.3a'), ('TMUX', '/tmp/tmux-1000/default,1806,0'), ('PKG_CONFIG_PATH', '/opt/ros/humble/lib/pkgconfig'), ('ROS_PYTHON_VERSION', '3'), ('LANGUAGE', ''), ('SHELL_SESSION_ID', 'adab33755f16428db603933a933b68e7'), ('MEMORY_PRESSURE_WRITE', 'c29tZSAyMDAwMDAgMjAwMDAwMAA='), ('XCURSOR_SIZE', '24'), ('EDITOR', '/usr/bin/nvim'), ('XDG_SEAT', 'seat0'), ('PWD', '/home/brown/Projects/MiningRobot/ros2_workspace/build/aurora_core'), ('LOGNAME', 'brown'), ('XDG_SESSION_TYPE', 'wayland'), ('SYSTEMD_EXEC_PID', '506'), ('XAUTHORITY', '/run/user/1000/xauth_qwjjoz'), ('MOTD_SHOWN', 'pam'), ('HOME', '/home/brown'), ('LANG', 'C.UTF-8'), ('XDG_CURRENT_DESKTOP', 'KDE'), ('KONSOLE_DBUS_SERVICE', ':1.86'), ('MEMORY_PRESSURE_WATCH', '/sys/fs/cgroup/user.slice/user-1000.slice/user@1000.service/session.slice/plasma-kwin_wayland.service/memory.pressure'), ('WAYLAND_DISPLAY', 'wayland-0'), ('KONSOLE_DBUS_SESSION', '/Sessions/2'), ('PROFILEHOME', ''), ('AMENT_PREFIX_PATH', '/home/brown/Projects/MiningRobot/ros2_workspace/install/aurora_core:/home/brown/Projects/MiningRobot/ros2_workspace/install/ros2_ouster:/home/brown/Projects/MiningRobot/ros2_workspace/install/perception_pcl:/home/brown/Projects/MiningRobot/ros2_workspace/install/pcl_ros:/home/brown/Projects/MiningRobot/ros2_workspace/install/pcl_conversions:/home/brown/Projects/MiningRobot/ros2_workspace/install/pcl_msgs:/home/brown/Projects/MiningRobot/ros2_workspace/install/ouster_msgs:/opt/ros/humble'), ('CMAKE_PREFIX_PATH', '/home/brown/Projects/MiningRobot/ros2_workspace/install/ros2_ouster:/home/brown/Projects/MiningRobot/ros2_workspace/install/pcl_conversions:/home/brown/Projects/MiningRobot/ros2_workspace/install/pcl_msgs:/home/brown/Projects/MiningRobot/ros2_workspace/install/ouster_msgs:/home/brown/Projects/MiningRobot/ros2_workspace/install/aurora_core:/home/brown/Projects/MiningRobot/ros2_workspace/install/perception_pcl:/home/brown/Projects/MiningRobot/ros2_workspace/install/pcl_ros:/opt/ros/humble'), ('COLCON_PREFIX_PATH', '/home/brown/Projects/MiningRobot/ros2_workspace/install:/opt/ros/humble'), ('INVOCATION_ID', '0451ff8a5b7f45339296dc187b8cbfb5'), ('KONSOLE_VERSION', '230801'), ('MANAGERPID', '465'), ('KDE_SESSION_UID', '1000'), ('XDG_ACTIVATION_TOKEN', 'kwin-2'), ('XDG_SESSION_CLASS', 'user'), ('PYTHONPATH', '/home/brown/Projects/MiningRobot/ros2_workspace/install/pcl_msgs/lib/python3.11/site-packages:/home/brown/Projects/MiningRobot/ros2_workspace/install/ouster_msgs/lib/python3.11/site-packages:/home/brown/.cache/yay/ros2-humble/src/install/lib/python3.11/dist-packages:/opt/ros/humble/lib/python3.11/site-packages'), ('COLCON', '1'), ('TERM', 'xterm-256color'), ('USER', 'brown'), ('TMUX_PANE', '%6'), ('CUDA_PATH', '/opt/cuda'), ('COLORFGBG', '15;0'), ('PLASMA_USE_QT_SCALING', '1'), ('KDE_SESSION_VERSION', '5'), ('QT_WAYLAND_FORCE_DPI', '96'), ('DISPLAY', ':0'), ('SHLVL', '3'), ('XDG_VTNR', '1'), ('XDG_SESSION_ID', '1'), ('LD_LIBRARY_PATH', '/home/brown/Projects/MiningRobot/ros2_workspace/install/ros2_ouster/lib:/home/brown/Projects/MiningRobot/ros2_workspace/install/pcl_msgs/lib:/home/brown/Projects/MiningRobot/ros2_workspace/install/ouster_msgs/lib:/home/brown/Projects/MiningRobot/ros2_workspace/install/pcl_ros/lib:/opt/ros/humble/opt/yaml_cpp_vendor/lib:/opt/ros/humble/opt/rviz_ogre_vendor/lib:/opt/ros/humble/lib'), ('XDG_RUNTIME_DIR', '/run/user/1000'), ('ROS_LOCALHOST_ONLY', '0'), ('DEBUGINFOD_URLS', 'https://debuginfod.archlinux.org'), ('QT_AUTO_SCREEN_SCALE_FACTOR', '0'), ('JOURNAL_STREAM', '8:14885'), ('XCURSOR_THEME', 'breeze_cursors'), ('XDG_DATA_DIRS', '/home/brown/.local/share/flatpak/exports/share:/var/lib/flatpak/exports/share:/usr/local/share/:/usr/share/'), ('KDE_FULL_SESSION', 'true'), ('QSG_RENDER_LOOP', 'basic'), ('PATH', '/opt/ros/humble/bin:/home/brown/.local/bin:/home/brown/.local/bin:/home/brown/.local/bin:/usr/local/sbin:/usr/local/bin:/usr/bin:/opt/cuda/bin:/opt/cuda/nsight_compute:/opt/cuda/nsight_systems/bin:/var/lib/flatpak/exports/bin:/usr/lib/jvm/default/bin:/usr/bin/site_perl:/usr/bin/vendor_perl:/usr/bin/core_perl:/opt/cuda/bin:/opt/cuda/nsight_compute:/opt/cuda/nsight_systems/bin'), ('DBUS_SESSION_BUS_ADDRESS', 'unix:path=/run/user/1000/bus'), ('KDE_APPLICATIONS_AS_SCOPE', '1'), ('MAIL', '/var/spool/mail/brown'), ('ROS_DISTRO', 'humble'), ('OLDPWD', '/home/brown/Projects/MiningRobot/autonomy/lunabug'), ('TERM_PROGRAM', 'tmux'), ('KONSOLE_DBUS_WINDOW', '/Windows/1'), ('_', '/usr/bin/env')]), 'shell': False}
[0.709252] (-) TimerEvent: {}
[0.809962] (-) TimerEvent: {}
[0.911558] (-) TimerEvent: {}
[0.969631] (aurora_core) StdoutLine: {'line': b'[ 50%] \x1b[32mBuilding CXX object CMakeFiles/aurora_node_core.dir/src/aurora_node_core.cpp.o\x1b[0m\n'}
[1.011852] (-) TimerEvent: {}
[1.112814] (-) TimerEvent: {}
[1.213631] (-) TimerEvent: {}
[1.314436] (-) TimerEvent: {}
[1.415569] (-) TimerEvent: {}
[1.516865] (-) TimerEvent: {}
[1.618811] (-) TimerEvent: {}
[1.722882] (-) TimerEvent: {}
[1.823921] (-) TimerEvent: {}
[1.925360] (-) TimerEvent: {}
[2.026433] (-) TimerEvent: {}
[2.127430] (-) TimerEvent: {}
[2.228117] (-) TimerEvent: {}
[2.329645] (-) TimerEvent: {}
[2.431167] (-) TimerEvent: {}
[2.531962] (-) TimerEvent: {}
[2.632712] (-) TimerEvent: {}
[2.736051] (-) TimerEvent: {}
[2.836571] (-) TimerEvent: {}
[2.937573] (-) TimerEvent: {}
[3.039436] (-) TimerEvent: {}
[3.140667] (-) TimerEvent: {}
[3.242160] (-) TimerEvent: {}
[3.343091] (-) TimerEvent: {}
[3.444586] (-) TimerEvent: {}
[3.545423] (-) TimerEvent: {}
[3.646502] (-) TimerEvent: {}
[3.748299] (-) TimerEvent: {}
[3.852420] (-) TimerEvent: {}
[3.952855] (-) TimerEvent: {}
[4.053280] (-) TimerEvent: {}
[4.153694] (-) TimerEvent: {}
[4.254172] (-) TimerEvent: {}
[4.354516] (-) TimerEvent: {}
[4.454849] (-) TimerEvent: {}
[4.555869] (-) TimerEvent: {}
[4.656638] (-) TimerEvent: {}
[4.757430] (-) TimerEvent: {}
[4.858168] (-) TimerEvent: {}
[4.958958] (-) TimerEvent: {}
[5.059720] (-) TimerEvent: {}
[5.160336] (-) TimerEvent: {}
[5.260969] (-) TimerEvent: {}
[5.361574] (-) TimerEvent: {}
[5.462016] (-) TimerEvent: {}
[5.562669] (-) TimerEvent: {}
[5.663482] (-) TimerEvent: {}
[5.764079] (-) TimerEvent: {}
[5.864773] (-) TimerEvent: {}
[5.965580] (-) TimerEvent: {}
[6.066233] (-) TimerEvent: {}
[6.166848] (-) TimerEvent: {}
[6.267452] (-) TimerEvent: {}
[6.368371] (-) TimerEvent: {}
[6.469093] (-) TimerEvent: {}
[6.570090] (-) TimerEvent: {}
[6.670758] (-) TimerEvent: {}
[6.771306] (-) TimerEvent: {}
[6.871789] (-) TimerEvent: {}
[6.972322] (-) TimerEvent: {}
[7.073009] (-) TimerEvent: {}
[7.175157] (-) TimerEvent: {}
[7.275691] (-) TimerEvent: {}
[7.376043] (-) TimerEvent: {}
[7.477638] (-) TimerEvent: {}
[7.578607] (-) TimerEvent: {}
[7.679183] (-) TimerEvent: {}
[7.779790] (-) TimerEvent: {}
[7.880377] (-) TimerEvent: {}
[7.980960] (-) TimerEvent: {}
[8.081674] (-) TimerEvent: {}
[8.182638] (-) TimerEvent: {}
[8.285417] (-) TimerEvent: {}
[8.386172] (-) TimerEvent: {}
[8.486815] (-) TimerEvent: {}
[8.588036] (-) TimerEvent: {}
[8.688723] (-) TimerEvent: {}
[8.790836] (-) TimerEvent: {}
[8.893531] (-) TimerEvent: {}
[8.996222] (-) TimerEvent: {}
[9.099263] (-) TimerEvent: {}
[9.200546] (-) TimerEvent: {}
[9.302340] (-) TimerEvent: {}
[9.403178] (-) TimerEvent: {}
[9.504181] (-) TimerEvent: {}
[9.605198] (-) TimerEvent: {}
[9.707100] (-) TimerEvent: {}
[9.808538] (-) TimerEvent: {}
[9.910854] (-) TimerEvent: {}
[10.015761] (-) TimerEvent: {}
[10.117377] (-) TimerEvent: {}
[10.220370] (-) TimerEvent: {}
[10.324985] (-) TimerEvent: {}
[10.425803] (-) TimerEvent: {}
[10.526717] (-) TimerEvent: {}
[10.627594] (-) TimerEvent: {}
[10.729872] (-) TimerEvent: {}
[10.832245] (-) TimerEvent: {}
[10.933399] (-) TimerEvent: {}
[11.034535] (-) TimerEvent: {}
[11.140567] (-) TimerEvent: {}
[11.241790] (-) TimerEvent: {}
[11.343846] (-) TimerEvent: {}
[11.448572] (-) TimerEvent: {}
[11.551506] (-) TimerEvent: {}
[11.653100] (-) TimerEvent: {}
[11.755655] (-) TimerEvent: {}
[11.867641] (-) TimerEvent: {}
[11.970442] (-) TimerEvent: {}
[12.074699] (-) TimerEvent: {}
[12.180602] (-) TimerEvent: {}
[12.288863] (-) TimerEvent: {}
[12.389811] (-) TimerEvent: {}
[12.490888] (-) TimerEvent: {}
[12.591810] (-) TimerEvent: {}
[12.693467] (-) TimerEvent: {}
[12.795115] (-) TimerEvent: {}
[12.896027] (-) TimerEvent: {}
[12.998099] (-) TimerEvent: {}
[13.006690] (aurora_core) StdoutLine: {'line': b'[100%] \x1b[32m\x1b[1mLinking CXX executable aurora_node_core\x1b[0m\n'}
[13.098313] (-) TimerEvent: {}
[13.199349] (-) TimerEvent: {}
[13.301322] (-) TimerEvent: {}
[13.402328] (-) TimerEvent: {}
[13.504278] (-) TimerEvent: {}
[13.604870] (-) TimerEvent: {}
[13.705558] (-) TimerEvent: {}
[13.806534] (-) TimerEvent: {}
[13.908231] (-) TimerEvent: {}
[14.009116] (-) TimerEvent: {}
[14.110137] (-) TimerEvent: {}
[14.211127] (-) TimerEvent: {}
[14.312094] (-) TimerEvent: {}
[14.413073] (-) TimerEvent: {}
[14.513966] (-) TimerEvent: {}
[14.614651] (-) TimerEvent: {}
[14.715083] (-) TimerEvent: {}
[14.815501] (-) TimerEvent: {}
[14.915927] (-) TimerEvent: {}
[15.016426] (-) TimerEvent: {}
[15.117080] (-) TimerEvent: {}
[15.217439] (-) TimerEvent: {}
[15.317930] (-) TimerEvent: {}
[15.418385] (-) TimerEvent: {}
[15.518753] (-) TimerEvent: {}
[15.619307] (-) TimerEvent: {}
[15.719670] (-) TimerEvent: {}
[15.820084] (-) TimerEvent: {}
[15.920448] (-) TimerEvent: {}
[16.020850] (-) TimerEvent: {}
[16.121248] (-) TimerEvent: {}
[16.221638] (-) TimerEvent: {}
[16.322003] (-) TimerEvent: {}
[16.422377] (-) TimerEvent: {}
[16.431377] (aurora_core) StdoutLine: {'line': b'[100%] Built target aurora_node_core\n'}
[16.451593] (aurora_core) CommandEnded: {'returncode': 0}
[16.522500] (-) TimerEvent: {}
[16.566792] (aurora_core) JobProgress: {'identifier': 'aurora_core', 'progress': 'install'}
[16.584326] (aurora_core) Command: {'cmd': ['/usr/bin/cmake', '--install', '/home/brown/Projects/MiningRobot/ros2_workspace/build/aurora_core'], 'cwd': '/home/brown/Projects/MiningRobot/ros2_workspace/build/aurora_core', 'env': OrderedDict([('SHELL', '/bin/bash'), ('ROS_VERSION', '2'), ('WINDOWID', '1'), ('COLORTERM', 'truecolor'), ('XDG_CONFIG_DIRS', '/home/brown/.config/kdedefaults:/etc/xdg'), ('KGLOBALACCELD_PLATFORM', 'org.kde.kwin'), ('TERM_PROGRAM_VERSION', '3.3a'), ('TMUX', '/tmp/tmux-1000/default,1806,0'), ('PKG_CONFIG_PATH', '/opt/ros/humble/lib/pkgconfig'), ('ROS_PYTHON_VERSION', '3'), ('LANGUAGE', ''), ('SHELL_SESSION_ID', 'adab33755f16428db603933a933b68e7'), ('MEMORY_PRESSURE_WRITE', 'c29tZSAyMDAwMDAgMjAwMDAwMAA='), ('XCURSOR_SIZE', '24'), ('EDITOR', '/usr/bin/nvim'), ('XDG_SEAT', 'seat0'), ('PWD', '/home/brown/Projects/MiningRobot/ros2_workspace/build/aurora_core'), ('LOGNAME', 'brown'), ('XDG_SESSION_TYPE', 'wayland'), ('SYSTEMD_EXEC_PID', '506'), ('XAUTHORITY', '/run/user/1000/xauth_qwjjoz'), ('MOTD_SHOWN', 'pam'), ('HOME', '/home/brown'), ('LANG', 'C.UTF-8'), ('XDG_CURRENT_DESKTOP', 'KDE'), ('KONSOLE_DBUS_SERVICE', ':1.86'), ('MEMORY_PRESSURE_WATCH', '/sys/fs/cgroup/user.slice/user-1000.slice/user@1000.service/session.slice/plasma-kwin_wayland.service/memory.pressure'), ('WAYLAND_DISPLAY', 'wayland-0'), ('KONSOLE_DBUS_SESSION', '/Sessions/2'), ('PROFILEHOME', ''), ('AMENT_PREFIX_PATH', '/home/brown/Projects/MiningRobot/ros2_workspace/install/aurora_core:/home/brown/Projects/MiningRobot/ros2_workspace/install/ros2_ouster:/home/brown/Projects/MiningRobot/ros2_workspace/install/perception_pcl:/home/brown/Projects/MiningRobot/ros2_workspace/install/pcl_ros:/home/brown/Projects/MiningRobot/ros2_workspace/install/pcl_conversions:/home/brown/Projects/MiningRobot/ros2_workspace/install/pcl_msgs:/home/brown/Projects/MiningRobot/ros2_workspace/install/ouster_msgs:/opt/ros/humble'), ('CMAKE_PREFIX_PATH', '/home/brown/Projects/MiningRobot/ros2_workspace/install/ros2_ouster:/home/brown/Projects/MiningRobot/ros2_workspace/install/pcl_conversions:/home/brown/Projects/MiningRobot/ros2_workspace/install/pcl_msgs:/home/brown/Projects/MiningRobot/ros2_workspace/install/ouster_msgs:/home/brown/Projects/MiningRobot/ros2_workspace/install/aurora_core:/home/brown/Projects/MiningRobot/ros2_workspace/install/perception_pcl:/home/brown/Projects/MiningRobot/ros2_workspace/install/pcl_ros:/opt/ros/humble'), ('COLCON_PREFIX_PATH', '/home/brown/Projects/MiningRobot/ros2_workspace/install:/opt/ros/humble'), ('INVOCATION_ID', '0451ff8a5b7f45339296dc187b8cbfb5'), ('KONSOLE_VERSION', '230801'), ('MANAGERPID', '465'), ('KDE_SESSION_UID', '1000'), ('XDG_ACTIVATION_TOKEN', 'kwin-2'), ('XDG_SESSION_CLASS', 'user'), ('PYTHONPATH', '/home/brown/Projects/MiningRobot/ros2_workspace/install/pcl_msgs/lib/python3.11/site-packages:/home/brown/Projects/MiningRobot/ros2_workspace/install/ouster_msgs/lib/python3.11/site-packages:/home/brown/.cache/yay/ros2-humble/src/install/lib/python3.11/dist-packages:/opt/ros/humble/lib/python3.11/site-packages'), ('COLCON', '1'), ('TERM', 'xterm-256color'), ('USER', 'brown'), ('TMUX_PANE', '%6'), ('CUDA_PATH', '/opt/cuda'), ('COLORFGBG', '15;0'), ('PLASMA_USE_QT_SCALING', '1'), ('KDE_SESSION_VERSION', '5'), ('QT_WAYLAND_FORCE_DPI', '96'), ('DISPLAY', ':0'), ('SHLVL', '3'), ('XDG_VTNR', '1'), ('XDG_SESSION_ID', '1'), ('LD_LIBRARY_PATH', '/home/brown/Projects/MiningRobot/ros2_workspace/install/ros2_ouster/lib:/home/brown/Projects/MiningRobot/ros2_workspace/install/pcl_msgs/lib:/home/brown/Projects/MiningRobot/ros2_workspace/install/ouster_msgs/lib:/home/brown/Projects/MiningRobot/ros2_workspace/install/pcl_ros/lib:/opt/ros/humble/opt/yaml_cpp_vendor/lib:/opt/ros/humble/opt/rviz_ogre_vendor/lib:/opt/ros/humble/lib'), ('XDG_RUNTIME_DIR', '/run/user/1000'), ('ROS_LOCALHOST_ONLY', '0'), ('DEBUGINFOD_URLS', 'https://debuginfod.archlinux.org'), ('QT_AUTO_SCREEN_SCALE_FACTOR', '0'), ('JOURNAL_STREAM', '8:14885'), ('XCURSOR_THEME', 'breeze_cursors'), ('XDG_DATA_DIRS', '/home/brown/.local/share/flatpak/exports/share:/var/lib/flatpak/exports/share:/usr/local/share/:/usr/share/'), ('KDE_FULL_SESSION', 'true'), ('QSG_RENDER_LOOP', 'basic'), ('PATH', '/opt/ros/humble/bin:/home/brown/.local/bin:/home/brown/.local/bin:/home/brown/.local/bin:/usr/local/sbin:/usr/local/bin:/usr/bin:/opt/cuda/bin:/opt/cuda/nsight_compute:/opt/cuda/nsight_systems/bin:/var/lib/flatpak/exports/bin:/usr/lib/jvm/default/bin:/usr/bin/site_perl:/usr/bin/vendor_perl:/usr/bin/core_perl:/opt/cuda/bin:/opt/cuda/nsight_compute:/opt/cuda/nsight_systems/bin'), ('DBUS_SESSION_BUS_ADDRESS', 'unix:path=/run/user/1000/bus'), ('KDE_APPLICATIONS_AS_SCOPE', '1'), ('MAIL', '/var/spool/mail/brown'), ('ROS_DISTRO', 'humble'), ('OLDPWD', '/home/brown/Projects/MiningRobot/autonomy/lunabug'), ('TERM_PROGRAM', 'tmux'), ('KONSOLE_DBUS_WINDOW', '/Windows/1'), ('_', '/usr/bin/env')]), 'shell': False}
[16.599594] (aurora_core) StdoutLine: {'line': b'-- Install configuration: ""\n'}
[16.600485] (aurora_core) StdoutLine: {'line': b'-- Installing: /home/brown/Projects/MiningRobot/ros2_workspace/install/aurora_core/lib/aurora_core/aurora_node_core\n'}
[16.602364] (aurora_core) StdoutLine: {'line': b'-- Set runtime path of "/home/brown/Projects/MiningRobot/ros2_workspace/install/aurora_core/lib/aurora_core/aurora_node_core" to ""\n'}
[16.604224] (aurora_core) StdoutLine: {'line': b'-- Up-to-date: /home/brown/Projects/MiningRobot/ros2_workspace/install/aurora_core/share/ament_index/resource_index/package_run_dependencies/aurora_core\n'}
[16.604644] (aurora_core) StdoutLine: {'line': b'-- Up-to-date: /home/brown/Projects/MiningRobot/ros2_workspace/install/aurora_core/share/ament_index/resource_index/parent_prefix_path/aurora_core\n'}
[16.604883] (aurora_core) StdoutLine: {'line': b'-- Up-to-date: /home/brown/Projects/MiningRobot/ros2_workspace/install/aurora_core/share/aurora_core/environment/ament_prefix_path.sh\n'}
[16.605695] (aurora_core) StdoutLine: {'line': b'-- Up-to-date: /home/brown/Projects/MiningRobot/ros2_workspace/install/aurora_core/share/aurora_core/environment/ament_prefix_path.dsv\n'}
[16.606077] (aurora_core) StdoutLine: {'line': b'-- Up-to-date: /home/brown/Projects/MiningRobot/ros2_workspace/install/aurora_core/share/aurora_core/environment/path.sh\n'}
[16.606333] (aurora_core) StdoutLine: {'line': b'-- Up-to-date: /home/brown/Projects/MiningRobot/ros2_workspace/install/aurora_core/share/aurora_core/environment/path.dsv\n'}
[16.606529] (aurora_core) StdoutLine: {'line': b'-- Up-to-date: /home/brown/Projects/MiningRobot/ros2_workspace/install/aurora_core/share/aurora_core/local_setup.bash\n'}
[16.606737] (aurora_core) StdoutLine: {'line': b'-- Up-to-date: /home/brown/Projects/MiningRobot/ros2_workspace/install/aurora_core/share/aurora_core/local_setup.sh\n'}
[16.606917] (aurora_core) StdoutLine: {'line': b'-- Up-to-date: /home/brown/Projects/MiningRobot/ros2_workspace/install/aurora_core/share/aurora_core/local_setup.zsh\n'}
[16.607067] (aurora_core) StdoutLine: {'line': b'-- Up-to-date: /home/brown/Projects/MiningRobot/ros2_workspace/install/aurora_core/share/aurora_core/local_setup.dsv\n'}
[16.607661] (aurora_core) StdoutLine: {'line': b'-- Installing: /home/brown/Projects/MiningRobot/ros2_workspace/install/aurora_core/share/aurora_core/package.dsv\n'}
[16.608125] (aurora_core) StdoutLine: {'line': b'-- Up-to-date: /home/brown/Projects/MiningRobot/ros2_workspace/install/aurora_core/share/ament_index/resource_index/packages/aurora_core\n'}
[16.608323] (aurora_core) StdoutLine: {'line': b'-- Up-to-date: /home/brown/Projects/MiningRobot/ros2_workspace/install/aurora_core/share/aurora_core/cmake/aurora_coreConfig.cmake\n'}
[16.608537] (aurora_core) StdoutLine: {'line': b'-- Up-to-date: /home/brown/Projects/MiningRobot/ros2_workspace/install/aurora_core/share/aurora_core/cmake/aurora_coreConfig-version.cmake\n'}
[16.610386] (aurora_core) StdoutLine: {'line': b'-- Up-to-date: /home/brown/Projects/MiningRobot/ros2_workspace/install/aurora_core/share/aurora_core/package.xml\n'}
[16.611125] (aurora_core) CommandEnded: {'returncode': 0}
[16.622639] (-) TimerEvent: {}
[16.723327] (-) TimerEvent: {}
[16.823678] (-) TimerEvent: {}
[16.924465] (-) TimerEvent: {}
[17.025044] (-) TimerEvent: {}
[17.054912] (aurora_core) JobEnded: {'identifier': 'aurora_core', 'rc': 0}
[17.056158] (-) EventReactorShutdown: {}
