[0.000000] (-) TimerEvent: {}
[0.000687] (-) JobUnselected: {'identifier': 'ouster_msgs'}
[0.001288] (-) JobUnselected: {'identifier': 'pcl_conversions'}
[0.001576] (-) JobUnselected: {'identifier': 'pcl_msgs'}
[0.001707] (-) JobUnselected: {'identifier': 'pcl_ros'}
[0.001789] (-) JobUnselected: {'identifier': 'perception_pcl'}
[0.001931] (-) JobUnselected: {'identifier': 'ros2_ouster'}
[0.002036] (aurora_core) JobQueued: {'identifier': 'aurora_core', 'dependencies': OrderedDict([('ouster_msgs', '/home/brown/Projects/MiningRobot/ros2_workspace/install/ouster_msgs'), ('pcl_msgs', '/home/brown/Projects/MiningRobot/ros2_workspace/install/pcl_msgs'), ('pcl_conversions', '/home/brown/Projects/MiningRobot/ros2_workspace/install/pcl_conversions'), ('ros2_ouster', '/home/brown/Projects/MiningRobot/ros2_workspace/install/ros2_ouster')])}
[0.002205] (aurora_core) JobStarted: {'identifier': 'aurora_core'}
[0.099966] (-) TimerEvent: {}
[0.200368] (-) TimerEvent: {}
[0.225806] (aurora_core) JobProgress: {'identifier': 'aurora_core', 'progress': 'cmake'}
[0.227498] (aurora_core) JobProgress: {'identifier': 'aurora_core', 'progress': 'build'}
[0.228857] (aurora_core) Command: {'cmd': ['/usr/bin/cmake', '--build', '/home/brown/Projects/MiningRobot/ros2_workspace/build/aurora_core', '--', '-j4', '-l4'], 'cwd': '/home/brown/Projects/MiningRobot/ros2_workspace/build/aurora_core', 'env': OrderedDict([('SHELL', '/bin/bash'), ('ROS_VERSION', '2'), ('WINDOWID', '1'), ('COLORTERM', 'truecolor'), ('XDG_CONFIG_DIRS', '/home/brown/.config/kdedefaults:/etc/xdg'), ('KGLOBALACCELD_PLATFORM', 'org.kde.kwin'), ('TERM_PROGRAM_VERSION', '3.3a'), ('TMUX', '/tmp/tmux-1000/default,1806,0'), ('PKG_CONFIG_PATH', '/opt/ros/humble/lib/pkgconfig'), ('ROS_PYTHON_VERSION', '3'), ('LANGUAGE', ''), ('SHELL_SESSION_ID', 'adab33755f16428db603933a933b68e7'), ('MEMORY_PRESSURE_WRITE', 'c29tZSAyMDAwMDAgMjAwMDAwMAA='), ('XCURSOR_SIZE', '24'), ('EDITOR', '/usr/bin/nvim'), ('XDG_SEAT', 'seat0'), ('PWD', '/home/brown/Projects/MiningRobot/ros2_workspace/build/aurora_core'), ('LOGNAME', 'brown'), ('XDG_SESSION_TYPE', 'wayland'), ('SYSTEMD_EXEC_PID', '506'), ('XAUTHORITY', '/run/user/1000/xauth_qwjjoz'), ('MOTD_SHOWN', 'pam'), ('HOME', '/home/brown'), ('LANG', 'C.UTF-8'), ('XDG_CURRENT_DESKTOP', 'KDE'), ('KONSOLE_DBUS_SERVICE', ':1.86'), ('MEMORY_PRESSURE_WATCH', '/sys/fs/cgroup/user.slice/user-1000.slice/user@1000.service/session.slice/plasma-kwin_wayland.service/memory.pressure'), ('WAYLAND_DISPLAY', 'wayland-0'), ('KONSOLE_DBUS_SESSION', '/Sessions/2'), ('PROFILEHOME', ''), ('AMENT_PREFIX_PATH', '/home/brown/Projects/MiningRobot/ros2_workspace/install/aurora_core:/home/brown/Projects/MiningRobot/ros2_workspace/install/ros2_ouster:/home/brown/Projects/MiningRobot/ros2_workspace/install/perception_pcl:/home/brown/Projects/MiningRobot/ros2_workspace/install/pcl_ros:/home/brown/Projects/MiningRobot/ros2_workspace/install/pcl_conversions:/home/brown/Projects/MiningRobot/ros2_workspace/install/pcl_msgs:/home/brown/Projects/MiningRobot/ros2_workspace/install/ouster_msgs:/opt/ros/humble'), ('CMAKE_PREFIX_PATH', '/home/brown/Projects/MiningRobot/ros2_workspace/install/ros2_ouster:/home/brown/Projects/MiningRobot/ros2_workspace/install/pcl_conversions:/home/brown/Projects/MiningRobot/ros2_workspace/install/pcl_msgs:/home/brown/Projects/MiningRobot/ros2_workspace/install/ouster_msgs:/home/brown/Projects/MiningRobot/ros2_workspace/install/aurora_core:/home/brown/Projects/MiningRobot/ros2_workspace/install/perception_pcl:/home/brown/Projects/MiningRobot/ros2_workspace/install/pcl_ros:/opt/ros/humble'), ('COLCON_PREFIX_PATH', '/home/brown/Projects/MiningRobot/ros2_workspace/install:/opt/ros/humble'), ('INVOCATION_ID', '0451ff8a5b7f45339296dc187b8cbfb5'), ('KONSOLE_VERSION', '230801'), ('MANAGERPID', '465'), ('KDE_SESSION_UID', '1000'), ('XDG_ACTIVATION_TOKEN', 'kwin-2'), ('XDG_SESSION_CLASS', 'user'), ('PYTHONPATH', '/home/brown/Projects/MiningRobot/ros2_workspace/install/pcl_msgs/lib/python3.11/site-packages:/home/brown/Projects/MiningRobot/ros2_workspace/install/ouster_msgs/lib/python3.11/site-packages:/home/brown/.cache/yay/ros2-humble/src/install/lib/python3.11/dist-packages:/opt/ros/humble/lib/python3.11/site-packages'), ('COLCON', '1'), ('TERM', 'xterm-256color'), ('USER', 'brown'), ('TMUX_PANE', '%6'), ('CUDA_PATH', '/opt/cuda'), ('COLORFGBG', '15;0'), ('PLASMA_USE_QT_SCALING', '1'), ('KDE_SESSION_VERSION', '5'), ('QT_WAYLAND_FORCE_DPI', '96'), ('DISPLAY', ':0'), ('SHLVL', '3'), ('XDG_VTNR', '1'), ('XDG_SESSION_ID', '1'), ('LD_LIBRARY_PATH', '/home/brown/Projects/MiningRobot/ros2_workspace/install/ros2_ouster/lib:/home/brown/Projects/MiningRobot/ros2_workspace/install/pcl_msgs/lib:/home/brown/Projects/MiningRobot/ros2_workspace/install/ouster_msgs/lib:/home/brown/Projects/MiningRobot/ros2_workspace/install/pcl_ros/lib:/opt/ros/humble/opt/yaml_cpp_vendor/lib:/opt/ros/humble/opt/rviz_ogre_vendor/lib:/opt/ros/humble/lib'), ('XDG_RUNTIME_DIR', '/run/user/1000'), ('ROS_LOCALHOST_ONLY', '0'), ('DEBUGINFOD_URLS', 'https://debuginfod.archlinux.org'), ('QT_AUTO_SCREEN_SCALE_FACTOR', '0'), ('JOURNAL_STREAM', '8:14885'), ('XCURSOR_THEME', 'breeze_cursors'), ('XDG_DATA_DIRS', '/home/brown/.local/share/flatpak/exports/share:/var/lib/flatpak/exports/share:/usr/local/share/:/usr/share/'), ('KDE_FULL_SESSION', 'true'), ('QSG_RENDER_LOOP', 'basic'), ('PATH', '/opt/ros/humble/bin:/home/brown/.local/bin:/home/brown/.local/bin:/home/brown/.local/bin:/usr/local/sbin:/usr/local/bin:/usr/bin:/opt/cuda/bin:/opt/cuda/nsight_compute:/opt/cuda/nsight_systems/bin:/var/lib/flatpak/exports/bin:/usr/lib/jvm/default/bin:/usr/bin/site_perl:/usr/bin/vendor_perl:/usr/bin/core_perl:/opt/cuda/bin:/opt/cuda/nsight_compute:/opt/cuda/nsight_systems/bin'), ('DBUS_SESSION_BUS_ADDRESS', 'unix:path=/run/user/1000/bus'), ('KDE_APPLICATIONS_AS_SCOPE', '1'), ('MAIL', '/var/spool/mail/brown'), ('ROS_DISTRO', 'humble'), ('OLDPWD', '/home/brown/Projects/MiningRobot/autonomy/lunabug'), ('TERM_PROGRAM', 'tmux'), ('KONSOLE_DBUS_WINDOW', '/Windows/1'), ('_', '/usr/bin/env')]), 'shell': False}
[0.300559] (-) TimerEvent: {}
[0.401134] (-) TimerEvent: {}
[0.410274] (aurora_core) StdoutLine: {'line': b'[ 50%] \x1b[32mBuilding CXX object CMakeFiles/aurora_node_core.dir/src/aurora_node_core.cpp.o\x1b[0m\n'}
[0.501269] (-) TimerEvent: {}
[0.601680] (-) TimerEvent: {}
[0.702271] (-) TimerEvent: {}
[0.805008] (-) TimerEvent: {}
[0.905582] (-) TimerEvent: {}
[1.006125] (-) TimerEvent: {}
[1.106906] (-) TimerEvent: {}
[1.207450] (-) TimerEvent: {}
[1.308487] (-) TimerEvent: {}
[1.409042] (-) TimerEvent: {}
[1.509784] (-) TimerEvent: {}
[1.612528] (-) TimerEvent: {}
[1.713108] (-) TimerEvent: {}
[1.814568] (-) TimerEvent: {}
[1.915087] (-) TimerEvent: {}
[2.015539] (-) TimerEvent: {}
[2.116095] (-) TimerEvent: {}
[2.216704] (-) TimerEvent: {}
[2.317278] (-) TimerEvent: {}
[2.417778] (-) TimerEvent: {}
[2.518895] (-) TimerEvent: {}
[2.621988] (-) TimerEvent: {}
[2.722956] (-) TimerEvent: {}
[2.825169] (-) TimerEvent: {}
[2.929973] (-) TimerEvent: {}
[3.030724] (-) TimerEvent: {}
[3.131693] (-) TimerEvent: {}
[3.233260] (-) TimerEvent: {}
[3.334050] (-) TimerEvent: {}
[3.434590] (-) TimerEvent: {}
[3.543045] (-) TimerEvent: {}
[3.644703] (-) TimerEvent: {}
[3.746697] (-) TimerEvent: {}
[3.848989] (-) TimerEvent: {}
[3.954706] (-) TimerEvent: {}
[4.055959] (-) TimerEvent: {}
[4.166764] (-) TimerEvent: {}
[4.269021] (-) TimerEvent: {}
[4.370372] (-) TimerEvent: {}
[4.471133] (-) TimerEvent: {}
[4.572294] (-) TimerEvent: {}
[4.673039] (-) TimerEvent: {}
[4.773534] (-) TimerEvent: {}
[4.874805] (-) TimerEvent: {}
[4.975606] (-) TimerEvent: {}
[5.083382] (-) TimerEvent: {}
[5.185956] (-) TimerEvent: {}
[5.288013] (-) TimerEvent: {}
[5.388489] (-) TimerEvent: {}
[5.488955] (-) TimerEvent: {}
[5.589431] (-) TimerEvent: {}
[5.689857] (-) TimerEvent: {}
[5.790839] (-) TimerEvent: {}
[5.891350] (-) TimerEvent: {}
[5.991872] (-) TimerEvent: {}
[6.092442] (-) TimerEvent: {}
[6.193632] (-) TimerEvent: {}
[6.295523] (-) TimerEvent: {}
[6.396103] (-) TimerEvent: {}
[6.496881] (-) TimerEvent: {}
[6.597438] (-) TimerEvent: {}
[6.700286] (-) TimerEvent: {}
[6.801074] (-) TimerEvent: {}
[6.901885] (-) TimerEvent: {}
[7.002466] (-) TimerEvent: {}
[7.102969] (-) TimerEvent: {}
[7.204170] (-) TimerEvent: {}
[7.306754] (-) TimerEvent: {}
[7.411775] (-) TimerEvent: {}
[7.512565] (-) TimerEvent: {}
[7.613830] (-) TimerEvent: {}
[7.714507] (-) TimerEvent: {}
[7.816572] (-) TimerEvent: {}
[7.917730] (-) TimerEvent: {}
[8.018645] (-) TimerEvent: {}
[8.119698] (-) TimerEvent: {}
[8.222680] (-) TimerEvent: {}
[8.324467] (-) TimerEvent: {}
[8.430833] (-) TimerEvent: {}
[8.534039] (-) TimerEvent: {}
[8.634852] (-) TimerEvent: {}
[8.735964] (-) TimerEvent: {}
[8.840033] (-) TimerEvent: {}
[8.943313] (-) TimerEvent: {}
[9.044273] (-) TimerEvent: {}
[9.145012] (-) TimerEvent: {}
[9.247084] (-) TimerEvent: {}
[9.332437] (aurora_core) StderrLine: {'line': b'\x1b[01m\x1b[K/home/brown/Projects/MiningRobot/ros2_workspace/src/aurora_core/src/aurora_node_core.cpp:\x1b[m\x1b[K In function \xe2\x80\x98\x1b[01m\x1b[Kint\x1b[01;32m\x1b[K main\x1b[m\x1b[K(int, char**)\x1b[m\x1b[K\xe2\x80\x99:\n'}
[9.333110] (aurora_core) StderrLine: {'line': b'\x1b[01m\x1b[K/home/brown/Projects/MiningRobot/ros2_workspace/src/aurora_core/src/aurora_node_core.cpp:120:14:\x1b[m\x1b[K \x1b[01;35m\x1b[Kwarning: \x1b[m\x1b[Kvariable \xe2\x80\x98\x1b[01m\x1b[Kwrites\x1b[m\x1b[K\xe2\x80\x99 set but not used [\x1b[01;35m\x1b[K\x1b]8;;https://gcc.gnu.org/onlinedocs/gcc/Warning-Options.html#index-Wunused-but-set-variable\x07-Wunused-but-set-variable\x1b]8;;\x07\x1b[m\x1b[K]\n'}
[9.333549] (aurora_core) StderrLine: {'line': b'  120 |         bool \x1b[01;35m\x1b[Kwrites\x1b[m\x1b[K=false;\n'}
[9.333758] (aurora_core) StderrLine: {'line': b'      |              \x1b[01;35m\x1b[K^~~~~~\x1b[m\x1b[K\n'}
[9.347250] (-) TimerEvent: {}
[9.451189] (-) TimerEvent: {}
[9.552181] (-) TimerEvent: {}
[9.654333] (-) TimerEvent: {}
[9.755249] (-) TimerEvent: {}
[9.856896] (-) TimerEvent: {}
[9.957728] (-) TimerEvent: {}
[10.058669] (-) TimerEvent: {}
[10.159645] (-) TimerEvent: {}
[10.260663] (-) TimerEvent: {}
[10.361808] (-) TimerEvent: {}
[10.463008] (-) TimerEvent: {}
[10.564083] (-) TimerEvent: {}
[10.664959] (-) TimerEvent: {}
[10.765684] (-) TimerEvent: {}
[10.867119] (-) TimerEvent: {}
[10.968262] (-) TimerEvent: {}
[11.069061] (-) TimerEvent: {}
[11.169970] (-) TimerEvent: {}
[11.272705] (-) TimerEvent: {}
[11.373431] (-) TimerEvent: {}
[11.474340] (-) TimerEvent: {}
[11.575262] (-) TimerEvent: {}
[11.676071] (-) TimerEvent: {}
[11.777963] (-) TimerEvent: {}
[11.881080] (-) TimerEvent: {}
[11.987526] (-) TimerEvent: {}
[12.089791] (-) TimerEvent: {}
[12.193943] (-) TimerEvent: {}
[12.300997] (-) TimerEvent: {}
[12.403953] (-) TimerEvent: {}
[12.508708] (-) TimerEvent: {}
[12.609686] (-) TimerEvent: {}
[12.710456] (-) TimerEvent: {}
[12.812445] (-) TimerEvent: {}
[12.913414] (-) TimerEvent: {}
[13.015414] (-) TimerEvent: {}
[13.116877] (-) TimerEvent: {}
[13.218304] (-) TimerEvent: {}
[13.319179] (-) TimerEvent: {}
[13.421037] (-) TimerEvent: {}
[13.522470] (-) TimerEvent: {}
[13.623929] (-) TimerEvent: {}
[13.724689] (-) TimerEvent: {}
[13.826347] (-) TimerEvent: {}
[13.929175] (-) TimerEvent: {}
[14.030027] (-) TimerEvent: {}
[14.132169] (-) TimerEvent: {}
[14.234652] (-) TimerEvent: {}
[14.335667] (-) TimerEvent: {}
[14.437987] (-) TimerEvent: {}
[14.538853] (-) TimerEvent: {}
[14.639676] (-) TimerEvent: {}
[14.740510] (-) TimerEvent: {}
[14.842588] (-) TimerEvent: {}
[14.944485] (-) TimerEvent: {}
[15.045295] (-) TimerEvent: {}
[15.146352] (-) TimerEvent: {}
[15.251969] (-) TimerEvent: {}
[15.354317] (-) TimerEvent: {}
[15.363322] (aurora_core) StdoutLine: {'line': b'[100%] \x1b[32m\x1b[1mLinking CXX executable aurora_node_core\x1b[0m\n'}
[15.459572] (-) TimerEvent: {}
[15.568676] (-) TimerEvent: {}
[15.672822] (-) TimerEvent: {}
[15.774802] (-) TimerEvent: {}
[15.875562] (-) TimerEvent: {}
[15.977071] (-) TimerEvent: {}
[16.079828] (-) TimerEvent: {}
[16.183391] (-) TimerEvent: {}
[16.284828] (-) TimerEvent: {}
[16.386828] (-) TimerEvent: {}
[16.488114] (-) TimerEvent: {}
[16.588782] (-) TimerEvent: {}
[16.689388] (-) TimerEvent: {}
[16.790596] (-) TimerEvent: {}
[16.891735] (-) TimerEvent: {}
[16.992794] (-) TimerEvent: {}
[17.094414] (-) TimerEvent: {}
[17.196954] (-) TimerEvent: {}
[17.298227] (-) TimerEvent: {}
[17.400158] (-) TimerEvent: {}
[17.501040] (-) TimerEvent: {}
[17.601872] (-) TimerEvent: {}
[17.702872] (-) TimerEvent: {}
[17.803573] (-) TimerEvent: {}
[17.904450] (-) TimerEvent: {}
[18.005186] (-) TimerEvent: {}
[18.106579] (-) TimerEvent: {}
[18.207519] (-) TimerEvent: {}
[18.308529] (-) TimerEvent: {}
[18.409744] (-) TimerEvent: {}
[18.510924] (-) TimerEvent: {}
[18.612348] (-) TimerEvent: {}
[18.714654] (-) TimerEvent: {}
[18.817420] (-) TimerEvent: {}
[18.919041] (-) TimerEvent: {}
[19.020544] (-) TimerEvent: {}
[19.121246] (-) TimerEvent: {}
[19.222141] (-) TimerEvent: {}
[19.322792] (-) TimerEvent: {}
[19.423886] (-) TimerEvent: {}
[19.524709] (-) TimerEvent: {}
[19.625610] (-) TimerEvent: {}
[19.726672] (-) TimerEvent: {}
[19.828592] (-) TimerEvent: {}
[19.929571] (-) TimerEvent: {}
[20.030482] (-) TimerEvent: {}
[20.131306] (-) TimerEvent: {}
[20.232251] (-) TimerEvent: {}
[20.333779] (-) TimerEvent: {}
[20.434939] (-) TimerEvent: {}
[20.536607] (-) TimerEvent: {}
[20.637688] (-) TimerEvent: {}
[20.738735] (-) TimerEvent: {}
[20.839556] (-) TimerEvent: {}
[20.940354] (-) TimerEvent: {}
[21.041350] (-) TimerEvent: {}
[21.142186] (-) TimerEvent: {}
[21.243104] (-) TimerEvent: {}
[21.344074] (-) TimerEvent: {}
[21.446679] (-) TimerEvent: {}
[21.548786] (-) TimerEvent: {}
[21.609788] (aurora_core) StdoutLine: {'line': b'[100%] Built target aurora_node_core\n'}
[21.646940] (aurora_core) CommandEnded: {'returncode': 0}
[21.650161] (-) TimerEvent: {}
[21.753254] (-) TimerEvent: {}
[21.859631] (aurora_core) JobProgress: {'identifier': 'aurora_core', 'progress': 'install'}
[21.860330] (-) TimerEvent: {}
[21.890925] (aurora_core) Command: {'cmd': ['/usr/bin/cmake', '--install', '/home/brown/Projects/MiningRobot/ros2_workspace/build/aurora_core'], 'cwd': '/home/brown/Projects/MiningRobot/ros2_workspace/build/aurora_core', 'env': OrderedDict([('SHELL', '/bin/bash'), ('ROS_VERSION', '2'), ('WINDOWID', '1'), ('COLORTERM', 'truecolor'), ('XDG_CONFIG_DIRS', '/home/brown/.config/kdedefaults:/etc/xdg'), ('KGLOBALACCELD_PLATFORM', 'org.kde.kwin'), ('TERM_PROGRAM_VERSION', '3.3a'), ('TMUX', '/tmp/tmux-1000/default,1806,0'), ('PKG_CONFIG_PATH', '/opt/ros/humble/lib/pkgconfig'), ('ROS_PYTHON_VERSION', '3'), ('LANGUAGE', ''), ('SHELL_SESSION_ID', 'adab33755f16428db603933a933b68e7'), ('MEMORY_PRESSURE_WRITE', 'c29tZSAyMDAwMDAgMjAwMDAwMAA='), ('XCURSOR_SIZE', '24'), ('EDITOR', '/usr/bin/nvim'), ('XDG_SEAT', 'seat0'), ('PWD', '/home/brown/Projects/MiningRobot/ros2_workspace/build/aurora_core'), ('LOGNAME', 'brown'), ('XDG_SESSION_TYPE', 'wayland'), ('SYSTEMD_EXEC_PID', '506'), ('XAUTHORITY', '/run/user/1000/xauth_qwjjoz'), ('MOTD_SHOWN', 'pam'), ('HOME', '/home/brown'), ('LANG', 'C.UTF-8'), ('XDG_CURRENT_DESKTOP', 'KDE'), ('KONSOLE_DBUS_SERVICE', ':1.86'), ('MEMORY_PRESSURE_WATCH', '/sys/fs/cgroup/user.slice/user-1000.slice/user@1000.service/session.slice/plasma-kwin_wayland.service/memory.pressure'), ('WAYLAND_DISPLAY', 'wayland-0'), ('KONSOLE_DBUS_SESSION', '/Sessions/2'), ('PROFILEHOME', ''), ('AMENT_PREFIX_PATH', '/home/brown/Projects/MiningRobot/ros2_workspace/install/aurora_core:/home/brown/Projects/MiningRobot/ros2_workspace/install/ros2_ouster:/home/brown/Projects/MiningRobot/ros2_workspace/install/perception_pcl:/home/brown/Projects/MiningRobot/ros2_workspace/install/pcl_ros:/home/brown/Projects/MiningRobot/ros2_workspace/install/pcl_conversions:/home/brown/Projects/MiningRobot/ros2_workspace/install/pcl_msgs:/home/brown/Projects/MiningRobot/ros2_workspace/install/ouster_msgs:/opt/ros/humble'), ('CMAKE_PREFIX_PATH', '/home/brown/Projects/MiningRobot/ros2_workspace/install/ros2_ouster:/home/brown/Projects/MiningRobot/ros2_workspace/install/pcl_conversions:/home/brown/Projects/MiningRobot/ros2_workspace/install/pcl_msgs:/home/brown/Projects/MiningRobot/ros2_workspace/install/ouster_msgs:/home/brown/Projects/MiningRobot/ros2_workspace/install/aurora_core:/home/brown/Projects/MiningRobot/ros2_workspace/install/perception_pcl:/home/brown/Projects/MiningRobot/ros2_workspace/install/pcl_ros:/opt/ros/humble'), ('COLCON_PREFIX_PATH', '/home/brown/Projects/MiningRobot/ros2_workspace/install:/opt/ros/humble'), ('INVOCATION_ID', '0451ff8a5b7f45339296dc187b8cbfb5'), ('KONSOLE_VERSION', '230801'), ('MANAGERPID', '465'), ('KDE_SESSION_UID', '1000'), ('XDG_ACTIVATION_TOKEN', 'kwin-2'), ('XDG_SESSION_CLASS', 'user'), ('PYTHONPATH', '/home/brown/Projects/MiningRobot/ros2_workspace/install/pcl_msgs/lib/python3.11/site-packages:/home/brown/Projects/MiningRobot/ros2_workspace/install/ouster_msgs/lib/python3.11/site-packages:/home/brown/.cache/yay/ros2-humble/src/install/lib/python3.11/dist-packages:/opt/ros/humble/lib/python3.11/site-packages'), ('COLCON', '1'), ('TERM', 'xterm-256color'), ('USER', 'brown'), ('TMUX_PANE', '%6'), ('CUDA_PATH', '/opt/cuda'), ('COLORFGBG', '15;0'), ('PLASMA_USE_QT_SCALING', '1'), ('KDE_SESSION_VERSION', '5'), ('QT_WAYLAND_FORCE_DPI', '96'), ('DISPLAY', ':0'), ('SHLVL', '3'), ('XDG_VTNR', '1'), ('XDG_SESSION_ID', '1'), ('LD_LIBRARY_PATH', '/home/brown/Projects/MiningRobot/ros2_workspace/install/ros2_ouster/lib:/home/brown/Projects/MiningRobot/ros2_workspace/install/pcl_msgs/lib:/home/brown/Projects/MiningRobot/ros2_workspace/install/ouster_msgs/lib:/home/brown/Projects/MiningRobot/ros2_workspace/install/pcl_ros/lib:/opt/ros/humble/opt/yaml_cpp_vendor/lib:/opt/ros/humble/opt/rviz_ogre_vendor/lib:/opt/ros/humble/lib'), ('XDG_RUNTIME_DIR', '/run/user/1000'), ('ROS_LOCALHOST_ONLY', '0'), ('DEBUGINFOD_URLS', 'https://debuginfod.archlinux.org'), ('QT_AUTO_SCREEN_SCALE_FACTOR', '0'), ('JOURNAL_STREAM', '8:14885'), ('XCURSOR_THEME', 'breeze_cursors'), ('XDG_DATA_DIRS', '/home/brown/.local/share/flatpak/exports/share:/var/lib/flatpak/exports/share:/usr/local/share/:/usr/share/'), ('KDE_FULL_SESSION', 'true'), ('QSG_RENDER_LOOP', 'basic'), ('PATH', '/opt/ros/humble/bin:/home/brown/.local/bin:/home/brown/.local/bin:/home/brown/.local/bin:/usr/local/sbin:/usr/local/bin:/usr/bin:/opt/cuda/bin:/opt/cuda/nsight_compute:/opt/cuda/nsight_systems/bin:/var/lib/flatpak/exports/bin:/usr/lib/jvm/default/bin:/usr/bin/site_perl:/usr/bin/vendor_perl:/usr/bin/core_perl:/opt/cuda/bin:/opt/cuda/nsight_compute:/opt/cuda/nsight_systems/bin'), ('DBUS_SESSION_BUS_ADDRESS', 'unix:path=/run/user/1000/bus'), ('KDE_APPLICATIONS_AS_SCOPE', '1'), ('MAIL', '/var/spool/mail/brown'), ('ROS_DISTRO', 'humble'), ('OLDPWD', '/home/brown/Projects/MiningRobot/autonomy/lunabug'), ('TERM_PROGRAM', 'tmux'), ('KONSOLE_DBUS_WINDOW', '/Windows/1'), ('_', '/usr/bin/env')]), 'shell': False}
[21.914159] (aurora_core) StdoutLine: {'line': b'-- Install configuration: ""\n'}
[21.915167] (aurora_core) StdoutLine: {'line': b'-- Installing: /home/brown/Projects/MiningRobot/ros2_workspace/install/aurora_core/lib/aurora_core/aurora_node_core\n'}
[21.919275] (aurora_core) StdoutLine: {'line': b'-- Set runtime path of "/home/brown/Projects/MiningRobot/ros2_workspace/install/aurora_core/lib/aurora_core/aurora_node_core" to ""\n'}
[21.920481] (aurora_core) StdoutLine: {'line': b'-- Up-to-date: /home/brown/Projects/MiningRobot/ros2_workspace/install/aurora_core/share/ament_index/resource_index/package_run_dependencies/aurora_core\n'}
[21.921315] (aurora_core) StdoutLine: {'line': b'-- Up-to-date: /home/brown/Projects/MiningRobot/ros2_workspace/install/aurora_core/share/ament_index/resource_index/parent_prefix_path/aurora_core\n'}
[21.921694] (aurora_core) StdoutLine: {'line': b'-- Up-to-date: /home/brown/Projects/MiningRobot/ros2_workspace/install/aurora_core/share/aurora_core/environment/ament_prefix_path.sh\n'}
[21.922816] (aurora_core) StdoutLine: {'line': b'-- Up-to-date: /home/brown/Projects/MiningRobot/ros2_workspace/install/aurora_core/share/aurora_core/environment/ament_prefix_path.dsv\n'}
[21.923316] (aurora_core) StdoutLine: {'line': b'-- Up-to-date: /home/brown/Projects/MiningRobot/ros2_workspace/install/aurora_core/share/aurora_core/environment/path.sh\n'}
[21.923583] (aurora_core) StdoutLine: {'line': b'-- Up-to-date: /home/brown/Projects/MiningRobot/ros2_workspace/install/aurora_core/share/aurora_core/environment/path.dsv\n'}
[21.923809] (aurora_core) StdoutLine: {'line': b'-- Up-to-date: /home/brown/Projects/MiningRobot/ros2_workspace/install/aurora_core/share/aurora_core/local_setup.bash\n'}
[21.923988] (aurora_core) StdoutLine: {'line': b'-- Up-to-date: /home/brown/Projects/MiningRobot/ros2_workspace/install/aurora_core/share/aurora_core/local_setup.sh\n'}
[21.924133] (aurora_core) StdoutLine: {'line': b'-- Up-to-date: /home/brown/Projects/MiningRobot/ros2_workspace/install/aurora_core/share/aurora_core/local_setup.zsh\n'}
[21.924312] (aurora_core) StdoutLine: {'line': b'-- Up-to-date: /home/brown/Projects/MiningRobot/ros2_workspace/install/aurora_core/share/aurora_core/local_setup.dsv\n'}
[21.925176] (aurora_core) StdoutLine: {'line': b'-- Installing: /home/brown/Projects/MiningRobot/ros2_workspace/install/aurora_core/share/aurora_core/package.dsv\n'}
[21.925872] (aurora_core) StdoutLine: {'line': b'-- Up-to-date: /home/brown/Projects/MiningRobot/ros2_workspace/install/aurora_core/share/ament_index/resource_index/packages/aurora_core\n'}
[21.929150] (aurora_core) StdoutLine: {'line': b'-- Up-to-date: /home/brown/Projects/MiningRobot/ros2_workspace/install/aurora_core/share/aurora_core/cmake/aurora_coreConfig.cmake\n'}
[21.931598] (aurora_core) StdoutLine: {'line': b'-- Up-to-date: /home/brown/Projects/MiningRobot/ros2_workspace/install/aurora_core/share/aurora_core/cmake/aurora_coreConfig-version.cmake\n'}
[21.932002] (aurora_core) StdoutLine: {'line': b'-- Up-to-date: /home/brown/Projects/MiningRobot/ros2_workspace/install/aurora_core/share/aurora_core/package.xml\n'}
[21.932715] (aurora_core) CommandEnded: {'returncode': 0}
[21.963005] (-) TimerEvent: {}
[22.065620] (-) TimerEvent: {}
[22.170080] (-) TimerEvent: {}
[22.274837] (-) TimerEvent: {}
[22.376009] (-) TimerEvent: {}
[22.477556] (-) TimerEvent: {}
[22.578779] (-) TimerEvent: {}
[22.680302] (-) TimerEvent: {}
[22.721855] (aurora_core) JobEnded: {'identifier': 'aurora_core', 'rc': 0}
[22.725074] (-) EventReactorShutdown: {}
