[0.000000] (-) TimerEvent: {}
[0.000375] (-) JobUnselected: {'identifier': 'ouster_msgs'}
[0.000479] (-) JobUnselected: {'identifier': 'pcl_conversions'}
[0.000547] (-) JobUnselected: {'identifier': 'pcl_msgs'}
[0.000744] (-) JobUnselected: {'identifier': 'pcl_ros'}
[0.000894] (-) JobUnselected: {'identifier': 'perception_pcl'}
[0.001069] (-) JobUnselected: {'identifier': 'ros2_ouster'}
[0.001246] (aurora_core) JobQueued: {'identifier': 'aurora_core', 'dependencies': OrderedDict([('ouster_msgs', '/home/brown/Projects/MiningRobot/ros2_workspace/install/ouster_msgs'), ('pcl_msgs', '/home/brown/Projects/MiningRobot/ros2_workspace/install/pcl_msgs'), ('pcl_conversions', '/home/brown/Projects/MiningRobot/ros2_workspace/install/pcl_conversions'), ('ros2_ouster', '/home/brown/Projects/MiningRobot/ros2_workspace/install/ros2_ouster')])}
[0.001435] (aurora_core) JobStarted: {'identifier': 'aurora_core'}
[0.098973] (-) TimerEvent: {}
[0.162614] (aurora_core) JobProgress: {'identifier': 'aurora_core', 'progress': 'cmake'}
[0.164236] (aurora_core) JobProgress: {'identifier': 'aurora_core', 'progress': 'build'}
[0.165519] (aurora_core) Command: {'cmd': ['/usr/bin/cmake', '--build', '/home/brown/Projects/MiningRobot/ros2_workspace/build/aurora_core', '--', '-j4', '-l4'], 'cwd': '/home/brown/Projects/MiningRobot/ros2_workspace/build/aurora_core', 'env': OrderedDict([('SHELL', '/bin/bash'), ('ROS_VERSION', '2'), ('WINDOWID', '1'), ('COLORTERM', 'truecolor'), ('XDG_CONFIG_DIRS', '/home/brown/.config/kdedefaults:/etc/xdg'), ('KGLOBALACCELD_PLATFORM', 'org.kde.kwin'), ('TERM_PROGRAM_VERSION', '3.3a'), ('TMUX', '/tmp/tmux-1000/default,1806,0'), ('PKG_CONFIG_PATH', '/opt/ros/humble/lib/pkgconfig'), ('ROS_PYTHON_VERSION', '3'), ('LANGUAGE', ''), ('SHELL_SESSION_ID', 'adab33755f16428db603933a933b68e7'), ('MEMORY_PRESSURE_WRITE', 'c29tZSAyMDAwMDAgMjAwMDAwMAA='), ('XCURSOR_SIZE', '24'), ('EDITOR', '/usr/bin/nvim'), ('XDG_SEAT', 'seat0'), ('PWD', '/home/brown/Projects/MiningRobot/ros2_workspace/build/aurora_core'), ('LOGNAME', 'brown'), ('XDG_SESSION_TYPE', 'wayland'), ('SYSTEMD_EXEC_PID', '506'), ('XAUTHORITY', '/run/user/1000/xauth_qwjjoz'), ('MOTD_SHOWN', 'pam'), ('HOME', '/home/brown'), ('LANG', 'C.UTF-8'), ('XDG_CURRENT_DESKTOP', 'KDE'), ('KONSOLE_DBUS_SERVICE', ':1.86'), ('MEMORY_PRESSURE_WATCH', '/sys/fs/cgroup/user.slice/user-1000.slice/user@1000.service/session.slice/plasma-kwin_wayland.service/memory.pressure'), ('WAYLAND_DISPLAY', 'wayland-0'), ('KONSOLE_DBUS_SESSION', '/Sessions/2'), ('PROFILEHOME', ''), ('AMENT_PREFIX_PATH', '/home/brown/Projects/MiningRobot/ros2_workspace/install/aurora_core:/home/brown/Projects/MiningRobot/ros2_workspace/install/ros2_ouster:/home/brown/Projects/MiningRobot/ros2_workspace/install/perception_pcl:/home/brown/Projects/MiningRobot/ros2_workspace/install/pcl_ros:/home/brown/Projects/MiningRobot/ros2_workspace/install/pcl_conversions:/home/brown/Projects/MiningRobot/ros2_workspace/install/pcl_msgs:/home/brown/Projects/MiningRobot/ros2_workspace/install/ouster_msgs:/opt/ros/humble'), ('CMAKE_PREFIX_PATH', '/home/brown/Projects/MiningRobot/ros2_workspace/install/ros2_ouster:/home/brown/Projects/MiningRobot/ros2_workspace/install/pcl_conversions:/home/brown/Projects/MiningRobot/ros2_workspace/install/pcl_msgs:/home/brown/Projects/MiningRobot/ros2_workspace/install/ouster_msgs:/home/brown/Projects/MiningRobot/ros2_workspace/install/aurora_core:/home/brown/Projects/MiningRobot/ros2_workspace/install/perception_pcl:/home/brown/Projects/MiningRobot/ros2_workspace/install/pcl_ros:/opt/ros/humble'), ('COLCON_PREFIX_PATH', '/home/brown/Projects/MiningRobot/ros2_workspace/install:/opt/ros/humble'), ('INVOCATION_ID', '0451ff8a5b7f45339296dc187b8cbfb5'), ('KONSOLE_VERSION', '230801'), ('MANAGERPID', '465'), ('KDE_SESSION_UID', '1000'), ('XDG_ACTIVATION_TOKEN', 'kwin-2'), ('XDG_SESSION_CLASS', 'user'), ('PYTHONPATH', '/home/brown/Projects/MiningRobot/ros2_workspace/install/pcl_msgs/lib/python3.11/site-packages:/home/brown/Projects/MiningRobot/ros2_workspace/install/ouster_msgs/lib/python3.11/site-packages:/home/brown/.cache/yay/ros2-humble/src/install/lib/python3.11/dist-packages:/opt/ros/humble/lib/python3.11/site-packages'), ('COLCON', '1'), ('TERM', 'xterm-256color'), ('USER', 'brown'), ('TMUX_PANE', '%5'), ('CUDA_PATH', '/opt/cuda'), ('COLORFGBG', '15;0'), ('PLASMA_USE_QT_SCALING', '1'), ('KDE_SESSION_VERSION', '5'), ('QT_WAYLAND_FORCE_DPI', '96'), ('DISPLAY', ':0'), ('SHLVL', '3'), ('XDG_VTNR', '1'), ('XDG_SESSION_ID', '1'), ('LD_LIBRARY_PATH', '/home/brown/Projects/MiningRobot/ros2_workspace/install/ros2_ouster/lib:/home/brown/Projects/MiningRobot/ros2_workspace/install/pcl_msgs/lib:/home/brown/Projects/MiningRobot/ros2_workspace/install/ouster_msgs/lib:/home/brown/Projects/MiningRobot/ros2_workspace/install/pcl_ros/lib:/opt/ros/humble/opt/yaml_cpp_vendor/lib:/opt/ros/humble/opt/rviz_ogre_vendor/lib:/opt/ros/humble/lib'), ('XDG_RUNTIME_DIR', '/run/user/1000'), ('ROS_LOCALHOST_ONLY', '0'), ('DEBUGINFOD_URLS', 'https://debuginfod.archlinux.org'), ('QT_AUTO_SCREEN_SCALE_FACTOR', '0'), ('JOURNAL_STREAM', '8:14885'), ('XCURSOR_THEME', 'breeze_cursors'), ('XDG_DATA_DIRS', '/home/brown/.local/share/flatpak/exports/share:/var/lib/flatpak/exports/share:/usr/local/share/:/usr/share/'), ('KDE_FULL_SESSION', 'true'), ('QSG_RENDER_LOOP', 'basic'), ('PATH', '/opt/ros/humble/bin:/home/brown/.local/bin:/home/brown/.local/bin:/home/brown/.local/bin:/usr/local/sbin:/usr/local/bin:/usr/bin:/opt/cuda/bin:/opt/cuda/nsight_compute:/opt/cuda/nsight_systems/bin:/var/lib/flatpak/exports/bin:/usr/lib/jvm/default/bin:/usr/bin/site_perl:/usr/bin/vendor_perl:/usr/bin/core_perl:/opt/cuda/bin:/opt/cuda/nsight_compute:/opt/cuda/nsight_systems/bin'), ('DBUS_SESSION_BUS_ADDRESS', 'unix:path=/run/user/1000/bus'), ('KDE_APPLICATIONS_AS_SCOPE', '1'), ('MAIL', '/var/spool/mail/brown'), ('ROS_DISTRO', 'humble'), ('OLDPWD', '/home/brown/Projects/MiningRobot'), ('TERM_PROGRAM', 'tmux'), ('KONSOLE_DBUS_WINDOW', '/Windows/1'), ('_', '/usr/bin/env')]), 'shell': False}
[0.199141] (-) TimerEvent: {}
[0.271489] (aurora_core) StdoutLine: {'line': b'[ 50%] \x1b[32mBuilding CXX object CMakeFiles/aurora_node_core.dir/src/aurora_node_core.cpp.o\x1b[0m\n'}
[0.299258] (-) TimerEvent: {}
[0.399601] (-) TimerEvent: {}
[0.500006] (-) TimerEvent: {}
[0.600420] (-) TimerEvent: {}
[0.700818] (-) TimerEvent: {}
[0.801273] (-) TimerEvent: {}
[0.901638] (-) TimerEvent: {}
[1.002035] (-) TimerEvent: {}
[1.102454] (-) TimerEvent: {}
[1.202887] (-) TimerEvent: {}
[1.303301] (-) TimerEvent: {}
[1.403725] (-) TimerEvent: {}
[1.504096] (-) TimerEvent: {}
[1.604487] (-) TimerEvent: {}
[1.704920] (-) TimerEvent: {}
[1.805328] (-) TimerEvent: {}
[1.905714] (-) TimerEvent: {}
[2.006070] (-) TimerEvent: {}
[2.106396] (-) TimerEvent: {}
[2.206771] (-) TimerEvent: {}
[2.307169] (-) TimerEvent: {}
[2.407578] (-) TimerEvent: {}
[2.507964] (-) TimerEvent: {}
[2.608348] (-) TimerEvent: {}
[2.708737] (-) TimerEvent: {}
[2.809124] (-) TimerEvent: {}
[2.909501] (-) TimerEvent: {}
[3.009994] (-) TimerEvent: {}
[3.110423] (-) TimerEvent: {}
[3.210793] (-) TimerEvent: {}
[3.311159] (-) TimerEvent: {}
[3.411567] (-) TimerEvent: {}
[3.511979] (-) TimerEvent: {}
[3.612309] (-) TimerEvent: {}
[3.712650] (-) TimerEvent: {}
[3.812992] (-) TimerEvent: {}
[3.854839] (aurora_core) StderrLine: {'line': b'In file included from \x1b[01m\x1b[K/home/brown/Projects/MiningRobot/ros2_workspace/src/aurora_core/include/base/autonomy/include/aurora/../osl/vec2.h:9\x1b[m\x1b[K,\n'}
[3.855097] (aurora_core) StderrLine: {'line': b'                 from \x1b[01m\x1b[K/home/brown/Projects/MiningRobot/ros2_workspace/src/aurora_core/include/base/autonomy/include/aurora/coords.h:30\x1b[m\x1b[K,\n'}
[3.855226] (aurora_core) StderrLine: {'line': b'                 from \x1b[01m\x1b[K/home/brown/Projects/MiningRobot/ros2_workspace/src/aurora_core/include/base/autonomy/include/aurora/robot_base.h:10\x1b[m\x1b[K,\n'}
[3.855331] (aurora_core) StderrLine: {'line': b'                 from \x1b[01m\x1b[K/home/brown/Projects/MiningRobot/ros2_workspace/src/aurora_core/src/aurora_node_core.cpp:10\x1b[m\x1b[K:\n'}
[3.855432] (aurora_core) StderrLine: {'line': b'\x1b[01m\x1b[K/home/brown/Projects/MiningRobot/ros2_workspace/src/aurora_core/include/base/autonomy/include/aurora/../osl/vector2d.h:\x1b[m\x1b[K In copy constructor \xe2\x80\x98\x1b[01m\x1b[Kosl::Vector2d::\x1b[01;32m\x1b[KVector2d\x1b[m\x1b[K(const osl::Vector2d&)\x1b[m\x1b[K\xe2\x80\x99:\n'}
[3.855547] (aurora_core) StderrLine: {'line': b'\x1b[01m\x1b[K/home/brown/Projects/MiningRobot/ros2_workspace/src/aurora_core/include/base/autonomy/include/aurora/../osl/vector2d.h:157:9:\x1b[m\x1b[K \x1b[01;35m\x1b[Kwarning: \x1b[m\x1b[Kbase class \xe2\x80\x98\x1b[01m\x1b[Kclass osl::Vector2dT<double, osl::Vector2d>\x1b[m\x1b[K\xe2\x80\x99 should be explicitly initialized in the copy constructor [\x1b[01;35m\x1b[K\x1b]8;;https://gcc.gnu.org/onlinedocs/gcc/Warning-Options.html#index-Wextra\x07-Wextra\x1b]8;;\x07\x1b[m\x1b[K]\n'}
[3.855657] (aurora_core) StderrLine: {'line': b'  157 |         \x1b[01;35m\x1b[KVector2d\x1b[m\x1b[K(const Vector2d &copy) {x=copy.x;y=copy.y;}\n'}
[3.855757] (aurora_core) StderrLine: {'line': b'      |         \x1b[01;35m\x1b[K^~~~~~~~\x1b[m\x1b[K\n'}
[3.858982] (aurora_core) StderrLine: {'line': b'\x1b[01m\x1b[K/home/brown/Projects/MiningRobot/ros2_workspace/src/aurora_core/include/base/autonomy/include/aurora/../osl/vector2d.h:\x1b[m\x1b[K In member function \xe2\x80\x98\x1b[01m\x1b[Kbool osl::LineSeg::\x1b[01;32m\x1b[Kintersects\x1b[m\x1b[K(const osl::LineSeg&, bool, osl::Vector2d*) const\x1b[m\x1b[K\xe2\x80\x99:\n'}
[3.859350] (aurora_core) StderrLine: {'line': b'\x1b[01m\x1b[K/home/brown/Projects/MiningRobot/ros2_workspace/src/aurora_core/include/base/autonomy/include/aurora/../osl/vector2d.h:244:34:\x1b[m\x1b[K \x1b[01;35m\x1b[Kwarning: \x1b[m\x1b[Kimplicitly-declared \xe2\x80\x98\x1b[01m\x1b[Kosl::Vector2d& osl::Vector2d::\x1b[01;32m\x1b[Koperator=\x1b[m\x1b[K(const osl::Vector2d&)\x1b[m\x1b[K\xe2\x80\x99 is deprecated [\x1b[01;35m\x1b[K\x1b]8;;https://gcc.gnu.org/onlinedocs/gcc/Warning-Options.html#index-Wdeprecated-copy\x07-Wdeprecated-copy\x1b]8;;\x07\x1b[m\x1b[K]\n'}
[3.859529] (aurora_core) StderrLine: {'line': b'  244 |                         *ret=at(t\x1b[01;35m\x1b[K)\x1b[m\x1b[K;\n'}
[3.859694] (aurora_core) StderrLine: {'line': b'      |                                  \x1b[01;35m\x1b[K^\x1b[m\x1b[K\n'}
[3.859855] (aurora_core) StderrLine: {'line': b'\x1b[01m\x1b[K/home/brown/Projects/MiningRobot/ros2_workspace/src/aurora_core/include/base/autonomy/include/aurora/../osl/vector2d.h:157:9:\x1b[m\x1b[K \x1b[01;36m\x1b[Knote: \x1b[m\x1b[Kbecause \xe2\x80\x98\x1b[01m\x1b[Kosl::Vector2d\x1b[m\x1b[K\xe2\x80\x99 has user-provided \xe2\x80\x98\x1b[01m\x1b[Kosl::Vector2d::\x1b[01;32m\x1b[KVector2d\x1b[m\x1b[K(const osl::Vector2d&)\x1b[m\x1b[K\xe2\x80\x99\n'}
[3.860041] (aurora_core) StderrLine: {'line': b'  157 |         \x1b[01;36m\x1b[KVector2d\x1b[m\x1b[K(const Vector2d &copy) {x=copy.x;y=copy.y;}\n'}
[3.860281] (aurora_core) StderrLine: {'line': b'      |         \x1b[01;36m\x1b[K^~~~~~~~\x1b[m\x1b[K\n'}
[3.860385] (aurora_core) StderrLine: {'line': b'\x1b[01m\x1b[K/home/brown/Projects/MiningRobot/ros2_workspace/src/aurora_core/include/base/autonomy/include/aurora/../osl/vector2d.h:247:34:\x1b[m\x1b[K \x1b[01;35m\x1b[Kwarning: \x1b[m\x1b[Kimplicitly-declared \xe2\x80\x98\x1b[01m\x1b[Kosl::Vector2d& osl::Vector2d::\x1b[01;32m\x1b[Koperator=\x1b[m\x1b[K(const osl::Vector2d&)\x1b[m\x1b[K\xe2\x80\x99 is deprecated [\x1b[01;35m\x1b[K\x1b]8;;https://gcc.gnu.org/onlinedocs/gcc/Warning-Options.html#index-Wdeprecated-copy\x07-Wdeprecated-copy\x1b]8;;\x07\x1b[m\x1b[K]\n'}
[3.860509] (aurora_core) StderrLine: {'line': b'  247 |                         *ret=at(t\x1b[01;35m\x1b[K)\x1b[m\x1b[K;\n'}
[3.860614] (aurora_core) StderrLine: {'line': b'      |                                  \x1b[01;35m\x1b[K^\x1b[m\x1b[K\n'}
[3.860713] (aurora_core) StderrLine: {'line': b'\x1b[01m\x1b[K/home/brown/Projects/MiningRobot/ros2_workspace/src/aurora_core/include/base/autonomy/include/aurora/../osl/vector2d.h:157:9:\x1b[m\x1b[K \x1b[01;36m\x1b[Knote: \x1b[m\x1b[Kbecause \xe2\x80\x98\x1b[01m\x1b[Kosl::Vector2d\x1b[m\x1b[K\xe2\x80\x99 has user-provided \xe2\x80\x98\x1b[01m\x1b[Kosl::Vector2d::\x1b[01;32m\x1b[KVector2d\x1b[m\x1b[K(const osl::Vector2d&)\x1b[m\x1b[K\xe2\x80\x99\n'}
[3.860911] (aurora_core) StderrLine: {'line': b'  157 |         \x1b[01;36m\x1b[KVector2d\x1b[m\x1b[K(const Vector2d &copy) {x=copy.x;y=copy.y;}\n'}
[3.861074] (aurora_core) StderrLine: {'line': b'      |         \x1b[01;36m\x1b[K^~~~~~~~\x1b[m\x1b[K\n'}
[3.861232] (aurora_core) StderrLine: {'line': b'\x1b[01m\x1b[K/home/brown/Projects/MiningRobot/ros2_workspace/src/aurora_core/include/base/autonomy/include/aurora/../osl/vector2d.h:\x1b[m\x1b[K In member function \xe2\x80\x98\x1b[01m\x1b[Kvoid osl::Halfspace2d::\x1b[01;32m\x1b[KinitCheck\x1b[m\x1b[K(cv&, cv&, cv&)\x1b[m\x1b[K\xe2\x80\x99:\n'}
[3.861394] (aurora_core) StderrLine: {'line': b'\x1b[01m\x1b[K/home/brown/Projects/MiningRobot/ros2_workspace/src/aurora_core/include/base/autonomy/include/aurora/../osl/vector2d.h:279:43:\x1b[m\x1b[K \x1b[01;35m\x1b[Kwarning: \x1b[m\x1b[Kimplicitly-declared \xe2\x80\x98\x1b[01m\x1b[Kosl::Vector2d& osl::Vector2d::\x1b[01;32m\x1b[Koperator=\x1b[m\x1b[K(const osl::Vector2d&)\x1b[m\x1b[K\xe2\x80\x99 is deprecated [\x1b[01;35m\x1b[K\x1b]8;;https://gcc.gnu.org/onlinedocs/gcc/Warning-Options.html#index-Wdeprecated-copy\x07-Wdeprecated-copy\x1b]8;;\x07\x1b[m\x1b[K]\n'}
[3.861586] (aurora_core) StderrLine: {'line': b'  279 |         { init(p1,p2);if (side(in)<0) {n=-\x1b[01;35m\x1b[Kn\x1b[m\x1b[K;d=-d;} }\n'}
[3.861746] (aurora_core) StderrLine: {'line': b'      |                                           \x1b[01;35m\x1b[K^\x1b[m\x1b[K\n'}
[3.861906] (aurora_core) StderrLine: {'line': b'\x1b[01m\x1b[K/home/brown/Projects/MiningRobot/ros2_workspace/src/aurora_core/include/base/autonomy/include/aurora/../osl/vector2d.h:157:9:\x1b[m\x1b[K \x1b[01;36m\x1b[Knote: \x1b[m\x1b[Kbecause \xe2\x80\x98\x1b[01m\x1b[Kosl::Vector2d\x1b[m\x1b[K\xe2\x80\x99 has user-provided \xe2\x80\x98\x1b[01m\x1b[Kosl::Vector2d::\x1b[01;32m\x1b[KVector2d\x1b[m\x1b[K(const osl::Vector2d&)\x1b[m\x1b[K\xe2\x80\x99\n'}
[3.862066] (aurora_core) StderrLine: {'line': b'  157 |         \x1b[01;36m\x1b[KVector2d\x1b[m\x1b[K(const Vector2d &copy) {x=copy.x;y=copy.y;}\n'}
[3.862224] (aurora_core) StderrLine: {'line': b'      |         \x1b[01;36m\x1b[K^~~~~~~~\x1b[m\x1b[K\n'}
[3.913103] (-) TimerEvent: {}
[3.933650] (aurora_core) StderrLine: {'line': b'In file included from \x1b[01m\x1b[K/home/brown/Projects/MiningRobot/ros2_workspace/src/aurora_core/include/base/autonomy/include/aurora/../nanoslot/nanoslot_IMU.h:10\x1b[m\x1b[K,\n'}
[3.933982] (aurora_core) StderrLine: {'line': b'                 from \x1b[01m\x1b[K/home/brown/Projects/MiningRobot/ros2_workspace/src/aurora_core/include/base/autonomy/include/aurora/../nanoslot/nanoslot_exchange.h:21\x1b[m\x1b[K,\n'}
[3.934185] (aurora_core) StderrLine: {'line': b'                 from \x1b[01m\x1b[K/home/brown/Projects/MiningRobot/ros2_workspace/src/aurora_core/include/base/autonomy/include/aurora/lunatic.h:43\x1b[m\x1b[K,\n'}
[3.934707] (aurora_core) StderrLine: {'line': b'                 from \x1b[01m\x1b[K/home/brown/Projects/MiningRobot/ros2_workspace/src/aurora_core/src/aurora_node_core.cpp:11\x1b[m\x1b[K:\n'}
[3.935098] (aurora_core) StderrLine: {'line': b'\x1b[01m\x1b[K/home/brown/Projects/MiningRobot/ros2_workspace/src/aurora_core/include/base/autonomy/include/aurora/../nanoslot/FusionMath.h:\x1b[m\x1b[K In function \xe2\x80\x98\x1b[01m\x1b[KFusionVector\x1b[01;32m\x1b[K FusionVectorAdd\x1b[m\x1b[K(FusionVector, FusionVector)\x1b[m\x1b[K\xe2\x80\x99:\n'}
[3.935527] (aurora_core) StderrLine: {'line': b'\x1b[01m\x1b[K/home/brown/Projects/MiningRobot/ros2_workspace/src/aurora_core/include/base/autonomy/include/aurora/../nanoslot/FusionMath.h:207:34:\x1b[m\x1b[K \x1b[01;35m\x1b[Kwarning: \x1b[m\x1b[KC++ designated initializers only available with \xe2\x80\x98\x1b[01m\x1b[K-std=c++20\x1b[m\x1b[K\xe2\x80\x99 or \xe2\x80\x98\x1b[01m\x1b[K-std=gnu++20\x1b[m\x1b[K\xe2\x80\x99 [\x1b[01;35m\x1b[K\x1b]8;;https://gcc.gnu.org/onlinedocs/gcc/Warning-Options.html#index-Wc++20-extensions\x07-Wc++20-extensions\x1b]8;;\x07\x1b[m\x1b[K]\n'}
[3.935688] (aurora_core) StderrLine: {'line': b'  207 |     const FusionVector result = {\x1b[01;35m\x1b[K.\x1b[m\x1b[Kaxis = {\n'}
[3.935854] (aurora_core) StderrLine: {'line': b'      |                                  \x1b[01;35m\x1b[K^\x1b[m\x1b[K\n'}
[3.936049] (aurora_core) StderrLine: {'line': b'\x1b[01m\x1b[K/home/brown/Projects/MiningRobot/ros2_workspace/src/aurora_core/include/base/autonomy/include/aurora/../nanoslot/FusionMath.h:208:13:\x1b[m\x1b[K \x1b[01;35m\x1b[Kwarning: \x1b[m\x1b[KC++ designated initializers only available with \xe2\x80\x98\x1b[01m\x1b[K-std=c++20\x1b[m\x1b[K\xe2\x80\x99 or \xe2\x80\x98\x1b[01m\x1b[K-std=gnu++20\x1b[m\x1b[K\xe2\x80\x99 [\x1b[01;35m\x1b[K\x1b]8;;https://gcc.gnu.org/onlinedocs/gcc/Warning-Options.html#index-Wc++20-extensions\x07-Wc++20-extensions\x1b]8;;\x07\x1b[m\x1b[K]\n'}
[3.936799] (aurora_core) StderrLine: {'line': b'  208 |             \x1b[01;35m\x1b[K.\x1b[m\x1b[Kx = vectorA.axis.x + vectorB.axis.x,\n'}
[3.937130] (aurora_core) StderrLine: {'line': b'      |             \x1b[01;35m\x1b[K^\x1b[m\x1b[K\n'}
[3.937335] (aurora_core) StderrLine: {'line': b'\x1b[01m\x1b[K/home/brown/Projects/MiningRobot/ros2_workspace/src/aurora_core/include/base/autonomy/include/aurora/../nanoslot/FusionMath.h:209:13:\x1b[m\x1b[K \x1b[01;35m\x1b[Kwarning: \x1b[m\x1b[KC++ designated initializers only available with \xe2\x80\x98\x1b[01m\x1b[K-std=c++20\x1b[m\x1b[K\xe2\x80\x99 or \xe2\x80\x98\x1b[01m\x1b[K-std=gnu++20\x1b[m\x1b[K\xe2\x80\x99 [\x1b[01;35m\x1b[K\x1b]8;;https://gcc.gnu.org/onlinedocs/gcc/Warning-Options.html#index-Wc++20-extensions\x07-Wc++20-extensions\x1b]8;;\x07\x1b[m\x1b[K]\n'}
[3.937768] (aurora_core) StderrLine: {'line': b'  209 |             \x1b[01;35m\x1b[K.\x1b[m\x1b[Ky = vectorA.axis.y + vectorB.axis.y,\n'}
[3.937974] (aurora_core) StderrLine: {'line': b'      |             \x1b[01;35m\x1b[K^\x1b[m\x1b[K\n'}
[3.938189] (aurora_core) StderrLine: {'line': b'\x1b[01m\x1b[K/home/brown/Projects/MiningRobot/ros2_workspace/src/aurora_core/include/base/autonomy/include/aurora/../nanoslot/FusionMath.h:210:13:\x1b[m\x1b[K \x1b[01;35m\x1b[Kwarning: \x1b[m\x1b[KC++ designated initializers only available with \xe2\x80\x98\x1b[01m\x1b[K-std=c++20\x1b[m\x1b[K\xe2\x80\x99 or \xe2\x80\x98\x1b[01m\x1b[K-std=gnu++20\x1b[m\x1b[K\xe2\x80\x99 [\x1b[01;35m\x1b[K\x1b]8;;https://gcc.gnu.org/onlinedocs/gcc/Warning-Options.html#index-Wc++20-extensions\x07-Wc++20-extensions\x1b]8;;\x07\x1b[m\x1b[K]\n'}
[3.938612] (aurora_core) StderrLine: {'line': b'  210 |             \x1b[01;35m\x1b[K.\x1b[m\x1b[Kz = vectorA.axis.z + vectorB.axis.z,\n'}
[3.939032] (aurora_core) StderrLine: {'line': b'      |             \x1b[01;35m\x1b[K^\x1b[m\x1b[K\n'}
[3.939261] (aurora_core) StderrLine: {'line': b'\x1b[01m\x1b[K/home/brown/Projects/MiningRobot/ros2_workspace/src/aurora_core/include/base/autonomy/include/aurora/../nanoslot/FusionMath.h:\x1b[m\x1b[K In function \xe2\x80\x98\x1b[01m\x1b[KFusionVector\x1b[01;32m\x1b[K FusionVectorSubtract\x1b[m\x1b[K(FusionVector, FusionVector)\x1b[m\x1b[K\xe2\x80\x99:\n'}
[3.939509] (aurora_core) StderrLine: {'line': b'\x1b[01m\x1b[K/home/brown/Projects/MiningRobot/ros2_workspace/src/aurora_core/include/base/autonomy/include/aurora/../nanoslot/FusionMath.h:222:34:\x1b[m\x1b[K \x1b[01;35m\x1b[Kwarning: \x1b[m\x1b[KC++ designated initializers only available with \xe2\x80\x98\x1b[01m\x1b[K-std=c++20\x1b[m\x1b[K\xe2\x80\x99 or \xe2\x80\x98\x1b[01m\x1b[K-std=gnu++20\x1b[m\x1b[K\xe2\x80\x99 [\x1b[01;35m\x1b[K\x1b]8;;https://gcc.gnu.org/onlinedocs/gcc/Warning-Options.html#index-Wc++20-extensions\x07-Wc++20-extensions\x1b]8;;\x07\x1b[m\x1b[K]\n'}
[3.939716] (aurora_core) StderrLine: {'line': b'  222 |     const FusionVector result = {\x1b[01;35m\x1b[K.\x1b[m\x1b[Kaxis = {\n'}
[3.939894] (aurora_core) StderrLine: {'line': b'      |                                  \x1b[01;35m\x1b[K^\x1b[m\x1b[K\n'}
[3.940296] (aurora_core) StderrLine: {'line': b'\x1b[01m\x1b[K/home/brown/Projects/MiningRobot/ros2_workspace/src/aurora_core/include/base/autonomy/include/aurora/../nanoslot/FusionMath.h:223:13:\x1b[m\x1b[K \x1b[01;35m\x1b[Kwarning: \x1b[m\x1b[KC++ designated initializers only available with \xe2\x80\x98\x1b[01m\x1b[K-std=c++20\x1b[m\x1b[K\xe2\x80\x99 or \xe2\x80\x98\x1b[01m\x1b[K-std=gnu++20\x1b[m\x1b[K\xe2\x80\x99 [\x1b[01;35m\x1b[K\x1b]8;;https://gcc.gnu.org/onlinedocs/gcc/Warning-Options.html#index-Wc++20-extensions\x07-Wc++20-extensions\x1b]8;;\x07\x1b[m\x1b[K]\n'}
[3.940542] (aurora_core) StderrLine: {'line': b'  223 |             \x1b[01;35m\x1b[K.\x1b[m\x1b[Kx = vectorA.axis.x - vectorB.axis.x,\n'}
[3.940718] (aurora_core) StderrLine: {'line': b'      |             \x1b[01;35m\x1b[K^\x1b[m\x1b[K\n'}
[3.940894] (aurora_core) StderrLine: {'line': b'\x1b[01m\x1b[K/home/brown/Projects/MiningRobot/ros2_workspace/src/aurora_core/include/base/autonomy/include/aurora/../nanoslot/FusionMath.h:224:13:\x1b[m\x1b[K \x1b[01;35m\x1b[Kwarning: \x1b[m\x1b[KC++ designated initializers only available with \xe2\x80\x98\x1b[01m\x1b[K-std=c++20\x1b[m\x1b[K\xe2\x80\x99 or \xe2\x80\x98\x1b[01m\x1b[K-std=gnu++20\x1b[m\x1b[K\xe2\x80\x99 [\x1b[01;35m\x1b[K\x1b]8;;https://gcc.gnu.org/onlinedocs/gcc/Warning-Options.html#index-Wc++20-extensions\x07-Wc++20-extensions\x1b]8;;\x07\x1b[m\x1b[K]\n'}
[3.941252] (aurora_core) StderrLine: {'line': b'  224 |             \x1b[01;35m\x1b[K.\x1b[m\x1b[Ky = vectorA.axis.y - vectorB.axis.y,\n'}
[3.941435] (aurora_core) StderrLine: {'line': b'      |             \x1b[01;35m\x1b[K^\x1b[m\x1b[K\n'}
[3.941685] (aurora_core) StderrLine: {'line': b'\x1b[01m\x1b[K/home/brown/Projects/MiningRobot/ros2_workspace/src/aurora_core/include/base/autonomy/include/aurora/../nanoslot/FusionMath.h:225:13:\x1b[m\x1b[K \x1b[01;35m\x1b[Kwarning: \x1b[m\x1b[KC++ designated initializers only available with \xe2\x80\x98\x1b[01m\x1b[K-std=c++20\x1b[m\x1b[K\xe2\x80\x99 or \xe2\x80\x98\x1b[01m\x1b[K-std=gnu++20\x1b[m\x1b[K\xe2\x80\x99 [\x1b[01;35m\x1b[K\x1b]8;;https://gcc.gnu.org/onlinedocs/gcc/Warning-Options.html#index-Wc++20-extensions\x07-Wc++20-extensions\x1b]8;;\x07\x1b[m\x1b[K]\n'}
[3.941985] (aurora_core) StderrLine: {'line': b'  225 |             \x1b[01;35m\x1b[K.\x1b[m\x1b[Kz = vectorA.axis.z - vectorB.axis.z,\n'}
[3.942238] (aurora_core) StderrLine: {'line': b'      |             \x1b[01;35m\x1b[K^\x1b[m\x1b[K\n'}
[3.942520] (aurora_core) StderrLine: {'line': b'\x1b[01m\x1b[K/home/brown/Projects/MiningRobot/ros2_workspace/src/aurora_core/include/base/autonomy/include/aurora/../nanoslot/FusionMath.h:\x1b[m\x1b[K In function \xe2\x80\x98\x1b[01m\x1b[KFusionVector\x1b[01;32m\x1b[K FusionVectorMultiplyScalar\x1b[m\x1b[K(FusionVector, float)\x1b[m\x1b[K\xe2\x80\x99:\n'}
[3.942702] (aurora_core) StderrLine: {'line': b'\x1b[01m\x1b[K/home/brown/Projects/MiningRobot/ros2_workspace/src/aurora_core/include/base/autonomy/include/aurora/../nanoslot/FusionMath.h:246:34:\x1b[m\x1b[K \x1b[01;35m\x1b[Kwarning: \x1b[m\x1b[KC++ designated initializers only available with \xe2\x80\x98\x1b[01m\x1b[K-std=c++20\x1b[m\x1b[K\xe2\x80\x99 or \xe2\x80\x98\x1b[01m\x1b[K-std=gnu++20\x1b[m\x1b[K\xe2\x80\x99 [\x1b[01;35m\x1b[K\x1b]8;;https://gcc.gnu.org/onlinedocs/gcc/Warning-Options.html#index-Wc++20-extensions\x07-Wc++20-extensions\x1b]8;;\x07\x1b[m\x1b[K]\n'}
[3.942967] (aurora_core) StderrLine: {'line': b'  246 |     const FusionVector result = {\x1b[01;35m\x1b[K.\x1b[m\x1b[Kaxis = {\n'}
[3.943244] (aurora_core) StderrLine: {'line': b'      |                                  \x1b[01;35m\x1b[K^\x1b[m\x1b[K\n'}
[3.943923] (aurora_core) StderrLine: {'line': b'\x1b[01m\x1b[K/home/brown/Projects/MiningRobot/ros2_workspace/src/aurora_core/include/base/autonomy/include/aurora/../nanoslot/FusionMath.h:247:13:\x1b[m\x1b[K \x1b[01;35m\x1b[Kwarning: \x1b[m\x1b[KC++ designated initializers only available with \xe2\x80\x98\x1b[01m\x1b[K-std=c++20\x1b[m\x1b[K\xe2\x80\x99 or \xe2\x80\x98\x1b[01m\x1b[K-std=gnu++20\x1b[m\x1b[K\xe2\x80\x99 [\x1b[01;35m\x1b[K\x1b]8;;https://gcc.gnu.org/onlinedocs/gcc/Warning-Options.html#index-Wc++20-extensions\x07-Wc++20-extensions\x1b]8;;\x07\x1b[m\x1b[K]\n'}
[3.944133] (aurora_core) StderrLine: {'line': b'  247 |             \x1b[01;35m\x1b[K.\x1b[m\x1b[Kx = vector.axis.x * scalar,\n'}
[3.944479] (aurora_core) StderrLine: {'line': b'      |             \x1b[01;35m\x1b[K^\x1b[m\x1b[K\n'}
[3.944655] (aurora_core) StderrLine: {'line': b'\x1b[01m\x1b[K/home/brown/Projects/MiningRobot/ros2_workspace/src/aurora_core/include/base/autonomy/include/aurora/../nanoslot/FusionMath.h:248:13:\x1b[m\x1b[K \x1b[01;35m\x1b[Kwarning: \x1b[m\x1b[KC++ designated initializers only available with \xe2\x80\x98\x1b[01m\x1b[K-std=c++20\x1b[m\x1b[K\xe2\x80\x99 or \xe2\x80\x98\x1b[01m\x1b[K-std=gnu++20\x1b[m\x1b[K\xe2\x80\x99 [\x1b[01;35m\x1b[K\x1b]8;;https://gcc.gnu.org/onlinedocs/gcc/Warning-Options.html#index-Wc++20-extensions\x07-Wc++20-extensions\x1b]8;;\x07\x1b[m\x1b[K]\n'}
[3.944847] (aurora_core) StderrLine: {'line': b'  248 |             \x1b[01;35m\x1b[K.\x1b[m\x1b[Ky = vector.axis.y * scalar,\n'}
[3.945030] (aurora_core) StderrLine: {'line': b'      |             \x1b[01;35m\x1b[K^\x1b[m\x1b[K\n'}
[3.945355] (aurora_core) StderrLine: {'line': b'\x1b[01m\x1b[K/home/brown/Projects/MiningRobot/ros2_workspace/src/aurora_core/include/base/autonomy/include/aurora/../nanoslot/FusionMath.h:249:13:\x1b[m\x1b[K \x1b[01;35m\x1b[Kwarning: \x1b[m\x1b[KC++ designated initializers only available with \xe2\x80\x98\x1b[01m\x1b[K-std=c++20\x1b[m\x1b[K\xe2\x80\x99 or \xe2\x80\x98\x1b[01m\x1b[K-std=gnu++20\x1b[m\x1b[K\xe2\x80\x99 [\x1b[01;35m\x1b[K\x1b]8;;https://gcc.gnu.org/onlinedocs/gcc/Warning-Options.html#index-Wc++20-extensions\x07-Wc++20-extensions\x1b]8;;\x07\x1b[m\x1b[K]\n'}
[3.945724] (aurora_core) StderrLine: {'line': b'  249 |             \x1b[01;35m\x1b[K.\x1b[m\x1b[Kz = vector.axis.z * scalar,\n'}
[3.945950] (aurora_core) StderrLine: {'line': b'      |             \x1b[01;35m\x1b[K^\x1b[m\x1b[K\n'}
[3.946122] (aurora_core) StderrLine: {'line': b'\x1b[01m\x1b[K/home/brown/Projects/MiningRobot/ros2_workspace/src/aurora_core/include/base/autonomy/include/aurora/../nanoslot/FusionMath.h:\x1b[m\x1b[K In function \xe2\x80\x98\x1b[01m\x1b[KFusionVector\x1b[01;32m\x1b[K FusionVectorHadamardProduct\x1b[m\x1b[K(FusionVector, FusionVector)\x1b[m\x1b[K\xe2\x80\x99:\n'}
[3.946295] (aurora_core) StderrLine: {'line': b'\x1b[01m\x1b[K/home/brown/Projects/MiningRobot/ros2_workspace/src/aurora_core/include/base/autonomy/include/aurora/../nanoslot/FusionMath.h:261:34:\x1b[m\x1b[K \x1b[01;35m\x1b[Kwarning: \x1b[m\x1b[KC++ designated initializers only available with \xe2\x80\x98\x1b[01m\x1b[K-std=c++20\x1b[m\x1b[K\xe2\x80\x99 or \xe2\x80\x98\x1b[01m\x1b[K-std=gnu++20\x1b[m\x1b[K\xe2\x80\x99 [\x1b[01;35m\x1b[K\x1b]8;;https://gcc.gnu.org/onlinedocs/gcc/Warning-Options.html#index-Wc++20-extensions\x07-Wc++20-extensions\x1b]8;;\x07\x1b[m\x1b[K]\n'}
[3.946483] (aurora_core) StderrLine: {'line': b'  261 |     const FusionVector result = {\x1b[01;35m\x1b[K.\x1b[m\x1b[Kaxis = {\n'}
[3.946798] (aurora_core) StderrLine: {'line': b'      |                                  \x1b[01;35m\x1b[K^\x1b[m\x1b[K\n'}
[3.947049] (aurora_core) StderrLine: {'line': b'\x1b[01m\x1b[K/home/brown/Projects/MiningRobot/ros2_workspace/src/aurora_core/include/base/autonomy/include/aurora/../nanoslot/FusionMath.h:262:13:\x1b[m\x1b[K \x1b[01;35m\x1b[Kwarning: \x1b[m\x1b[KC++ designated initializers only available with \xe2\x80\x98\x1b[01m\x1b[K-std=c++20\x1b[m\x1b[K\xe2\x80\x99 or \xe2\x80\x98\x1b[01m\x1b[K-std=gnu++20\x1b[m\x1b[K\xe2\x80\x99 [\x1b[01;35m\x1b[K\x1b]8;;https://gcc.gnu.org/onlinedocs/gcc/Warning-Options.html#index-Wc++20-extensions\x07-Wc++20-extensions\x1b]8;;\x07\x1b[m\x1b[K]\n'}
[3.947236] (aurora_core) StderrLine: {'line': b'  262 |             \x1b[01;35m\x1b[K.\x1b[m\x1b[Kx = vectorA.axis.x * vectorB.axis.x,\n'}
[3.947413] (aurora_core) StderrLine: {'line': b'      |             \x1b[01;35m\x1b[K^\x1b[m\x1b[K\n'}
[3.947591] (aurora_core) StderrLine: {'line': b'\x1b[01m\x1b[K/home/brown/Projects/MiningRobot/ros2_workspace/src/aurora_core/include/base/autonomy/include/aurora/../nanoslot/FusionMath.h:263:13:\x1b[m\x1b[K \x1b[01;35m\x1b[Kwarning: \x1b[m\x1b[KC++ designated initializers only available with \xe2\x80\x98\x1b[01m\x1b[K-std=c++20\x1b[m\x1b[K\xe2\x80\x99 or \xe2\x80\x98\x1b[01m\x1b[K-std=gnu++20\x1b[m\x1b[K\xe2\x80\x99 [\x1b[01;35m\x1b[K\x1b]8;;https://gcc.gnu.org/onlinedocs/gcc/Warning-Options.html#index-Wc++20-extensions\x07-Wc++20-extensions\x1b]8;;\x07\x1b[m\x1b[K]\n'}
[3.947801] (aurora_core) StderrLine: {'line': b'  263 |             \x1b[01;35m\x1b[K.\x1b[m\x1b[Ky = vectorA.axis.y * vectorB.axis.y,\n'}
[3.947980] (aurora_core) StderrLine: {'line': b'      |             \x1b[01;35m\x1b[K^\x1b[m\x1b[K\n'}
[3.948169] (aurora_core) StderrLine: {'line': b'\x1b[01m\x1b[K/home/brown/Projects/MiningRobot/ros2_workspace/src/aurora_core/include/base/autonomy/include/aurora/../nanoslot/FusionMath.h:264:13:\x1b[m\x1b[K \x1b[01;35m\x1b[Kwarning: \x1b[m\x1b[KC++ designated initializers only available with \xe2\x80\x98\x1b[01m\x1b[K-std=c++20\x1b[m\x1b[K\xe2\x80\x99 or \xe2\x80\x98\x1b[01m\x1b[K-std=gnu++20\x1b[m\x1b[K\xe2\x80\x99 [\x1b[01;35m\x1b[K\x1b]8;;https://gcc.gnu.org/onlinedocs/gcc/Warning-Options.html#index-Wc++20-extensions\x07-Wc++20-extensions\x1b]8;;\x07\x1b[m\x1b[K]\n'}
[3.948357] (aurora_core) StderrLine: {'line': b'  264 |             \x1b[01;35m\x1b[K.\x1b[m\x1b[Kz = vectorA.axis.z * vectorB.axis.z,\n'}
[3.948539] (aurora_core) StderrLine: {'line': b'      |             \x1b[01;35m\x1b[K^\x1b[m\x1b[K\n'}
[3.948722] (aurora_core) StderrLine: {'line': b'\x1b[01m\x1b[K/home/brown/Projects/MiningRobot/ros2_workspace/src/aurora_core/include/base/autonomy/include/aurora/../nanoslot/FusionMath.h:\x1b[m\x1b[K In function \xe2\x80\x98\x1b[01m\x1b[KFusionVector\x1b[01;32m\x1b[K FusionVectorCrossProduct\x1b[m\x1b[K(FusionVector, FusionVector)\x1b[m\x1b[K\xe2\x80\x99:\n'}
[3.948908] (aurora_core) StderrLine: {'line': b'\x1b[01m\x1b[K/home/brown/Projects/MiningRobot/ros2_workspace/src/aurora_core/include/base/autonomy/include/aurora/../nanoslot/FusionMath.h:290:34:\x1b[m\x1b[K \x1b[01;35m\x1b[Kwarning: \x1b[m\x1b[KC++ designated initializers only available with \xe2\x80\x98\x1b[01m\x1b[K-std=c++20\x1b[m\x1b[K\xe2\x80\x99 or \xe2\x80\x98\x1b[01m\x1b[K-std=gnu++20\x1b[m\x1b[K\xe2\x80\x99 [\x1b[01;35m\x1b[K\x1b]8;;https://gcc.gnu.org/onlinedocs/gcc/Warning-Options.html#index-Wc++20-extensions\x07-Wc++20-extensions\x1b]8;;\x07\x1b[m\x1b[K]\n'}
[3.949100] (aurora_core) StderrLine: {'line': b'  290 |     const FusionVector result = {\x1b[01;35m\x1b[K.\x1b[m\x1b[Kaxis = {\n'}
[3.949281] (aurora_core) StderrLine: {'line': b'      |                                  \x1b[01;35m\x1b[K^\x1b[m\x1b[K\n'}
[3.949462] (aurora_core) StderrLine: {'line': b'\x1b[01m\x1b[K/home/brown/Projects/MiningRobot/ros2_workspace/src/aurora_core/include/base/autonomy/include/aurora/../nanoslot/FusionMath.h:291:13:\x1b[m\x1b[K \x1b[01;35m\x1b[Kwarning: \x1b[m\x1b[KC++ designated initializers only available with \xe2\x80\x98\x1b[01m\x1b[K-std=c++20\x1b[m\x1b[K\xe2\x80\x99 or \xe2\x80\x98\x1b[01m\x1b[K-std=gnu++20\x1b[m\x1b[K\xe2\x80\x99 [\x1b[01;35m\x1b[K\x1b]8;;https://gcc.gnu.org/onlinedocs/gcc/Warning-Options.html#index-Wc++20-extensions\x07-Wc++20-extensions\x1b]8;;\x07\x1b[m\x1b[K]\n'}
[3.949651] (aurora_core) StderrLine: {'line': b'  291 |             \x1b[01;35m\x1b[K.\x1b[m\x1b[Kx = A.y * B.z - A.z * B.y,\n'}
[3.949846] (aurora_core) StderrLine: {'line': b'      |             \x1b[01;35m\x1b[K^\x1b[m\x1b[K\n'}
[3.950045] (aurora_core) StderrLine: {'line': b'\x1b[01m\x1b[K/home/brown/Projects/MiningRobot/ros2_workspace/src/aurora_core/include/base/autonomy/include/aurora/../nanoslot/FusionMath.h:292:13:\x1b[m\x1b[K \x1b[01;35m\x1b[Kwarning: \x1b[m\x1b[KC++ designated initializers only available with \xe2\x80\x98\x1b[01m\x1b[K-std=c++20\x1b[m\x1b[K\xe2\x80\x99 or \xe2\x80\x98\x1b[01m\x1b[K-std=gnu++20\x1b[m\x1b[K\xe2\x80\x99 [\x1b[01;35m\x1b[K\x1b]8;;https://gcc.gnu.org/onlinedocs/gcc/Warning-Options.html#index-Wc++20-extensions\x07-Wc++20-extensions\x1b]8;;\x07\x1b[m\x1b[K]\n'}
[3.950253] (aurora_core) StderrLine: {'line': b'  292 |             \x1b[01;35m\x1b[K.\x1b[m\x1b[Ky = A.z * B.x - A.x * B.z,\n'}
[3.950556] (aurora_core) StderrLine: {'line': b'      |             \x1b[01;35m\x1b[K^\x1b[m\x1b[K\n'}
[3.950740] (aurora_core) StderrLine: {'line': b'\x1b[01m\x1b[K/home/brown/Projects/MiningRobot/ros2_workspace/src/aurora_core/include/base/autonomy/include/aurora/../nanoslot/FusionMath.h:293:13:\x1b[m\x1b[K \x1b[01;35m\x1b[Kwarning: \x1b[m\x1b[KC++ designated initializers only available with \xe2\x80\x98\x1b[01m\x1b[K-std=c++20\x1b[m\x1b[K\xe2\x80\x99 or \xe2\x80\x98\x1b[01m\x1b[K-std=gnu++20\x1b[m\x1b[K\xe2\x80\x99 [\x1b[01;35m\x1b[K\x1b]8;;https://gcc.gnu.org/onlinedocs/gcc/Warning-Options.html#index-Wc++20-extensions\x07-Wc++20-extensions\x1b]8;;\x07\x1b[m\x1b[K]\n'}
[3.950932] (aurora_core) StderrLine: {'line': b'  293 |             \x1b[01;35m\x1b[K.\x1b[m\x1b[Kz = A.x * B.y - A.y * B.x,\n'}
[3.951113] (aurora_core) StderrLine: {'line': b'      |             \x1b[01;35m\x1b[K^\x1b[m\x1b[K\n'}
[3.951289] (aurora_core) StderrLine: {'line': b'\x1b[01m\x1b[K/home/brown/Projects/MiningRobot/ros2_workspace/src/aurora_core/include/base/autonomy/include/aurora/../nanoslot/FusionMath.h:\x1b[m\x1b[K In function \xe2\x80\x98\x1b[01m\x1b[KFusionQuaternion\x1b[01;32m\x1b[K FusionQuaternionZradians\x1b[m\x1b[K(float)\x1b[m\x1b[K\xe2\x80\x99:\n'}
[3.951473] (aurora_core) StderrLine: {'line': b'\x1b[01m\x1b[K/home/brown/Projects/MiningRobot/ros2_workspace/src/aurora_core/include/base/autonomy/include/aurora/../nanoslot/FusionMath.h:339:33:\x1b[m\x1b[K \x1b[01;35m\x1b[Kwarning: \x1b[m\x1b[KC++ designated initializers only available with \xe2\x80\x98\x1b[01m\x1b[K-std=c++20\x1b[m\x1b[K\xe2\x80\x99 or \xe2\x80\x98\x1b[01m\x1b[K-std=gnu++20\x1b[m\x1b[K\xe2\x80\x99 [\x1b[01;35m\x1b[K\x1b]8;;https://gcc.gnu.org/onlinedocs/gcc/Warning-Options.html#index-Wc++20-extensions\x07-Wc++20-extensions\x1b]8;;\x07\x1b[m\x1b[K]\n'}
[3.951667] (aurora_core) StderrLine: {'line': b'  339 |     const FusionQuaternion Q = {\x1b[01;35m\x1b[K.\x1b[m\x1b[Kelement = {\n'}
[3.951846] (aurora_core) StderrLine: {'line': b'      |                                 \x1b[01;35m\x1b[K^\x1b[m\x1b[K\n'}
[3.952027] (aurora_core) StderrLine: {'line': b'\x1b[01m\x1b[K/home/brown/Projects/MiningRobot/ros2_workspace/src/aurora_core/include/base/autonomy/include/aurora/../nanoslot/FusionMath.h:340:13:\x1b[m\x1b[K \x1b[01;35m\x1b[Kwarning: \x1b[m\x1b[KC++ designated initializers only available with \xe2\x80\x98\x1b[01m\x1b[K-std=c++20\x1b[m\x1b[K\xe2\x80\x99 or \xe2\x80\x98\x1b[01m\x1b[K-std=gnu++20\x1b[m\x1b[K\xe2\x80\x99 [\x1b[01;35m\x1b[K\x1b]8;;https://gcc.gnu.org/onlinedocs/gcc/Warning-Options.html#index-Wc++20-extensions\x07-Wc++20-extensions\x1b]8;;\x07\x1b[m\x1b[K]\n'}
[3.952228] (aurora_core) StderrLine: {'line': b'  340 |             \x1b[01;35m\x1b[K.\x1b[m\x1b[Kw = cosf(a),\n'}
[3.952408] (aurora_core) StderrLine: {'line': b'      |             \x1b[01;35m\x1b[K^\x1b[m\x1b[K\n'}
[3.952588] (aurora_core) StderrLine: {'line': b'\x1b[01m\x1b[K/home/brown/Projects/MiningRobot/ros2_workspace/src/aurora_core/include/base/autonomy/include/aurora/../nanoslot/FusionMath.h:341:13:\x1b[m\x1b[K \x1b[01;35m\x1b[Kwarning: \x1b[m\x1b[KC++ designated initializers only available with \xe2\x80\x98\x1b[01m\x1b[K-std=c++20\x1b[m\x1b[K\xe2\x80\x99 or \xe2\x80\x98\x1b[01m\x1b[K-std=gnu++20\x1b[m\x1b[K\xe2\x80\x99 [\x1b[01;35m\x1b[K\x1b]8;;https://gcc.gnu.org/onlinedocs/gcc/Warning-Options.html#index-Wc++20-extensions\x07-Wc++20-extensions\x1b]8;;\x07\x1b[m\x1b[K]\n'}
[3.952776] (aurora_core) StderrLine: {'line': b'  341 |             \x1b[01;35m\x1b[K.\x1b[m\x1b[Kx = 0.0f,\n'}
[3.952952] (aurora_core) StderrLine: {'line': b'      |             \x1b[01;35m\x1b[K^\x1b[m\x1b[K\n'}
[3.953134] (aurora_core) StderrLine: {'line': b'\x1b[01m\x1b[K/home/brown/Projects/MiningRobot/ros2_workspace/src/aurora_core/include/base/autonomy/include/aurora/../nanoslot/FusionMath.h:342:13:\x1b[m\x1b[K \x1b[01;35m\x1b[Kwarning: \x1b[m\x1b[KC++ designated initializers only available with \xe2\x80\x98\x1b[01m\x1b[K-std=c++20\x1b[m\x1b[K\xe2\x80\x99 or \xe2\x80\x98\x1b[01m\x1b[K-std=gnu++20\x1b[m\x1b[K\xe2\x80\x99 [\x1b[01;35m\x1b[K\x1b]8;;https://gcc.gnu.org/onlinedocs/gcc/Warning-Options.html#index-Wc++20-extensions\x07-Wc++20-extensions\x1b]8;;\x07\x1b[m\x1b[K]\n'}
[3.953356] (aurora_core) StderrLine: {'line': b'  342 |             \x1b[01;35m\x1b[K.\x1b[m\x1b[Ky = 0.0f,\n'}
[3.953540] (aurora_core) StderrLine: {'line': b'      |             \x1b[01;35m\x1b[K^\x1b[m\x1b[K\n'}
[3.953711] (aurora_core) StderrLine: {'line': b'\x1b[01m\x1b[K/home/brown/Projects/MiningRobot/ros2_workspace/src/aurora_core/include/base/autonomy/include/aurora/../nanoslot/FusionMath.h:343:13:\x1b[m\x1b[K \x1b[01;35m\x1b[Kwarning: \x1b[m\x1b[KC++ designated initializers only available with \xe2\x80\x98\x1b[01m\x1b[K-std=c++20\x1b[m\x1b[K\xe2\x80\x99 or \xe2\x80\x98\x1b[01m\x1b[K-std=gnu++20\x1b[m\x1b[K\xe2\x80\x99 [\x1b[01;35m\x1b[K\x1b]8;;https://gcc.gnu.org/onlinedocs/gcc/Warning-Options.html#index-Wc++20-extensions\x07-Wc++20-extensions\x1b]8;;\x07\x1b[m\x1b[K]\n'}
[3.953899] (aurora_core) StderrLine: {'line': b'  343 |             \x1b[01;35m\x1b[K.\x1b[m\x1b[Kz = 1.0f * sinf(a),\n'}
[3.954081] (aurora_core) StderrLine: {'line': b'      |             \x1b[01;35m\x1b[K^\x1b[m\x1b[K\n'}
[3.954258] (aurora_core) StderrLine: {'line': b'\x1b[01m\x1b[K/home/brown/Projects/MiningRobot/ros2_workspace/src/aurora_core/include/base/autonomy/include/aurora/../nanoslot/FusionMath.h:\x1b[m\x1b[K In function \xe2\x80\x98\x1b[01m\x1b[KFusionQuaternion\x1b[01;32m\x1b[K FusionQuaternionAdd\x1b[m\x1b[K(FusionQuaternion, FusionQuaternion)\x1b[m\x1b[K\xe2\x80\x99:\n'}
[3.954457] (aurora_core) StderrLine: {'line': b'\x1b[01m\x1b[K/home/brown/Projects/MiningRobot/ros2_workspace/src/aurora_core/include/base/autonomy/include/aurora/../nanoslot/FusionMath.h:363:38:\x1b[m\x1b[K \x1b[01;35m\x1b[Kwarning: \x1b[m\x1b[KC++ designated initializers only available with \xe2\x80\x98\x1b[01m\x1b[K-std=c++20\x1b[m\x1b[K\xe2\x80\x99 or \xe2\x80\x98\x1b[01m\x1b[K-std=gnu++20\x1b[m\x1b[K\xe2\x80\x99 [\x1b[01;35m\x1b[K\x1b]8;;https://gcc.gnu.org/onlinedocs/gcc/Warning-Options.html#index-Wc++20-extensions\x07-Wc++20-extensions\x1b]8;;\x07\x1b[m\x1b[K]\n'}
[3.954661] (aurora_core) StderrLine: {'line': b'  363 |     const FusionQuaternion result = {\x1b[01;35m\x1b[K.\x1b[m\x1b[Kelement = {\n'}
[3.954838] (aurora_core) StderrLine: {'line': b'      |                                      \x1b[01;35m\x1b[K^\x1b[m\x1b[K\n'}
[3.955012] (aurora_core) StderrLine: {'line': b'\x1b[01m\x1b[K/home/brown/Projects/MiningRobot/ros2_workspace/src/aurora_core/include/base/autonomy/include/aurora/../nanoslot/FusionMath.h:364:13:\x1b[m\x1b[K \x1b[01;35m\x1b[Kwarning: \x1b[m\x1b[KC++ designated initializers only available with \xe2\x80\x98\x1b[01m\x1b[K-std=c++20\x1b[m\x1b[K\xe2\x80\x99 or \xe2\x80\x98\x1b[01m\x1b[K-std=gnu++20\x1b[m\x1b[K\xe2\x80\x99 [\x1b[01;35m\x1b[K\x1b]8;;https://gcc.gnu.org/onlinedocs/gcc/Warning-Options.html#index-Wc++20-extensions\x07-Wc++20-extensions\x1b]8;;\x07\x1b[m\x1b[K]\n'}
[3.955196] (aurora_core) StderrLine: {'line': b'  364 |             \x1b[01;35m\x1b[K.\x1b[m\x1b[Kw = quaternionA.element.w + quaternionB.element.w,\n'}
[3.955377] (aurora_core) StderrLine: {'line': b'      |             \x1b[01;35m\x1b[K^\x1b[m\x1b[K\n'}
[3.955558] (aurora_core) StderrLine: {'line': b'\x1b[01m\x1b[K/home/brown/Projects/MiningRobot/ros2_workspace/src/aurora_core/include/base/autonomy/include/aurora/../nanoslot/FusionMath.h:365:13:\x1b[m\x1b[K \x1b[01;35m\x1b[Kwarning: \x1b[m\x1b[KC++ designated initializers only available with \xe2\x80\x98\x1b[01m\x1b[K-std=c++20\x1b[m\x1b[K\xe2\x80\x99 or \xe2\x80\x98\x1b[01m\x1b[K-std=gnu++20\x1b[m\x1b[K\xe2\x80\x99 [\x1b[01;35m\x1b[K\x1b]8;;https://gcc.gnu.org/onlinedocs/gcc/Warning-Options.html#index-Wc++20-extensions\x07-Wc++20-extensions\x1b]8;;\x07\x1b[m\x1b[K]\n'}
[3.955748] (aurora_core) StderrLine: {'line': b'  365 |             \x1b[01;35m\x1b[K.\x1b[m\x1b[Kx = quaternionA.element.x + quaternionB.element.x,\n'}
[3.955924] (aurora_core) StderrLine: {'line': b'      |             \x1b[01;35m\x1b[K^\x1b[m\x1b[K\n'}
[3.956116] (aurora_core) StderrLine: {'line': b'\x1b[01m\x1b[K/home/brown/Projects/MiningRobot/ros2_workspace/src/aurora_core/include/base/autonomy/include/aurora/../nanoslot/FusionMath.h:366:13:\x1b[m\x1b[K \x1b[01;35m\x1b[Kwarning: \x1b[m\x1b[KC++ designated initializers only available with \xe2\x80\x98\x1b[01m\x1b[K-std=c++20\x1b[m\x1b[K\xe2\x80\x99 or \xe2\x80\x98\x1b[01m\x1b[K-std=gnu++20\x1b[m\x1b[K\xe2\x80\x99 [\x1b[01;35m\x1b[K\x1b]8;;https://gcc.gnu.org/onlinedocs/gcc/Warning-Options.html#index-Wc++20-extensions\x07-Wc++20-extensions\x1b]8;;\x07\x1b[m\x1b[K]\n'}
[3.956320] (aurora_core) StderrLine: {'line': b'  366 |             \x1b[01;35m\x1b[K.\x1b[m\x1b[Ky = quaternionA.element.y + quaternionB.element.y,\n'}
[3.956506] (aurora_core) StderrLine: {'line': b'      |             \x1b[01;35m\x1b[K^\x1b[m\x1b[K\n'}
[3.956699] (aurora_core) StderrLine: {'line': b'\x1b[01m\x1b[K/home/brown/Projects/MiningRobot/ros2_workspace/src/aurora_core/include/base/autonomy/include/aurora/../nanoslot/FusionMath.h:367:13:\x1b[m\x1b[K \x1b[01;35m\x1b[Kwarning: \x1b[m\x1b[KC++ designated initializers only available with \xe2\x80\x98\x1b[01m\x1b[K-std=c++20\x1b[m\x1b[K\xe2\x80\x99 or \xe2\x80\x98\x1b[01m\x1b[K-std=gnu++20\x1b[m\x1b[K\xe2\x80\x99 [\x1b[01;35m\x1b[K\x1b]8;;https://gcc.gnu.org/onlinedocs/gcc/Warning-Options.html#index-Wc++20-extensions\x07-Wc++20-extensions\x1b]8;;\x07\x1b[m\x1b[K]\n'}
[3.956887] (aurora_core) StderrLine: {'line': b'  367 |             \x1b[01;35m\x1b[K.\x1b[m\x1b[Kz = quaternionA.element.z + quaternionB.element.z,\n'}
[3.957067] (aurora_core) StderrLine: {'line': b'      |             \x1b[01;35m\x1b[K^\x1b[m\x1b[K\n'}
[3.957249] (aurora_core) StderrLine: {'line': b'\x1b[01m\x1b[K/home/brown/Projects/MiningRobot/ros2_workspace/src/aurora_core/include/base/autonomy/include/aurora/../nanoslot/FusionMath.h:\x1b[m\x1b[K In function \xe2\x80\x98\x1b[01m\x1b[KFusionQuaternion\x1b[01;32m\x1b[K FusionQuaternionMultiply\x1b[m\x1b[K(FusionQuaternion, FusionQuaternion)\x1b[m\x1b[K\xe2\x80\x99:\n'}
[3.957434] (aurora_core) StderrLine: {'line': b'\x1b[01m\x1b[K/home/brown/Projects/MiningRobot/ros2_workspace/src/aurora_core/include/base/autonomy/include/aurora/../nanoslot/FusionMath.h:381:38:\x1b[m\x1b[K \x1b[01;35m\x1b[Kwarning: \x1b[m\x1b[KC++ designated initializers only available with \xe2\x80\x98\x1b[01m\x1b[K-std=c++20\x1b[m\x1b[K\xe2\x80\x99 or \xe2\x80\x98\x1b[01m\x1b[K-std=gnu++20\x1b[m\x1b[K\xe2\x80\x99 [\x1b[01;35m\x1b[K\x1b]8;;https://gcc.gnu.org/onlinedocs/gcc/Warning-Options.html#index-Wc++20-extensions\x07-Wc++20-extensions\x1b]8;;\x07\x1b[m\x1b[K]\n'}
[3.957624] (aurora_core) StderrLine: {'line': b'  381 |     const FusionQuaternion result = {\x1b[01;35m\x1b[K.\x1b[m\x1b[Kelement = {\n'}
[3.957806] (aurora_core) StderrLine: {'line': b'      |                                      \x1b[01;35m\x1b[K^\x1b[m\x1b[K\n'}
[3.957985] (aurora_core) StderrLine: {'line': b'\x1b[01m\x1b[K/home/brown/Projects/MiningRobot/ros2_workspace/src/aurora_core/include/base/autonomy/include/aurora/../nanoslot/FusionMath.h:382:13:\x1b[m\x1b[K \x1b[01;35m\x1b[Kwarning: \x1b[m\x1b[KC++ designated initializers only available with \xe2\x80\x98\x1b[01m\x1b[K-std=c++20\x1b[m\x1b[K\xe2\x80\x99 or \xe2\x80\x98\x1b[01m\x1b[K-std=gnu++20\x1b[m\x1b[K\xe2\x80\x99 [\x1b[01;35m\x1b[K\x1b]8;;https://gcc.gnu.org/onlinedocs/gcc/Warning-Options.html#index-Wc++20-extensions\x07-Wc++20-extensions\x1b]8;;\x07\x1b[m\x1b[K]\n'}
[3.958176] (aurora_core) StderrLine: {'line': b'  382 |             \x1b[01;35m\x1b[K.\x1b[m\x1b[Kw = A.w * B.w - A.x * B.x - A.y * B.y - A.z * B.z,\n'}
[3.958377] (aurora_core) StderrLine: {'line': b'      |             \x1b[01;35m\x1b[K^\x1b[m\x1b[K\n'}
[3.958552] (aurora_core) StderrLine: {'line': b'\x1b[01m\x1b[K/home/brown/Projects/MiningRobot/ros2_workspace/src/aurora_core/include/base/autonomy/include/aurora/../nanoslot/FusionMath.h:383:13:\x1b[m\x1b[K \x1b[01;35m\x1b[Kwarning: \x1b[m\x1b[KC++ designated initializers only available with \xe2\x80\x98\x1b[01m\x1b[K-std=c++20\x1b[m\x1b[K\xe2\x80\x99 or \xe2\x80\x98\x1b[01m\x1b[K-std=gnu++20\x1b[m\x1b[K\xe2\x80\x99 [\x1b[01;35m\x1b[K\x1b]8;;https://gcc.gnu.org/onlinedocs/gcc/Warning-Options.html#index-Wc++20-extensions\x07-Wc++20-extensions\x1b]8;;\x07\x1b[m\x1b[K]\n'}
[3.958763] (aurora_core) StderrLine: {'line': b'  383 |             \x1b[01;35m\x1b[K.\x1b[m\x1b[Kx = A.w * B.x + A.x * B.w + A.y * B.z - A.z * B.y,\n'}
[3.958944] (aurora_core) StderrLine: {'line': b'      |             \x1b[01;35m\x1b[K^\x1b[m\x1b[K\n'}
[3.959125] (aurora_core) StderrLine: {'line': b'\x1b[01m\x1b[K/home/brown/Projects/MiningRobot/ros2_workspace/src/aurora_core/include/base/autonomy/include/aurora/../nanoslot/FusionMath.h:384:13:\x1b[m\x1b[K \x1b[01;35m\x1b[Kwarning: \x1b[m\x1b[KC++ designated initializers only available with \xe2\x80\x98\x1b[01m\x1b[K-std=c++20\x1b[m\x1b[K\xe2\x80\x99 or \xe2\x80\x98\x1b[01m\x1b[K-std=gnu++20\x1b[m\x1b[K\xe2\x80\x99 [\x1b[01;35m\x1b[K\x1b]8;;https://gcc.gnu.org/onlinedocs/gcc/Warning-Options.html#index-Wc++20-extensions\x07-Wc++20-extensions\x1b]8;;\x07\x1b[m\x1b[K]\n'}
[3.959315] (aurora_core) StderrLine: {'line': b'  384 |             \x1b[01;35m\x1b[K.\x1b[m\x1b[Ky = A.w * B.y - A.x * B.z + A.y * B.w + A.z * B.x,\n'}
[3.959497] (aurora_core) StderrLine: {'line': b'      |             \x1b[01;35m\x1b[K^\x1b[m\x1b[K\n'}
[3.959661] (aurora_core) StderrLine: {'line': b'\x1b[01m\x1b[K/home/brown/Projects/MiningRobot/ros2_workspace/src/aurora_core/include/base/autonomy/include/aurora/../nanoslot/FusionMath.h:385:13:\x1b[m\x1b[K \x1b[01;35m\x1b[Kwarning: \x1b[m\x1b[KC++ designated initializers only available with \xe2\x80\x98\x1b[01m\x1b[K-std=c++20\x1b[m\x1b[K\xe2\x80\x99 or \xe2\x80\x98\x1b[01m\x1b[K-std=gnu++20\x1b[m\x1b[K\xe2\x80\x99 [\x1b[01;35m\x1b[K\x1b]8;;https://gcc.gnu.org/onlinedocs/gcc/Warning-Options.html#index-Wc++20-extensions\x07-Wc++20-extensions\x1b]8;;\x07\x1b[m\x1b[K]\n'}
[3.959845] (aurora_core) StderrLine: {'line': b'  385 |             \x1b[01;35m\x1b[K.\x1b[m\x1b[Kz = A.w * B.z + A.x * B.y - A.y * B.x + A.z * B.w,\n'}
[3.960058] (aurora_core) StderrLine: {'line': b'      |             \x1b[01;35m\x1b[K^\x1b[m\x1b[K\n'}
[3.960239] (aurora_core) StderrLine: {'line': b'\x1b[01m\x1b[K/home/brown/Projects/MiningRobot/ros2_workspace/src/aurora_core/include/base/autonomy/include/aurora/../nanoslot/FusionMath.h:\x1b[m\x1b[K In function \xe2\x80\x98\x1b[01m\x1b[KFusionQuaternion\x1b[01;32m\x1b[K FusionQuaternionMultiplyVector\x1b[m\x1b[K(FusionQuaternion, FusionVector)\x1b[m\x1b[K\xe2\x80\x99:\n'}
[3.960424] (aurora_core) StderrLine: {'line': b'\x1b[01m\x1b[K/home/brown/Projects/MiningRobot/ros2_workspace/src/aurora_core/include/base/autonomy/include/aurora/../nanoslot/FusionMath.h:404:38:\x1b[m\x1b[K \x1b[01;35m\x1b[Kwarning: \x1b[m\x1b[KC++ designated initializers only available with \xe2\x80\x98\x1b[01m\x1b[K-std=c++20\x1b[m\x1b[K\xe2\x80\x99 or \xe2\x80\x98\x1b[01m\x1b[K-std=gnu++20\x1b[m\x1b[K\xe2\x80\x99 [\x1b[01;35m\x1b[K\x1b]8;;https://gcc.gnu.org/onlinedocs/gcc/Warning-Options.html#index-Wc++20-extensions\x07-Wc++20-extensions\x1b]8;;\x07\x1b[m\x1b[K]\n'}
[3.960612] (aurora_core) StderrLine: {'line': b'  404 |     const FusionQuaternion result = {\x1b[01;35m\x1b[K.\x1b[m\x1b[Kelement = {\n'}
[3.960789] (aurora_core) StderrLine: {'line': b'      |                                      \x1b[01;35m\x1b[K^\x1b[m\x1b[K\n'}
[3.960972] (aurora_core) StderrLine: {'line': b'\x1b[01m\x1b[K/home/brown/Projects/MiningRobot/ros2_workspace/src/aurora_core/include/base/autonomy/include/aurora/../nanoslot/FusionMath.h:405:13:\x1b[m\x1b[K \x1b[01;35m\x1b[Kwarning: \x1b[m\x1b[KC++ designated initializers only available with \xe2\x80\x98\x1b[01m\x1b[K-std=c++20\x1b[m\x1b[K\xe2\x80\x99 or \xe2\x80\x98\x1b[01m\x1b[K-std=gnu++20\x1b[m\x1b[K\xe2\x80\x99 [\x1b[01;35m\x1b[K\x1b]8;;https://gcc.gnu.org/onlinedocs/gcc/Warning-Options.html#index-Wc++20-extensions\x07-Wc++20-extensions\x1b]8;;\x07\x1b[m\x1b[K]\n'}
[3.961162] (aurora_core) StderrLine: {'line': b'  405 |             \x1b[01;35m\x1b[K.\x1b[m\x1b[Kw = -Q.x * V.x - Q.y * V.y - Q.z * V.z,\n'}
[3.961348] (aurora_core) StderrLine: {'line': b'      |             \x1b[01;35m\x1b[K^\x1b[m\x1b[K\n'}
[3.961544] (aurora_core) StderrLine: {'line': b'\x1b[01m\x1b[K/home/brown/Projects/MiningRobot/ros2_workspace/src/aurora_core/include/base/autonomy/include/aurora/../nanoslot/FusionMath.h:406:13:\x1b[m\x1b[K \x1b[01;35m\x1b[Kwarning: \x1b[m\x1b[KC++ designated initializers only available with \xe2\x80\x98\x1b[01m\x1b[K-std=c++20\x1b[m\x1b[K\xe2\x80\x99 or \xe2\x80\x98\x1b[01m\x1b[K-std=gnu++20\x1b[m\x1b[K\xe2\x80\x99 [\x1b[01;35m\x1b[K\x1b]8;;https://gcc.gnu.org/onlinedocs/gcc/Warning-Options.html#index-Wc++20-extensions\x07-Wc++20-extensions\x1b]8;;\x07\x1b[m\x1b[K]\n'}
[3.961732] (aurora_core) StderrLine: {'line': b'  406 |             \x1b[01;35m\x1b[K.\x1b[m\x1b[Kx = Q.w * V.x + Q.y * V.z - Q.z * V.y,\n'}
[3.961914] (aurora_core) StderrLine: {'line': b'      |             \x1b[01;35m\x1b[K^\x1b[m\x1b[K\n'}
[3.962088] (aurora_core) StderrLine: {'line': b'\x1b[01m\x1b[K/home/brown/Projects/MiningRobot/ros2_workspace/src/aurora_core/include/base/autonomy/include/aurora/../nanoslot/FusionMath.h:407:13:\x1b[m\x1b[K \x1b[01;35m\x1b[Kwarning: \x1b[m\x1b[KC++ designated initializers only available with \xe2\x80\x98\x1b[01m\x1b[K-std=c++20\x1b[m\x1b[K\xe2\x80\x99 or \xe2\x80\x98\x1b[01m\x1b[K-std=gnu++20\x1b[m\x1b[K\xe2\x80\x99 [\x1b[01;35m\x1b[K\x1b]8;;https://gcc.gnu.org/onlinedocs/gcc/Warning-Options.html#index-Wc++20-extensions\x07-Wc++20-extensions\x1b]8;;\x07\x1b[m\x1b[K]\n'}
[3.962273] (aurora_core) StderrLine: {'line': b'  407 |             \x1b[01;35m\x1b[K.\x1b[m\x1b[Ky = Q.w * V.y - Q.x * V.z + Q.z * V.x,\n'}
[3.962554] (aurora_core) StderrLine: {'line': b'      |             \x1b[01;35m\x1b[K^\x1b[m\x1b[K\n'}
[3.962738] (aurora_core) StderrLine: {'line': b'\x1b[01m\x1b[K/home/brown/Projects/MiningRobot/ros2_workspace/src/aurora_core/include/base/autonomy/include/aurora/../nanoslot/FusionMath.h:408:13:\x1b[m\x1b[K \x1b[01;35m\x1b[Kwarning: \x1b[m\x1b[KC++ designated initializers only available with \xe2\x80\x98\x1b[01m\x1b[K-std=c++20\x1b[m\x1b[K\xe2\x80\x99 or \xe2\x80\x98\x1b[01m\x1b[K-std=gnu++20\x1b[m\x1b[K\xe2\x80\x99 [\x1b[01;35m\x1b[K\x1b]8;;https://gcc.gnu.org/onlinedocs/gcc/Warning-Options.html#index-Wc++20-extensions\x07-Wc++20-extensions\x1b]8;;\x07\x1b[m\x1b[K]\n'}
[3.962929] (aurora_core) StderrLine: {'line': b'  408 |             \x1b[01;35m\x1b[K.\x1b[m\x1b[Kz = Q.w * V.z + Q.x * V.y - Q.y * V.x,\n'}
[3.963090] (aurora_core) StderrLine: {'line': b'      |             \x1b[01;35m\x1b[K^\x1b[m\x1b[K\n'}
[3.963249] (aurora_core) StderrLine: {'line': b'\x1b[01m\x1b[K/home/brown/Projects/MiningRobot/ros2_workspace/src/aurora_core/include/base/autonomy/include/aurora/../nanoslot/FusionMath.h:\x1b[m\x1b[K In function \xe2\x80\x98\x1b[01m\x1b[KFusionQuaternion\x1b[01;32m\x1b[K FusionQuaternionConjugate\x1b[m\x1b[K(FusionQuaternion)\x1b[m\x1b[K\xe2\x80\x99:\n'}
[3.963434] (aurora_core) StderrLine: {'line': b'\x1b[01m\x1b[K/home/brown/Projects/MiningRobot/ros2_workspace/src/aurora_core/include/base/autonomy/include/aurora/../nanoslot/FusionMath.h:424:38:\x1b[m\x1b[K \x1b[01;35m\x1b[Kwarning: \x1b[m\x1b[KC++ designated initializers only available with \xe2\x80\x98\x1b[01m\x1b[K-std=c++20\x1b[m\x1b[K\xe2\x80\x99 or \xe2\x80\x98\x1b[01m\x1b[K-std=gnu++20\x1b[m\x1b[K\xe2\x80\x99 [\x1b[01;35m\x1b[K\x1b]8;;https://gcc.gnu.org/onlinedocs/gcc/Warning-Options.html#index-Wc++20-extensions\x07-Wc++20-extensions\x1b]8;;\x07\x1b[m\x1b[K]\n'}
[3.963611] (aurora_core) StderrLine: {'line': b'  424 |     const FusionQuaternion result = {\x1b[01;35m\x1b[K.\x1b[m\x1b[Kelement = {\n'}
[3.963788] (aurora_core) StderrLine: {'line': b'      |                                      \x1b[01;35m\x1b[K^\x1b[m\x1b[K\n'}
[3.963961] (aurora_core) StderrLine: {'line': b'\x1b[01m\x1b[K/home/brown/Projects/MiningRobot/ros2_workspace/src/aurora_core/include/base/autonomy/include/aurora/../nanoslot/FusionMath.h:425:13:\x1b[m\x1b[K \x1b[01;35m\x1b[Kwarning: \x1b[m\x1b[KC++ designated initializers only available with \xe2\x80\x98\x1b[01m\x1b[K-std=c++20\x1b[m\x1b[K\xe2\x80\x99 or \xe2\x80\x98\x1b[01m\x1b[K-std=gnu++20\x1b[m\x1b[K\xe2\x80\x99 [\x1b[01;35m\x1b[K\x1b]8;;https://gcc.gnu.org/onlinedocs/gcc/Warning-Options.html#index-Wc++20-extensions\x07-Wc++20-extensions\x1b]8;;\x07\x1b[m\x1b[K]\n'}
[3.964171] (aurora_core) StderrLine: {'line': b'  425 |             \x1b[01;35m\x1b[K.\x1b[m\x1b[Kw = Q.w,\n'}
[3.964349] (aurora_core) StderrLine: {'line': b'      |             \x1b[01;35m\x1b[K^\x1b[m\x1b[K\n'}
[3.964523] (aurora_core) StderrLine: {'line': b'\x1b[01m\x1b[K/home/brown/Projects/MiningRobot/ros2_workspace/src/aurora_core/include/base/autonomy/include/aurora/../nanoslot/FusionMath.h:426:13:\x1b[m\x1b[K \x1b[01;35m\x1b[Kwarning: \x1b[m\x1b[KC++ designated initializers only available with \xe2\x80\x98\x1b[01m\x1b[K-std=c++20\x1b[m\x1b[K\xe2\x80\x99 or \xe2\x80\x98\x1b[01m\x1b[K-std=gnu++20\x1b[m\x1b[K\xe2\x80\x99 [\x1b[01;35m\x1b[K\x1b]8;;https://gcc.gnu.org/onlinedocs/gcc/Warning-Options.html#index-Wc++20-extensions\x07-Wc++20-extensions\x1b]8;;\x07\x1b[m\x1b[K]\n'}
[3.964707] (aurora_core) StderrLine: {'line': b'  426 |             \x1b[01;35m\x1b[K.\x1b[m\x1b[Kx = -Q.x,\n'}
[3.964885] (aurora_core) StderrLine: {'line': b'      |             \x1b[01;35m\x1b[K^\x1b[m\x1b[K\n'}
[3.965056] (aurora_core) StderrLine: {'line': b'\x1b[01m\x1b[K/home/brown/Projects/MiningRobot/ros2_workspace/src/aurora_core/include/base/autonomy/include/aurora/../nanoslot/FusionMath.h:427:13:\x1b[m\x1b[K \x1b[01;35m\x1b[Kwarning: \x1b[m\x1b[KC++ designated initializers only available with \xe2\x80\x98\x1b[01m\x1b[K-std=c++20\x1b[m\x1b[K\xe2\x80\x99 or \xe2\x80\x98\x1b[01m\x1b[K-std=gnu++20\x1b[m\x1b[K\xe2\x80\x99 [\x1b[01;35m\x1b[K\x1b]8;;https://gcc.gnu.org/onlinedocs/gcc/Warning-Options.html#index-Wc++20-extensions\x07-Wc++20-extensions\x1b]8;;\x07\x1b[m\x1b[K]\n'}
[3.965218] (aurora_core) StderrLine: {'line': b'  427 |             \x1b[01;35m\x1b[K.\x1b[m\x1b[Ky = -Q.y,\n'}
[3.965376] (aurora_core) StderrLine: {'line': b'      |             \x1b[01;35m\x1b[K^\x1b[m\x1b[K\n'}
[3.965544] (aurora_core) StderrLine: {'line': b'\x1b[01m\x1b[K/home/brown/Projects/MiningRobot/ros2_workspace/src/aurora_core/include/base/autonomy/include/aurora/../nanoslot/FusionMath.h:428:13:\x1b[m\x1b[K \x1b[01;35m\x1b[Kwarning: \x1b[m\x1b[KC++ designated initializers only available with \xe2\x80\x98\x1b[01m\x1b[K-std=c++20\x1b[m\x1b[K\xe2\x80\x99 or \xe2\x80\x98\x1b[01m\x1b[K-std=gnu++20\x1b[m\x1b[K\xe2\x80\x99 [\x1b[01;35m\x1b[K\x1b]8;;https://gcc.gnu.org/onlinedocs/gcc/Warning-Options.html#index-Wc++20-extensions\x07-Wc++20-extensions\x1b]8;;\x07\x1b[m\x1b[K]\n'}
[3.965725] (aurora_core) StderrLine: {'line': b'  428 |             \x1b[01;35m\x1b[K.\x1b[m\x1b[Kz = -Q.z,\n'}
[3.965897] (aurora_core) StderrLine: {'line': b'      |             \x1b[01;35m\x1b[K^\x1b[m\x1b[K\n'}
[3.966072] (aurora_core) StderrLine: {'line': b'\x1b[01m\x1b[K/home/brown/Projects/MiningRobot/ros2_workspace/src/aurora_core/include/base/autonomy/include/aurora/../nanoslot/FusionMath.h:\x1b[m\x1b[K In function \xe2\x80\x98\x1b[01m\x1b[KFusionQuaternion\x1b[01;32m\x1b[K FusionQuaternionNormalise\x1b[m\x1b[K(FusionQuaternion)\x1b[m\x1b[K\xe2\x80\x99:\n'}
[3.966251] (aurora_core) StderrLine: {'line': b'\x1b[01m\x1b[K/home/brown/Projects/MiningRobot/ros2_workspace/src/aurora_core/include/base/autonomy/include/aurora/../nanoslot/FusionMath.h:448:38:\x1b[m\x1b[K \x1b[01;35m\x1b[Kwarning: \x1b[m\x1b[KC++ designated initializers only available with \xe2\x80\x98\x1b[01m\x1b[K-std=c++20\x1b[m\x1b[K\xe2\x80\x99 or \xe2\x80\x98\x1b[01m\x1b[K-std=gnu++20\x1b[m\x1b[K\xe2\x80\x99 [\x1b[01;35m\x1b[K\x1b]8;;https://gcc.gnu.org/onlinedocs/gcc/Warning-Options.html#index-Wc++20-extensions\x07-Wc++20-extensions\x1b]8;;\x07\x1b[m\x1b[K]\n'}
[3.966450] (aurora_core) StderrLine: {'line': b'  448 |     const FusionQuaternion result = {\x1b[01;35m\x1b[K.\x1b[m\x1b[Kelement = {\n'}
[3.966643] (aurora_core) StderrLine: {'line': b'      |                                      \x1b[01;35m\x1b[K^\x1b[m\x1b[K\n'}
[3.966839] (aurora_core) StderrLine: {'line': b'\x1b[01m\x1b[K/home/brown/Projects/MiningRobot/ros2_workspace/src/aurora_core/include/base/autonomy/include/aurora/../nanoslot/FusionMath.h:449:13:\x1b[m\x1b[K \x1b[01;35m\x1b[Kwarning: \x1b[m\x1b[KC++ designated initializers only available with \xe2\x80\x98\x1b[01m\x1b[K-std=c++20\x1b[m\x1b[K\xe2\x80\x99 or \xe2\x80\x98\x1b[01m\x1b[K-std=gnu++20\x1b[m\x1b[K\xe2\x80\x99 [\x1b[01;35m\x1b[K\x1b]8;;https://gcc.gnu.org/onlinedocs/gcc/Warning-Options.html#index-Wc++20-extensions\x07-Wc++20-extensions\x1b]8;;\x07\x1b[m\x1b[K]\n'}
[3.967036] (aurora_core) StderrLine: {'line': b'  449 |             \x1b[01;35m\x1b[K.\x1b[m\x1b[Kw = Q.w * magnitudeReciprocal,\n'}
[3.967211] (aurora_core) StderrLine: {'line': b'      |             \x1b[01;35m\x1b[K^\x1b[m\x1b[K\n'}
[3.967385] (aurora_core) StderrLine: {'line': b'\x1b[01m\x1b[K/home/brown/Projects/MiningRobot/ros2_workspace/src/aurora_core/include/base/autonomy/include/aurora/../nanoslot/FusionMath.h:450:13:\x1b[m\x1b[K \x1b[01;35m\x1b[Kwarning: \x1b[m\x1b[KC++ designated initializers only available with \xe2\x80\x98\x1b[01m\x1b[K-std=c++20\x1b[m\x1b[K\xe2\x80\x99 or \xe2\x80\x98\x1b[01m\x1b[K-std=gnu++20\x1b[m\x1b[K\xe2\x80\x99 [\x1b[01;35m\x1b[K\x1b]8;;https://gcc.gnu.org/onlinedocs/gcc/Warning-Options.html#index-Wc++20-extensions\x07-Wc++20-extensions\x1b]8;;\x07\x1b[m\x1b[K]\n'}
[3.967570] (aurora_core) StderrLine: {'line': b'  450 |             \x1b[01;35m\x1b[K.\x1b[m\x1b[Kx = Q.x * magnitudeReciprocal,\n'}
[3.967746] (aurora_core) StderrLine: {'line': b'      |             \x1b[01;35m\x1b[K^\x1b[m\x1b[K\n'}
[3.967923] (aurora_core) StderrLine: {'line': b'\x1b[01m\x1b[K/home/brown/Projects/MiningRobot/ros2_workspace/src/aurora_core/include/base/autonomy/include/aurora/../nanoslot/FusionMath.h:451:13:\x1b[m\x1b[K \x1b[01;35m\x1b[Kwarning: \x1b[m\x1b[KC++ designated initializers only available with \xe2\x80\x98\x1b[01m\x1b[K-std=c++20\x1b[m\x1b[K\xe2\x80\x99 or \xe2\x80\x98\x1b[01m\x1b[K-std=gnu++20\x1b[m\x1b[K\xe2\x80\x99 [\x1b[01;35m\x1b[K\x1b]8;;https://gcc.gnu.org/onlinedocs/gcc/Warning-Options.html#index-Wc++20-extensions\x07-Wc++20-extensions\x1b]8;;\x07\x1b[m\x1b[K]\n'}
[3.968122] (aurora_core) StderrLine: {'line': b'  451 |             \x1b[01;35m\x1b[K.\x1b[m\x1b[Ky = Q.y * magnitudeReciprocal,\n'}
[3.968299] (aurora_core) StderrLine: {'line': b'      |             \x1b[01;35m\x1b[K^\x1b[m\x1b[K\n'}
[3.968477] (aurora_core) StderrLine: {'line': b'\x1b[01m\x1b[K/home/brown/Projects/MiningRobot/ros2_workspace/src/aurora_core/include/base/autonomy/include/aurora/../nanoslot/FusionMath.h:452:13:\x1b[m\x1b[K \x1b[01;35m\x1b[Kwarning: \x1b[m\x1b[KC++ designated initializers only available with \xe2\x80\x98\x1b[01m\x1b[K-std=c++20\x1b[m\x1b[K\xe2\x80\x99 or \xe2\x80\x98\x1b[01m\x1b[K-std=gnu++20\x1b[m\x1b[K\xe2\x80\x99 [\x1b[01;35m\x1b[K\x1b]8;;https://gcc.gnu.org/onlinedocs/gcc/Warning-Options.html#index-Wc++20-extensions\x07-Wc++20-extensions\x1b]8;;\x07\x1b[m\x1b[K]\n'}
[3.968666] (aurora_core) StderrLine: {'line': b'  452 |             \x1b[01;35m\x1b[K.\x1b[m\x1b[Kz = Q.z * magnitudeReciprocal,\n'}
[3.968843] (aurora_core) StderrLine: {'line': b'      |             \x1b[01;35m\x1b[K^\x1b[m\x1b[K\n'}
[3.969019] (aurora_core) StderrLine: {'line': b'\x1b[01m\x1b[K/home/brown/Projects/MiningRobot/ros2_workspace/src/aurora_core/include/base/autonomy/include/aurora/../nanoslot/FusionMath.h:\x1b[m\x1b[K In function \xe2\x80\x98\x1b[01m\x1b[KFusionVector\x1b[01;32m\x1b[K FusionMatrixMultiplyVector\x1b[m\x1b[K(FusionMatrix, FusionVector)\x1b[m\x1b[K\xe2\x80\x99:\n'}
[3.969204] (aurora_core) StderrLine: {'line': b'\x1b[01m\x1b[K/home/brown/Projects/MiningRobot/ros2_workspace/src/aurora_core/include/base/autonomy/include/aurora/../nanoslot/FusionMath.h:469:34:\x1b[m\x1b[K \x1b[01;35m\x1b[Kwarning: \x1b[m\x1b[KC++ designated initializers only available with \xe2\x80\x98\x1b[01m\x1b[K-std=c++20\x1b[m\x1b[K\xe2\x80\x99 or \xe2\x80\x98\x1b[01m\x1b[K-std=gnu++20\x1b[m\x1b[K\xe2\x80\x99 [\x1b[01;35m\x1b[K\x1b]8;;https://gcc.gnu.org/onlinedocs/gcc/Warning-Options.html#index-Wc++20-extensions\x07-Wc++20-extensions\x1b]8;;\x07\x1b[m\x1b[K]\n'}
[3.969403] (aurora_core) StderrLine: {'line': b'  469 |     const FusionVector result = {\x1b[01;35m\x1b[K.\x1b[m\x1b[Kaxis = {\n'}
[3.969579] (aurora_core) StderrLine: {'line': b'      |                                  \x1b[01;35m\x1b[K^\x1b[m\x1b[K\n'}
[3.969757] (aurora_core) StderrLine: {'line': b'\x1b[01m\x1b[K/home/brown/Projects/MiningRobot/ros2_workspace/src/aurora_core/include/base/autonomy/include/aurora/../nanoslot/FusionMath.h:470:13:\x1b[m\x1b[K \x1b[01;35m\x1b[Kwarning: \x1b[m\x1b[KC++ designated initializers only available with \xe2\x80\x98\x1b[01m\x1b[K-std=c++20\x1b[m\x1b[K\xe2\x80\x99 or \xe2\x80\x98\x1b[01m\x1b[K-std=gnu++20\x1b[m\x1b[K\xe2\x80\x99 [\x1b[01;35m\x1b[K\x1b]8;;https://gcc.gnu.org/onlinedocs/gcc/Warning-Options.html#index-Wc++20-extensions\x07-Wc++20-extensions\x1b]8;;\x07\x1b[m\x1b[K]\n'}
[3.969951] (aurora_core) StderrLine: {'line': b'  470 |             \x1b[01;35m\x1b[K.\x1b[m\x1b[Kx = R.xx * vector.axis.x + R.xy * vector.axis.y + R.xz * vector.axis.z,\n'}
[3.970135] (aurora_core) StderrLine: {'line': b'      |             \x1b[01;35m\x1b[K^\x1b[m\x1b[K\n'}
[3.970310] (aurora_core) StderrLine: {'line': b'\x1b[01m\x1b[K/home/brown/Projects/MiningRobot/ros2_workspace/src/aurora_core/include/base/autonomy/include/aurora/../nanoslot/FusionMath.h:471:13:\x1b[m\x1b[K \x1b[01;35m\x1b[Kwarning: \x1b[m\x1b[KC++ designated initializers only available with \xe2\x80\x98\x1b[01m\x1b[K-std=c++20\x1b[m\x1b[K\xe2\x80\x99 or \xe2\x80\x98\x1b[01m\x1b[K-std=gnu++20\x1b[m\x1b[K\xe2\x80\x99 [\x1b[01;35m\x1b[K\x1b]8;;https://gcc.gnu.org/onlinedocs/gcc/Warning-Options.html#index-Wc++20-extensions\x07-Wc++20-extensions\x1b]8;;\x07\x1b[m\x1b[K]\n'}
[3.970499] (aurora_core) StderrLine: {'line': b'  471 |             \x1b[01;35m\x1b[K.\x1b[m\x1b[Ky = R.yx * vector.axis.x + R.yy * vector.axis.y + R.yz * vector.axis.z,\n'}
[3.970693] (aurora_core) StderrLine: {'line': b'      |             \x1b[01;35m\x1b[K^\x1b[m\x1b[K\n'}
[3.970870] (aurora_core) StderrLine: {'line': b'\x1b[01m\x1b[K/home/brown/Projects/MiningRobot/ros2_workspace/src/aurora_core/include/base/autonomy/include/aurora/../nanoslot/FusionMath.h:472:13:\x1b[m\x1b[K \x1b[01;35m\x1b[Kwarning: \x1b[m\x1b[KC++ designated initializers only available with \xe2\x80\x98\x1b[01m\x1b[K-std=c++20\x1b[m\x1b[K\xe2\x80\x99 or \xe2\x80\x98\x1b[01m\x1b[K-std=gnu++20\x1b[m\x1b[K\xe2\x80\x99 [\x1b[01;35m\x1b[K\x1b]8;;https://gcc.gnu.org/onlinedocs/gcc/Warning-Options.html#index-Wc++20-extensions\x07-Wc++20-extensions\x1b]8;;\x07\x1b[m\x1b[K]\n'}
[3.971067] (aurora_core) StderrLine: {'line': b'  472 |             \x1b[01;35m\x1b[K.\x1b[m\x1b[Kz = R.zx * vector.axis.x + R.zy * vector.axis.y + R.zz * vector.axis.z,\n'}
[3.971243] (aurora_core) StderrLine: {'line': b'      |             \x1b[01;35m\x1b[K^\x1b[m\x1b[K\n'}
[3.971419] (aurora_core) StderrLine: {'line': b'\x1b[01m\x1b[K/home/brown/Projects/MiningRobot/ros2_workspace/src/aurora_core/include/base/autonomy/include/aurora/../nanoslot/FusionMath.h:\x1b[m\x1b[K In function \xe2\x80\x98\x1b[01m\x1b[KFusionVector\x1b[01;32m\x1b[K FusionQuaternionXaxis\x1b[m\x1b[K(FusionQuaternion)\x1b[m\x1b[K\xe2\x80\x99:\n'}
[3.971600] (aurora_core) StderrLine: {'line': b'\x1b[01m\x1b[K/home/brown/Projects/MiningRobot/ros2_workspace/src/aurora_core/include/base/autonomy/include/aurora/../nanoslot/FusionMath.h:484:34:\x1b[m\x1b[K \x1b[01;35m\x1b[Kwarning: \x1b[m\x1b[KC++ designated initializers only available with \xe2\x80\x98\x1b[01m\x1b[K-std=c++20\x1b[m\x1b[K\xe2\x80\x99 or \xe2\x80\x98\x1b[01m\x1b[K-std=gnu++20\x1b[m\x1b[K\xe2\x80\x99 [\x1b[01;35m\x1b[K\x1b]8;;https://gcc.gnu.org/onlinedocs/gcc/Warning-Options.html#index-Wc++20-extensions\x07-Wc++20-extensions\x1b]8;;\x07\x1b[m\x1b[K]\n'}
[3.971803] (aurora_core) StderrLine: {'line': b'  484 |     const FusionVector result = {\x1b[01;35m\x1b[K.\x1b[m\x1b[Kaxis={\n'}
[3.971979] (aurora_core) StderrLine: {'line': b'      |                                  \x1b[01;35m\x1b[K^\x1b[m\x1b[K\n'}
[3.972157] (aurora_core) StderrLine: {'line': b'\x1b[01m\x1b[K/home/brown/Projects/MiningRobot/ros2_workspace/src/aurora_core/include/base/autonomy/include/aurora/../nanoslot/FusionMath.h:485:5:\x1b[m\x1b[K \x1b[01;35m\x1b[Kwarning: \x1b[m\x1b[KC++ designated initializers only available with \xe2\x80\x98\x1b[01m\x1b[K-std=c++20\x1b[m\x1b[K\xe2\x80\x99 or \xe2\x80\x98\x1b[01m\x1b[K-std=gnu++20\x1b[m\x1b[K\xe2\x80\x99 [\x1b[01;35m\x1b[K\x1b]8;;https://gcc.gnu.org/onlinedocs/gcc/Warning-Options.html#index-Wc++20-extensions\x07-Wc++20-extensions\x1b]8;;\x07\x1b[m\x1b[K]\n'}
[3.972359] (aurora_core) StderrLine: {'line': b'  485 |     \x1b[01;35m\x1b[K.\x1b[m\x1b[Kx = 2.0f * (Q.w*Q.w - 0.5f + Q.x * Q.x),\n'}
[3.972534] (aurora_core) StderrLine: {'line': b'      |     \x1b[01;35m\x1b[K^\x1b[m\x1b[K\n'}
[3.972710] (aurora_core) StderrLine: {'line': b'\x1b[01m\x1b[K/home/brown/Projects/MiningRobot/ros2_workspace/src/aurora_core/include/base/autonomy/include/aurora/../nanoslot/FusionMath.h:486:5:\x1b[m\x1b[K \x1b[01;35m\x1b[Kwarning: \x1b[m\x1b[KC++ designated initializers only available with \xe2\x80\x98\x1b[01m\x1b[K-std=c++20\x1b[m\x1b[K\xe2\x80\x99 or \xe2\x80\x98\x1b[01m\x1b[K-std=gnu++20\x1b[m\x1b[K\xe2\x80\x99 [\x1b[01;35m\x1b[K\x1b]8;;https://gcc.gnu.org/onlinedocs/gcc/Warning-Options.html#index-Wc++20-extensions\x07-Wc++20-extensions\x1b]8;;\x07\x1b[m\x1b[K]\n'}
[3.972897] (aurora_core) StderrLine: {'line': b'  486 |     \x1b[01;35m\x1b[K.\x1b[m\x1b[Ky = 2.0f * (Q.x*Q.y + Q.w*Q.z),\n'}
[3.973075] (aurora_core) StderrLine: {'line': b'      |     \x1b[01;35m\x1b[K^\x1b[m\x1b[K\n'}
[3.973250] (aurora_core) StderrLine: {'line': b'\x1b[01m\x1b[K/home/brown/Projects/MiningRobot/ros2_workspace/src/aurora_core/include/base/autonomy/include/aurora/../nanoslot/FusionMath.h:487:5:\x1b[m\x1b[K \x1b[01;35m\x1b[Kwarning: \x1b[m\x1b[KC++ designated initializers only available with \xe2\x80\x98\x1b[01m\x1b[K-std=c++20\x1b[m\x1b[K\xe2\x80\x99 or \xe2\x80\x98\x1b[01m\x1b[K-std=gnu++20\x1b[m\x1b[K\xe2\x80\x99 [\x1b[01;35m\x1b[K\x1b]8;;https://gcc.gnu.org/onlinedocs/gcc/Warning-Options.html#index-Wc++20-extensions\x07-Wc++20-extensions\x1b]8;;\x07\x1b[m\x1b[K]\n'}
[3.973456] (aurora_core) StderrLine: {'line': b'  487 |     \x1b[01;35m\x1b[K.\x1b[m\x1b[Kz = 2.0f * (Q.x*Q.z - Q.w*Q.y),\n'}
[3.973633] (aurora_core) StderrLine: {'line': b'      |     \x1b[01;35m\x1b[K^\x1b[m\x1b[K\n'}
[3.973810] (aurora_core) StderrLine: {'line': b'\x1b[01m\x1b[K/home/brown/Projects/MiningRobot/ros2_workspace/src/aurora_core/include/base/autonomy/include/aurora/../nanoslot/FusionMath.h:\x1b[m\x1b[K In function \xe2\x80\x98\x1b[01m\x1b[KFusionVector\x1b[01;32m\x1b[K FusionQuaternionYaxis\x1b[m\x1b[K(FusionQuaternion)\x1b[m\x1b[K\xe2\x80\x99:\n'}
[3.973992] (aurora_core) StderrLine: {'line': b'\x1b[01m\x1b[K/home/brown/Projects/MiningRobot/ros2_workspace/src/aurora_core/include/base/autonomy/include/aurora/../nanoslot/FusionMath.h:495:34:\x1b[m\x1b[K \x1b[01;35m\x1b[Kwarning: \x1b[m\x1b[KC++ designated initializers only available with \xe2\x80\x98\x1b[01m\x1b[K-std=c++20\x1b[m\x1b[K\xe2\x80\x99 or \xe2\x80\x98\x1b[01m\x1b[K-std=gnu++20\x1b[m\x1b[K\xe2\x80\x99 [\x1b[01;35m\x1b[K\x1b]8;;https://gcc.gnu.org/onlinedocs/gcc/Warning-Options.html#index-Wc++20-extensions\x07-Wc++20-extensions\x1b]8;;\x07\x1b[m\x1b[K]\n'}
[3.974182] (aurora_core) StderrLine: {'line': b'  495 |     const FusionVector result = {\x1b[01;35m\x1b[K.\x1b[m\x1b[Kaxis={\n'}
[3.974358] (aurora_core) StderrLine: {'line': b'      |                                  \x1b[01;35m\x1b[K^\x1b[m\x1b[K\n'}
[3.974534] (aurora_core) StderrLine: {'line': b'\x1b[01m\x1b[K/home/brown/Projects/MiningRobot/ros2_workspace/src/aurora_core/include/base/autonomy/include/aurora/../nanoslot/FusionMath.h:496:5:\x1b[m\x1b[K \x1b[01;35m\x1b[Kwarning: \x1b[m\x1b[KC++ designated initializers only available with \xe2\x80\x98\x1b[01m\x1b[K-std=c++20\x1b[m\x1b[K\xe2\x80\x99 or \xe2\x80\x98\x1b[01m\x1b[K-std=gnu++20\x1b[m\x1b[K\xe2\x80\x99 [\x1b[01;35m\x1b[K\x1b]8;;https://gcc.gnu.org/onlinedocs/gcc/Warning-Options.html#index-Wc++20-extensions\x07-Wc++20-extensions\x1b]8;;\x07\x1b[m\x1b[K]\n'}
[3.974753] (aurora_core) StderrLine: {'line': b'  496 |     \x1b[01;35m\x1b[K.\x1b[m\x1b[Kx = 2.0f * (Q.x*Q.y - Q.w*Q.z),\n'}
[3.974940] (aurora_core) StderrLine: {'line': b'      |     \x1b[01;35m\x1b[K^\x1b[m\x1b[K\n'}
[3.975120] (aurora_core) StderrLine: {'line': b'\x1b[01m\x1b[K/home/brown/Projects/MiningRobot/ros2_workspace/src/aurora_core/include/base/autonomy/include/aurora/../nanoslot/FusionMath.h:497:5:\x1b[m\x1b[K \x1b[01;35m\x1b[Kwarning: \x1b[m\x1b[KC++ designated initializers only available with \xe2\x80\x98\x1b[01m\x1b[K-std=c++20\x1b[m\x1b[K\xe2\x80\x99 or \xe2\x80\x98\x1b[01m\x1b[K-std=gnu++20\x1b[m\x1b[K\xe2\x80\x99 [\x1b[01;35m\x1b[K\x1b]8;;https://gcc.gnu.org/onlinedocs/gcc/Warning-Options.html#index-Wc++20-extensions\x07-Wc++20-extensions\x1b]8;;\x07\x1b[m\x1b[K]\n'}
[3.975306] (aurora_core) StderrLine: {'line': b'  497 |     \x1b[01;35m\x1b[K.\x1b[m\x1b[Ky = 2.0f * (Q.w*Q.w - 0.5f + Q.y * Q.y),\n'}
[3.975483] (aurora_core) StderrLine: {'line': b'      |     \x1b[01;35m\x1b[K^\x1b[m\x1b[K\n'}
[3.975662] (aurora_core) StderrLine: {'line': b'\x1b[01m\x1b[K/home/brown/Projects/MiningRobot/ros2_workspace/src/aurora_core/include/base/autonomy/include/aurora/../nanoslot/FusionMath.h:498:5:\x1b[m\x1b[K \x1b[01;35m\x1b[Kwarning: \x1b[m\x1b[KC++ designated initializers only available with \xe2\x80\x98\x1b[01m\x1b[K-std=c++20\x1b[m\x1b[K\xe2\x80\x99 or \xe2\x80\x98\x1b[01m\x1b[K-std=gnu++20\x1b[m\x1b[K\xe2\x80\x99 [\x1b[01;35m\x1b[K\x1b]8;;https://gcc.gnu.org/onlinedocs/gcc/Warning-Options.html#index-Wc++20-extensions\x07-Wc++20-extensions\x1b]8;;\x07\x1b[m\x1b[K]\n'}
[3.975863] (aurora_core) StderrLine: {'line': b'  498 |     \x1b[01;35m\x1b[K.\x1b[m\x1b[Kz = 2.0f * (Q.y*Q.z + Q.w*Q.x),\n'}
[3.976043] (aurora_core) StderrLine: {'line': b'      |     \x1b[01;35m\x1b[K^\x1b[m\x1b[K\n'}
[3.976219] (aurora_core) StderrLine: {'line': b'\x1b[01m\x1b[K/home/brown/Projects/MiningRobot/ros2_workspace/src/aurora_core/include/base/autonomy/include/aurora/../nanoslot/FusionMath.h:\x1b[m\x1b[K In function \xe2\x80\x98\x1b[01m\x1b[KFusionVector\x1b[01;32m\x1b[K FusionQuaternionZaxis\x1b[m\x1b[K(FusionQuaternion)\x1b[m\x1b[K\xe2\x80\x99:\n'}
[3.976401] (aurora_core) StderrLine: {'line': b'\x1b[01m\x1b[K/home/brown/Projects/MiningRobot/ros2_workspace/src/aurora_core/include/base/autonomy/include/aurora/../nanoslot/FusionMath.h:506:34:\x1b[m\x1b[K \x1b[01;35m\x1b[Kwarning: \x1b[m\x1b[KC++ designated initializers only available with \xe2\x80\x98\x1b[01m\x1b[K-std=c++20\x1b[m\x1b[K\xe2\x80\x99 or \xe2\x80\x98\x1b[01m\x1b[K-std=gnu++20\x1b[m\x1b[K\xe2\x80\x99 [\x1b[01;35m\x1b[K\x1b]8;;https://gcc.gnu.org/onlinedocs/gcc/Warning-Options.html#index-Wc++20-extensions\x07-Wc++20-extensions\x1b]8;;\x07\x1b[m\x1b[K]\n'}
[3.976599] (aurora_core) StderrLine: {'line': b'  506 |     const FusionVector result = {\x1b[01;35m\x1b[K.\x1b[m\x1b[Kaxis={\n'}
[3.976787] (aurora_core) StderrLine: {'line': b'      |                                  \x1b[01;35m\x1b[K^\x1b[m\x1b[K\n'}
[3.976966] (aurora_core) StderrLine: {'line': b'\x1b[01m\x1b[K/home/brown/Projects/MiningRobot/ros2_workspace/src/aurora_core/include/base/autonomy/include/aurora/../nanoslot/FusionMath.h:507:5:\x1b[m\x1b[K \x1b[01;35m\x1b[Kwarning: \x1b[m\x1b[KC++ designated initializers only available with \xe2\x80\x98\x1b[01m\x1b[K-std=c++20\x1b[m\x1b[K\xe2\x80\x99 or \xe2\x80\x98\x1b[01m\x1b[K-std=gnu++20\x1b[m\x1b[K\xe2\x80\x99 [\x1b[01;35m\x1b[K\x1b]8;;https://gcc.gnu.org/onlinedocs/gcc/Warning-Options.html#index-Wc++20-extensions\x07-Wc++20-extensions\x1b]8;;\x07\x1b[m\x1b[K]\n'}
[3.977154] (aurora_core) StderrLine: {'line': b'  507 |     \x1b[01;35m\x1b[K.\x1b[m\x1b[Kx = 2.0f * (Q.x*Q.z + Q.w*Q.y),\n'}
[3.977331] (aurora_core) StderrLine: {'line': b'      |     \x1b[01;35m\x1b[K^\x1b[m\x1b[K\n'}
[3.977512] (aurora_core) StderrLine: {'line': b'\x1b[01m\x1b[K/home/brown/Projects/MiningRobot/ros2_workspace/src/aurora_core/include/base/autonomy/include/aurora/../nanoslot/FusionMath.h:508:5:\x1b[m\x1b[K \x1b[01;35m\x1b[Kwarning: \x1b[m\x1b[KC++ designated initializers only available with \xe2\x80\x98\x1b[01m\x1b[K-std=c++20\x1b[m\x1b[K\xe2\x80\x99 or \xe2\x80\x98\x1b[01m\x1b[K-std=gnu++20\x1b[m\x1b[K\xe2\x80\x99 [\x1b[01;35m\x1b[K\x1b]8;;https://gcc.gnu.org/onlinedocs/gcc/Warning-Options.html#index-Wc++20-extensions\x07-Wc++20-extensions\x1b]8;;\x07\x1b[m\x1b[K]\n'}
[3.977708] (aurora_core) StderrLine: {'line': b'  508 |     \x1b[01;35m\x1b[K.\x1b[m\x1b[Ky = 2.0f * (Q.y*Q.z - Q.w*Q.x),\n'}
[3.977889] (aurora_core) StderrLine: {'line': b'      |     \x1b[01;35m\x1b[K^\x1b[m\x1b[K\n'}
[3.978063] (aurora_core) StderrLine: {'line': b'\x1b[01m\x1b[K/home/brown/Projects/MiningRobot/ros2_workspace/src/aurora_core/include/base/autonomy/include/aurora/../nanoslot/FusionMath.h:509:5:\x1b[m\x1b[K \x1b[01;35m\x1b[Kwarning: \x1b[m\x1b[KC++ designated initializers only available with \xe2\x80\x98\x1b[01m\x1b[K-std=c++20\x1b[m\x1b[K\xe2\x80\x99 or \xe2\x80\x98\x1b[01m\x1b[K-std=gnu++20\x1b[m\x1b[K\xe2\x80\x99 [\x1b[01;35m\x1b[K\x1b]8;;https://gcc.gnu.org/onlinedocs/gcc/Warning-Options.html#index-Wc++20-extensions\x07-Wc++20-extensions\x1b]8;;\x07\x1b[m\x1b[K]\n'}
[3.978252] (aurora_core) StderrLine: {'line': b'  509 |     \x1b[01;35m\x1b[K.\x1b[m\x1b[Kz = 2.0f * (Q.w*Q.w - 0.5f + Q.z * Q.z),\n'}
[3.978433] (aurora_core) StderrLine: {'line': b'      |     \x1b[01;35m\x1b[K^\x1b[m\x1b[K\n'}
[3.978610] (aurora_core) StderrLine: {'line': b'\x1b[01m\x1b[K/home/brown/Projects/MiningRobot/ros2_workspace/src/aurora_core/include/base/autonomy/include/aurora/../nanoslot/FusionMath.h:\x1b[m\x1b[K In function \xe2\x80\x98\x1b[01m\x1b[KFusionMatrix\x1b[01;32m\x1b[K FusionQuaternionToMatrix\x1b[m\x1b[K(FusionQuaternion)\x1b[m\x1b[K\xe2\x80\x99:\n'}
[3.978794] (aurora_core) StderrLine: {'line': b'\x1b[01m\x1b[K/home/brown/Projects/MiningRobot/ros2_workspace/src/aurora_core/include/base/autonomy/include/aurora/../nanoslot/FusionMath.h:530:34:\x1b[m\x1b[K \x1b[01;35m\x1b[Kwarning: \x1b[m\x1b[KC++ designated initializers only available with \xe2\x80\x98\x1b[01m\x1b[K-std=c++20\x1b[m\x1b[K\xe2\x80\x99 or \xe2\x80\x98\x1b[01m\x1b[K-std=gnu++20\x1b[m\x1b[K\xe2\x80\x99 [\x1b[01;35m\x1b[K\x1b]8;;https://gcc.gnu.org/onlinedocs/gcc/Warning-Options.html#index-Wc++20-extensions\x07-Wc++20-extensions\x1b]8;;\x07\x1b[m\x1b[K]\n'}
[3.979005] (aurora_core) StderrLine: {'line': b'  530 |     const FusionMatrix matrix = {\x1b[01;35m\x1b[K.\x1b[m\x1b[Kelement = {\n'}
[3.979188] (aurora_core) StderrLine: {'line': b'      |                                  \x1b[01;35m\x1b[K^\x1b[m\x1b[K\n'}
[3.979366] (aurora_core) StderrLine: {'line': b'\x1b[01m\x1b[K/home/brown/Projects/MiningRobot/ros2_workspace/src/aurora_core/include/base/autonomy/include/aurora/../nanoslot/FusionMath.h:531:13:\x1b[m\x1b[K \x1b[01;35m\x1b[Kwarning: \x1b[m\x1b[KC++ designated initializers only available with \xe2\x80\x98\x1b[01m\x1b[K-std=c++20\x1b[m\x1b[K\xe2\x80\x99 or \xe2\x80\x98\x1b[01m\x1b[K-std=gnu++20\x1b[m\x1b[K\xe2\x80\x99 [\x1b[01;35m\x1b[K\x1b]8;;https://gcc.gnu.org/onlinedocs/gcc/Warning-Options.html#index-Wc++20-extensions\x07-Wc++20-extensions\x1b]8;;\x07\x1b[m\x1b[K]\n'}
[3.979554] (aurora_core) StderrLine: {'line': b'  531 |             \x1b[01;35m\x1b[K.\x1b[m\x1b[Kxx = 2.0f * (qwqw - 0.5f + Q.x * Q.x),\n'}
[3.979749] (aurora_core) StderrLine: {'line': b'      |             \x1b[01;35m\x1b[K^\x1b[m\x1b[K\n'}
[3.979946] (aurora_core) StderrLine: {'line': b'\x1b[01m\x1b[K/home/brown/Projects/MiningRobot/ros2_workspace/src/aurora_core/include/base/autonomy/include/aurora/../nanoslot/FusionMath.h:532:13:\x1b[m\x1b[K \x1b[01;35m\x1b[Kwarning: \x1b[m\x1b[KC++ designated initializers only available with \xe2\x80\x98\x1b[01m\x1b[K-std=c++20\x1b[m\x1b[K\xe2\x80\x99 or \xe2\x80\x98\x1b[01m\x1b[K-std=gnu++20\x1b[m\x1b[K\xe2\x80\x99 [\x1b[01;35m\x1b[K\x1b]8;;https://gcc.gnu.org/onlinedocs/gcc/Warning-Options.html#index-Wc++20-extensions\x07-Wc++20-extensions\x1b]8;;\x07\x1b[m\x1b[K]\n'}
[3.980144] (aurora_core) StderrLine: {'line': b'  532 |             \x1b[01;35m\x1b[K.\x1b[m\x1b[Kxy = 2.0f * (qxqy - qwqz),\n'}
[3.980323] (aurora_core) StderrLine: {'line': b'      |             \x1b[01;35m\x1b[K^\x1b[m\x1b[K\n'}
[3.980521] (aurora_core) StderrLine: {'line': b'\x1b[01m\x1b[K/home/brown/Projects/MiningRobot/ros2_workspace/src/aurora_core/include/base/autonomy/include/aurora/../nanoslot/FusionMath.h:533:13:\x1b[m\x1b[K \x1b[01;35m\x1b[Kwarning: \x1b[m\x1b[KC++ designated initializers only available with \xe2\x80\x98\x1b[01m\x1b[K-std=c++20\x1b[m\x1b[K\xe2\x80\x99 or \xe2\x80\x98\x1b[01m\x1b[K-std=gnu++20\x1b[m\x1b[K\xe2\x80\x99 [\x1b[01;35m\x1b[K\x1b]8;;https://gcc.gnu.org/onlinedocs/gcc/Warning-Options.html#index-Wc++20-extensions\x07-Wc++20-extensions\x1b]8;;\x07\x1b[m\x1b[K]\n'}
[3.980709] (aurora_core) StderrLine: {'line': b'  533 |             \x1b[01;35m\x1b[K.\x1b[m\x1b[Kxz = 2.0f * (qxqz + qwqy),\n'}
[3.980895] (aurora_core) StderrLine: {'line': b'      |             \x1b[01;35m\x1b[K^\x1b[m\x1b[K\n'}
[3.981074] (aurora_core) StderrLine: {'line': b'\x1b[01m\x1b[K/home/brown/Projects/MiningRobot/ros2_workspace/src/aurora_core/include/base/autonomy/include/aurora/../nanoslot/FusionMath.h:535:13:\x1b[m\x1b[K \x1b[01;35m\x1b[Kwarning: \x1b[m\x1b[KC++ designated initializers only available with \xe2\x80\x98\x1b[01m\x1b[K-std=c++20\x1b[m\x1b[K\xe2\x80\x99 or \xe2\x80\x98\x1b[01m\x1b[K-std=gnu++20\x1b[m\x1b[K\xe2\x80\x99 [\x1b[01;35m\x1b[K\x1b]8;;https://gcc.gnu.org/onlinedocs/gcc/Warning-Options.html#index-Wc++20-extensions\x07-Wc++20-extensions\x1b]8;;\x07\x1b[m\x1b[K]\n'}
[3.981262] (aurora_core) StderrLine: {'line': b'  535 |             \x1b[01;35m\x1b[K.\x1b[m\x1b[Kyx = 2.0f * (qxqy + qwqz),\n'}
[3.981442] (aurora_core) StderrLine: {'line': b'      |             \x1b[01;35m\x1b[K^\x1b[m\x1b[K\n'}
[3.981620] (aurora_core) StderrLine: {'line': b'\x1b[01m\x1b[K/home/brown/Projects/MiningRobot/ros2_workspace/src/aurora_core/include/base/autonomy/include/aurora/../nanoslot/FusionMath.h:536:13:\x1b[m\x1b[K \x1b[01;35m\x1b[Kwarning: \x1b[m\x1b[KC++ designated initializers only available with \xe2\x80\x98\x1b[01m\x1b[K-std=c++20\x1b[m\x1b[K\xe2\x80\x99 or \xe2\x80\x98\x1b[01m\x1b[K-std=gnu++20\x1b[m\x1b[K\xe2\x80\x99 [\x1b[01;35m\x1b[K\x1b]8;;https://gcc.gnu.org/onlinedocs/gcc/Warning-Options.html#index-Wc++20-extensions\x07-Wc++20-extensions\x1b]8;;\x07\x1b[m\x1b[K]\n'}
[3.981804] (aurora_core) StderrLine: {'line': b'  536 |             \x1b[01;35m\x1b[K.\x1b[m\x1b[Kyy = 2.0f * (qwqw - 0.5f + Q.y * Q.y),\n'}
[3.981985] (aurora_core) StderrLine: {'line': b'      |             \x1b[01;35m\x1b[K^\x1b[m\x1b[K\n'}
[3.982163] (aurora_core) StderrLine: {'line': b'\x1b[01m\x1b[K/home/brown/Projects/MiningRobot/ros2_workspace/src/aurora_core/include/base/autonomy/include/aurora/../nanoslot/FusionMath.h:537:13:\x1b[m\x1b[K \x1b[01;35m\x1b[Kwarning: \x1b[m\x1b[KC++ designated initializers only available with \xe2\x80\x98\x1b[01m\x1b[K-std=c++20\x1b[m\x1b[K\xe2\x80\x99 or \xe2\x80\x98\x1b[01m\x1b[K-std=gnu++20\x1b[m\x1b[K\xe2\x80\x99 [\x1b[01;35m\x1b[K\x1b]8;;https://gcc.gnu.org/onlinedocs/gcc/Warning-Options.html#index-Wc++20-extensions\x07-Wc++20-extensions\x1b]8;;\x07\x1b[m\x1b[K]\n'}
[3.982349] (aurora_core) StderrLine: {'line': b'  537 |             \x1b[01;35m\x1b[K.\x1b[m\x1b[Kyz = 2.0f * (qyqz - qwqx),\n'}
[3.982532] (aurora_core) StderrLine: {'line': b'      |             \x1b[01;35m\x1b[K^\x1b[m\x1b[K\n'}
[3.982711] (aurora_core) StderrLine: {'line': b'\x1b[01m\x1b[K/home/brown/Projects/MiningRobot/ros2_workspace/src/aurora_core/include/base/autonomy/include/aurora/../nanoslot/FusionMath.h:539:13:\x1b[m\x1b[K \x1b[01;35m\x1b[Kwarning: \x1b[m\x1b[KC++ designated initializers only available with \xe2\x80\x98\x1b[01m\x1b[K-std=c++20\x1b[m\x1b[K\xe2\x80\x99 or \xe2\x80\x98\x1b[01m\x1b[K-std=gnu++20\x1b[m\x1b[K\xe2\x80\x99 [\x1b[01;35m\x1b[K\x1b]8;;https://gcc.gnu.org/onlinedocs/gcc/Warning-Options.html#index-Wc++20-extensions\x07-Wc++20-extensions\x1b]8;;\x07\x1b[m\x1b[K]\n'}
[3.982899] (aurora_core) StderrLine: {'line': b'  539 |             \x1b[01;35m\x1b[K.\x1b[m\x1b[Kzx = 2.0f * (qxqz - qwqy),\n'}
[3.983074] (aurora_core) StderrLine: {'line': b'      |             \x1b[01;35m\x1b[K^\x1b[m\x1b[K\n'}
[3.983278] (aurora_core) StderrLine: {'line': b'\x1b[01m\x1b[K/home/brown/Projects/MiningRobot/ros2_workspace/src/aurora_core/include/base/autonomy/include/aurora/../nanoslot/FusionMath.h:540:13:\x1b[m\x1b[K \x1b[01;35m\x1b[Kwarning: \x1b[m\x1b[KC++ designated initializers only available with \xe2\x80\x98\x1b[01m\x1b[K-std=c++20\x1b[m\x1b[K\xe2\x80\x99 or \xe2\x80\x98\x1b[01m\x1b[K-std=gnu++20\x1b[m\x1b[K\xe2\x80\x99 [\x1b[01;35m\x1b[K\x1b]8;;https://gcc.gnu.org/onlinedocs/gcc/Warning-Options.html#index-Wc++20-extensions\x07-Wc++20-extensions\x1b]8;;\x07\x1b[m\x1b[K]\n'}
[3.983502] (aurora_core) StderrLine: {'line': b'  540 |             \x1b[01;35m\x1b[K.\x1b[m\x1b[Kzy = 2.0f * (qyqz + qwqx),\n'}
[3.983680] (aurora_core) StderrLine: {'line': b'      |             \x1b[01;35m\x1b[K^\x1b[m\x1b[K\n'}
[3.983861] (aurora_core) StderrLine: {'line': b'\x1b[01m\x1b[K/home/brown/Projects/MiningRobot/ros2_workspace/src/aurora_core/include/base/autonomy/include/aurora/../nanoslot/FusionMath.h:541:13:\x1b[m\x1b[K \x1b[01;35m\x1b[Kwarning: \x1b[m\x1b[KC++ designated initializers only available with \xe2\x80\x98\x1b[01m\x1b[K-std=c++20\x1b[m\x1b[K\xe2\x80\x99 or \xe2\x80\x98\x1b[01m\x1b[K-std=gnu++20\x1b[m\x1b[K\xe2\x80\x99 [\x1b[01;35m\x1b[K\x1b]8;;https://gcc.gnu.org/onlinedocs/gcc/Warning-Options.html#index-Wc++20-extensions\x07-Wc++20-extensions\x1b]8;;\x07\x1b[m\x1b[K]\n'}
[3.984063] (aurora_core) StderrLine: {'line': b'  541 |             \x1b[01;35m\x1b[K.\x1b[m\x1b[Kzz = 2.0f * (qwqw - 0.5f + Q.z * Q.z),\n'}
[3.984246] (aurora_core) StderrLine: {'line': b'      |             \x1b[01;35m\x1b[K^\x1b[m\x1b[K\n'}
[3.984420] (aurora_core) StderrLine: {'line': b'\x1b[01m\x1b[K/home/brown/Projects/MiningRobot/ros2_workspace/src/aurora_core/include/base/autonomy/include/aurora/../nanoslot/FusionMath.h:\x1b[m\x1b[K In function \xe2\x80\x98\x1b[01m\x1b[KFusionEuler\x1b[01;32m\x1b[K FusionQuaternionToEuler\x1b[m\x1b[K(FusionQuaternion)\x1b[m\x1b[K\xe2\x80\x99:\n'}
[3.984599] (aurora_core) StderrLine: {'line': b'\x1b[01m\x1b[K/home/brown/Projects/MiningRobot/ros2_workspace/src/aurora_core/include/base/autonomy/include/aurora/../nanoslot/FusionMath.h:555:32:\x1b[m\x1b[K \x1b[01;35m\x1b[Kwarning: \x1b[m\x1b[KC++ designated initializers only available with \xe2\x80\x98\x1b[01m\x1b[K-std=c++20\x1b[m\x1b[K\xe2\x80\x99 or \xe2\x80\x98\x1b[01m\x1b[K-std=gnu++20\x1b[m\x1b[K\xe2\x80\x99 [\x1b[01;35m\x1b[K\x1b]8;;https://gcc.gnu.org/onlinedocs/gcc/Warning-Options.html#index-Wc++20-extensions\x07-Wc++20-extensions\x1b]8;;\x07\x1b[m\x1b[K]\n'}
[3.984786] (aurora_core) StderrLine: {'line': b'  555 |     const FusionEuler euler = {\x1b[01;35m\x1b[K.\x1b[m\x1b[Kangle = {\n'}
[3.984965] (aurora_core) StderrLine: {'line': b'      |                                \x1b[01;35m\x1b[K^\x1b[m\x1b[K\n'}
[3.985138] (aurora_core) StderrLine: {'line': b'\x1b[01m\x1b[K/home/brown/Projects/MiningRobot/ros2_workspace/src/aurora_core/include/base/autonomy/include/aurora/../nanoslot/FusionMath.h:556:13:\x1b[m\x1b[K \x1b[01;35m\x1b[Kwarning: \x1b[m\x1b[KC++ designated initializers only available with \xe2\x80\x98\x1b[01m\x1b[K-std=c++20\x1b[m\x1b[K\xe2\x80\x99 or \xe2\x80\x98\x1b[01m\x1b[K-std=gnu++20\x1b[m\x1b[K\xe2\x80\x99 [\x1b[01;35m\x1b[K\x1b]8;;https://gcc.gnu.org/onlinedocs/gcc/Warning-Options.html#index-Wc++20-extensions\x07-Wc++20-extensions\x1b]8;;\x07\x1b[m\x1b[K]\n'}
[3.985324] (aurora_core) StderrLine: {'line': b'  556 |             \x1b[01;35m\x1b[K.\x1b[m\x1b[Kroll = FusionRadiansToDegrees(atan2f(Q.w * Q.x + Q.y * Q.z, halfMinusQySquared - Q.x * Q.x)),\n'}
[3.985502] (aurora_core) StderrLine: {'line': b'      |             \x1b[01;35m\x1b[K^\x1b[m\x1b[K\n'}
[3.985679] (aurora_core) StderrLine: {'line': b'\x1b[01m\x1b[K/home/brown/Projects/MiningRobot/ros2_workspace/src/aurora_core/include/base/autonomy/include/aurora/../nanoslot/FusionMath.h:557:13:\x1b[m\x1b[K \x1b[01;35m\x1b[Kwarning: \x1b[m\x1b[KC++ designated initializers only available with \xe2\x80\x98\x1b[01m\x1b[K-std=c++20\x1b[m\x1b[K\xe2\x80\x99 or \xe2\x80\x98\x1b[01m\x1b[K-std=gnu++20\x1b[m\x1b[K\xe2\x80\x99 [\x1b[01;35m\x1b[K\x1b]8;;https://gcc.gnu.org/onlinedocs/gcc/Warning-Options.html#index-Wc++20-extensions\x07-Wc++20-extensions\x1b]8;;\x07\x1b[m\x1b[K]\n'}
[3.985880] (aurora_core) StderrLine: {'line': b'  557 |             \x1b[01;35m\x1b[K.\x1b[m\x1b[Kpitch = FusionRadiansToDegrees(FusionAsin(2.0f * (Q.w * Q.y - Q.z * Q.x))),\n'}
[3.986060] (aurora_core) StderrLine: {'line': b'      |             \x1b[01;35m\x1b[K^\x1b[m\x1b[K\n'}
[3.986236] (aurora_core) StderrLine: {'line': b'\x1b[01m\x1b[K/home/brown/Projects/MiningRobot/ros2_workspace/src/aurora_core/include/base/autonomy/include/aurora/../nanoslot/FusionMath.h:558:13:\x1b[m\x1b[K \x1b[01;35m\x1b[Kwarning: \x1b[m\x1b[KC++ designated initializers only available with \xe2\x80\x98\x1b[01m\x1b[K-std=c++20\x1b[m\x1b[K\xe2\x80\x99 or \xe2\x80\x98\x1b[01m\x1b[K-std=gnu++20\x1b[m\x1b[K\xe2\x80\x99 [\x1b[01;35m\x1b[K\x1b]8;;https://gcc.gnu.org/onlinedocs/gcc/Warning-Options.html#index-Wc++20-extensions\x07-Wc++20-extensions\x1b]8;;\x07\x1b[m\x1b[K]\n'}
[3.986426] (aurora_core) StderrLine: {'line': b'  558 |             \x1b[01;35m\x1b[K.\x1b[m\x1b[Kyaw = FusionRadiansToDegrees(atan2f(Q.w * Q.z + Q.x * Q.y, halfMinusQySquared - Q.z * Q.z)),\n'}
[3.986616] (aurora_core) StderrLine: {'line': b'      |             \x1b[01;35m\x1b[K^\x1b[m\x1b[K\n'}
[3.986795] (aurora_core) StderrLine: {'line': b'\x1b[01m\x1b[K/home/brown/Projects/MiningRobot/ros2_workspace/src/aurora_core/src/aurora_node_core.cpp:\x1b[m\x1b[K In function \xe2\x80\x98\x1b[01m\x1b[Kint\x1b[01;32m\x1b[K main\x1b[m\x1b[K(int, char**)\x1b[m\x1b[K\xe2\x80\x99:\n'}
[3.986977] (aurora_core) StderrLine: {'line': b'\x1b[01m\x1b[K/home/brown/Projects/MiningRobot/ros2_workspace/src/aurora_core/src/aurora_node_core.cpp:33:5:\x1b[m\x1b[K \x1b[01;31m\x1b[Kerror: \x1b[m\x1b[Kexpected \xe2\x80\x98\x1b[01m\x1b[K,\x1b[m\x1b[K\xe2\x80\x99 or \xe2\x80\x98\x1b[01m\x1b[K;\x1b[m\x1b[K\xe2\x80\x99 before \xe2\x80\x98\x1b[01m\x1b[Kconst\x1b[m\x1b[K\xe2\x80\x99\n'}
[3.987158] (aurora_core) StderrLine: {'line': b'   33 |     \x1b[01;31m\x1b[Kconst\x1b[m\x1b[K robot_base & robot_state = exchange_backend_state.read();\n'}
[3.987335] (aurora_core) StderrLine: {'line': b'      |     \x1b[01;31m\x1b[K^~~~~\x1b[m\x1b[K\n'}
[3.987509] (aurora_core) StderrLine: {'line': b'\x1b[01m\x1b[K/home/brown/Projects/MiningRobot/ros2_workspace/src/aurora_core/src/aurora_node_core.cpp:36:48:\x1b[m\x1b[K \x1b[01;31m\x1b[Kerror: \x1b[m\x1b[Kexpected primary-expression before \xe2\x80\x98\x1b[01m\x1b[K.\x1b[m\x1b[K\xe2\x80\x99 token\n'}
[3.987712] (aurora_core) StderrLine: {'line': b'   36 |         std::cout << state_to_string(robot_base\x1b[01;31m\x1b[K.\x1b[m\x1b[Kstate) << std::endl;\n'}
[3.987898] (aurora_core) StderrLine: {'line': b'      |                                                \x1b[01;31m\x1b[K^\x1b[m\x1b[K\n'}
[4.013244] (-) TimerEvent: {}
[4.113675] (-) TimerEvent: {}
[4.214087] (-) TimerEvent: {}
[4.314510] (-) TimerEvent: {}
[4.414895] (-) TimerEvent: {}
[4.515305] (-) TimerEvent: {}
[4.615657] (-) TimerEvent: {}
[4.716009] (-) TimerEvent: {}
[4.816362] (-) TimerEvent: {}
[4.916693] (-) TimerEvent: {}
[5.017108] (-) TimerEvent: {}
[5.081388] (aurora_core) StderrLine: {'line': b'make[2]: *** [CMakeFiles/aurora_node_core.dir/build.make:76: CMakeFiles/aurora_node_core.dir/src/aurora_node_core.cpp.o] Error 1\n'}
[5.081635] (aurora_core) StderrLine: {'line': b'make[1]: *** [CMakeFiles/Makefile2:137: CMakeFiles/aurora_node_core.dir/all] Error 2\n'}
[5.081854] (aurora_core) StderrLine: {'line': b'make: *** [Makefile:146: all] Error 2\n'}
[5.084383] (aurora_core) CommandEnded: {'returncode': 2}
[5.117216] (-) TimerEvent: {}
[5.217547] (-) TimerEvent: {}
[5.293968] (aurora_core) JobEnded: {'identifier': 'aurora_core', 'rc': 2}
[5.304673] (-) EventReactorShutdown: {}
