[1.615s] DEBUG:colcon:Command line arguments: ['/usr/bin/colcon', 'build', '--packages-select', 'aurora_core']
[1.615s] DEBUG:colcon:Parsed command line arguments: Namespace(log_base=None, log_level=None, verb_name='build', build_base='build', install_base='install', merge_install=False, symlink_install=False, test_result_base=None, continue_on_error=False, executor='parallel', parallel_workers=4, event_handlers=None, ignore_user_meta=False, metas=['./colcon.meta'], base_paths=['.'], packages_ignore=None, packages_ignore_regex=None, paths=None, packages_up_to=None, packages_up_to_regex=None, packages_above=None, packages_above_and_dependencies=None, packages_above_depth=None, packages_select_by_dep=None, packages_skip_by_dep=None, packages_skip_up_to=None, packages_select_build_failed=False, packages_skip_build_finished=False, packages_select_test_failures=False, packages_skip_test_passed=False, packages_select=['aurora_core'], packages_skip=None, packages_select_regex=None, packages_skip_regex=None, packages_start=None, packages_end=None, cmake_args=None, cmake_target=None, cmake_target_skip_unavailable=False, cmake_clean_cache=False, cmake_clean_first=False, cmake_force_configure=False, ament_cmake_args=None, catkin_cmake_args=None, catkin_skip_building_tests=False, verb_parser=<colcon_defaults.argument_parser.defaults.DefaultArgumentsDecorator object at 0x7fe53dfedb90>, verb_extension=<colcon_core.verb.build.BuildVerb object at 0x7fe53dfae8d0>, main=<bound method BuildVerb.main of <colcon_core.verb.build.BuildVerb object at 0x7fe53dfae8d0>>)
[1.695s] Level 1:colcon.colcon_core.package_discovery:discover_packages(colcon_meta) check parameters
[1.695s] Level 1:colcon.colcon_core.package_discovery:discover_packages(recursive) check parameters
[1.695s] Level 1:colcon.colcon_core.package_discovery:discover_packages(ignore) check parameters
[1.695s] Level 1:colcon.colcon_core.package_discovery:discover_packages(path) check parameters
[1.695s] Level 1:colcon.colcon_core.package_discovery:discover_packages(colcon_meta) discover
[1.695s] Level 1:colcon.colcon_core.package_discovery:discover_packages(recursive) discover
[1.695s] INFO:colcon.colcon_core.package_discovery:Crawling recursively for packages in '/home/brown/Projects/MiningRobot/ros2_workspace'
[1.696s] Level 1:colcon.colcon_core.package_identification:_identify(.) by extensions ['ignore', 'ignore_ament_install']
[1.696s] Level 1:colcon.colcon_core.package_identification:_identify(.) by extension 'ignore'
[1.696s] Level 1:colcon.colcon_core.package_identification:_identify(.) by extension 'ignore_ament_install'
[1.696s] Level 1:colcon.colcon_core.package_identification:_identify(.) by extensions ['colcon_pkg']
[1.696s] Level 1:colcon.colcon_core.package_identification:_identify(.) by extension 'colcon_pkg'
[1.696s] Level 1:colcon.colcon_core.package_identification:_identify(.) by extensions ['colcon_meta']
[1.696s] Level 1:colcon.colcon_core.package_identification:_identify(.) by extension 'colcon_meta'
[1.696s] Level 1:colcon.colcon_core.package_identification:_identify(.) by extensions ['ros']
[1.696s] Level 1:colcon.colcon_core.package_identification:_identify(.) by extension 'ros'
[1.735s] Level 1:colcon.colcon_core.package_identification:_identify(.) by extensions ['cmake', 'python']
[1.736s] Level 1:colcon.colcon_core.package_identification:_identify(.) by extension 'cmake'
[1.736s] Level 1:colcon.colcon_core.package_identification:_identify(.) by extension 'python'
[1.736s] Level 1:colcon.colcon_core.package_identification:_identify(.) by extensions ['python_setup_py']
[1.736s] Level 1:colcon.colcon_core.package_identification:_identify(.) by extension 'python_setup_py'
[1.736s] Level 1:colcon.colcon_core.package_identification:_identify(__pycache__) by extensions ['ignore', 'ignore_ament_install']
[1.736s] Level 1:colcon.colcon_core.package_identification:_identify(__pycache__) by extension 'ignore'
[1.736s] Level 1:colcon.colcon_core.package_identification:_identify(__pycache__) by extension 'ignore_ament_install'
[1.736s] Level 1:colcon.colcon_core.package_identification:_identify(__pycache__) by extensions ['colcon_pkg']
[1.736s] Level 1:colcon.colcon_core.package_identification:_identify(__pycache__) by extension 'colcon_pkg'
[1.736s] Level 1:colcon.colcon_core.package_identification:_identify(__pycache__) by extensions ['colcon_meta']
[1.736s] Level 1:colcon.colcon_core.package_identification:_identify(__pycache__) by extension 'colcon_meta'
[1.736s] Level 1:colcon.colcon_core.package_identification:_identify(__pycache__) by extensions ['ros']
[1.737s] Level 1:colcon.colcon_core.package_identification:_identify(__pycache__) by extension 'ros'
[1.737s] Level 1:colcon.colcon_core.package_identification:_identify(__pycache__) by extensions ['cmake', 'python']
[1.737s] Level 1:colcon.colcon_core.package_identification:_identify(__pycache__) by extension 'cmake'
[1.737s] Level 1:colcon.colcon_core.package_identification:_identify(__pycache__) by extension 'python'
[1.737s] Level 1:colcon.colcon_core.package_identification:_identify(__pycache__) by extensions ['python_setup_py']
[1.737s] Level 1:colcon.colcon_core.package_identification:_identify(__pycache__) by extension 'python_setup_py'
[1.737s] Level 1:colcon.colcon_core.package_identification:_identify(aurora_core_sl) by extensions ['ignore', 'ignore_ament_install']
[1.737s] Level 1:colcon.colcon_core.package_identification:_identify(aurora_core_sl) by extension 'ignore'
[1.737s] Level 1:colcon.colcon_core.package_identification:_identify(aurora_core_sl) by extension 'ignore_ament_install'
[1.737s] Level 1:colcon.colcon_core.package_identification:_identify(aurora_core_sl) by extensions ['colcon_pkg']
[1.737s] Level 1:colcon.colcon_core.package_identification:_identify(aurora_core_sl) by extension 'colcon_pkg'
[1.737s] Level 1:colcon.colcon_core.package_identification:_identify(aurora_core_sl) by extensions ['colcon_meta']
[1.737s] Level 1:colcon.colcon_core.package_identification:_identify(aurora_core_sl) by extension 'colcon_meta'
[1.737s] Level 1:colcon.colcon_core.package_identification:_identify(aurora_core_sl) by extensions ['ros']
[1.738s] Level 1:colcon.colcon_core.package_identification:_identify(aurora_core_sl) by extension 'ros'
[1.741s] DEBUG:colcon.colcon_core.package_identification:Package 'aurora_core_sl' with type 'ros.ament_cmake' and name 'aurora_core'
[1.741s] Level 1:colcon.colcon_core.package_identification:_identify(build) by extensions ['ignore', 'ignore_ament_install']
[1.741s] Level 1:colcon.colcon_core.package_identification:_identify(build) by extension 'ignore'
[1.741s] Level 1:colcon.colcon_core.package_identification:_identify(build) ignored
[1.741s] Level 1:colcon.colcon_core.package_identification:_identify(install) by extensions ['ignore', 'ignore_ament_install']
[1.741s] Level 1:colcon.colcon_core.package_identification:_identify(install) by extension 'ignore'
[1.742s] Level 1:colcon.colcon_core.package_identification:_identify(install) ignored
[1.742s] Level 1:colcon.colcon_core.package_identification:_identify(log) by extensions ['ignore', 'ignore_ament_install']
[1.742s] Level 1:colcon.colcon_core.package_identification:_identify(log) by extension 'ignore'
[1.742s] Level 1:colcon.colcon_core.package_identification:_identify(log) ignored
[1.742s] Level 1:colcon.colcon_core.package_identification:_identify(src) by extensions ['ignore', 'ignore_ament_install']
[1.742s] Level 1:colcon.colcon_core.package_identification:_identify(src) by extension 'ignore'
[1.742s] Level 1:colcon.colcon_core.package_identification:_identify(src) by extension 'ignore_ament_install'
[1.742s] Level 1:colcon.colcon_core.package_identification:_identify(src) by extensions ['colcon_pkg']
[1.742s] Level 1:colcon.colcon_core.package_identification:_identify(src) by extension 'colcon_pkg'
[1.742s] Level 1:colcon.colcon_core.package_identification:_identify(src) by extensions ['colcon_meta']
[1.742s] Level 1:colcon.colcon_core.package_identification:_identify(src) by extension 'colcon_meta'
[1.742s] Level 1:colcon.colcon_core.package_identification:_identify(src) by extensions ['ros']
[1.743s] Level 1:colcon.colcon_core.package_identification:_identify(src) by extension 'ros'
[1.743s] Level 1:colcon.colcon_core.package_identification:_identify(src) by extensions ['cmake', 'python']
[1.743s] Level 1:colcon.colcon_core.package_identification:_identify(src) by extension 'cmake'
[1.743s] Level 1:colcon.colcon_core.package_identification:_identify(src) by extension 'python'
[1.743s] Level 1:colcon.colcon_core.package_identification:_identify(src) by extensions ['python_setup_py']
[1.743s] Level 1:colcon.colcon_core.package_identification:_identify(src) by extension 'python_setup_py'
[1.743s] Level 1:colcon.colcon_core.package_identification:_identify(src/pcl_msgs) by extensions ['ignore', 'ignore_ament_install']
[1.743s] Level 1:colcon.colcon_core.package_identification:_identify(src/pcl_msgs) by extension 'ignore'
[1.743s] Level 1:colcon.colcon_core.package_identification:_identify(src/pcl_msgs) by extension 'ignore_ament_install'
[1.743s] Level 1:colcon.colcon_core.package_identification:_identify(src/pcl_msgs) by extensions ['colcon_pkg']
[1.743s] Level 1:colcon.colcon_core.package_identification:_identify(src/pcl_msgs) by extension 'colcon_pkg'
[1.743s] Level 1:colcon.colcon_core.package_identification:_identify(src/pcl_msgs) by extensions ['colcon_meta']
[1.743s] Level 1:colcon.colcon_core.package_identification:_identify(src/pcl_msgs) by extension 'colcon_meta'
[1.744s] Level 1:colcon.colcon_core.package_identification:_identify(src/pcl_msgs) by extensions ['ros']
[1.744s] Level 1:colcon.colcon_core.package_identification:_identify(src/pcl_msgs) by extension 'ros'
[1.744s] DEBUG:colcon.colcon_core.package_identification:Package 'src/pcl_msgs' with type 'ros.ament_cmake' and name 'pcl_msgs'
[1.745s] Level 1:colcon.colcon_core.package_identification:_identify(src/perception_pcl) by extensions ['ignore', 'ignore_ament_install']
[1.745s] Level 1:colcon.colcon_core.package_identification:_identify(src/perception_pcl) by extension 'ignore'
[1.745s] Level 1:colcon.colcon_core.package_identification:_identify(src/perception_pcl) by extension 'ignore_ament_install'
[1.745s] Level 1:colcon.colcon_core.package_identification:_identify(src/perception_pcl) by extensions ['colcon_pkg']
[1.745s] Level 1:colcon.colcon_core.package_identification:_identify(src/perception_pcl) by extension 'colcon_pkg'
[1.745s] Level 1:colcon.colcon_core.package_identification:_identify(src/perception_pcl) by extensions ['colcon_meta']
[1.745s] Level 1:colcon.colcon_core.package_identification:_identify(src/perception_pcl) by extension 'colcon_meta'
[1.745s] Level 1:colcon.colcon_core.package_identification:_identify(src/perception_pcl) by extensions ['ros']
[1.745s] Level 1:colcon.colcon_core.package_identification:_identify(src/perception_pcl) by extension 'ros'
[1.745s] Level 1:colcon.colcon_core.package_identification:_identify(src/perception_pcl) by extensions ['cmake', 'python']
[1.745s] Level 1:colcon.colcon_core.package_identification:_identify(src/perception_pcl) by extension 'cmake'
[1.745s] Level 1:colcon.colcon_core.package_identification:_identify(src/perception_pcl) by extension 'python'
[1.745s] Level 1:colcon.colcon_core.package_identification:_identify(src/perception_pcl) by extensions ['python_setup_py']
[1.745s] Level 1:colcon.colcon_core.package_identification:_identify(src/perception_pcl) by extension 'python_setup_py'
[1.746s] Level 1:colcon.colcon_core.package_identification:_identify(src/perception_pcl/pcl_conversions) by extensions ['ignore', 'ignore_ament_install']
[1.746s] Level 1:colcon.colcon_core.package_identification:_identify(src/perception_pcl/pcl_conversions) by extension 'ignore'
[1.746s] Level 1:colcon.colcon_core.package_identification:_identify(src/perception_pcl/pcl_conversions) by extension 'ignore_ament_install'
[1.746s] Level 1:colcon.colcon_core.package_identification:_identify(src/perception_pcl/pcl_conversions) by extensions ['colcon_pkg']
[1.746s] Level 1:colcon.colcon_core.package_identification:_identify(src/perception_pcl/pcl_conversions) by extension 'colcon_pkg'
[1.746s] Level 1:colcon.colcon_core.package_identification:_identify(src/perception_pcl/pcl_conversions) by extensions ['colcon_meta']
[1.746s] Level 1:colcon.colcon_core.package_identification:_identify(src/perception_pcl/pcl_conversions) by extension 'colcon_meta'
[1.746s] Level 1:colcon.colcon_core.package_identification:_identify(src/perception_pcl/pcl_conversions) by extensions ['ros']
[1.746s] Level 1:colcon.colcon_core.package_identification:_identify(src/perception_pcl/pcl_conversions) by extension 'ros'
[1.747s] DEBUG:colcon.colcon_core.package_identification:Package 'src/perception_pcl/pcl_conversions' with type 'ros.ament_cmake' and name 'pcl_conversions'
[1.748s] Level 1:colcon.colcon_core.package_identification:_identify(src/perception_pcl/pcl_ros) by extensions ['ignore', 'ignore_ament_install']
[1.748s] Level 1:colcon.colcon_core.package_identification:_identify(src/perception_pcl/pcl_ros) by extension 'ignore'
[1.748s] Level 1:colcon.colcon_core.package_identification:_identify(src/perception_pcl/pcl_ros) by extension 'ignore_ament_install'
[1.748s] Level 1:colcon.colcon_core.package_identification:_identify(src/perception_pcl/pcl_ros) by extensions ['colcon_pkg']
[1.748s] Level 1:colcon.colcon_core.package_identification:_identify(src/perception_pcl/pcl_ros) by extension 'colcon_pkg'
[1.748s] Level 1:colcon.colcon_core.package_identification:_identify(src/perception_pcl/pcl_ros) by extensions ['colcon_meta']
[1.748s] Level 1:colcon.colcon_core.package_identification:_identify(src/perception_pcl/pcl_ros) by extension 'colcon_meta'
[1.748s] Level 1:colcon.colcon_core.package_identification:_identify(src/perception_pcl/pcl_ros) by extensions ['ros']
[1.748s] Level 1:colcon.colcon_core.package_identification:_identify(src/perception_pcl/pcl_ros) by extension 'ros'
[1.750s] DEBUG:colcon.colcon_core.package_identification:Package 'src/perception_pcl/pcl_ros' with type 'ros.ament_cmake' and name 'pcl_ros'
[1.750s] Level 1:colcon.colcon_core.package_identification:_identify(src/perception_pcl/perception_pcl) by extensions ['ignore', 'ignore_ament_install']
[1.750s] Level 1:colcon.colcon_core.package_identification:_identify(src/perception_pcl/perception_pcl) by extension 'ignore'
[1.750s] Level 1:colcon.colcon_core.package_identification:_identify(src/perception_pcl/perception_pcl) by extension 'ignore_ament_install'
[1.751s] Level 1:colcon.colcon_core.package_identification:_identify(src/perception_pcl/perception_pcl) by extensions ['colcon_pkg']
[1.751s] Level 1:colcon.colcon_core.package_identification:_identify(src/perception_pcl/perception_pcl) by extension 'colcon_pkg'
[1.751s] Level 1:colcon.colcon_core.package_identification:_identify(src/perception_pcl/perception_pcl) by extensions ['colcon_meta']
[1.751s] Level 1:colcon.colcon_core.package_identification:_identify(src/perception_pcl/perception_pcl) by extension 'colcon_meta'
[1.751s] Level 1:colcon.colcon_core.package_identification:_identify(src/perception_pcl/perception_pcl) by extensions ['ros']
[1.751s] Level 1:colcon.colcon_core.package_identification:_identify(src/perception_pcl/perception_pcl) by extension 'ros'
[1.752s] DEBUG:colcon.colcon_core.package_identification:Package 'src/perception_pcl/perception_pcl' with type 'ros.ament_cmake' and name 'perception_pcl'
[1.752s] Level 1:colcon.colcon_core.package_identification:_identify(src/ros2_ouster_drivers) by extensions ['ignore', 'ignore_ament_install']
[1.752s] Level 1:colcon.colcon_core.package_identification:_identify(src/ros2_ouster_drivers) by extension 'ignore'
[1.752s] Level 1:colcon.colcon_core.package_identification:_identify(src/ros2_ouster_drivers) by extension 'ignore_ament_install'
[1.752s] Level 1:colcon.colcon_core.package_identification:_identify(src/ros2_ouster_drivers) by extensions ['colcon_pkg']
[1.752s] Level 1:colcon.colcon_core.package_identification:_identify(src/ros2_ouster_drivers) by extension 'colcon_pkg'
[1.752s] Level 1:colcon.colcon_core.package_identification:_identify(src/ros2_ouster_drivers) by extensions ['colcon_meta']
[1.752s] Level 1:colcon.colcon_core.package_identification:_identify(src/ros2_ouster_drivers) by extension 'colcon_meta'
[1.752s] Level 1:colcon.colcon_core.package_identification:_identify(src/ros2_ouster_drivers) by extensions ['ros']
[1.752s] Level 1:colcon.colcon_core.package_identification:_identify(src/ros2_ouster_drivers) by extension 'ros'
[1.752s] Level 1:colcon.colcon_core.package_identification:_identify(src/ros2_ouster_drivers) by extensions ['cmake', 'python']
[1.752s] Level 1:colcon.colcon_core.package_identification:_identify(src/ros2_ouster_drivers) by extension 'cmake'
[1.752s] Level 1:colcon.colcon_core.package_identification:_identify(src/ros2_ouster_drivers) by extension 'python'
[1.753s] Level 1:colcon.colcon_core.package_identification:_identify(src/ros2_ouster_drivers) by extensions ['python_setup_py']
[1.753s] Level 1:colcon.colcon_core.package_identification:_identify(src/ros2_ouster_drivers) by extension 'python_setup_py'
[1.753s] Level 1:colcon.colcon_core.package_identification:_identify(src/ros2_ouster_drivers/build) by extensions ['ignore', 'ignore_ament_install']
[1.753s] Level 1:colcon.colcon_core.package_identification:_identify(src/ros2_ouster_drivers/build) by extension 'ignore'
[1.753s] Level 1:colcon.colcon_core.package_identification:_identify(src/ros2_ouster_drivers/build) by extension 'ignore_ament_install'
[1.753s] Level 1:colcon.colcon_core.package_identification:_identify(src/ros2_ouster_drivers/build) by extensions ['colcon_pkg']
[1.753s] Level 1:colcon.colcon_core.package_identification:_identify(src/ros2_ouster_drivers/build) by extension 'colcon_pkg'
[1.753s] Level 1:colcon.colcon_core.package_identification:_identify(src/ros2_ouster_drivers/build) by extensions ['colcon_meta']
[1.753s] Level 1:colcon.colcon_core.package_identification:_identify(src/ros2_ouster_drivers/build) by extension 'colcon_meta'
[1.753s] Level 1:colcon.colcon_core.package_identification:_identify(src/ros2_ouster_drivers/build) by extensions ['ros']
[1.753s] Level 1:colcon.colcon_core.package_identification:_identify(src/ros2_ouster_drivers/build) by extension 'ros'
[1.753s] Level 1:colcon.colcon_core.package_identification:_identify(src/ros2_ouster_drivers/build) by extensions ['cmake', 'python']
[1.753s] Level 1:colcon.colcon_core.package_identification:_identify(src/ros2_ouster_drivers/build) by extension 'cmake'
[1.753s] Level 1:colcon.colcon_core.package_identification:_identify(src/ros2_ouster_drivers/build) by extension 'python'
[1.753s] Level 1:colcon.colcon_core.package_identification:_identify(src/ros2_ouster_drivers/build) by extensions ['python_setup_py']
[1.754s] Level 1:colcon.colcon_core.package_identification:_identify(src/ros2_ouster_drivers/build) by extension 'python_setup_py'
[1.754s] Level 1:colcon.colcon_core.package_identification:_identify(src/ros2_ouster_drivers/build/CMakeFiles) by extensions ['ignore', 'ignore_ament_install']
[1.754s] Level 1:colcon.colcon_core.package_identification:_identify(src/ros2_ouster_drivers/build/CMakeFiles) by extension 'ignore'
[1.754s] Level 1:colcon.colcon_core.package_identification:_identify(src/ros2_ouster_drivers/build/CMakeFiles) by extension 'ignore_ament_install'
[1.754s] Level 1:colcon.colcon_core.package_identification:_identify(src/ros2_ouster_drivers/build/CMakeFiles) by extensions ['colcon_pkg']
[1.754s] Level 1:colcon.colcon_core.package_identification:_identify(src/ros2_ouster_drivers/build/CMakeFiles) by extension 'colcon_pkg'
[1.754s] Level 1:colcon.colcon_core.package_identification:_identify(src/ros2_ouster_drivers/build/CMakeFiles) by extensions ['colcon_meta']
[1.754s] Level 1:colcon.colcon_core.package_identification:_identify(src/ros2_ouster_drivers/build/CMakeFiles) by extension 'colcon_meta'
[1.754s] Level 1:colcon.colcon_core.package_identification:_identify(src/ros2_ouster_drivers/build/CMakeFiles) by extensions ['ros']
[1.754s] Level 1:colcon.colcon_core.package_identification:_identify(src/ros2_ouster_drivers/build/CMakeFiles) by extension 'ros'
[1.754s] Level 1:colcon.colcon_core.package_identification:_identify(src/ros2_ouster_drivers/build/CMakeFiles) by extensions ['cmake', 'python']
[1.754s] Level 1:colcon.colcon_core.package_identification:_identify(src/ros2_ouster_drivers/build/CMakeFiles) by extension 'cmake'
[1.754s] Level 1:colcon.colcon_core.package_identification:_identify(src/ros2_ouster_drivers/build/CMakeFiles) by extension 'python'
[1.754s] Level 1:colcon.colcon_core.package_identification:_identify(src/ros2_ouster_drivers/build/CMakeFiles) by extensions ['python_setup_py']
[1.755s] Level 1:colcon.colcon_core.package_identification:_identify(src/ros2_ouster_drivers/build/CMakeFiles) by extension 'python_setup_py'
[1.755s] Level 1:colcon.colcon_core.package_identification:_identify(src/ros2_ouster_drivers/build/CMakeFiles/3.27.6) by extensions ['ignore', 'ignore_ament_install']
[1.755s] Level 1:colcon.colcon_core.package_identification:_identify(src/ros2_ouster_drivers/build/CMakeFiles/3.27.6) by extension 'ignore'
[1.755s] Level 1:colcon.colcon_core.package_identification:_identify(src/ros2_ouster_drivers/build/CMakeFiles/3.27.6) by extension 'ignore_ament_install'
[1.755s] Level 1:colcon.colcon_core.package_identification:_identify(src/ros2_ouster_drivers/build/CMakeFiles/3.27.6) by extensions ['colcon_pkg']
[1.755s] Level 1:colcon.colcon_core.package_identification:_identify(src/ros2_ouster_drivers/build/CMakeFiles/3.27.6) by extension 'colcon_pkg'
[1.755s] Level 1:colcon.colcon_core.package_identification:_identify(src/ros2_ouster_drivers/build/CMakeFiles/3.27.6) by extensions ['colcon_meta']
[1.755s] Level 1:colcon.colcon_core.package_identification:_identify(src/ros2_ouster_drivers/build/CMakeFiles/3.27.6) by extension 'colcon_meta'
[1.755s] Level 1:colcon.colcon_core.package_identification:_identify(src/ros2_ouster_drivers/build/CMakeFiles/3.27.6) by extensions ['ros']
[1.755s] Level 1:colcon.colcon_core.package_identification:_identify(src/ros2_ouster_drivers/build/CMakeFiles/3.27.6) by extension 'ros'
[1.755s] Level 1:colcon.colcon_core.package_identification:_identify(src/ros2_ouster_drivers/build/CMakeFiles/3.27.6) by extensions ['cmake', 'python']
[1.755s] Level 1:colcon.colcon_core.package_identification:_identify(src/ros2_ouster_drivers/build/CMakeFiles/3.27.6) by extension 'cmake'
[1.755s] Level 1:colcon.colcon_core.package_identification:_identify(src/ros2_ouster_drivers/build/CMakeFiles/3.27.6) by extension 'python'
[1.755s] Level 1:colcon.colcon_core.package_identification:_identify(src/ros2_ouster_drivers/build/CMakeFiles/3.27.6) by extensions ['python_setup_py']
[1.756s] Level 1:colcon.colcon_core.package_identification:_identify(src/ros2_ouster_drivers/build/CMakeFiles/3.27.6) by extension 'python_setup_py'
[1.756s] Level 1:colcon.colcon_core.package_identification:_identify(src/ros2_ouster_drivers/build/CMakeFiles/3.27.6/CompilerIdC) by extensions ['ignore', 'ignore_ament_install']
[1.756s] Level 1:colcon.colcon_core.package_identification:_identify(src/ros2_ouster_drivers/build/CMakeFiles/3.27.6/CompilerIdC) by extension 'ignore'
[1.756s] Level 1:colcon.colcon_core.package_identification:_identify(src/ros2_ouster_drivers/build/CMakeFiles/3.27.6/CompilerIdC) by extension 'ignore_ament_install'
[1.756s] Level 1:colcon.colcon_core.package_identification:_identify(src/ros2_ouster_drivers/build/CMakeFiles/3.27.6/CompilerIdC) by extensions ['colcon_pkg']
[1.756s] Level 1:colcon.colcon_core.package_identification:_identify(src/ros2_ouster_drivers/build/CMakeFiles/3.27.6/CompilerIdC) by extension 'colcon_pkg'
[1.756s] Level 1:colcon.colcon_core.package_identification:_identify(src/ros2_ouster_drivers/build/CMakeFiles/3.27.6/CompilerIdC) by extensions ['colcon_meta']
[1.756s] Level 1:colcon.colcon_core.package_identification:_identify(src/ros2_ouster_drivers/build/CMakeFiles/3.27.6/CompilerIdC) by extension 'colcon_meta'
[1.756s] Level 1:colcon.colcon_core.package_identification:_identify(src/ros2_ouster_drivers/build/CMakeFiles/3.27.6/CompilerIdC) by extensions ['ros']
[1.756s] Level 1:colcon.colcon_core.package_identification:_identify(src/ros2_ouster_drivers/build/CMakeFiles/3.27.6/CompilerIdC) by extension 'ros'
[1.756s] Level 1:colcon.colcon_core.package_identification:_identify(src/ros2_ouster_drivers/build/CMakeFiles/3.27.6/CompilerIdC) by extensions ['cmake', 'python']
[1.756s] Level 1:colcon.colcon_core.package_identification:_identify(src/ros2_ouster_drivers/build/CMakeFiles/3.27.6/CompilerIdC) by extension 'cmake'
[1.756s] Level 1:colcon.colcon_core.package_identification:_identify(src/ros2_ouster_drivers/build/CMakeFiles/3.27.6/CompilerIdC) by extension 'python'
[1.757s] Level 1:colcon.colcon_core.package_identification:_identify(src/ros2_ouster_drivers/build/CMakeFiles/3.27.6/CompilerIdC) by extensions ['python_setup_py']
[1.757s] Level 1:colcon.colcon_core.package_identification:_identify(src/ros2_ouster_drivers/build/CMakeFiles/3.27.6/CompilerIdC) by extension 'python_setup_py'
[1.757s] Level 1:colcon.colcon_core.package_identification:_identify(src/ros2_ouster_drivers/build/CMakeFiles/3.27.6/CompilerIdC/tmp) by extensions ['ignore', 'ignore_ament_install']
[1.757s] Level 1:colcon.colcon_core.package_identification:_identify(src/ros2_ouster_drivers/build/CMakeFiles/3.27.6/CompilerIdC/tmp) by extension 'ignore'
[1.757s] Level 1:colcon.colcon_core.package_identification:_identify(src/ros2_ouster_drivers/build/CMakeFiles/3.27.6/CompilerIdC/tmp) by extension 'ignore_ament_install'
[1.757s] Level 1:colcon.colcon_core.package_identification:_identify(src/ros2_ouster_drivers/build/CMakeFiles/3.27.6/CompilerIdC/tmp) by extensions ['colcon_pkg']
[1.757s] Level 1:colcon.colcon_core.package_identification:_identify(src/ros2_ouster_drivers/build/CMakeFiles/3.27.6/CompilerIdC/tmp) by extension 'colcon_pkg'
[1.757s] Level 1:colcon.colcon_core.package_identification:_identify(src/ros2_ouster_drivers/build/CMakeFiles/3.27.6/CompilerIdC/tmp) by extensions ['colcon_meta']
[1.757s] Level 1:colcon.colcon_core.package_identification:_identify(src/ros2_ouster_drivers/build/CMakeFiles/3.27.6/CompilerIdC/tmp) by extension 'colcon_meta'
[1.757s] Level 1:colcon.colcon_core.package_identification:_identify(src/ros2_ouster_drivers/build/CMakeFiles/3.27.6/CompilerIdC/tmp) by extensions ['ros']
[1.757s] Level 1:colcon.colcon_core.package_identification:_identify(src/ros2_ouster_drivers/build/CMakeFiles/3.27.6/CompilerIdC/tmp) by extension 'ros'
[1.757s] Level 1:colcon.colcon_core.package_identification:_identify(src/ros2_ouster_drivers/build/CMakeFiles/3.27.6/CompilerIdC/tmp) by extensions ['cmake', 'python']
[1.757s] Level 1:colcon.colcon_core.package_identification:_identify(src/ros2_ouster_drivers/build/CMakeFiles/3.27.6/CompilerIdC/tmp) by extension 'cmake'
[1.758s] Level 1:colcon.colcon_core.package_identification:_identify(src/ros2_ouster_drivers/build/CMakeFiles/3.27.6/CompilerIdC/tmp) by extension 'python'
[1.758s] Level 1:colcon.colcon_core.package_identification:_identify(src/ros2_ouster_drivers/build/CMakeFiles/3.27.6/CompilerIdC/tmp) by extensions ['python_setup_py']
[1.758s] Level 1:colcon.colcon_core.package_identification:_identify(src/ros2_ouster_drivers/build/CMakeFiles/3.27.6/CompilerIdC/tmp) by extension 'python_setup_py'
[1.758s] Level 1:colcon.colcon_core.package_identification:_identify(src/ros2_ouster_drivers/build/CMakeFiles/3.27.6/CompilerIdCXX) by extensions ['ignore', 'ignore_ament_install']
[1.758s] Level 1:colcon.colcon_core.package_identification:_identify(src/ros2_ouster_drivers/build/CMakeFiles/3.27.6/CompilerIdCXX) by extension 'ignore'
[1.758s] Level 1:colcon.colcon_core.package_identification:_identify(src/ros2_ouster_drivers/build/CMakeFiles/3.27.6/CompilerIdCXX) by extension 'ignore_ament_install'
[1.758s] Level 1:colcon.colcon_core.package_identification:_identify(src/ros2_ouster_drivers/build/CMakeFiles/3.27.6/CompilerIdCXX) by extensions ['colcon_pkg']
[1.758s] Level 1:colcon.colcon_core.package_identification:_identify(src/ros2_ouster_drivers/build/CMakeFiles/3.27.6/CompilerIdCXX) by extension 'colcon_pkg'
[1.758s] Level 1:colcon.colcon_core.package_identification:_identify(src/ros2_ouster_drivers/build/CMakeFiles/3.27.6/CompilerIdCXX) by extensions ['colcon_meta']
[1.758s] Level 1:colcon.colcon_core.package_identification:_identify(src/ros2_ouster_drivers/build/CMakeFiles/3.27.6/CompilerIdCXX) by extension 'colcon_meta'
[1.758s] Level 1:colcon.colcon_core.package_identification:_identify(src/ros2_ouster_drivers/build/CMakeFiles/3.27.6/CompilerIdCXX) by extensions ['ros']
[1.758s] Level 1:colcon.colcon_core.package_identification:_identify(src/ros2_ouster_drivers/build/CMakeFiles/3.27.6/CompilerIdCXX) by extension 'ros'
[1.758s] Level 1:colcon.colcon_core.package_identification:_identify(src/ros2_ouster_drivers/build/CMakeFiles/3.27.6/CompilerIdCXX) by extensions ['cmake', 'python']
[1.758s] Level 1:colcon.colcon_core.package_identification:_identify(src/ros2_ouster_drivers/build/CMakeFiles/3.27.6/CompilerIdCXX) by extension 'cmake'
[1.759s] Level 1:colcon.colcon_core.package_identification:_identify(src/ros2_ouster_drivers/build/CMakeFiles/3.27.6/CompilerIdCXX) by extension 'python'
[1.759s] Level 1:colcon.colcon_core.package_identification:_identify(src/ros2_ouster_drivers/build/CMakeFiles/3.27.6/CompilerIdCXX) by extensions ['python_setup_py']
[1.759s] Level 1:colcon.colcon_core.package_identification:_identify(src/ros2_ouster_drivers/build/CMakeFiles/3.27.6/CompilerIdCXX) by extension 'python_setup_py'
[1.759s] Level 1:colcon.colcon_core.package_identification:_identify(src/ros2_ouster_drivers/build/CMakeFiles/3.27.6/CompilerIdCXX/tmp) by extensions ['ignore', 'ignore_ament_install']
[1.759s] Level 1:colcon.colcon_core.package_identification:_identify(src/ros2_ouster_drivers/build/CMakeFiles/3.27.6/CompilerIdCXX/tmp) by extension 'ignore'
[1.759s] Level 1:colcon.colcon_core.package_identification:_identify(src/ros2_ouster_drivers/build/CMakeFiles/3.27.6/CompilerIdCXX/tmp) by extension 'ignore_ament_install'
[1.759s] Level 1:colcon.colcon_core.package_identification:_identify(src/ros2_ouster_drivers/build/CMakeFiles/3.27.6/CompilerIdCXX/tmp) by extensions ['colcon_pkg']
[1.759s] Level 1:colcon.colcon_core.package_identification:_identify(src/ros2_ouster_drivers/build/CMakeFiles/3.27.6/CompilerIdCXX/tmp) by extension 'colcon_pkg'
[1.759s] Level 1:colcon.colcon_core.package_identification:_identify(src/ros2_ouster_drivers/build/CMakeFiles/3.27.6/CompilerIdCXX/tmp) by extensions ['colcon_meta']
[1.759s] Level 1:colcon.colcon_core.package_identification:_identify(src/ros2_ouster_drivers/build/CMakeFiles/3.27.6/CompilerIdCXX/tmp) by extension 'colcon_meta'
[1.759s] Level 1:colcon.colcon_core.package_identification:_identify(src/ros2_ouster_drivers/build/CMakeFiles/3.27.6/CompilerIdCXX/tmp) by extensions ['ros']
[1.759s] Level 1:colcon.colcon_core.package_identification:_identify(src/ros2_ouster_drivers/build/CMakeFiles/3.27.6/CompilerIdCXX/tmp) by extension 'ros'
[1.759s] Level 1:colcon.colcon_core.package_identification:_identify(src/ros2_ouster_drivers/build/CMakeFiles/3.27.6/CompilerIdCXX/tmp) by extensions ['cmake', 'python']
[1.760s] Level 1:colcon.colcon_core.package_identification:_identify(src/ros2_ouster_drivers/build/CMakeFiles/3.27.6/CompilerIdCXX/tmp) by extension 'cmake'
[1.760s] Level 1:colcon.colcon_core.package_identification:_identify(src/ros2_ouster_drivers/build/CMakeFiles/3.27.6/CompilerIdCXX/tmp) by extension 'python'
[1.760s] Level 1:colcon.colcon_core.package_identification:_identify(src/ros2_ouster_drivers/build/CMakeFiles/3.27.6/CompilerIdCXX/tmp) by extensions ['python_setup_py']
[1.760s] Level 1:colcon.colcon_core.package_identification:_identify(src/ros2_ouster_drivers/build/CMakeFiles/3.27.6/CompilerIdCXX/tmp) by extension 'python_setup_py'
[1.760s] Level 1:colcon.colcon_core.package_identification:_identify(src/ros2_ouster_drivers/build/CMakeFiles/pkgRedirects) by extensions ['ignore', 'ignore_ament_install']
[1.760s] Level 1:colcon.colcon_core.package_identification:_identify(src/ros2_ouster_drivers/build/CMakeFiles/pkgRedirects) by extension 'ignore'
[1.760s] Level 1:colcon.colcon_core.package_identification:_identify(src/ros2_ouster_drivers/build/CMakeFiles/pkgRedirects) by extension 'ignore_ament_install'
[1.760s] Level 1:colcon.colcon_core.package_identification:_identify(src/ros2_ouster_drivers/build/CMakeFiles/pkgRedirects) by extensions ['colcon_pkg']
[1.760s] Level 1:colcon.colcon_core.package_identification:_identify(src/ros2_ouster_drivers/build/CMakeFiles/pkgRedirects) by extension 'colcon_pkg'
[1.760s] Level 1:colcon.colcon_core.package_identification:_identify(src/ros2_ouster_drivers/build/CMakeFiles/pkgRedirects) by extensions ['colcon_meta']
[1.760s] Level 1:colcon.colcon_core.package_identification:_identify(src/ros2_ouster_drivers/build/CMakeFiles/pkgRedirects) by extension 'colcon_meta'
[1.760s] Level 1:colcon.colcon_core.package_identification:_identify(src/ros2_ouster_drivers/build/CMakeFiles/pkgRedirects) by extensions ['ros']
[1.760s] Level 1:colcon.colcon_core.package_identification:_identify(src/ros2_ouster_drivers/build/CMakeFiles/pkgRedirects) by extension 'ros'
[1.760s] Level 1:colcon.colcon_core.package_identification:_identify(src/ros2_ouster_drivers/build/CMakeFiles/pkgRedirects) by extensions ['cmake', 'python']
[1.761s] Level 1:colcon.colcon_core.package_identification:_identify(src/ros2_ouster_drivers/build/CMakeFiles/pkgRedirects) by extension 'cmake'
[1.761s] Level 1:colcon.colcon_core.package_identification:_identify(src/ros2_ouster_drivers/build/CMakeFiles/pkgRedirects) by extension 'python'
[1.761s] Level 1:colcon.colcon_core.package_identification:_identify(src/ros2_ouster_drivers/build/CMakeFiles/pkgRedirects) by extensions ['python_setup_py']
[1.761s] Level 1:colcon.colcon_core.package_identification:_identify(src/ros2_ouster_drivers/build/CMakeFiles/pkgRedirects) by extension 'python_setup_py'
[1.761s] Level 1:colcon.colcon_core.package_identification:_identify(src/ros2_ouster_drivers/build/ament_cmake_core) by extensions ['ignore', 'ignore_ament_install']
[1.761s] Level 1:colcon.colcon_core.package_identification:_identify(src/ros2_ouster_drivers/build/ament_cmake_core) by extension 'ignore'
[1.761s] Level 1:colcon.colcon_core.package_identification:_identify(src/ros2_ouster_drivers/build/ament_cmake_core) by extension 'ignore_ament_install'
[1.761s] Level 1:colcon.colcon_core.package_identification:_identify(src/ros2_ouster_drivers/build/ament_cmake_core) by extensions ['colcon_pkg']
[1.761s] Level 1:colcon.colcon_core.package_identification:_identify(src/ros2_ouster_drivers/build/ament_cmake_core) by extension 'colcon_pkg'
[1.761s] Level 1:colcon.colcon_core.package_identification:_identify(src/ros2_ouster_drivers/build/ament_cmake_core) by extensions ['colcon_meta']
[1.761s] Level 1:colcon.colcon_core.package_identification:_identify(src/ros2_ouster_drivers/build/ament_cmake_core) by extension 'colcon_meta'
[1.761s] Level 1:colcon.colcon_core.package_identification:_identify(src/ros2_ouster_drivers/build/ament_cmake_core) by extensions ['ros']
[1.761s] Level 1:colcon.colcon_core.package_identification:_identify(src/ros2_ouster_drivers/build/ament_cmake_core) by extension 'ros'
[1.761s] Level 1:colcon.colcon_core.package_identification:_identify(src/ros2_ouster_drivers/build/ament_cmake_core) by extensions ['cmake', 'python']
[1.761s] Level 1:colcon.colcon_core.package_identification:_identify(src/ros2_ouster_drivers/build/ament_cmake_core) by extension 'cmake'
[1.762s] Level 1:colcon.colcon_core.package_identification:_identify(src/ros2_ouster_drivers/build/ament_cmake_core) by extension 'python'
[1.762s] Level 1:colcon.colcon_core.package_identification:_identify(src/ros2_ouster_drivers/build/ament_cmake_core) by extensions ['python_setup_py']
[1.762s] Level 1:colcon.colcon_core.package_identification:_identify(src/ros2_ouster_drivers/build/ament_cmake_core) by extension 'python_setup_py'
[1.762s] Level 1:colcon.colcon_core.package_identification:_identify(src/ros2_ouster_drivers/build/ament_cmake_core/stamps) by extensions ['ignore', 'ignore_ament_install']
[1.762s] Level 1:colcon.colcon_core.package_identification:_identify(src/ros2_ouster_drivers/build/ament_cmake_core/stamps) by extension 'ignore'
[1.762s] Level 1:colcon.colcon_core.package_identification:_identify(src/ros2_ouster_drivers/build/ament_cmake_core/stamps) by extension 'ignore_ament_install'
[1.762s] Level 1:colcon.colcon_core.package_identification:_identify(src/ros2_ouster_drivers/build/ament_cmake_core/stamps) by extensions ['colcon_pkg']
[1.762s] Level 1:colcon.colcon_core.package_identification:_identify(src/ros2_ouster_drivers/build/ament_cmake_core/stamps) by extension 'colcon_pkg'
[1.762s] Level 1:colcon.colcon_core.package_identification:_identify(src/ros2_ouster_drivers/build/ament_cmake_core/stamps) by extensions ['colcon_meta']
[1.762s] Level 1:colcon.colcon_core.package_identification:_identify(src/ros2_ouster_drivers/build/ament_cmake_core/stamps) by extension 'colcon_meta'
[1.762s] Level 1:colcon.colcon_core.package_identification:_identify(src/ros2_ouster_drivers/build/ament_cmake_core/stamps) by extensions ['ros']
[1.762s] Level 1:colcon.colcon_core.package_identification:_identify(src/ros2_ouster_drivers/build/ament_cmake_core/stamps) by extension 'ros'
[1.762s] Level 1:colcon.colcon_core.package_identification:_identify(src/ros2_ouster_drivers/build/ament_cmake_core/stamps) by extensions ['cmake', 'python']
[1.763s] Level 1:colcon.colcon_core.package_identification:_identify(src/ros2_ouster_drivers/build/ament_cmake_core/stamps) by extension 'cmake'
[1.763s] Level 1:colcon.colcon_core.package_identification:_identify(src/ros2_ouster_drivers/build/ament_cmake_core/stamps) by extension 'python'
[1.763s] Level 1:colcon.colcon_core.package_identification:_identify(src/ros2_ouster_drivers/build/ament_cmake_core/stamps) by extensions ['python_setup_py']
[1.763s] Level 1:colcon.colcon_core.package_identification:_identify(src/ros2_ouster_drivers/build/ament_cmake_core/stamps) by extension 'python_setup_py'
[1.763s] Level 1:colcon.colcon_core.package_identification:_identify(src/ros2_ouster_drivers/build/ament_cmake_package_templates) by extensions ['ignore', 'ignore_ament_install']
[1.763s] Level 1:colcon.colcon_core.package_identification:_identify(src/ros2_ouster_drivers/build/ament_cmake_package_templates) by extension 'ignore'
[1.763s] Level 1:colcon.colcon_core.package_identification:_identify(src/ros2_ouster_drivers/build/ament_cmake_package_templates) by extension 'ignore_ament_install'
[1.763s] Level 1:colcon.colcon_core.package_identification:_identify(src/ros2_ouster_drivers/build/ament_cmake_package_templates) by extensions ['colcon_pkg']
[1.763s] Level 1:colcon.colcon_core.package_identification:_identify(src/ros2_ouster_drivers/build/ament_cmake_package_templates) by extension 'colcon_pkg'
[1.763s] Level 1:colcon.colcon_core.package_identification:_identify(src/ros2_ouster_drivers/build/ament_cmake_package_templates) by extensions ['colcon_meta']
[1.763s] Level 1:colcon.colcon_core.package_identification:_identify(src/ros2_ouster_drivers/build/ament_cmake_package_templates) by extension 'colcon_meta'
[1.763s] Level 1:colcon.colcon_core.package_identification:_identify(src/ros2_ouster_drivers/build/ament_cmake_package_templates) by extensions ['ros']
[1.763s] Level 1:colcon.colcon_core.package_identification:_identify(src/ros2_ouster_drivers/build/ament_cmake_package_templates) by extension 'ros'
[1.763s] Level 1:colcon.colcon_core.package_identification:_identify(src/ros2_ouster_drivers/build/ament_cmake_package_templates) by extensions ['cmake', 'python']
[1.763s] Level 1:colcon.colcon_core.package_identification:_identify(src/ros2_ouster_drivers/build/ament_cmake_package_templates) by extension 'cmake'
[1.764s] Level 1:colcon.colcon_core.package_identification:_identify(src/ros2_ouster_drivers/build/ament_cmake_package_templates) by extension 'python'
[1.764s] Level 1:colcon.colcon_core.package_identification:_identify(src/ros2_ouster_drivers/build/ament_cmake_package_templates) by extensions ['python_setup_py']
[1.764s] Level 1:colcon.colcon_core.package_identification:_identify(src/ros2_ouster_drivers/build/ament_cmake_package_templates) by extension 'python_setup_py'
[1.764s] Level 1:colcon.colcon_core.package_identification:_identify(src/ros2_ouster_drivers/build/ament_cmake_uninstall_target) by extensions ['ignore', 'ignore_ament_install']
[1.764s] Level 1:colcon.colcon_core.package_identification:_identify(src/ros2_ouster_drivers/build/ament_cmake_uninstall_target) by extension 'ignore'
[1.764s] Level 1:colcon.colcon_core.package_identification:_identify(src/ros2_ouster_drivers/build/ament_cmake_uninstall_target) by extension 'ignore_ament_install'
[1.764s] Level 1:colcon.colcon_core.package_identification:_identify(src/ros2_ouster_drivers/build/ament_cmake_uninstall_target) by extensions ['colcon_pkg']
[1.764s] Level 1:colcon.colcon_core.package_identification:_identify(src/ros2_ouster_drivers/build/ament_cmake_uninstall_target) by extension 'colcon_pkg'
[1.764s] Level 1:colcon.colcon_core.package_identification:_identify(src/ros2_ouster_drivers/build/ament_cmake_uninstall_target) by extensions ['colcon_meta']
[1.764s] Level 1:colcon.colcon_core.package_identification:_identify(src/ros2_ouster_drivers/build/ament_cmake_uninstall_target) by extension 'colcon_meta'
[1.764s] Level 1:colcon.colcon_core.package_identification:_identify(src/ros2_ouster_drivers/build/ament_cmake_uninstall_target) by extensions ['ros']
[1.764s] Level 1:colcon.colcon_core.package_identification:_identify(src/ros2_ouster_drivers/build/ament_cmake_uninstall_target) by extension 'ros'
[1.764s] Level 1:colcon.colcon_core.package_identification:_identify(src/ros2_ouster_drivers/build/ament_cmake_uninstall_target) by extensions ['cmake', 'python']
[1.764s] Level 1:colcon.colcon_core.package_identification:_identify(src/ros2_ouster_drivers/build/ament_cmake_uninstall_target) by extension 'cmake'
[1.765s] Level 1:colcon.colcon_core.package_identification:_identify(src/ros2_ouster_drivers/build/ament_cmake_uninstall_target) by extension 'python'
[1.765s] Level 1:colcon.colcon_core.package_identification:_identify(src/ros2_ouster_drivers/build/ament_cmake_uninstall_target) by extensions ['python_setup_py']
[1.765s] Level 1:colcon.colcon_core.package_identification:_identify(src/ros2_ouster_drivers/build/ament_cmake_uninstall_target) by extension 'python_setup_py'
[1.765s] Level 1:colcon.colcon_core.package_identification:_identify(src/ros2_ouster_drivers/ouster_msgs) by extensions ['ignore', 'ignore_ament_install']
[1.765s] Level 1:colcon.colcon_core.package_identification:_identify(src/ros2_ouster_drivers/ouster_msgs) by extension 'ignore'
[1.765s] Level 1:colcon.colcon_core.package_identification:_identify(src/ros2_ouster_drivers/ouster_msgs) by extension 'ignore_ament_install'
[1.765s] Level 1:colcon.colcon_core.package_identification:_identify(src/ros2_ouster_drivers/ouster_msgs) by extensions ['colcon_pkg']
[1.765s] Level 1:colcon.colcon_core.package_identification:_identify(src/ros2_ouster_drivers/ouster_msgs) by extension 'colcon_pkg'
[1.765s] Level 1:colcon.colcon_core.package_identification:_identify(src/ros2_ouster_drivers/ouster_msgs) by extensions ['colcon_meta']
[1.765s] Level 1:colcon.colcon_core.package_identification:_identify(src/ros2_ouster_drivers/ouster_msgs) by extension 'colcon_meta'
[1.765s] Level 1:colcon.colcon_core.package_identification:_identify(src/ros2_ouster_drivers/ouster_msgs) by extensions ['ros']
[1.765s] Level 1:colcon.colcon_core.package_identification:_identify(src/ros2_ouster_drivers/ouster_msgs) by extension 'ros'
[1.766s] DEBUG:colcon.colcon_core.package_identification:Package 'src/ros2_ouster_drivers/ouster_msgs' with type 'ros.ament_cmake' and name 'ouster_msgs'
[1.767s] Level 1:colcon.colcon_core.package_identification:_identify(src/ros2_ouster_drivers/ros2_ouster) by extensions ['ignore', 'ignore_ament_install']
[1.767s] Level 1:colcon.colcon_core.package_identification:_identify(src/ros2_ouster_drivers/ros2_ouster) by extension 'ignore'
[1.767s] Level 1:colcon.colcon_core.package_identification:_identify(src/ros2_ouster_drivers/ros2_ouster) by extension 'ignore_ament_install'
[1.767s] Level 1:colcon.colcon_core.package_identification:_identify(src/ros2_ouster_drivers/ros2_ouster) by extensions ['colcon_pkg']
[1.767s] Level 1:colcon.colcon_core.package_identification:_identify(src/ros2_ouster_drivers/ros2_ouster) by extension 'colcon_pkg'
[1.767s] Level 1:colcon.colcon_core.package_identification:_identify(src/ros2_ouster_drivers/ros2_ouster) by extensions ['colcon_meta']
[1.767s] Level 1:colcon.colcon_core.package_identification:_identify(src/ros2_ouster_drivers/ros2_ouster) by extension 'colcon_meta'
[1.767s] Level 1:colcon.colcon_core.package_identification:_identify(src/ros2_ouster_drivers/ros2_ouster) by extensions ['ros']
[1.767s] Level 1:colcon.colcon_core.package_identification:_identify(src/ros2_ouster_drivers/ros2_ouster) by extension 'ros'
[1.770s] DEBUG:colcon.colcon_core.package_identification:Package 'src/ros2_ouster_drivers/ros2_ouster' with type 'ros.ament_cmake' and name 'ros2_ouster'
[1.770s] Level 1:colcon.colcon_core.package_discovery:discover_packages(recursive) using defaults
[1.770s] Level 1:colcon.colcon_core.package_discovery:discover_packages(ignore) discover
[1.770s] Level 1:colcon.colcon_core.package_discovery:discover_packages(ignore) using defaults
[1.770s] Level 1:colcon.colcon_core.package_discovery:discover_packages(path) discover
[1.770s] Level 1:colcon.colcon_core.package_discovery:discover_packages(path) using defaults
[1.873s] INFO:colcon.colcon_core.package_selection:Skipping not selected package 'ouster_msgs' in 'src/ros2_ouster_drivers/ouster_msgs'
[1.874s] INFO:colcon.colcon_core.package_selection:Skipping not selected package 'pcl_msgs' in 'src/pcl_msgs'
[1.874s] INFO:colcon.colcon_core.package_selection:Skipping not selected package 'pcl_conversions' in 'src/perception_pcl/pcl_conversions'
[1.874s] INFO:colcon.colcon_core.package_selection:Skipping not selected package 'pcl_ros' in 'src/perception_pcl/pcl_ros'
[1.874s] INFO:colcon.colcon_core.package_selection:Skipping not selected package 'ros2_ouster' in 'src/ros2_ouster_drivers/ros2_ouster'
[1.874s] INFO:colcon.colcon_core.package_selection:Skipping not selected package 'perception_pcl' in 'src/perception_pcl/perception_pcl'
[1.901s] Level 5:colcon.colcon_core.verb:set package 'aurora_core' build argument 'cmake_args' from command line to 'None'
[1.902s] Level 5:colcon.colcon_core.verb:set package 'aurora_core' build argument 'cmake_target' from command line to 'None'
[1.902s] Level 5:colcon.colcon_core.verb:set package 'aurora_core' build argument 'cmake_target_skip_unavailable' from command line to 'False'
[1.902s] Level 5:colcon.colcon_core.verb:set package 'aurora_core' build argument 'cmake_clean_cache' from command line to 'False'
[1.902s] Level 5:colcon.colcon_core.verb:set package 'aurora_core' build argument 'cmake_clean_first' from command line to 'False'
[1.902s] Level 5:colcon.colcon_core.verb:set package 'aurora_core' build argument 'cmake_force_configure' from command line to 'False'
[1.902s] Level 5:colcon.colcon_core.verb:set package 'aurora_core' build argument 'ament_cmake_args' from command line to 'None'
[1.902s] Level 5:colcon.colcon_core.verb:set package 'aurora_core' build argument 'catkin_cmake_args' from command line to 'None'
[1.902s] Level 5:colcon.colcon_core.verb:set package 'aurora_core' build argument 'catkin_skip_building_tests' from command line to 'False'
[1.902s] DEBUG:colcon.colcon_core.verb:Building package 'aurora_core' with the following arguments: {'ament_cmake_args': None, 'build_base': '/home/brown/Projects/MiningRobot/ros2_workspace/build/aurora_core', 'catkin_cmake_args': None, 'catkin_skip_building_tests': False, 'cmake_args': None, 'cmake_clean_cache': False, 'cmake_clean_first': False, 'cmake_force_configure': False, 'cmake_target': None, 'cmake_target_skip_unavailable': False, 'install_base': '/home/brown/Projects/MiningRobot/ros2_workspace/install/aurora_core', 'merge_install': False, 'path': '/home/brown/Projects/MiningRobot/ros2_workspace/aurora_core_sl', 'symlink_install': False, 'test_result_base': None}
[1.926s] INFO:colcon.colcon_core.executor:Executing jobs using 'parallel' executor
[1.952s] DEBUG:colcon.colcon_parallel_executor.executor.parallel:run_until_complete
[1.952s] INFO:colcon.colcon_ros.task.ament_cmake.build:Building ROS package in '/home/brown/Projects/MiningRobot/ros2_workspace/aurora_core_sl' with build type 'ament_cmake'
[1.952s] INFO:colcon.colcon_cmake.task.cmake.build:Building CMake package in '/home/brown/Projects/MiningRobot/ros2_workspace/aurora_core_sl'
[1.991s] INFO:colcon.colcon_core.plugin_system:Skipping extension 'colcon_core.shell.bat': Not used on non-Windows systems
[1.992s] INFO:colcon.colcon_core.shell:Skip shell extension 'powershell' for command environment: Not usable outside of PowerShell
[1.992s] DEBUG:colcon.colcon_core.shell:Skip shell extension 'dsv' for command environment
[2.121s] DEBUG:colcon.colcon_core.event_handler.log_command:Invoking command in '/home/brown/Projects/MiningRobot/ros2_workspace/build/aurora_core': CMAKE_PREFIX_PATH=/home/brown/Projects/MiningRobot/ros2_workspace/install/ros2_ouster:/home/brown/Projects/MiningRobot/ros2_workspace/install/pcl_conversions:/home/brown/Projects/MiningRobot/ros2_workspace/install/pcl_msgs:/home/brown/Projects/MiningRobot/ros2_workspace/install/ouster_msgs:/home/brown/Projects/MiningRobot/ros2_workspace/install/aurora_core:/home/brown/Projects/MiningRobot/ros2_workspace/install/perception_pcl:/home/brown/Projects/MiningRobot/ros2_workspace/install/pcl_ros:/opt/ros/humble LD_LIBRARY_PATH=/home/brown/Projects/MiningRobot/ros2_workspace/install/ros2_ouster/lib:/home/brown/Projects/MiningRobot/ros2_workspace/install/pcl_msgs/lib:/home/brown/Projects/MiningRobot/ros2_workspace/install/ouster_msgs/lib:/home/brown/Projects/MiningRobot/ros2_workspace/install/pcl_ros/lib:/opt/ros/humble/opt/yaml_cpp_vendor/lib:/opt/ros/humble/opt/rviz_ogre_vendor/lib:/opt/ros/humble/lib _=/usr/bin/env /usr/bin/cmake --build /home/brown/Projects/MiningRobot/ros2_workspace/build/aurora_core -- -j4 -l4
[7.037s] DEBUG:colcon.colcon_core.event_handler.log_command:Invoked command in '/home/brown/Projects/MiningRobot/ros2_workspace/build/aurora_core' returned '2': CMAKE_PREFIX_PATH=/home/brown/Projects/MiningRobot/ros2_workspace/install/ros2_ouster:/home/brown/Projects/MiningRobot/ros2_workspace/install/pcl_conversions:/home/brown/Projects/MiningRobot/ros2_workspace/install/pcl_msgs:/home/brown/Projects/MiningRobot/ros2_workspace/install/ouster_msgs:/home/brown/Projects/MiningRobot/ros2_workspace/install/aurora_core:/home/brown/Projects/MiningRobot/ros2_workspace/install/perception_pcl:/home/brown/Projects/MiningRobot/ros2_workspace/install/pcl_ros:/opt/ros/humble LD_LIBRARY_PATH=/home/brown/Projects/MiningRobot/ros2_workspace/install/ros2_ouster/lib:/home/brown/Projects/MiningRobot/ros2_workspace/install/pcl_msgs/lib:/home/brown/Projects/MiningRobot/ros2_workspace/install/ouster_msgs/lib:/home/brown/Projects/MiningRobot/ros2_workspace/install/pcl_ros/lib:/opt/ros/humble/opt/yaml_cpp_vendor/lib:/opt/ros/humble/opt/rviz_ogre_vendor/lib:/opt/ros/humble/lib _=/usr/bin/env /usr/bin/cmake --build /home/brown/Projects/MiningRobot/ros2_workspace/build/aurora_core -- -j4 -l4
[7.153s] Level 1:colcon.colcon_core.environment:create_environment_scripts_only(aurora_core)
[7.186s] Level 1:colcon.colcon_core.environment:checking '/home/brown/Projects/MiningRobot/ros2_workspace/install/aurora_core' for CMake module files
[7.187s] Level 1:colcon.colcon_core.environment:checking '/home/brown/Projects/MiningRobot/ros2_workspace/install/aurora_core' for CMake config files
[7.187s] Level 1:colcon.colcon_core.shell:create_environment_hook('aurora_core', 'cmake_prefix_path')
[7.212s] INFO:colcon.colcon_core.shell:Creating environment hook '/home/brown/Projects/MiningRobot/ros2_workspace/install/aurora_core/share/aurora_core/hook/cmake_prefix_path.ps1'
[7.213s] INFO:colcon.colcon_core.shell:Creating environment descriptor '/home/brown/Projects/MiningRobot/ros2_workspace/install/aurora_core/share/aurora_core/hook/cmake_prefix_path.dsv'
[7.213s] INFO:colcon.colcon_core.shell:Creating environment hook '/home/brown/Projects/MiningRobot/ros2_workspace/install/aurora_core/share/aurora_core/hook/cmake_prefix_path.sh'
[7.214s] Level 1:colcon.colcon_core.environment:checking '/home/brown/Projects/MiningRobot/ros2_workspace/install/aurora_core/lib'
[7.215s] Level 1:colcon.colcon_core.environment:checking '/home/brown/Projects/MiningRobot/ros2_workspace/install/aurora_core/bin'
[7.215s] Level 1:colcon.colcon_core.environment:checking '/home/brown/Projects/MiningRobot/ros2_workspace/install/aurora_core/lib/pkgconfig/aurora_core.pc'
[7.216s] Level 1:colcon.colcon_core.environment:checking '/home/brown/Projects/MiningRobot/ros2_workspace/install/aurora_core/lib/python3.11/site-packages'
[7.217s] Level 1:colcon.colcon_core.environment:checking '/home/brown/Projects/MiningRobot/ros2_workspace/install/aurora_core/bin'
[7.241s] INFO:colcon.colcon_core.shell:Creating package script '/home/brown/Projects/MiningRobot/ros2_workspace/install/aurora_core/share/aurora_core/package.ps1'
[7.242s] INFO:colcon.colcon_core.shell:Creating package descriptor '/home/brown/Projects/MiningRobot/ros2_workspace/install/aurora_core/share/aurora_core/package.dsv'
[7.243s] INFO:colcon.colcon_core.shell:Creating package script '/home/brown/Projects/MiningRobot/ros2_workspace/install/aurora_core/share/aurora_core/package.sh'
[7.244s] INFO:colcon.colcon_core.shell:Creating package script '/home/brown/Projects/MiningRobot/ros2_workspace/install/aurora_core/share/aurora_core/package.bash'
[7.245s] INFO:colcon.colcon_core.shell:Creating package script '/home/brown/Projects/MiningRobot/ros2_workspace/install/aurora_core/share/aurora_core/package.zsh'
[7.246s] Level 1:colcon.colcon_core.environment:create_file_with_runtime_dependencies(/home/brown/Projects/MiningRobot/ros2_workspace/install/aurora_core/share/colcon-core/packages/aurora_core)
[7.256s] DEBUG:colcon.colcon_parallel_executor.executor.parallel:closing loop
[7.257s] DEBUG:colcon.colcon_parallel_executor.executor.parallel:loop closed
[7.257s] DEBUG:colcon.colcon_parallel_executor.executor.parallel:run_until_complete finished with '2'
[7.257s] DEBUG:colcon.colcon_core.event_reactor:joining thread
[7.302s] INFO:colcon.colcon_core.plugin_system:Skipping extension 'colcon_notification.desktop_notification.terminal_notifier': Not used on non-Darwin systems
[7.302s] INFO:colcon.colcon_core.plugin_system:Skipping extension 'colcon_notification.desktop_notification.win32': Not used on non-Windows systems
[7.302s] INFO:colcon.colcon_notification.desktop_notification:Sending desktop notification using 'notify2'
[7.365s] DEBUG:colcon.colcon_core.event_reactor:joined thread
[7.391s] INFO:colcon.colcon_core.shell:Creating prefix script '/home/brown/Projects/MiningRobot/ros2_workspace/install/local_setup.ps1'
[7.393s] INFO:colcon.colcon_core.shell:Creating prefix util module '/home/brown/Projects/MiningRobot/ros2_workspace/install/_local_setup_util_ps1.py'
[7.395s] INFO:colcon.colcon_core.shell:Creating prefix chain script '/home/brown/Projects/MiningRobot/ros2_workspace/install/setup.ps1'
[7.423s] INFO:colcon.colcon_core.shell:Creating prefix script '/home/brown/Projects/MiningRobot/ros2_workspace/install/local_setup.sh'
[7.424s] INFO:colcon.colcon_core.shell:Creating prefix util module '/home/brown/Projects/MiningRobot/ros2_workspace/install/_local_setup_util_sh.py'
[7.426s] INFO:colcon.colcon_core.shell:Creating prefix chain script '/home/brown/Projects/MiningRobot/ros2_workspace/install/setup.sh'
[7.460s] INFO:colcon.colcon_core.shell:Creating prefix script '/home/brown/Projects/MiningRobot/ros2_workspace/install/local_setup.bash'
[7.461s] INFO:colcon.colcon_core.shell:Creating prefix chain script '/home/brown/Projects/MiningRobot/ros2_workspace/install/setup.bash'
[7.490s] INFO:colcon.colcon_core.shell:Creating prefix script '/home/brown/Projects/MiningRobot/ros2_workspace/install/local_setup.zsh'
[7.491s] INFO:colcon.colcon_core.shell:Creating prefix chain script '/home/brown/Projects/MiningRobot/ros2_workspace/install/setup.zsh'
