[0.000000] (-) TimerEvent: {}
[0.000716] (-) JobUnselected: {'identifier': 'ouster_msgs'}
[0.001001] (-) JobUnselected: {'identifier': 'pcl_conversions'}
[0.001064] (-) JobUnselected: {'identifier': 'pcl_msgs'}
[0.001192] (-) JobUnselected: {'identifier': 'pcl_ros'}
[0.001382] (-) JobUnselected: {'identifier': 'perception_pcl'}
[0.001484] (-) JobUnselected: {'identifier': 'ros2_ouster'}
[0.001632] (aurora_core) JobQueued: {'identifier': 'aurora_core', 'dependencies': OrderedDict([('ouster_msgs', '/home/brown/Projects/MiningRobot/ros2_workspace/install/ouster_msgs'), ('pcl_msgs', '/home/brown/Projects/MiningRobot/ros2_workspace/install/pcl_msgs'), ('pcl_conversions', '/home/brown/Projects/MiningRobot/ros2_workspace/install/pcl_conversions'), ('ros2_ouster', '/home/brown/Projects/MiningRobot/ros2_workspace/install/ros2_ouster')])}
[0.001838] (aurora_core) JobStarted: {'identifier': 'aurora_core'}
[0.099551] (-) TimerEvent: {}
[0.175816] (aurora_core) JobProgress: {'identifier': 'aurora_core', 'progress': 'cmake'}
[0.177415] (aurora_core) JobProgress: {'identifier': 'aurora_core', 'progress': 'build'}
[0.178696] (aurora_core) Command: {'cmd': ['/usr/bin/cmake', '--build', '/home/brown/Projects/MiningRobot/ros2_workspace/build/aurora_core', '--', '-j4', '-l4'], 'cwd': '/home/brown/Projects/MiningRobot/ros2_workspace/build/aurora_core', 'env': OrderedDict([('SHELL', '/bin/bash'), ('ROS_VERSION', '2'), ('WINDOWID', '1'), ('COLORTERM', 'truecolor'), ('XDG_CONFIG_DIRS', '/home/brown/.config/kdedefaults:/etc/xdg'), ('KGLOBALACCELD_PLATFORM', 'org.kde.kwin'), ('TERM_PROGRAM_VERSION', '3.3a'), ('TMUX', '/tmp/tmux-1000/default,1806,0'), ('PKG_CONFIG_PATH', '/opt/ros/humble/lib/pkgconfig'), ('ROS_PYTHON_VERSION', '3'), ('LANGUAGE', ''), ('SHELL_SESSION_ID', 'adab33755f16428db603933a933b68e7'), ('MEMORY_PRESSURE_WRITE', 'c29tZSAyMDAwMDAgMjAwMDAwMAA='), ('XCURSOR_SIZE', '24'), ('EDITOR', '/usr/bin/nvim'), ('XDG_SEAT', 'seat0'), ('PWD', '/home/brown/Projects/MiningRobot/ros2_workspace/build/aurora_core'), ('LOGNAME', 'brown'), ('XDG_SESSION_TYPE', 'wayland'), ('SYSTEMD_EXEC_PID', '506'), ('XAUTHORITY', '/run/user/1000/xauth_qwjjoz'), ('MOTD_SHOWN', 'pam'), ('HOME', '/home/brown'), ('LANG', 'C.UTF-8'), ('XDG_CURRENT_DESKTOP', 'KDE'), ('KONSOLE_DBUS_SERVICE', ':1.86'), ('MEMORY_PRESSURE_WATCH', '/sys/fs/cgroup/user.slice/user-1000.slice/user@1000.service/session.slice/plasma-kwin_wayland.service/memory.pressure'), ('WAYLAND_DISPLAY', 'wayland-0'), ('KONSOLE_DBUS_SESSION', '/Sessions/2'), ('PROFILEHOME', ''), ('AMENT_PREFIX_PATH', '/home/brown/Projects/MiningRobot/ros2_workspace/install/aurora_core:/home/brown/Projects/MiningRobot/ros2_workspace/install/ros2_ouster:/home/brown/Projects/MiningRobot/ros2_workspace/install/perception_pcl:/home/brown/Projects/MiningRobot/ros2_workspace/install/pcl_ros:/home/brown/Projects/MiningRobot/ros2_workspace/install/pcl_conversions:/home/brown/Projects/MiningRobot/ros2_workspace/install/pcl_msgs:/home/brown/Projects/MiningRobot/ros2_workspace/install/ouster_msgs:/opt/ros/humble'), ('CMAKE_PREFIX_PATH', '/home/brown/Projects/MiningRobot/ros2_workspace/install/ros2_ouster:/home/brown/Projects/MiningRobot/ros2_workspace/install/pcl_conversions:/home/brown/Projects/MiningRobot/ros2_workspace/install/pcl_msgs:/home/brown/Projects/MiningRobot/ros2_workspace/install/ouster_msgs:/home/brown/Projects/MiningRobot/ros2_workspace/install/aurora_core:/home/brown/Projects/MiningRobot/ros2_workspace/install/perception_pcl:/home/brown/Projects/MiningRobot/ros2_workspace/install/pcl_ros:/opt/ros/humble'), ('COLCON_PREFIX_PATH', '/home/brown/Projects/MiningRobot/ros2_workspace/install:/opt/ros/humble'), ('INVOCATION_ID', '0451ff8a5b7f45339296dc187b8cbfb5'), ('KONSOLE_VERSION', '230801'), ('MANAGERPID', '465'), ('KDE_SESSION_UID', '1000'), ('XDG_ACTIVATION_TOKEN', 'kwin-2'), ('XDG_SESSION_CLASS', 'user'), ('PYTHONPATH', '/home/brown/Projects/MiningRobot/ros2_workspace/install/pcl_msgs/lib/python3.11/site-packages:/home/brown/Projects/MiningRobot/ros2_workspace/install/ouster_msgs/lib/python3.11/site-packages:/home/brown/.cache/yay/ros2-humble/src/install/lib/python3.11/dist-packages:/opt/ros/humble/lib/python3.11/site-packages'), ('COLCON', '1'), ('TERM', 'xterm-256color'), ('USER', 'brown'), ('TMUX_PANE', '%6'), ('CUDA_PATH', '/opt/cuda'), ('COLORFGBG', '15;0'), ('PLASMA_USE_QT_SCALING', '1'), ('KDE_SESSION_VERSION', '5'), ('QT_WAYLAND_FORCE_DPI', '96'), ('DISPLAY', ':0'), ('SHLVL', '3'), ('XDG_VTNR', '1'), ('XDG_SESSION_ID', '1'), ('LD_LIBRARY_PATH', '/home/brown/Projects/MiningRobot/ros2_workspace/install/ros2_ouster/lib:/home/brown/Projects/MiningRobot/ros2_workspace/install/pcl_msgs/lib:/home/brown/Projects/MiningRobot/ros2_workspace/install/ouster_msgs/lib:/home/brown/Projects/MiningRobot/ros2_workspace/install/pcl_ros/lib:/opt/ros/humble/opt/yaml_cpp_vendor/lib:/opt/ros/humble/opt/rviz_ogre_vendor/lib:/opt/ros/humble/lib'), ('XDG_RUNTIME_DIR', '/run/user/1000'), ('ROS_LOCALHOST_ONLY', '0'), ('DEBUGINFOD_URLS', 'https://debuginfod.archlinux.org'), ('QT_AUTO_SCREEN_SCALE_FACTOR', '0'), ('JOURNAL_STREAM', '8:14885'), ('XCURSOR_THEME', 'breeze_cursors'), ('XDG_DATA_DIRS', '/home/brown/.local/share/flatpak/exports/share:/var/lib/flatpak/exports/share:/usr/local/share/:/usr/share/'), ('KDE_FULL_SESSION', 'true'), ('QSG_RENDER_LOOP', 'basic'), ('PATH', '/opt/ros/humble/bin:/home/brown/.local/bin:/home/brown/.local/bin:/home/brown/.local/bin:/usr/local/sbin:/usr/local/bin:/usr/bin:/opt/cuda/bin:/opt/cuda/nsight_compute:/opt/cuda/nsight_systems/bin:/var/lib/flatpak/exports/bin:/usr/lib/jvm/default/bin:/usr/bin/site_perl:/usr/bin/vendor_perl:/usr/bin/core_perl:/opt/cuda/bin:/opt/cuda/nsight_compute:/opt/cuda/nsight_systems/bin'), ('DBUS_SESSION_BUS_ADDRESS', 'unix:path=/run/user/1000/bus'), ('KDE_APPLICATIONS_AS_SCOPE', '1'), ('MAIL', '/var/spool/mail/brown'), ('ROS_DISTRO', 'humble'), ('OLDPWD', '/home/brown/Projects/MiningRobot/autonomy/lunabug'), ('TERM_PROGRAM', 'tmux'), ('KONSOLE_DBUS_WINDOW', '/Windows/1'), ('_', '/usr/bin/env')]), 'shell': False}
[0.199695] (-) TimerEvent: {}
[0.284514] (aurora_core) StdoutLine: {'line': b'[ 50%] \x1b[32mBuilding CXX object CMakeFiles/aurora_node_core.dir/src/aurora_node_core.cpp.o\x1b[0m\n'}
[0.299826] (-) TimerEvent: {}
[0.400250] (-) TimerEvent: {}
[0.500732] (-) TimerEvent: {}
[0.601351] (-) TimerEvent: {}
[0.701774] (-) TimerEvent: {}
[0.802147] (-) TimerEvent: {}
[0.902558] (-) TimerEvent: {}
[1.002970] (-) TimerEvent: {}
[1.103380] (-) TimerEvent: {}
[1.203756] (-) TimerEvent: {}
[1.304201] (-) TimerEvent: {}
[1.404691] (-) TimerEvent: {}
[1.505070] (-) TimerEvent: {}
[1.605838] (-) TimerEvent: {}
[1.706249] (-) TimerEvent: {}
[1.806630] (-) TimerEvent: {}
[1.907014] (-) TimerEvent: {}
[2.007511] (-) TimerEvent: {}
[2.107948] (-) TimerEvent: {}
[2.208284] (-) TimerEvent: {}
[2.310994] (-) TimerEvent: {}
[2.412316] (-) TimerEvent: {}
[2.513103] (-) TimerEvent: {}
[2.613812] (-) TimerEvent: {}
[2.715727] (-) TimerEvent: {}
[2.816923] (-) TimerEvent: {}
[2.917551] (-) TimerEvent: {}
[3.019164] (-) TimerEvent: {}
[3.119643] (-) TimerEvent: {}
[3.220189] (-) TimerEvent: {}
[3.320822] (-) TimerEvent: {}
[3.422207] (-) TimerEvent: {}
[3.524410] (-) TimerEvent: {}
[3.625864] (-) TimerEvent: {}
[3.727830] (-) TimerEvent: {}
[3.829076] (-) TimerEvent: {}
[3.930141] (-) TimerEvent: {}
[4.031464] (-) TimerEvent: {}
[4.133292] (-) TimerEvent: {}
[4.234041] (-) TimerEvent: {}
[4.334637] (-) TimerEvent: {}
[4.435638] (-) TimerEvent: {}
[4.536716] (-) TimerEvent: {}
[4.637327] (-) TimerEvent: {}
[4.737833] (-) TimerEvent: {}
[4.838605] (-) TimerEvent: {}
[4.939266] (-) TimerEvent: {}
[5.040362] (-) TimerEvent: {}
[5.141181] (-) TimerEvent: {}
[5.241887] (-) TimerEvent: {}
[5.342686] (-) TimerEvent: {}
[5.444009] (-) TimerEvent: {}
[5.545838] (-) TimerEvent: {}
[5.646970] (-) TimerEvent: {}
[5.748117] (-) TimerEvent: {}
[5.856587] (-) TimerEvent: {}
[5.959815] (-) TimerEvent: {}
[6.060716] (-) TimerEvent: {}
[6.161307] (-) TimerEvent: {}
[6.263978] (-) TimerEvent: {}
[6.365259] (-) TimerEvent: {}
[6.465737] (-) TimerEvent: {}
[6.566511] (-) TimerEvent: {}
[6.669824] (-) TimerEvent: {}
[6.770537] (-) TimerEvent: {}
[6.871538] (-) TimerEvent: {}
[6.973192] (-) TimerEvent: {}
[7.073895] (-) TimerEvent: {}
[7.174726] (-) TimerEvent: {}
[7.275704] (-) TimerEvent: {}
[7.377476] (-) TimerEvent: {}
[7.478621] (-) TimerEvent: {}
[7.580436] (-) TimerEvent: {}
[7.656073] (aurora_core) StderrLine: {'line': b'\x1b[01m\x1b[K/home/brown/Projects/MiningRobot/ros2_workspace/src/aurora_core/src/aurora_node_core.cpp:\x1b[m\x1b[K In function \xe2\x80\x98\x1b[01m\x1b[Kint\x1b[01;32m\x1b[K main\x1b[m\x1b[K(int, char**)\x1b[m\x1b[K\xe2\x80\x99:\n'}
[7.657097] (aurora_core) StderrLine: {'line': b'\x1b[01m\x1b[K/home/brown/Projects/MiningRobot/ros2_workspace/src/aurora_core/src/aurora_node_core.cpp:114:18:\x1b[m\x1b[K \x1b[01;31m\x1b[Kerror: \x1b[m\x1b[Kcannot convert \xe2\x80\x98\x1b[01m\x1b[Kstd::ostream\x1b[m\x1b[K\xe2\x80\x99 {aka \xe2\x80\x98\x1b[01m\x1b[Kstd::basic_ostream<char>\x1b[m\x1b[K\xe2\x80\x99} to \xe2\x80\x98\x1b[01m\x1b[KFILE*\x1b[m\x1b[K\xe2\x80\x99 in initialization\n'}
[7.657499] (aurora_core) StderrLine: {'line': b'  114 |     FILE *f=\x1b[01;31m\x1b[Kstd::cout\x1b[m\x1b[K;\n'}
[7.657953] (aurora_core) StderrLine: {'line': b'      |             \x1b[01;31m\x1b[K~~~~~^~~~\x1b[m\x1b[K\n'}
[7.658310] (aurora_core) StderrLine: {'line': b'      |                  \x1b[01;31m\x1b[K|\x1b[m\x1b[K\n'}
[7.658614] (aurora_core) StderrLine: {'line': b'      |                  \x1b[01;31m\x1b[Kstd::ostream {aka std::basic_ostream<char>}\x1b[m\x1b[K\n'}
[7.680666] (-) TimerEvent: {}
[7.781716] (-) TimerEvent: {}
[7.882745] (-) TimerEvent: {}
[7.983380] (-) TimerEvent: {}
[8.084446] (-) TimerEvent: {}
[8.188051] (-) TimerEvent: {}
[8.288810] (-) TimerEvent: {}
[8.389746] (-) TimerEvent: {}
[8.490290] (-) TimerEvent: {}
[8.591015] (-) TimerEvent: {}
[8.691792] (-) TimerEvent: {}
[8.792643] (-) TimerEvent: {}
[8.893980] (-) TimerEvent: {}
[8.994686] (-) TimerEvent: {}
[9.095493] (-) TimerEvent: {}
[9.196084] (-) TimerEvent: {}
[9.296886] (-) TimerEvent: {}
[9.397669] (-) TimerEvent: {}
[9.498788] (-) TimerEvent: {}
[9.599741] (-) TimerEvent: {}
[9.700547] (-) TimerEvent: {}
[9.802029] (-) TimerEvent: {}
[9.902496] (-) TimerEvent: {}
[10.003372] (-) TimerEvent: {}
[10.104068] (-) TimerEvent: {}
[10.208281] (-) TimerEvent: {}
[10.310208] (-) TimerEvent: {}
[10.412474] (-) TimerEvent: {}
[10.514263] (-) TimerEvent: {}
[10.604725] (aurora_core) StderrLine: {'line': b'make[2]: *** [CMakeFiles/aurora_node_core.dir/build.make:76: CMakeFiles/aurora_node_core.dir/src/aurora_node_core.cpp.o] Error 1\n'}
[10.605524] (aurora_core) StderrLine: {'line': b'make[1]: *** [CMakeFiles/Makefile2:137: CMakeFiles/aurora_node_core.dir/all] Error 2\n'}
[10.605906] (aurora_core) StderrLine: {'line': b'make: *** [Makefile:146: all] Error 2\n'}
[10.612535] (aurora_core) CommandEnded: {'returncode': 2}
[10.618730] (-) TimerEvent: {}
[10.720374] (-) TimerEvent: {}
[10.821602] (-) TimerEvent: {}
[10.922410] (-) TimerEvent: {}
[11.022895] (-) TimerEvent: {}
[11.106990] (aurora_core) JobEnded: {'identifier': 'aurora_core', 'rc': 2}
[11.120755] (-) EventReactorShutdown: {}
