-- Found ament_cmake: 1.3.5 (/opt/ros/humble/share/ament_cmake/cmake)
-- Found rosidl_default_generators: 1.2.0 (/opt/ros/humble/share/rosidl_default_generators/cmake)
-- Using all available rosidl_typesupport_c: rosidl_typesupport_fastrtps_c;rosidl_typesupport_introspection_c
-- Found rosidl_adapter: 3.1.5 (/opt/ros/humble/share/rosidl_adapter/cmake)
-- Using all available rosidl_typesupport_cpp: rosidl_typesupport_fastrtps_cpp;rosidl_typesupport_introspection_cpp
-- Found sensor_msgs: 4.2.3 (/opt/ros/humble/share/sensor_msgs/cmake)
-- Found ament_cmake_cppcheck: 0.12.8 (/opt/ros/humble/share/ament_cmake_cppcheck/cmake)
-- Found ament_cmake_cpplint: 0.12.8 (/opt/ros/humble/share/ament_cmake_cpplint/cmake)
-- Found ament_cmake_uncrustify: 0.12.8 (/opt/ros/humble/share/ament_cmake_uncrustify/cmake)
-- Found ament_cmake_ros: 0.10.0 (/opt/ros/humble/share/ament_cmake_ros/cmake)
-- Using all available rosidl_typesupport_c: rosidl_typesupport_fastrtps_c;rosidl_typesupport_introspection_c
-- Using all available rosidl_typesupport_cpp: rosidl_typesupport_fastrtps_cpp;rosidl_typesupport_introspection_cpp
-- Found python_cmake_module: 0.10.0 (/opt/ros/humble/share/python_cmake_module/cmake)
-- Using PYTHON_EXECUTABLE: /usr/bin/python3
-- Using PYTHON_INCLUDE_DIRS: /usr/include/python3.11
-- Using PYTHON_LIBRARIES: /usr/lib/libpython3.11.so
-- Using numpy include directory: /usr/lib/python3.11/site-packages/numpy/core/include
-- Found ament_cmake_flake8: 0.12.8 (/opt/ros/humble/share/ament_cmake_flake8/cmake)
-- Found ament_cmake_pep257: 0.12.8 (/opt/ros/humble/share/ament_cmake_pep257/cmake)
-- Configuring done (5.0s)
-- Generating done (0.2s)
-- Build files have been written to: /home/brown/Projects/MiningRobot/ros2_workspace/build/pcl_msgs
[  1%] Built target pcl_msgs__cpp
[  1%] Built target ament_cmake_python_copy_pcl_msgs
[  3%] [32mBuilding CXX object CMakeFiles/pcl_msgs__rosidl_typesupport_fastrtps_cpp.dir/rosidl_typesupport_fastrtps_cpp/pcl_msgs/msg/detail/dds_fastrtps/model_coefficients__type_support.cpp.o[0m
[  4%] [32mBuilding CXX object CMakeFiles/pcl_msgs__rosidl_typesupport_introspection_cpp.dir/rosidl_typesupport_introspection_cpp/pcl_msgs/msg/detail/model_coefficients__type_support.cpp.o[0m
[  6%] [32mBuilding CXX object CMakeFiles/pcl_msgs__rosidl_typesupport_fastrtps_cpp.dir/rosidl_typesupport_fastrtps_cpp/pcl_msgs/msg/detail/dds_fastrtps/point_indices__type_support.cpp.o[0m
[  7%] [32mBuilding CXX object CMakeFiles/pcl_msgs__rosidl_typesupport_cpp.dir/rosidl_typesupport_cpp/pcl_msgs/msg/model_coefficients__type_support.cpp.o[0m
[  9%] [32mBuilding CXX object CMakeFiles/pcl_msgs__rosidl_typesupport_introspection_cpp.dir/rosidl_typesupport_introspection_cpp/pcl_msgs/msg/detail/point_indices__type_support.cpp.o[0m
[ 11%] [32mBuilding CXX object CMakeFiles/pcl_msgs__rosidl_typesupport_fastrtps_cpp.dir/rosidl_typesupport_fastrtps_cpp/pcl_msgs/msg/detail/dds_fastrtps/polygon_mesh__type_support.cpp.o[0m
[ 12%] [32mBuilding CXX object CMakeFiles/pcl_msgs__rosidl_typesupport_cpp.dir/rosidl_typesupport_cpp/pcl_msgs/msg/point_indices__type_support.cpp.o[0m
[ 14%] [32mBuilding CXX object CMakeFiles/pcl_msgs__rosidl_typesupport_introspection_cpp.dir/rosidl_typesupport_introspection_cpp/pcl_msgs/msg/detail/polygon_mesh__type_support.cpp.o[0m
[ 15%] [32mBuilding CXX object CMakeFiles/pcl_msgs__rosidl_typesupport_cpp.dir/rosidl_typesupport_cpp/pcl_msgs/msg/polygon_mesh__type_support.cpp.o[0m
[ 17%] [32mBuilding CXX object CMakeFiles/pcl_msgs__rosidl_typesupport_fastrtps_cpp.dir/rosidl_typesupport_fastrtps_cpp/pcl_msgs/msg/detail/dds_fastrtps/vertices__type_support.cpp.o[0m
[ 19%] [32mBuilding CXX object CMakeFiles/pcl_msgs__rosidl_typesupport_introspection_cpp.dir/rosidl_typesupport_introspection_cpp/pcl_msgs/msg/detail/vertices__type_support.cpp.o[0m
[ 20%] [32mBuilding CXX object CMakeFiles/pcl_msgs__rosidl_typesupport_cpp.dir/rosidl_typesupport_cpp/pcl_msgs/msg/vertices__type_support.cpp.o[0m
[ 22%] [32mBuilding CXX object CMakeFiles/pcl_msgs__rosidl_typesupport_introspection_cpp.dir/rosidl_typesupport_introspection_cpp/pcl_msgs/srv/detail/update_filename__type_support.cpp.o[0m
[ 23%] [32mBuilding CXX object CMakeFiles/pcl_msgs__rosidl_typesupport_cpp.dir/rosidl_typesupport_cpp/pcl_msgs/srv/update_filename__type_support.cpp.o[0m
[ 25%] [32mBuilding CXX object CMakeFiles/pcl_msgs__rosidl_typesupport_fastrtps_cpp.dir/rosidl_typesupport_fastrtps_cpp/pcl_msgs/srv/detail/dds_fastrtps/update_filename__type_support.cpp.o[0m
[ 26%] [32m[1mLinking CXX shared library libpcl_msgs__rosidl_typesupport_cpp.so[0m
[ 28%] [32m[1mLinking CXX shared library libpcl_msgs__rosidl_typesupport_introspection_cpp.so[0m
[ 30%] Built target pcl_msgs__rosidl_typesupport_cpp
[ 31%] Built target pcl_msgs__rosidl_typesupport_introspection_cpp
[ 33%] [32m[1mLinking CXX shared library libpcl_msgs__rosidl_typesupport_fastrtps_cpp.so[0m
[ 34%] Built target pcl_msgs__rosidl_typesupport_fastrtps_cpp
running egg_info
writing pcl_msgs.egg-info/PKG-INFO
writing dependency_links to pcl_msgs.egg-info/dependency_links.txt
writing top-level names to pcl_msgs.egg-info/top_level.txt
[ 36%] [32mBuilding C object CMakeFiles/pcl_msgs__rosidl_generator_c.dir/rosidl_generator_c/pcl_msgs/msg/detail/model_coefficients__functions.c.o[0m
reading manifest file 'pcl_msgs.egg-info/SOURCES.txt'
writing manifest file 'pcl_msgs.egg-info/SOURCES.txt'
[ 36%] Built target ament_cmake_python_build_pcl_msgs_egg
[ 39%] [32mBuilding C object CMakeFiles/pcl_msgs__rosidl_generator_c.dir/rosidl_generator_c/pcl_msgs/msg/detail/polygon_mesh__functions.c.o[0m
[ 39%] [32mBuilding C object CMakeFiles/pcl_msgs__rosidl_generator_c.dir/rosidl_generator_c/pcl_msgs/msg/detail/vertices__functions.c.o[0m
[ 41%] [32mBuilding C object CMakeFiles/pcl_msgs__rosidl_generator_c.dir/rosidl_generator_c/pcl_msgs/srv/detail/update_filename__functions.c.o[0m
[ 42%] [32mBuilding C object CMakeFiles/pcl_msgs__rosidl_generator_c.dir/rosidl_generator_c/pcl_msgs/msg/detail/point_indices__functions.c.o[0m
[ 44%] [32m[1mLinking C shared library libpcl_msgs__rosidl_generator_c.so[0m
[ 46%] Built target pcl_msgs__rosidl_generator_c
[ 47%] [32mBuilding C object CMakeFiles/pcl_msgs__rosidl_typesupport_introspection_c.dir/rosidl_typesupport_introspection_c/pcl_msgs/msg/detail/point_indices__type_support.c.o[0m
[ 50%] [32mBuilding CXX object CMakeFiles/pcl_msgs__rosidl_typesupport_c.dir/rosidl_typesupport_c/pcl_msgs/msg/model_coefficients__type_support.cpp.o[0m
[ 50%] [32mBuilding C object CMakeFiles/pcl_msgs__rosidl_typesupport_introspection_c.dir/rosidl_typesupport_introspection_c/pcl_msgs/msg/detail/model_coefficients__type_support.c.o[0m
[ 52%] [32mBuilding CXX object CMakeFiles/pcl_msgs__rosidl_typesupport_fastrtps_c.dir/rosidl_typesupport_fastrtps_c/pcl_msgs/msg/detail/model_coefficients__type_support_c.cpp.o[0m
[ 53%] [32mBuilding CXX object CMakeFiles/pcl_msgs__rosidl_typesupport_c.dir/rosidl_typesupport_c/pcl_msgs/msg/point_indices__type_support.cpp.o[0m
[ 55%] [32mBuilding C object CMakeFiles/pcl_msgs__rosidl_typesupport_introspection_c.dir/rosidl_typesupport_introspection_c/pcl_msgs/msg/detail/polygon_mesh__type_support.c.o[0m
[ 57%] [32mBuilding CXX object CMakeFiles/pcl_msgs__rosidl_typesupport_c.dir/rosidl_typesupport_c/pcl_msgs/msg/polygon_mesh__type_support.cpp.o[0m
[ 58%] [32mBuilding C object CMakeFiles/pcl_msgs__rosidl_typesupport_introspection_c.dir/rosidl_typesupport_introspection_c/pcl_msgs/msg/detail/vertices__type_support.c.o[0m
[ 60%] [32mBuilding CXX object CMakeFiles/pcl_msgs__rosidl_typesupport_c.dir/rosidl_typesupport_c/pcl_msgs/msg/vertices__type_support.cpp.o[0m
[ 61%] [32mBuilding CXX object CMakeFiles/pcl_msgs__rosidl_typesupport_c.dir/rosidl_typesupport_c/pcl_msgs/srv/update_filename__type_support.cpp.o[0m
[ 63%] [32mBuilding C object CMakeFiles/pcl_msgs__rosidl_typesupport_introspection_c.dir/rosidl_typesupport_introspection_c/pcl_msgs/srv/detail/update_filename__type_support.c.o[0m
[ 65%] [32m[1mLinking CXX shared library libpcl_msgs__rosidl_typesupport_c.so[0m
[ 66%] [32m[1mLinking C shared library libpcl_msgs__rosidl_typesupport_introspection_c.so[0m
[ 68%] Built target pcl_msgs__rosidl_typesupport_introspection_c
[ 69%] Built target pcl_msgs__rosidl_typesupport_c
[ 73%] [32mBuilding CXX object CMakeFiles/pcl_msgs__rosidl_typesupport_fastrtps_c.dir/rosidl_typesupport_fastrtps_c/pcl_msgs/msg/detail/polygon_mesh__type_support_c.cpp.o[0m
[ 73%] [32mBuilding CXX object CMakeFiles/pcl_msgs__rosidl_typesupport_fastrtps_c.dir/rosidl_typesupport_fastrtps_c/pcl_msgs/msg/detail/vertices__type_support_c.cpp.o[0m
[ 74%] [32mBuilding CXX object CMakeFiles/pcl_msgs__rosidl_typesupport_fastrtps_c.dir/rosidl_typesupport_fastrtps_c/pcl_msgs/srv/detail/update_filename__type_support_c.cpp.o[0m
[ 76%] [32mBuilding CXX object CMakeFiles/pcl_msgs__rosidl_typesupport_fastrtps_c.dir/rosidl_typesupport_fastrtps_c/pcl_msgs/msg/detail/point_indices__type_support_c.cpp.o[0m
[ 77%] [32m[1mLinking CXX shared library libpcl_msgs__rosidl_typesupport_fastrtps_c.so[0m
[ 79%] Built target pcl_msgs__rosidl_typesupport_fastrtps_c
[ 79%] Built target pcl_msgs
[ 80%] Built target pcl_msgs__py
[ 85%] [32mBuilding C object CMakeFiles/pcl_msgs__rosidl_generator_py.dir/rosidl_generator_py/pcl_msgs/msg/_model_coefficients_s.c.o[0m
[ 85%] [32mBuilding C object CMakeFiles/pcl_msgs__rosidl_generator_py.dir/rosidl_generator_py/pcl_msgs/msg/_point_indices_s.c.o[0m
[ 87%] [32mBuilding C object CMakeFiles/pcl_msgs__rosidl_generator_py.dir/rosidl_generator_py/pcl_msgs/msg/_vertices_s.c.o[0m
[ 85%] [32mBuilding C object CMakeFiles/pcl_msgs__rosidl_generator_py.dir/rosidl_generator_py/pcl_msgs/msg/_polygon_mesh_s.c.o[0m
[ 88%] [32mBuilding C object CMakeFiles/pcl_msgs__rosidl_generator_py.dir/rosidl_generator_py/pcl_msgs/srv/_update_filename_s.c.o[0m
[ 90%] [32m[1mLinking C shared library rosidl_generator_py/pcl_msgs/libpcl_msgs__rosidl_generator_py.so[0m
[ 90%] Built target pcl_msgs__rosidl_generator_py
[ 92%] [32mBuilding C object CMakeFiles/pcl_msgs__rosidl_typesupport_introspection_c__pyext.dir/rosidl_generator_py/pcl_msgs/_pcl_msgs_s.ep.rosidl_typesupport_introspection_c.c.o[0m
[ 93%] [32mBuilding C object CMakeFiles/pcl_msgs__rosidl_typesupport_c__pyext.dir/rosidl_generator_py/pcl_msgs/_pcl_msgs_s.ep.rosidl_typesupport_c.c.o[0m
[ 95%] [32mBuilding C object CMakeFiles/pcl_msgs__rosidl_typesupport_fastrtps_c__pyext.dir/rosidl_generator_py/pcl_msgs/_pcl_msgs_s.ep.rosidl_typesupport_fastrtps_c.c.o[0m
[ 96%] [32m[1mLinking C shared library rosidl_generator_py/pcl_msgs/pcl_msgs_s__rosidl_typesupport_c.cpython-311-x86_64-linux-gnu.so[0m
[ 98%] [32m[1mLinking C shared library rosidl_generator_py/pcl_msgs/pcl_msgs_s__rosidl_typesupport_introspection_c.cpython-311-x86_64-linux-gnu.so[0m
[100%] [32m[1mLinking C shared library rosidl_generator_py/pcl_msgs/pcl_msgs_s__rosidl_typesupport_fastrtps_c.cpython-311-x86_64-linux-gnu.so[0m
[100%] Built target pcl_msgs__rosidl_typesupport_c__pyext
[100%] Built target pcl_msgs__rosidl_typesupport_introspection_c__pyext
[100%] Built target pcl_msgs__rosidl_typesupport_fastrtps_c__pyext
-- Install configuration: ""
-- Up-to-date: /home/brown/Projects/MiningRobot/ros2_workspace/install/pcl_msgs/share/ament_index/resource_index/rosidl_interfaces/pcl_msgs
-- Up-to-date: /home/brown/Projects/MiningRobot/ros2_workspace/install/pcl_msgs/include/pcl_msgs/pcl_msgs
-- Up-to-date: /home/brown/Projects/MiningRobot/ros2_workspace/install/pcl_msgs/include/pcl_msgs/pcl_msgs/srv
-- Up-to-date: /home/brown/Projects/MiningRobot/ros2_workspace/install/pcl_msgs/include/pcl_msgs/pcl_msgs/srv/update_filename.h
-- Up-to-date: /home/brown/Projects/MiningRobot/ros2_workspace/install/pcl_msgs/include/pcl_msgs/pcl_msgs/srv/detail
-- Up-to-date: /home/brown/Projects/MiningRobot/ros2_workspace/install/pcl_msgs/include/pcl_msgs/pcl_msgs/srv/detail/update_filename__struct.h
-- Up-to-date: /home/brown/Projects/MiningRobot/ros2_workspace/install/pcl_msgs/include/pcl_msgs/pcl_msgs/srv/detail/update_filename__type_support.h
-- Up-to-date: /home/brown/Projects/MiningRobot/ros2_workspace/install/pcl_msgs/include/pcl_msgs/pcl_msgs/srv/detail/update_filename__functions.c
-- Up-to-date: /home/brown/Projects/MiningRobot/ros2_workspace/install/pcl_msgs/include/pcl_msgs/pcl_msgs/srv/detail/update_filename__functions.h
-- Up-to-date: /home/brown/Projects/MiningRobot/ros2_workspace/install/pcl_msgs/include/pcl_msgs/pcl_msgs/msg
-- Up-to-date: /home/brown/Projects/MiningRobot/ros2_workspace/install/pcl_msgs/include/pcl_msgs/pcl_msgs/msg/vertices.h
-- Up-to-date: /home/brown/Projects/MiningRobot/ros2_workspace/install/pcl_msgs/include/pcl_msgs/pcl_msgs/msg/polygon_mesh.h
-- Up-to-date: /home/brown/Projects/MiningRobot/ros2_workspace/install/pcl_msgs/include/pcl_msgs/pcl_msgs/msg/detail
-- Installing: /home/brown/Projects/MiningRobot/ros2_workspace/install/pcl_msgs/include/pcl_msgs/pcl_msgs/msg/detail/polygon_mesh__functions.h
-- Installing: /home/brown/Projects/MiningRobot/ros2_workspace/install/pcl_msgs/include/pcl_msgs/pcl_msgs/msg/detail/vertices__functions.c
-- Installing: /home/brown/Projects/MiningRobot/ros2_workspace/install/pcl_msgs/include/pcl_msgs/pcl_msgs/msg/detail/polygon_mesh__type_support.h
-- Installing: /home/brown/Projects/MiningRobot/ros2_workspace/install/pcl_msgs/include/pcl_msgs/pcl_msgs/msg/detail/vertices__functions.h
-- Installing: /home/brown/Projects/MiningRobot/ros2_workspace/install/pcl_msgs/include/pcl_msgs/pcl_msgs/msg/detail/model_coefficients__type_support.h
-- Up-to-date: /home/brown/Projects/MiningRobot/ros2_workspace/install/pcl_msgs/include/pcl_msgs/pcl_msgs/msg/detail/vertices__type_support.h
-- Installing: /home/brown/Projects/MiningRobot/ros2_workspace/install/pcl_msgs/include/pcl_msgs/pcl_msgs/msg/detail/vertices__struct.h
-- Installing: /home/brown/Projects/MiningRobot/ros2_workspace/install/pcl_msgs/include/pcl_msgs/pcl_msgs/msg/detail/model_coefficients__functions.h
-- Installing: /home/brown/Projects/MiningRobot/ros2_workspace/install/pcl_msgs/include/pcl_msgs/pcl_msgs/msg/detail/polygon_mesh__functions.c
-- Installing: /home/brown/Projects/MiningRobot/ros2_workspace/install/pcl_msgs/include/pcl_msgs/pcl_msgs/msg/detail/point_indices__type_support.h
-- Installing: /home/brown/Projects/MiningRobot/ros2_workspace/install/pcl_msgs/include/pcl_msgs/pcl_msgs/msg/detail/polygon_mesh__struct.h
-- Installing: /home/brown/Projects/MiningRobot/ros2_workspace/install/pcl_msgs/include/pcl_msgs/pcl_msgs/msg/detail/model_coefficients__functions.c
-- Installing: /home/brown/Projects/MiningRobot/ros2_workspace/install/pcl_msgs/include/pcl_msgs/pcl_msgs/msg/detail/point_indices__struct.h
-- Installing: /home/brown/Projects/MiningRobot/ros2_workspace/install/pcl_msgs/include/pcl_msgs/pcl_msgs/msg/detail/point_indices__functions.h
-- Installing: /home/brown/Projects/MiningRobot/ros2_workspace/install/pcl_msgs/include/pcl_msgs/pcl_msgs/msg/detail/point_indices__functions.c
-- Installing: /home/brown/Projects/MiningRobot/ros2_workspace/install/pcl_msgs/include/pcl_msgs/pcl_msgs/msg/detail/model_coefficients__struct.h
-- Up-to-date: /home/brown/Projects/MiningRobot/ros2_workspace/install/pcl_msgs/include/pcl_msgs/pcl_msgs/msg/model_coefficients.h
-- Up-to-date: /home/brown/Projects/MiningRobot/ros2_workspace/install/pcl_msgs/include/pcl_msgs/pcl_msgs/msg/point_indices.h
-- Up-to-date: /home/brown/Projects/MiningRobot/ros2_workspace/install/pcl_msgs/include/pcl_msgs/pcl_msgs/msg/rosidl_generator_c__visibility_control.h
-- Installing: /home/brown/Projects/MiningRobot/ros2_workspace/install/pcl_msgs/share/pcl_msgs/environment/library_path.sh
-- Installing: /home/brown/Projects/MiningRobot/ros2_workspace/install/pcl_msgs/share/pcl_msgs/environment/library_path.dsv
-- Installing: /home/brown/Projects/MiningRobot/ros2_workspace/install/pcl_msgs/lib/libpcl_msgs__rosidl_generator_c.so
-- Set runtime path of "/home/brown/Projects/MiningRobot/ros2_workspace/install/pcl_msgs/lib/libpcl_msgs__rosidl_generator_c.so" to ""
-- Up-to-date: /home/brown/Projects/MiningRobot/ros2_workspace/install/pcl_msgs/include/pcl_msgs/pcl_msgs
-- Up-to-date: /home/brown/Projects/MiningRobot/ros2_workspace/install/pcl_msgs/include/pcl_msgs/pcl_msgs/srv
-- Up-to-date: /home/brown/Projects/MiningRobot/ros2_workspace/install/pcl_msgs/include/pcl_msgs/pcl_msgs/srv/detail
-- Up-to-date: /home/brown/Projects/MiningRobot/ros2_workspace/install/pcl_msgs/include/pcl_msgs/pcl_msgs/srv/detail/update_filename__rosidl_typesupport_fastrtps_c.h
-- Up-to-date: /home/brown/Projects/MiningRobot/ros2_workspace/install/pcl_msgs/include/pcl_msgs/pcl_msgs/msg
-- Up-to-date: /home/brown/Projects/MiningRobot/ros2_workspace/install/pcl_msgs/include/pcl_msgs/pcl_msgs/msg/detail
-- Up-to-date: /home/brown/Projects/MiningRobot/ros2_workspace/install/pcl_msgs/include/pcl_msgs/pcl_msgs/msg/detail/polygon_mesh__rosidl_typesupport_fastrtps_c.h
-- Up-to-date: /home/brown/Projects/MiningRobot/ros2_workspace/install/pcl_msgs/include/pcl_msgs/pcl_msgs/msg/detail/model_coefficients__rosidl_typesupport_fastrtps_c.h
-- Up-to-date: /home/brown/Projects/MiningRobot/ros2_workspace/install/pcl_msgs/include/pcl_msgs/pcl_msgs/msg/detail/point_indices__rosidl_typesupport_fastrtps_c.h
-- Up-to-date: /home/brown/Projects/MiningRobot/ros2_workspace/install/pcl_msgs/include/pcl_msgs/pcl_msgs/msg/detail/vertices__rosidl_typesupport_fastrtps_c.h
-- Up-to-date: /home/brown/Projects/MiningRobot/ros2_workspace/install/pcl_msgs/include/pcl_msgs/pcl_msgs/msg/rosidl_typesupport_fastrtps_c__visibility_control.h
-- Installing: /home/brown/Projects/MiningRobot/ros2_workspace/install/pcl_msgs/lib/libpcl_msgs__rosidl_typesupport_fastrtps_c.so
-- Set runtime path of "/home/brown/Projects/MiningRobot/ros2_workspace/install/pcl_msgs/lib/libpcl_msgs__rosidl_typesupport_fastrtps_c.so" to ""
-- Up-to-date: /home/brown/Projects/MiningRobot/ros2_workspace/install/pcl_msgs/include/pcl_msgs/pcl_msgs
-- Up-to-date: /home/brown/Projects/MiningRobot/ros2_workspace/install/pcl_msgs/include/pcl_msgs/pcl_msgs/srv
-- Up-to-date: /home/brown/Projects/MiningRobot/ros2_workspace/install/pcl_msgs/include/pcl_msgs/pcl_msgs/srv/detail
-- Up-to-date: /home/brown/Projects/MiningRobot/ros2_workspace/install/pcl_msgs/include/pcl_msgs/pcl_msgs/srv/detail/update_filename__rosidl_typesupport_introspection_c.h
-- Up-to-date: /home/brown/Projects/MiningRobot/ros2_workspace/install/pcl_msgs/include/pcl_msgs/pcl_msgs/srv/detail/update_filename__type_support.c
-- Up-to-date: /home/brown/Projects/MiningRobot/ros2_workspace/install/pcl_msgs/include/pcl_msgs/pcl_msgs/msg
-- Up-to-date: /home/brown/Projects/MiningRobot/ros2_workspace/install/pcl_msgs/include/pcl_msgs/pcl_msgs/msg/rosidl_typesupport_introspection_c__visibility_control.h
-- Up-to-date: /home/brown/Projects/MiningRobot/ros2_workspace/install/pcl_msgs/include/pcl_msgs/pcl_msgs/msg/detail
-- Up-to-date: /home/brown/Projects/MiningRobot/ros2_workspace/install/pcl_msgs/include/pcl_msgs/pcl_msgs/msg/detail/point_indices__rosidl_typesupport_introspection_c.h
-- Up-to-date: /home/brown/Projects/MiningRobot/ros2_workspace/install/pcl_msgs/include/pcl_msgs/pcl_msgs/msg/detail/point_indices__type_support.c
-- Up-to-date: /home/brown/Projects/MiningRobot/ros2_workspace/install/pcl_msgs/include/pcl_msgs/pcl_msgs/msg/detail/vertices__type_support.c
-- Up-to-date: /home/brown/Projects/MiningRobot/ros2_workspace/install/pcl_msgs/include/pcl_msgs/pcl_msgs/msg/detail/polygon_mesh__type_support.c
-- Up-to-date: /home/brown/Projects/MiningRobot/ros2_workspace/install/pcl_msgs/include/pcl_msgs/pcl_msgs/msg/detail/polygon_mesh__rosidl_typesupport_introspection_c.h
-- Up-to-date: /home/brown/Projects/MiningRobot/ros2_workspace/install/pcl_msgs/include/pcl_msgs/pcl_msgs/msg/detail/vertices__rosidl_typesupport_introspection_c.h
-- Up-to-date: /home/brown/Projects/MiningRobot/ros2_workspace/install/pcl_msgs/include/pcl_msgs/pcl_msgs/msg/detail/model_coefficients__type_support.c
-- Up-to-date: /home/brown/Projects/MiningRobot/ros2_workspace/install/pcl_msgs/include/pcl_msgs/pcl_msgs/msg/detail/model_coefficients__rosidl_typesupport_introspection_c.h
-- Installing: /home/brown/Projects/MiningRobot/ros2_workspace/install/pcl_msgs/lib/libpcl_msgs__rosidl_typesupport_introspection_c.so
-- Set runtime path of "/home/brown/Projects/MiningRobot/ros2_workspace/install/pcl_msgs/lib/libpcl_msgs__rosidl_typesupport_introspection_c.so" to ""
-- Installing: /home/brown/Projects/MiningRobot/ros2_workspace/install/pcl_msgs/lib/libpcl_msgs__rosidl_typesupport_c.so
-- Set runtime path of "/home/brown/Projects/MiningRobot/ros2_workspace/install/pcl_msgs/lib/libpcl_msgs__rosidl_typesupport_c.so" to ""
-- Up-to-date: /home/brown/Projects/MiningRobot/ros2_workspace/install/pcl_msgs/include/pcl_msgs/pcl_msgs
-- Up-to-date: /home/brown/Projects/MiningRobot/ros2_workspace/install/pcl_msgs/include/pcl_msgs/pcl_msgs/srv
-- Up-to-date: /home/brown/Projects/MiningRobot/ros2_workspace/install/pcl_msgs/include/pcl_msgs/pcl_msgs/srv/detail
-- Up-to-date: /home/brown/Projects/MiningRobot/ros2_workspace/install/pcl_msgs/include/pcl_msgs/pcl_msgs/srv/detail/update_filename__traits.hpp
-- Up-to-date: /home/brown/Projects/MiningRobot/ros2_workspace/install/pcl_msgs/include/pcl_msgs/pcl_msgs/srv/detail/update_filename__struct.hpp
-- Up-to-date: /home/brown/Projects/MiningRobot/ros2_workspace/install/pcl_msgs/include/pcl_msgs/pcl_msgs/srv/detail/update_filename__builder.hpp
-- Up-to-date: /home/brown/Projects/MiningRobot/ros2_workspace/install/pcl_msgs/include/pcl_msgs/pcl_msgs/srv/update_filename.hpp
-- Up-to-date: /home/brown/Projects/MiningRobot/ros2_workspace/install/pcl_msgs/include/pcl_msgs/pcl_msgs/msg
-- Up-to-date: /home/brown/Projects/MiningRobot/ros2_workspace/install/pcl_msgs/include/pcl_msgs/pcl_msgs/msg/polygon_mesh.hpp
-- Up-to-date: /home/brown/Projects/MiningRobot/ros2_workspace/install/pcl_msgs/include/pcl_msgs/pcl_msgs/msg/detail
-- Up-to-date: /home/brown/Projects/MiningRobot/ros2_workspace/install/pcl_msgs/include/pcl_msgs/pcl_msgs/msg/detail/vertices__traits.hpp
-- Installing: /home/brown/Projects/MiningRobot/ros2_workspace/install/pcl_msgs/include/pcl_msgs/pcl_msgs/msg/detail/point_indices__builder.hpp
-- Installing: /home/brown/Projects/MiningRobot/ros2_workspace/install/pcl_msgs/include/pcl_msgs/pcl_msgs/msg/detail/model_coefficients__traits.hpp
-- Installing: /home/brown/Projects/MiningRobot/ros2_workspace/install/pcl_msgs/include/pcl_msgs/pcl_msgs/msg/detail/polygon_mesh__traits.hpp
-- Installing: /home/brown/Projects/MiningRobot/ros2_workspace/install/pcl_msgs/include/pcl_msgs/pcl_msgs/msg/detail/polygon_mesh__struct.hpp
-- Installing: /home/brown/Projects/MiningRobot/ros2_workspace/install/pcl_msgs/include/pcl_msgs/pcl_msgs/msg/detail/model_coefficients__struct.hpp
-- Installing: /home/brown/Projects/MiningRobot/ros2_workspace/install/pcl_msgs/include/pcl_msgs/pcl_msgs/msg/detail/model_coefficients__builder.hpp
-- Installing: /home/brown/Projects/MiningRobot/ros2_workspace/install/pcl_msgs/include/pcl_msgs/pcl_msgs/msg/detail/vertices__struct.hpp
-- Installing: /home/brown/Projects/MiningRobot/ros2_workspace/install/pcl_msgs/include/pcl_msgs/pcl_msgs/msg/detail/vertices__builder.hpp
-- Installing: /home/brown/Projects/MiningRobot/ros2_workspace/install/pcl_msgs/include/pcl_msgs/pcl_msgs/msg/detail/point_indices__traits.hpp
-- Installing: /home/brown/Projects/MiningRobot/ros2_workspace/install/pcl_msgs/include/pcl_msgs/pcl_msgs/msg/detail/polygon_mesh__builder.hpp
-- Installing: /home/brown/Projects/MiningRobot/ros2_workspace/install/pcl_msgs/include/pcl_msgs/pcl_msgs/msg/detail/point_indices__struct.hpp
-- Up-to-date: /home/brown/Projects/MiningRobot/ros2_workspace/install/pcl_msgs/include/pcl_msgs/pcl_msgs/msg/model_coefficients.hpp
-- Up-to-date: /home/brown/Projects/MiningRobot/ros2_workspace/install/pcl_msgs/include/pcl_msgs/pcl_msgs/msg/vertices.hpp
-- Up-to-date: /home/brown/Projects/MiningRobot/ros2_workspace/install/pcl_msgs/include/pcl_msgs/pcl_msgs/msg/point_indices.hpp
-- Up-to-date: /home/brown/Projects/MiningRobot/ros2_workspace/install/pcl_msgs/include/pcl_msgs/pcl_msgs
-- Up-to-date: /home/brown/Projects/MiningRobot/ros2_workspace/install/pcl_msgs/include/pcl_msgs/pcl_msgs/srv
-- Up-to-date: /home/brown/Projects/MiningRobot/ros2_workspace/install/pcl_msgs/include/pcl_msgs/pcl_msgs/srv/detail
-- Up-to-date: /home/brown/Projects/MiningRobot/ros2_workspace/install/pcl_msgs/include/pcl_msgs/pcl_msgs/srv/detail/update_filename__rosidl_typesupport_fastrtps_cpp.hpp
-- Up-to-date: /home/brown/Projects/MiningRobot/ros2_workspace/install/pcl_msgs/include/pcl_msgs/pcl_msgs/srv/detail/dds_fastrtps
-- Up-to-date: /home/brown/Projects/MiningRobot/ros2_workspace/install/pcl_msgs/include/pcl_msgs/pcl_msgs/msg
-- Up-to-date: /home/brown/Projects/MiningRobot/ros2_workspace/install/pcl_msgs/include/pcl_msgs/pcl_msgs/msg/detail
-- Up-to-date: /home/brown/Projects/MiningRobot/ros2_workspace/install/pcl_msgs/include/pcl_msgs/pcl_msgs/msg/detail/polygon_mesh__rosidl_typesupport_fastrtps_cpp.hpp
-- Up-to-date: /home/brown/Projects/MiningRobot/ros2_workspace/install/pcl_msgs/include/pcl_msgs/pcl_msgs/msg/detail/point_indices__rosidl_typesupport_fastrtps_cpp.hpp
-- Up-to-date: /home/brown/Projects/MiningRobot/ros2_workspace/install/pcl_msgs/include/pcl_msgs/pcl_msgs/msg/detail/vertices__rosidl_typesupport_fastrtps_cpp.hpp
-- Up-to-date: /home/brown/Projects/MiningRobot/ros2_workspace/install/pcl_msgs/include/pcl_msgs/pcl_msgs/msg/detail/dds_fastrtps
-- Up-to-date: /home/brown/Projects/MiningRobot/ros2_workspace/install/pcl_msgs/include/pcl_msgs/pcl_msgs/msg/detail/model_coefficients__rosidl_typesupport_fastrtps_cpp.hpp
-- Up-to-date: /home/brown/Projects/MiningRobot/ros2_workspace/install/pcl_msgs/include/pcl_msgs/pcl_msgs/msg/rosidl_typesupport_fastrtps_cpp__visibility_control.h
-- Installing: /home/brown/Projects/MiningRobot/ros2_workspace/install/pcl_msgs/lib/libpcl_msgs__rosidl_typesupport_fastrtps_cpp.so
-- Set runtime path of "/home/brown/Projects/MiningRobot/ros2_workspace/install/pcl_msgs/lib/libpcl_msgs__rosidl_typesupport_fastrtps_cpp.so" to ""
-- Up-to-date: /home/brown/Projects/MiningRobot/ros2_workspace/install/pcl_msgs/include/pcl_msgs/pcl_msgs
-- Up-to-date: /home/brown/Projects/MiningRobot/ros2_workspace/install/pcl_msgs/include/pcl_msgs/pcl_msgs/srv
-- Up-to-date: /home/brown/Projects/MiningRobot/ros2_workspace/install/pcl_msgs/include/pcl_msgs/pcl_msgs/srv/detail
-- Up-to-date: /home/brown/Projects/MiningRobot/ros2_workspace/install/pcl_msgs/include/pcl_msgs/pcl_msgs/srv/detail/update_filename__rosidl_typesupport_introspection_cpp.hpp
-- Up-to-date: /home/brown/Projects/MiningRobot/ros2_workspace/install/pcl_msgs/include/pcl_msgs/pcl_msgs/srv/detail/update_filename__type_support.cpp
-- Up-to-date: /home/brown/Projects/MiningRobot/ros2_workspace/install/pcl_msgs/include/pcl_msgs/pcl_msgs/msg
-- Up-to-date: /home/brown/Projects/MiningRobot/ros2_workspace/install/pcl_msgs/include/pcl_msgs/pcl_msgs/msg/detail
-- Up-to-date: /home/brown/Projects/MiningRobot/ros2_workspace/install/pcl_msgs/include/pcl_msgs/pcl_msgs/msg/detail/model_coefficients__type_support.cpp
-- Up-to-date: /home/brown/Projects/MiningRobot/ros2_workspace/install/pcl_msgs/include/pcl_msgs/pcl_msgs/msg/detail/model_coefficients__rosidl_typesupport_introspection_cpp.hpp
-- Up-to-date: /home/brown/Projects/MiningRobot/ros2_workspace/install/pcl_msgs/include/pcl_msgs/pcl_msgs/msg/detail/vertices__type_support.cpp
-- Up-to-date: /home/brown/Projects/MiningRobot/ros2_workspace/install/pcl_msgs/include/pcl_msgs/pcl_msgs/msg/detail/point_indices__rosidl_typesupport_introspection_cpp.hpp
-- Up-to-date: /home/brown/Projects/MiningRobot/ros2_workspace/install/pcl_msgs/include/pcl_msgs/pcl_msgs/msg/detail/point_indices__type_support.cpp
-- Up-to-date: /home/brown/Projects/MiningRobot/ros2_workspace/install/pcl_msgs/include/pcl_msgs/pcl_msgs/msg/detail/vertices__rosidl_typesupport_introspection_cpp.hpp
-- Up-to-date: /home/brown/Projects/MiningRobot/ros2_workspace/install/pcl_msgs/include/pcl_msgs/pcl_msgs/msg/detail/polygon_mesh__type_support.cpp
-- Up-to-date: /home/brown/Projects/MiningRobot/ros2_workspace/install/pcl_msgs/include/pcl_msgs/pcl_msgs/msg/detail/polygon_mesh__rosidl_typesupport_introspection_cpp.hpp
-- Installing: /home/brown/Projects/MiningRobot/ros2_workspace/install/pcl_msgs/lib/libpcl_msgs__rosidl_typesupport_introspection_cpp.so
-- Set runtime path of "/home/brown/Projects/MiningRobot/ros2_workspace/install/pcl_msgs/lib/libpcl_msgs__rosidl_typesupport_introspection_cpp.so" to ""
-- Installing: /home/brown/Projects/MiningRobot/ros2_workspace/install/pcl_msgs/lib/libpcl_msgs__rosidl_typesupport_cpp.so
-- Set runtime path of "/home/brown/Projects/MiningRobot/ros2_workspace/install/pcl_msgs/lib/libpcl_msgs__rosidl_typesupport_cpp.so" to ""
-- Up-to-date: /home/brown/Projects/MiningRobot/ros2_workspace/install/pcl_msgs/share/pcl_msgs/environment/pythonpath.sh
-- Installing: /home/brown/Projects/MiningRobot/ros2_workspace/install/pcl_msgs/share/pcl_msgs/environment/pythonpath.dsv
-- Up-to-date: /home/brown/Projects/MiningRobot/ros2_workspace/install/pcl_msgs/lib/python3.11/site-packages/pcl_msgs-1.0.0-py3.11.egg-info
-- Installing: /home/brown/Projects/MiningRobot/ros2_workspace/install/pcl_msgs/lib/python3.11/site-packages/pcl_msgs-1.0.0-py3.11.egg-info/dependency_links.txt
-- Installing: /home/brown/Projects/MiningRobot/ros2_workspace/install/pcl_msgs/lib/python3.11/site-packages/pcl_msgs-1.0.0-py3.11.egg-info/top_level.txt
-- Installing: /home/brown/Projects/MiningRobot/ros2_workspace/install/pcl_msgs/lib/python3.11/site-packages/pcl_msgs-1.0.0-py3.11.egg-info/PKG-INFO
-- Installing: /home/brown/Projects/MiningRobot/ros2_workspace/install/pcl_msgs/lib/python3.11/site-packages/pcl_msgs-1.0.0-py3.11.egg-info/SOURCES.txt
-- Up-to-date: /home/brown/Projects/MiningRobot/ros2_workspace/install/pcl_msgs/lib/python3.11/site-packages/pcl_msgs
-- Up-to-date: /home/brown/Projects/MiningRobot/ros2_workspace/install/pcl_msgs/lib/python3.11/site-packages/pcl_msgs/_pcl_msgs_s.ep.rosidl_typesupport_fastrtps_c.c
-- Installing: /home/brown/Projects/MiningRobot/ros2_workspace/install/pcl_msgs/lib/python3.11/site-packages/pcl_msgs/__init__.py
-- Installing: /home/brown/Projects/MiningRobot/ros2_workspace/install/pcl_msgs/lib/python3.11/site-packages/pcl_msgs/pcl_msgs_s__rosidl_typesupport_c.cpython-311-x86_64-linux-gnu.so
-- Up-to-date: /home/brown/Projects/MiningRobot/ros2_workspace/install/pcl_msgs/lib/python3.11/site-packages/pcl_msgs/_pcl_msgs_s.ep.rosidl_typesupport_introspection_c.c
-- Installing: /home/brown/Projects/MiningRobot/ros2_workspace/install/pcl_msgs/lib/python3.11/site-packages/pcl_msgs/libpcl_msgs__rosidl_generator_py.so
-- Up-to-date: /home/brown/Projects/MiningRobot/ros2_workspace/install/pcl_msgs/lib/python3.11/site-packages/pcl_msgs/srv
-- Up-to-date: /home/brown/Projects/MiningRobot/ros2_workspace/install/pcl_msgs/lib/python3.11/site-packages/pcl_msgs/srv/__init__.py
-- Up-to-date: /home/brown/Projects/MiningRobot/ros2_workspace/install/pcl_msgs/lib/python3.11/site-packages/pcl_msgs/srv/_update_filename_s.c
-- Up-to-date: /home/brown/Projects/MiningRobot/ros2_workspace/install/pcl_msgs/lib/python3.11/site-packages/pcl_msgs/srv/_update_filename.py
-- Installing: /home/brown/Projects/MiningRobot/ros2_workspace/install/pcl_msgs/lib/python3.11/site-packages/pcl_msgs/pcl_msgs_s__rosidl_typesupport_introspection_c.cpython-311-x86_64-linux-gnu.so
-- Installing: /home/brown/Projects/MiningRobot/ros2_workspace/install/pcl_msgs/lib/python3.11/site-packages/pcl_msgs/pcl_msgs_s__rosidl_typesupport_fastrtps_c.cpython-311-x86_64-linux-gnu.so
-- Up-to-date: /home/brown/Projects/MiningRobot/ros2_workspace/install/pcl_msgs/lib/python3.11/site-packages/pcl_msgs/_pcl_msgs_s.ep.rosidl_typesupport_c.c
-- Up-to-date: /home/brown/Projects/MiningRobot/ros2_workspace/install/pcl_msgs/lib/python3.11/site-packages/pcl_msgs/msg
-- Up-to-date: /home/brown/Projects/MiningRobot/ros2_workspace/install/pcl_msgs/lib/python3.11/site-packages/pcl_msgs/msg/__init__.py
-- Up-to-date: /home/brown/Projects/MiningRobot/ros2_workspace/install/pcl_msgs/lib/python3.11/site-packages/pcl_msgs/msg/_point_indices.py
-- Up-to-date: /home/brown/Projects/MiningRobot/ros2_workspace/install/pcl_msgs/lib/python3.11/site-packages/pcl_msgs/msg/_point_indices_s.c
-- Up-to-date: /home/brown/Projects/MiningRobot/ros2_workspace/install/pcl_msgs/lib/python3.11/site-packages/pcl_msgs/msg/_model_coefficients.py
-- Up-to-date: /home/brown/Projects/MiningRobot/ros2_workspace/install/pcl_msgs/lib/python3.11/site-packages/pcl_msgs/msg/_polygon_mesh.py
-- Up-to-date: /home/brown/Projects/MiningRobot/ros2_workspace/install/pcl_msgs/lib/python3.11/site-packages/pcl_msgs/msg/_model_coefficients_s.c
-- Up-to-date: /home/brown/Projects/MiningRobot/ros2_workspace/install/pcl_msgs/lib/python3.11/site-packages/pcl_msgs/msg/_vertices_s.c
-- Up-to-date: /home/brown/Projects/MiningRobot/ros2_workspace/install/pcl_msgs/lib/python3.11/site-packages/pcl_msgs/msg/_vertices.py
-- Up-to-date: /home/brown/Projects/MiningRobot/ros2_workspace/install/pcl_msgs/lib/python3.11/site-packages/pcl_msgs/msg/_polygon_mesh_s.c
Listing '/home/brown/Projects/MiningRobot/ros2_workspace/install/pcl_msgs/lib/python3.11/site-packages/pcl_msgs'...
Compiling '/home/brown/Projects/MiningRobot/ros2_workspace/install/pcl_msgs/lib/python3.11/site-packages/pcl_msgs/__init__.py'...
Listing '/home/brown/Projects/MiningRobot/ros2_workspace/install/pcl_msgs/lib/python3.11/site-packages/pcl_msgs/msg'...
Compiling '/home/brown/Projects/MiningRobot/ros2_workspace/install/pcl_msgs/lib/python3.11/site-packages/pcl_msgs/msg/__init__.py'...
Compiling '/home/brown/Projects/MiningRobot/ros2_workspace/install/pcl_msgs/lib/python3.11/site-packages/pcl_msgs/msg/_model_coefficients.py'...
Compiling '/home/brown/Projects/MiningRobot/ros2_workspace/install/pcl_msgs/lib/python3.11/site-packages/pcl_msgs/msg/_point_indices.py'...
Compiling '/home/brown/Projects/MiningRobot/ros2_workspace/install/pcl_msgs/lib/python3.11/site-packages/pcl_msgs/msg/_polygon_mesh.py'...
Compiling '/home/brown/Projects/MiningRobot/ros2_workspace/install/pcl_msgs/lib/python3.11/site-packages/pcl_msgs/msg/_vertices.py'...
Listing '/home/brown/Projects/MiningRobot/ros2_workspace/install/pcl_msgs/lib/python3.11/site-packages/pcl_msgs/srv'...
Compiling '/home/brown/Projects/MiningRobot/ros2_workspace/install/pcl_msgs/lib/python3.11/site-packages/pcl_msgs/srv/__init__.py'...
Compiling '/home/brown/Projects/MiningRobot/ros2_workspace/install/pcl_msgs/lib/python3.11/site-packages/pcl_msgs/srv/_update_filename.py'...
-- Installing: /home/brown/Projects/MiningRobot/ros2_workspace/install/pcl_msgs/lib/python3.11/site-packages/pcl_msgs/pcl_msgs_s__rosidl_typesupport_fastrtps_c.cpython-311-x86_64-linux-gnu.so
-- Set runtime path of "/home/brown/Projects/MiningRobot/ros2_workspace/install/pcl_msgs/lib/python3.11/site-packages/pcl_msgs/pcl_msgs_s__rosidl_typesupport_fastrtps_c.cpython-311-x86_64-linux-gnu.so" to ""
-- Installing: /home/brown/Projects/MiningRobot/ros2_workspace/install/pcl_msgs/lib/python3.11/site-packages/pcl_msgs/pcl_msgs_s__rosidl_typesupport_introspection_c.cpython-311-x86_64-linux-gnu.so
-- Set runtime path of "/home/brown/Projects/MiningRobot/ros2_workspace/install/pcl_msgs/lib/python3.11/site-packages/pcl_msgs/pcl_msgs_s__rosidl_typesupport_introspection_c.cpython-311-x86_64-linux-gnu.so" to ""
-- Installing: /home/brown/Projects/MiningRobot/ros2_workspace/install/pcl_msgs/lib/python3.11/site-packages/pcl_msgs/pcl_msgs_s__rosidl_typesupport_c.cpython-311-x86_64-linux-gnu.so
-- Set runtime path of "/home/brown/Projects/MiningRobot/ros2_workspace/install/pcl_msgs/lib/python3.11/site-packages/pcl_msgs/pcl_msgs_s__rosidl_typesupport_c.cpython-311-x86_64-linux-gnu.so" to ""
-- Installing: /home/brown/Projects/MiningRobot/ros2_workspace/install/pcl_msgs/lib/libpcl_msgs__rosidl_generator_py.so
-- Set runtime path of "/home/brown/Projects/MiningRobot/ros2_workspace/install/pcl_msgs/lib/libpcl_msgs__rosidl_generator_py.so" to ""
-- Up-to-date: /home/brown/Projects/MiningRobot/ros2_workspace/install/pcl_msgs/share/pcl_msgs/msg/ModelCoefficients.idl
-- Up-to-date: /home/brown/Projects/MiningRobot/ros2_workspace/install/pcl_msgs/share/pcl_msgs/msg/PointIndices.idl
-- Up-to-date: /home/brown/Projects/MiningRobot/ros2_workspace/install/pcl_msgs/share/pcl_msgs/msg/PolygonMesh.idl
-- Up-to-date: /home/brown/Projects/MiningRobot/ros2_workspace/install/pcl_msgs/share/pcl_msgs/msg/Vertices.idl
-- Up-to-date: /home/brown/Projects/MiningRobot/ros2_workspace/install/pcl_msgs/share/pcl_msgs/srv/UpdateFilename.idl
-- Installing: /home/brown/Projects/MiningRobot/ros2_workspace/install/pcl_msgs/share/pcl_msgs/msg/ModelCoefficients.msg
-- Installing: /home/brown/Projects/MiningRobot/ros2_workspace/install/pcl_msgs/share/pcl_msgs/msg/PointIndices.msg
-- Installing: /home/brown/Projects/MiningRobot/ros2_workspace/install/pcl_msgs/share/pcl_msgs/msg/PolygonMesh.msg
-- Installing: /home/brown/Projects/MiningRobot/ros2_workspace/install/pcl_msgs/share/pcl_msgs/msg/Vertices.msg
-- Installing: /home/brown/Projects/MiningRobot/ros2_workspace/install/pcl_msgs/share/pcl_msgs/srv/UpdateFilename.srv
-- Up-to-date: /home/brown/Projects/MiningRobot/ros2_workspace/install/pcl_msgs/share/pcl_msgs/srv/UpdateFilename_Request.msg
-- Up-to-date: /home/brown/Projects/MiningRobot/ros2_workspace/install/pcl_msgs/share/pcl_msgs/srv/UpdateFilename_Response.msg
-- Up-to-date: /home/brown/Projects/MiningRobot/ros2_workspace/install/pcl_msgs/share/ament_index/resource_index/package_run_dependencies/pcl_msgs
-- Installing: /home/brown/Projects/MiningRobot/ros2_workspace/install/pcl_msgs/share/ament_index/resource_index/parent_prefix_path/pcl_msgs
-- Installing: /home/brown/Projects/MiningRobot/ros2_workspace/install/pcl_msgs/share/pcl_msgs/environment/ament_prefix_path.sh
-- Installing: /home/brown/Projects/MiningRobot/ros2_workspace/install/pcl_msgs/share/pcl_msgs/environment/ament_prefix_path.dsv
-- Installing: /home/brown/Projects/MiningRobot/ros2_workspace/install/pcl_msgs/share/pcl_msgs/environment/path.sh
-- Installing: /home/brown/Projects/MiningRobot/ros2_workspace/install/pcl_msgs/share/pcl_msgs/environment/path.dsv
-- Up-to-date: /home/brown/Projects/MiningRobot/ros2_workspace/install/pcl_msgs/share/pcl_msgs/local_setup.bash
-- Up-to-date: /home/brown/Projects/MiningRobot/ros2_workspace/install/pcl_msgs/share/pcl_msgs/local_setup.sh
-- Up-to-date: /home/brown/Projects/MiningRobot/ros2_workspace/install/pcl_msgs/share/pcl_msgs/local_setup.zsh
-- Installing: /home/brown/Projects/MiningRobot/ros2_workspace/install/pcl_msgs/share/pcl_msgs/local_setup.dsv
-- Installing: /home/brown/Projects/MiningRobot/ros2_workspace/install/pcl_msgs/share/pcl_msgs/package.dsv
-- Up-to-date: /home/brown/Projects/MiningRobot/ros2_workspace/install/pcl_msgs/share/ament_index/resource_index/packages/pcl_msgs
-- Installing: /home/brown/Projects/MiningRobot/ros2_workspace/install/pcl_msgs/share/pcl_msgs/cmake/export_pcl_msgs__rosidl_generator_cExport.cmake
-- Installing: /home/brown/Projects/MiningRobot/ros2_workspace/install/pcl_msgs/share/pcl_msgs/cmake/export_pcl_msgs__rosidl_generator_cExport-noconfig.cmake
-- Installing: /home/brown/Projects/MiningRobot/ros2_workspace/install/pcl_msgs/share/pcl_msgs/cmake/export_pcl_msgs__rosidl_typesupport_fastrtps_cExport.cmake
-- Installing: /home/brown/Projects/MiningRobot/ros2_workspace/install/pcl_msgs/share/pcl_msgs/cmake/export_pcl_msgs__rosidl_typesupport_fastrtps_cExport-noconfig.cmake
-- Installing: /home/brown/Projects/MiningRobot/ros2_workspace/install/pcl_msgs/share/pcl_msgs/cmake/pcl_msgs__rosidl_typesupport_introspection_cExport.cmake
-- Installing: /home/brown/Projects/MiningRobot/ros2_workspace/install/pcl_msgs/share/pcl_msgs/cmake/pcl_msgs__rosidl_typesupport_introspection_cExport-noconfig.cmake
-- Installing: /home/brown/Projects/MiningRobot/ros2_workspace/install/pcl_msgs/share/pcl_msgs/cmake/pcl_msgs__rosidl_typesupport_cExport.cmake
-- Installing: /home/brown/Projects/MiningRobot/ros2_workspace/install/pcl_msgs/share/pcl_msgs/cmake/pcl_msgs__rosidl_typesupport_cExport-noconfig.cmake
-- Installing: /home/brown/Projects/MiningRobot/ros2_workspace/install/pcl_msgs/share/pcl_msgs/cmake/export_pcl_msgs__rosidl_generator_cppExport.cmake
-- Installing: /home/brown/Projects/MiningRobot/ros2_workspace/install/pcl_msgs/share/pcl_msgs/cmake/export_pcl_msgs__rosidl_typesupport_fastrtps_cppExport.cmake
-- Installing: /home/brown/Projects/MiningRobot/ros2_workspace/install/pcl_msgs/share/pcl_msgs/cmake/export_pcl_msgs__rosidl_typesupport_fastrtps_cppExport-noconfig.cmake
-- Installing: /home/brown/Projects/MiningRobot/ros2_workspace/install/pcl_msgs/share/pcl_msgs/cmake/pcl_msgs__rosidl_typesupport_introspection_cppExport.cmake
-- Installing: /home/brown/Projects/MiningRobot/ros2_workspace/install/pcl_msgs/share/pcl_msgs/cmake/pcl_msgs__rosidl_typesupport_introspection_cppExport-noconfig.cmake
-- Installing: /home/brown/Projects/MiningRobot/ros2_workspace/install/pcl_msgs/share/pcl_msgs/cmake/pcl_msgs__rosidl_typesupport_cppExport.cmake
-- Installing: /home/brown/Projects/MiningRobot/ros2_workspace/install/pcl_msgs/share/pcl_msgs/cmake/pcl_msgs__rosidl_typesupport_cppExport-noconfig.cmake
-- Installing: /home/brown/Projects/MiningRobot/ros2_workspace/install/pcl_msgs/share/pcl_msgs/cmake/export_pcl_msgs__rosidl_generator_pyExport.cmake
-- Installing: /home/brown/Projects/MiningRobot/ros2_workspace/install/pcl_msgs/share/pcl_msgs/cmake/export_pcl_msgs__rosidl_generator_pyExport-noconfig.cmake
-- Up-to-date: /home/brown/Projects/MiningRobot/ros2_workspace/install/pcl_msgs/share/pcl_msgs/cmake/rosidl_cmake-extras.cmake
-- Up-to-date: /home/brown/Projects/MiningRobot/ros2_workspace/install/pcl_msgs/share/pcl_msgs/cmake/ament_cmake_export_dependencies-extras.cmake
-- Up-to-date: /home/brown/Projects/MiningRobot/ros2_workspace/install/pcl_msgs/share/pcl_msgs/cmake/ament_cmake_export_include_directories-extras.cmake
-- Up-to-date: /home/brown/Projects/MiningRobot/ros2_workspace/install/pcl_msgs/share/pcl_msgs/cmake/ament_cmake_export_libraries-extras.cmake
-- Up-to-date: /home/brown/Projects/MiningRobot/ros2_workspace/install/pcl_msgs/share/pcl_msgs/cmake/ament_cmake_export_targets-extras.cmake
-- Up-to-date: /home/brown/Projects/MiningRobot/ros2_workspace/install/pcl_msgs/share/pcl_msgs/cmake/rosidl_cmake_export_typesupport_targets-extras.cmake
-- Up-to-date: /home/brown/Projects/MiningRobot/ros2_workspace/install/pcl_msgs/share/pcl_msgs/cmake/rosidl_cmake_export_typesupport_libraries-extras.cmake
-- Up-to-date: /home/brown/Projects/MiningRobot/ros2_workspace/install/pcl_msgs/share/pcl_msgs/cmake/pcl_msgsConfig.cmake
-- Up-to-date: /home/brown/Projects/MiningRobot/ros2_workspace/install/pcl_msgs/share/pcl_msgs/cmake/pcl_msgsConfig-version.cmake
-- Installing: /home/brown/Projects/MiningRobot/ros2_workspace/install/pcl_msgs/share/pcl_msgs/package.xml
