[0.102s] Invoking command in '/home/brown/Projects/MiningRobot/autonomy/ros2_workspace/build/ouster_msgs': _=/usr/bin/env /usr/bin/cmake /home/brown/Projects/MiningRobot/autonomy/ros2_workspace/src/ros2_ouster_drivers/ouster_msgs -DCMAKE_INSTALL_PREFIX=/home/brown/Projects/MiningRobot/autonomy/ros2_workspace/install/ouster_msgs
[0.120s] -- Found ament_cmake: 1.3.5 (/opt/ros/humble/share/ament_cmake/cmake)
[1.063s] -- Found Python3: /usr/bin/python3.11 (found version "3.11.5") found components: Interpreter 
[1.230s] -- Found builtin_interfaces: 1.2.1 (/opt/ros/humble/share/builtin_interfaces/cmake)
[1.282s] -- Found rosidl_generator_c: 3.1.5 (/opt/ros/humble/share/rosidl_generator_c/cmake)
[1.290s] -- Found rosidl_adapter: 3.1.5 (/opt/ros/humble/share/rosidl_adapter/cmake)
[1.302s] -- Found rosidl_generator_cpp: 3.1.5 (/opt/ros/humble/share/rosidl_generator_cpp/cmake)
[1.326s] -- Using all available rosidl_typesupport_c: rosidl_typesupport_fastrtps_c;rosidl_typesupport_introspection_c
[1.359s] -- Using all available rosidl_typesupport_cpp: rosidl_typesupport_fastrtps_cpp;rosidl_typesupport_introspection_cpp
[1.389s] -- Found rosidl_default_generators: 1.2.0 (/opt/ros/humble/share/rosidl_default_generators/cmake)
[1.402s] -- Found std_msgs: 4.2.3 (/opt/ros/humble/share/std_msgs/cmake)
[2.193s] -- Found ament_cmake_ros: 0.10.0 (/opt/ros/humble/share/ament_cmake_ros/cmake)
[3.546s] -- Using all available rosidl_typesupport_c: rosidl_typesupport_fastrtps_c;rosidl_typesupport_introspection_c
[4.022s] -- Using all available rosidl_typesupport_cpp: rosidl_typesupport_fastrtps_cpp;rosidl_typesupport_introspection_cpp
[4.027s] [33mCMake Warning (dev) at /opt/ros/humble/share/rosidl_generator_py/cmake/rosidl_generator_py_generate_interfaces.cmake:20 (find_package):
[4.027s]   Policy CMP0148 is not set: The FindPythonInterp and FindPythonLibs modules
[4.027s]   are removed.  Run "cmake --help-policy CMP0148" for policy details.  Use
[4.027s]   the cmake_policy command to set the policy and suppress this warning.
[4.028s] 
[4.028s] Call Stack (most recent call first):
[4.028s]   /opt/ros/humble/share/ament_cmake_core/cmake/core/ament_execute_extensions.cmake:48 (include)
[4.028s]   /opt/ros/humble/share/rosidl_cmake/cmake/rosidl_generate_interfaces.cmake:286 (ament_execute_extensions)
[4.028s]   CMakeLists.txt:9 (rosidl_generate_interfaces)
[4.028s] This warning is for project developers.  Use -Wno-dev to suppress it.
[4.029s] [0m
[4.077s] -- Found PythonInterp: /usr/bin/python3 (found suitable version "3.11.5", minimum required is "3.6") 
[4.083s] -- Found python_cmake_module: 0.10.0 (/opt/ros/humble/share/python_cmake_module/cmake)
[4.085s] [33mCMake Warning (dev) at /opt/ros/humble/share/python_cmake_module/cmake/Modules/FindPythonExtra.cmake:52 (find_package):
[4.085s]   Policy CMP0148 is not set: The FindPythonInterp and FindPythonLibs modules
[4.085s]   are removed.  Run "cmake --help-policy CMP0148" for policy details.  Use
[4.085s]   the cmake_policy command to set the policy and suppress this warning.
[4.086s] 
[4.086s] Call Stack (most recent call first):
[4.086s]   /opt/ros/humble/share/rosidl_generator_py/cmake/rosidl_generator_py_generate_interfaces.cmake:23 (find_package)
[4.086s]   /opt/ros/humble/share/ament_cmake_core/cmake/core/ament_execute_extensions.cmake:48 (include)
[4.087s]   /opt/ros/humble/share/rosidl_cmake/cmake/rosidl_generate_interfaces.cmake:286 (ament_execute_extensions)
[4.087s]   CMakeLists.txt:9 (rosidl_generate_interfaces)
[4.087s] This warning is for project developers.  Use -Wno-dev to suppress it.
[4.087s] [0m
[4.118s] [33mCMake Warning (dev) at /opt/ros/humble/share/python_cmake_module/cmake/Modules/FindPythonExtra.cmake:140 (find_package):
[4.118s]   Policy CMP0148 is not set: The FindPythonInterp and FindPythonLibs modules
[4.118s]   are removed.  Run "cmake --help-policy CMP0148" for policy details.  Use
[4.118s]   the cmake_policy command to set the policy and suppress this warning.
[4.118s] 
[4.118s] Call Stack (most recent call first):
[4.119s]   /opt/ros/humble/share/rosidl_generator_py/cmake/rosidl_generator_py_generate_interfaces.cmake:23 (find_package)
[4.119s]   /opt/ros/humble/share/ament_cmake_core/cmake/core/ament_execute_extensions.cmake:48 (include)
[4.119s]   /opt/ros/humble/share/rosidl_cmake/cmake/rosidl_generate_interfaces.cmake:286 (ament_execute_extensions)
[4.119s]   CMakeLists.txt:9 (rosidl_generate_interfaces)
[4.119s] This warning is for project developers.  Use -Wno-dev to suppress it.
[4.119s] [0m
[4.134s] -- Found PythonLibs: /usr/lib/libpython3.11.so (found suitable version "3.11.5", minimum required is "3.5") 
[4.134s] -- Using PYTHON_EXECUTABLE: /usr/bin/python3
[4.134s] -- Using PYTHON_INCLUDE_DIRS: /usr/include/python3.11
[4.134s] -- Using PYTHON_LIBRARIES: /usr/lib/libpython3.11.so
[4.170s] -- Found PythonExtra: .so  
[4.525s] -- Using numpy include directory: /usr/lib/python3.11/site-packages/numpy/core/include
[4.554s] -- Configuring done (4.4s)
[4.606s] -- Generating done (0.0s)
[4.610s] -- Build files have been written to: /home/brown/Projects/MiningRobot/autonomy/ros2_workspace/build/ouster_msgs
[4.621s] Invoked command in '/home/brown/Projects/MiningRobot/autonomy/ros2_workspace/build/ouster_msgs' returned '0': _=/usr/bin/env /usr/bin/cmake /home/brown/Projects/MiningRobot/autonomy/ros2_workspace/src/ros2_ouster_drivers/ouster_msgs -DCMAKE_INSTALL_PREFIX=/home/brown/Projects/MiningRobot/autonomy/ros2_workspace/install/ouster_msgs
[4.624s] Invoking command in '/home/brown/Projects/MiningRobot/autonomy/ros2_workspace/build/ouster_msgs': _=/usr/bin/env /usr/bin/cmake --build /home/brown/Projects/MiningRobot/autonomy/ros2_workspace/build/ouster_msgs -- -j4 -l4
[4.701s] [  2%] [34m[1mGenerating C code for ROS interfaces[0m
[4.729s] [  5%] [34m[1mGenerating C++ code for ROS interfaces[0m
[5.401s] [ 10%] [32mBuilding C object CMakeFiles/ouster_msgs__rosidl_generator_c.dir/rosidl_generator_c/ouster_msgs/srv/detail/get_metadata__functions.c.o[0m
[5.402s] [ 10%] [32mBuilding C object CMakeFiles/ouster_msgs__rosidl_generator_c.dir/rosidl_generator_c/ouster_msgs/msg/detail/metadata__functions.c.o[0m
[5.587s] [ 12%] [32m[1mLinking C shared library libouster_msgs__rosidl_generator_c.so[0m
[5.620s] [ 12%] Built target ouster_msgs__cpp
[5.644s] [ 15%] [34m[1mGenerating C++ type support dispatch for ROS interfaces[0m
[5.671s] [ 15%] Built target ouster_msgs__rosidl_generator_c
[5.685s] [ 15%] Built target ament_cmake_python_copy_ouster_msgs
[5.694s] [ 17%] [34m[1mGenerating C++ type support for eProsima Fast-RTPS[0m
[6.265s] [ 20%] [32mBuilding CXX object CMakeFiles/ouster_msgs__rosidl_typesupport_cpp.dir/rosidl_typesupport_cpp/ouster_msgs/srv/get_metadata__type_support.cpp.o[0m
[6.418s] [ 23%] [32mBuilding CXX object CMakeFiles/ouster_msgs__rosidl_typesupport_fastrtps_cpp.dir/rosidl_typesupport_fastrtps_cpp/ouster_msgs/srv/detail/dds_fastrtps/get_metadata__type_support.cpp.o[0m
[7.181s] [ 25%] [32mBuilding CXX object CMakeFiles/ouster_msgs__rosidl_typesupport_cpp.dir/rosidl_typesupport_cpp/ouster_msgs/msg/metadata__type_support.cpp.o[0m
[7.947s] [ 28%] [32mBuilding CXX object CMakeFiles/ouster_msgs__rosidl_typesupport_fastrtps_cpp.dir/rosidl_typesupport_fastrtps_cpp/ouster_msgs/msg/detail/dds_fastrtps/metadata__type_support.cpp.o[0m
[8.543s] [ 30%] [32m[1mLinking CXX shared library libouster_msgs__rosidl_typesupport_cpp.so[0m
[8.947s] [ 30%] Built target ouster_msgs__rosidl_typesupport_cpp
[10.317s] [ 33%] [32m[1mLinking CXX shared library libouster_msgs__rosidl_typesupport_fastrtps_cpp.so[0m
[10.686s] [ 33%] Built target ouster_msgs__rosidl_typesupport_fastrtps_cpp
[10.736s] [ 35%] [34m[1mGenerating C introspection for ROS interfaces[0m
[12.102s] [ 38%] [32mBuilding C object CMakeFiles/ouster_msgs__rosidl_typesupport_introspection_c.dir/rosidl_typesupport_introspection_c/ouster_msgs/srv/detail/get_metadata__type_support.c.o[0m
[12.343s] [ 41%] [32mBuilding C object CMakeFiles/ouster_msgs__rosidl_typesupport_introspection_c.dir/rosidl_typesupport_introspection_c/ouster_msgs/msg/detail/metadata__type_support.c.o[0m
[12.553s] [ 43%] [32m[1mLinking C shared library libouster_msgs__rosidl_typesupport_introspection_c.so[0m
[12.723s] [ 43%] Built target ouster_msgs__rosidl_typesupport_introspection_c
[12.742s] [ 46%] [34m[1mGenerating C type support dispatch for ROS interfaces[0m
[13.939s] [ 48%] [32mBuilding CXX object CMakeFiles/ouster_msgs__rosidl_typesupport_c.dir/rosidl_typesupport_c/ouster_msgs/srv/get_metadata__type_support.cpp.o[0m
[14.115s] [ 51%] [32mBuilding CXX object CMakeFiles/ouster_msgs__rosidl_typesupport_c.dir/rosidl_typesupport_c/ouster_msgs/msg/metadata__type_support.cpp.o[0m
[14.253s] [ 53%] [32m[1mLinking CXX shared library libouster_msgs__rosidl_typesupport_c.so[0m
[14.573s] [ 53%] Built target ouster_msgs__rosidl_typesupport_c
[15.383s] running egg_info
[15.386s] creating ouster_msgs.egg-info
[15.459s] writing ouster_msgs.egg-info/PKG-INFO
[15.460s] writing dependency_links to ouster_msgs.egg-info/dependency_links.txt
[15.461s] writing top-level names to ouster_msgs.egg-info/top_level.txt
[15.462s] writing manifest file 'ouster_msgs.egg-info/SOURCES.txt'
[15.695s] reading manifest file 'ouster_msgs.egg-info/SOURCES.txt'
[15.699s] writing manifest file 'ouster_msgs.egg-info/SOURCES.txt'
[15.895s] [ 53%] Built target ament_cmake_python_build_ouster_msgs_egg
[15.950s] [ 56%] [34m[1mGenerating C type support for eProsima Fast-RTPS[0m
[17.442s] [ 58%] [32mBuilding CXX object CMakeFiles/ouster_msgs__rosidl_typesupport_fastrtps_c.dir/rosidl_typesupport_fastrtps_c/ouster_msgs/srv/detail/get_metadata__type_support_c.cpp.o[0m
[19.652s] [ 61%] [32mBuilding CXX object CMakeFiles/ouster_msgs__rosidl_typesupport_fastrtps_c.dir/rosidl_typesupport_fastrtps_c/ouster_msgs/msg/detail/metadata__type_support_c.cpp.o[0m
[21.952s] [ 64%] [32m[1mLinking CXX shared library libouster_msgs__rosidl_typesupport_fastrtps_c.so[0m
[22.363s] [ 64%] Built target ouster_msgs__rosidl_typesupport_fastrtps_c
[22.408s] [ 66%] [34m[1mGenerating C++ introspection for ROS interfaces[0m
[23.963s] [ 69%] [32mBuilding CXX object CMakeFiles/ouster_msgs__rosidl_typesupport_introspection_cpp.dir/rosidl_typesupport_introspection_cpp/ouster_msgs/srv/detail/get_metadata__type_support.cpp.o[0m
[26.279s] [ 71%] [32mBuilding CXX object CMakeFiles/ouster_msgs__rosidl_typesupport_introspection_cpp.dir/rosidl_typesupport_introspection_cpp/ouster_msgs/msg/detail/metadata__type_support.cpp.o[0m
[28.367s] [ 74%] [32m[1mLinking CXX shared library libouster_msgs__rosidl_typesupport_introspection_cpp.so[0m
[28.707s] [ 74%] Built target ouster_msgs__rosidl_typesupport_introspection_cpp
[28.788s] [ 74%] Built target ouster_msgs
[28.857s] [ 76%] [34m[1mGenerating Python code for ROS interfaces[0m
[30.694s] [ 76%] Built target ouster_msgs__py
[30.794s] [ 79%] [32mBuilding C object CMakeFiles/ouster_msgs__rosidl_generator_py.dir/rosidl_generator_py/ouster_msgs/srv/_get_metadata_s.c.o[0m
[31.294s] [ 82%] [32mBuilding C object CMakeFiles/ouster_msgs__rosidl_generator_py.dir/rosidl_generator_py/ouster_msgs/msg/_metadata_s.c.o[0m
[31.946s] [ 84%] [32m[1mLinking C shared library rosidl_generator_py/ouster_msgs/libouster_msgs__rosidl_generator_py.so[0m
[32.125s] [ 84%] Built target ouster_msgs__rosidl_generator_py
[32.227s] [ 87%] [32mBuilding C object CMakeFiles/ouster_msgs__rosidl_typesupport_fastrtps_c__pyext.dir/rosidl_generator_py/ouster_msgs/_ouster_msgs_s.ep.rosidl_typesupport_fastrtps_c.c.o[0m
[32.228s] [ 89%] [32mBuilding C object CMakeFiles/ouster_msgs__rosidl_typesupport_introspection_c__pyext.dir/rosidl_generator_py/ouster_msgs/_ouster_msgs_s.ep.rosidl_typesupport_introspection_c.c.o[0m
[32.817s] [ 92%] [32m[1mLinking C shared library rosidl_generator_py/ouster_msgs/ouster_msgs_s__rosidl_typesupport_fastrtps_c.cpython-311-x86_64-linux-gnu.so[0m
[32.836s] [ 94%] [32m[1mLinking C shared library rosidl_generator_py/ouster_msgs/ouster_msgs_s__rosidl_typesupport_introspection_c.cpython-311-x86_64-linux-gnu.so[0m
[33.107s] [ 94%] Built target ouster_msgs__rosidl_typesupport_fastrtps_c__pyext
[33.111s] [ 94%] Built target ouster_msgs__rosidl_typesupport_introspection_c__pyext
[33.189s] [ 97%] [32mBuilding C object CMakeFiles/ouster_msgs__rosidl_typesupport_c__pyext.dir/rosidl_generator_py/ouster_msgs/_ouster_msgs_s.ep.rosidl_typesupport_c.c.o[0m
[33.668s] [100%] [32m[1mLinking C shared library rosidl_generator_py/ouster_msgs/ouster_msgs_s__rosidl_typesupport_c.cpython-311-x86_64-linux-gnu.so[0m
[33.864s] [100%] Built target ouster_msgs__rosidl_typesupport_c__pyext
[33.899s] Invoked command in '/home/brown/Projects/MiningRobot/autonomy/ros2_workspace/build/ouster_msgs' returned '0': _=/usr/bin/env /usr/bin/cmake --build /home/brown/Projects/MiningRobot/autonomy/ros2_workspace/build/ouster_msgs -- -j4 -l4
[34.754s] Invoking command in '/home/brown/Projects/MiningRobot/autonomy/ros2_workspace/build/ouster_msgs': _=/usr/bin/env /usr/bin/cmake --install /home/brown/Projects/MiningRobot/autonomy/ros2_workspace/build/ouster_msgs
[34.785s] -- Install configuration: ""
[34.786s] -- Installing: /home/brown/Projects/MiningRobot/autonomy/ros2_workspace/install/ouster_msgs/share/ament_index/resource_index/rosidl_interfaces/ouster_msgs
[34.787s] -- Installing: /home/brown/Projects/MiningRobot/autonomy/ros2_workspace/install/ouster_msgs/include/ouster_msgs/ouster_msgs
[34.787s] -- Installing: /home/brown/Projects/MiningRobot/autonomy/ros2_workspace/install/ouster_msgs/include/ouster_msgs/ouster_msgs/srv
[34.788s] -- Installing: /home/brown/Projects/MiningRobot/autonomy/ros2_workspace/install/ouster_msgs/include/ouster_msgs/ouster_msgs/srv/detail
[34.788s] -- Installing: /home/brown/Projects/MiningRobot/autonomy/ros2_workspace/install/ouster_msgs/include/ouster_msgs/ouster_msgs/srv/detail/get_metadata__type_support.h
[34.788s] -- Installing: /home/brown/Projects/MiningRobot/autonomy/ros2_workspace/install/ouster_msgs/include/ouster_msgs/ouster_msgs/srv/detail/get_metadata__functions.h
[34.789s] -- Installing: /home/brown/Projects/MiningRobot/autonomy/ros2_workspace/install/ouster_msgs/include/ouster_msgs/ouster_msgs/srv/detail/get_metadata__functions.c
[34.789s] -- Installing: /home/brown/Projects/MiningRobot/autonomy/ros2_workspace/install/ouster_msgs/include/ouster_msgs/ouster_msgs/srv/detail/get_metadata__struct.h
[34.789s] -- Installing: /home/brown/Projects/MiningRobot/autonomy/ros2_workspace/install/ouster_msgs/include/ouster_msgs/ouster_msgs/srv/get_metadata.h
[34.790s] -- Installing: /home/brown/Projects/MiningRobot/autonomy/ros2_workspace/install/ouster_msgs/include/ouster_msgs/ouster_msgs/msg
[34.790s] -- Installing: /home/brown/Projects/MiningRobot/autonomy/ros2_workspace/install/ouster_msgs/include/ouster_msgs/ouster_msgs/msg/detail
[34.790s] -- Installing: /home/brown/Projects/MiningRobot/autonomy/ros2_workspace/install/ouster_msgs/include/ouster_msgs/ouster_msgs/msg/detail/metadata__functions.h
[34.791s] -- Installing: /home/brown/Projects/MiningRobot/autonomy/ros2_workspace/install/ouster_msgs/include/ouster_msgs/ouster_msgs/msg/detail/metadata__struct.h
[34.791s] -- Installing: /home/brown/Projects/MiningRobot/autonomy/ros2_workspace/install/ouster_msgs/include/ouster_msgs/ouster_msgs/msg/detail/metadata__type_support.h
[34.791s] -- Installing: /home/brown/Projects/MiningRobot/autonomy/ros2_workspace/install/ouster_msgs/include/ouster_msgs/ouster_msgs/msg/detail/metadata__functions.c
[34.791s] -- Installing: /home/brown/Projects/MiningRobot/autonomy/ros2_workspace/install/ouster_msgs/include/ouster_msgs/ouster_msgs/msg/metadata.h
[34.797s] -- Installing: /home/brown/Projects/MiningRobot/autonomy/ros2_workspace/install/ouster_msgs/include/ouster_msgs/ouster_msgs/msg/rosidl_generator_c__visibility_control.h
[34.803s] -- Installing: /home/brown/Projects/MiningRobot/autonomy/ros2_workspace/install/ouster_msgs/share/ouster_msgs/environment/library_path.sh
[34.803s] -- Installing: /home/brown/Projects/MiningRobot/autonomy/ros2_workspace/install/ouster_msgs/share/ouster_msgs/environment/library_path.dsv
[34.804s] -- Installing: /home/brown/Projects/MiningRobot/autonomy/ros2_workspace/install/ouster_msgs/lib/libouster_msgs__rosidl_generator_c.so
[34.804s] -- Set runtime path of "/home/brown/Projects/MiningRobot/autonomy/ros2_workspace/install/ouster_msgs/lib/libouster_msgs__rosidl_generator_c.so" to ""
[34.804s] -- Up-to-date: /home/brown/Projects/MiningRobot/autonomy/ros2_workspace/install/ouster_msgs/include/ouster_msgs/ouster_msgs
[34.804s] -- Up-to-date: /home/brown/Projects/MiningRobot/autonomy/ros2_workspace/install/ouster_msgs/include/ouster_msgs/ouster_msgs/srv
[34.805s] -- Up-to-date: /home/brown/Projects/MiningRobot/autonomy/ros2_workspace/install/ouster_msgs/include/ouster_msgs/ouster_msgs/srv/detail
[34.805s] -- Installing: /home/brown/Projects/MiningRobot/autonomy/ros2_workspace/install/ouster_msgs/include/ouster_msgs/ouster_msgs/srv/detail/get_metadata__rosidl_typesupport_fastrtps_c.h
[34.806s] -- Up-to-date: /home/brown/Projects/MiningRobot/autonomy/ros2_workspace/install/ouster_msgs/include/ouster_msgs/ouster_msgs/msg
[34.806s] -- Up-to-date: /home/brown/Projects/MiningRobot/autonomy/ros2_workspace/install/ouster_msgs/include/ouster_msgs/ouster_msgs/msg/detail
[34.806s] -- Installing: /home/brown/Projects/MiningRobot/autonomy/ros2_workspace/install/ouster_msgs/include/ouster_msgs/ouster_msgs/msg/detail/metadata__rosidl_typesupport_fastrtps_c.h
[34.806s] -- Installing: /home/brown/Projects/MiningRobot/autonomy/ros2_workspace/install/ouster_msgs/include/ouster_msgs/ouster_msgs/msg/rosidl_typesupport_fastrtps_c__visibility_control.h
[34.807s] -- Installing: /home/brown/Projects/MiningRobot/autonomy/ros2_workspace/install/ouster_msgs/lib/libouster_msgs__rosidl_typesupport_fastrtps_c.so
[34.807s] -- Set runtime path of "/home/brown/Projects/MiningRobot/autonomy/ros2_workspace/install/ouster_msgs/lib/libouster_msgs__rosidl_typesupport_fastrtps_c.so" to ""
[34.818s] -- Up-to-date: /home/brown/Projects/MiningRobot/autonomy/ros2_workspace/install/ouster_msgs/include/ouster_msgs/ouster_msgs
[34.819s] -- Up-to-date: /home/brown/Projects/MiningRobot/autonomy/ros2_workspace/install/ouster_msgs/include/ouster_msgs/ouster_msgs/srv
[34.819s] -- Up-to-date: /home/brown/Projects/MiningRobot/autonomy/ros2_workspace/install/ouster_msgs/include/ouster_msgs/ouster_msgs/srv/detail
[34.819s] -- Installing: /home/brown/Projects/MiningRobot/autonomy/ros2_workspace/install/ouster_msgs/include/ouster_msgs/ouster_msgs/srv/detail/get_metadata__builder.hpp
[34.819s] -- Installing: /home/brown/Projects/MiningRobot/autonomy/ros2_workspace/install/ouster_msgs/include/ouster_msgs/ouster_msgs/srv/detail/get_metadata__struct.hpp
[34.820s] -- Installing: /home/brown/Projects/MiningRobot/autonomy/ros2_workspace/install/ouster_msgs/include/ouster_msgs/ouster_msgs/srv/detail/get_metadata__traits.hpp
[34.820s] -- Installing: /home/brown/Projects/MiningRobot/autonomy/ros2_workspace/install/ouster_msgs/include/ouster_msgs/ouster_msgs/srv/get_metadata.hpp
[34.820s] -- Up-to-date: /home/brown/Projects/MiningRobot/autonomy/ros2_workspace/install/ouster_msgs/include/ouster_msgs/ouster_msgs/msg
[34.821s] -- Up-to-date: /home/brown/Projects/MiningRobot/autonomy/ros2_workspace/install/ouster_msgs/include/ouster_msgs/ouster_msgs/msg/detail
[34.821s] -- Installing: /home/brown/Projects/MiningRobot/autonomy/ros2_workspace/install/ouster_msgs/include/ouster_msgs/ouster_msgs/msg/detail/metadata__struct.hpp
[34.821s] -- Installing: /home/brown/Projects/MiningRobot/autonomy/ros2_workspace/install/ouster_msgs/include/ouster_msgs/ouster_msgs/msg/detail/metadata__builder.hpp
[34.821s] -- Installing: /home/brown/Projects/MiningRobot/autonomy/ros2_workspace/install/ouster_msgs/include/ouster_msgs/ouster_msgs/msg/detail/metadata__traits.hpp
[34.822s] -- Installing: /home/brown/Projects/MiningRobot/autonomy/ros2_workspace/install/ouster_msgs/include/ouster_msgs/ouster_msgs/msg/metadata.hpp
[34.823s] -- Up-to-date: /home/brown/Projects/MiningRobot/autonomy/ros2_workspace/install/ouster_msgs/include/ouster_msgs/ouster_msgs
[34.823s] -- Up-to-date: /home/brown/Projects/MiningRobot/autonomy/ros2_workspace/install/ouster_msgs/include/ouster_msgs/ouster_msgs/srv
[34.823s] -- Up-to-date: /home/brown/Projects/MiningRobot/autonomy/ros2_workspace/install/ouster_msgs/include/ouster_msgs/ouster_msgs/srv/detail
[34.823s] -- Installing: /home/brown/Projects/MiningRobot/autonomy/ros2_workspace/install/ouster_msgs/include/ouster_msgs/ouster_msgs/srv/detail/dds_fastrtps
[34.824s] -- Installing: /home/brown/Projects/MiningRobot/autonomy/ros2_workspace/install/ouster_msgs/include/ouster_msgs/ouster_msgs/srv/detail/get_metadata__rosidl_typesupport_fastrtps_cpp.hpp
[34.824s] -- Up-to-date: /home/brown/Projects/MiningRobot/autonomy/ros2_workspace/install/ouster_msgs/include/ouster_msgs/ouster_msgs/msg
[34.824s] -- Up-to-date: /home/brown/Projects/MiningRobot/autonomy/ros2_workspace/install/ouster_msgs/include/ouster_msgs/ouster_msgs/msg/detail
[34.824s] -- Installing: /home/brown/Projects/MiningRobot/autonomy/ros2_workspace/install/ouster_msgs/include/ouster_msgs/ouster_msgs/msg/detail/metadata__rosidl_typesupport_fastrtps_cpp.hpp
[34.824s] -- Installing: /home/brown/Projects/MiningRobot/autonomy/ros2_workspace/install/ouster_msgs/include/ouster_msgs/ouster_msgs/msg/detail/dds_fastrtps
[34.825s] -- Installing: /home/brown/Projects/MiningRobot/autonomy/ros2_workspace/install/ouster_msgs/include/ouster_msgs/ouster_msgs/msg/rosidl_typesupport_fastrtps_cpp__visibility_control.h
[34.825s] -- Installing: /home/brown/Projects/MiningRobot/autonomy/ros2_workspace/install/ouster_msgs/lib/libouster_msgs__rosidl_typesupport_fastrtps_cpp.so
[34.825s] -- Set runtime path of "/home/brown/Projects/MiningRobot/autonomy/ros2_workspace/install/ouster_msgs/lib/libouster_msgs__rosidl_typesupport_fastrtps_cpp.so" to ""
[34.825s] -- Up-to-date: /home/brown/Projects/MiningRobot/autonomy/ros2_workspace/install/ouster_msgs/include/ouster_msgs/ouster_msgs
[34.825s] -- Up-to-date: /home/brown/Projects/MiningRobot/autonomy/ros2_workspace/install/ouster_msgs/include/ouster_msgs/ouster_msgs/srv
[34.825s] -- Up-to-date: /home/brown/Projects/MiningRobot/autonomy/ros2_workspace/install/ouster_msgs/include/ouster_msgs/ouster_msgs/srv/detail
[34.826s] -- Installing: /home/brown/Projects/MiningRobot/autonomy/ros2_workspace/install/ouster_msgs/include/ouster_msgs/ouster_msgs/srv/detail/get_metadata__type_support.c
[34.827s] -- Installing: /home/brown/Projects/MiningRobot/autonomy/ros2_workspace/install/ouster_msgs/include/ouster_msgs/ouster_msgs/srv/detail/get_metadata__rosidl_typesupport_introspection_c.h
[34.828s] -- Up-to-date: /home/brown/Projects/MiningRobot/autonomy/ros2_workspace/install/ouster_msgs/include/ouster_msgs/ouster_msgs/msg
[34.828s] -- Installing: /home/brown/Projects/MiningRobot/autonomy/ros2_workspace/install/ouster_msgs/include/ouster_msgs/ouster_msgs/msg/rosidl_typesupport_introspection_c__visibility_control.h
[34.829s] -- Up-to-date: /home/brown/Projects/MiningRobot/autonomy/ros2_workspace/install/ouster_msgs/include/ouster_msgs/ouster_msgs/msg/detail
[34.829s] -- Installing: /home/brown/Projects/MiningRobot/autonomy/ros2_workspace/install/ouster_msgs/include/ouster_msgs/ouster_msgs/msg/detail/metadata__type_support.c
[34.829s] -- Installing: /home/brown/Projects/MiningRobot/autonomy/ros2_workspace/install/ouster_msgs/include/ouster_msgs/ouster_msgs/msg/detail/metadata__rosidl_typesupport_introspection_c.h
[34.830s] -- Installing: /home/brown/Projects/MiningRobot/autonomy/ros2_workspace/install/ouster_msgs/lib/libouster_msgs__rosidl_typesupport_introspection_c.so
[34.830s] -- Set runtime path of "/home/brown/Projects/MiningRobot/autonomy/ros2_workspace/install/ouster_msgs/lib/libouster_msgs__rosidl_typesupport_introspection_c.so" to ""
[34.830s] -- Installing: /home/brown/Projects/MiningRobot/autonomy/ros2_workspace/install/ouster_msgs/lib/libouster_msgs__rosidl_typesupport_c.so
[34.834s] -- Set runtime path of "/home/brown/Projects/MiningRobot/autonomy/ros2_workspace/install/ouster_msgs/lib/libouster_msgs__rosidl_typesupport_c.so" to ""
[34.835s] -- Up-to-date: /home/brown/Projects/MiningRobot/autonomy/ros2_workspace/install/ouster_msgs/include/ouster_msgs/ouster_msgs
[34.835s] -- Up-to-date: /home/brown/Projects/MiningRobot/autonomy/ros2_workspace/install/ouster_msgs/include/ouster_msgs/ouster_msgs/srv
[34.835s] -- Up-to-date: /home/brown/Projects/MiningRobot/autonomy/ros2_workspace/install/ouster_msgs/include/ouster_msgs/ouster_msgs/srv/detail
[34.836s] -- Installing: /home/brown/Projects/MiningRobot/autonomy/ros2_workspace/install/ouster_msgs/include/ouster_msgs/ouster_msgs/srv/detail/get_metadata__type_support.cpp
[34.838s] -- Installing: /home/brown/Projects/MiningRobot/autonomy/ros2_workspace/install/ouster_msgs/include/ouster_msgs/ouster_msgs/srv/detail/get_metadata__rosidl_typesupport_introspection_cpp.hpp
[34.839s] -- Up-to-date: /home/brown/Projects/MiningRobot/autonomy/ros2_workspace/install/ouster_msgs/include/ouster_msgs/ouster_msgs/msg
[34.840s] -- Up-to-date: /home/brown/Projects/MiningRobot/autonomy/ros2_workspace/install/ouster_msgs/include/ouster_msgs/ouster_msgs/msg/detail
[34.841s] -- Installing: /home/brown/Projects/MiningRobot/autonomy/ros2_workspace/install/ouster_msgs/include/ouster_msgs/ouster_msgs/msg/detail/metadata__type_support.cpp
[34.841s] -- Installing: /home/brown/Projects/MiningRobot/autonomy/ros2_workspace/install/ouster_msgs/include/ouster_msgs/ouster_msgs/msg/detail/metadata__rosidl_typesupport_introspection_cpp.hpp
[34.842s] -- Installing: /home/brown/Projects/MiningRobot/autonomy/ros2_workspace/install/ouster_msgs/lib/libouster_msgs__rosidl_typesupport_introspection_cpp.so
[34.842s] -- Set runtime path of "/home/brown/Projects/MiningRobot/autonomy/ros2_workspace/install/ouster_msgs/lib/libouster_msgs__rosidl_typesupport_introspection_cpp.so" to ""
[34.842s] -- Installing: /home/brown/Projects/MiningRobot/autonomy/ros2_workspace/install/ouster_msgs/lib/libouster_msgs__rosidl_typesupport_cpp.so
[34.843s] -- Set runtime path of "/home/brown/Projects/MiningRobot/autonomy/ros2_workspace/install/ouster_msgs/lib/libouster_msgs__rosidl_typesupport_cpp.so" to ""
[34.843s] -- Installing: /home/brown/Projects/MiningRobot/autonomy/ros2_workspace/install/ouster_msgs/share/ouster_msgs/environment/pythonpath.sh
[34.844s] -- Installing: /home/brown/Projects/MiningRobot/autonomy/ros2_workspace/install/ouster_msgs/share/ouster_msgs/environment/pythonpath.dsv
[34.844s] -- Installing: /home/brown/Projects/MiningRobot/autonomy/ros2_workspace/install/ouster_msgs/lib/python3.11/site-packages/ouster_msgs-0.5.0-py3.11.egg-info
[34.844s] -- Installing: /home/brown/Projects/MiningRobot/autonomy/ros2_workspace/install/ouster_msgs/lib/python3.11/site-packages/ouster_msgs-0.5.0-py3.11.egg-info/dependency_links.txt
[34.845s] -- Installing: /home/brown/Projects/MiningRobot/autonomy/ros2_workspace/install/ouster_msgs/lib/python3.11/site-packages/ouster_msgs-0.5.0-py3.11.egg-info/top_level.txt
[34.845s] -- Installing: /home/brown/Projects/MiningRobot/autonomy/ros2_workspace/install/ouster_msgs/lib/python3.11/site-packages/ouster_msgs-0.5.0-py3.11.egg-info/PKG-INFO
[34.845s] -- Installing: /home/brown/Projects/MiningRobot/autonomy/ros2_workspace/install/ouster_msgs/lib/python3.11/site-packages/ouster_msgs-0.5.0-py3.11.egg-info/SOURCES.txt
[34.846s] -- Installing: /home/brown/Projects/MiningRobot/autonomy/ros2_workspace/install/ouster_msgs/lib/python3.11/site-packages/ouster_msgs
[34.846s] -- Installing: /home/brown/Projects/MiningRobot/autonomy/ros2_workspace/install/ouster_msgs/lib/python3.11/site-packages/ouster_msgs/__init__.py
[34.847s] -- Installing: /home/brown/Projects/MiningRobot/autonomy/ros2_workspace/install/ouster_msgs/lib/python3.11/site-packages/ouster_msgs/libouster_msgs__rosidl_generator_py.so
[34.848s] -- Installing: /home/brown/Projects/MiningRobot/autonomy/ros2_workspace/install/ouster_msgs/lib/python3.11/site-packages/ouster_msgs/_ouster_msgs_s.ep.rosidl_typesupport_introspection_c.c
[34.848s] -- Installing: /home/brown/Projects/MiningRobot/autonomy/ros2_workspace/install/ouster_msgs/lib/python3.11/site-packages/ouster_msgs/_ouster_msgs_s.ep.rosidl_typesupport_c.c
[34.848s] -- Installing: /home/brown/Projects/MiningRobot/autonomy/ros2_workspace/install/ouster_msgs/lib/python3.11/site-packages/ouster_msgs/_ouster_msgs_s.ep.rosidl_typesupport_fastrtps_c.c
[34.849s] -- Installing: /home/brown/Projects/MiningRobot/autonomy/ros2_workspace/install/ouster_msgs/lib/python3.11/site-packages/ouster_msgs/srv
[34.849s] -- Installing: /home/brown/Projects/MiningRobot/autonomy/ros2_workspace/install/ouster_msgs/lib/python3.11/site-packages/ouster_msgs/srv/__init__.py
[34.850s] -- Installing: /home/brown/Projects/MiningRobot/autonomy/ros2_workspace/install/ouster_msgs/lib/python3.11/site-packages/ouster_msgs/srv/_get_metadata.py
[34.850s] -- Installing: /home/brown/Projects/MiningRobot/autonomy/ros2_workspace/install/ouster_msgs/lib/python3.11/site-packages/ouster_msgs/srv/_get_metadata_s.c
[34.850s] -- Installing: /home/brown/Projects/MiningRobot/autonomy/ros2_workspace/install/ouster_msgs/lib/python3.11/site-packages/ouster_msgs/msg
[34.850s] -- Installing: /home/brown/Projects/MiningRobot/autonomy/ros2_workspace/install/ouster_msgs/lib/python3.11/site-packages/ouster_msgs/msg/__init__.py
[34.851s] -- Installing: /home/brown/Projects/MiningRobot/autonomy/ros2_workspace/install/ouster_msgs/lib/python3.11/site-packages/ouster_msgs/msg/_metadata.py
[34.851s] -- Installing: /home/brown/Projects/MiningRobot/autonomy/ros2_workspace/install/ouster_msgs/lib/python3.11/site-packages/ouster_msgs/msg/_metadata_s.c
[34.851s] -- Installing: /home/brown/Projects/MiningRobot/autonomy/ros2_workspace/install/ouster_msgs/lib/python3.11/site-packages/ouster_msgs/ouster_msgs_s__rosidl_typesupport_introspection_c.cpython-311-x86_64-linux-gnu.so
[34.851s] -- Installing: /home/brown/Projects/MiningRobot/autonomy/ros2_workspace/install/ouster_msgs/lib/python3.11/site-packages/ouster_msgs/ouster_msgs_s__rosidl_typesupport_fastrtps_c.cpython-311-x86_64-linux-gnu.so
[34.851s] -- Installing: /home/brown/Projects/MiningRobot/autonomy/ros2_workspace/install/ouster_msgs/lib/python3.11/site-packages/ouster_msgs/ouster_msgs_s__rosidl_typesupport_c.cpython-311-x86_64-linux-gnu.so
[35.061s] Listing '/home/brown/Projects/MiningRobot/autonomy/ros2_workspace/install/ouster_msgs/lib/python3.11/site-packages/ouster_msgs'...
[35.061s] Compiling '/home/brown/Projects/MiningRobot/autonomy/ros2_workspace/install/ouster_msgs/lib/python3.11/site-packages/ouster_msgs/__init__.py'...
[35.062s] Listing '/home/brown/Projects/MiningRobot/autonomy/ros2_workspace/install/ouster_msgs/lib/python3.11/site-packages/ouster_msgs/msg'...
[35.062s] Compiling '/home/brown/Projects/MiningRobot/autonomy/ros2_workspace/install/ouster_msgs/lib/python3.11/site-packages/ouster_msgs/msg/__init__.py'...
[35.062s] Compiling '/home/brown/Projects/MiningRobot/autonomy/ros2_workspace/install/ouster_msgs/lib/python3.11/site-packages/ouster_msgs/msg/_metadata.py'...
[35.063s] Listing '/home/brown/Projects/MiningRobot/autonomy/ros2_workspace/install/ouster_msgs/lib/python3.11/site-packages/ouster_msgs/srv'...
[35.063s] Compiling '/home/brown/Projects/MiningRobot/autonomy/ros2_workspace/install/ouster_msgs/lib/python3.11/site-packages/ouster_msgs/srv/__init__.py'...
[35.063s] Compiling '/home/brown/Projects/MiningRobot/autonomy/ros2_workspace/install/ouster_msgs/lib/python3.11/site-packages/ouster_msgs/srv/_get_metadata.py'...
[35.097s] -- Installing: /home/brown/Projects/MiningRobot/autonomy/ros2_workspace/install/ouster_msgs/lib/python3.11/site-packages/ouster_msgs/ouster_msgs_s__rosidl_typesupport_fastrtps_c.cpython-311-x86_64-linux-gnu.so
[35.099s] -- Set runtime path of "/home/brown/Projects/MiningRobot/autonomy/ros2_workspace/install/ouster_msgs/lib/python3.11/site-packages/ouster_msgs/ouster_msgs_s__rosidl_typesupport_fastrtps_c.cpython-311-x86_64-linux-gnu.so" to ""
[35.100s] -- Installing: /home/brown/Projects/MiningRobot/autonomy/ros2_workspace/install/ouster_msgs/lib/python3.11/site-packages/ouster_msgs/ouster_msgs_s__rosidl_typesupport_introspection_c.cpython-311-x86_64-linux-gnu.so
[35.104s] -- Set runtime path of "/home/brown/Projects/MiningRobot/autonomy/ros2_workspace/install/ouster_msgs/lib/python3.11/site-packages/ouster_msgs/ouster_msgs_s__rosidl_typesupport_introspection_c.cpython-311-x86_64-linux-gnu.so" to ""
[35.104s] -- Installing: /home/brown/Projects/MiningRobot/autonomy/ros2_workspace/install/ouster_msgs/lib/python3.11/site-packages/ouster_msgs/ouster_msgs_s__rosidl_typesupport_c.cpython-311-x86_64-linux-gnu.so
[35.105s] -- Set runtime path of "/home/brown/Projects/MiningRobot/autonomy/ros2_workspace/install/ouster_msgs/lib/python3.11/site-packages/ouster_msgs/ouster_msgs_s__rosidl_typesupport_c.cpython-311-x86_64-linux-gnu.so" to ""
[35.105s] -- Installing: /home/brown/Projects/MiningRobot/autonomy/ros2_workspace/install/ouster_msgs/lib/libouster_msgs__rosidl_generator_py.so
[35.108s] -- Set runtime path of "/home/brown/Projects/MiningRobot/autonomy/ros2_workspace/install/ouster_msgs/lib/libouster_msgs__rosidl_generator_py.so" to ""
[35.108s] -- Installing: /home/brown/Projects/MiningRobot/autonomy/ros2_workspace/install/ouster_msgs/share/ouster_msgs/srv/GetMetadata.idl
[35.112s] -- Installing: /home/brown/Projects/MiningRobot/autonomy/ros2_workspace/install/ouster_msgs/share/ouster_msgs/msg/Metadata.idl
[35.113s] -- Installing: /home/brown/Projects/MiningRobot/autonomy/ros2_workspace/install/ouster_msgs/share/ouster_msgs/srv/GetMetadata.srv
[35.113s] -- Installing: /home/brown/Projects/MiningRobot/autonomy/ros2_workspace/install/ouster_msgs/share/ouster_msgs/srv/GetMetadata_Request.msg
[35.120s] -- Installing: /home/brown/Projects/MiningRobot/autonomy/ros2_workspace/install/ouster_msgs/share/ouster_msgs/srv/GetMetadata_Response.msg
[35.120s] -- Installing: /home/brown/Projects/MiningRobot/autonomy/ros2_workspace/install/ouster_msgs/share/ouster_msgs/msg/Metadata.msg
[35.121s] -- Installing: /home/brown/Projects/MiningRobot/autonomy/ros2_workspace/install/ouster_msgs/share/ament_index/resource_index/package_run_dependencies/ouster_msgs
[35.121s] -- Installing: /home/brown/Projects/MiningRobot/autonomy/ros2_workspace/install/ouster_msgs/share/ament_index/resource_index/parent_prefix_path/ouster_msgs
[35.121s] -- Installing: /home/brown/Projects/MiningRobot/autonomy/ros2_workspace/install/ouster_msgs/share/ouster_msgs/environment/ament_prefix_path.sh
[35.121s] -- Installing: /home/brown/Projects/MiningRobot/autonomy/ros2_workspace/install/ouster_msgs/share/ouster_msgs/environment/ament_prefix_path.dsv
[35.124s] -- Installing: /home/brown/Projects/MiningRobot/autonomy/ros2_workspace/install/ouster_msgs/share/ouster_msgs/environment/path.sh
[35.124s] -- Installing: /home/brown/Projects/MiningRobot/autonomy/ros2_workspace/install/ouster_msgs/share/ouster_msgs/environment/path.dsv
[35.125s] -- Installing: /home/brown/Projects/MiningRobot/autonomy/ros2_workspace/install/ouster_msgs/share/ouster_msgs/local_setup.bash
[35.125s] -- Installing: /home/brown/Projects/MiningRobot/autonomy/ros2_workspace/install/ouster_msgs/share/ouster_msgs/local_setup.sh
[35.125s] -- Installing: /home/brown/Projects/MiningRobot/autonomy/ros2_workspace/install/ouster_msgs/share/ouster_msgs/local_setup.zsh
[35.125s] -- Installing: /home/brown/Projects/MiningRobot/autonomy/ros2_workspace/install/ouster_msgs/share/ouster_msgs/local_setup.dsv
[35.125s] -- Installing: /home/brown/Projects/MiningRobot/autonomy/ros2_workspace/install/ouster_msgs/share/ouster_msgs/package.dsv
[35.126s] -- Installing: /home/brown/Projects/MiningRobot/autonomy/ros2_workspace/install/ouster_msgs/share/ament_index/resource_index/packages/ouster_msgs
[35.126s] -- Installing: /home/brown/Projects/MiningRobot/autonomy/ros2_workspace/install/ouster_msgs/share/ouster_msgs/cmake/export_ouster_msgs__rosidl_generator_cExport.cmake
[35.126s] -- Installing: /home/brown/Projects/MiningRobot/autonomy/ros2_workspace/install/ouster_msgs/share/ouster_msgs/cmake/export_ouster_msgs__rosidl_generator_cExport-noconfig.cmake
[35.127s] -- Installing: /home/brown/Projects/MiningRobot/autonomy/ros2_workspace/install/ouster_msgs/share/ouster_msgs/cmake/export_ouster_msgs__rosidl_typesupport_fastrtps_cExport.cmake
[35.127s] -- Installing: /home/brown/Projects/MiningRobot/autonomy/ros2_workspace/install/ouster_msgs/share/ouster_msgs/cmake/export_ouster_msgs__rosidl_typesupport_fastrtps_cExport-noconfig.cmake
[35.130s] -- Installing: /home/brown/Projects/MiningRobot/autonomy/ros2_workspace/install/ouster_msgs/share/ouster_msgs/cmake/export_ouster_msgs__rosidl_generator_cppExport.cmake
[35.130s] -- Installing: /home/brown/Projects/MiningRobot/autonomy/ros2_workspace/install/ouster_msgs/share/ouster_msgs/cmake/export_ouster_msgs__rosidl_typesupport_fastrtps_cppExport.cmake
[35.131s] -- Installing: /home/brown/Projects/MiningRobot/autonomy/ros2_workspace/install/ouster_msgs/share/ouster_msgs/cmake/export_ouster_msgs__rosidl_typesupport_fastrtps_cppExport-noconfig.cmake
[35.131s] -- Installing: /home/brown/Projects/MiningRobot/autonomy/ros2_workspace/install/ouster_msgs/share/ouster_msgs/cmake/ouster_msgs__rosidl_typesupport_introspection_cExport.cmake
[35.131s] -- Installing: /home/brown/Projects/MiningRobot/autonomy/ros2_workspace/install/ouster_msgs/share/ouster_msgs/cmake/ouster_msgs__rosidl_typesupport_introspection_cExport-noconfig.cmake
[35.131s] -- Installing: /home/brown/Projects/MiningRobot/autonomy/ros2_workspace/install/ouster_msgs/share/ouster_msgs/cmake/ouster_msgs__rosidl_typesupport_cExport.cmake
[35.132s] -- Installing: /home/brown/Projects/MiningRobot/autonomy/ros2_workspace/install/ouster_msgs/share/ouster_msgs/cmake/ouster_msgs__rosidl_typesupport_cExport-noconfig.cmake
[35.132s] -- Installing: /home/brown/Projects/MiningRobot/autonomy/ros2_workspace/install/ouster_msgs/share/ouster_msgs/cmake/ouster_msgs__rosidl_typesupport_introspection_cppExport.cmake
[35.132s] -- Installing: /home/brown/Projects/MiningRobot/autonomy/ros2_workspace/install/ouster_msgs/share/ouster_msgs/cmake/ouster_msgs__rosidl_typesupport_introspection_cppExport-noconfig.cmake
[35.132s] -- Installing: /home/brown/Projects/MiningRobot/autonomy/ros2_workspace/install/ouster_msgs/share/ouster_msgs/cmake/ouster_msgs__rosidl_typesupport_cppExport.cmake
[35.133s] -- Installing: /home/brown/Projects/MiningRobot/autonomy/ros2_workspace/install/ouster_msgs/share/ouster_msgs/cmake/ouster_msgs__rosidl_typesupport_cppExport-noconfig.cmake
[35.133s] -- Installing: /home/brown/Projects/MiningRobot/autonomy/ros2_workspace/install/ouster_msgs/share/ouster_msgs/cmake/export_ouster_msgs__rosidl_generator_pyExport.cmake
[35.133s] -- Installing: /home/brown/Projects/MiningRobot/autonomy/ros2_workspace/install/ouster_msgs/share/ouster_msgs/cmake/export_ouster_msgs__rosidl_generator_pyExport-noconfig.cmake
[35.133s] -- Installing: /home/brown/Projects/MiningRobot/autonomy/ros2_workspace/install/ouster_msgs/share/ouster_msgs/cmake/rosidl_cmake-extras.cmake
[35.134s] -- Installing: /home/brown/Projects/MiningRobot/autonomy/ros2_workspace/install/ouster_msgs/share/ouster_msgs/cmake/ament_cmake_export_dependencies-extras.cmake
[35.134s] -- Installing: /home/brown/Projects/MiningRobot/autonomy/ros2_workspace/install/ouster_msgs/share/ouster_msgs/cmake/ament_cmake_export_include_directories-extras.cmake
[35.134s] -- Installing: /home/brown/Projects/MiningRobot/autonomy/ros2_workspace/install/ouster_msgs/share/ouster_msgs/cmake/ament_cmake_export_libraries-extras.cmake
[35.134s] -- Installing: /home/brown/Projects/MiningRobot/autonomy/ros2_workspace/install/ouster_msgs/share/ouster_msgs/cmake/ament_cmake_export_targets-extras.cmake
[35.135s] -- Installing: /home/brown/Projects/MiningRobot/autonomy/ros2_workspace/install/ouster_msgs/share/ouster_msgs/cmake/rosidl_cmake_export_typesupport_targets-extras.cmake
[35.135s] -- Installing: /home/brown/Projects/MiningRobot/autonomy/ros2_workspace/install/ouster_msgs/share/ouster_msgs/cmake/rosidl_cmake_export_typesupport_libraries-extras.cmake
[35.135s] -- Installing: /home/brown/Projects/MiningRobot/autonomy/ros2_workspace/install/ouster_msgs/share/ouster_msgs/cmake/ouster_msgsConfig.cmake
[35.135s] -- Installing: /home/brown/Projects/MiningRobot/autonomy/ros2_workspace/install/ouster_msgs/share/ouster_msgs/cmake/ouster_msgsConfig-version.cmake
[35.136s] -- Installing: /home/brown/Projects/MiningRobot/autonomy/ros2_workspace/install/ouster_msgs/share/ouster_msgs/package.xml
[35.153s] Invoked command in '/home/brown/Projects/MiningRobot/autonomy/ros2_workspace/build/ouster_msgs' returned '0': _=/usr/bin/env /usr/bin/cmake --install /home/brown/Projects/MiningRobot/autonomy/ros2_workspace/build/ouster_msgs
