-- Found ament_cmake: 1.3.5 (/opt/ros/humble/share/ament_cmake/cmake)
-- Found builtin_interfaces: 1.2.1 (/opt/ros/humble/share/builtin_interfaces/cmake)
-- Found rosidl_generator_c: 3.1.5 (/opt/ros/humble/share/rosidl_generator_c/cmake)
-- Found rosidl_adapter: 3.1.5 (/opt/ros/humble/share/rosidl_adapter/cmake)
-- Found rosidl_generator_cpp: 3.1.5 (/opt/ros/humble/share/rosidl_generator_cpp/cmake)
-- Using all available rosidl_typesupport_c: rosidl_typesupport_fastrtps_c;rosidl_typesupport_introspection_c
-- Using all available rosidl_typesupport_cpp: rosidl_typesupport_fastrtps_cpp;rosidl_typesupport_introspection_cpp
-- Found rosidl_default_generators: 1.2.0 (/opt/ros/humble/share/rosidl_default_generators/cmake)
-- Found std_msgs: 4.2.3 (/opt/ros/humble/share/std_msgs/cmake)
-- Found ament_cmake_ros: 0.10.0 (/opt/ros/humble/share/ament_cmake_ros/cmake)
-- Using all available rosidl_typesupport_c: rosidl_typesupport_fastrtps_c;rosidl_typesupport_introspection_c
-- Using all available rosidl_typesupport_cpp: rosidl_typesupport_fastrtps_cpp;rosidl_typesupport_introspection_cpp
[33mCMake Warning (dev) at /opt/ros/humble/share/rosidl_generator_py/cmake/rosidl_generator_py_generate_interfaces.cmake:20 (find_package):
  Policy CMP0148 is not set: The FindPythonInterp and FindPythonLibs modules
  are removed.  Run "cmake --help-policy CMP0148" for policy details.  Use
  the cmake_policy command to set the policy and suppress this warning.

Call Stack (most recent call first):
  /opt/ros/humble/share/ament_cmake_core/cmake/core/ament_execute_extensions.cmake:48 (include)
  /opt/ros/humble/share/rosidl_cmake/cmake/rosidl_generate_interfaces.cmake:286 (ament_execute_extensions)
  CMakeLists.txt:9 (rosidl_generate_interfaces)
This warning is for project developers.  Use -Wno-dev to suppress it.
[0m
-- Found python_cmake_module: 0.10.0 (/opt/ros/humble/share/python_cmake_module/cmake)
[33mCMake Warning (dev) at /opt/ros/humble/share/python_cmake_module/cmake/Modules/FindPythonExtra.cmake:52 (find_package):
  Policy CMP0148 is not set: The FindPythonInterp and FindPythonLibs modules
  are removed.  Run "cmake --help-policy CMP0148" for policy details.  Use
  the cmake_policy command to set the policy and suppress this warning.

Call Stack (most recent call first):
  /opt/ros/humble/share/rosidl_generator_py/cmake/rosidl_generator_py_generate_interfaces.cmake:23 (find_package)
  /opt/ros/humble/share/ament_cmake_core/cmake/core/ament_execute_extensions.cmake:48 (include)
  /opt/ros/humble/share/rosidl_cmake/cmake/rosidl_generate_interfaces.cmake:286 (ament_execute_extensions)
  CMakeLists.txt:9 (rosidl_generate_interfaces)
This warning is for project developers.  Use -Wno-dev to suppress it.
[0m
[33mCMake Warning (dev) at /opt/ros/humble/share/python_cmake_module/cmake/Modules/FindPythonExtra.cmake:140 (find_package):
  Policy CMP0148 is not set: The FindPythonInterp and FindPythonLibs modules
  are removed.  Run "cmake --help-policy CMP0148" for policy details.  Use
  the cmake_policy command to set the policy and suppress this warning.

Call Stack (most recent call first):
  /opt/ros/humble/share/rosidl_generator_py/cmake/rosidl_generator_py_generate_interfaces.cmake:23 (find_package)
  /opt/ros/humble/share/ament_cmake_core/cmake/core/ament_execute_extensions.cmake:48 (include)
  /opt/ros/humble/share/rosidl_cmake/cmake/rosidl_generate_interfaces.cmake:286 (ament_execute_extensions)
  CMakeLists.txt:9 (rosidl_generate_interfaces)
This warning is for project developers.  Use -Wno-dev to suppress it.
[0m
-- Using PYTHON_EXECUTABLE: /usr/bin/python3
-- Using PYTHON_INCLUDE_DIRS: /usr/include/python3.11
-- Using PYTHON_LIBRARIES: /usr/lib/libpython3.11.so
-- Using numpy include directory: /usr/lib/python3.11/site-packages/numpy/core/include
-- Configuring done (3.6s)
-- Generating done (0.1s)
-- Build files have been written to: /home/brown/Projects/MiningRobot/ros2_workspace/build/ouster_msgs
[  2%] Built target ouster_msgs__cpp
[  7%] [32mBuilding C object CMakeFiles/ouster_msgs__rosidl_generator_c.dir/rosidl_generator_c/ouster_msgs/msg/detail/metadata__functions.c.o[0m
[  7%] [32mBuilding C object CMakeFiles/ouster_msgs__rosidl_generator_c.dir/rosidl_generator_c/ouster_msgs/srv/detail/get_metadata__functions.c.o[0m
[  7%] Built target ament_cmake_python_copy_ouster_msgs
[ 10%] [32m[1mLinking C shared library libouster_msgs__rosidl_generator_c.so[0m
[ 12%] [32mBuilding CXX object CMakeFiles/ouster_msgs__rosidl_typesupport_fastrtps_cpp.dir/rosidl_typesupport_fastrtps_cpp/ouster_msgs/srv/detail/dds_fastrtps/get_metadata__type_support.cpp.o[0m
[ 15%] Built target ouster_msgs__rosidl_generator_c
[ 17%] [32mBuilding CXX object CMakeFiles/ouster_msgs__rosidl_typesupport_fastrtps_cpp.dir/rosidl_typesupport_fastrtps_cpp/ouster_msgs/msg/detail/dds_fastrtps/metadata__type_support.cpp.o[0m
[ 20%] [32mBuilding CXX object CMakeFiles/ouster_msgs__rosidl_typesupport_introspection_cpp.dir/rosidl_typesupport_introspection_cpp/ouster_msgs/srv/detail/get_metadata__type_support.cpp.o[0m
[ 23%] [32mBuilding CXX object CMakeFiles/ouster_msgs__rosidl_typesupport_cpp.dir/rosidl_typesupport_cpp/ouster_msgs/srv/get_metadata__type_support.cpp.o[0m
[ 25%] [32mBuilding CXX object CMakeFiles/ouster_msgs__rosidl_typesupport_cpp.dir/rosidl_typesupport_cpp/ouster_msgs/msg/metadata__type_support.cpp.o[0m
[ 28%] [32mBuilding CXX object CMakeFiles/ouster_msgs__rosidl_typesupport_introspection_cpp.dir/rosidl_typesupport_introspection_cpp/ouster_msgs/msg/detail/metadata__type_support.cpp.o[0m
[ 30%] [32m[1mLinking CXX shared library libouster_msgs__rosidl_typesupport_fastrtps_cpp.so[0m
[ 33%] Built target ouster_msgs__rosidl_typesupport_fastrtps_cpp
[ 35%] [32m[1mLinking CXX shared library libouster_msgs__rosidl_typesupport_cpp.so[0m
[ 38%] Built target ouster_msgs__rosidl_typesupport_cpp
[ 41%] [32m[1mLinking CXX shared library libouster_msgs__rosidl_typesupport_introspection_cpp.so[0m
[ 43%] Built target ouster_msgs__rosidl_typesupport_introspection_cpp
[ 46%] [32mBuilding CXX object CMakeFiles/ouster_msgs__rosidl_typesupport_c.dir/rosidl_typesupport_c/ouster_msgs/srv/get_metadata__type_support.cpp.o[0m
[ 48%] [32mBuilding C object CMakeFiles/ouster_msgs__rosidl_typesupport_introspection_c.dir/rosidl_typesupport_introspection_c/ouster_msgs/srv/detail/get_metadata__type_support.c.o[0m
[ 51%] [32mBuilding CXX object CMakeFiles/ouster_msgs__rosidl_typesupport_c.dir/rosidl_typesupport_c/ouster_msgs/msg/metadata__type_support.cpp.o[0m
[ 53%] [32mBuilding C object CMakeFiles/ouster_msgs__rosidl_typesupport_introspection_c.dir/rosidl_typesupport_introspection_c/ouster_msgs/msg/detail/metadata__type_support.c.o[0m
[ 56%] [32m[1mLinking CXX shared library libouster_msgs__rosidl_typesupport_c.so[0m
[ 58%] [32m[1mLinking C shared library libouster_msgs__rosidl_typesupport_introspection_c.so[0m
[ 61%] Built target ouster_msgs__rosidl_typesupport_introspection_c
[ 64%] Built target ouster_msgs__rosidl_typesupport_c
[ 66%] [32mBuilding CXX object CMakeFiles/ouster_msgs__rosidl_typesupport_fastrtps_c.dir/rosidl_typesupport_fastrtps_c/ouster_msgs/srv/detail/get_metadata__type_support_c.cpp.o[0m
[ 69%] [32mBuilding CXX object CMakeFiles/ouster_msgs__rosidl_typesupport_fastrtps_c.dir/rosidl_typesupport_fastrtps_c/ouster_msgs/msg/detail/metadata__type_support_c.cpp.o[0m
[ 71%] [32m[1mLinking CXX shared library libouster_msgs__rosidl_typesupport_fastrtps_c.so[0m
[ 74%] Built target ouster_msgs__rosidl_typesupport_fastrtps_c
running egg_info
writing ouster_msgs.egg-info/PKG-INFO
writing dependency_links to ouster_msgs.egg-info/dependency_links.txt
writing top-level names to ouster_msgs.egg-info/top_level.txt
reading manifest file 'ouster_msgs.egg-info/SOURCES.txt'
writing manifest file 'ouster_msgs.egg-info/SOURCES.txt'
[ 74%] Built target ament_cmake_python_build_ouster_msgs_egg
[ 74%] Built target ouster_msgs
[ 76%] Built target ouster_msgs__py
[ 79%] [32mBuilding C object CMakeFiles/ouster_msgs__rosidl_generator_py.dir/rosidl_generator_py/ouster_msgs/srv/_get_metadata_s.c.o[0m
[ 82%] [32mBuilding C object CMakeFiles/ouster_msgs__rosidl_generator_py.dir/rosidl_generator_py/ouster_msgs/msg/_metadata_s.c.o[0m
[ 84%] [32m[1mLinking C shared library rosidl_generator_py/ouster_msgs/libouster_msgs__rosidl_generator_py.so[0m
[ 84%] Built target ouster_msgs__rosidl_generator_py
[ 87%] [32mBuilding C object CMakeFiles/ouster_msgs__rosidl_typesupport_fastrtps_c__pyext.dir/rosidl_generator_py/ouster_msgs/_ouster_msgs_s.ep.rosidl_typesupport_fastrtps_c.c.o[0m
[ 89%] [32m[1mLinking C shared library rosidl_generator_py/ouster_msgs/ouster_msgs_s__rosidl_typesupport_fastrtps_c.cpython-311-x86_64-linux-gnu.so[0m
[ 89%] Built target ouster_msgs__rosidl_typesupport_fastrtps_c__pyext
[ 92%] [32mBuilding C object CMakeFiles/ouster_msgs__rosidl_typesupport_c__pyext.dir/rosidl_generator_py/ouster_msgs/_ouster_msgs_s.ep.rosidl_typesupport_c.c.o[0m
[ 94%] [32m[1mLinking C shared library rosidl_generator_py/ouster_msgs/ouster_msgs_s__rosidl_typesupport_c.cpython-311-x86_64-linux-gnu.so[0m
[ 94%] Built target ouster_msgs__rosidl_typesupport_c__pyext
[ 97%] [32mBuilding C object CMakeFiles/ouster_msgs__rosidl_typesupport_introspection_c__pyext.dir/rosidl_generator_py/ouster_msgs/_ouster_msgs_s.ep.rosidl_typesupport_introspection_c.c.o[0m
[100%] [32m[1mLinking C shared library rosidl_generator_py/ouster_msgs/ouster_msgs_s__rosidl_typesupport_introspection_c.cpython-311-x86_64-linux-gnu.so[0m
[100%] Built target ouster_msgs__rosidl_typesupport_introspection_c__pyext
-- Install configuration: ""
-- Up-to-date: /home/brown/Projects/MiningRobot/ros2_workspace/install/ouster_msgs/share/ament_index/resource_index/rosidl_interfaces/ouster_msgs
-- Up-to-date: /home/brown/Projects/MiningRobot/ros2_workspace/install/ouster_msgs/include/ouster_msgs/ouster_msgs
-- Up-to-date: /home/brown/Projects/MiningRobot/ros2_workspace/install/ouster_msgs/include/ouster_msgs/ouster_msgs/srv
-- Up-to-date: /home/brown/Projects/MiningRobot/ros2_workspace/install/ouster_msgs/include/ouster_msgs/ouster_msgs/srv/detail
-- Up-to-date: /home/brown/Projects/MiningRobot/ros2_workspace/install/ouster_msgs/include/ouster_msgs/ouster_msgs/srv/detail/get_metadata__type_support.h
-- Up-to-date: /home/brown/Projects/MiningRobot/ros2_workspace/install/ouster_msgs/include/ouster_msgs/ouster_msgs/srv/detail/get_metadata__functions.h
-- Up-to-date: /home/brown/Projects/MiningRobot/ros2_workspace/install/ouster_msgs/include/ouster_msgs/ouster_msgs/srv/detail/get_metadata__functions.c
-- Up-to-date: /home/brown/Projects/MiningRobot/ros2_workspace/install/ouster_msgs/include/ouster_msgs/ouster_msgs/srv/detail/get_metadata__struct.h
-- Up-to-date: /home/brown/Projects/MiningRobot/ros2_workspace/install/ouster_msgs/include/ouster_msgs/ouster_msgs/srv/get_metadata.h
-- Up-to-date: /home/brown/Projects/MiningRobot/ros2_workspace/install/ouster_msgs/include/ouster_msgs/ouster_msgs/msg
-- Up-to-date: /home/brown/Projects/MiningRobot/ros2_workspace/install/ouster_msgs/include/ouster_msgs/ouster_msgs/msg/detail
-- Installing: /home/brown/Projects/MiningRobot/ros2_workspace/install/ouster_msgs/include/ouster_msgs/ouster_msgs/msg/detail/metadata__functions.h
-- Up-to-date: /home/brown/Projects/MiningRobot/ros2_workspace/install/ouster_msgs/include/ouster_msgs/ouster_msgs/msg/detail/metadata__struct.h
-- Up-to-date: /home/brown/Projects/MiningRobot/ros2_workspace/install/ouster_msgs/include/ouster_msgs/ouster_msgs/msg/detail/metadata__type_support.h
-- Installing: /home/brown/Projects/MiningRobot/ros2_workspace/install/ouster_msgs/include/ouster_msgs/ouster_msgs/msg/detail/metadata__functions.c
-- Up-to-date: /home/brown/Projects/MiningRobot/ros2_workspace/install/ouster_msgs/include/ouster_msgs/ouster_msgs/msg/metadata.h
-- Up-to-date: /home/brown/Projects/MiningRobot/ros2_workspace/install/ouster_msgs/include/ouster_msgs/ouster_msgs/msg/rosidl_generator_c__visibility_control.h
-- Installing: /home/brown/Projects/MiningRobot/ros2_workspace/install/ouster_msgs/share/ouster_msgs/environment/library_path.sh
-- Installing: /home/brown/Projects/MiningRobot/ros2_workspace/install/ouster_msgs/share/ouster_msgs/environment/library_path.dsv
-- Installing: /home/brown/Projects/MiningRobot/ros2_workspace/install/ouster_msgs/lib/libouster_msgs__rosidl_generator_c.so
-- Set runtime path of "/home/brown/Projects/MiningRobot/ros2_workspace/install/ouster_msgs/lib/libouster_msgs__rosidl_generator_c.so" to ""
-- Up-to-date: /home/brown/Projects/MiningRobot/ros2_workspace/install/ouster_msgs/include/ouster_msgs/ouster_msgs
-- Up-to-date: /home/brown/Projects/MiningRobot/ros2_workspace/install/ouster_msgs/include/ouster_msgs/ouster_msgs/srv
-- Up-to-date: /home/brown/Projects/MiningRobot/ros2_workspace/install/ouster_msgs/include/ouster_msgs/ouster_msgs/srv/detail
-- Up-to-date: /home/brown/Projects/MiningRobot/ros2_workspace/install/ouster_msgs/include/ouster_msgs/ouster_msgs/srv/detail/get_metadata__rosidl_typesupport_fastrtps_c.h
-- Up-to-date: /home/brown/Projects/MiningRobot/ros2_workspace/install/ouster_msgs/include/ouster_msgs/ouster_msgs/msg
-- Up-to-date: /home/brown/Projects/MiningRobot/ros2_workspace/install/ouster_msgs/include/ouster_msgs/ouster_msgs/msg/detail
-- Installing: /home/brown/Projects/MiningRobot/ros2_workspace/install/ouster_msgs/include/ouster_msgs/ouster_msgs/msg/detail/metadata__rosidl_typesupport_fastrtps_c.h
-- Up-to-date: /home/brown/Projects/MiningRobot/ros2_workspace/install/ouster_msgs/include/ouster_msgs/ouster_msgs/msg/rosidl_typesupport_fastrtps_c__visibility_control.h
-- Installing: /home/brown/Projects/MiningRobot/ros2_workspace/install/ouster_msgs/lib/libouster_msgs__rosidl_typesupport_fastrtps_c.so
-- Set runtime path of "/home/brown/Projects/MiningRobot/ros2_workspace/install/ouster_msgs/lib/libouster_msgs__rosidl_typesupport_fastrtps_c.so" to ""
-- Up-to-date: /home/brown/Projects/MiningRobot/ros2_workspace/install/ouster_msgs/include/ouster_msgs/ouster_msgs
-- Up-to-date: /home/brown/Projects/MiningRobot/ros2_workspace/install/ouster_msgs/include/ouster_msgs/ouster_msgs/srv
-- Up-to-date: /home/brown/Projects/MiningRobot/ros2_workspace/install/ouster_msgs/include/ouster_msgs/ouster_msgs/srv/detail
-- Up-to-date: /home/brown/Projects/MiningRobot/ros2_workspace/install/ouster_msgs/include/ouster_msgs/ouster_msgs/srv/detail/get_metadata__builder.hpp
-- Up-to-date: /home/brown/Projects/MiningRobot/ros2_workspace/install/ouster_msgs/include/ouster_msgs/ouster_msgs/srv/detail/get_metadata__struct.hpp
-- Up-to-date: /home/brown/Projects/MiningRobot/ros2_workspace/install/ouster_msgs/include/ouster_msgs/ouster_msgs/srv/detail/get_metadata__traits.hpp
-- Up-to-date: /home/brown/Projects/MiningRobot/ros2_workspace/install/ouster_msgs/include/ouster_msgs/ouster_msgs/srv/get_metadata.hpp
-- Up-to-date: /home/brown/Projects/MiningRobot/ros2_workspace/install/ouster_msgs/include/ouster_msgs/ouster_msgs/msg
-- Up-to-date: /home/brown/Projects/MiningRobot/ros2_workspace/install/ouster_msgs/include/ouster_msgs/ouster_msgs/msg/detail
-- Up-to-date: /home/brown/Projects/MiningRobot/ros2_workspace/install/ouster_msgs/include/ouster_msgs/ouster_msgs/msg/detail/metadata__struct.hpp
-- Up-to-date: /home/brown/Projects/MiningRobot/ros2_workspace/install/ouster_msgs/include/ouster_msgs/ouster_msgs/msg/detail/metadata__builder.hpp
-- Up-to-date: /home/brown/Projects/MiningRobot/ros2_workspace/install/ouster_msgs/include/ouster_msgs/ouster_msgs/msg/detail/metadata__traits.hpp
-- Up-to-date: /home/brown/Projects/MiningRobot/ros2_workspace/install/ouster_msgs/include/ouster_msgs/ouster_msgs/msg/metadata.hpp
-- Up-to-date: /home/brown/Projects/MiningRobot/ros2_workspace/install/ouster_msgs/include/ouster_msgs/ouster_msgs
-- Up-to-date: /home/brown/Projects/MiningRobot/ros2_workspace/install/ouster_msgs/include/ouster_msgs/ouster_msgs/srv
-- Up-to-date: /home/brown/Projects/MiningRobot/ros2_workspace/install/ouster_msgs/include/ouster_msgs/ouster_msgs/srv/detail
-- Up-to-date: /home/brown/Projects/MiningRobot/ros2_workspace/install/ouster_msgs/include/ouster_msgs/ouster_msgs/srv/detail/dds_fastrtps
-- Up-to-date: /home/brown/Projects/MiningRobot/ros2_workspace/install/ouster_msgs/include/ouster_msgs/ouster_msgs/srv/detail/get_metadata__rosidl_typesupport_fastrtps_cpp.hpp
-- Up-to-date: /home/brown/Projects/MiningRobot/ros2_workspace/install/ouster_msgs/include/ouster_msgs/ouster_msgs/msg
-- Up-to-date: /home/brown/Projects/MiningRobot/ros2_workspace/install/ouster_msgs/include/ouster_msgs/ouster_msgs/msg/detail
-- Up-to-date: /home/brown/Projects/MiningRobot/ros2_workspace/install/ouster_msgs/include/ouster_msgs/ouster_msgs/msg/detail/metadata__rosidl_typesupport_fastrtps_cpp.hpp
-- Up-to-date: /home/brown/Projects/MiningRobot/ros2_workspace/install/ouster_msgs/include/ouster_msgs/ouster_msgs/msg/detail/dds_fastrtps
-- Up-to-date: /home/brown/Projects/MiningRobot/ros2_workspace/install/ouster_msgs/include/ouster_msgs/ouster_msgs/msg/rosidl_typesupport_fastrtps_cpp__visibility_control.h
-- Installing: /home/brown/Projects/MiningRobot/ros2_workspace/install/ouster_msgs/lib/libouster_msgs__rosidl_typesupport_fastrtps_cpp.so
-- Set runtime path of "/home/brown/Projects/MiningRobot/ros2_workspace/install/ouster_msgs/lib/libouster_msgs__rosidl_typesupport_fastrtps_cpp.so" to ""
-- Up-to-date: /home/brown/Projects/MiningRobot/ros2_workspace/install/ouster_msgs/include/ouster_msgs/ouster_msgs
-- Up-to-date: /home/brown/Projects/MiningRobot/ros2_workspace/install/ouster_msgs/include/ouster_msgs/ouster_msgs/srv
-- Up-to-date: /home/brown/Projects/MiningRobot/ros2_workspace/install/ouster_msgs/include/ouster_msgs/ouster_msgs/srv/detail
-- Up-to-date: /home/brown/Projects/MiningRobot/ros2_workspace/install/ouster_msgs/include/ouster_msgs/ouster_msgs/srv/detail/get_metadata__type_support.c
-- Up-to-date: /home/brown/Projects/MiningRobot/ros2_workspace/install/ouster_msgs/include/ouster_msgs/ouster_msgs/srv/detail/get_metadata__rosidl_typesupport_introspection_c.h
-- Up-to-date: /home/brown/Projects/MiningRobot/ros2_workspace/install/ouster_msgs/include/ouster_msgs/ouster_msgs/msg
-- Up-to-date: /home/brown/Projects/MiningRobot/ros2_workspace/install/ouster_msgs/include/ouster_msgs/ouster_msgs/msg/rosidl_typesupport_introspection_c__visibility_control.h
-- Up-to-date: /home/brown/Projects/MiningRobot/ros2_workspace/install/ouster_msgs/include/ouster_msgs/ouster_msgs/msg/detail
-- Up-to-date: /home/brown/Projects/MiningRobot/ros2_workspace/install/ouster_msgs/include/ouster_msgs/ouster_msgs/msg/detail/metadata__type_support.c
-- Up-to-date: /home/brown/Projects/MiningRobot/ros2_workspace/install/ouster_msgs/include/ouster_msgs/ouster_msgs/msg/detail/metadata__rosidl_typesupport_introspection_c.h
-- Installing: /home/brown/Projects/MiningRobot/ros2_workspace/install/ouster_msgs/lib/libouster_msgs__rosidl_typesupport_introspection_c.so
-- Set runtime path of "/home/brown/Projects/MiningRobot/ros2_workspace/install/ouster_msgs/lib/libouster_msgs__rosidl_typesupport_introspection_c.so" to ""
-- Installing: /home/brown/Projects/MiningRobot/ros2_workspace/install/ouster_msgs/lib/libouster_msgs__rosidl_typesupport_c.so
-- Set runtime path of "/home/brown/Projects/MiningRobot/ros2_workspace/install/ouster_msgs/lib/libouster_msgs__rosidl_typesupport_c.so" to ""
-- Up-to-date: /home/brown/Projects/MiningRobot/ros2_workspace/install/ouster_msgs/include/ouster_msgs/ouster_msgs
-- Up-to-date: /home/brown/Projects/MiningRobot/ros2_workspace/install/ouster_msgs/include/ouster_msgs/ouster_msgs/srv
-- Up-to-date: /home/brown/Projects/MiningRobot/ros2_workspace/install/ouster_msgs/include/ouster_msgs/ouster_msgs/srv/detail
-- Up-to-date: /home/brown/Projects/MiningRobot/ros2_workspace/install/ouster_msgs/include/ouster_msgs/ouster_msgs/srv/detail/get_metadata__type_support.cpp
-- Up-to-date: /home/brown/Projects/MiningRobot/ros2_workspace/install/ouster_msgs/include/ouster_msgs/ouster_msgs/srv/detail/get_metadata__rosidl_typesupport_introspection_cpp.hpp
-- Up-to-date: /home/brown/Projects/MiningRobot/ros2_workspace/install/ouster_msgs/include/ouster_msgs/ouster_msgs/msg
-- Up-to-date: /home/brown/Projects/MiningRobot/ros2_workspace/install/ouster_msgs/include/ouster_msgs/ouster_msgs/msg/detail
-- Up-to-date: /home/brown/Projects/MiningRobot/ros2_workspace/install/ouster_msgs/include/ouster_msgs/ouster_msgs/msg/detail/metadata__type_support.cpp
-- Up-to-date: /home/brown/Projects/MiningRobot/ros2_workspace/install/ouster_msgs/include/ouster_msgs/ouster_msgs/msg/detail/metadata__rosidl_typesupport_introspection_cpp.hpp
-- Installing: /home/brown/Projects/MiningRobot/ros2_workspace/install/ouster_msgs/lib/libouster_msgs__rosidl_typesupport_introspection_cpp.so
-- Set runtime path of "/home/brown/Projects/MiningRobot/ros2_workspace/install/ouster_msgs/lib/libouster_msgs__rosidl_typesupport_introspection_cpp.so" to ""
-- Installing: /home/brown/Projects/MiningRobot/ros2_workspace/install/ouster_msgs/lib/libouster_msgs__rosidl_typesupport_cpp.so
-- Set runtime path of "/home/brown/Projects/MiningRobot/ros2_workspace/install/ouster_msgs/lib/libouster_msgs__rosidl_typesupport_cpp.so" to ""
-- Up-to-date: /home/brown/Projects/MiningRobot/ros2_workspace/install/ouster_msgs/share/ouster_msgs/environment/pythonpath.sh
-- Installing: /home/brown/Projects/MiningRobot/ros2_workspace/install/ouster_msgs/share/ouster_msgs/environment/pythonpath.dsv
-- Up-to-date: /home/brown/Projects/MiningRobot/ros2_workspace/install/ouster_msgs/lib/python3.11/site-packages/ouster_msgs-0.5.0-py3.11.egg-info
-- Installing: /home/brown/Projects/MiningRobot/ros2_workspace/install/ouster_msgs/lib/python3.11/site-packages/ouster_msgs-0.5.0-py3.11.egg-info/dependency_links.txt
-- Installing: /home/brown/Projects/MiningRobot/ros2_workspace/install/ouster_msgs/lib/python3.11/site-packages/ouster_msgs-0.5.0-py3.11.egg-info/top_level.txt
-- Installing: /home/brown/Projects/MiningRobot/ros2_workspace/install/ouster_msgs/lib/python3.11/site-packages/ouster_msgs-0.5.0-py3.11.egg-info/PKG-INFO
-- Installing: /home/brown/Projects/MiningRobot/ros2_workspace/install/ouster_msgs/lib/python3.11/site-packages/ouster_msgs-0.5.0-py3.11.egg-info/SOURCES.txt
-- Up-to-date: /home/brown/Projects/MiningRobot/ros2_workspace/install/ouster_msgs/lib/python3.11/site-packages/ouster_msgs
-- Installing: /home/brown/Projects/MiningRobot/ros2_workspace/install/ouster_msgs/lib/python3.11/site-packages/ouster_msgs/__init__.py
-- Installing: /home/brown/Projects/MiningRobot/ros2_workspace/install/ouster_msgs/lib/python3.11/site-packages/ouster_msgs/libouster_msgs__rosidl_generator_py.so
-- Up-to-date: /home/brown/Projects/MiningRobot/ros2_workspace/install/ouster_msgs/lib/python3.11/site-packages/ouster_msgs/_ouster_msgs_s.ep.rosidl_typesupport_introspection_c.c
-- Installing: /home/brown/Projects/MiningRobot/ros2_workspace/install/ouster_msgs/lib/python3.11/site-packages/ouster_msgs/_ouster_msgs_s.ep.rosidl_typesupport_c.c
-- Up-to-date: /home/brown/Projects/MiningRobot/ros2_workspace/install/ouster_msgs/lib/python3.11/site-packages/ouster_msgs/_ouster_msgs_s.ep.rosidl_typesupport_fastrtps_c.c
-- Up-to-date: /home/brown/Projects/MiningRobot/ros2_workspace/install/ouster_msgs/lib/python3.11/site-packages/ouster_msgs/srv
-- Up-to-date: /home/brown/Projects/MiningRobot/ros2_workspace/install/ouster_msgs/lib/python3.11/site-packages/ouster_msgs/srv/__init__.py
-- Up-to-date: /home/brown/Projects/MiningRobot/ros2_workspace/install/ouster_msgs/lib/python3.11/site-packages/ouster_msgs/srv/_get_metadata.py
-- Up-to-date: /home/brown/Projects/MiningRobot/ros2_workspace/install/ouster_msgs/lib/python3.11/site-packages/ouster_msgs/srv/_get_metadata_s.c
-- Up-to-date: /home/brown/Projects/MiningRobot/ros2_workspace/install/ouster_msgs/lib/python3.11/site-packages/ouster_msgs/msg
-- Up-to-date: /home/brown/Projects/MiningRobot/ros2_workspace/install/ouster_msgs/lib/python3.11/site-packages/ouster_msgs/msg/__init__.py
-- Up-to-date: /home/brown/Projects/MiningRobot/ros2_workspace/install/ouster_msgs/lib/python3.11/site-packages/ouster_msgs/msg/_metadata.py
-- Up-to-date: /home/brown/Projects/MiningRobot/ros2_workspace/install/ouster_msgs/lib/python3.11/site-packages/ouster_msgs/msg/_metadata_s.c
-- Installing: /home/brown/Projects/MiningRobot/ros2_workspace/install/ouster_msgs/lib/python3.11/site-packages/ouster_msgs/ouster_msgs_s__rosidl_typesupport_introspection_c.cpython-311-x86_64-linux-gnu.so
-- Installing: /home/brown/Projects/MiningRobot/ros2_workspace/install/ouster_msgs/lib/python3.11/site-packages/ouster_msgs/ouster_msgs_s__rosidl_typesupport_fastrtps_c.cpython-311-x86_64-linux-gnu.so
-- Installing: /home/brown/Projects/MiningRobot/ros2_workspace/install/ouster_msgs/lib/python3.11/site-packages/ouster_msgs/ouster_msgs_s__rosidl_typesupport_c.cpython-311-x86_64-linux-gnu.so
Listing '/home/brown/Projects/MiningRobot/ros2_workspace/install/ouster_msgs/lib/python3.11/site-packages/ouster_msgs'...
Compiling '/home/brown/Projects/MiningRobot/ros2_workspace/install/ouster_msgs/lib/python3.11/site-packages/ouster_msgs/__init__.py'...
Listing '/home/brown/Projects/MiningRobot/ros2_workspace/install/ouster_msgs/lib/python3.11/site-packages/ouster_msgs/msg'...
Compiling '/home/brown/Projects/MiningRobot/ros2_workspace/install/ouster_msgs/lib/python3.11/site-packages/ouster_msgs/msg/__init__.py'...
Compiling '/home/brown/Projects/MiningRobot/ros2_workspace/install/ouster_msgs/lib/python3.11/site-packages/ouster_msgs/msg/_metadata.py'...
Listing '/home/brown/Projects/MiningRobot/ros2_workspace/install/ouster_msgs/lib/python3.11/site-packages/ouster_msgs/srv'...
Compiling '/home/brown/Projects/MiningRobot/ros2_workspace/install/ouster_msgs/lib/python3.11/site-packages/ouster_msgs/srv/__init__.py'...
Compiling '/home/brown/Projects/MiningRobot/ros2_workspace/install/ouster_msgs/lib/python3.11/site-packages/ouster_msgs/srv/_get_metadata.py'...
-- Installing: /home/brown/Projects/MiningRobot/ros2_workspace/install/ouster_msgs/lib/python3.11/site-packages/ouster_msgs/ouster_msgs_s__rosidl_typesupport_fastrtps_c.cpython-311-x86_64-linux-gnu.so
-- Set runtime path of "/home/brown/Projects/MiningRobot/ros2_workspace/install/ouster_msgs/lib/python3.11/site-packages/ouster_msgs/ouster_msgs_s__rosidl_typesupport_fastrtps_c.cpython-311-x86_64-linux-gnu.so" to ""
-- Installing: /home/brown/Projects/MiningRobot/ros2_workspace/install/ouster_msgs/lib/python3.11/site-packages/ouster_msgs/ouster_msgs_s__rosidl_typesupport_introspection_c.cpython-311-x86_64-linux-gnu.so
-- Set runtime path of "/home/brown/Projects/MiningRobot/ros2_workspace/install/ouster_msgs/lib/python3.11/site-packages/ouster_msgs/ouster_msgs_s__rosidl_typesupport_introspection_c.cpython-311-x86_64-linux-gnu.so" to ""
-- Installing: /home/brown/Projects/MiningRobot/ros2_workspace/install/ouster_msgs/lib/python3.11/site-packages/ouster_msgs/ouster_msgs_s__rosidl_typesupport_c.cpython-311-x86_64-linux-gnu.so
-- Set runtime path of "/home/brown/Projects/MiningRobot/ros2_workspace/install/ouster_msgs/lib/python3.11/site-packages/ouster_msgs/ouster_msgs_s__rosidl_typesupport_c.cpython-311-x86_64-linux-gnu.so" to ""
-- Installing: /home/brown/Projects/MiningRobot/ros2_workspace/install/ouster_msgs/lib/libouster_msgs__rosidl_generator_py.so
-- Set runtime path of "/home/brown/Projects/MiningRobot/ros2_workspace/install/ouster_msgs/lib/libouster_msgs__rosidl_generator_py.so" to ""
-- Up-to-date: /home/brown/Projects/MiningRobot/ros2_workspace/install/ouster_msgs/share/ouster_msgs/srv/GetMetadata.idl
-- Up-to-date: /home/brown/Projects/MiningRobot/ros2_workspace/install/ouster_msgs/share/ouster_msgs/msg/Metadata.idl
-- Installing: /home/brown/Projects/MiningRobot/ros2_workspace/install/ouster_msgs/share/ouster_msgs/srv/GetMetadata.srv
-- Up-to-date: /home/brown/Projects/MiningRobot/ros2_workspace/install/ouster_msgs/share/ouster_msgs/srv/GetMetadata_Request.msg
-- Up-to-date: /home/brown/Projects/MiningRobot/ros2_workspace/install/ouster_msgs/share/ouster_msgs/srv/GetMetadata_Response.msg
-- Installing: /home/brown/Projects/MiningRobot/ros2_workspace/install/ouster_msgs/share/ouster_msgs/msg/Metadata.msg
-- Up-to-date: /home/brown/Projects/MiningRobot/ros2_workspace/install/ouster_msgs/share/ament_index/resource_index/package_run_dependencies/ouster_msgs
-- Installing: /home/brown/Projects/MiningRobot/ros2_workspace/install/ouster_msgs/share/ament_index/resource_index/parent_prefix_path/ouster_msgs
-- Installing: /home/brown/Projects/MiningRobot/ros2_workspace/install/ouster_msgs/share/ouster_msgs/environment/ament_prefix_path.sh
-- Installing: /home/brown/Projects/MiningRobot/ros2_workspace/install/ouster_msgs/share/ouster_msgs/environment/ament_prefix_path.dsv
-- Installing: /home/brown/Projects/MiningRobot/ros2_workspace/install/ouster_msgs/share/ouster_msgs/environment/path.sh
-- Installing: /home/brown/Projects/MiningRobot/ros2_workspace/install/ouster_msgs/share/ouster_msgs/environment/path.dsv
-- Up-to-date: /home/brown/Projects/MiningRobot/ros2_workspace/install/ouster_msgs/share/ouster_msgs/local_setup.bash
-- Up-to-date: /home/brown/Projects/MiningRobot/ros2_workspace/install/ouster_msgs/share/ouster_msgs/local_setup.sh
-- Up-to-date: /home/brown/Projects/MiningRobot/ros2_workspace/install/ouster_msgs/share/ouster_msgs/local_setup.zsh
-- Installing: /home/brown/Projects/MiningRobot/ros2_workspace/install/ouster_msgs/share/ouster_msgs/local_setup.dsv
-- Installing: /home/brown/Projects/MiningRobot/ros2_workspace/install/ouster_msgs/share/ouster_msgs/package.dsv
-- Up-to-date: /home/brown/Projects/MiningRobot/ros2_workspace/install/ouster_msgs/share/ament_index/resource_index/packages/ouster_msgs
-- Installing: /home/brown/Projects/MiningRobot/ros2_workspace/install/ouster_msgs/share/ouster_msgs/cmake/export_ouster_msgs__rosidl_generator_cExport.cmake
-- Installing: /home/brown/Projects/MiningRobot/ros2_workspace/install/ouster_msgs/share/ouster_msgs/cmake/export_ouster_msgs__rosidl_generator_cExport-noconfig.cmake
-- Installing: /home/brown/Projects/MiningRobot/ros2_workspace/install/ouster_msgs/share/ouster_msgs/cmake/export_ouster_msgs__rosidl_typesupport_fastrtps_cExport.cmake
-- Installing: /home/brown/Projects/MiningRobot/ros2_workspace/install/ouster_msgs/share/ouster_msgs/cmake/export_ouster_msgs__rosidl_typesupport_fastrtps_cExport-noconfig.cmake
-- Installing: /home/brown/Projects/MiningRobot/ros2_workspace/install/ouster_msgs/share/ouster_msgs/cmake/export_ouster_msgs__rosidl_generator_cppExport.cmake
-- Installing: /home/brown/Projects/MiningRobot/ros2_workspace/install/ouster_msgs/share/ouster_msgs/cmake/export_ouster_msgs__rosidl_typesupport_fastrtps_cppExport.cmake
-- Installing: /home/brown/Projects/MiningRobot/ros2_workspace/install/ouster_msgs/share/ouster_msgs/cmake/export_ouster_msgs__rosidl_typesupport_fastrtps_cppExport-noconfig.cmake
-- Installing: /home/brown/Projects/MiningRobot/ros2_workspace/install/ouster_msgs/share/ouster_msgs/cmake/ouster_msgs__rosidl_typesupport_introspection_cExport.cmake
-- Installing: /home/brown/Projects/MiningRobot/ros2_workspace/install/ouster_msgs/share/ouster_msgs/cmake/ouster_msgs__rosidl_typesupport_introspection_cExport-noconfig.cmake
-- Installing: /home/brown/Projects/MiningRobot/ros2_workspace/install/ouster_msgs/share/ouster_msgs/cmake/ouster_msgs__rosidl_typesupport_cExport.cmake
-- Installing: /home/brown/Projects/MiningRobot/ros2_workspace/install/ouster_msgs/share/ouster_msgs/cmake/ouster_msgs__rosidl_typesupport_cExport-noconfig.cmake
-- Installing: /home/brown/Projects/MiningRobot/ros2_workspace/install/ouster_msgs/share/ouster_msgs/cmake/ouster_msgs__rosidl_typesupport_introspection_cppExport.cmake
-- Installing: /home/brown/Projects/MiningRobot/ros2_workspace/install/ouster_msgs/share/ouster_msgs/cmake/ouster_msgs__rosidl_typesupport_introspection_cppExport-noconfig.cmake
-- Installing: /home/brown/Projects/MiningRobot/ros2_workspace/install/ouster_msgs/share/ouster_msgs/cmake/ouster_msgs__rosidl_typesupport_cppExport.cmake
-- Installing: /home/brown/Projects/MiningRobot/ros2_workspace/install/ouster_msgs/share/ouster_msgs/cmake/ouster_msgs__rosidl_typesupport_cppExport-noconfig.cmake
-- Installing: /home/brown/Projects/MiningRobot/ros2_workspace/install/ouster_msgs/share/ouster_msgs/cmake/export_ouster_msgs__rosidl_generator_pyExport.cmake
-- Installing: /home/brown/Projects/MiningRobot/ros2_workspace/install/ouster_msgs/share/ouster_msgs/cmake/export_ouster_msgs__rosidl_generator_pyExport-noconfig.cmake
-- Up-to-date: /home/brown/Projects/MiningRobot/ros2_workspace/install/ouster_msgs/share/ouster_msgs/cmake/rosidl_cmake-extras.cmake
-- Up-to-date: /home/brown/Projects/MiningRobot/ros2_workspace/install/ouster_msgs/share/ouster_msgs/cmake/ament_cmake_export_dependencies-extras.cmake
-- Up-to-date: /home/brown/Projects/MiningRobot/ros2_workspace/install/ouster_msgs/share/ouster_msgs/cmake/ament_cmake_export_include_directories-extras.cmake
-- Up-to-date: /home/brown/Projects/MiningRobot/ros2_workspace/install/ouster_msgs/share/ouster_msgs/cmake/ament_cmake_export_libraries-extras.cmake
-- Up-to-date: /home/brown/Projects/MiningRobot/ros2_workspace/install/ouster_msgs/share/ouster_msgs/cmake/ament_cmake_export_targets-extras.cmake
-- Up-to-date: /home/brown/Projects/MiningRobot/ros2_workspace/install/ouster_msgs/share/ouster_msgs/cmake/rosidl_cmake_export_typesupport_targets-extras.cmake
-- Up-to-date: /home/brown/Projects/MiningRobot/ros2_workspace/install/ouster_msgs/share/ouster_msgs/cmake/rosidl_cmake_export_typesupport_libraries-extras.cmake
-- Up-to-date: /home/brown/Projects/MiningRobot/ros2_workspace/install/ouster_msgs/share/ouster_msgs/cmake/ouster_msgsConfig.cmake
-- Up-to-date: /home/brown/Projects/MiningRobot/ros2_workspace/install/ouster_msgs/share/ouster_msgs/cmake/ouster_msgsConfig-version.cmake
-- Installing: /home/brown/Projects/MiningRobot/ros2_workspace/install/ouster_msgs/share/ouster_msgs/package.xml
