[0.141s] Invoking command in '/home/brown/Projects/MiningRobot/ros2_workspace/build/ouster_msgs': _=/usr/bin/env /usr/bin/cmake --build /home/brown/Projects/MiningRobot/ros2_workspace/build/ouster_msgs -- -j4 -l4
[0.223s] -- Found ament_cmake: 1.3.5 (/opt/ros/humble/share/ament_cmake/cmake)
[0.662s] -- Found builtin_interfaces: 1.2.1 (/opt/ros/humble/share/builtin_interfaces/cmake)
[0.715s] -- Found rosidl_generator_c: 3.1.5 (/opt/ros/humble/share/rosidl_generator_c/cmake)
[0.720s] -- Found rosidl_adapter: 3.1.5 (/opt/ros/humble/share/rosidl_adapter/cmake)
[0.730s] -- Found rosidl_generator_cpp: 3.1.5 (/opt/ros/humble/share/rosidl_generator_cpp/cmake)
[0.753s] -- Using all available rosidl_typesupport_c: rosidl_typesupport_fastrtps_c;rosidl_typesupport_introspection_c
[0.783s] -- Using all available rosidl_typesupport_cpp: rosidl_typesupport_fastrtps_cpp;rosidl_typesupport_introspection_cpp
[0.809s] -- Found rosidl_default_generators: 1.2.0 (/opt/ros/humble/share/rosidl_default_generators/cmake)
[0.821s] -- Found std_msgs: 4.2.3 (/opt/ros/humble/share/std_msgs/cmake)
[1.654s] -- Found ament_cmake_ros: 0.10.0 (/opt/ros/humble/share/ament_cmake_ros/cmake)
[2.886s] -- Using all available rosidl_typesupport_c: rosidl_typesupport_fastrtps_c;rosidl_typesupport_introspection_c
[3.408s] -- Using all available rosidl_typesupport_cpp: rosidl_typesupport_fastrtps_cpp;rosidl_typesupport_introspection_cpp
[3.411s] [33mCMake Warning (dev) at /opt/ros/humble/share/rosidl_generator_py/cmake/rosidl_generator_py_generate_interfaces.cmake:20 (find_package):
[3.411s]   Policy CMP0148 is not set: The FindPythonInterp and FindPythonLibs modules
[3.411s]   are removed.  Run "cmake --help-policy CMP0148" for policy details.  Use
[3.411s]   the cmake_policy command to set the policy and suppress this warning.
[3.411s] 
[3.412s] Call Stack (most recent call first):
[3.412s]   /opt/ros/humble/share/ament_cmake_core/cmake/core/ament_execute_extensions.cmake:48 (include)
[3.412s]   /opt/ros/humble/share/rosidl_cmake/cmake/rosidl_generate_interfaces.cmake:286 (ament_execute_extensions)
[3.412s]   CMakeLists.txt:9 (rosidl_generate_interfaces)
[3.412s] This warning is for project developers.  Use -Wno-dev to suppress it.
[3.412s] [0m
[3.441s] -- Found python_cmake_module: 0.10.0 (/opt/ros/humble/share/python_cmake_module/cmake)
[3.442s] [33mCMake Warning (dev) at /opt/ros/humble/share/python_cmake_module/cmake/Modules/FindPythonExtra.cmake:52 (find_package):
[3.443s]   Policy CMP0148 is not set: The FindPythonInterp and FindPythonLibs modules
[3.443s]   are removed.  Run "cmake --help-policy CMP0148" for policy details.  Use
[3.443s]   the cmake_policy command to set the policy and suppress this warning.
[3.443s] 
[3.443s] Call Stack (most recent call first):
[3.443s]   /opt/ros/humble/share/rosidl_generator_py/cmake/rosidl_generator_py_generate_interfaces.cmake:23 (find_package)
[3.444s]   /opt/ros/humble/share/ament_cmake_core/cmake/core/ament_execute_extensions.cmake:48 (include)
[3.444s]   /opt/ros/humble/share/rosidl_cmake/cmake/rosidl_generate_interfaces.cmake:286 (ament_execute_extensions)
[3.444s]   CMakeLists.txt:9 (rosidl_generate_interfaces)
[3.444s] This warning is for project developers.  Use -Wno-dev to suppress it.
[3.444s] [0m
[3.478s] [33mCMake Warning (dev) at /opt/ros/humble/share/python_cmake_module/cmake/Modules/FindPythonExtra.cmake:140 (find_package):
[3.478s]   Policy CMP0148 is not set: The FindPythonInterp and FindPythonLibs modules
[3.478s]   are removed.  Run "cmake --help-policy CMP0148" for policy details.  Use
[3.479s]   the cmake_policy command to set the policy and suppress this warning.
[3.479s] 
[3.479s] Call Stack (most recent call first):
[3.479s]   /opt/ros/humble/share/rosidl_generator_py/cmake/rosidl_generator_py_generate_interfaces.cmake:23 (find_package)
[3.479s]   /opt/ros/humble/share/ament_cmake_core/cmake/core/ament_execute_extensions.cmake:48 (include)
[3.479s]   /opt/ros/humble/share/rosidl_cmake/cmake/rosidl_generate_interfaces.cmake:286 (ament_execute_extensions)
[3.480s]   CMakeLists.txt:9 (rosidl_generate_interfaces)
[3.480s] This warning is for project developers.  Use -Wno-dev to suppress it.
[3.480s] [0m
[3.483s] -- Using PYTHON_EXECUTABLE: /usr/bin/python3
[3.483s] -- Using PYTHON_INCLUDE_DIRS: /usr/include/python3.11
[3.483s] -- Using PYTHON_LIBRARIES: /usr/lib/libpython3.11.so
[3.817s] -- Using numpy include directory: /usr/lib/python3.11/site-packages/numpy/core/include
[3.850s] -- Configuring done (3.6s)
[3.925s] -- Generating done (0.1s)
[3.930s] -- Build files have been written to: /home/brown/Projects/MiningRobot/ros2_workspace/build/ouster_msgs
[4.007s] [  2%] Built target ouster_msgs__cpp
[4.025s] [  7%] [32mBuilding C object CMakeFiles/ouster_msgs__rosidl_generator_c.dir/rosidl_generator_c/ouster_msgs/msg/detail/metadata__functions.c.o[0m
[4.026s] [  7%] [32mBuilding C object CMakeFiles/ouster_msgs__rosidl_generator_c.dir/rosidl_generator_c/ouster_msgs/srv/detail/get_metadata__functions.c.o[0m
[4.081s] [  7%] Built target ament_cmake_python_copy_ouster_msgs
[4.213s] [ 10%] [32m[1mLinking C shared library libouster_msgs__rosidl_generator_c.so[0m
[4.254s] [ 12%] [32mBuilding CXX object CMakeFiles/ouster_msgs__rosidl_typesupport_fastrtps_cpp.dir/rosidl_typesupport_fastrtps_cpp/ouster_msgs/srv/detail/dds_fastrtps/get_metadata__type_support.cpp.o[0m
[4.310s] [ 15%] Built target ouster_msgs__rosidl_generator_c
[4.347s] [ 17%] [32mBuilding CXX object CMakeFiles/ouster_msgs__rosidl_typesupport_fastrtps_cpp.dir/rosidl_typesupport_fastrtps_cpp/ouster_msgs/msg/detail/dds_fastrtps/metadata__type_support.cpp.o[0m
[4.349s] [ 20%] [32mBuilding CXX object CMakeFiles/ouster_msgs__rosidl_typesupport_introspection_cpp.dir/rosidl_typesupport_introspection_cpp/ouster_msgs/srv/detail/get_metadata__type_support.cpp.o[0m
[4.352s] [ 23%] [32mBuilding CXX object CMakeFiles/ouster_msgs__rosidl_typesupport_cpp.dir/rosidl_typesupport_cpp/ouster_msgs/srv/get_metadata__type_support.cpp.o[0m
[5.797s] [ 25%] [32mBuilding CXX object CMakeFiles/ouster_msgs__rosidl_typesupport_cpp.dir/rosidl_typesupport_cpp/ouster_msgs/msg/metadata__type_support.cpp.o[0m
[5.837s] [ 28%] [32mBuilding CXX object CMakeFiles/ouster_msgs__rosidl_typesupport_introspection_cpp.dir/rosidl_typesupport_introspection_cpp/ouster_msgs/msg/detail/metadata__type_support.cpp.o[0m
[6.408s] [ 30%] [32m[1mLinking CXX shared library libouster_msgs__rosidl_typesupport_fastrtps_cpp.so[0m
[6.673s] [ 33%] Built target ouster_msgs__rosidl_typesupport_fastrtps_cpp
[6.775s] [ 35%] [32m[1mLinking CXX shared library libouster_msgs__rosidl_typesupport_cpp.so[0m
[6.945s] [ 38%] Built target ouster_msgs__rosidl_typesupport_cpp
[6.974s] [ 41%] [32m[1mLinking CXX shared library libouster_msgs__rosidl_typesupport_introspection_cpp.so[0m
[7.093s] [ 43%] Built target ouster_msgs__rosidl_typesupport_introspection_cpp
[7.118s] [ 46%] [32mBuilding CXX object CMakeFiles/ouster_msgs__rosidl_typesupport_c.dir/rosidl_typesupport_c/ouster_msgs/srv/get_metadata__type_support.cpp.o[0m
[7.131s] [ 48%] [32mBuilding C object CMakeFiles/ouster_msgs__rosidl_typesupport_introspection_c.dir/rosidl_typesupport_introspection_c/ouster_msgs/srv/detail/get_metadata__type_support.c.o[0m
[7.196s] [ 51%] [32mBuilding CXX object CMakeFiles/ouster_msgs__rosidl_typesupport_c.dir/rosidl_typesupport_c/ouster_msgs/msg/metadata__type_support.cpp.o[0m
[7.199s] [ 53%] [32mBuilding C object CMakeFiles/ouster_msgs__rosidl_typesupport_introspection_c.dir/rosidl_typesupport_introspection_c/ouster_msgs/msg/detail/metadata__type_support.c.o[0m
[7.272s] [ 56%] [32m[1mLinking CXX shared library libouster_msgs__rosidl_typesupport_c.so[0m
[7.318s] [ 58%] [32m[1mLinking C shared library libouster_msgs__rosidl_typesupport_introspection_c.so[0m
[7.410s] [ 61%] Built target ouster_msgs__rosidl_typesupport_introspection_c
[7.437s] [ 64%] Built target ouster_msgs__rosidl_typesupport_c
[7.513s] [ 66%] [32mBuilding CXX object CMakeFiles/ouster_msgs__rosidl_typesupport_fastrtps_c.dir/rosidl_typesupport_fastrtps_c/ouster_msgs/srv/detail/get_metadata__type_support_c.cpp.o[0m
[8.568s] [ 69%] [32mBuilding CXX object CMakeFiles/ouster_msgs__rosidl_typesupport_fastrtps_c.dir/rosidl_typesupport_fastrtps_c/ouster_msgs/msg/detail/metadata__type_support_c.cpp.o[0m
[9.821s] [ 71%] [32m[1mLinking CXX shared library libouster_msgs__rosidl_typesupport_fastrtps_c.so[0m
[10.007s] [ 74%] Built target ouster_msgs__rosidl_typesupport_fastrtps_c
[10.627s] running egg_info
[10.706s] writing ouster_msgs.egg-info/PKG-INFO
[10.707s] writing dependency_links to ouster_msgs.egg-info/dependency_links.txt
[10.707s] writing top-level names to ouster_msgs.egg-info/top_level.txt
[10.895s] reading manifest file 'ouster_msgs.egg-info/SOURCES.txt'
[10.896s] writing manifest file 'ouster_msgs.egg-info/SOURCES.txt'
[10.995s] [ 74%] Built target ament_cmake_python_build_ouster_msgs_egg
[11.053s] [ 74%] Built target ouster_msgs
[11.125s] [ 76%] Built target ouster_msgs__py
[11.197s] [ 79%] [32mBuilding C object CMakeFiles/ouster_msgs__rosidl_generator_py.dir/rosidl_generator_py/ouster_msgs/srv/_get_metadata_s.c.o[0m
[11.751s] [ 82%] [32mBuilding C object CMakeFiles/ouster_msgs__rosidl_generator_py.dir/rosidl_generator_py/ouster_msgs/msg/_metadata_s.c.o[0m
[12.245s] [ 84%] [32m[1mLinking C shared library rosidl_generator_py/ouster_msgs/libouster_msgs__rosidl_generator_py.so[0m
[12.340s] [ 84%] Built target ouster_msgs__rosidl_generator_py
[12.405s] [ 87%] [32mBuilding C object CMakeFiles/ouster_msgs__rosidl_typesupport_fastrtps_c__pyext.dir/rosidl_generator_py/ouster_msgs/_ouster_msgs_s.ep.rosidl_typesupport_fastrtps_c.c.o[0m
[12.772s] [ 89%] [32m[1mLinking C shared library rosidl_generator_py/ouster_msgs/ouster_msgs_s__rosidl_typesupport_fastrtps_c.cpython-311-x86_64-linux-gnu.so[0m
[12.878s] [ 89%] Built target ouster_msgs__rosidl_typesupport_fastrtps_c__pyext
[12.940s] [ 92%] [32mBuilding C object CMakeFiles/ouster_msgs__rosidl_typesupport_c__pyext.dir/rosidl_generator_py/ouster_msgs/_ouster_msgs_s.ep.rosidl_typesupport_c.c.o[0m
[13.285s] [ 94%] [32m[1mLinking C shared library rosidl_generator_py/ouster_msgs/ouster_msgs_s__rosidl_typesupport_c.cpython-311-x86_64-linux-gnu.so[0m
[13.390s] [ 94%] Built target ouster_msgs__rosidl_typesupport_c__pyext
[13.446s] [ 97%] [32mBuilding C object CMakeFiles/ouster_msgs__rosidl_typesupport_introspection_c__pyext.dir/rosidl_generator_py/ouster_msgs/_ouster_msgs_s.ep.rosidl_typesupport_introspection_c.c.o[0m
[13.740s] [100%] [32m[1mLinking C shared library rosidl_generator_py/ouster_msgs/ouster_msgs_s__rosidl_typesupport_introspection_c.cpython-311-x86_64-linux-gnu.so[0m
[13.839s] [100%] Built target ouster_msgs__rosidl_typesupport_introspection_c__pyext
[13.854s] Invoked command in '/home/brown/Projects/MiningRobot/ros2_workspace/build/ouster_msgs' returned '0': _=/usr/bin/env /usr/bin/cmake --build /home/brown/Projects/MiningRobot/ros2_workspace/build/ouster_msgs -- -j4 -l4
[14.365s] Invoking command in '/home/brown/Projects/MiningRobot/ros2_workspace/build/ouster_msgs': _=/usr/bin/env /usr/bin/cmake --install /home/brown/Projects/MiningRobot/ros2_workspace/build/ouster_msgs
[14.377s] -- Install configuration: ""
[14.378s] -- Up-to-date: /home/brown/Projects/MiningRobot/ros2_workspace/install/ouster_msgs/share/ament_index/resource_index/rosidl_interfaces/ouster_msgs
[14.378s] -- Up-to-date: /home/brown/Projects/MiningRobot/ros2_workspace/install/ouster_msgs/include/ouster_msgs/ouster_msgs
[14.379s] -- Up-to-date: /home/brown/Projects/MiningRobot/ros2_workspace/install/ouster_msgs/include/ouster_msgs/ouster_msgs/srv
[14.379s] -- Up-to-date: /home/brown/Projects/MiningRobot/ros2_workspace/install/ouster_msgs/include/ouster_msgs/ouster_msgs/srv/detail
[14.380s] -- Up-to-date: /home/brown/Projects/MiningRobot/ros2_workspace/install/ouster_msgs/include/ouster_msgs/ouster_msgs/srv/detail/get_metadata__type_support.h
[14.380s] -- Up-to-date: /home/brown/Projects/MiningRobot/ros2_workspace/install/ouster_msgs/include/ouster_msgs/ouster_msgs/srv/detail/get_metadata__functions.h
[14.381s] -- Up-to-date: /home/brown/Projects/MiningRobot/ros2_workspace/install/ouster_msgs/include/ouster_msgs/ouster_msgs/srv/detail/get_metadata__functions.c
[14.381s] -- Up-to-date: /home/brown/Projects/MiningRobot/ros2_workspace/install/ouster_msgs/include/ouster_msgs/ouster_msgs/srv/detail/get_metadata__struct.h
[14.381s] -- Up-to-date: /home/brown/Projects/MiningRobot/ros2_workspace/install/ouster_msgs/include/ouster_msgs/ouster_msgs/srv/get_metadata.h
[14.381s] -- Up-to-date: /home/brown/Projects/MiningRobot/ros2_workspace/install/ouster_msgs/include/ouster_msgs/ouster_msgs/msg
[14.381s] -- Up-to-date: /home/brown/Projects/MiningRobot/ros2_workspace/install/ouster_msgs/include/ouster_msgs/ouster_msgs/msg/detail
[14.381s] -- Installing: /home/brown/Projects/MiningRobot/ros2_workspace/install/ouster_msgs/include/ouster_msgs/ouster_msgs/msg/detail/metadata__functions.h
[14.381s] -- Up-to-date: /home/brown/Projects/MiningRobot/ros2_workspace/install/ouster_msgs/include/ouster_msgs/ouster_msgs/msg/detail/metadata__struct.h
[14.382s] -- Up-to-date: /home/brown/Projects/MiningRobot/ros2_workspace/install/ouster_msgs/include/ouster_msgs/ouster_msgs/msg/detail/metadata__type_support.h
[14.382s] -- Installing: /home/brown/Projects/MiningRobot/ros2_workspace/install/ouster_msgs/include/ouster_msgs/ouster_msgs/msg/detail/metadata__functions.c
[14.382s] -- Up-to-date: /home/brown/Projects/MiningRobot/ros2_workspace/install/ouster_msgs/include/ouster_msgs/ouster_msgs/msg/metadata.h
[14.382s] -- Up-to-date: /home/brown/Projects/MiningRobot/ros2_workspace/install/ouster_msgs/include/ouster_msgs/ouster_msgs/msg/rosidl_generator_c__visibility_control.h
[14.382s] -- Installing: /home/brown/Projects/MiningRobot/ros2_workspace/install/ouster_msgs/share/ouster_msgs/environment/library_path.sh
[14.382s] -- Installing: /home/brown/Projects/MiningRobot/ros2_workspace/install/ouster_msgs/share/ouster_msgs/environment/library_path.dsv
[14.383s] -- Installing: /home/brown/Projects/MiningRobot/ros2_workspace/install/ouster_msgs/lib/libouster_msgs__rosidl_generator_c.so
[14.384s] -- Set runtime path of "/home/brown/Projects/MiningRobot/ros2_workspace/install/ouster_msgs/lib/libouster_msgs__rosidl_generator_c.so" to ""
[14.385s] -- Up-to-date: /home/brown/Projects/MiningRobot/ros2_workspace/install/ouster_msgs/include/ouster_msgs/ouster_msgs
[14.385s] -- Up-to-date: /home/brown/Projects/MiningRobot/ros2_workspace/install/ouster_msgs/include/ouster_msgs/ouster_msgs/srv
[14.385s] -- Up-to-date: /home/brown/Projects/MiningRobot/ros2_workspace/install/ouster_msgs/include/ouster_msgs/ouster_msgs/srv/detail
[14.385s] -- Up-to-date: /home/brown/Projects/MiningRobot/ros2_workspace/install/ouster_msgs/include/ouster_msgs/ouster_msgs/srv/detail/get_metadata__rosidl_typesupport_fastrtps_c.h
[14.385s] -- Up-to-date: /home/brown/Projects/MiningRobot/ros2_workspace/install/ouster_msgs/include/ouster_msgs/ouster_msgs/msg
[14.385s] -- Up-to-date: /home/brown/Projects/MiningRobot/ros2_workspace/install/ouster_msgs/include/ouster_msgs/ouster_msgs/msg/detail
[14.386s] -- Installing: /home/brown/Projects/MiningRobot/ros2_workspace/install/ouster_msgs/include/ouster_msgs/ouster_msgs/msg/detail/metadata__rosidl_typesupport_fastrtps_c.h
[14.386s] -- Up-to-date: /home/brown/Projects/MiningRobot/ros2_workspace/install/ouster_msgs/include/ouster_msgs/ouster_msgs/msg/rosidl_typesupport_fastrtps_c__visibility_control.h
[14.386s] -- Installing: /home/brown/Projects/MiningRobot/ros2_workspace/install/ouster_msgs/lib/libouster_msgs__rosidl_typesupport_fastrtps_c.so
[14.387s] -- Set runtime path of "/home/brown/Projects/MiningRobot/ros2_workspace/install/ouster_msgs/lib/libouster_msgs__rosidl_typesupport_fastrtps_c.so" to ""
[14.387s] -- Up-to-date: /home/brown/Projects/MiningRobot/ros2_workspace/install/ouster_msgs/include/ouster_msgs/ouster_msgs
[14.388s] -- Up-to-date: /home/brown/Projects/MiningRobot/ros2_workspace/install/ouster_msgs/include/ouster_msgs/ouster_msgs/srv
[14.388s] -- Up-to-date: /home/brown/Projects/MiningRobot/ros2_workspace/install/ouster_msgs/include/ouster_msgs/ouster_msgs/srv/detail
[14.388s] -- Up-to-date: /home/brown/Projects/MiningRobot/ros2_workspace/install/ouster_msgs/include/ouster_msgs/ouster_msgs/srv/detail/get_metadata__builder.hpp
[14.389s] -- Up-to-date: /home/brown/Projects/MiningRobot/ros2_workspace/install/ouster_msgs/include/ouster_msgs/ouster_msgs/srv/detail/get_metadata__struct.hpp
[14.389s] -- Up-to-date: /home/brown/Projects/MiningRobot/ros2_workspace/install/ouster_msgs/include/ouster_msgs/ouster_msgs/srv/detail/get_metadata__traits.hpp
[14.389s] -- Up-to-date: /home/brown/Projects/MiningRobot/ros2_workspace/install/ouster_msgs/include/ouster_msgs/ouster_msgs/srv/get_metadata.hpp
[14.389s] -- Up-to-date: /home/brown/Projects/MiningRobot/ros2_workspace/install/ouster_msgs/include/ouster_msgs/ouster_msgs/msg
[14.389s] -- Up-to-date: /home/brown/Projects/MiningRobot/ros2_workspace/install/ouster_msgs/include/ouster_msgs/ouster_msgs/msg/detail
[14.389s] -- Up-to-date: /home/brown/Projects/MiningRobot/ros2_workspace/install/ouster_msgs/include/ouster_msgs/ouster_msgs/msg/detail/metadata__struct.hpp
[14.390s] -- Up-to-date: /home/brown/Projects/MiningRobot/ros2_workspace/install/ouster_msgs/include/ouster_msgs/ouster_msgs/msg/detail/metadata__builder.hpp
[14.390s] -- Up-to-date: /home/brown/Projects/MiningRobot/ros2_workspace/install/ouster_msgs/include/ouster_msgs/ouster_msgs/msg/detail/metadata__traits.hpp
[14.390s] -- Up-to-date: /home/brown/Projects/MiningRobot/ros2_workspace/install/ouster_msgs/include/ouster_msgs/ouster_msgs/msg/metadata.hpp
[14.390s] -- Up-to-date: /home/brown/Projects/MiningRobot/ros2_workspace/install/ouster_msgs/include/ouster_msgs/ouster_msgs
[14.390s] -- Up-to-date: /home/brown/Projects/MiningRobot/ros2_workspace/install/ouster_msgs/include/ouster_msgs/ouster_msgs/srv
[14.391s] -- Up-to-date: /home/brown/Projects/MiningRobot/ros2_workspace/install/ouster_msgs/include/ouster_msgs/ouster_msgs/srv/detail
[14.391s] -- Up-to-date: /home/brown/Projects/MiningRobot/ros2_workspace/install/ouster_msgs/include/ouster_msgs/ouster_msgs/srv/detail/dds_fastrtps
[14.391s] -- Up-to-date: /home/brown/Projects/MiningRobot/ros2_workspace/install/ouster_msgs/include/ouster_msgs/ouster_msgs/srv/detail/get_metadata__rosidl_typesupport_fastrtps_cpp.hpp
[14.391s] -- Up-to-date: /home/brown/Projects/MiningRobot/ros2_workspace/install/ouster_msgs/include/ouster_msgs/ouster_msgs/msg
[14.392s] -- Up-to-date: /home/brown/Projects/MiningRobot/ros2_workspace/install/ouster_msgs/include/ouster_msgs/ouster_msgs/msg/detail
[14.392s] -- Up-to-date: /home/brown/Projects/MiningRobot/ros2_workspace/install/ouster_msgs/include/ouster_msgs/ouster_msgs/msg/detail/metadata__rosidl_typesupport_fastrtps_cpp.hpp
[14.392s] -- Up-to-date: /home/brown/Projects/MiningRobot/ros2_workspace/install/ouster_msgs/include/ouster_msgs/ouster_msgs/msg/detail/dds_fastrtps
[14.392s] -- Up-to-date: /home/brown/Projects/MiningRobot/ros2_workspace/install/ouster_msgs/include/ouster_msgs/ouster_msgs/msg/rosidl_typesupport_fastrtps_cpp__visibility_control.h
[14.392s] -- Installing: /home/brown/Projects/MiningRobot/ros2_workspace/install/ouster_msgs/lib/libouster_msgs__rosidl_typesupport_fastrtps_cpp.so
[14.392s] -- Set runtime path of "/home/brown/Projects/MiningRobot/ros2_workspace/install/ouster_msgs/lib/libouster_msgs__rosidl_typesupport_fastrtps_cpp.so" to ""
[14.392s] -- Up-to-date: /home/brown/Projects/MiningRobot/ros2_workspace/install/ouster_msgs/include/ouster_msgs/ouster_msgs
[14.392s] -- Up-to-date: /home/brown/Projects/MiningRobot/ros2_workspace/install/ouster_msgs/include/ouster_msgs/ouster_msgs/srv
[14.393s] -- Up-to-date: /home/brown/Projects/MiningRobot/ros2_workspace/install/ouster_msgs/include/ouster_msgs/ouster_msgs/srv/detail
[14.393s] -- Up-to-date: /home/brown/Projects/MiningRobot/ros2_workspace/install/ouster_msgs/include/ouster_msgs/ouster_msgs/srv/detail/get_metadata__type_support.c
[14.393s] -- Up-to-date: /home/brown/Projects/MiningRobot/ros2_workspace/install/ouster_msgs/include/ouster_msgs/ouster_msgs/srv/detail/get_metadata__rosidl_typesupport_introspection_c.h
[14.393s] -- Up-to-date: /home/brown/Projects/MiningRobot/ros2_workspace/install/ouster_msgs/include/ouster_msgs/ouster_msgs/msg
[14.393s] -- Up-to-date: /home/brown/Projects/MiningRobot/ros2_workspace/install/ouster_msgs/include/ouster_msgs/ouster_msgs/msg/rosidl_typesupport_introspection_c__visibility_control.h
[14.394s] -- Up-to-date: /home/brown/Projects/MiningRobot/ros2_workspace/install/ouster_msgs/include/ouster_msgs/ouster_msgs/msg/detail
[14.394s] -- Up-to-date: /home/brown/Projects/MiningRobot/ros2_workspace/install/ouster_msgs/include/ouster_msgs/ouster_msgs/msg/detail/metadata__type_support.c
[14.394s] -- Up-to-date: /home/brown/Projects/MiningRobot/ros2_workspace/install/ouster_msgs/include/ouster_msgs/ouster_msgs/msg/detail/metadata__rosidl_typesupport_introspection_c.h
[14.394s] -- Installing: /home/brown/Projects/MiningRobot/ros2_workspace/install/ouster_msgs/lib/libouster_msgs__rosidl_typesupport_introspection_c.so
[14.394s] -- Set runtime path of "/home/brown/Projects/MiningRobot/ros2_workspace/install/ouster_msgs/lib/libouster_msgs__rosidl_typesupport_introspection_c.so" to ""
[14.395s] -- Installing: /home/brown/Projects/MiningRobot/ros2_workspace/install/ouster_msgs/lib/libouster_msgs__rosidl_typesupport_c.so
[14.395s] -- Set runtime path of "/home/brown/Projects/MiningRobot/ros2_workspace/install/ouster_msgs/lib/libouster_msgs__rosidl_typesupport_c.so" to ""
[14.395s] -- Up-to-date: /home/brown/Projects/MiningRobot/ros2_workspace/install/ouster_msgs/include/ouster_msgs/ouster_msgs
[14.395s] -- Up-to-date: /home/brown/Projects/MiningRobot/ros2_workspace/install/ouster_msgs/include/ouster_msgs/ouster_msgs/srv
[14.395s] -- Up-to-date: /home/brown/Projects/MiningRobot/ros2_workspace/install/ouster_msgs/include/ouster_msgs/ouster_msgs/srv/detail
[14.396s] -- Up-to-date: /home/brown/Projects/MiningRobot/ros2_workspace/install/ouster_msgs/include/ouster_msgs/ouster_msgs/srv/detail/get_metadata__type_support.cpp
[14.396s] -- Up-to-date: /home/brown/Projects/MiningRobot/ros2_workspace/install/ouster_msgs/include/ouster_msgs/ouster_msgs/srv/detail/get_metadata__rosidl_typesupport_introspection_cpp.hpp
[14.396s] -- Up-to-date: /home/brown/Projects/MiningRobot/ros2_workspace/install/ouster_msgs/include/ouster_msgs/ouster_msgs/msg
[14.396s] -- Up-to-date: /home/brown/Projects/MiningRobot/ros2_workspace/install/ouster_msgs/include/ouster_msgs/ouster_msgs/msg/detail
[14.396s] -- Up-to-date: /home/brown/Projects/MiningRobot/ros2_workspace/install/ouster_msgs/include/ouster_msgs/ouster_msgs/msg/detail/metadata__type_support.cpp
[14.396s] -- Up-to-date: /home/brown/Projects/MiningRobot/ros2_workspace/install/ouster_msgs/include/ouster_msgs/ouster_msgs/msg/detail/metadata__rosidl_typesupport_introspection_cpp.hpp
[14.397s] -- Installing: /home/brown/Projects/MiningRobot/ros2_workspace/install/ouster_msgs/lib/libouster_msgs__rosidl_typesupport_introspection_cpp.so
[14.397s] -- Set runtime path of "/home/brown/Projects/MiningRobot/ros2_workspace/install/ouster_msgs/lib/libouster_msgs__rosidl_typesupport_introspection_cpp.so" to ""
[14.397s] -- Installing: /home/brown/Projects/MiningRobot/ros2_workspace/install/ouster_msgs/lib/libouster_msgs__rosidl_typesupport_cpp.so
[14.398s] -- Set runtime path of "/home/brown/Projects/MiningRobot/ros2_workspace/install/ouster_msgs/lib/libouster_msgs__rosidl_typesupport_cpp.so" to ""
[14.398s] -- Up-to-date: /home/brown/Projects/MiningRobot/ros2_workspace/install/ouster_msgs/share/ouster_msgs/environment/pythonpath.sh
[14.399s] -- Installing: /home/brown/Projects/MiningRobot/ros2_workspace/install/ouster_msgs/share/ouster_msgs/environment/pythonpath.dsv
[14.399s] -- Up-to-date: /home/brown/Projects/MiningRobot/ros2_workspace/install/ouster_msgs/lib/python3.11/site-packages/ouster_msgs-0.5.0-py3.11.egg-info
[14.399s] -- Installing: /home/brown/Projects/MiningRobot/ros2_workspace/install/ouster_msgs/lib/python3.11/site-packages/ouster_msgs-0.5.0-py3.11.egg-info/dependency_links.txt
[14.399s] -- Installing: /home/brown/Projects/MiningRobot/ros2_workspace/install/ouster_msgs/lib/python3.11/site-packages/ouster_msgs-0.5.0-py3.11.egg-info/top_level.txt
[14.400s] -- Installing: /home/brown/Projects/MiningRobot/ros2_workspace/install/ouster_msgs/lib/python3.11/site-packages/ouster_msgs-0.5.0-py3.11.egg-info/PKG-INFO
[14.400s] -- Installing: /home/brown/Projects/MiningRobot/ros2_workspace/install/ouster_msgs/lib/python3.11/site-packages/ouster_msgs-0.5.0-py3.11.egg-info/SOURCES.txt
[14.400s] -- Up-to-date: /home/brown/Projects/MiningRobot/ros2_workspace/install/ouster_msgs/lib/python3.11/site-packages/ouster_msgs
[14.400s] -- Installing: /home/brown/Projects/MiningRobot/ros2_workspace/install/ouster_msgs/lib/python3.11/site-packages/ouster_msgs/__init__.py
[14.400s] -- Installing: /home/brown/Projects/MiningRobot/ros2_workspace/install/ouster_msgs/lib/python3.11/site-packages/ouster_msgs/libouster_msgs__rosidl_generator_py.so
[14.401s] -- Up-to-date: /home/brown/Projects/MiningRobot/ros2_workspace/install/ouster_msgs/lib/python3.11/site-packages/ouster_msgs/_ouster_msgs_s.ep.rosidl_typesupport_introspection_c.c
[14.401s] -- Installing: /home/brown/Projects/MiningRobot/ros2_workspace/install/ouster_msgs/lib/python3.11/site-packages/ouster_msgs/_ouster_msgs_s.ep.rosidl_typesupport_c.c
[14.402s] -- Up-to-date: /home/brown/Projects/MiningRobot/ros2_workspace/install/ouster_msgs/lib/python3.11/site-packages/ouster_msgs/_ouster_msgs_s.ep.rosidl_typesupport_fastrtps_c.c
[14.402s] -- Up-to-date: /home/brown/Projects/MiningRobot/ros2_workspace/install/ouster_msgs/lib/python3.11/site-packages/ouster_msgs/srv
[14.402s] -- Up-to-date: /home/brown/Projects/MiningRobot/ros2_workspace/install/ouster_msgs/lib/python3.11/site-packages/ouster_msgs/srv/__init__.py
[14.402s] -- Up-to-date: /home/brown/Projects/MiningRobot/ros2_workspace/install/ouster_msgs/lib/python3.11/site-packages/ouster_msgs/srv/_get_metadata.py
[14.402s] -- Up-to-date: /home/brown/Projects/MiningRobot/ros2_workspace/install/ouster_msgs/lib/python3.11/site-packages/ouster_msgs/srv/_get_metadata_s.c
[14.402s] -- Up-to-date: /home/brown/Projects/MiningRobot/ros2_workspace/install/ouster_msgs/lib/python3.11/site-packages/ouster_msgs/msg
[14.403s] -- Up-to-date: /home/brown/Projects/MiningRobot/ros2_workspace/install/ouster_msgs/lib/python3.11/site-packages/ouster_msgs/msg/__init__.py
[14.403s] -- Up-to-date: /home/brown/Projects/MiningRobot/ros2_workspace/install/ouster_msgs/lib/python3.11/site-packages/ouster_msgs/msg/_metadata.py
[14.403s] -- Up-to-date: /home/brown/Projects/MiningRobot/ros2_workspace/install/ouster_msgs/lib/python3.11/site-packages/ouster_msgs/msg/_metadata_s.c
[14.403s] -- Installing: /home/brown/Projects/MiningRobot/ros2_workspace/install/ouster_msgs/lib/python3.11/site-packages/ouster_msgs/ouster_msgs_s__rosidl_typesupport_introspection_c.cpython-311-x86_64-linux-gnu.so
[14.403s] -- Installing: /home/brown/Projects/MiningRobot/ros2_workspace/install/ouster_msgs/lib/python3.11/site-packages/ouster_msgs/ouster_msgs_s__rosidl_typesupport_fastrtps_c.cpython-311-x86_64-linux-gnu.so
[14.403s] -- Installing: /home/brown/Projects/MiningRobot/ros2_workspace/install/ouster_msgs/lib/python3.11/site-packages/ouster_msgs/ouster_msgs_s__rosidl_typesupport_c.cpython-311-x86_64-linux-gnu.so
[14.502s] Listing '/home/brown/Projects/MiningRobot/ros2_workspace/install/ouster_msgs/lib/python3.11/site-packages/ouster_msgs'...
[14.502s] Compiling '/home/brown/Projects/MiningRobot/ros2_workspace/install/ouster_msgs/lib/python3.11/site-packages/ouster_msgs/__init__.py'...
[14.502s] Listing '/home/brown/Projects/MiningRobot/ros2_workspace/install/ouster_msgs/lib/python3.11/site-packages/ouster_msgs/msg'...
[14.502s] Compiling '/home/brown/Projects/MiningRobot/ros2_workspace/install/ouster_msgs/lib/python3.11/site-packages/ouster_msgs/msg/__init__.py'...
[14.503s] Compiling '/home/brown/Projects/MiningRobot/ros2_workspace/install/ouster_msgs/lib/python3.11/site-packages/ouster_msgs/msg/_metadata.py'...
[14.503s] Listing '/home/brown/Projects/MiningRobot/ros2_workspace/install/ouster_msgs/lib/python3.11/site-packages/ouster_msgs/srv'...
[14.503s] Compiling '/home/brown/Projects/MiningRobot/ros2_workspace/install/ouster_msgs/lib/python3.11/site-packages/ouster_msgs/srv/__init__.py'...
[14.503s] Compiling '/home/brown/Projects/MiningRobot/ros2_workspace/install/ouster_msgs/lib/python3.11/site-packages/ouster_msgs/srv/_get_metadata.py'...
[14.512s] -- Installing: /home/brown/Projects/MiningRobot/ros2_workspace/install/ouster_msgs/lib/python3.11/site-packages/ouster_msgs/ouster_msgs_s__rosidl_typesupport_fastrtps_c.cpython-311-x86_64-linux-gnu.so
[14.512s] -- Set runtime path of "/home/brown/Projects/MiningRobot/ros2_workspace/install/ouster_msgs/lib/python3.11/site-packages/ouster_msgs/ouster_msgs_s__rosidl_typesupport_fastrtps_c.cpython-311-x86_64-linux-gnu.so" to ""
[14.512s] -- Installing: /home/brown/Projects/MiningRobot/ros2_workspace/install/ouster_msgs/lib/python3.11/site-packages/ouster_msgs/ouster_msgs_s__rosidl_typesupport_introspection_c.cpython-311-x86_64-linux-gnu.so
[14.513s] -- Set runtime path of "/home/brown/Projects/MiningRobot/ros2_workspace/install/ouster_msgs/lib/python3.11/site-packages/ouster_msgs/ouster_msgs_s__rosidl_typesupport_introspection_c.cpython-311-x86_64-linux-gnu.so" to ""
[14.513s] -- Installing: /home/brown/Projects/MiningRobot/ros2_workspace/install/ouster_msgs/lib/python3.11/site-packages/ouster_msgs/ouster_msgs_s__rosidl_typesupport_c.cpython-311-x86_64-linux-gnu.so
[14.514s] -- Set runtime path of "/home/brown/Projects/MiningRobot/ros2_workspace/install/ouster_msgs/lib/python3.11/site-packages/ouster_msgs/ouster_msgs_s__rosidl_typesupport_c.cpython-311-x86_64-linux-gnu.so" to ""
[14.515s] -- Installing: /home/brown/Projects/MiningRobot/ros2_workspace/install/ouster_msgs/lib/libouster_msgs__rosidl_generator_py.so
[14.516s] -- Set runtime path of "/home/brown/Projects/MiningRobot/ros2_workspace/install/ouster_msgs/lib/libouster_msgs__rosidl_generator_py.so" to ""
[14.516s] -- Up-to-date: /home/brown/Projects/MiningRobot/ros2_workspace/install/ouster_msgs/share/ouster_msgs/srv/GetMetadata.idl
[14.517s] -- Up-to-date: /home/brown/Projects/MiningRobot/ros2_workspace/install/ouster_msgs/share/ouster_msgs/msg/Metadata.idl
[14.517s] -- Installing: /home/brown/Projects/MiningRobot/ros2_workspace/install/ouster_msgs/share/ouster_msgs/srv/GetMetadata.srv
[14.517s] -- Up-to-date: /home/brown/Projects/MiningRobot/ros2_workspace/install/ouster_msgs/share/ouster_msgs/srv/GetMetadata_Request.msg
[14.517s] -- Up-to-date: /home/brown/Projects/MiningRobot/ros2_workspace/install/ouster_msgs/share/ouster_msgs/srv/GetMetadata_Response.msg
[14.517s] -- Installing: /home/brown/Projects/MiningRobot/ros2_workspace/install/ouster_msgs/share/ouster_msgs/msg/Metadata.msg
[14.518s] -- Up-to-date: /home/brown/Projects/MiningRobot/ros2_workspace/install/ouster_msgs/share/ament_index/resource_index/package_run_dependencies/ouster_msgs
[14.518s] -- Installing: /home/brown/Projects/MiningRobot/ros2_workspace/install/ouster_msgs/share/ament_index/resource_index/parent_prefix_path/ouster_msgs
[14.518s] -- Installing: /home/brown/Projects/MiningRobot/ros2_workspace/install/ouster_msgs/share/ouster_msgs/environment/ament_prefix_path.sh
[14.519s] -- Installing: /home/brown/Projects/MiningRobot/ros2_workspace/install/ouster_msgs/share/ouster_msgs/environment/ament_prefix_path.dsv
[14.519s] -- Installing: /home/brown/Projects/MiningRobot/ros2_workspace/install/ouster_msgs/share/ouster_msgs/environment/path.sh
[14.519s] -- Installing: /home/brown/Projects/MiningRobot/ros2_workspace/install/ouster_msgs/share/ouster_msgs/environment/path.dsv
[14.520s] -- Up-to-date: /home/brown/Projects/MiningRobot/ros2_workspace/install/ouster_msgs/share/ouster_msgs/local_setup.bash
[14.520s] -- Up-to-date: /home/brown/Projects/MiningRobot/ros2_workspace/install/ouster_msgs/share/ouster_msgs/local_setup.sh
[14.520s] -- Up-to-date: /home/brown/Projects/MiningRobot/ros2_workspace/install/ouster_msgs/share/ouster_msgs/local_setup.zsh
[14.520s] -- Installing: /home/brown/Projects/MiningRobot/ros2_workspace/install/ouster_msgs/share/ouster_msgs/local_setup.dsv
[14.521s] -- Installing: /home/brown/Projects/MiningRobot/ros2_workspace/install/ouster_msgs/share/ouster_msgs/package.dsv
[14.521s] -- Up-to-date: /home/brown/Projects/MiningRobot/ros2_workspace/install/ouster_msgs/share/ament_index/resource_index/packages/ouster_msgs
[14.521s] -- Installing: /home/brown/Projects/MiningRobot/ros2_workspace/install/ouster_msgs/share/ouster_msgs/cmake/export_ouster_msgs__rosidl_generator_cExport.cmake
[14.521s] -- Installing: /home/brown/Projects/MiningRobot/ros2_workspace/install/ouster_msgs/share/ouster_msgs/cmake/export_ouster_msgs__rosidl_generator_cExport-noconfig.cmake
[14.521s] -- Installing: /home/brown/Projects/MiningRobot/ros2_workspace/install/ouster_msgs/share/ouster_msgs/cmake/export_ouster_msgs__rosidl_typesupport_fastrtps_cExport.cmake
[14.522s] -- Installing: /home/brown/Projects/MiningRobot/ros2_workspace/install/ouster_msgs/share/ouster_msgs/cmake/export_ouster_msgs__rosidl_typesupport_fastrtps_cExport-noconfig.cmake
[14.522s] -- Installing: /home/brown/Projects/MiningRobot/ros2_workspace/install/ouster_msgs/share/ouster_msgs/cmake/export_ouster_msgs__rosidl_generator_cppExport.cmake
[14.523s] -- Installing: /home/brown/Projects/MiningRobot/ros2_workspace/install/ouster_msgs/share/ouster_msgs/cmake/export_ouster_msgs__rosidl_typesupport_fastrtps_cppExport.cmake
[14.523s] -- Installing: /home/brown/Projects/MiningRobot/ros2_workspace/install/ouster_msgs/share/ouster_msgs/cmake/export_ouster_msgs__rosidl_typesupport_fastrtps_cppExport-noconfig.cmake
[14.523s] -- Installing: /home/brown/Projects/MiningRobot/ros2_workspace/install/ouster_msgs/share/ouster_msgs/cmake/ouster_msgs__rosidl_typesupport_introspection_cExport.cmake
[14.523s] -- Installing: /home/brown/Projects/MiningRobot/ros2_workspace/install/ouster_msgs/share/ouster_msgs/cmake/ouster_msgs__rosidl_typesupport_introspection_cExport-noconfig.cmake
[14.524s] -- Installing: /home/brown/Projects/MiningRobot/ros2_workspace/install/ouster_msgs/share/ouster_msgs/cmake/ouster_msgs__rosidl_typesupport_cExport.cmake
[14.524s] -- Installing: /home/brown/Projects/MiningRobot/ros2_workspace/install/ouster_msgs/share/ouster_msgs/cmake/ouster_msgs__rosidl_typesupport_cExport-noconfig.cmake
[14.525s] -- Installing: /home/brown/Projects/MiningRobot/ros2_workspace/install/ouster_msgs/share/ouster_msgs/cmake/ouster_msgs__rosidl_typesupport_introspection_cppExport.cmake
[14.525s] -- Installing: /home/brown/Projects/MiningRobot/ros2_workspace/install/ouster_msgs/share/ouster_msgs/cmake/ouster_msgs__rosidl_typesupport_introspection_cppExport-noconfig.cmake
[14.525s] -- Installing: /home/brown/Projects/MiningRobot/ros2_workspace/install/ouster_msgs/share/ouster_msgs/cmake/ouster_msgs__rosidl_typesupport_cppExport.cmake
[14.526s] -- Installing: /home/brown/Projects/MiningRobot/ros2_workspace/install/ouster_msgs/share/ouster_msgs/cmake/ouster_msgs__rosidl_typesupport_cppExport-noconfig.cmake
[14.526s] -- Installing: /home/brown/Projects/MiningRobot/ros2_workspace/install/ouster_msgs/share/ouster_msgs/cmake/export_ouster_msgs__rosidl_generator_pyExport.cmake
[14.527s] -- Installing: /home/brown/Projects/MiningRobot/ros2_workspace/install/ouster_msgs/share/ouster_msgs/cmake/export_ouster_msgs__rosidl_generator_pyExport-noconfig.cmake
[14.527s] -- Up-to-date: /home/brown/Projects/MiningRobot/ros2_workspace/install/ouster_msgs/share/ouster_msgs/cmake/rosidl_cmake-extras.cmake
[14.527s] -- Up-to-date: /home/brown/Projects/MiningRobot/ros2_workspace/install/ouster_msgs/share/ouster_msgs/cmake/ament_cmake_export_dependencies-extras.cmake
[14.527s] -- Up-to-date: /home/brown/Projects/MiningRobot/ros2_workspace/install/ouster_msgs/share/ouster_msgs/cmake/ament_cmake_export_include_directories-extras.cmake
[14.528s] -- Up-to-date: /home/brown/Projects/MiningRobot/ros2_workspace/install/ouster_msgs/share/ouster_msgs/cmake/ament_cmake_export_libraries-extras.cmake
[14.528s] -- Up-to-date: /home/brown/Projects/MiningRobot/ros2_workspace/install/ouster_msgs/share/ouster_msgs/cmake/ament_cmake_export_targets-extras.cmake
[14.528s] -- Up-to-date: /home/brown/Projects/MiningRobot/ros2_workspace/install/ouster_msgs/share/ouster_msgs/cmake/rosidl_cmake_export_typesupport_targets-extras.cmake
[14.528s] -- Up-to-date: /home/brown/Projects/MiningRobot/ros2_workspace/install/ouster_msgs/share/ouster_msgs/cmake/rosidl_cmake_export_typesupport_libraries-extras.cmake
[14.528s] -- Up-to-date: /home/brown/Projects/MiningRobot/ros2_workspace/install/ouster_msgs/share/ouster_msgs/cmake/ouster_msgsConfig.cmake
[14.528s] -- Up-to-date: /home/brown/Projects/MiningRobot/ros2_workspace/install/ouster_msgs/share/ouster_msgs/cmake/ouster_msgsConfig-version.cmake
[14.528s] -- Installing: /home/brown/Projects/MiningRobot/ros2_workspace/install/ouster_msgs/share/ouster_msgs/package.xml
[14.531s] Invoked command in '/home/brown/Projects/MiningRobot/ros2_workspace/build/ouster_msgs' returned '0': _=/usr/bin/env /usr/bin/cmake --install /home/brown/Projects/MiningRobot/ros2_workspace/build/ouster_msgs
