[0.072s] Invoking command in '/home/brown/Projects/MiningRobot/autonomy/ros2_workspace/build/pcl_msgs': _=/usr/bin/env /usr/bin/cmake /home/brown/Projects/MiningRobot/autonomy/ros2_workspace/src/pcl_msgs -DCMAKE_INSTALL_PREFIX=/home/brown/Projects/MiningRobot/autonomy/ros2_workspace/install/pcl_msgs
[0.173s] -- The C compiler identification is GNU 13.2.1
[0.321s] -- The CXX compiler identification is GNU 13.2.1
[0.351s] -- Detecting C compiler ABI info
[0.464s] -- Detecting C compiler ABI info - done
[0.477s] -- Check for working C compiler: /usr/bin/cc - skipped
[0.477s] -- Detecting C compile features
[0.478s] -- Detecting C compile features - done
[0.501s] -- Detecting CXX compiler ABI info
[0.697s] -- Detecting CXX compiler ABI info - done
[0.718s] -- Check for working CXX compiler: /usr/bin/c++ - skipped
[0.719s] -- Detecting CXX compile features
[0.720s] -- Detecting CXX compile features - done
[0.746s] [31mCMake Error at CMakeLists.txt:13 (find_package):
[0.746s]   By not providing "Findament_cmake.cmake" in CMAKE_MODULE_PATH this project
[0.746s]   has asked CMake to find a package configuration file provided by
[0.747s]   "ament_cmake", but CMake did not find one.
[0.747s] 
[0.747s]   Could not find a package configuration file provided by "ament_cmake" with
[0.747s]   any of the following names:
[0.747s] 
[0.747s]     ament_cmakeConfig.cmake
[0.747s]     ament_cmake-config.cmake
[0.748s] 
[0.748s]   Add the installation prefix of "ament_cmake" to CMAKE_PREFIX_PATH or set
[0.748s]   "ament_cmake_DIR" to a directory containing one of the above files.  If
[0.748s]   "ament_cmake" provides a separate development package or SDK, be sure it
[0.748s]   has been installed.
[0.748s] 
[0.748s] [0m
[0.749s] -- Configuring incomplete, errors occurred!
[0.755s] Invoked command in '/home/brown/Projects/MiningRobot/autonomy/ros2_workspace/build/pcl_msgs' returned '1': _=/usr/bin/env /usr/bin/cmake /home/brown/Projects/MiningRobot/autonomy/ros2_workspace/src/pcl_msgs -DCMAKE_INSTALL_PREFIX=/home/brown/Projects/MiningRobot/autonomy/ros2_workspace/install/pcl_msgs
