[0.000000] (-) TimerEvent: {}
[0.000548] (-) JobUnselected: {'identifier': 'ouster_msgs'}
[0.000623] (-) JobUnselected: {'identifier': 'pcl_conversions'}
[0.000691] (-) JobUnselected: {'identifier': 'pcl_msgs'}
[0.000759] (-) JobUnselected: {'identifier': 'pcl_ros'}
[0.001012] (-) JobUnselected: {'identifier': 'perception_pcl'}
[0.001139] (-) JobUnselected: {'identifier': 'ros2_ouster'}
[0.001218] (aurora_core) JobQueued: {'identifier': 'aurora_core', 'dependencies': OrderedDict([('ouster_msgs', '/home/brown/Projects/MiningRobot/ros2_workspace/install/ouster_msgs'), ('pcl_msgs', '/home/brown/Projects/MiningRobot/ros2_workspace/install/pcl_msgs'), ('pcl_conversions', '/home/brown/Projects/MiningRobot/ros2_workspace/install/pcl_conversions'), ('ros2_ouster', '/home/brown/Projects/MiningRobot/ros2_workspace/install/ros2_ouster')])}
[0.001398] (aurora_core) JobStarted: {'identifier': 'aurora_core'}
[0.098875] (-) TimerEvent: {}
[0.174999] (aurora_core) JobProgress: {'identifier': 'aurora_core', 'progress': 'cmake'}
[0.176468] (aurora_core) JobProgress: {'identifier': 'aurora_core', 'progress': 'build'}
[0.178054] (aurora_core) Command: {'cmd': ['/usr/bin/cmake', '--build', '/home/brown/Projects/MiningRobot/ros2_workspace/build/aurora_core', '--', '-j4', '-l4'], 'cwd': '/home/brown/Projects/MiningRobot/ros2_workspace/build/aurora_core', 'env': OrderedDict([('SHELL', '/bin/bash'), ('ROS_VERSION', '2'), ('WINDOWID', '1'), ('COLORTERM', 'truecolor'), ('XDG_CONFIG_DIRS', '/home/brown/.config/kdedefaults:/etc/xdg'), ('KGLOBALACCELD_PLATFORM', 'org.kde.kwin'), ('TERM_PROGRAM_VERSION', '3.3a'), ('TMUX', '/tmp/tmux-1000/default,1806,0'), ('PKG_CONFIG_PATH', '/opt/ros/humble/lib/pkgconfig'), ('ROS_PYTHON_VERSION', '3'), ('LANGUAGE', ''), ('SHELL_SESSION_ID', 'adab33755f16428db603933a933b68e7'), ('MEMORY_PRESSURE_WRITE', 'c29tZSAyMDAwMDAgMjAwMDAwMAA='), ('XCURSOR_SIZE', '24'), ('EDITOR', '/usr/bin/nvim'), ('XDG_SEAT', 'seat0'), ('PWD', '/home/brown/Projects/MiningRobot/ros2_workspace/build/aurora_core'), ('LOGNAME', 'brown'), ('XDG_SESSION_TYPE', 'wayland'), ('SYSTEMD_EXEC_PID', '506'), ('XAUTHORITY', '/run/user/1000/xauth_qwjjoz'), ('MOTD_SHOWN', 'pam'), ('HOME', '/home/brown'), ('LANG', 'C.UTF-8'), ('XDG_CURRENT_DESKTOP', 'KDE'), ('KONSOLE_DBUS_SERVICE', ':1.86'), ('MEMORY_PRESSURE_WATCH', '/sys/fs/cgroup/user.slice/user-1000.slice/user@1000.service/session.slice/plasma-kwin_wayland.service/memory.pressure'), ('WAYLAND_DISPLAY', 'wayland-0'), ('KONSOLE_DBUS_SESSION', '/Sessions/2'), ('PROFILEHOME', ''), ('AMENT_PREFIX_PATH', '/home/brown/Projects/MiningRobot/ros2_workspace/install/aurora_core:/home/brown/Projects/MiningRobot/ros2_workspace/install/ros2_ouster:/home/brown/Projects/MiningRobot/ros2_workspace/install/perception_pcl:/home/brown/Projects/MiningRobot/ros2_workspace/install/pcl_ros:/home/brown/Projects/MiningRobot/ros2_workspace/install/pcl_conversions:/home/brown/Projects/MiningRobot/ros2_workspace/install/pcl_msgs:/home/brown/Projects/MiningRobot/ros2_workspace/install/ouster_msgs:/opt/ros/humble'), ('CMAKE_PREFIX_PATH', '/home/brown/Projects/MiningRobot/ros2_workspace/install/ros2_ouster:/home/brown/Projects/MiningRobot/ros2_workspace/install/pcl_conversions:/home/brown/Projects/MiningRobot/ros2_workspace/install/pcl_msgs:/home/brown/Projects/MiningRobot/ros2_workspace/install/ouster_msgs:/home/brown/Projects/MiningRobot/ros2_workspace/install/aurora_core:/home/brown/Projects/MiningRobot/ros2_workspace/install/perception_pcl:/home/brown/Projects/MiningRobot/ros2_workspace/install/pcl_ros:/opt/ros/humble'), ('COLCON_PREFIX_PATH', '/home/brown/Projects/MiningRobot/ros2_workspace/install:/opt/ros/humble'), ('INVOCATION_ID', '0451ff8a5b7f45339296dc187b8cbfb5'), ('KONSOLE_VERSION', '230801'), ('MANAGERPID', '465'), ('KDE_SESSION_UID', '1000'), ('XDG_ACTIVATION_TOKEN', 'kwin-2'), ('XDG_SESSION_CLASS', 'user'), ('PYTHONPATH', '/home/brown/Projects/MiningRobot/ros2_workspace/install/pcl_msgs/lib/python3.11/site-packages:/home/brown/Projects/MiningRobot/ros2_workspace/install/ouster_msgs/lib/python3.11/site-packages:/home/brown/.cache/yay/ros2-humble/src/install/lib/python3.11/dist-packages:/opt/ros/humble/lib/python3.11/site-packages'), ('COLCON', '1'), ('TERM', 'xterm-256color'), ('USER', 'brown'), ('TMUX_PANE', '%6'), ('CUDA_PATH', '/opt/cuda'), ('COLORFGBG', '15;0'), ('PLASMA_USE_QT_SCALING', '1'), ('KDE_SESSION_VERSION', '5'), ('QT_WAYLAND_FORCE_DPI', '96'), ('DISPLAY', ':0'), ('SHLVL', '3'), ('XDG_VTNR', '1'), ('XDG_SESSION_ID', '1'), ('LD_LIBRARY_PATH', '/home/brown/Projects/MiningRobot/ros2_workspace/install/ros2_ouster/lib:/home/brown/Projects/MiningRobot/ros2_workspace/install/pcl_msgs/lib:/home/brown/Projects/MiningRobot/ros2_workspace/install/ouster_msgs/lib:/home/brown/Projects/MiningRobot/ros2_workspace/install/pcl_ros/lib:/opt/ros/humble/opt/yaml_cpp_vendor/lib:/opt/ros/humble/opt/rviz_ogre_vendor/lib:/opt/ros/humble/lib'), ('XDG_RUNTIME_DIR', '/run/user/1000'), ('ROS_LOCALHOST_ONLY', '0'), ('DEBUGINFOD_URLS', 'https://debuginfod.archlinux.org'), ('QT_AUTO_SCREEN_SCALE_FACTOR', '0'), ('JOURNAL_STREAM', '8:14885'), ('XCURSOR_THEME', 'breeze_cursors'), ('XDG_DATA_DIRS', '/home/brown/.local/share/flatpak/exports/share:/var/lib/flatpak/exports/share:/usr/local/share/:/usr/share/'), ('KDE_FULL_SESSION', 'true'), ('QSG_RENDER_LOOP', 'basic'), ('PATH', '/opt/ros/humble/bin:/home/brown/.local/bin:/home/brown/.local/bin:/home/brown/.local/bin:/usr/local/sbin:/usr/local/bin:/usr/bin:/opt/cuda/bin:/opt/cuda/nsight_compute:/opt/cuda/nsight_systems/bin:/var/lib/flatpak/exports/bin:/usr/lib/jvm/default/bin:/usr/bin/site_perl:/usr/bin/vendor_perl:/usr/bin/core_perl:/opt/cuda/bin:/opt/cuda/nsight_compute:/opt/cuda/nsight_systems/bin'), ('DBUS_SESSION_BUS_ADDRESS', 'unix:path=/run/user/1000/bus'), ('KDE_APPLICATIONS_AS_SCOPE', '1'), ('MAIL', '/var/spool/mail/brown'), ('ROS_DISTRO', 'humble'), ('OLDPWD', '/home/brown/Projects/MiningRobot/ros2_workspace/aurora_core_sl'), ('TERM_PROGRAM', 'tmux'), ('KONSOLE_DBUS_WINDOW', '/Windows/1'), ('_', '/usr/bin/env')]), 'shell': False}
[0.199004] (-) TimerEvent: {}
[0.286742] (aurora_core) StdoutLine: {'line': b'[ 50%] \x1b[32mBuilding CXX object CMakeFiles/aurora_node_core.dir/src/aurora_node_core.cpp.o\x1b[0m\n'}
[0.299149] (-) TimerEvent: {}
[0.399645] (-) TimerEvent: {}
[0.500049] (-) TimerEvent: {}
[0.600448] (-) TimerEvent: {}
[0.700933] (-) TimerEvent: {}
[0.801334] (-) TimerEvent: {}
[0.901727] (-) TimerEvent: {}
[1.002110] (-) TimerEvent: {}
[1.102547] (-) TimerEvent: {}
[1.203104] (-) TimerEvent: {}
[1.303532] (-) TimerEvent: {}
[1.404000] (-) TimerEvent: {}
[1.504368] (-) TimerEvent: {}
[1.604725] (-) TimerEvent: {}
[1.705066] (-) TimerEvent: {}
[1.805421] (-) TimerEvent: {}
[1.905761] (-) TimerEvent: {}
[2.006122] (-) TimerEvent: {}
[2.106533] (-) TimerEvent: {}
[2.206962] (-) TimerEvent: {}
[2.307450] (-) TimerEvent: {}
[2.407814] (-) TimerEvent: {}
[2.508174] (-) TimerEvent: {}
[2.608539] (-) TimerEvent: {}
[2.708911] (-) TimerEvent: {}
[2.809283] (-) TimerEvent: {}
[2.909645] (-) TimerEvent: {}
[3.010019] (-) TimerEvent: {}
[3.110423] (-) TimerEvent: {}
[3.210785] (-) TimerEvent: {}
[3.311149] (-) TimerEvent: {}
[3.411538] (-) TimerEvent: {}
[3.511916] (-) TimerEvent: {}
[3.612298] (-) TimerEvent: {}
[3.712647] (-) TimerEvent: {}
[3.812984] (-) TimerEvent: {}
[3.913328] (-) TimerEvent: {}
[4.013674] (-) TimerEvent: {}
[4.114034] (-) TimerEvent: {}
[4.156356] (aurora_core) StderrLine: {'line': b'\x1b[01m\x1b[K/home/brown/Projects/MiningRobot/ros2_workspace/src/aurora_core/src/aurora_node_core.cpp:\x1b[m\x1b[K In constructor \xe2\x80\x98\x1b[01m\x1b[Kaurora_init::\x1b[01;32m\x1b[Kaurora_init\x1b[m\x1b[K()\x1b[m\x1b[K\xe2\x80\x99:\n'}
[4.156857] (aurora_core) StderrLine: {'line': b'\x1b[01m\x1b[K/home/brown/Projects/MiningRobot/ros2_workspace/src/aurora_core/src/aurora_node_core.cpp:11:38:\x1b[m\x1b[K \x1b[01;31m\x1b[Kerror: \x1b[m\x1b[Kcannot convert \xe2\x80\x98\x1b[01m\x1b[Kconst char*\x1b[m\x1b[K\xe2\x80\x99 to \xe2\x80\x98\x1b[01m\x1b[Kchar**\x1b[m\x1b[K\xe2\x80\x99 in initialization\n'}
[4.157093] (aurora_core) StderrLine: {'line': b'   11 |         int argc = 0; char ** argv = \x1b[01;31m\x1b[K""\x1b[m\x1b[K;\n'}
[4.157325] (aurora_core) StderrLine: {'line': b'      |                                      \x1b[01;31m\x1b[K^~\x1b[m\x1b[K\n'}
[4.157505] (aurora_core) StderrLine: {'line': b'      |                                      \x1b[01;31m\x1b[K|\x1b[m\x1b[K\n'}
[4.157677] (aurora_core) StderrLine: {'line': b'      |                                      \x1b[01;31m\x1b[Kconst char*\x1b[m\x1b[K\n'}
[4.214154] (-) TimerEvent: {}
[4.314494] (-) TimerEvent: {}
[4.414838] (-) TimerEvent: {}
[4.515186] (-) TimerEvent: {}
[4.615530] (-) TimerEvent: {}
[4.715873] (-) TimerEvent: {}
[4.816198] (-) TimerEvent: {}
[4.916552] (-) TimerEvent: {}
[5.016897] (-) TimerEvent: {}
[5.117237] (-) TimerEvent: {}
[5.217585] (-) TimerEvent: {}
[5.317925] (-) TimerEvent: {}
[5.409117] (aurora_core) StderrLine: {'line': b'make[2]: *** [CMakeFiles/aurora_node_core.dir/build.make:76: CMakeFiles/aurora_node_core.dir/src/aurora_node_core.cpp.o] Error 1\n'}
[5.409515] (aurora_core) StderrLine: {'line': b'make[1]: *** [CMakeFiles/Makefile2:137: CMakeFiles/aurora_node_core.dir/all] Error 2\n'}
[5.409811] (aurora_core) StderrLine: {'line': b'make: *** [Makefile:146: all] Error 2\n'}
[5.412280] (aurora_core) CommandEnded: {'returncode': 2}
[5.418037] (-) TimerEvent: {}
[5.518473] (-) TimerEvent: {}
[5.618945] (-) TimerEvent: {}
[5.640947] (aurora_core) JobEnded: {'identifier': 'aurora_core', 'rc': 2}
[5.651721] (-) EventReactorShutdown: {}
